#
# There is insufficient memory for the Java Runtime Environment to continue.
# Native memory allocation (mmap) failed to map 54525952 bytes for committing reserved memory.
# Possible reasons:
#   The system is out of physical RAM or swap space
#   In 32 bit mode, the process size limit was hit
# Possible solutions:
#   Reduce memory load on the system
#   Increase physical memory or swap space
#   Check if swap backing store is full
#   Use 64 bit Java on a 64 bit OS
#   Decrease Java heap size (-Xmx/-Xms)
#   Decrease number of Java threads
#   Decrease Java thread stack sizes (-Xss)
#   Set larger code cache with -XX:ReservedCodeCacheSize=
# This output file may be truncated or incomplete.
#
#  Out of Memory Error (os_linux.cpp:2643), pid=124843, tid=0x00007f6f2e203700
#
# JRE version: OpenJDK Runtime Environment (8.0_181-b13) (build 1.8.0_181-8u181-b13-1ubuntu0.16.04.1-b13)
# Java VM: OpenJDK 64-Bit Server VM (25.181-b13 mixed mode linux-amd64 compressed oops)
# Failed to write core dump. Core dumps have been disabled. To enable core dumping, try "ulimit -c unlimited" before starting Java again
#

---------------  T H R E A D  ---------------

Current thread (0x00007f6f400fb800):  VMThread [stack: 0x00007f6f2e103000,0x00007f6f2e204000] [id=124847]

Stack: [0x00007f6f2e103000,0x00007f6f2e204000],  sp=0x00007f6f2e2024a0,  free space=1021k
Native frames: (J=compiled Java code, j=interpreted, Vv=VM code, C=native code)
V  [libjvm.so+0xa70f1b]
V  [libjvm.so+0x4c893c]
V  [libjvm.so+0x8bda48]
V  [libjvm.so+0x8b7dde]
V  [libjvm.so+0x933246]
V  [libjvm.so+0x934573]
V  [libjvm.so+0x930c3b]
V  [libjvm.so+0x929a69]
V  [libjvm.so+0x44c943]
V  [libjvm.so+0xa724a9]
V  [libjvm.so+0xa77d67]
V  [libjvm.so+0xa75467]
V  [libjvm.so+0xa768ef]
V  [libjvm.so+0xa76de1]
V  [libjvm.so+0x8bae52]

VM_Operation (0x00007f6f4751e9d0): CollectForMetadataAllocation, mode: safepoint, requested by thread 0x00007f6f4000a800


---------------  P R O C E S S  ---------------

Java Threads: ( => current thread )
  0x00007f6f4036b800 JavaThread "pool-2-thread-6" daemon [_thread_blocked, id=124867, stack(0x00007f6f2c5d6000,0x00007f6f2c6d7000)]
  0x00007f6f40369800 JavaThread "pool-2-thread-5" daemon [_thread_blocked, id=124866, stack(0x00007f6f2c6d7000,0x00007f6f2c7d8000)]
  0x00007f6f40368000 JavaThread "pool-2-thread-4" daemon [_thread_blocked, id=124865, stack(0x00007f6f2c7d8000,0x00007f6f2c8d9000)]
  0x00007f6f40366800 JavaThread "pool-2-thread-3" daemon [_thread_blocked, id=124864, stack(0x00007f6f2c8d9000,0x00007f6f2c9da000)]
  0x00007f6f40365800 JavaThread "pool-2-thread-2" daemon [_thread_blocked, id=124863, stack(0x00007f6f2cbdc000,0x00007f6f2ccdd000)]
  0x00007f6f40364800 JavaThread "pool-2-thread-1" daemon [_thread_blocked, id=124862, stack(0x00007f6f2cadb000,0x00007f6f2cbdc000)]
  0x00007f6f40341000 JavaThread "process reaper" daemon [_thread_blocked, id=124857, stack(0x00007f6f2ccdd000,0x00007f6f2cd16000)]
  0x00007f6f40149800 JavaThread "Service Thread" daemon [_thread_blocked, id=124853, stack(0x00007f6f2d0d5000,0x00007f6f2d1d6000)]
  0x00007f6f4013e800 JavaThread "C1 CompilerThread1" daemon [_thread_blocked, id=124852, stack(0x00007f6f2d1d6000,0x00007f6f2d2d7000)]
  0x00007f6f4013b800 JavaThread "C2 CompilerThread0" daemon [_thread_blocked, id=124851, stack(0x00007f6f2d2d7000,0x00007f6f2d3d8000)]
  0x00007f6f4013a000 JavaThread "Signal Dispatcher" daemon [_thread_blocked, id=124850, stack(0x00007f6f2d3d8000,0x00007f6f2d4d9000)]
  0x00007f6f40107800 JavaThread "Finalizer" daemon [_thread_blocked, id=124849, stack(0x00007f6f2df01000,0x00007f6f2e002000)]
  0x00007f6f40105000 JavaThread "Reference Handler" daemon [_thread_blocked, id=124848, stack(0x00007f6f2e002000,0x00007f6f2e103000)]
  0x00007f6f4000a800 JavaThread "main" [_thread_blocked, id=124844, stack(0x00007f6f47424000,0x00007f6f47525000)]

Other Threads:
=>0x00007f6f400fb800 VMThread [stack: 0x00007f6f2e103000,0x00007f6f2e204000] [id=124847]
  0x00007f6f4014c000 WatcherThread [stack: 0x00007f6f2cfd4000,0x00007f6f2d0d5000] [id=124854]

VM state:at safepoint (normal execution)

VM Mutex/Monitor currently owned by a thread:  ([mutex/lock_event])
[0x00007f6f40006f80] Threads_lock - owner thread: 0x00007f6f400fb800
[0x00007f6f40007480] Heap_lock - owner thread: 0x00007f6f4000a800

Heap:
 PSYoungGen      total 53248K, used 4068K [0x00000000f0600000, 0x00000000f3e00000, 0x0000000100000000)
  eden space 49152K, 0% used [0x00000000f0600000,0x00000000f0600000,0x00000000f3600000)
  from space 4096K, 99% used [0x00000000f3600000,0x00000000f39f92d8,0x00000000f3a00000)
  to   space 4096K, 0% used [0x00000000f3a00000,0x00000000f3a00000,0x00000000f3e00000)
 ParOldGen       total 32768K, used 7985K [0x00000000d1200000, 0x00000000d3200000, 0x00000000f0600000)
  object space 32768K, 24% used [0x00000000d1200000,0x00000000d19cc440,0x00000000d3200000)
 Metaspace       used 20870K, capacity 21166K, committed 21248K, reserved 1067008K
  class space    used 3451K, capacity 3577K, committed 3584K, reserved 1048576K

Card table byte_map: [0x00007f6f308bf000,0x00007f6f30a37000] byte_map_base: 0x00007f6f30236000

Marking Bits: (ParMarkBitMap*) 0x00007f6f466f43a0
 Begin Bits: [0x00007f6f2ee53000, 0x00007f6f2fa0b000)
 End Bits:   [0x00007f6f2fa0b000, 0x00007f6f305c3000)

Polling page: 0x00007f6f47548000

CodeCache: size=245760Kb used=6078Kb max_used=6078Kb free=239681Kb
 bounds [0x00007f6f30df7000, 0x00007f6f313f7000, 0x00007f6f3fdf7000]
 total_blobs=2716 nmethods=2319 adapters=311
 compilation: enabled

Compilation events (10 events):
Event: 12.595 Thread 0x00007f6f4013e800 2487       3       java.lang.String::lastIndexOf (25 bytes)
Event: 12.595 Thread 0x00007f6f4013e800 nmethod 2487 0x00007f6f313e6990 code [0x00007f6f313e6b00, 0x00007f6f313e6ca8]
Event: 12.595 Thread 0x00007f6f4013e800 2488       3       java.lang.String::lastIndexOf (11 bytes)
Event: 12.595 Thread 0x00007f6f4013e800 nmethod 2488 0x00007f6f313e6dd0 code [0x00007f6f313e6f40, 0x00007f6f313e71c8]
Event: 12.663 Thread 0x00007f6f4013b800 2489       4       java.lang.AbstractStringBuilder::newCapacity (39 bytes)
Event: 12.664 Thread 0x00007f6f4013b800 nmethod 2489 0x00007f6f313eb3d0 code [0x00007f6f313eb520, 0x00007f6f313eb5f8]
Event: 12.690 Thread 0x00007f6f4013e800 2491       3       sun.misc.ASCIICaseInsensitiveComparator::compare (126 bytes)
Event: 12.708 Thread 0x00007f6f4013e800 nmethod 2491 0x00007f6f313e89d0 code [0x00007f6f313e8be0, 0x00007f6f313e97d8]
Event: 12.726 Thread 0x00007f6f4013b800 2492   !   4       java.util.zip.ZipFile$ZipFileInflaterInputStream::close (67 bytes)
Event: 12.730 Thread 0x00007f6f4013e800 2494       1       scala.UniquenessCache::map (5 bytes)

GC Heap History (10 events):
Event: 1.562 GC heap after
Heap after GC invocations=2 (full 0):
 PSYoungGen      total 14336K, used 2016K [0x00000000f0600000, 0x00000000f2200000, 0x0000000100000000)
  eden space 12288K, 0% used [0x00000000f0600000,0x00000000f0600000,0x00000000f1200000)
  from space 2048K, 98% used [0x00000000f1400000,0x00000000f15f8020,0x00000000f1600000)
  to   space 2048K, 0% used [0x00000000f1200000,0x00000000f1200000,0x00000000f1400000)
 ParOldGen       total 32768K, used 1491K [0x00000000d1200000, 0x00000000d3200000, 0x00000000f0600000)
  object space 32768K, 4% used [0x00000000d1200000,0x00000000d1374db0,0x00000000d3200000)
 Metaspace       used 9748K, capacity 9982K, committed 10240K, reserved 1058816K
  class space    used 1640K, capacity 1703K, committed 1792K, reserved 1048576K
}
Event: 2.995 GC heap before
{Heap before GC invocations=3 (full 0):
 PSYoungGen      total 14336K, used 14304K [0x00000000f0600000, 0x00000000f2200000, 0x0000000100000000)
  eden space 12288K, 100% used [0x00000000f0600000,0x00000000f1200000,0x00000000f1200000)
  from space 2048K, 98% used [0x00000000f1400000,0x00000000f15f8020,0x00000000f1600000)
  to   space 2048K, 0% used [0x00000000f1200000,0x00000000f1200000,0x00000000f1400000)
 ParOldGen       total 32768K, used 1491K [0x00000000d1200000, 0x00000000d3200000, 0x00000000f0600000)
  object space 32768K, 4% used [0x00000000d1200000,0x00000000d1374db0,0x00000000d3200000)
 Metaspace       used 13037K, capacity 13234K, committed 13312K, reserved 1060864K
  class space    used 2227K, capacity 2279K, committed 2304K, reserved 1048576K
Event: 3.022 GC heap after
Heap after GC invocations=3 (full 0):
 PSYoungGen      total 14336K, used 2032K [0x00000000f0600000, 0x00000000f2200000, 0x0000000100000000)
  eden space 12288K, 0% used [0x00000000f0600000,0x00000000f0600000,0x00000000f1200000)
  from space 2048K, 99% used [0x00000000f1200000,0x00000000f13fc030,0x00000000f1400000)
  to   space 2048K, 0% used [0x00000000f2000000,0x00000000f2000000,0x00000000f2200000)
 ParOldGen       total 32768K, used 3088K [0x00000000d1200000, 0x00000000d3200000, 0x00000000f0600000)
  object space 32768K, 9% used [0x00000000d1200000,0x00000000d1504218,0x00000000d3200000)
 Metaspace       used 13037K, capacity 13234K, committed 13312K, reserved 1060864K
  class space    used 2227K, capacity 2279K, committed 2304K, reserved 1048576K
}
Event: 4.406 GC heap before
{Heap before GC invocations=4 (full 0):
 PSYoungGen      total 14336K, used 14320K [0x00000000f0600000, 0x00000000f2200000, 0x0000000100000000)
  eden space 12288K, 100% used [0x00000000f0600000,0x00000000f1200000,0x00000000f1200000)
  from space 2048K, 99% used [0x00000000f1200000,0x00000000f13fc030,0x00000000f1400000)
  to   space 2048K, 0% used [0x00000000f2000000,0x00000000f2000000,0x00000000f2200000)
 ParOldGen       total 32768K, used 3088K [0x00000000d1200000, 0x00000000d3200000, 0x00000000f0600000)
  object space 32768K, 9% used [0x00000000d1200000,0x00000000d1504218,0x00000000d3200000)
 Metaspace       used 13728K, capacity 13950K, committed 14336K, reserved 1060864K
  class space    used 2383K, capacity 2473K, committed 2560K, reserved 1048576K
Event: 4.632 GC heap after
Heap after GC invocations=4 (full 0):
 PSYoungGen      total 26624K, used 2016K [0x00000000f0600000, 0x00000000f2200000, 0x0000000100000000)
  eden space 24576K, 0% used [0x00000000f0600000,0x00000000f0600000,0x00000000f1e00000)
  from space 2048K, 98% used [0x00000000f2000000,0x00000000f21f8060,0x00000000f2200000)
  to   space 2048K, 0% used [0x00000000f1e00000,0x00000000f1e00000,0x00000000f2000000)
 ParOldGen       total 32768K, used 3687K [0x00000000d1200000, 0x00000000d3200000, 0x00000000f0600000)
  object space 32768K, 11% used [0x00000000d1200000,0x00000000d1599d00,0x00000000d3200000)
 Metaspace       used 13728K, capacity 13950K, committed 14336K, reserved 1060864K
  class space    used 2383K, capacity 2473K, committed 2560K, reserved 1048576K
}
Event: 5.834 GC heap before
{Heap before GC invocations=5 (full 0):
 PSYoungGen      total 26624K, used 26592K [0x00000000f0600000, 0x00000000f2200000, 0x0000000100000000)
  eden space 24576K, 100% used [0x00000000f0600000,0x00000000f1e00000,0x00000000f1e00000)
  from space 2048K, 98% used [0x00000000f2000000,0x00000000f21f8060,0x00000000f2200000)
  to   space 2048K, 0% used [0x00000000f1e00000,0x00000000f1e00000,0x00000000f2000000)
 ParOldGen       total 32768K, used 3687K [0x00000000d1200000, 0x00000000d3200000, 0x00000000f0600000)
  object space 32768K, 11% used [0x00000000d1200000,0x00000000d1599d00,0x00000000d3200000)
 Metaspace       used 14282K, capacity 14526K, committed 14848K, reserved 1060864K
  class space    used 2442K, capacity 2537K, committed 2560K, reserved 1048576K
Event: 5.851 GC heap after
Heap after GC invocations=5 (full 0):
 PSYoungGen      total 26624K, used 2036K [0x00000000f0600000, 0x00000000f3e00000, 0x0000000100000000)
  eden space 24576K, 0% used [0x00000000f0600000,0x00000000f0600000,0x00000000f1e00000)
  from space 2048K, 99% used [0x00000000f1e00000,0x00000000f1ffd070,0x00000000f2000000)
  to   space 4096K, 0% used [0x00000000f3a00000,0x00000000f3a00000,0x00000000f3e00000)
 ParOldGen       total 32768K, used 4303K [0x00000000d1200000, 0x00000000d3200000, 0x00000000f0600000)
  object space 32768K, 13% used [0x00000000d1200000,0x00000000d1633d30,0x00000000d3200000)
 Metaspace       used 14282K, capacity 14526K, committed 14848K, reserved 1060864K
  class space    used 2442K, capacity 2537K, committed 2560K, reserved 1048576K
}
Event: 11.773 GC heap before
{Heap before GC invocations=6 (full 0):
 PSYoungGen      total 26624K, used 26612K [0x00000000f0600000, 0x00000000f3e00000, 0x0000000100000000)
  eden space 24576K, 100% used [0x00000000f0600000,0x00000000f1e00000,0x00000000f1e00000)
  from space 2048K, 99% used [0x00000000f1e00000,0x00000000f1ffd070,0x00000000f2000000)
  to   space 4096K, 0% used [0x00000000f3a00000,0x00000000f3a00000,0x00000000f3e00000)
 ParOldGen       total 32768K, used 4303K [0x00000000d1200000, 0x00000000d3200000, 0x00000000f0600000)
  object space 32768K, 13% used [0x00000000d1200000,0x00000000d1633d30,0x00000000d3200000)
 Metaspace       used 15038K, capacity 15342K, committed 15488K, reserved 1062912K
  class space    used 2543K, capacity 2681K, committed 2688K, reserved 1048576K
Event: 11.782 GC heap after
Heap after GC invocations=6 (full 0):
 PSYoungGen      total 53248K, used 3012K [0x00000000f0600000, 0x00000000f3e00000, 0x0000000100000000)
  eden space 49152K, 0% used [0x00000000f0600000,0x00000000f0600000,0x00000000f3600000)
  from space 4096K, 73% used [0x00000000f3a00000,0x00000000f3cf1008,0x00000000f3e00000)
  to   space 4096K, 0% used [0x00000000f3600000,0x00000000f3600000,0x00000000f3a00000)
 ParOldGen       total 32768K, used 4303K [0x00000000d1200000, 0x00000000d3200000, 0x00000000f0600000)
  object space 32768K, 13% used [0x00000000d1200000,0x00000000d1633d30,0x00000000d3200000)
 Metaspace       used 15038K, capacity 15342K, committed 15488K, reserved 1062912K
  class space    used 2543K, capacity 2681K, committed 2688K, reserved 1048576K
}
Event: 12.779 GC heap before
{Heap before GC invocations=7 (full 0):
 PSYoungGen      total 53248K, used 39712K [0x00000000f0600000, 0x00000000f3e00000, 0x0000000100000000)
  eden space 49152K, 74% used [0x00000000f0600000,0x00000000f29d72e8,0x00000000f3600000)
  from space 4096K, 73% used [0x00000000f3a00000,0x00000000f3cf1008,0x00000000f3e00000)
  to   space 4096K, 0% used [0x00000000f3600000,0x00000000f3600000,0x00000000f3a00000)
 ParOldGen       total 32768K, used 4303K [0x00000000d1200000, 0x00000000d3200000, 0x00000000f0600000)
  object space 32768K, 13% used [0x00000000d1200000,0x00000000d1633d30,0x00000000d3200000)
 Metaspace       used 20870K, capacity 21166K, committed 21248K, reserved 1067008K
  class space    used 3451K, capacity 3577K, committed 3584K, reserved 1048576K

Deoptimization events (10 events):
Event: 11.557 Thread 0x00007f6f4000a800 Uncommon trap: reason=unstable_if action=reinterpret pc=0x00007f6f30f9427c method=sun.misc.URLClassPath.getLoader(I)Lsun/misc/URLClassPath$Loader; @ 36
Event: 11.706 Thread 0x00007f6f4000a800 Uncommon trap: reason=bimorphic action=maybe_recompile pc=0x00007f6f31079d10 method=java.lang.ClassLoader.loadClass(Ljava/lang/String;Z)Ljava/lang/Class; @ 38
Event: 11.706 Thread 0x00007f6f4000a800 Uncommon trap: reason=unstable_if action=reinterpret pc=0x00007f6f31079a0c method=java.lang.ClassLoader.getClassLoadingLock(Ljava/lang/String;)Ljava/lang/Object; @ 6
Event: 11.706 Thread 0x00007f6f4000a800 Uncommon trap: reason=unstable_if action=reinterpret pc=0x00007f6f3110480c method=java.util.jar.JarFile.getManEntry()Ljava/util/jar/JarEntry; @ 4
Event: 11.717 Thread 0x00007f6f4000a800 Uncommon trap: reason=unstable_if action=reinterpret pc=0x00007f6f30fdf9d4 method=sun.net.www.ParseUtil.encodePath(Ljava/lang/String;Z)Ljava/lang/String; @ 116
Event: 12.158 Thread 0x00007f6f4000a800 Uncommon trap: reason=unstable_if action=reinterpret pc=0x00007f6f30f1eb68 method=java.lang.Integer.valueOf(I)Ljava/lang/Integer; @ 3
Event: 12.198 Thread 0x00007f6f4000a800 Uncommon trap: reason=unstable_if action=reinterpret pc=0x00007f6f313456dc method=java.lang.CharacterDataLatin1.digit(II)I @ 82
Event: 12.422 Thread 0x00007f6f4000a800 Uncommon trap: reason=class_check action=maybe_recompile pc=0x00007f6f31208474 method=java.util.regex.Pattern$Slice.match(Ljava/util/regex/Matcher;ILjava/lang/CharSequence;)Z @ 75
Event: 12.428 Thread 0x00007f6f4000a800 Uncommon trap: reason=bimorphic action=maybe_recompile pc=0x00007f6f313655bc method=java.util.regex.Pattern$CharProperty.match(Ljava/util/regex/Matcher;ILjava/lang/CharSequence;)Z @ 18
Event: 12.428 Thread 0x00007f6f4000a800 Uncommon trap: reason=bimorphic action=maybe_recompile pc=0x00007f6f313655bc method=java.util.regex.Pattern$CharProperty.match(Ljava/util/regex/Matcher;ILjava/lang/CharSequence;)Z @ 18

Classes redefined (0 events):
No events

Internal exceptions (10 events):
Event: 0.442 Thread 0x00007f6f4000a800 Exception <a 'java/security/PrivilegedActionException'> (0x00000000f0684e48) thrown at [/build/openjdk-8-lTwZJE/openjdk-8-8u181-b13/src/hotspot/src/share/vm/prims/jvm.cpp, line 1435]
Event: 0.442 Thread 0x00007f6f4000a800 Exception <a 'java/security/PrivilegedActionException'> (0x00000000f0685058) thrown at [/build/openjdk-8-lTwZJE/openjdk-8-8u181-b13/src/hotspot/src/share/vm/prims/jvm.cpp, line 1435]
Event: 0.442 Thread 0x00007f6f4000a800 Exception <a 'java/security/PrivilegedActionException'> (0x00000000f06870e0) thrown at [/build/openjdk-8-lTwZJE/openjdk-8-8u181-b13/src/hotspot/src/share/vm/prims/jvm.cpp, line 1435]
Event: 0.442 Thread 0x00007f6f4000a800 Exception <a 'java/security/PrivilegedActionException'> (0x00000000f06872f0) thrown at [/build/openjdk-8-lTwZJE/openjdk-8-8u181-b13/src/hotspot/src/share/vm/prims/jvm.cpp, line 1435]
Event: 0.445 Thread 0x00007f6f4000a800 Exception <a 'java/security/PrivilegedActionException'> (0x00000000f0687dc8) thrown at [/build/openjdk-8-lTwZJE/openjdk-8-8u181-b13/src/hotspot/src/share/vm/prims/jvm.cpp, line 1435]
Event: 0.445 Thread 0x00007f6f4000a800 Exception <a 'java/security/PrivilegedActionException'> (0x00000000f0687fd8) thrown at [/build/openjdk-8-lTwZJE/openjdk-8-8u181-b13/src/hotspot/src/share/vm/prims/jvm.cpp, line 1435]
Event: 1.552 Thread 0x00007f6f4000a800 Exception <a 'java/lang/NoSuchFieldError': method resolution failed> (0x00000000f11fcd58) thrown at [/build/openjdk-8-lTwZJE/openjdk-8-8u181-b13/src/hotspot/src/share/vm/prims/methodHandles.cpp, line 1167]
Event: 1.564 Thread 0x00007f6f4000a800 Exception <a 'java/lang/NoSuchFieldError': method resolution failed> (0x00000000f060a590) thrown at [/build/openjdk-8-lTwZJE/openjdk-8-8u181-b13/src/hotspot/src/share/vm/prims/methodHandles.cpp, line 1167]
Event: 12.214 Thread 0x00007f6f4000a800 Exception <a 'java/io/FileNotFoundException'> (0x00000000f19857d0) thrown at [/build/openjdk-8-lTwZJE/openjdk-8-8u181-b13/src/hotspot/src/share/vm/prims/jni.cpp, line 709]
Event: 12.462 Thread 0x00007f6f4000a800 Exception <a 'java/lang/NoSuchMethodError': org.slf4j.impl.StaticMDCBinder.getSingleton()Lorg/slf4j/impl/StaticMDCBinder;> (0x00000000f21c0750) thrown at [/build/openjdk-8-lTwZJE/openjdk-8-8u181-b13/src/hotspot/src/share/vm/interpreter/linkResolver.cpp, l

Events (10 events):
Event: 12.749 loading class scala/runtime/VolatileByteRef done
Event: 12.750 loading class argonaut/derive/HListProductDecodeJson$$anonfun$hcons$1$$anonfun$apply$4
Event: 12.750 loading class argonaut/derive/HListProductDecodeJson$$anonfun$hcons$1$$anonfun$apply$4 done
Event: 12.750 loading class argonaut/derive/ProductDecodeJson$$anonfun$generic$1$$anonfun$apply$1
Event: 12.750 loading class argonaut/derive/ProductDecodeJson$$anonfun$generic$1$$anonfun$apply$1 done
Event: 12.750 loading class argonaut/DecodeJson$$anon$2
Event: 12.750 loading class argonaut/DecodeJson$$anon$2 done
Event: 12.750 loading class jupyter/kernel/protocol/ShellRequestDecodeJsons$anon$derivedDecodeJson$macro$1783$1
Event: 12.750 loading class jupyter/kernel/protocol/ShellRequestDecodeJsons$anon$derivedDecodeJson$macro$1783$1 done
Event: 12.756 Executing VM operation: CollectForMetadataAllocation


Dynamic libraries:
00400000-00401000 r-xp 00000000 08:01 803085                             /usr/lib/jvm/java-8-openjdk-amd64/jre/bin/java
00600000-00601000 r--p 00000000 08:01 803085                             /usr/lib/jvm/java-8-openjdk-amd64/jre/bin/java
00601000-00602000 rw-p 00001000 08:01 803085                             /usr/lib/jvm/java-8-openjdk-amd64/jre/bin/java
020f2000-02134000 rw-p 00000000 00:00 0                                  [heap]
d1200000-d3200000 rw-p 00000000 00:00 0 
d3200000-f0600000 ---p 00000000 00:00 0 
f0600000-f3e00000 rw-p 00000000 00:00 0 
f7200000-100000000 ---p 00000000 00:00 0 
100000000-100380000 rw-p 00000000 00:00 0 
100380000-140000000 ---p 00000000 00:00 0 
7f6eecfff000-7f6ef0000000 rw-p 00000000 00:00 0 
7f6ef0000000-7f6ef0237000 rw-p 00000000 00:00 0 
7f6ef0237000-7f6ef4000000 ---p 00000000 00:00 0 
7f6ef4000000-7f6ef4021000 rw-p 00000000 00:00 0 
7f6ef4021000-7f6ef8000000 ---p 00000000 00:00 0 
7f6ef8000000-7f6ef8021000 rw-p 00000000 00:00 0 
7f6ef8021000-7f6efc000000 ---p 00000000 00:00 0 
7f6efc000000-7f6efc078000 rw-p 00000000 00:00 0 
7f6efc078000-7f6f00000000 ---p 00000000 00:00 0 
7f6f00000000-7f6f00021000 rw-p 00000000 00:00 0 
7f6f00021000-7f6f04000000 ---p 00000000 00:00 0 
7f6f04000000-7f6f04021000 rw-p 00000000 00:00 0 
7f6f04021000-7f6f08000000 ---p 00000000 00:00 0 
7f6f08000000-7f6f09db6000 rw-p 00000000 00:00 0 
7f6f09db6000-7f6f0c000000 ---p 00000000 00:00 0 
7f6f0c000000-7f6f0c8bb000 rw-p 00000000 00:00 0 
7f6f0c8bb000-7f6f10000000 ---p 00000000 00:00 0 
7f6f10000000-7f6f10021000 rw-p 00000000 00:00 0 
7f6f10021000-7f6f14000000 ---p 00000000 00:00 0 
7f6f14000000-7f6f14021000 rw-p 00000000 00:00 0 
7f6f14021000-7f6f18000000 ---p 00000000 00:00 0 
7f6f18000000-7f6f18021000 rw-p 00000000 00:00 0 
7f6f18021000-7f6f1c000000 ---p 00000000 00:00 0 
7f6f1c000000-7f6f1c021000 rw-p 00000000 00:00 0 
7f6f1c021000-7f6f20000000 ---p 00000000 00:00 0 
7f6f20000000-7f6f20021000 rw-p 00000000 00:00 0 
7f6f20021000-7f6f24000000 ---p 00000000 00:00 0 
7f6f264dc000-7f6f26cdc000 rw-p 00000000 00:00 0 
7f6f27415000-7f6f2742c000 r-xp 00000000 08:01 803144                     /usr/lib/jvm/java-8-openjdk-amd64/jre/lib/amd64/libnet.so
7f6f2742c000-7f6f2762b000 ---p 00017000 08:01 803144                     /usr/lib/jvm/java-8-openjdk-amd64/jre/lib/amd64/libnet.so
7f6f2762b000-7f6f2762c000 r--p 00016000 08:01 803144                     /usr/lib/jvm/java-8-openjdk-amd64/jre/lib/amd64/libnet.so
7f6f2762c000-7f6f2762d000 rw-p 00017000 08:01 803144                     /usr/lib/jvm/java-8-openjdk-amd64/jre/lib/amd64/libnet.so
7f6f2762d000-7f6f2763e000 r-xp 00000000 08:01 803143                     /usr/lib/jvm/java-8-openjdk-amd64/jre/lib/amd64/libnio.so
7f6f2763e000-7f6f2783e000 ---p 00011000 08:01 803143                     /usr/lib/jvm/java-8-openjdk-amd64/jre/lib/amd64/libnio.so
7f6f2783e000-7f6f2783f000 r--p 00011000 08:01 803143                     /usr/lib/jvm/java-8-openjdk-amd64/jre/lib/amd64/libnio.so
7f6f2783f000-7f6f27840000 rw-p 00012000 08:01 803143                     /usr/lib/jvm/java-8-openjdk-amd64/jre/lib/amd64/libnio.so
7f6f27840000-7f6f27980000 rw-p 00000000 00:00 0 
7f6f27980000-7f6f27a40000 ---p 00000000 00:00 0 
7f6f27a40000-7f6f27c40000 rw-p 00000000 00:00 0 
7f6f27c40000-7f6f27c41000 r--s 00006000 08:01 807207                     /home/user/.coursier/cache/v1/https/repo1.maven.org/maven2/com/github/alexarchambault/case-app-annotations_2.11/1.1.3/case-app-annotations_2.11-1.1.3.jar
7f6f27c41000-7f6f27c44000 r--s 00011000 08:01 807203                     /home/user/.coursier/cache/v1/https/repo1.maven.org/maven2/com/lihaoyi/fastparse-utils_2.11/0.4.2/fastparse-utils_2.11-0.4.2.jar
7f6f27c44000-7f6f27c4b000 r--s 00042000 08:01 807208                     /home/user/.coursier/cache/v1/https/repo1.maven.org/maven2/com/github/alexarchambault/case-app_2.11/1.1.3/case-app_2.11-1.1.3.jar
7f6f27c4b000-7f6f27c4d000 r--s 0000a000 08:01 807225                     /home/user/.coursier/cache/v1/https/repo1.maven.org/maven2/com/github/alexarchambault/case-app-util_2.11/1.1.3/case-app-util_2.11-1.1.3.jar
7f6f27c4d000-7f6f27c60000 r--s 000bb000 08:01 807205                     /home/user/.coursier/cache/v1/https/repo1.maven.org/maven2/org/jupyter-scala/kernel_2.11/0.4.1/kernel_2.11-0.4.1.jar
7f6f27c60000-7f6f27c6b000 r--s 00069000 08:01 807253                     /home/user/.coursier/cache/v1/https/repo1.maven.org/maven2/ch/qos/logback/logback-core/1.2.1/logback-core-1.2.1.jar
7f6f27c6b000-7f6f27c6c000 r--s 00000000 08:01 807233                     /home/user/.coursier/cache/v1/https/repo1.maven.org/maven2/org/typelevel/macro-compat_2.11/1.1.1/macro-compat_2.11-1.1.1.jar
7f6f27c6c000-7f6f27c6f000 r--s 00015000 08:01 807242                     /home/user/.coursier/cache/v1/https/repo1.maven.org/maven2/org/jupyter-scala/scala-cli_2.11.11/0.4.2/scala-cli_2.11.11-0.4.2.jar
7f6f27c6f000-7f6f27c74000 r--s 00039000 08:01 807259                     /home/user/.coursier/cache/v1/https/repo1.maven.org/maven2/org/zeromq/jeromq/0.3.6/jeromq-0.3.6.jar
7f6f27c74000-7f6f27c76000 r--s 00009000 08:01 807266                     /home/user/.coursier/cache/v1/https/repo1.maven.org/maven2/org/slf4j/slf4j-api/1.7.22/slf4j-api-1.7.22.jar
7f6f27c76000-7f6f27c7c000 r--s 00046000 08:01 807275                     /home/user/.coursier/cache/v1/https/repo1.maven.org/maven2/ch/qos/logback/logback-classic/1.2.1/logback-classic-1.2.1.jar
7f6f27c7c000-7f6f27c86000 r--s 00074000 08:01 807377                     /home/user/.coursier/cache/v1/https/repo1.maven.org/maven2/org/jupyter-scala/ammonite-compiler_2.11.11/0.8.3-1/ammonite-compiler_2.11.11-0.8.3-1.jar
7f6f27c86000-7f6f27c87000 r--s 00008000 08:01 807293                     /home/user/.coursier/cache/v1/https/repo1.maven.org/maven2/com/typesafe/scala-logging/scala-logging_2.11/3.5.0/scala-logging_2.11-3.5.0.jar
7f6f27c87000-7f6f27cb7000 r--s 001c7000 08:01 807281                     /home/user/.coursier/cache/v1/https/repo1.maven.org/maven2/io/argonaut/argonaut_2.11/6.2/argonaut_2.11-6.2.jar
7f6f27cb7000-7f6f27cfd000 r--s 00317000 08:01 807336                     /home/user/.coursier/cache/v1/https/repo1.maven.org/maven2/com/chuusai/shapeless_2.11/2.3.2/shapeless_2.11-2.3.2.jar
7f6f27cfd000-7f6f27d20000 r--s 00155000 08:01 807348                     /home/user/.coursier/cache/v1/https/repo1.maven.org/maven2/org/scalaz/stream/scalaz-stream_2.11/0.8.6a/scalaz-stream_2.11-0.8.6a.jar
7f6f27d20000-7f6f27df2000 r--s 00a6f000 08:01 807285                     /home/user/.coursier/cache/v1/https/repo1.maven.org/maven2/org/scalaz/scalaz-core_2.11/7.2.8/scalaz-core_2.11-7.2.8.jar
7f6f27df2000-7f6f27eff000 r--s 00dd4000 08:01 807246                     /home/user/.coursier/cache/v1/https/repo1.maven.org/maven2/org/scala-lang/scala-compiler/2.11.11/scala-compiler-2.11.11.jar
7f6f27eff000-7f6f27f02000 ---p 00000000 00:00 0 
7f6f27f02000-7f6f28000000 rw-p 00000000 00:00 0 
7f6f28000000-7f6f28021000 rw-p 00000000 00:00 0 
7f6f28021000-7f6f2c000000 ---p 00000000 00:00 0 
7f6f2c000000-7f6f2c003000 r--s 00016000 08:01 807311                     /home/user/.coursier/cache/v1/https/repo1.maven.org/maven2/org/jupyter-scala/scala-kernel_2.11.11/0.4.2/scala-kernel_2.11.11-0.4.2.jar
7f6f2c003000-7f6f2c008000 r--s 00044000 08:01 807300                     /home/user/.coursier/cache/v1/https/repo1.maven.org/maven2/org/scodec/scodec-bits_2.11/1.1.2/scodec-bits_2.11-1.1.2.jar
7f6f2c008000-7f6f2c00c000 r--s 00029000 08:01 807324                     /home/user/.coursier/cache/v1/https/repo1.maven.org/maven2/org/jupyter-scala/kernel-protocol_2.11/0.4.1/kernel-protocol_2.11-0.4.1.jar
7f6f2c00c000-7f6f2c016000 r--s 00069000 08:01 807307                     /home/user/.coursier/cache/v1/https/repo1.maven.org/maven2/com/lihaoyi/scalaparse_2.11/0.4.2/scalaparse_2.11-0.4.2.jar
7f6f2c016000-7f6f2c01a000 r--s 0001b000 08:01 807362                     /home/user/.coursier/cache/v1/https/repo1.maven.org/maven2/com/github/alexarchambault/argonaut-shapeless_6.2_2.11/1.2.0-M5/argonaut-shapeless_6.2_2.11-1.2.0-M5.jar
7f6f2c01a000-7f6f2c020000 r--s 0004d000 08:01 807344                     /home/user/.coursier/cache/v1/https/repo1.maven.org/maven2/com/lihaoyi/fastparse_2.11/0.4.2/fastparse_2.11-0.4.2.jar
7f6f2c020000-7f6f2c028000 r--s 0004c000 08:01 807222                     /home/user/.coursier/cache/v1/https/repo1.maven.org/maven2/org/scalaz/scalaz-concurrent_2.11/7.2.8/scalaz-concurrent_2.11-7.2.8.jar
7f6f2c028000-7f6f2c02a000 r--s 00013000 08:01 807296                     /home/user/.coursier/cache/v1/https/repo1.maven.org/maven2/org/spire-math/jawn-parser_2.11/0.10.3/jawn-parser_2.11-0.10.3.jar
7f6f2c02a000-7f6f2c030000 r--s 0005c000 08:01 807218                     /home/user/.coursier/cache/v1/https/repo1.maven.org/maven2/com/lihaoyi/upickle_2.11/0.4.4/upickle_2.11-0.4.4.jar
7f6f2c030000-7f6f2c032000 r--s 00016000 08:01 807235                     /home/user/.coursier/cache/v1/https/repo1.maven.org/maven2/org/jupyter-scala/ammonite-util_2.11.11/0.8.3-1/ammonite-util_2.11.11-0.8.3-1.jar
7f6f2c032000-7f6f2c034000 r--s 0000f000 08:01 807314                     /home/user/.coursier/cache/v1/https/repo1.maven.org/maven2/com/lihaoyi/derive_2.11/0.4.4/derive_2.11-0.4.4.jar
7f6f2c034000-7f6f2c03f000 r--s 00074000 08:01 807252                     /home/user/.coursier/cache/v1/https/repo1.maven.org/maven2/org/jupyter-scala/ammonite-runtime_2.11.11/0.8.3-1/ammonite-runtime_2.11.11-0.8.3-1.jar
7f6f2c03f000-7f6f2c044000 r--s 00048000 08:01 807334                     /home/user/.coursier/cache/v1/https/repo1.maven.org/maven2/com/lihaoyi/pprint_2.11/0.4.4/pprint_2.11-0.4.4.jar
7f6f2c044000-7f6f2c049000 r--s 00047000 08:01 807328                     /home/user/.coursier/cache/v1/https/repo1.maven.org/maven2/org/jupyter-scala/ammonite-ops_2.11/0.8.3-1/ammonite-ops_2.11-0.8.3-1.jar
7f6f2c049000-7f6f2c04b000 r--s 00012000 08:01 807339                     /home/user/.coursier/cache/v1/https/repo1.maven.org/maven2/com/lihaoyi/fansi_2.11/0.2.3/fansi_2.11-0.2.3.jar
7f6f2c04b000-7f6f2c071000 r--s 00196000 08:01 807280                     /home/user/.coursier/cache/v1/https/repo1.maven.org/maven2/io/get-coursier/coursier_2.11/1.0.0-RC2/coursier_2.11-1.0.0-RC2.jar
7f6f2c071000-7f6f2c07c000 r--s 0005d000 08:01 807365                     /home/user/.coursier/cache/v1/https/repo1.maven.org/maven2/org/scala-lang/modules/scala-parser-combinators_2.11/1.0.4/scala-parser-combinators_2.11-1.0.4.jar
7f6f2c07c000-7f6f2c0d5000 r--s 00523000 08:01 807237                     /home/user/.coursier/cache/v1/https/repo1.maven.org/maven2/org/scala-lang/scala-library/2.11.11/scala-library-2.11.11.jar
7f6f2c0d5000-7f6f2c0d8000 ---p 00000000 00:00 0 
7f6f2c0d8000-7f6f2c3d6000 rw-p 00000000 00:00 0 
7f6f2c3d6000-7f6f2c5d6000 rw-p 00000000 00:00 0 
7f6f2c5d6000-7f6f2c5d9000 ---p 00000000 00:00 0 
7f6f2c5d9000-7f6f2c6d7000 rw-p 00000000 00:00 0 
7f6f2c6d7000-7f6f2c6da000 ---p 00000000 00:00 0 
7f6f2c6da000-7f6f2c7d8000 rw-p 00000000 00:00 0 
7f6f2c7d8000-7f6f2c7db000 ---p 00000000 00:00 0 
7f6f2c7db000-7f6f2c8d9000 rw-p 00000000 00:00 0 
7f6f2c8d9000-7f6f2c8dc000 ---p 00000000 00:00 0 
7f6f2c8dc000-7f6f2c9da000 rw-p 00000000 00:00 0 
7f6f2c9da000-7f6f2c9dd000 ---p 00000000 00:00 0 
7f6f2c9dd000-7f6f2cadb000 rw-p 00000000 00:00 0 
7f6f2cadb000-7f6f2cade000 ---p 00000000 00:00 0 
7f6f2cade000-7f6f2cbdc000 rw-p 00000000 00:00 0 
7f6f2cbdc000-7f6f2cbdf000 ---p 00000000 00:00 0 
7f6f2cbdf000-7f6f2ccdd000 rw-p 00000000 00:00 0 
7f6f2ccdd000-7f6f2cce0000 ---p 00000000 00:00 0 
7f6f2cce0000-7f6f2cd16000 rw-p 00000000 00:00 0 
7f6f2cd16000-7f6f2cd20000 r--s 0009a000 08:01 807217                     /home/user/.coursier/cache/v1/https/repo1.maven.org/maven2/org/scala-lang/modules/scala-xml_2.11/1.0.6/scala-xml_2.11-1.0.6.jar
7f6f2cd20000-7f6f2cd21000 r--s 00001000 08:01 807355                     /home/user/.coursier/cache/v1/https/repo1.maven.org/maven2/org/jupyter-scala/scala-api_2.11.11/0.4.2/scala-api_2.11.11-0.4.2.jar
7f6f2cd21000-7f6f2cd25000 r--s 00023000 08:01 807360                     /home/user/.coursier/cache/v1/https/repo1.maven.org/maven2/org/scalaj/scalaj-http_2.11/2.3.0/scalaj-http_2.11-2.3.0.jar
7f6f2cd25000-7f6f2cd28000 r--s 0001a000 08:01 807269                     /home/user/.coursier/cache/v1/https/repo1.maven.org/maven2/com/lihaoyi/sourcecode_2.11/0.1.3/sourcecode_2.11-0.1.3.jar
7f6f2cd28000-7f6f2cd32000 r--s 00061000 08:01 807370                     /home/user/.coursier/cache/v1/https/repo1.maven.org/maven2/org/scalaz/scalaz-effect_2.11/7.2.8/scalaz-effect_2.11-7.2.8.jar
7f6f2cd32000-7f6f2cd34000 r--s 0000d000 08:01 807262                     /home/user/.coursier/cache/v1/https/repo1.maven.org/maven2/com/lihaoyi/geny_2.11/0.1.1/geny_2.11-0.1.1.jar
7f6f2cd34000-7f6f2cd3c000 r--s 0004b000 08:01 807374                     /home/user/.coursier/cache/v1/https/repo1.maven.org/maven2/io/get-coursier/coursier-cache_2.11/1.0.0-RC2/coursier-cache_2.11-1.0.0-RC2.jar
7f6f2cd3c000-7f6f2cd88000 r--s 00418000 08:01 807351                     /home/user/.coursier/cache/v1/https/repo1.maven.org/maven2/org/scala-lang/scala-reflect/2.11.11/scala-reflect-2.11.11.jar
7f6f2cd88000-7f6f2cf88000 rw-p 00000000 00:00 0 
7f6f2cf88000-7f6f2cfd4000 r--s 0024b000 08:01 806309                     /home/user/.coursier/bootstrap/1.0.0-RC1/coursier-cli_2.11-1.0.0-RC1-standalone.jar
7f6f2cfd4000-7f6f2cfd5000 ---p 00000000 00:00 0 
7f6f2cfd5000-7f6f2d0d5000 rw-p 00000000 00:00 0 
7f6f2d0d5000-7f6f2d0d8000 ---p 00000000 00:00 0 
7f6f2d0d8000-7f6f2d1d6000 rw-p 00000000 00:00 0 
7f6f2d1d6000-7f6f2d1d9000 ---p 00000000 00:00 0 
7f6f2d1d9000-7f6f2d2d7000 rw-p 00000000 00:00 0 
7f6f2d2d7000-7f6f2d2da000 ---p 00000000 00:00 0 
7f6f2d2da000-7f6f2d3d8000 rw-p 00000000 00:00 0 
7f6f2d3d8000-7f6f2d3db000 ---p 00000000 00:00 0 
7f6f2d3db000-7f6f2d4d9000 rw-p 00000000 00:00 0 
7f6f2d4d9000-7f6f2df01000 r--p 00000000 08:01 2105158                    /usr/lib/locale/locale-archive
7f6f2df01000-7f6f2df04000 ---p 00000000 00:00 0 
7f6f2df04000-7f6f2e002000 rw-p 00000000 00:00 0 
7f6f2e002000-7f6f2e005000 ---p 00000000 00:00 0 
7f6f2e005000-7f6f2e103000 rw-p 00000000 00:00 0 
7f6f2e103000-7f6f2e104000 ---p 00000000 00:00 0 
7f6f2e104000-7f6f2eb0d000 rw-p 00000000 00:00 0 
7f6f2eb0d000-7f6f2ecdc000 r--s 03c33000 08:01 803184                     /usr/lib/jvm/java-8-openjdk-amd64/jre/lib/rt.jar
7f6f2ecdc000-7f6f305c3000 rw-p 00000000 00:00 0 
7f6f305c3000-7f6f305c4000 ---p 00000000 00:00 0 
7f6f305c4000-7f6f306c4000 rw-p 00000000 00:00 0 
7f6f306c4000-7f6f306c5000 ---p 00000000 00:00 0 
7f6f306c5000-7f6f307d5000 rw-p 00000000 00:00 0 
7f6f307d5000-7f6f308bf000 ---p 00000000 00:00 0 
7f6f308bf000-7f6f308cf000 rw-p 00000000 00:00 0 
7f6f308cf000-7f6f309b9000 ---p 00000000 00:00 0 
7f6f309b9000-7f6f309d5000 rw-p 00000000 00:00 0 
7f6f309d5000-7f6f30a36000 ---p 00000000 00:00 0 
7f6f30a36000-7f6f30a4f000 rw-p 00000000 00:00 0 
7f6f30a4f000-7f6f30df7000 ---p 00000000 00:00 0 
7f6f30df7000-7f6f313f7000 rwxp 00000000 00:00 0 
7f6f313f7000-7f6f3fdf7000 ---p 00000000 00:00 0 
7f6f3fdf7000-7f6f3fdff000 r-xp 00000000 08:01 803135                     /usr/lib/jvm/java-8-openjdk-amd64/jre/lib/amd64/libzip.so
7f6f3fdff000-7f6f3fffe000 ---p 00008000 08:01 803135                     /usr/lib/jvm/java-8-openjdk-amd64/jre/lib/amd64/libzip.so
7f6f3fffe000-7f6f3ffff000 r--p 00007000 08:01 803135                     /usr/lib/jvm/java-8-openjdk-amd64/jre/lib/amd64/libzip.so
7f6f3ffff000-7f6f40000000 rw-p 00008000 08:01 803135                     /usr/lib/jvm/java-8-openjdk-amd64/jre/lib/amd64/libzip.so
7f6f40000000-7f6f40a6e000 rw-p 00000000 00:00 0 
7f6f40a6e000-7f6f44000000 ---p 00000000 00:00 0 
7f6f44000000-7f6f44001000 r--s 00007000 08:01 807320                     /home/user/.coursier/cache/v1/https/repo1.maven.org/maven2/org/jupyter-scala/kernel-api_2.11/0.4.1/kernel-api_2.11-0.4.1.jar
7f6f44001000-7f6f44007000 r--s 00050000 08:01 807318                     /home/user/.coursier/cache/v1/https/repo1.maven.org/maven2/org/jsoup/jsoup/1.10.2/jsoup-1.10.2.jar
7f6f44007000-7f6f4400c000 r--s 0009d000 08:01 803185                     /usr/lib/jvm/java-8-openjdk-amd64/jre/lib/jsse.jar
7f6f4400c000-7f6f4400d000 r--s 00002000 08:01 807381                     /home/user/.local/share/jupyter/kernels/scala/launcher.jar
7f6f4400d000-7f6f44028000 r--s 00394000 08:01 803174                     /usr/lib/jvm/java-8-openjdk-amd64/jre/lib/ext/cldrdata.jar
7f6f44028000-7f6f44043000 r--s 001d6000 08:01 803177                     /usr/lib/jvm/java-8-openjdk-amd64/jre/lib/ext/nashorn.jar
7f6f44043000-7f6f44044000 r--s 0000a000 08:01 803181                     /usr/lib/jvm/java-8-openjdk-amd64/jre/lib/ext/jaccess.jar
7f6f44044000-7f6f44046000 r--s 00008000 08:01 803178                     /usr/lib/jvm/java-8-openjdk-amd64/jre/lib/ext/sunec.jar
7f6f44046000-7f6f44050000 r--s 00116000 08:01 803175                     /usr/lib/jvm/java-8-openjdk-amd64/jre/lib/ext/localedata.jar
7f6f44050000-7f6f4409e000 rw-p 00000000 00:00 0 
7f6f4409e000-7f6f440a9000 r-xp 00000000 08:01 2889153                    /lib/x86_64-linux-gnu/libnss_files-2.23.so
7f6f440a9000-7f6f442a8000 ---p 0000b000 08:01 2889153                    /lib/x86_64-linux-gnu/libnss_files-2.23.so
7f6f442a8000-7f6f442a9000 r--p 0000a000 08:01 2889153                    /lib/x86_64-linux-gnu/libnss_files-2.23.so
7f6f442a9000-7f6f442aa000 rw-p 0000b000 08:01 2889153                    /lib/x86_64-linux-gnu/libnss_files-2.23.so
7f6f442aa000-7f6f442b0000 rw-p 00000000 00:00 0 
7f6f442b0000-7f6f442bb000 r-xp 00000000 08:01 2889163                    /lib/x86_64-linux-gnu/libnss_nis-2.23.so
7f6f442bb000-7f6f444ba000 ---p 0000b000 08:01 2889163                    /lib/x86_64-linux-gnu/libnss_nis-2.23.so
7f6f444ba000-7f6f444bb000 r--p 0000a000 08:01 2889163                    /lib/x86_64-linux-gnu/libnss_nis-2.23.so
7f6f444bb000-7f6f444bc000 rw-p 0000b000 08:01 2889163                    /lib/x86_64-linux-gnu/libnss_nis-2.23.so
7f6f444bc000-7f6f444d2000 r-xp 00000000 08:01 2889147                    /lib/x86_64-linux-gnu/libnsl-2.23.so
7f6f444d2000-7f6f446d1000 ---p 00016000 08:01 2889147                    /lib/x86_64-linux-gnu/libnsl-2.23.so
7f6f446d1000-7f6f446d2000 r--p 00015000 08:01 2889147                    /lib/x86_64-linux-gnu/libnsl-2.23.so
7f6f446d2000-7f6f446d3000 rw-p 00016000 08:01 2889147                    /lib/x86_64-linux-gnu/libnsl-2.23.so
7f6f446d3000-7f6f446d5000 rw-p 00000000 00:00 0 
7f6f446d5000-7f6f446dd000 r-xp 00000000 08:01 2889149                    /lib/x86_64-linux-gnu/libnss_compat-2.23.so
7f6f446dd000-7f6f448dc000 ---p 00008000 08:01 2889149                    /lib/x86_64-linux-gnu/libnss_compat-2.23.so
7f6f448dc000-7f6f448dd000 r--p 00007000 08:01 2889149                    /lib/x86_64-linux-gnu/libnss_compat-2.23.so
7f6f448dd000-7f6f448de000 rw-p 00008000 08:01 2889149                    /lib/x86_64-linux-gnu/libnss_compat-2.23.so
7f6f448de000-7f6f4490b000 r-xp 00000000 08:01 803155                     /usr/lib/jvm/java-8-openjdk-amd64/jre/lib/amd64/libjava.so
7f6f4490b000-7f6f44b0a000 ---p 0002d000 08:01 803155                     /usr/lib/jvm/java-8-openjdk-amd64/jre/lib/amd64/libjava.so
7f6f44b0a000-7f6f44b0b000 r--p 0002c000 08:01 803155                     /usr/lib/jvm/java-8-openjdk-amd64/jre/lib/amd64/libjava.so
7f6f44b0b000-7f6f44b0d000 rw-p 0002d000 08:01 803155                     /usr/lib/jvm/java-8-openjdk-amd64/jre/lib/amd64/libjava.so
7f6f44b0d000-7f6f44b1c000 r-xp 00000000 08:01 803127                     /usr/lib/jvm/java-8-openjdk-amd64/jre/lib/amd64/libverify.so
7f6f44b1c000-7f6f44d1b000 ---p 0000f000 08:01 803127                     /usr/lib/jvm/java-8-openjdk-amd64/jre/lib/amd64/libverify.so
7f6f44d1b000-7f6f44d1d000 r--p 0000e000 08:01 803127                     /usr/lib/jvm/java-8-openjdk-amd64/jre/lib/amd64/libverify.so
7f6f44d1d000-7f6f44d1e000 rw-p 00010000 08:01 803127                     /usr/lib/jvm/java-8-openjdk-amd64/jre/lib/amd64/libverify.so
7f6f44d1e000-7f6f44d25000 r-xp 00000000 08:01 2889208                    /lib/x86_64-linux-gnu/librt-2.23.so
7f6f44d25000-7f6f44f24000 ---p 00007000 08:01 2889208                    /lib/x86_64-linux-gnu/librt-2.23.so
7f6f44f24000-7f6f44f25000 r--p 00006000 08:01 2889208                    /lib/x86_64-linux-gnu/librt-2.23.so
7f6f44f25000-7f6f44f26000 rw-p 00007000 08:01 2889208                    /lib/x86_64-linux-gnu/librt-2.23.so
7f6f44f26000-7f6f44f3c000 r-xp 00000000 08:01 2889092                    /lib/x86_64-linux-gnu/libgcc_s.so.1
7f6f44f3c000-7f6f4513b000 ---p 00016000 08:01 2889092                    /lib/x86_64-linux-gnu/libgcc_s.so.1
7f6f4513b000-7f6f4513c000 rw-p 00015000 08:01 2889092                    /lib/x86_64-linux-gnu/libgcc_s.so.1
7f6f4513c000-7f6f45244000 r-xp 00000000 08:01 2889124                    /lib/x86_64-linux-gnu/libm-2.23.so
7f6f45244000-7f6f45443000 ---p 00108000 08:01 2889124                    /lib/x86_64-linux-gnu/libm-2.23.so
7f6f45443000-7f6f45444000 r--p 00107000 08:01 2889124                    /lib/x86_64-linux-gnu/libm-2.23.so
7f6f45444000-7f6f45445000 rw-p 00108000 08:01 2889124                    /lib/x86_64-linux-gnu/libm-2.23.so
7f6f45445000-7f6f455b7000 r-xp 00000000 08:01 2107766                    /usr/lib/x86_64-linux-gnu/libstdc++.so.6.0.21
7f6f455b7000-7f6f457b7000 ---p 00172000 08:01 2107766                    /usr/lib/x86_64-linux-gnu/libstdc++.so.6.0.21
7f6f457b7000-7f6f457c1000 r--p 00172000 08:01 2107766                    /usr/lib/x86_64-linux-gnu/libstdc++.so.6.0.21
7f6f457c1000-7f6f457c3000 rw-p 0017c000 08:01 2107766                    /usr/lib/x86_64-linux-gnu/libstdc++.so.6.0.21
7f6f457c3000-7f6f457c7000 rw-p 00000000 00:00 0 
7f6f457c7000-7f6f46424000 r-xp 00000000 08:01 803133                     /usr/lib/jvm/java-8-openjdk-amd64/jre/lib/amd64/server/libjvm.so
7f6f46424000-7f6f46624000 ---p 00c5d000 08:01 803133                     /usr/lib/jvm/java-8-openjdk-amd64/jre/lib/amd64/server/libjvm.so
7f6f46624000-7f6f466b8000 r--p 00c5d000 08:01 803133                     /usr/lib/jvm/java-8-openjdk-amd64/jre/lib/amd64/server/libjvm.so
7f6f466b8000-7f6f466e1000 rw-p 00cf1000 08:01 803133                     /usr/lib/jvm/java-8-openjdk-amd64/jre/lib/amd64/server/libjvm.so
7f6f466e1000-7f6f46711000 rw-p 00000000 00:00 0 
7f6f46711000-7f6f46729000 r-xp 00000000 08:01 2889200                    /lib/x86_64-linux-gnu/libpthread-2.23.so
7f6f46729000-7f6f46928000 ---p 00018000 08:01 2889200                    /lib/x86_64-linux-gnu/libpthread-2.23.so
7f6f46928000-7f6f46929000 r--p 00017000 08:01 2889200                    /lib/x86_64-linux-gnu/libpthread-2.23.so
7f6f46929000-7f6f4692a000 rw-p 00018000 08:01 2889200                    /lib/x86_64-linux-gnu/libpthread-2.23.so
7f6f4692a000-7f6f4692e000 rw-p 00000000 00:00 0 
7f6f4692e000-7f6f46931000 r-xp 00000000 08:01 2889078                    /lib/x86_64-linux-gnu/libdl-2.23.so
7f6f46931000-7f6f46b30000 ---p 00003000 08:01 2889078                    /lib/x86_64-linux-gnu/libdl-2.23.so
7f6f46b30000-7f6f46b31000 r--p 00002000 08:01 2889078                    /lib/x86_64-linux-gnu/libdl-2.23.so
7f6f46b31000-7f6f46b32000 rw-p 00003000 08:01 2889078                    /lib/x86_64-linux-gnu/libdl-2.23.so
7f6f46b32000-7f6f46b4b000 r-xp 00000000 08:01 2889245                    /lib/x86_64-linux-gnu/libz.so.1.2.8
7f6f46b4b000-7f6f46d4a000 ---p 00019000 08:01 2889245                    /lib/x86_64-linux-gnu/libz.so.1.2.8
7f6f46d4a000-7f6f46d4b000 r--p 00018000 08:01 2889245                    /lib/x86_64-linux-gnu/libz.so.1.2.8
7f6f46d4b000-7f6f46d4c000 rw-p 00019000 08:01 2889245                    /lib/x86_64-linux-gnu/libz.so.1.2.8
7f6f46d4c000-7f6f46f0c000 r-xp 00000000 08:01 2889054                    /lib/x86_64-linux-gnu/libc-2.23.so
7f6f46f0c000-7f6f4710c000 ---p 001c0000 08:01 2889054                    /lib/x86_64-linux-gnu/libc-2.23.so
7f6f4710c000-7f6f47110000 r--p 001c0000 08:01 2889054                    /lib/x86_64-linux-gnu/libc-2.23.so
7f6f47110000-7f6f47112000 rw-p 001c4000 08:01 2889054                    /lib/x86_64-linux-gnu/libc-2.23.so
7f6f47112000-7f6f47116000 rw-p 00000000 00:00 0 
7f6f47116000-7f6f47123000 r-xp 00000000 08:01 803131                     /usr/lib/jvm/java-8-openjdk-amd64/jre/lib/amd64/jli/libjli.so
7f6f47123000-7f6f47323000 ---p 0000d000 08:01 803131                     /usr/lib/jvm/java-8-openjdk-amd64/jre/lib/amd64/jli/libjli.so
7f6f47323000-7f6f47324000 r--p 0000d000 08:01 803131                     /usr/lib/jvm/java-8-openjdk-amd64/jre/lib/amd64/jli/libjli.so
7f6f47324000-7f6f47325000 rw-p 0000e000 08:01 803131                     /usr/lib/jvm/java-8-openjdk-amd64/jre/lib/amd64/jli/libjli.so
7f6f47325000-7f6f4734b000 r-xp 00000000 08:01 2889026                    /lib/x86_64-linux-gnu/ld-2.23.so
7f6f4734b000-7f6f4734e000 r--s 00038000 08:01 803179                     /usr/lib/jvm/java-8-openjdk-amd64/jre/lib/ext/sunpkcs11.jar
7f6f4734e000-7f6f47350000 r--s 00001000 08:01 803180                     /usr/lib/jvm/java-8-openjdk-amd64/jre/lib/ext/dnsns.jar
7f6f47350000-7f6f47353000 r--s 0000f000 08:01 803176                     /usr/lib/jvm/java-8-openjdk-amd64/jre/lib/ext/icedtea-sound.jar
7f6f47353000-7f6f47424000 rw-p 00000000 00:00 0 
7f6f47424000-7f6f47427000 ---p 00000000 00:00 0 
7f6f47427000-7f6f47529000 rw-p 00000000 00:00 0 
7f6f47529000-7f6f4752a000 r--s 00010000 08:01 803182                     /usr/lib/jvm/java-8-openjdk-amd64/jre/lib/ext/zipfs.jar
7f6f4752a000-7f6f47530000 r--s 0003b000 08:01 803183                     /usr/lib/jvm/java-8-openjdk-amd64/jre/lib/ext/sunjce_provider.jar
7f6f47530000-7f6f4753f000 rw-p 00000000 00:00 0 
7f6f4753f000-7f6f47547000 rw-s 00000000 08:01 1836282                    /tmp/hsperfdata_user/124843
7f6f47547000-7f6f47548000 rw-p 00000000 00:00 0 
7f6f47548000-7f6f47549000 ---p 00000000 00:00 0 
7f6f47549000-7f6f4754a000 rw-p 00000000 00:00 0 
7f6f4754a000-7f6f4754b000 r--p 00025000 08:01 2889026                    /lib/x86_64-linux-gnu/ld-2.23.so
7f6f4754b000-7f6f4754c000 rw-p 00026000 08:01 2889026                    /lib/x86_64-linux-gnu/ld-2.23.so
7f6f4754c000-7f6f4754d000 rw-p 00000000 00:00 0 
7fffbb90b000-7fffbb92c000 rw-p 00000000 00:00 0                          [stack]
7fffbb93c000-7fffbb93f000 r--p 00000000 00:00 0                          [vvar]
7fffbb93f000-7fffbb941000 r-xp 00000000 00:00 0                          [vdso]
ffffffffff600000-ffffffffff601000 r-xp 00000000 00:00 0                  [vsyscall]

VM Arguments:
jvm_args: -Xverify:none 
java_command: /home/user/.local/share/jupyter/kernels/scala/launcher.jar launch -r sonatype:releases -r sonatype:snapshots -i ammonite -I ammonite:org.jupyter-scala:ammonite-runtime_2.11.11:0.8.3-1 -I ammonite:org.jupyter-scala:scala-api_2.11.11:0.4.2 org.jupyter-scala:scala-cli_2.11.11:0.4.2 -- --id scala --name Scala --quiet --connection-file /run/user/1000/jupyter/kernel-dd0dea1f-73ff-49d5-a741-bdbc4b5579cd.json
java_class_path (initial): /home/user/.local/share/jupyter/kernels/scala/launcher.jar
Launcher Type: SUN_STANDARD

Environment Variables:
PATH=/home/user/anaconda3/bin:/home/user/anaconda3/bin:/home/user/bin:/home/user/.local/bin:/usr/local/sbin:/usr/local/bin:/usr/sbin:/usr/bin:/sbin:/bin:/usr/games:/usr/local/games:/snap/bin
SHELL=/bin/bash
DISPLAY=:0.0

Signal Handlers:
SIGSEGV: [libjvm.so+0xa71a70], sa_mask[0]=11111111011111111101111111111110, sa_flags=SA_RESTART|SA_SIGINFO
SIGBUS: [libjvm.so+0xa71a70], sa_mask[0]=11111111011111111101111111111110, sa_flags=SA_RESTART|SA_SIGINFO
SIGFPE: [libjvm.so+0x8b8f80], sa_mask[0]=11111111011111111101111111111110, sa_flags=SA_RESTART|SA_SIGINFO
SIGPIPE: [libjvm.so+0x8b8f80], sa_mask[0]=11111111011111111101111111111110, sa_flags=SA_RESTART|SA_SIGINFO
SIGXFSZ: [libjvm.so+0x8b8f80], sa_mask[0]=11111111011111111101111111111110, sa_flags=SA_RESTART|SA_SIGINFO
SIGILL: [libjvm.so+0x8b8f80], sa_mask[0]=11111111011111111101111111111110, sa_flags=SA_RESTART|SA_SIGINFO
SIGUSR1: SIG_DFL, sa_mask[0]=00000000000000000000000000000000, sa_flags=none
SIGUSR2: [libjvm.so+0x8b8e30], sa_mask[0]=00000000000000000000000000000000, sa_flags=SA_RESTART|SA_SIGINFO
SIGHUP: [libjvm.so+0x8b9300], sa_mask[0]=11111111011111111101111111111110, sa_flags=SA_RESTART|SA_SIGINFO
SIGINT: [libjvm.so+0x8b9300], sa_mask[0]=11111111011111111101111111111110, sa_flags=SA_RESTART|SA_SIGINFO
SIGTERM: [libjvm.so+0x8b9300], sa_mask[0]=11111111011111111101111111111110, sa_flags=SA_RESTART|SA_SIGINFO
SIGQUIT: [libjvm.so+0x8b9300], sa_mask[0]=11111111011111111101111111111110, sa_flags=SA_RESTART|SA_SIGINFO


---------------  S Y S T E M  ---------------

OS:DISTRIB_ID=Ubuntu
DISTRIB_RELEASE=16.04
DISTRIB_CODENAME=xenial
DISTRIB_DESCRIPTION="Ubuntu 16.04.5 LTS"

uname:Linux 4.15.0-33-generic #36~16.04.1-Ubuntu SMP Wed Aug 15 17:21:05 UTC 2018 x86_64
libc:glibc 2.23 NPTL 2.23 
rlimit: STACK 8192k, CORE 0k, NPROC 7646, NOFILE 1048576, AS infinity
load average:2.14 0.71 0.35

/proc/meminfo:
MemTotal:        3065896 kB
MemFree:           24208 kB
MemAvailable:      35868 kB
Buffers:             440 kB
Cached:            50324 kB
SwapCached:         2844 kB
Active:          2243436 kB
Inactive:         572980 kB
Active(anon):    2232764 kB
Inactive(anon):   558292 kB
Active(file):      10672 kB
Inactive(file):    14688 kB
Unevictable:          64 kB
Mlocked:              64 kB
SwapTotal:        998396 kB
SwapFree:              0 kB
Dirty:               344 kB
Writeback:             4 kB
AnonPages:       2763004 kB
Mapped:            40488 kB
Shmem:             25284 kB
Slab:              89516 kB
SReclaimable:      35500 kB
SUnreclaim:        54016 kB
KernelStack:       14384 kB
PageTables:        37332 kB
NFS_Unstable:          0 kB
Bounce:                0 kB
WritebackTmp:          0 kB
CommitLimit:     2531344 kB
Committed_AS:    7522996 kB
VmallocTotal:   34359738367 kB
VmallocUsed:           0 kB
VmallocChunk:          0 kB
HardwareCorrupted:     0 kB
AnonHugePages:         0 kB
ShmemHugePages:        0 kB
ShmemPmdMapped:        0 kB
CmaTotal:              0 kB
CmaFree:               0 kB
HugePages_Total:       0
HugePages_Free:        0
HugePages_Rsvd:        0
HugePages_Surp:        0
Hugepagesize:       2048 kB
DirectMap4k:      278400 kB
DirectMap2M:     2867200 kB
DirectMap1G:           0 kB


CPU:total 2 (initial active 2) (1 cores per cpu, 1 threads per core) family 6 model 78 stepping 3, cmov, cx8, fxsr, mmx, sse, sse2, sse3, ssse3, sse4.1, sse4.2, popcnt, avx, avx2, aes, clmul, erms, 3dnowpref, lzcnt, tsc, tscinvbit, bmi1, bmi2, adx

/proc/cpuinfo:
processor	: 0
vendor_id	: GenuineIntel
cpu family	: 6
model		: 78
model name	: Intel(R) Core(TM) i7-6500U CPU @ 2.50GHz
stepping	: 3
microcode	: 0xba
cpu MHz		: 2592.004
cache size	: 4096 KB
physical id	: 0
siblings	: 1
core id		: 0
cpu cores	: 1
apicid		: 0
initial apicid	: 0
fpu		: yes
fpu_exception	: yes
cpuid level	: 22
wp		: yes
flags		: fpu vme de pse tsc msr pae mce cx8 apic sep mtrr pge mca cmov pat pse36 clflush dts mmx fxsr sse sse2 ss syscall nx pdpe1gb rdtscp lm constant_tsc arch_perfmon pebs bts nopl xtopology tsc_reliable nonstop_tsc cpuid aperfmperf pni pclmulqdq ssse3 fma cx16 pcid sse4_1 sse4_2 x2apic movbe popcnt tsc_deadline_timer aes xsave avx f16c rdrand hypervisor lahf_lm abm 3dnowprefetch cpuid_fault epb invpcid_single pti fsgsbase tsc_adjust bmi1 avx2 smep bmi2 invpcid rdseed adx smap xsaveopt dtherm ida arat pln pts hwp hwp_notify hwp_act_window hwp_epp
bugs		: cpu_meltdown spectre_v1 spectre_v2 spec_store_bypass l1tf
bogomips	: 5184.00
clflush size	: 64
cache_alignment	: 64
address sizes	: 42 bits physical, 48 bits virtual
power management:

processor	: 1
vendor_id	: GenuineIntel
cpu family	: 6
model		: 78
model name	: Intel(R) Core(TM) i7-6500U CPU @ 2.50GHz
stepping	: 3
microcode	: 0xba
cpu MHz		: 2592.004
cache size	: 4096 KB
physical id	: 2
siblings	: 1
core id		: 0
cpu cores	: 1
apicid		: 2
initial apicid	: 2
fpu		: yes
fpu_exception	: yes
cpuid level	: 22
wp		: yes
flags		: fpu vme de pse tsc msr pae mce cx8 apic sep mtrr pge mca cmov pat pse36 clflush dts mmx fxsr sse sse2 ss syscall nx pdpe1gb rdtscp lm constant_tsc arch_perfmon pebs bts nopl xtopology tsc_reliable nonstop_tsc cpuid aperfmperf pni pclmulqdq ssse3 fma cx16 pcid sse4_1 sse4_2 x2apic movbe popcnt tsc_deadline_timer aes xsave avx f16c rdrand hypervisor lahf_lm abm 3dnowprefetch cpuid_fault epb invpcid_single pti fsgsbase tsc_adjust bmi1 avx2 smep bmi2 invpcid rdseed adx smap xsaveopt dtherm ida arat pln pts hwp hwp_notify hwp_act_window hwp_epp
bugs		: cpu_meltdown spectre_v1 spectre_v2 spec_store_bypass l1tf
bogomips	: 5184.00
clflush size	: 64
cache_alignment	: 64
address sizes	: 42 bits physical, 48 bits virtual
power management:



Memory: 4k page, physical 3065896k(24208k free), swap 998396k(0k free)

vm_info: OpenJDK 64-Bit Server VM (25.181-b13) for linux-amd64 JRE (1.8.0_181-8u181-b13-1ubuntu0.16.04.1-b13), built on Oct 23 2018 04:39:49 by "buildd" with gcc 5.4.0 20160609

time: Sun Dec  2 20:43:43 2018
elapsed time: 13 seconds (0d 0h 0m 13s)

