#
# There is insufficient memory for the Java Runtime Environment to continue.
# Native memory allocation (mmap) failed to map 54525952 bytes for committing reserved memory.
# Possible reasons:
#   The system is out of physical RAM or swap space
#   In 32 bit mode, the process size limit was hit
# Possible solutions:
#   Reduce memory load on the system
#   Increase physical memory or swap space
#   Check if swap backing store is full
#   Use 64 bit Java on a 64 bit OS
#   Decrease Java heap size (-Xmx/-Xms)
#   Decrease number of Java threads
#   Decrease Java thread stack sizes (-Xss)
#   Set larger code cache with -XX:ReservedCodeCacheSize=
# This output file may be truncated or incomplete.
#
#  Out of Memory Error (os_linux.cpp:2643), pid=125341, tid=0x00007ff541440700
#
# JRE version: OpenJDK Runtime Environment (8.0_181-b13) (build 1.8.0_181-8u181-b13-1ubuntu0.16.04.1-b13)
# Java VM: OpenJDK 64-Bit Server VM (25.181-b13 mixed mode linux-amd64 compressed oops)
# Failed to write core dump. Core dumps have been disabled. To enable core dumping, try "ulimit -c unlimited" before starting Java again
#

---------------  T H R E A D  ---------------

Current thread (0x00007ff5580fb800):  VMThread [stack: 0x00007ff541340000,0x00007ff541441000] [id=125345]

Stack: [0x00007ff541340000,0x00007ff541441000],  sp=0x00007ff54143f4a0,  free space=1021k
Native frames: (J=compiled Java code, j=interpreted, Vv=VM code, C=native code)
V  [libjvm.so+0xa70f1b]
V  [libjvm.so+0x4c893c]
V  [libjvm.so+0x8bda48]
V  [libjvm.so+0x8b7dde]
V  [libjvm.so+0x933246]
V  [libjvm.so+0x934573]
V  [libjvm.so+0x930c3b]
V  [libjvm.so+0x929a69]
V  [libjvm.so+0x44c943]
V  [libjvm.so+0xa724a9]
V  [libjvm.so+0xa77d67]
V  [libjvm.so+0xa75467]
V  [libjvm.so+0xa768ef]
V  [libjvm.so+0xa76de1]
V  [libjvm.so+0x8bae52]

VM_Operation (0x00007ff55ef6b9c0): CollectForMetadataAllocation, mode: safepoint, requested by thread 0x00007ff55800a800


---------------  P R O C E S S  ---------------

Java Threads: ( => current thread )
  0x00007ff55839e800 JavaThread "pool-2-thread-6" daemon [_thread_blocked, id=125365, stack(0x00007ff51f6a5000,0x00007ff51f7a6000)]
  0x00007ff55839c800 JavaThread "pool-2-thread-5" daemon [_thread_blocked, id=125364, stack(0x00007ff51f7a6000,0x00007ff51f8a7000)]
  0x00007ff55839b000 JavaThread "pool-2-thread-4" daemon [_thread_blocked, id=125363, stack(0x00007ff51f957000,0x00007ff51fa58000)]
  0x00007ff558399000 JavaThread "pool-2-thread-3" daemon [_thread_blocked, id=125362, stack(0x00007ff51fa58000,0x00007ff51fb59000)]
  0x00007ff558398000 JavaThread "pool-2-thread-2" daemon [_thread_blocked, id=125361, stack(0x00007ff51fbfe000,0x00007ff51fcff000)]
  0x00007ff558397000 JavaThread "pool-2-thread-1" daemon [_thread_blocked, id=125360, stack(0x00007ff51fcff000,0x00007ff51fe00000)]
  0x00007ff5581e1800 JavaThread "process reaper" daemon [_thread_blocked, id=125355, stack(0x00007ff54018c000,0x00007ff5401c5000)]
  0x00007ff558141800 JavaThread "Service Thread" daemon [_thread_blocked, id=125351, stack(0x00007ff540312000,0x00007ff540413000)]
  0x00007ff55813e800 JavaThread "C1 CompilerThread1" daemon [_thread_blocked, id=125350, stack(0x00007ff540413000,0x00007ff540514000)]
  0x00007ff55813b800 JavaThread "C2 CompilerThread0" daemon [_thread_blocked, id=125349, stack(0x00007ff540514000,0x00007ff540615000)]
  0x00007ff55813a000 JavaThread "Signal Dispatcher" daemon [_thread_blocked, id=125348, stack(0x00007ff540615000,0x00007ff540716000)]
  0x00007ff558107800 JavaThread "Finalizer" daemon [_thread_blocked, id=125347, stack(0x00007ff54113e000,0x00007ff54123f000)]
  0x00007ff558105000 JavaThread "Reference Handler" daemon [_thread_blocked, id=125346, stack(0x00007ff54123f000,0x00007ff541340000)]
  0x00007ff55800a800 JavaThread "main" [_thread_blocked, id=125342, stack(0x00007ff55ee71000,0x00007ff55ef72000)]

Other Threads:
=>0x00007ff5580fb800 VMThread [stack: 0x00007ff541340000,0x00007ff541441000] [id=125345]
  0x00007ff558144000 WatcherThread [stack: 0x00007ff540211000,0x00007ff540312000] [id=125352]

VM state:at safepoint (normal execution)

VM Mutex/Monitor currently owned by a thread:  ([mutex/lock_event])
[0x00007ff558006f80] Threads_lock - owner thread: 0x00007ff5580fb800
[0x00007ff558007480] Heap_lock - owner thread: 0x00007ff55800a800

Heap:
 PSYoungGen      total 53248K, used 4082K [0x00000000f0600000, 0x00000000f3e00000, 0x0000000100000000)
  eden space 49152K, 0% used [0x00000000f0600000,0x00000000f0600000,0x00000000f3600000)
  from space 4096K, 99% used [0x00000000f3600000,0x00000000f39fcb58,0x00000000f3a00000)
  to   space 4096K, 0% used [0x00000000f3a00000,0x00000000f3a00000,0x00000000f3e00000)
 ParOldGen       total 32768K, used 8147K [0x00000000d1200000, 0x00000000d3200000, 0x00000000f0600000)
  object space 32768K, 24% used [0x00000000d1200000,0x00000000d19f4c08,0x00000000d3200000)
 Metaspace       used 20875K, capacity 21166K, committed 21248K, reserved 1067008K
  class space    used 3451K, capacity 3577K, committed 3584K, reserved 1048576K

Card table byte_map: [0x00007ff548288000,0x00007ff548400000] byte_map_base: 0x00007ff547bff000

Marking Bits: (ParMarkBitMap*) 0x00007ff55e1413a0
 Begin Bits: [0x00007ff542890000, 0x00007ff543448000)
 End Bits:   [0x00007ff543448000, 0x00007ff544000000)

Polling page: 0x00007ff55ef95000

CodeCache: size=245760Kb used=6504Kb max_used=6515Kb free=239256Kb
 bounds [0x00007ff5487c0000, 0x00007ff548e20000, 0x00007ff5577c0000]
 total_blobs=2799 nmethods=2402 adapters=311
 compilation: enabled

Compilation events (10 events):
Event: 5.275 Thread 0x00007ff55813e800 2400       3       java.lang.String::lastIndexOf (25 bytes)
Event: 5.276 Thread 0x00007ff55813e800 nmethod 2400 0x00007ff548e18510 code [0x00007ff548e18680, 0x00007ff548e18828]
Event: 5.351 Thread 0x00007ff55813e800 2403       3       sun.misc.ASCIICaseInsensitiveComparator::compare (126 bytes)
Event: 5.352 Thread 0x00007ff55813e800 nmethod 2403 0x00007ff548e1b110 code [0x00007ff548e1b320, 0x00007ff548e1bf18]
Event: 5.367 Thread 0x00007ff55813e800 2404       3       java.io.OutputStream::<init> (5 bytes)
Event: 5.367 Thread 0x00007ff55813e800 nmethod 2404 0x00007ff548e1c550 code [0x00007ff548e1c6c0, 0x00007ff548e1c870]
Event: 5.373 Thread 0x00007ff55813b800 2405  s!   4       java.net.URLStreamHandler::getHostAddress (54 bytes)
Event: 5.375 Thread 0x00007ff55813b800 nmethod 2405 0x00007ff548e1f890 code [0x00007ff548e1f9e0, 0x00007ff548e1fd38]
Event: 5.376 Thread 0x00007ff55813e800 2406       1       scala.UniquenessCache::map (5 bytes)
Event: 5.376 Thread 0x00007ff55813e800 nmethod 2406 0x00007ff548e1f5d0 code [0x00007ff548e1f720, 0x00007ff548e1f830]

GC Heap History (10 events):
Event: 1.304 GC heap after
Heap after GC invocations=2 (full 0):
 PSYoungGen      total 14336K, used 2032K [0x00000000f0600000, 0x00000000f2200000, 0x0000000100000000)
  eden space 12288K, 0% used [0x00000000f0600000,0x00000000f0600000,0x00000000f1200000)
  from space 2048K, 99% used [0x00000000f1400000,0x00000000f15fc010,0x00000000f1600000)
  to   space 2048K, 0% used [0x00000000f1200000,0x00000000f1200000,0x00000000f1400000)
 ParOldGen       total 32768K, used 1450K [0x00000000d1200000, 0x00000000d3200000, 0x00000000f0600000)
  object space 32768K, 4% used [0x00000000d1200000,0x00000000d136ab70,0x00000000d3200000)
 Metaspace       used 9752K, capacity 9982K, committed 10240K, reserved 1058816K
  class space    used 1640K, capacity 1703K, committed 1792K, reserved 1048576K
}
Event: 1.755 GC heap before
{Heap before GC invocations=3 (full 0):
 PSYoungGen      total 14336K, used 14320K [0x00000000f0600000, 0x00000000f2200000, 0x0000000100000000)
  eden space 12288K, 100% used [0x00000000f0600000,0x00000000f1200000,0x00000000f1200000)
  from space 2048K, 99% used [0x00000000f1400000,0x00000000f15fc010,0x00000000f1600000)
  to   space 2048K, 0% used [0x00000000f1200000,0x00000000f1200000,0x00000000f1400000)
 ParOldGen       total 32768K, used 1450K [0x00000000d1200000, 0x00000000d3200000, 0x00000000f0600000)
  object space 32768K, 4% used [0x00000000d1200000,0x00000000d136ab70,0x00000000d3200000)
 Metaspace       used 12998K, capacity 13234K, committed 13312K, reserved 1060864K
  class space    used 2219K, capacity 2279K, committed 2304K, reserved 1048576K
Event: 1.762 GC heap after
Heap after GC invocations=3 (full 0):
 PSYoungGen      total 14336K, used 2047K [0x00000000f0600000, 0x00000000f2200000, 0x0000000100000000)
  eden space 12288K, 0% used [0x00000000f0600000,0x00000000f0600000,0x00000000f1200000)
  from space 2048K, 99% used [0x00000000f1200000,0x00000000f13ffc90,0x00000000f1400000)
  to   space 2048K, 0% used [0x00000000f2000000,0x00000000f2000000,0x00000000f2200000)
 ParOldGen       total 32768K, used 3020K [0x00000000d1200000, 0x00000000d3200000, 0x00000000f0600000)
  object space 32768K, 9% used [0x00000000d1200000,0x00000000d14f30f0,0x00000000d3200000)
 Metaspace       used 12998K, capacity 13234K, committed 13312K, reserved 1060864K
  class space    used 2219K, capacity 2279K, committed 2304K, reserved 1048576K
}
Event: 1.976 GC heap before
{Heap before GC invocations=4 (full 0):
 PSYoungGen      total 14336K, used 14335K [0x00000000f0600000, 0x00000000f2200000, 0x0000000100000000)
  eden space 12288K, 100% used [0x00000000f0600000,0x00000000f1200000,0x00000000f1200000)
  from space 2048K, 99% used [0x00000000f1200000,0x00000000f13ffc90,0x00000000f1400000)
  to   space 2048K, 0% used [0x00000000f2000000,0x00000000f2000000,0x00000000f2200000)
 ParOldGen       total 32768K, used 3020K [0x00000000d1200000, 0x00000000d3200000, 0x00000000f0600000)
  object space 32768K, 9% used [0x00000000d1200000,0x00000000d14f30f0,0x00000000d3200000)
 Metaspace       used 13864K, capacity 14142K, committed 14336K, reserved 1060864K
  class space    used 2384K, capacity 2473K, committed 2560K, reserved 1048576K
Event: 1.991 GC heap after
Heap after GC invocations=4 (full 0):
 PSYoungGen      total 26624K, used 2031K [0x00000000f0600000, 0x00000000f2200000, 0x0000000100000000)
  eden space 24576K, 0% used [0x00000000f0600000,0x00000000f0600000,0x00000000f1e00000)
  from space 2048K, 99% used [0x00000000f2000000,0x00000000f21fbcc0,0x00000000f2200000)
  to   space 2048K, 0% used [0x00000000f1e00000,0x00000000f1e00000,0x00000000f2000000)
 ParOldGen       total 32768K, used 3594K [0x00000000d1200000, 0x00000000d3200000, 0x00000000f0600000)
  object space 32768K, 10% used [0x00000000d1200000,0x00000000d1582a88,0x00000000d3200000)
 Metaspace       used 13864K, capacity 14142K, committed 14336K, reserved 1060864K
  class space    used 2384K, capacity 2473K, committed 2560K, reserved 1048576K
}
Event: 2.353 GC heap before
{Heap before GC invocations=5 (full 0):
 PSYoungGen      total 26624K, used 26607K [0x00000000f0600000, 0x00000000f2200000, 0x0000000100000000)
  eden space 24576K, 100% used [0x00000000f0600000,0x00000000f1e00000,0x00000000f1e00000)
  from space 2048K, 99% used [0x00000000f2000000,0x00000000f21fbcc0,0x00000000f2200000)
  to   space 2048K, 0% used [0x00000000f1e00000,0x00000000f1e00000,0x00000000f2000000)
 ParOldGen       total 32768K, used 3594K [0x00000000d1200000, 0x00000000d3200000, 0x00000000f0600000)
  object space 32768K, 10% used [0x00000000d1200000,0x00000000d1582a88,0x00000000d3200000)
 Metaspace       used 14320K, capacity 14590K, committed 14848K, reserved 1060864K
  class space    used 2442K, capacity 2537K, committed 2560K, reserved 1048576K
Event: 2.360 GC heap after
Heap after GC invocations=5 (full 0):
 PSYoungGen      total 26624K, used 2047K [0x00000000f0600000, 0x00000000f3e00000, 0x0000000100000000)
  eden space 24576K, 0% used [0x00000000f0600000,0x00000000f0600000,0x00000000f1e00000)
  from space 2048K, 99% used [0x00000000f1e00000,0x00000000f1fffcb0,0x00000000f2000000)
  to   space 4096K, 0% used [0x00000000f3a00000,0x00000000f3a00000,0x00000000f3e00000)
 ParOldGen       total 32768K, used 4306K [0x00000000d1200000, 0x00000000d3200000, 0x00000000f0600000)
  object space 32768K, 13% used [0x00000000d1200000,0x00000000d1634a88,0x00000000d3200000)
 Metaspace       used 14320K, capacity 14590K, committed 14848K, reserved 1060864K
  class space    used 2442K, capacity 2537K, committed 2560K, reserved 1048576K
}
Event: 4.716 GC heap before
{Heap before GC invocations=6 (full 0):
 PSYoungGen      total 26624K, used 26623K [0x00000000f0600000, 0x00000000f3e00000, 0x0000000100000000)
  eden space 24576K, 100% used [0x00000000f0600000,0x00000000f1e00000,0x00000000f1e00000)
  from space 2048K, 99% used [0x00000000f1e00000,0x00000000f1fffcb0,0x00000000f2000000)
  to   space 4096K, 0% used [0x00000000f3a00000,0x00000000f3a00000,0x00000000f3e00000)
 ParOldGen       total 32768K, used 4306K [0x00000000d1200000, 0x00000000d3200000, 0x00000000f0600000)
  object space 32768K, 13% used [0x00000000d1200000,0x00000000d1634a88,0x00000000d3200000)
 Metaspace       used 14978K, capacity 15342K, committed 15488K, reserved 1062912K
  class space    used 2537K, capacity 2681K, committed 2688K, reserved 1048576K
Event: 4.737 GC heap after
Heap after GC invocations=6 (full 0):
 PSYoungGen      total 53248K, used 3180K [0x00000000f0600000, 0x00000000f3e00000, 0x0000000100000000)
  eden space 49152K, 0% used [0x00000000f0600000,0x00000000f0600000,0x00000000f3600000)
  from space 4096K, 77% used [0x00000000f3a00000,0x00000000f3d1b1e8,0x00000000f3e00000)
  to   space 4096K, 0% used [0x00000000f3600000,0x00000000f3600000,0x00000000f3a00000)
 ParOldGen       total 32768K, used 4314K [0x00000000d1200000, 0x00000000d3200000, 0x00000000f0600000)
  object space 32768K, 13% used [0x00000000d1200000,0x00000000d1636a88,0x00000000d3200000)
 Metaspace       used 14978K, capacity 15342K, committed 15488K, reserved 1062912K
  class space    used 2537K, capacity 2681K, committed 2688K, reserved 1048576K
}
Event: 5.449 GC heap before
{Heap before GC invocations=7 (full 0):
 PSYoungGen      total 53248K, used 41133K [0x00000000f0600000, 0x00000000f3e00000, 0x0000000100000000)
  eden space 49152K, 77% used [0x00000000f0600000,0x00000000f2b10320,0x00000000f3600000)
  from space 4096K, 77% used [0x00000000f3a00000,0x00000000f3d1b1e8,0x00000000f3e00000)
  to   space 4096K, 0% used [0x00000000f3600000,0x00000000f3600000,0x00000000f3a00000)
 ParOldGen       total 32768K, used 4314K [0x00000000d1200000, 0x00000000d3200000, 0x00000000f0600000)
  object space 32768K, 13% used [0x00000000d1200000,0x00000000d1636a88,0x00000000d3200000)
 Metaspace       used 20875K, capacity 21166K, committed 21248K, reserved 1067008K
  class space    used 3451K, capacity 3577K, committed 3584K, reserved 1048576K

Deoptimization events (10 events):
Event: 4.543 Thread 0x00007ff55800a800 Uncommon trap: reason=unstable_if action=reinterpret pc=0x00007ff5489d7e44 method=java.lang.CharacterDataLatin1.toUpperCase(I)I @ 12
Event: 4.546 Thread 0x00007ff55800a800 Uncommon trap: reason=unstable_if action=reinterpret pc=0x00007ff548950360 method=sun.misc.URLClassPath.getLoader(I)Lsun/misc/URLClassPath$Loader; @ 36
Event: 4.546 Thread 0x00007ff55800a800 Uncommon trap: reason=unstable_if action=reinterpret pc=0x00007ff54897b2b4 method=sun.misc.URLClassPath$JarLoader.ensureOpen()V @ 4
Event: 4.635 Thread 0x00007ff55800a800 Uncommon trap: reason=bimorphic action=maybe_recompile pc=0x00007ff548a7ede8 method=java.lang.ClassLoader.loadClass(Ljava/lang/String;Z)Ljava/lang/Class; @ 38
Event: 4.635 Thread 0x00007ff55800a800 Uncommon trap: reason=unstable_if action=reinterpret pc=0x00007ff548a7ebec method=java.lang.ClassLoader.getClassLoadingLock(Ljava/lang/String;)Ljava/lang/Object; @ 6
Event: 4.635 Thread 0x00007ff55800a800 Uncommon trap: reason=unstable_if action=reinterpret pc=0x00007ff548d3e13c method=java.util.jar.JarFile.getManEntry()Ljava/util/jar/JarEntry; @ 4
Event: 4.652 Thread 0x00007ff55800a800 Uncommon trap: reason=unstable_if action=reinterpret pc=0x00007ff548d8fbcc method=java.util.jar.JarFile.getManifestFromReference()Ljava/util/jar/Manifest; @ 4
Event: 4.668 Thread 0x00007ff55800a800 Uncommon trap: reason=unstable_if action=reinterpret pc=0x00007ff5489d06d4 method=sun.net.www.ParseUtil.encodePath(Ljava/lang/String;Z)Ljava/lang/String; @ 116
Event: 5.051 Thread 0x00007ff55800a800 Uncommon trap: reason=unstable_if action=reinterpret pc=0x00007ff548ac035c method=java.lang.CharacterDataLatin1.digit(II)I @ 82
Event: 5.149 Thread 0x00007ff55800a800 Uncommon trap: reason=class_check action=maybe_recompile pc=0x00007ff548b3dee4 method=java.util.regex.Pattern$Slice.match(Ljava/util/regex/Matcher;ILjava/lang/CharSequence;)Z @ 75

Classes redefined (0 events):
No events

Internal exceptions (10 events):
Event: 0.616 Thread 0x00007ff55800a800 Exception <a 'java/security/PrivilegedActionException'> (0x00000000f0685058) thrown at [/build/openjdk-8-lTwZJE/openjdk-8-8u181-b13/src/hotspot/src/share/vm/prims/jvm.cpp, line 1435]
Event: 0.616 Thread 0x00007ff55800a800 Exception <a 'java/security/PrivilegedActionException'> (0x00000000f06870e0) thrown at [/build/openjdk-8-lTwZJE/openjdk-8-8u181-b13/src/hotspot/src/share/vm/prims/jvm.cpp, line 1435]
Event: 0.616 Thread 0x00007ff55800a800 Exception <a 'java/security/PrivilegedActionException'> (0x00000000f06872f0) thrown at [/build/openjdk-8-lTwZJE/openjdk-8-8u181-b13/src/hotspot/src/share/vm/prims/jvm.cpp, line 1435]
Event: 0.616 Thread 0x00007ff55800a800 Exception <a 'java/security/PrivilegedActionException'> (0x00000000f0687dc8) thrown at [/build/openjdk-8-lTwZJE/openjdk-8-8u181-b13/src/hotspot/src/share/vm/prims/jvm.cpp, line 1435]
Event: 0.616 Thread 0x00007ff55800a800 Exception <a 'java/security/PrivilegedActionException'> (0x00000000f0687fd8) thrown at [/build/openjdk-8-lTwZJE/openjdk-8-8u181-b13/src/hotspot/src/share/vm/prims/jvm.cpp, line 1435]
Event: 1.297 Thread 0x00007ff55800a800 Exception <a 'java/lang/NoSuchFieldError': method resolution failed> (0x00000000f11fc5d0) thrown at [/build/openjdk-8-lTwZJE/openjdk-8-8u181-b13/src/hotspot/src/share/vm/prims/methodHandles.cpp, line 1167]
Event: 1.314 Thread 0x00007ff55800a800 Exception <a 'java/lang/NoSuchFieldError': method resolution failed> (0x00000000f063c9a0) thrown at [/build/openjdk-8-lTwZJE/openjdk-8-8u181-b13/src/hotspot/src/share/vm/prims/methodHandles.cpp, line 1167]
Event: 1.661 Thread 0x00007ff558397000 Implicit null exception at 0x00007ff54897e0db to 0x00007ff54897e291
Event: 5.062 Thread 0x00007ff55800a800 Exception <a 'java/io/FileNotFoundException'> (0x00000000f1aaf3d0) thrown at [/build/openjdk-8-lTwZJE/openjdk-8-8u181-b13/src/hotspot/src/share/vm/prims/jni.cpp, line 709]
Event: 5.181 Thread 0x00007ff55800a800 Exception <a 'java/lang/NoSuchMethodError': org.slf4j.impl.StaticMDCBinder.getSingleton()Lorg/slf4j/impl/StaticMDCBinder;> (0x00000000f22ef308) thrown at [/build/openjdk-8-lTwZJE/openjdk-8-8u181-b13/src/hotspot/src/share/vm/interpreter/linkResolver.cpp, l

Events (10 events):
Event: 5.396 loading class scala/runtime/VolatileByteRef done
Event: 5.396 loading class argonaut/derive/HListProductDecodeJson$$anonfun$hcons$1$$anonfun$apply$4
Event: 5.396 loading class argonaut/derive/HListProductDecodeJson$$anonfun$hcons$1$$anonfun$apply$4 done
Event: 5.397 loading class argonaut/derive/ProductDecodeJson$$anonfun$generic$1$$anonfun$apply$1
Event: 5.397 loading class argonaut/derive/ProductDecodeJson$$anonfun$generic$1$$anonfun$apply$1 done
Event: 5.397 loading class argonaut/DecodeJson$$anon$2
Event: 5.397 loading class argonaut/DecodeJson$$anon$2 done
Event: 5.397 loading class jupyter/kernel/protocol/ShellRequestDecodeJsons$anon$derivedDecodeJson$macro$1783$1
Event: 5.397 loading class jupyter/kernel/protocol/ShellRequestDecodeJsons$anon$derivedDecodeJson$macro$1783$1 done
Event: 5.403 Executing VM operation: CollectForMetadataAllocation


Dynamic libraries:
00400000-00401000 r-xp 00000000 08:01 803085                             /usr/lib/jvm/java-8-openjdk-amd64/jre/bin/java
00600000-00601000 r--p 00000000 08:01 803085                             /usr/lib/jvm/java-8-openjdk-amd64/jre/bin/java
00601000-00602000 rw-p 00001000 08:01 803085                             /usr/lib/jvm/java-8-openjdk-amd64/jre/bin/java
01b9a000-01cb5000 rw-p 00000000 00:00 0                                  [heap]
d1200000-d3200000 rw-p 00000000 00:00 0 
d3200000-f0600000 ---p 00000000 00:00 0 
f0600000-f3e00000 rw-p 00000000 00:00 0 
f7200000-100000000 ---p 00000000 00:00 0 
100000000-100380000 rw-p 00000000 00:00 0 
100380000-140000000 ---p 00000000 00:00 0 
7ff504000000-7ff504282000 rw-p 00000000 00:00 0 
7ff504282000-7ff508000000 ---p 00000000 00:00 0 
7ff508fff000-7ff50c000000 rw-p 00000000 00:00 0 
7ff50c000000-7ff50c128000 rw-p 00000000 00:00 0 
7ff50c128000-7ff510000000 ---p 00000000 00:00 0 
7ff510000000-7ff51022f000 rw-p 00000000 00:00 0 
7ff51022f000-7ff514000000 ---p 00000000 00:00 0 
7ff514000000-7ff514021000 rw-p 00000000 00:00 0 
7ff514021000-7ff518000000 ---p 00000000 00:00 0 
7ff518000000-7ff518021000 rw-p 00000000 00:00 0 
7ff518021000-7ff51c000000 ---p 00000000 00:00 0 
7ff51e662000-7ff51e679000 r-xp 00000000 08:01 803144                     /usr/lib/jvm/java-8-openjdk-amd64/jre/lib/amd64/libnet.so
7ff51e679000-7ff51e878000 ---p 00017000 08:01 803144                     /usr/lib/jvm/java-8-openjdk-amd64/jre/lib/amd64/libnet.so
7ff51e878000-7ff51e879000 r--p 00016000 08:01 803144                     /usr/lib/jvm/java-8-openjdk-amd64/jre/lib/amd64/libnet.so
7ff51e879000-7ff51e87a000 rw-p 00017000 08:01 803144                     /usr/lib/jvm/java-8-openjdk-amd64/jre/lib/amd64/libnet.so
7ff51e87a000-7ff51e88b000 r-xp 00000000 08:01 803143                     /usr/lib/jvm/java-8-openjdk-amd64/jre/lib/amd64/libnio.so
7ff51e88b000-7ff51ea8b000 ---p 00011000 08:01 803143                     /usr/lib/jvm/java-8-openjdk-amd64/jre/lib/amd64/libnio.so
7ff51ea8b000-7ff51ea8c000 r--p 00011000 08:01 803143                     /usr/lib/jvm/java-8-openjdk-amd64/jre/lib/amd64/libnio.so
7ff51ea8c000-7ff51ea8d000 rw-p 00012000 08:01 803143                     /usr/lib/jvm/java-8-openjdk-amd64/jre/lib/amd64/libnio.so
7ff51ea8d000-7ff51ebcd000 rw-p 00000000 00:00 0 
7ff51ebcd000-7ff51ec8d000 ---p 00000000 00:00 0 
7ff51ec8d000-7ff51ee8d000 rw-p 00000000 00:00 0 
7ff51ee8d000-7ff51ee90000 r--s 00011000 08:01 807203                     /home/user/.coursier/cache/v1/https/repo1.maven.org/maven2/com/lihaoyi/fastparse-utils_2.11/0.4.2/fastparse-utils_2.11-0.4.2.jar
7ff51ee90000-7ff51ee97000 r--s 00042000 08:01 807208                     /home/user/.coursier/cache/v1/https/repo1.maven.org/maven2/com/github/alexarchambault/case-app_2.11/1.1.3/case-app_2.11-1.1.3.jar
7ff51ee97000-7ff51ee99000 r--s 0000a000 08:01 807225                     /home/user/.coursier/cache/v1/https/repo1.maven.org/maven2/com/github/alexarchambault/case-app-util_2.11/1.1.3/case-app-util_2.11-1.1.3.jar
7ff51ee99000-7ff51eea4000 r--s 00069000 08:01 807253                     /home/user/.coursier/cache/v1/https/repo1.maven.org/maven2/ch/qos/logback/logback-core/1.2.1/logback-core-1.2.1.jar
7ff51eea4000-7ff51eea9000 r--s 00039000 08:01 807259                     /home/user/.coursier/cache/v1/https/repo1.maven.org/maven2/org/zeromq/jeromq/0.3.6/jeromq-0.3.6.jar
7ff51eea9000-7ff51eebc000 r--s 000bb000 08:01 807205                     /home/user/.coursier/cache/v1/https/repo1.maven.org/maven2/org/jupyter-scala/kernel_2.11/0.4.1/kernel_2.11-0.4.1.jar
7ff51eebc000-7ff51eebe000 r--s 00009000 08:01 807266                     /home/user/.coursier/cache/v1/https/repo1.maven.org/maven2/org/slf4j/slf4j-api/1.7.22/slf4j-api-1.7.22.jar
7ff51eebe000-7ff51eec4000 r--s 00046000 08:01 807275                     /home/user/.coursier/cache/v1/https/repo1.maven.org/maven2/ch/qos/logback/logback-classic/1.2.1/logback-classic-1.2.1.jar
7ff51eec4000-7ff51ef96000 r--s 00a6f000 08:01 807285                     /home/user/.coursier/cache/v1/https/repo1.maven.org/maven2/org/scalaz/scalaz-core_2.11/7.2.8/scalaz-core_2.11-7.2.8.jar
7ff51ef96000-7ff51f0a3000 r--s 00dd4000 08:01 807246                     /home/user/.coursier/cache/v1/https/repo1.maven.org/maven2/org/scala-lang/scala-compiler/2.11.11/scala-compiler-2.11.11.jar
7ff51f0a3000-7ff51f0a6000 ---p 00000000 00:00 0 
7ff51f0a6000-7ff51f1a4000 rw-p 00000000 00:00 0 
7ff51f1a4000-7ff51f1a7000 ---p 00000000 00:00 0 
7ff51f1a7000-7ff51f4a5000 rw-p 00000000 00:00 0 
7ff51f4a5000-7ff51f6a5000 rw-p 00000000 00:00 0 
7ff51f6a5000-7ff51f6a8000 ---p 00000000 00:00 0 
7ff51f6a8000-7ff51f7a6000 rw-p 00000000 00:00 0 
7ff51f7a6000-7ff51f7a9000 ---p 00000000 00:00 0 
7ff51f7a9000-7ff51f8a7000 rw-p 00000000 00:00 0 
7ff51f8a7000-7ff51f8a8000 r--s 00006000 08:01 807207                     /home/user/.coursier/cache/v1/https/repo1.maven.org/maven2/com/github/alexarchambault/case-app-annotations_2.11/1.1.3/case-app-annotations_2.11-1.1.3.jar
7ff51f8a8000-7ff51f8ad000 r--s 00044000 08:01 807300                     /home/user/.coursier/cache/v1/https/repo1.maven.org/maven2/org/scodec/scodec-bits_2.11/1.1.2/scodec-bits_2.11-1.1.2.jar
7ff51f8ad000-7ff51f8dd000 r--s 001c7000 08:01 807281                     /home/user/.coursier/cache/v1/https/repo1.maven.org/maven2/io/argonaut/argonaut_2.11/6.2/argonaut_2.11-6.2.jar
7ff51f8dd000-7ff51f8e7000 r--s 00069000 08:01 807307                     /home/user/.coursier/cache/v1/https/repo1.maven.org/maven2/com/lihaoyi/scalaparse_2.11/0.4.2/scalaparse_2.11-0.4.2.jar
7ff51f8e7000-7ff51f8ea000 r--s 00016000 08:01 807311                     /home/user/.coursier/cache/v1/https/repo1.maven.org/maven2/org/jupyter-scala/scala-kernel_2.11.11/0.4.2/scala-kernel_2.11.11-0.4.2.jar
7ff51f8ea000-7ff51f8ee000 r--s 00029000 08:01 807324                     /home/user/.coursier/cache/v1/https/repo1.maven.org/maven2/org/jupyter-scala/kernel-protocol_2.11/0.4.1/kernel-protocol_2.11-0.4.1.jar
7ff51f8ee000-7ff51f911000 r--s 00155000 08:01 807348                     /home/user/.coursier/cache/v1/https/repo1.maven.org/maven2/org/scalaz/stream/scalaz-stream_2.11/0.8.6a/scalaz-stream_2.11-0.8.6a.jar
7ff51f911000-7ff51f957000 r--s 00317000 08:01 807336                     /home/user/.coursier/cache/v1/https/repo1.maven.org/maven2/com/chuusai/shapeless_2.11/2.3.2/shapeless_2.11-2.3.2.jar
7ff51f957000-7ff51f95a000 ---p 00000000 00:00 0 
7ff51f95a000-7ff51fa58000 rw-p 00000000 00:00 0 
7ff51fa58000-7ff51fa5b000 ---p 00000000 00:00 0 
7ff51fa5b000-7ff51fb59000 rw-p 00000000 00:00 0 
7ff51fb59000-7ff51fb5a000 r--s 00000000 08:01 807233                     /home/user/.coursier/cache/v1/https/repo1.maven.org/maven2/org/typelevel/macro-compat_2.11/1.1.1/macro-compat_2.11-1.1.1.jar
7ff51fb5a000-7ff51fb5b000 r--s 00008000 08:01 807293                     /home/user/.coursier/cache/v1/https/repo1.maven.org/maven2/com/typesafe/scala-logging/scala-logging_2.11/3.5.0/scala-logging_2.11-3.5.0.jar
7ff51fb5b000-7ff51fb61000 r--s 0004d000 08:01 807344                     /home/user/.coursier/cache/v1/https/repo1.maven.org/maven2/com/lihaoyi/fastparse_2.11/0.4.2/fastparse_2.11-0.4.2.jar
7ff51fb61000-7ff51fb65000 r--s 0001b000 08:01 807362                     /home/user/.coursier/cache/v1/https/repo1.maven.org/maven2/com/github/alexarchambault/argonaut-shapeless_6.2_2.11/1.2.0-M5/argonaut-shapeless_6.2_2.11-1.2.0-M5.jar
7ff51fb65000-7ff51fb68000 r--s 00015000 08:01 807242                     /home/user/.coursier/cache/v1/https/repo1.maven.org/maven2/org/jupyter-scala/scala-cli_2.11.11/0.4.2/scala-cli_2.11.11-0.4.2.jar
7ff51fb68000-7ff51fb72000 r--s 00074000 08:01 807377                     /home/user/.coursier/cache/v1/https/repo1.maven.org/maven2/org/jupyter-scala/ammonite-compiler_2.11.11/0.8.3-1/ammonite-compiler_2.11.11-0.8.3-1.jar
7ff51fb72000-7ff51fb7a000 r--s 0004b000 08:01 807374                     /home/user/.coursier/cache/v1/https/repo1.maven.org/maven2/io/get-coursier/coursier-cache_2.11/1.0.0-RC2/coursier-cache_2.11-1.0.0-RC2.jar
7ff51fb7a000-7ff51fb80000 r--s 00050000 08:01 807318                     /home/user/.coursier/cache/v1/https/repo1.maven.org/maven2/org/jsoup/jsoup/1.10.2/jsoup-1.10.2.jar
7ff51fb80000-7ff51fb8b000 r--s 0005d000 08:01 807365                     /home/user/.coursier/cache/v1/https/repo1.maven.org/maven2/org/scala-lang/modules/scala-parser-combinators_2.11/1.0.4/scala-parser-combinators_2.11-1.0.4.jar
7ff51fb8b000-7ff51fb90000 r--s 00047000 08:01 807328                     /home/user/.coursier/cache/v1/https/repo1.maven.org/maven2/org/jupyter-scala/ammonite-ops_2.11/0.8.3-1/ammonite-ops_2.11-0.8.3-1.jar
7ff51fb90000-7ff51fbe9000 r--s 00523000 08:01 807237                     /home/user/.coursier/cache/v1/https/repo1.maven.org/maven2/org/scala-lang/scala-library/2.11.11/scala-library-2.11.11.jar
7ff51fbe9000-7ff51fbf3000 r--s 0009a000 08:01 807217                     /home/user/.coursier/cache/v1/https/repo1.maven.org/maven2/org/scala-lang/modules/scala-xml_2.11/1.0.6/scala-xml_2.11-1.0.6.jar
7ff51fbf3000-7ff51fbfe000 r--s 00074000 08:01 807252                     /home/user/.coursier/cache/v1/https/repo1.maven.org/maven2/org/jupyter-scala/ammonite-runtime_2.11.11/0.8.3-1/ammonite-runtime_2.11.11-0.8.3-1.jar
7ff51fbfe000-7ff51fc01000 ---p 00000000 00:00 0 
7ff51fc01000-7ff51fcff000 rw-p 00000000 00:00 0 
7ff51fcff000-7ff51fd02000 ---p 00000000 00:00 0 
7ff51fd02000-7ff520000000 rw-p 00000000 00:00 0 
7ff520000000-7ff520bb6000 rw-p 00000000 00:00 0 
7ff520bb6000-7ff524000000 ---p 00000000 00:00 0 
7ff524000000-7ff524021000 rw-p 00000000 00:00 0 
7ff524021000-7ff528000000 ---p 00000000 00:00 0 
7ff528000000-7ff528021000 rw-p 00000000 00:00 0 
7ff528021000-7ff52c000000 ---p 00000000 00:00 0 
7ff52c000000-7ff52dab2000 rw-p 00000000 00:00 0 
7ff52dab2000-7ff530000000 ---p 00000000 00:00 0 
7ff530000000-7ff530021000 rw-p 00000000 00:00 0 
7ff530021000-7ff534000000 ---p 00000000 00:00 0 
7ff534000000-7ff534021000 rw-p 00000000 00:00 0 
7ff534021000-7ff538000000 ---p 00000000 00:00 0 
7ff538000000-7ff538021000 rw-p 00000000 00:00 0 
7ff538021000-7ff53c000000 ---p 00000000 00:00 0 
7ff53c000000-7ff53c021000 rw-p 00000000 00:00 0 
7ff53c021000-7ff540000000 ---p 00000000 00:00 0 
7ff540000000-7ff540001000 r--s 00007000 08:01 807320                     /home/user/.coursier/cache/v1/https/repo1.maven.org/maven2/org/jupyter-scala/kernel-api_2.11/0.4.1/kernel-api_2.11-0.4.1.jar
7ff540001000-7ff540003000 r--s 0000f000 08:01 807314                     /home/user/.coursier/cache/v1/https/repo1.maven.org/maven2/com/lihaoyi/derive_2.11/0.4.4/derive_2.11-0.4.4.jar
7ff540003000-7ff540007000 r--s 00023000 08:01 807360                     /home/user/.coursier/cache/v1/https/repo1.maven.org/maven2/org/scalaj/scalaj-http_2.11/2.3.0/scalaj-http_2.11-2.3.0.jar
7ff540007000-7ff540009000 r--s 00012000 08:01 807339                     /home/user/.coursier/cache/v1/https/repo1.maven.org/maven2/com/lihaoyi/fansi_2.11/0.2.3/fansi_2.11-0.2.3.jar
7ff540009000-7ff54000e000 r--s 00048000 08:01 807334                     /home/user/.coursier/cache/v1/https/repo1.maven.org/maven2/com/lihaoyi/pprint_2.11/0.4.4/pprint_2.11-0.4.4.jar
7ff54000e000-7ff540016000 r--s 0004c000 08:01 807222                     /home/user/.coursier/cache/v1/https/repo1.maven.org/maven2/org/scalaz/scalaz-concurrent_2.11/7.2.8/scalaz-concurrent_2.11-7.2.8.jar
7ff540016000-7ff540019000 r--s 0001a000 08:01 807269                     /home/user/.coursier/cache/v1/https/repo1.maven.org/maven2/com/lihaoyi/sourcecode_2.11/0.1.3/sourcecode_2.11-0.1.3.jar
7ff540019000-7ff54003f000 r--s 00196000 08:01 807280                     /home/user/.coursier/cache/v1/https/repo1.maven.org/maven2/io/get-coursier/coursier_2.11/1.0.0-RC2/coursier_2.11-1.0.0-RC2.jar
7ff54003f000-7ff54008b000 r--s 00418000 08:01 807351                     /home/user/.coursier/cache/v1/https/repo1.maven.org/maven2/org/scala-lang/scala-reflect/2.11.11/scala-reflect-2.11.11.jar
7ff54008b000-7ff54008e000 ---p 00000000 00:00 0 
7ff54008e000-7ff54018c000 rw-p 00000000 00:00 0 
7ff54018c000-7ff54018f000 ---p 00000000 00:00 0 
7ff54018f000-7ff5401c5000 rw-p 00000000 00:00 0 
7ff5401c5000-7ff540211000 r--s 0024b000 08:01 806309                     /home/user/.coursier/bootstrap/1.0.0-RC1/coursier-cli_2.11-1.0.0-RC1-standalone.jar
7ff540211000-7ff540212000 ---p 00000000 00:00 0 
7ff540212000-7ff540312000 rw-p 00000000 00:00 0 
7ff540312000-7ff540315000 ---p 00000000 00:00 0 
7ff540315000-7ff540413000 rw-p 00000000 00:00 0 
7ff540413000-7ff540416000 ---p 00000000 00:00 0 
7ff540416000-7ff540514000 rw-p 00000000 00:00 0 
7ff540514000-7ff540517000 ---p 00000000 00:00 0 
7ff540517000-7ff540615000 rw-p 00000000 00:00 0 
7ff540615000-7ff540618000 ---p 00000000 00:00 0 
7ff540618000-7ff540716000 rw-p 00000000 00:00 0 
7ff540716000-7ff54113e000 r--p 00000000 08:01 2105158                    /usr/lib/locale/locale-archive
7ff54113e000-7ff541141000 ---p 00000000 00:00 0 
7ff541141000-7ff54123f000 rw-p 00000000 00:00 0 
7ff54123f000-7ff541242000 ---p 00000000 00:00 0 
7ff541242000-7ff541340000 rw-p 00000000 00:00 0 
7ff541340000-7ff541341000 ---p 00000000 00:00 0 
7ff541341000-7ff541d4a000 rw-p 00000000 00:00 0 
7ff541d4a000-7ff541f19000 r--s 03c33000 08:01 803184                     /usr/lib/jvm/java-8-openjdk-amd64/jre/lib/rt.jar
7ff541f19000-7ff544000000 rw-p 00000000 00:00 0 
7ff544000000-7ff54402b000 rw-p 00000000 00:00 0 
7ff54402b000-7ff548000000 ---p 00000000 00:00 0 
7ff548000000-7ff548001000 r--s 00001000 08:01 807355                     /home/user/.coursier/cache/v1/https/repo1.maven.org/maven2/org/jupyter-scala/scala-api_2.11.11/0.4.2/scala-api_2.11.11-0.4.2.jar
7ff548001000-7ff548003000 r--s 00013000 08:01 807296                     /home/user/.coursier/cache/v1/https/repo1.maven.org/maven2/org/spire-math/jawn-parser_2.11/0.10.3/jawn-parser_2.11-0.10.3.jar
7ff548003000-7ff548005000 r--s 0000d000 08:01 807262                     /home/user/.coursier/cache/v1/https/repo1.maven.org/maven2/com/lihaoyi/geny_2.11/0.1.1/geny_2.11-0.1.1.jar
7ff548005000-7ff54800b000 r--s 0005c000 08:01 807218                     /home/user/.coursier/cache/v1/https/repo1.maven.org/maven2/com/lihaoyi/upickle_2.11/0.4.4/upickle_2.11-0.4.4.jar
7ff54800b000-7ff548015000 r--s 00061000 08:01 807370                     /home/user/.coursier/cache/v1/https/repo1.maven.org/maven2/org/scalaz/scalaz-effect_2.11/7.2.8/scalaz-effect_2.11-7.2.8.jar
7ff548015000-7ff548017000 r--s 00016000 08:01 807235                     /home/user/.coursier/cache/v1/https/repo1.maven.org/maven2/org/jupyter-scala/ammonite-util_2.11.11/0.8.3-1/ammonite-util_2.11.11-0.8.3-1.jar
7ff548017000-7ff54801c000 r--s 0009d000 08:01 803185                     /usr/lib/jvm/java-8-openjdk-amd64/jre/lib/jsse.jar
7ff54801c000-7ff54801d000 r--s 00002000 08:01 807381                     /home/user/.local/share/jupyter/kernels/scala/launcher.jar
7ff54801d000-7ff548038000 r--s 00394000 08:01 803174                     /usr/lib/jvm/java-8-openjdk-amd64/jre/lib/ext/cldrdata.jar
7ff548038000-7ff548086000 rw-p 00000000 00:00 0 
7ff548086000-7ff548087000 ---p 00000000 00:00 0 
7ff548087000-7ff548187000 rw-p 00000000 00:00 0 
7ff548187000-7ff548188000 ---p 00000000 00:00 0 
7ff548188000-7ff548298000 rw-p 00000000 00:00 0 
7ff548298000-7ff548382000 ---p 00000000 00:00 0 
7ff548382000-7ff54839e000 rw-p 00000000 00:00 0 
7ff54839e000-7ff5483ff000 ---p 00000000 00:00 0 
7ff5483ff000-7ff54841a000 rw-p 00000000 00:00 0 
7ff54841a000-7ff5487c0000 ---p 00000000 00:00 0 
7ff5487c0000-7ff548e20000 rwxp 00000000 00:00 0 
7ff548e20000-7ff5577c0000 ---p 00000000 00:00 0 
7ff5577c0000-7ff5577c8000 r-xp 00000000 08:01 803135                     /usr/lib/jvm/java-8-openjdk-amd64/jre/lib/amd64/libzip.so
7ff5577c8000-7ff5579c7000 ---p 00008000 08:01 803135                     /usr/lib/jvm/java-8-openjdk-amd64/jre/lib/amd64/libzip.so
7ff5579c7000-7ff5579c8000 r--p 00007000 08:01 803135                     /usr/lib/jvm/java-8-openjdk-amd64/jre/lib/amd64/libzip.so
7ff5579c8000-7ff5579c9000 rw-p 00008000 08:01 803135                     /usr/lib/jvm/java-8-openjdk-amd64/jre/lib/amd64/libzip.so
7ff5579c9000-7ff5579d4000 r-xp 00000000 08:01 2889153                    /lib/x86_64-linux-gnu/libnss_files-2.23.so
7ff5579d4000-7ff557bd3000 ---p 0000b000 08:01 2889153                    /lib/x86_64-linux-gnu/libnss_files-2.23.so
7ff557bd3000-7ff557bd4000 r--p 0000a000 08:01 2889153                    /lib/x86_64-linux-gnu/libnss_files-2.23.so
7ff557bd4000-7ff557bd5000 rw-p 0000b000 08:01 2889153                    /lib/x86_64-linux-gnu/libnss_files-2.23.so
7ff557bd5000-7ff557bdb000 rw-p 00000000 00:00 0 
7ff557bdb000-7ff557be6000 r-xp 00000000 08:01 2889163                    /lib/x86_64-linux-gnu/libnss_nis-2.23.so
7ff557be6000-7ff557de5000 ---p 0000b000 08:01 2889163                    /lib/x86_64-linux-gnu/libnss_nis-2.23.so
7ff557de5000-7ff557de6000 r--p 0000a000 08:01 2889163                    /lib/x86_64-linux-gnu/libnss_nis-2.23.so
7ff557de6000-7ff557de7000 rw-p 0000b000 08:01 2889163                    /lib/x86_64-linux-gnu/libnss_nis-2.23.so
7ff557de7000-7ff557dfd000 r-xp 00000000 08:01 2889147                    /lib/x86_64-linux-gnu/libnsl-2.23.so
7ff557dfd000-7ff557ffc000 ---p 00016000 08:01 2889147                    /lib/x86_64-linux-gnu/libnsl-2.23.so
7ff557ffc000-7ff557ffd000 r--p 00015000 08:01 2889147                    /lib/x86_64-linux-gnu/libnsl-2.23.so
7ff557ffd000-7ff557ffe000 rw-p 00016000 08:01 2889147                    /lib/x86_64-linux-gnu/libnsl-2.23.so
7ff557ffe000-7ff558000000 rw-p 00000000 00:00 0 
7ff558000000-7ff5589d1000 rw-p 00000000 00:00 0 
7ff5589d1000-7ff55c000000 ---p 00000000 00:00 0 
7ff55c000000-7ff55c01b000 r--s 001d6000 08:01 803177                     /usr/lib/jvm/java-8-openjdk-amd64/jre/lib/ext/nashorn.jar
7ff55c01b000-7ff55c01c000 r--s 0000a000 08:01 803181                     /usr/lib/jvm/java-8-openjdk-amd64/jre/lib/ext/jaccess.jar
7ff55c01c000-7ff55c01e000 r--s 00008000 08:01 803178                     /usr/lib/jvm/java-8-openjdk-amd64/jre/lib/ext/sunec.jar
7ff55c01e000-7ff55c028000 r--s 00116000 08:01 803175                     /usr/lib/jvm/java-8-openjdk-amd64/jre/lib/ext/localedata.jar
7ff55c028000-7ff55c038000 rw-p 00000000 00:00 0 
7ff55c038000-7ff55c122000 ---p 00000000 00:00 0 
7ff55c122000-7ff55c12a000 r-xp 00000000 08:01 2889149                    /lib/x86_64-linux-gnu/libnss_compat-2.23.so
7ff55c12a000-7ff55c329000 ---p 00008000 08:01 2889149                    /lib/x86_64-linux-gnu/libnss_compat-2.23.so
7ff55c329000-7ff55c32a000 r--p 00007000 08:01 2889149                    /lib/x86_64-linux-gnu/libnss_compat-2.23.so
7ff55c32a000-7ff55c32b000 rw-p 00008000 08:01 2889149                    /lib/x86_64-linux-gnu/libnss_compat-2.23.so
7ff55c32b000-7ff55c358000 r-xp 00000000 08:01 803155                     /usr/lib/jvm/java-8-openjdk-amd64/jre/lib/amd64/libjava.so
7ff55c358000-7ff55c557000 ---p 0002d000 08:01 803155                     /usr/lib/jvm/java-8-openjdk-amd64/jre/lib/amd64/libjava.so
7ff55c557000-7ff55c558000 r--p 0002c000 08:01 803155                     /usr/lib/jvm/java-8-openjdk-amd64/jre/lib/amd64/libjava.so
7ff55c558000-7ff55c55a000 rw-p 0002d000 08:01 803155                     /usr/lib/jvm/java-8-openjdk-amd64/jre/lib/amd64/libjava.so
7ff55c55a000-7ff55c569000 r-xp 00000000 08:01 803127                     /usr/lib/jvm/java-8-openjdk-amd64/jre/lib/amd64/libverify.so
7ff55c569000-7ff55c768000 ---p 0000f000 08:01 803127                     /usr/lib/jvm/java-8-openjdk-amd64/jre/lib/amd64/libverify.so
7ff55c768000-7ff55c76a000 r--p 0000e000 08:01 803127                     /usr/lib/jvm/java-8-openjdk-amd64/jre/lib/amd64/libverify.so
7ff55c76a000-7ff55c76b000 rw-p 00010000 08:01 803127                     /usr/lib/jvm/java-8-openjdk-amd64/jre/lib/amd64/libverify.so
7ff55c76b000-7ff55c772000 r-xp 00000000 08:01 2889208                    /lib/x86_64-linux-gnu/librt-2.23.so
7ff55c772000-7ff55c971000 ---p 00007000 08:01 2889208                    /lib/x86_64-linux-gnu/librt-2.23.so
7ff55c971000-7ff55c972000 r--p 00006000 08:01 2889208                    /lib/x86_64-linux-gnu/librt-2.23.so
7ff55c972000-7ff55c973000 rw-p 00007000 08:01 2889208                    /lib/x86_64-linux-gnu/librt-2.23.so
7ff55c973000-7ff55c989000 r-xp 00000000 08:01 2889092                    /lib/x86_64-linux-gnu/libgcc_s.so.1
7ff55c989000-7ff55cb88000 ---p 00016000 08:01 2889092                    /lib/x86_64-linux-gnu/libgcc_s.so.1
7ff55cb88000-7ff55cb89000 rw-p 00015000 08:01 2889092                    /lib/x86_64-linux-gnu/libgcc_s.so.1
7ff55cb89000-7ff55cc91000 r-xp 00000000 08:01 2889124                    /lib/x86_64-linux-gnu/libm-2.23.so
7ff55cc91000-7ff55ce90000 ---p 00108000 08:01 2889124                    /lib/x86_64-linux-gnu/libm-2.23.so
7ff55ce90000-7ff55ce91000 r--p 00107000 08:01 2889124                    /lib/x86_64-linux-gnu/libm-2.23.so
7ff55ce91000-7ff55ce92000 rw-p 00108000 08:01 2889124                    /lib/x86_64-linux-gnu/libm-2.23.so
7ff55ce92000-7ff55d004000 r-xp 00000000 08:01 2107766                    /usr/lib/x86_64-linux-gnu/libstdc++.so.6.0.21
7ff55d004000-7ff55d204000 ---p 00172000 08:01 2107766                    /usr/lib/x86_64-linux-gnu/libstdc++.so.6.0.21
7ff55d204000-7ff55d20e000 r--p 00172000 08:01 2107766                    /usr/lib/x86_64-linux-gnu/libstdc++.so.6.0.21
7ff55d20e000-7ff55d210000 rw-p 0017c000 08:01 2107766                    /usr/lib/x86_64-linux-gnu/libstdc++.so.6.0.21
7ff55d210000-7ff55d214000 rw-p 00000000 00:00 0 
7ff55d214000-7ff55de71000 r-xp 00000000 08:01 803133                     /usr/lib/jvm/java-8-openjdk-amd64/jre/lib/amd64/server/libjvm.so
7ff55de71000-7ff55e071000 ---p 00c5d000 08:01 803133                     /usr/lib/jvm/java-8-openjdk-amd64/jre/lib/amd64/server/libjvm.so
7ff55e071000-7ff55e105000 r--p 00c5d000 08:01 803133                     /usr/lib/jvm/java-8-openjdk-amd64/jre/lib/amd64/server/libjvm.so
7ff55e105000-7ff55e12e000 rw-p 00cf1000 08:01 803133                     /usr/lib/jvm/java-8-openjdk-amd64/jre/lib/amd64/server/libjvm.so
7ff55e12e000-7ff55e15e000 rw-p 00000000 00:00 0 
7ff55e15e000-7ff55e176000 r-xp 00000000 08:01 2889200                    /lib/x86_64-linux-gnu/libpthread-2.23.so
7ff55e176000-7ff55e375000 ---p 00018000 08:01 2889200                    /lib/x86_64-linux-gnu/libpthread-2.23.so
7ff55e375000-7ff55e376000 r--p 00017000 08:01 2889200                    /lib/x86_64-linux-gnu/libpthread-2.23.so
7ff55e376000-7ff55e377000 rw-p 00018000 08:01 2889200                    /lib/x86_64-linux-gnu/libpthread-2.23.so
7ff55e377000-7ff55e37b000 rw-p 00000000 00:00 0 
7ff55e37b000-7ff55e37e000 r-xp 00000000 08:01 2889078                    /lib/x86_64-linux-gnu/libdl-2.23.so
7ff55e37e000-7ff55e57d000 ---p 00003000 08:01 2889078                    /lib/x86_64-linux-gnu/libdl-2.23.so
7ff55e57d000-7ff55e57e000 r--p 00002000 08:01 2889078                    /lib/x86_64-linux-gnu/libdl-2.23.so
7ff55e57e000-7ff55e57f000 rw-p 00003000 08:01 2889078                    /lib/x86_64-linux-gnu/libdl-2.23.so
7ff55e57f000-7ff55e598000 r-xp 00000000 08:01 2889245                    /lib/x86_64-linux-gnu/libz.so.1.2.8
7ff55e598000-7ff55e797000 ---p 00019000 08:01 2889245                    /lib/x86_64-linux-gnu/libz.so.1.2.8
7ff55e797000-7ff55e798000 r--p 00018000 08:01 2889245                    /lib/x86_64-linux-gnu/libz.so.1.2.8
7ff55e798000-7ff55e799000 rw-p 00019000 08:01 2889245                    /lib/x86_64-linux-gnu/libz.so.1.2.8
7ff55e799000-7ff55e959000 r-xp 00000000 08:01 2889054                    /lib/x86_64-linux-gnu/libc-2.23.so
7ff55e959000-7ff55eb59000 ---p 001c0000 08:01 2889054                    /lib/x86_64-linux-gnu/libc-2.23.so
7ff55eb59000-7ff55eb5d000 r--p 001c0000 08:01 2889054                    /lib/x86_64-linux-gnu/libc-2.23.so
7ff55eb5d000-7ff55eb5f000 rw-p 001c4000 08:01 2889054                    /lib/x86_64-linux-gnu/libc-2.23.so
7ff55eb5f000-7ff55eb63000 rw-p 00000000 00:00 0 
7ff55eb63000-7ff55eb70000 r-xp 00000000 08:01 803131                     /usr/lib/jvm/java-8-openjdk-amd64/jre/lib/amd64/jli/libjli.so
7ff55eb70000-7ff55ed70000 ---p 0000d000 08:01 803131                     /usr/lib/jvm/java-8-openjdk-amd64/jre/lib/amd64/jli/libjli.so
7ff55ed70000-7ff55ed71000 r--p 0000d000 08:01 803131                     /usr/lib/jvm/java-8-openjdk-amd64/jre/lib/amd64/jli/libjli.so
7ff55ed71000-7ff55ed72000 rw-p 0000e000 08:01 803131                     /usr/lib/jvm/java-8-openjdk-amd64/jre/lib/amd64/jli/libjli.so
7ff55ed72000-7ff55ed98000 r-xp 00000000 08:01 2889026                    /lib/x86_64-linux-gnu/ld-2.23.so
7ff55ed98000-7ff55ed9b000 r--s 00038000 08:01 803179                     /usr/lib/jvm/java-8-openjdk-amd64/jre/lib/ext/sunpkcs11.jar
7ff55ed9b000-7ff55ed9d000 r--s 00001000 08:01 803180                     /usr/lib/jvm/java-8-openjdk-amd64/jre/lib/ext/dnsns.jar
7ff55ed9d000-7ff55eda0000 r--s 0000f000 08:01 803176                     /usr/lib/jvm/java-8-openjdk-amd64/jre/lib/ext/icedtea-sound.jar
7ff55eda0000-7ff55ee71000 rw-p 00000000 00:00 0 
7ff55ee71000-7ff55ee74000 ---p 00000000 00:00 0 
7ff55ee74000-7ff55ef76000 rw-p 00000000 00:00 0 
7ff55ef76000-7ff55ef77000 r--s 00010000 08:01 803182                     /usr/lib/jvm/java-8-openjdk-amd64/jre/lib/ext/zipfs.jar
7ff55ef77000-7ff55ef7d000 r--s 0003b000 08:01 803183                     /usr/lib/jvm/java-8-openjdk-amd64/jre/lib/ext/sunjce_provider.jar
7ff55ef7d000-7ff55ef8c000 rw-p 00000000 00:00 0 
7ff55ef8c000-7ff55ef94000 rw-s 00000000 08:01 1836275                    /tmp/hsperfdata_user/125341
7ff55ef94000-7ff55ef95000 rw-p 00000000 00:00 0 
7ff55ef95000-7ff55ef96000 ---p 00000000 00:00 0 
7ff55ef96000-7ff55ef97000 rw-p 00000000 00:00 0 
7ff55ef97000-7ff55ef98000 r--p 00025000 08:01 2889026                    /lib/x86_64-linux-gnu/ld-2.23.so
7ff55ef98000-7ff55ef99000 rw-p 00026000 08:01 2889026                    /lib/x86_64-linux-gnu/ld-2.23.so
7ff55ef99000-7ff55ef9a000 rw-p 00000000 00:00 0 
7ffd1007e000-7ffd1009f000 rw-p 00000000 00:00 0                          [stack]
7ffd10190000-7ffd10193000 r--p 00000000 00:00 0                          [vvar]
7ffd10193000-7ffd10195000 r-xp 00000000 00:00 0                          [vdso]
ffffffffff600000-ffffffffff601000 r-xp 00000000 00:00 0                  [vsyscall]

VM Arguments:
jvm_args: -Xverify:none 
java_command: /home/user/.local/share/jupyter/kernels/scala/launcher.jar launch -r sonatype:releases -r sonatype:snapshots -i ammonite -I ammonite:org.jupyter-scala:ammonite-runtime_2.11.11:0.8.3-1 -I ammonite:org.jupyter-scala:scala-api_2.11.11:0.4.2 org.jupyter-scala:scala-cli_2.11.11:0.4.2 -- --id scala --name Scala --quiet --connection-file /run/user/1000/jupyter/kernel-dd0dea1f-73ff-49d5-a741-bdbc4b5579cd.json
java_class_path (initial): /home/user/.local/share/jupyter/kernels/scala/launcher.jar
Launcher Type: SUN_STANDARD

Environment Variables:
PATH=/home/user/anaconda3/bin:/home/user/anaconda3/bin:/home/user/bin:/home/user/.local/bin:/usr/local/sbin:/usr/local/bin:/usr/sbin:/usr/bin:/sbin:/bin:/usr/games:/usr/local/games:/snap/bin
SHELL=/bin/bash
DISPLAY=:0.0

Signal Handlers:
SIGSEGV: [libjvm.so+0xa71a70], sa_mask[0]=11111111011111111101111111111110, sa_flags=SA_RESTART|SA_SIGINFO
SIGBUS: [libjvm.so+0xa71a70], sa_mask[0]=11111111011111111101111111111110, sa_flags=SA_RESTART|SA_SIGINFO
SIGFPE: [libjvm.so+0x8b8f80], sa_mask[0]=11111111011111111101111111111110, sa_flags=SA_RESTART|SA_SIGINFO
SIGPIPE: [libjvm.so+0x8b8f80], sa_mask[0]=11111111011111111101111111111110, sa_flags=SA_RESTART|SA_SIGINFO
SIGXFSZ: [libjvm.so+0x8b8f80], sa_mask[0]=11111111011111111101111111111110, sa_flags=SA_RESTART|SA_SIGINFO
SIGILL: [libjvm.so+0x8b8f80], sa_mask[0]=11111111011111111101111111111110, sa_flags=SA_RESTART|SA_SIGINFO
SIGUSR1: SIG_DFL, sa_mask[0]=00000000000000000000000000000000, sa_flags=none
SIGUSR2: [libjvm.so+0x8b8e30], sa_mask[0]=00000000000000000000000000000000, sa_flags=SA_RESTART|SA_SIGINFO
SIGHUP: [libjvm.so+0x8b9300], sa_mask[0]=11111111011111111101111111111110, sa_flags=SA_RESTART|SA_SIGINFO
SIGINT: [libjvm.so+0x8b9300], sa_mask[0]=11111111011111111101111111111110, sa_flags=SA_RESTART|SA_SIGINFO
SIGTERM: [libjvm.so+0x8b9300], sa_mask[0]=11111111011111111101111111111110, sa_flags=SA_RESTART|SA_SIGINFO
SIGQUIT: [libjvm.so+0x8b9300], sa_mask[0]=11111111011111111101111111111110, sa_flags=SA_RESTART|SA_SIGINFO


---------------  S Y S T E M  ---------------

OS:DISTRIB_ID=Ubuntu
DISTRIB_RELEASE=16.04
DISTRIB_CODENAME=xenial
DISTRIB_DESCRIPTION="Ubuntu 16.04.5 LTS"

uname:Linux 4.15.0-33-generic #36~16.04.1-Ubuntu SMP Wed Aug 15 17:21:05 UTC 2018 x86_64
libc:glibc 2.23 NPTL 2.23 
rlimit: STACK 8192k, CORE 0k, NPROC 7646, NOFILE 1048576, AS infinity
load average:3.18 1.41 0.63

/proc/meminfo:
MemTotal:        3065896 kB
MemFree:           23236 kB
MemAvailable:      27504 kB
Buffers:             480 kB
Cached:            39720 kB
SwapCached:         2368 kB
Active:          2246964 kB
Inactive:         569688 kB
Active(anon):    2240588 kB
Inactive(anon):   560212 kB
Active(file):       6376 kB
Inactive(file):     9476 kB
Unevictable:          64 kB
Mlocked:              64 kB
SwapTotal:        998396 kB
SwapFree:              0 kB
Dirty:               224 kB
Writeback:             0 kB
AnonPages:       2774200 kB
Mapped:            31888 kB
Shmem:             24308 kB
Slab:              89452 kB
SReclaimable:      35496 kB
SUnreclaim:        53956 kB
KernelStack:       14352 kB
PageTables:        37312 kB
NFS_Unstable:          0 kB
Bounce:                0 kB
WritebackTmp:          0 kB
CommitLimit:     2531344 kB
Committed_AS:    7495568 kB
VmallocTotal:   34359738367 kB
VmallocUsed:           0 kB
VmallocChunk:          0 kB
HardwareCorrupted:     0 kB
AnonHugePages:         0 kB
ShmemHugePages:        0 kB
ShmemPmdMapped:        0 kB
CmaTotal:              0 kB
CmaFree:               0 kB
HugePages_Total:       0
HugePages_Free:        0
HugePages_Rsvd:        0
HugePages_Surp:        0
Hugepagesize:       2048 kB
DirectMap4k:      278400 kB
DirectMap2M:     2867200 kB
DirectMap1G:           0 kB


CPU:total 2 (initial active 2) (1 cores per cpu, 1 threads per core) family 6 model 78 stepping 3, cmov, cx8, fxsr, mmx, sse, sse2, sse3, ssse3, sse4.1, sse4.2, popcnt, avx, avx2, aes, clmul, erms, 3dnowpref, lzcnt, tsc, tscinvbit, bmi1, bmi2, adx

/proc/cpuinfo:
processor	: 0
vendor_id	: GenuineIntel
cpu family	: 6
model		: 78
model name	: Intel(R) Core(TM) i7-6500U CPU @ 2.50GHz
stepping	: 3
microcode	: 0xba
cpu MHz		: 2592.004
cache size	: 4096 KB
physical id	: 0
siblings	: 1
core id		: 0
cpu cores	: 1
apicid		: 0
initial apicid	: 0
fpu		: yes
fpu_exception	: yes
cpuid level	: 22
wp		: yes
flags		: fpu vme de pse tsc msr pae mce cx8 apic sep mtrr pge mca cmov pat pse36 clflush dts mmx fxsr sse sse2 ss syscall nx pdpe1gb rdtscp lm constant_tsc arch_perfmon pebs bts nopl xtopology tsc_reliable nonstop_tsc cpuid aperfmperf pni pclmulqdq ssse3 fma cx16 pcid sse4_1 sse4_2 x2apic movbe popcnt tsc_deadline_timer aes xsave avx f16c rdrand hypervisor lahf_lm abm 3dnowprefetch cpuid_fault epb invpcid_single pti fsgsbase tsc_adjust bmi1 avx2 smep bmi2 invpcid rdseed adx smap xsaveopt dtherm ida arat pln pts hwp hwp_notify hwp_act_window hwp_epp
bugs		: cpu_meltdown spectre_v1 spectre_v2 spec_store_bypass l1tf
bogomips	: 5184.00
clflush size	: 64
cache_alignment	: 64
address sizes	: 42 bits physical, 48 bits virtual
power management:

processor	: 1
vendor_id	: GenuineIntel
cpu family	: 6
model		: 78
model name	: Intel(R) Core(TM) i7-6500U CPU @ 2.50GHz
stepping	: 3
microcode	: 0xba
cpu MHz		: 2592.004
cache size	: 4096 KB
physical id	: 2
siblings	: 1
core id		: 0
cpu cores	: 1
apicid		: 2
initial apicid	: 2
fpu		: yes
fpu_exception	: yes
cpuid level	: 22
wp		: yes
flags		: fpu vme de pse tsc msr pae mce cx8 apic sep mtrr pge mca cmov pat pse36 clflush dts mmx fxsr sse sse2 ss syscall nx pdpe1gb rdtscp lm constant_tsc arch_perfmon pebs bts nopl xtopology tsc_reliable nonstop_tsc cpuid aperfmperf pni pclmulqdq ssse3 fma cx16 pcid sse4_1 sse4_2 x2apic movbe popcnt tsc_deadline_timer aes xsave avx f16c rdrand hypervisor lahf_lm abm 3dnowprefetch cpuid_fault epb invpcid_single pti fsgsbase tsc_adjust bmi1 avx2 smep bmi2 invpcid rdseed adx smap xsaveopt dtherm ida arat pln pts hwp hwp_notify hwp_act_window hwp_epp
bugs		: cpu_meltdown spectre_v1 spectre_v2 spec_store_bypass l1tf
bogomips	: 5184.00
clflush size	: 64
cache_alignment	: 64
address sizes	: 42 bits physical, 48 bits virtual
power management:



Memory: 4k page, physical 3065896k(22676k free), swap 998396k(0k free)

vm_info: OpenJDK 64-Bit Server VM (25.181-b13) for linux-amd64 JRE (1.8.0_181-8u181-b13-1ubuntu0.16.04.1-b13), built on Oct 23 2018 04:39:49 by "buildd" with gcc 5.4.0 20160609

time: Sun Dec  2 20:45:06 2018
elapsed time: 5 seconds (0d 0h 0m 5s)

