#
# There is insufficient memory for the Java Runtime Environment to continue.
# Native memory allocation (mmap) failed to map 54525952 bytes for committing reserved memory.
# Possible reasons:
#   The system is out of physical RAM or swap space
#   In 32 bit mode, the process size limit was hit
# Possible solutions:
#   Reduce memory load on the system
#   Increase physical memory or swap space
#   Check if swap backing store is full
#   Use 64 bit Java on a 64 bit OS
#   Decrease Java heap size (-Xmx/-Xms)
#   Decrease number of Java threads
#   Decrease Java thread stack sizes (-Xss)
#   Set larger code cache with -XX:ReservedCodeCacheSize=
# This output file may be truncated or incomplete.
#
#  Out of Memory Error (os_linux.cpp:2643), pid=125226, tid=0x00007f7cced69700
#
# JRE version: OpenJDK Runtime Environment (8.0_181-b13) (build 1.8.0_181-8u181-b13-1ubuntu0.16.04.1-b13)
# Java VM: OpenJDK 64-Bit Server VM (25.181-b13 mixed mode linux-amd64 compressed oops)
# Failed to write core dump. Core dumps have been disabled. To enable core dumping, try "ulimit -c unlimited" before starting Java again
#

---------------  T H R E A D  ---------------

Current thread (0x00007f7ce00fb800):  VMThread [stack: 0x00007f7ccec69000,0x00007f7cced6a000] [id=125230]

Stack: [0x00007f7ccec69000,0x00007f7cced6a000],  sp=0x00007f7cced684a0,  free space=1021k
Native frames: (J=compiled Java code, j=interpreted, Vv=VM code, C=native code)
V  [libjvm.so+0xa70f1b]
V  [libjvm.so+0x4c893c]
V  [libjvm.so+0x8bda48]
V  [libjvm.so+0x8b7dde]
V  [libjvm.so+0x933246]
V  [libjvm.so+0x934573]
V  [libjvm.so+0x930c3b]
V  [libjvm.so+0x929a69]
V  [libjvm.so+0x44c943]
V  [libjvm.so+0xa724a9]
V  [libjvm.so+0xa77d67]
V  [libjvm.so+0xa75467]
V  [libjvm.so+0xa768ef]
V  [libjvm.so+0xa76de1]
V  [libjvm.so+0x8bae52]

VM_Operation (0x00007f7ce885c8d0): CollectForMetadataAllocation, mode: safepoint, requested by thread 0x00007f7ce000a800


---------------  P R O C E S S  ---------------

Java Threads: ( => current thread )
  0x00007f7c90008800 JavaThread "pool-2-thread-5" daemon [_thread_blocked, id=125250, stack(0x00007f7ccd192000,0x00007f7ccd293000)]
  0x00007f7ce0431800 JavaThread "pool-2-thread-6" daemon [_thread_blocked, id=125249, stack(0x00007f7ccd293000,0x00007f7ccd394000)]
  0x00007f7ce042f800 JavaThread "pool-2-thread-4" daemon [_thread_blocked, id=125248, stack(0x00007f7ccd394000,0x00007f7ccd495000)]
  0x00007f7ce042e000 JavaThread "pool-2-thread-3" daemon [_thread_blocked, id=125247, stack(0x00007f7ccd495000,0x00007f7ccd596000)]
  0x00007f7ce042d000 JavaThread "pool-2-thread-2" daemon [_thread_blocked, id=125246, stack(0x00007f7ccd596000,0x00007f7ccd697000)]
  0x00007f7ce042c000 JavaThread "pool-2-thread-1" daemon [_thread_blocked, id=125245, stack(0x00007f7ccd798000,0x00007f7ccd899000)]
  0x00007f7ce03a8800 JavaThread "process reaper" daemon [_thread_blocked, id=125240, stack(0x00007f7ccd899000,0x00007f7ccd8d2000)]
  0x00007f7ce0149800 JavaThread "Service Thread" daemon [_thread_blocked, id=125236, stack(0x00007f7ccdc3b000,0x00007f7ccdd3c000)]
  0x00007f7ce013e800 JavaThread "C1 CompilerThread1" daemon [_thread_blocked, id=125235, stack(0x00007f7ccdd3c000,0x00007f7ccde3d000)]
  0x00007f7ce013b800 JavaThread "C2 CompilerThread0" daemon [_thread_blocked, id=125234, stack(0x00007f7ccde3d000,0x00007f7ccdf3e000)]
  0x00007f7ce013a000 JavaThread "Signal Dispatcher" daemon [_thread_blocked, id=125233, stack(0x00007f7ccdf3e000,0x00007f7cce03f000)]
  0x00007f7ce0107800 JavaThread "Finalizer" daemon [_thread_blocked, id=125232, stack(0x00007f7ccea67000,0x00007f7cceb68000)]
  0x00007f7ce0105000 JavaThread "Reference Handler" daemon [_thread_blocked, id=125231, stack(0x00007f7cceb68000,0x00007f7ccec69000)]
  0x00007f7ce000a800 JavaThread "main" [_thread_blocked, id=125227, stack(0x00007f7ce8762000,0x00007f7ce8863000)]

Other Threads:
=>0x00007f7ce00fb800 VMThread [stack: 0x00007f7ccec69000,0x00007f7cced6a000] [id=125230]
  0x00007f7ce014c000 WatcherThread [stack: 0x00007f7ccdb3a000,0x00007f7ccdc3b000] [id=125237]

VM state:at safepoint (normal execution)

VM Mutex/Monitor currently owned by a thread:  ([mutex/lock_event])
[0x00007f7ce0006f80] Threads_lock - owner thread: 0x00007f7ce00fb800
[0x00007f7ce0007480] Heap_lock - owner thread: 0x00007f7ce000a800

Heap:
 PSYoungGen      total 53248K, used 4094K [0x00000000f0600000, 0x00000000f3e00000, 0x0000000100000000)
  eden space 49152K, 0% used [0x00000000f0600000,0x00000000f0600000,0x00000000f3600000)
  from space 4096K, 99% used [0x00000000f3600000,0x00000000f39ffbb8,0x00000000f3a00000)
  to   space 4096K, 0% used [0x00000000f3a00000,0x00000000f3a00000,0x00000000f3e00000)
 ParOldGen       total 32768K, used 7616K [0x00000000d1200000, 0x00000000d3200000, 0x00000000f0600000)
  object space 32768K, 23% used [0x00000000d1200000,0x00000000d19703c8,0x00000000d3200000)
 Metaspace       used 20847K, capacity 21134K, committed 21248K, reserved 1067008K
  class space    used 3429K, capacity 3545K, committed 3584K, reserved 1048576K

Card table byte_map: [0x00007f7ce4c9b000,0x00007f7ce4e13000] byte_map_base: 0x00007f7ce4612000

Marking Bits: (ParMarkBitMap*) 0x00007f7ce7a323a0
 Begin Bits: [0x00007f7ccf890000, 0x00007f7cd0448000)
 End Bits:   [0x00007f7cd0448000, 0x00007f7cd1000000)

Polling page: 0x00007f7ce8886000

CodeCache: size=245760Kb used=6156Kb max_used=6156Kb free=239603Kb
 bounds [0x00007f7cd1000000, 0x00007f7cd1610000, 0x00007f7ce0000000]
 total_blobs=2783 nmethods=2386 adapters=311
 compilation: enabled

Compilation events (10 events):
Event: 4.855 Thread 0x00007f7ce013e800 2393       3       java.lang.String::lastIndexOf (11 bytes)
Event: 4.855 Thread 0x00007f7ce013e800 nmethod 2393 0x00007f7cd16012d0 code [0x00007f7cd1601440, 0x00007f7cd16016c8]
Event: 4.863 Thread 0x00007f7ce013b800 2394       4       java.lang.String::equalsIgnoreCase (48 bytes)
Event: 4.873 Thread 0x00007f7ce013b800 nmethod 2394 0x00007f7cd1605a90 code [0x00007f7cd1605c20, 0x00007f7cd16062d8]
Event: 4.895 Thread 0x00007f7ce013e800 2395       3       sun.misc.ASCIICaseInsensitiveComparator::compare (126 bytes)
Event: 4.896 Thread 0x00007f7ce013e800 nmethod 2395 0x00007f7cd1603010 code [0x00007f7cd1603220, 0x00007f7cd1603e18]
Event: 4.908 Thread 0x00007f7ce013e800 2396       3       java.io.OutputStream::<init> (5 bytes)
Event: 4.909 Thread 0x00007f7ce013e800 nmethod 2396 0x00007f7cd1602c10 code [0x00007f7cd1602d80, 0x00007f7cd1602f30]
Event: 4.914 Thread 0x00007f7ce013e800 2397       1       scala.UniquenessCache::map (5 bytes)
Event: 4.914 Thread 0x00007f7ce013e800 nmethod 2397 0x00007f7cd1602950 code [0x00007f7cd1602aa0, 0x00007f7cd1602bb0]

GC Heap History (10 events):
Event: 1.000 GC heap after
Heap after GC invocations=2 (full 0):
 PSYoungGen      total 14336K, used 2032K [0x00000000f0600000, 0x00000000f2200000, 0x0000000100000000)
  eden space 12288K, 0% used [0x00000000f0600000,0x00000000f0600000,0x00000000f1200000)
  from space 2048K, 99% used [0x00000000f1400000,0x00000000f15fc010,0x00000000f1600000)
  to   space 2048K, 0% used [0x00000000f1200000,0x00000000f1200000,0x00000000f1400000)
 ParOldGen       total 32768K, used 1484K [0x00000000d1200000, 0x00000000d3200000, 0x00000000f0600000)
  object space 32768K, 4% used [0x00000000d1200000,0x00000000d13731b0,0x00000000d3200000)
 Metaspace       used 9792K, capacity 9982K, committed 10240K, reserved 1058816K
  class space    used 1640K, capacity 1703K, committed 1792K, reserved 1048576K
}
Event: 1.396 GC heap before
{Heap before GC invocations=3 (full 0):
 PSYoungGen      total 14336K, used 14320K [0x00000000f0600000, 0x00000000f2200000, 0x0000000100000000)
  eden space 12288K, 100% used [0x00000000f0600000,0x00000000f1200000,0x00000000f1200000)
  from space 2048K, 99% used [0x00000000f1400000,0x00000000f15fc010,0x00000000f1600000)
  to   space 2048K, 0% used [0x00000000f1200000,0x00000000f1200000,0x00000000f1400000)
 ParOldGen       total 32768K, used 1484K [0x00000000d1200000, 0x00000000d3200000, 0x00000000f0600000)
  object space 32768K, 4% used [0x00000000d1200000,0x00000000d13731b0,0x00000000d3200000)
 Metaspace       used 13003K, capacity 13234K, committed 13312K, reserved 1060864K
  class space    used 2216K, capacity 2279K, committed 2304K, reserved 1048576K
Event: 1.405 GC heap after
Heap after GC invocations=3 (full 0):
 PSYoungGen      total 14336K, used 2047K [0x00000000f0600000, 0x00000000f2200000, 0x0000000100000000)
  eden space 12288K, 0% used [0x00000000f0600000,0x00000000f0600000,0x00000000f1200000)
  from space 2048K, 99% used [0x00000000f1200000,0x00000000f13ffcb0,0x00000000f1400000)
  to   space 2048K, 0% used [0x00000000f2000000,0x00000000f2000000,0x00000000f2200000)
 ParOldGen       total 32768K, used 3063K [0x00000000d1200000, 0x00000000d3200000, 0x00000000f0600000)
  object space 32768K, 9% used [0x00000000d1200000,0x00000000d14fdc68,0x00000000d3200000)
 Metaspace       used 13003K, capacity 13234K, committed 13312K, reserved 1060864K
  class space    used 2216K, capacity 2279K, committed 2304K, reserved 1048576K
}
Event: 1.687 GC heap before
{Heap before GC invocations=4 (full 0):
 PSYoungGen      total 14336K, used 14335K [0x00000000f0600000, 0x00000000f2200000, 0x0000000100000000)
  eden space 12288K, 100% used [0x00000000f0600000,0x00000000f1200000,0x00000000f1200000)
  from space 2048K, 99% used [0x00000000f1200000,0x00000000f13ffcb0,0x00000000f1400000)
  to   space 2048K, 0% used [0x00000000f2000000,0x00000000f2000000,0x00000000f2200000)
 ParOldGen       total 32768K, used 3063K [0x00000000d1200000, 0x00000000d3200000, 0x00000000f0600000)
  object space 32768K, 9% used [0x00000000d1200000,0x00000000d14fdc68,0x00000000d3200000)
 Metaspace       used 13814K, capacity 14078K, committed 14336K, reserved 1060864K
  class space    used 2384K, capacity 2473K, committed 2560K, reserved 1048576K
Event: 1.692 GC heap after
Heap after GC invocations=4 (full 0):
 PSYoungGen      total 26624K, used 2018K [0x00000000f0600000, 0x00000000f2200000, 0x0000000100000000)
  eden space 24576K, 0% used [0x00000000f0600000,0x00000000f0600000,0x00000000f1e00000)
  from space 2048K, 98% used [0x00000000f2000000,0x00000000f21f88e0,0x00000000f2200000)
  to   space 2048K, 0% used [0x00000000f1e00000,0x00000000f1e00000,0x00000000f2000000)
 ParOldGen       total 32768K, used 3618K [0x00000000d1200000, 0x00000000d3200000, 0x00000000f0600000)
  object space 32768K, 11% used [0x00000000d1200000,0x00000000d1588a50,0x00000000d3200000)
 Metaspace       used 13814K, capacity 14078K, committed 14336K, reserved 1060864K
  class space    used 2384K, capacity 2473K, committed 2560K, reserved 1048576K
}
Event: 2.167 GC heap before
{Heap before GC invocations=5 (full 0):
 PSYoungGen      total 26624K, used 26594K [0x00000000f0600000, 0x00000000f2200000, 0x0000000100000000)
  eden space 24576K, 100% used [0x00000000f0600000,0x00000000f1e00000,0x00000000f1e00000)
  from space 2048K, 98% used [0x00000000f2000000,0x00000000f21f88e0,0x00000000f2200000)
  to   space 2048K, 0% used [0x00000000f1e00000,0x00000000f1e00000,0x00000000f2000000)
 ParOldGen       total 32768K, used 3618K [0x00000000d1200000, 0x00000000d3200000, 0x00000000f0600000)
  object space 32768K, 11% used [0x00000000d1200000,0x00000000d1588a50,0x00000000d3200000)
 Metaspace       used 14294K, capacity 14590K, committed 14848K, reserved 1060864K
  class space    used 2433K, capacity 2537K, committed 2560K, reserved 1048576K
Event: 2.176 GC heap after
Heap after GC invocations=5 (full 0):
 PSYoungGen      total 26624K, used 2020K [0x00000000f0600000, 0x00000000f3e00000, 0x0000000100000000)
  eden space 24576K, 0% used [0x00000000f0600000,0x00000000f0600000,0x00000000f1e00000)
  from space 2048K, 98% used [0x00000000f1e00000,0x00000000f1ff9060,0x00000000f2000000)
  to   space 4096K, 0% used [0x00000000f3a00000,0x00000000f3a00000,0x00000000f3e00000)
 ParOldGen       total 32768K, used 4157K [0x00000000d1200000, 0x00000000d3200000, 0x00000000f0600000)
  object space 32768K, 12% used [0x00000000d1200000,0x00000000d160f6e0,0x00000000d3200000)
 Metaspace       used 14294K, capacity 14590K, committed 14848K, reserved 1060864K
  class space    used 2433K, capacity 2537K, committed 2560K, reserved 1048576K
}
Event: 4.275 GC heap before
{Heap before GC invocations=6 (full 0):
 PSYoungGen      total 26624K, used 26596K [0x00000000f0600000, 0x00000000f3e00000, 0x0000000100000000)
  eden space 24576K, 100% used [0x00000000f0600000,0x00000000f1e00000,0x00000000f1e00000)
  from space 2048K, 98% used [0x00000000f1e00000,0x00000000f1ff9060,0x00000000f2000000)
  to   space 4096K, 0% used [0x00000000f3a00000,0x00000000f3a00000,0x00000000f3e00000)
 ParOldGen       total 32768K, used 4157K [0x00000000d1200000, 0x00000000d3200000, 0x00000000f0600000)
  object space 32768K, 12% used [0x00000000d1200000,0x00000000d160f6e0,0x00000000d3200000)
 Metaspace       used 15055K, capacity 15470K, committed 15744K, reserved 1062912K
  class space    used 2537K, capacity 2681K, committed 2688K, reserved 1048576K
Event: 4.289 GC heap after
Heap after GC invocations=6 (full 0):
 PSYoungGen      total 53248K, used 2865K [0x00000000f0600000, 0x00000000f3e00000, 0x0000000100000000)
  eden space 49152K, 0% used [0x00000000f0600000,0x00000000f0600000,0x00000000f3600000)
  from space 4096K, 69% used [0x00000000f3a00000,0x00000000f3ccc598,0x00000000f3e00000)
  to   space 4096K, 0% used [0x00000000f3600000,0x00000000f3600000,0x00000000f3a00000)
 ParOldGen       total 32768K, used 4157K [0x00000000d1200000, 0x00000000d3200000, 0x00000000f0600000)
  object space 32768K, 12% used [0x00000000d1200000,0x00000000d160f6e0,0x00000000d3200000)
 Metaspace       used 15055K, capacity 15470K, committed 15744K, reserved 1062912K
  class space    used 2537K, capacity 2681K, committed 2688K, reserved 1048576K
}
Event: 4.918 GC heap before
{Heap before GC invocations=7 (full 0):
 PSYoungGen      total 53248K, used 38487K [0x00000000f0600000, 0x00000000f3e00000, 0x0000000100000000)
  eden space 49152K, 72% used [0x00000000f0600000,0x00000000f28c9670,0x00000000f3600000)
  from space 4096K, 69% used [0x00000000f3a00000,0x00000000f3ccc598,0x00000000f3e00000)
  to   space 4096K, 0% used [0x00000000f3600000,0x00000000f3600000,0x00000000f3a00000)
 ParOldGen       total 32768K, used 4157K [0x00000000d1200000, 0x00000000d3200000, 0x00000000f0600000)
  object space 32768K, 12% used [0x00000000d1200000,0x00000000d160f6e0,0x00000000d3200000)
 Metaspace       used 20847K, capacity 21134K, committed 21248K, reserved 1067008K
  class space    used 3429K, capacity 3545K, committed 3584K, reserved 1048576K

Deoptimization events (10 events):
Event: 4.081 Thread 0x00007f7ce000a800 Uncommon trap: reason=unstable_if action=reinterpret pc=0x00007f7cd11cc520 method=sun.misc.URLClassPath.getLoader(I)Lsun/misc/URLClassPath$Loader; @ 36
Event: 4.081 Thread 0x00007f7ce000a800 Uncommon trap: reason=unstable_if action=reinterpret pc=0x00007f7cd11c8ff4 method=sun.misc.URLClassPath$JarLoader.ensureOpen()V @ 4
Event: 4.084 Thread 0x00007f7ce000a800 Uncommon trap: reason=unstable_if action=reinterpret pc=0x00007f7cd118ce3c method=sun.misc.URLClassPath.getLoader(I)Lsun/misc/URLClassPath$Loader; @ 36
Event: 4.210 Thread 0x00007f7ce000a800 Uncommon trap: reason=bimorphic action=maybe_recompile pc=0x00007f7cd12c42a0 method=java.lang.ClassLoader.loadClass(Ljava/lang/String;Z)Ljava/lang/Class; @ 38
Event: 4.210 Thread 0x00007f7ce000a800 Uncommon trap: reason=unstable_if action=reinterpret pc=0x00007f7cd12c4108 method=java.lang.ClassLoader.getClassLoadingLock(Ljava/lang/String;)Ljava/lang/Object; @ 6
Event: 4.210 Thread 0x00007f7ce000a800 Uncommon trap: reason=unstable_if action=reinterpret pc=0x00007f7cd152946c method=java.util.jar.JarFile.getManEntry()Ljava/util/jar/JarEntry; @ 4
Event: 4.224 Thread 0x00007f7ce000a800 Uncommon trap: reason=unstable_if action=reinterpret pc=0x00007f7cd11ee454 method=sun.net.www.ParseUtil.encodePath(Ljava/lang/String;Z)Ljava/lang/String; @ 116
Event: 4.606 Thread 0x00007f7ce000a800 Uncommon trap: reason=unstable_if action=reinterpret pc=0x00007f7cd1565ae4 method=java.lang.Integer.valueOf(I)Ljava/lang/Integer; @ 3
Event: 4.744 Thread 0x00007f7ce000a800 Uncommon trap: reason=class_check action=maybe_recompile pc=0x00007f7cd1558520 method=java.util.regex.Pattern$Slice.match(Ljava/util/regex/Matcher;ILjava/lang/CharSequence;)Z @ 75
Event: 4.782 Thread 0x00007f7ce000a800 Uncommon trap: reason=unstable_if action=reinterpret pc=0x00007f7cd15f02a4 method=java.util.zip.ZipFile$ZipFileInputStream.read([BII)I @ 46

Classes redefined (0 events):
No events

Internal exceptions (10 events):
Event: 0.332 Thread 0x00007f7ce000a800 Exception <a 'java/security/PrivilegedActionException'> (0x00000000f06c2568) thrown at [/build/openjdk-8-lTwZJE/openjdk-8-8u181-b13/src/hotspot/src/share/vm/prims/jvm.cpp, line 1435]
Event: 0.332 Thread 0x00007f7ce000a800 Exception <a 'java/security/PrivilegedActionException'> (0x00000000f06c2778) thrown at [/build/openjdk-8-lTwZJE/openjdk-8-8u181-b13/src/hotspot/src/share/vm/prims/jvm.cpp, line 1435]
Event: 0.332 Thread 0x00007f7ce000a800 Exception <a 'java/security/PrivilegedActionException'> (0x00000000f06c4800) thrown at [/build/openjdk-8-lTwZJE/openjdk-8-8u181-b13/src/hotspot/src/share/vm/prims/jvm.cpp, line 1435]
Event: 0.332 Thread 0x00007f7ce000a800 Exception <a 'java/security/PrivilegedActionException'> (0x00000000f06c4a10) thrown at [/build/openjdk-8-lTwZJE/openjdk-8-8u181-b13/src/hotspot/src/share/vm/prims/jvm.cpp, line 1435]
Event: 0.332 Thread 0x00007f7ce000a800 Exception <a 'java/security/PrivilegedActionException'> (0x00000000f06c54e8) thrown at [/build/openjdk-8-lTwZJE/openjdk-8-8u181-b13/src/hotspot/src/share/vm/prims/jvm.cpp, line 1435]
Event: 0.332 Thread 0x00007f7ce000a800 Exception <a 'java/security/PrivilegedActionException'> (0x00000000f06c56f8) thrown at [/build/openjdk-8-lTwZJE/openjdk-8-8u181-b13/src/hotspot/src/share/vm/prims/jvm.cpp, line 1435]
Event: 0.991 Thread 0x00007f7ce000a800 Exception <a 'java/lang/NoSuchFieldError': method resolution failed> (0x00000000f11fa210) thrown at [/build/openjdk-8-lTwZJE/openjdk-8-8u181-b13/src/hotspot/src/share/vm/prims/methodHandles.cpp, line 1167]
Event: 1.001 Thread 0x00007f7ce000a800 Exception <a 'java/lang/NoSuchFieldError': method resolution failed> (0x00000000f0607a40) thrown at [/build/openjdk-8-lTwZJE/openjdk-8-8u181-b13/src/hotspot/src/share/vm/prims/methodHandles.cpp, line 1167]
Event: 4.651 Thread 0x00007f7ce000a800 Exception <a 'java/io/FileNotFoundException'> (0x00000000f195d418) thrown at [/build/openjdk-8-lTwZJE/openjdk-8-8u181-b13/src/hotspot/src/share/vm/prims/jni.cpp, line 709]
Event: 4.778 Thread 0x00007f7ce000a800 Exception <a 'java/lang/NoSuchMethodError': org.slf4j.impl.StaticMDCBinder.getSingleton()Lorg/slf4j/impl/StaticMDCBinder;> (0x00000000f21ca890) thrown at [/build/openjdk-8-lTwZJE/openjdk-8-8u181-b13/src/hotspot/src/share/vm/interpreter/linkResolver.cpp, l

Events (10 events):
Event: 4.916 loading class jupyter/kernel/protocol/ShellRequest$Execute$ done
Event: 4.916 loading class scala/runtime/AbstractFunction6
Event: 4.916 loading class scala/runtime/AbstractFunction6 done
Event: 4.916 loading class scala/Function6
Event: 4.916 loading class scala/Function6 done
Event: 4.917 loading class scala/Function6$class
Event: 4.917 loading class scala/Function6$class done
Event: 4.917 loading class jupyter/kernel/protocol/ShellRequestDecodeJsons$anon$derivedDecodeJson$macro$1753$1$anon$macro$1742$1
Event: 4.917 loading class jupyter/kernel/protocol/ShellRequestDecodeJsons$anon$derivedDecodeJson$macro$1753$1$anon$macro$1742$1 done
Event: 4.917 Executing VM operation: CollectForMetadataAllocation


Dynamic libraries:
00400000-00401000 r-xp 00000000 08:01 803085                             /usr/lib/jvm/java-8-openjdk-amd64/jre/bin/java
00600000-00601000 r--p 00000000 08:01 803085                             /usr/lib/jvm/java-8-openjdk-amd64/jre/bin/java
00601000-00602000 rw-p 00001000 08:01 803085                             /usr/lib/jvm/java-8-openjdk-amd64/jre/bin/java
01adc000-01b21000 rw-p 00000000 00:00 0                                  [heap]
d1200000-d3200000 rw-p 00000000 00:00 0 
d3200000-f0600000 ---p 00000000 00:00 0 
f0600000-f3e00000 rw-p 00000000 00:00 0 
f7200000-100000000 ---p 00000000 00:00 0 
100000000-100380000 rw-p 00000000 00:00 0 
100380000-140000000 ---p 00000000 00:00 0 
7f7c90000000-7f7c90077000 rw-p 00000000 00:00 0 
7f7c90077000-7f7c94000000 ---p 00000000 00:00 0 
7f7c94de7000-7f7c97de8000 rw-p 00000000 00:00 0 
7f7c97de8000-7f7c97dff000 r-xp 00000000 08:01 803144                     /usr/lib/jvm/java-8-openjdk-amd64/jre/lib/amd64/libnet.so
7f7c97dff000-7f7c97ffe000 ---p 00017000 08:01 803144                     /usr/lib/jvm/java-8-openjdk-amd64/jre/lib/amd64/libnet.so
7f7c97ffe000-7f7c97fff000 r--p 00016000 08:01 803144                     /usr/lib/jvm/java-8-openjdk-amd64/jre/lib/amd64/libnet.so
7f7c97fff000-7f7c98000000 rw-p 00017000 08:01 803144                     /usr/lib/jvm/java-8-openjdk-amd64/jre/lib/amd64/libnet.so
7f7c98000000-7f7c9802f000 rw-p 00000000 00:00 0 
7f7c9802f000-7f7c9c000000 ---p 00000000 00:00 0 
7f7c9c000000-7f7c9c18a000 rw-p 00000000 00:00 0 
7f7c9c18a000-7f7ca0000000 ---p 00000000 00:00 0 
7f7ca0000000-7f7ca0021000 rw-p 00000000 00:00 0 
7f7ca0021000-7f7ca4000000 ---p 00000000 00:00 0 
7f7ca4000000-7f7ca4021000 rw-p 00000000 00:00 0 
7f7ca4021000-7f7ca8000000 ---p 00000000 00:00 0 
7f7ca8000000-7f7ca8d74000 rw-p 00000000 00:00 0 
7f7ca8d74000-7f7cac000000 ---p 00000000 00:00 0 
7f7cac000000-7f7cac021000 rw-p 00000000 00:00 0 
7f7cac021000-7f7cb0000000 ---p 00000000 00:00 0 
7f7cb0000000-7f7cb0021000 rw-p 00000000 00:00 0 
7f7cb0021000-7f7cb4000000 ---p 00000000 00:00 0 
7f7cb4000000-7f7cb5dcb000 rw-p 00000000 00:00 0 
7f7cb5dcb000-7f7cb8000000 ---p 00000000 00:00 0 
7f7cb8000000-7f7cb8021000 rw-p 00000000 00:00 0 
7f7cb8021000-7f7cbc000000 ---p 00000000 00:00 0 
7f7cbc000000-7f7cbc021000 rw-p 00000000 00:00 0 
7f7cbc021000-7f7cc0000000 ---p 00000000 00:00 0 
7f7cc0000000-7f7cc0022000 rw-p 00000000 00:00 0 
7f7cc0022000-7f7cc4000000 ---p 00000000 00:00 0 
7f7cc4000000-7f7cc4021000 rw-p 00000000 00:00 0 
7f7cc4021000-7f7cc8000000 ---p 00000000 00:00 0 
7f7cc8000000-7f7cc8027000 rw-p 00000000 00:00 0 
7f7cc8027000-7f7ccc000000 ---p 00000000 00:00 0 
7f7ccc16b000-7f7ccc17c000 r-xp 00000000 08:01 803143                     /usr/lib/jvm/java-8-openjdk-amd64/jre/lib/amd64/libnio.so
7f7ccc17c000-7f7ccc37c000 ---p 00011000 08:01 803143                     /usr/lib/jvm/java-8-openjdk-amd64/jre/lib/amd64/libnio.so
7f7ccc37c000-7f7ccc37d000 r--p 00011000 08:01 803143                     /usr/lib/jvm/java-8-openjdk-amd64/jre/lib/amd64/libnio.so
7f7ccc37d000-7f7ccc37e000 rw-p 00012000 08:01 803143                     /usr/lib/jvm/java-8-openjdk-amd64/jre/lib/amd64/libnio.so
7f7ccc37e000-7f7ccc4be000 rw-p 00000000 00:00 0 
7f7ccc4be000-7f7ccc57e000 ---p 00000000 00:00 0 
7f7ccc57e000-7f7ccc77e000 rw-p 00000000 00:00 0 
7f7ccc77e000-7f7ccc781000 r--s 00011000 08:01 807203                     /home/user/.coursier/cache/v1/https/repo1.maven.org/maven2/com/lihaoyi/fastparse-utils_2.11/0.4.2/fastparse-utils_2.11-0.4.2.jar
7f7ccc781000-7f7ccc782000 r--s 00006000 08:01 807207                     /home/user/.coursier/cache/v1/https/repo1.maven.org/maven2/com/github/alexarchambault/case-app-annotations_2.11/1.1.3/case-app-annotations_2.11-1.1.3.jar
7f7ccc782000-7f7ccc78d000 r--s 00069000 08:01 807253                     /home/user/.coursier/cache/v1/https/repo1.maven.org/maven2/ch/qos/logback/logback-core/1.2.1/logback-core-1.2.1.jar
7f7ccc78d000-7f7ccc794000 r--s 00042000 08:01 807208                     /home/user/.coursier/cache/v1/https/repo1.maven.org/maven2/com/github/alexarchambault/case-app_2.11/1.1.3/case-app_2.11-1.1.3.jar
7f7ccc794000-7f7ccc796000 r--s 0000a000 08:01 807225                     /home/user/.coursier/cache/v1/https/repo1.maven.org/maven2/com/github/alexarchambault/case-app-util_2.11/1.1.3/case-app-util_2.11-1.1.3.jar
7f7ccc796000-7f7ccc797000 r--s 00000000 08:01 807233                     /home/user/.coursier/cache/v1/https/repo1.maven.org/maven2/org/typelevel/macro-compat_2.11/1.1.1/macro-compat_2.11-1.1.1.jar
7f7ccc797000-7f7ccc7aa000 r--s 000bb000 08:01 807205                     /home/user/.coursier/cache/v1/https/repo1.maven.org/maven2/org/jupyter-scala/kernel_2.11/0.4.1/kernel_2.11-0.4.1.jar
7f7ccc7aa000-7f7ccc7b4000 r--s 00074000 08:01 807377                     /home/user/.coursier/cache/v1/https/repo1.maven.org/maven2/org/jupyter-scala/ammonite-compiler_2.11.11/0.8.3-1/ammonite-compiler_2.11.11-0.8.3-1.jar
7f7ccc7b4000-7f7ccc7b6000 r--s 00009000 08:01 807266                     /home/user/.coursier/cache/v1/https/repo1.maven.org/maven2/org/slf4j/slf4j-api/1.7.22/slf4j-api-1.7.22.jar
7f7ccc7b6000-7f7ccc7bb000 r--s 00039000 08:01 807259                     /home/user/.coursier/cache/v1/https/repo1.maven.org/maven2/org/zeromq/jeromq/0.3.6/jeromq-0.3.6.jar
7f7ccc7bb000-7f7ccc7bc000 r--s 00008000 08:01 807293                     /home/user/.coursier/cache/v1/https/repo1.maven.org/maven2/com/typesafe/scala-logging/scala-logging_2.11/3.5.0/scala-logging_2.11-3.5.0.jar
7f7ccc7bc000-7f7ccc7c2000 r--s 00046000 08:01 807275                     /home/user/.coursier/cache/v1/https/repo1.maven.org/maven2/ch/qos/logback/logback-classic/1.2.1/logback-classic-1.2.1.jar
7f7ccc7c2000-7f7ccc7c7000 r--s 00044000 08:01 807300                     /home/user/.coursier/cache/v1/https/repo1.maven.org/maven2/org/scodec/scodec-bits_2.11/1.1.2/scodec-bits_2.11-1.1.2.jar
7f7ccc7c7000-7f7ccc7f7000 r--s 001c7000 08:01 807281                     /home/user/.coursier/cache/v1/https/repo1.maven.org/maven2/io/argonaut/argonaut_2.11/6.2/argonaut_2.11-6.2.jar
7f7ccc7f7000-7f7ccc7fa000 r--s 00016000 08:01 807311                     /home/user/.coursier/cache/v1/https/repo1.maven.org/maven2/org/jupyter-scala/scala-kernel_2.11.11/0.4.2/scala-kernel_2.11.11-0.4.2.jar
7f7ccc7fa000-7f7ccc7fe000 r--s 00029000 08:01 807324                     /home/user/.coursier/cache/v1/https/repo1.maven.org/maven2/org/jupyter-scala/kernel-protocol_2.11/0.4.1/kernel-protocol_2.11-0.4.1.jar
7f7ccc7fe000-7f7ccc821000 r--s 00155000 08:01 807348                     /home/user/.coursier/cache/v1/https/repo1.maven.org/maven2/org/scalaz/stream/scalaz-stream_2.11/0.8.6a/scalaz-stream_2.11-0.8.6a.jar
7f7ccc821000-7f7ccc824000 r--s 00015000 08:01 807242                     /home/user/.coursier/cache/v1/https/repo1.maven.org/maven2/org/jupyter-scala/scala-cli_2.11.11/0.4.2/scala-cli_2.11.11-0.4.2.jar
7f7ccc824000-7f7ccc86a000 r--s 00317000 08:01 807336                     /home/user/.coursier/cache/v1/https/repo1.maven.org/maven2/com/chuusai/shapeless_2.11/2.3.2/shapeless_2.11-2.3.2.jar
7f7ccc86a000-7f7ccc870000 r--s 0004d000 08:01 807344                     /home/user/.coursier/cache/v1/https/repo1.maven.org/maven2/com/lihaoyi/fastparse_2.11/0.4.2/fastparse_2.11-0.4.2.jar
7f7ccc870000-7f7ccc874000 r--s 0001b000 08:01 807362                     /home/user/.coursier/cache/v1/https/repo1.maven.org/maven2/com/github/alexarchambault/argonaut-shapeless_6.2_2.11/1.2.0-M5/argonaut-shapeless_6.2_2.11-1.2.0-M5.jar
7f7ccc874000-7f7ccc87e000 r--s 00069000 08:01 807307                     /home/user/.coursier/cache/v1/https/repo1.maven.org/maven2/com/lihaoyi/scalaparse_2.11/0.4.2/scalaparse_2.11-0.4.2.jar
7f7ccc87e000-7f7ccc87f000 r--s 00007000 08:01 807320                     /home/user/.coursier/cache/v1/https/repo1.maven.org/maven2/org/jupyter-scala/kernel-api_2.11/0.4.1/kernel-api_2.11-0.4.1.jar
7f7ccc87f000-7f7ccc887000 r--s 0004b000 08:01 807374                     /home/user/.coursier/cache/v1/https/repo1.maven.org/maven2/io/get-coursier/coursier-cache_2.11/1.0.0-RC2/coursier-cache_2.11-1.0.0-RC2.jar
7f7ccc887000-7f7ccc88c000 r--s 00048000 08:01 807334                     /home/user/.coursier/cache/v1/https/repo1.maven.org/maven2/com/lihaoyi/pprint_2.11/0.4.4/pprint_2.11-0.4.4.jar
7f7ccc88c000-7f7ccc88d000 r--s 00001000 08:01 807355                     /home/user/.coursier/cache/v1/https/repo1.maven.org/maven2/org/jupyter-scala/scala-api_2.11.11/0.4.2/scala-api_2.11.11-0.4.2.jar
7f7ccc88d000-7f7ccc898000 r--s 0005d000 08:01 807365                     /home/user/.coursier/cache/v1/https/repo1.maven.org/maven2/org/scala-lang/modules/scala-parser-combinators_2.11/1.0.4/scala-parser-combinators_2.11-1.0.4.jar
7f7ccc898000-7f7ccc89d000 r--s 00047000 08:01 807328                     /home/user/.coursier/cache/v1/https/repo1.maven.org/maven2/org/jupyter-scala/ammonite-ops_2.11/0.8.3-1/ammonite-ops_2.11-0.8.3-1.jar
7f7ccc89d000-7f7ccc8a7000 r--s 0009a000 08:01 807217                     /home/user/.coursier/cache/v1/https/repo1.maven.org/maven2/org/scala-lang/modules/scala-xml_2.11/1.0.6/scala-xml_2.11-1.0.6.jar
7f7ccc8a7000-7f7ccc8a9000 r--s 00012000 08:01 807339                     /home/user/.coursier/cache/v1/https/repo1.maven.org/maven2/com/lihaoyi/fansi_2.11/0.2.3/fansi_2.11-0.2.3.jar
7f7ccc8a9000-7f7ccc8ad000 r--s 00023000 08:01 807360                     /home/user/.coursier/cache/v1/https/repo1.maven.org/maven2/org/scalaj/scalaj-http_2.11/2.3.0/scalaj-http_2.11-2.3.0.jar
7f7ccc8ad000-7f7ccc8b3000 r--s 00050000 08:01 807318                     /home/user/.coursier/cache/v1/https/repo1.maven.org/maven2/org/jsoup/jsoup/1.10.2/jsoup-1.10.2.jar
7f7ccc8b3000-7f7ccc8b5000 r--s 0000f000 08:01 807314                     /home/user/.coursier/cache/v1/https/repo1.maven.org/maven2/com/lihaoyi/derive_2.11/0.4.4/derive_2.11-0.4.4.jar
7f7ccc8b5000-7f7ccc8db000 r--s 00196000 08:01 807280                     /home/user/.coursier/cache/v1/https/repo1.maven.org/maven2/io/get-coursier/coursier_2.11/1.0.0-RC2/coursier_2.11-1.0.0-RC2.jar
7f7ccc8db000-7f7ccc8de000 r--s 0001a000 08:01 807269                     /home/user/.coursier/cache/v1/https/repo1.maven.org/maven2/com/lihaoyi/sourcecode_2.11/0.1.3/sourcecode_2.11-0.1.3.jar
7f7ccc8de000-7f7ccc8e8000 r--s 00061000 08:01 807370                     /home/user/.coursier/cache/v1/https/repo1.maven.org/maven2/org/scalaz/scalaz-effect_2.11/7.2.8/scalaz-effect_2.11-7.2.8.jar
7f7ccc8e8000-7f7ccc8ee000 r--s 0005c000 08:01 807218                     /home/user/.coursier/cache/v1/https/repo1.maven.org/maven2/com/lihaoyi/upickle_2.11/0.4.4/upickle_2.11-0.4.4.jar
7f7ccc8ee000-7f7ccc8f0000 r--s 00013000 08:01 807296                     /home/user/.coursier/cache/v1/https/repo1.maven.org/maven2/org/spire-math/jawn-parser_2.11/0.10.3/jawn-parser_2.11-0.10.3.jar
7f7ccc8f0000-7f7ccc8f2000 r--s 0000d000 08:01 807262                     /home/user/.coursier/cache/v1/https/repo1.maven.org/maven2/com/lihaoyi/geny_2.11/0.1.1/geny_2.11-0.1.1.jar
7f7ccc8f2000-7f7ccc8f4000 r--s 00016000 08:01 807235                     /home/user/.coursier/cache/v1/https/repo1.maven.org/maven2/org/jupyter-scala/ammonite-util_2.11.11/0.8.3-1/ammonite-util_2.11.11-0.8.3-1.jar
7f7ccc8f4000-7f7ccc8ff000 r--s 00074000 08:01 807252                     /home/user/.coursier/cache/v1/https/repo1.maven.org/maven2/org/jupyter-scala/ammonite-runtime_2.11.11/0.8.3-1/ammonite-runtime_2.11.11-0.8.3-1.jar
7f7ccc8ff000-7f7ccc94b000 r--s 00418000 08:01 807351                     /home/user/.coursier/cache/v1/https/repo1.maven.org/maven2/org/scala-lang/scala-reflect/2.11.11/scala-reflect-2.11.11.jar
7f7ccc94b000-7f7ccc953000 r--s 0004c000 08:01 807222                     /home/user/.coursier/cache/v1/https/repo1.maven.org/maven2/org/scalaz/scalaz-concurrent_2.11/7.2.8/scalaz-concurrent_2.11-7.2.8.jar
7f7ccc953000-7f7ccca25000 r--s 00a6f000 08:01 807285                     /home/user/.coursier/cache/v1/https/repo1.maven.org/maven2/org/scalaz/scalaz-core_2.11/7.2.8/scalaz-core_2.11-7.2.8.jar
7f7ccca25000-7f7ccca7e000 r--s 00523000 08:01 807237                     /home/user/.coursier/cache/v1/https/repo1.maven.org/maven2/org/scala-lang/scala-library/2.11.11/scala-library-2.11.11.jar
7f7ccca7e000-7f7cccb8b000 r--s 00dd4000 08:01 807246                     /home/user/.coursier/cache/v1/https/repo1.maven.org/maven2/org/scala-lang/scala-compiler/2.11.11/scala-compiler-2.11.11.jar
7f7cccb8b000-7f7cccb8e000 ---p 00000000 00:00 0 
7f7cccb8e000-7f7cccc8c000 rw-p 00000000 00:00 0 
7f7cccc8c000-7f7cccc8f000 ---p 00000000 00:00 0 
7f7cccc8f000-7f7cccf8d000 rw-p 00000000 00:00 0 
7f7cccf8d000-7f7ccd18d000 rw-p 00000000 00:00 0 
7f7ccd18d000-7f7ccd192000 r--s 0009d000 08:01 803185                     /usr/lib/jvm/java-8-openjdk-amd64/jre/lib/jsse.jar
7f7ccd192000-7f7ccd195000 ---p 00000000 00:00 0 
7f7ccd195000-7f7ccd293000 rw-p 00000000 00:00 0 
7f7ccd293000-7f7ccd296000 ---p 00000000 00:00 0 
7f7ccd296000-7f7ccd394000 rw-p 00000000 00:00 0 
7f7ccd394000-7f7ccd397000 ---p 00000000 00:00 0 
7f7ccd397000-7f7ccd495000 rw-p 00000000 00:00 0 
7f7ccd495000-7f7ccd498000 ---p 00000000 00:00 0 
7f7ccd498000-7f7ccd596000 rw-p 00000000 00:00 0 
7f7ccd596000-7f7ccd599000 ---p 00000000 00:00 0 
7f7ccd599000-7f7ccd697000 rw-p 00000000 00:00 0 
7f7ccd697000-7f7ccd69a000 ---p 00000000 00:00 0 
7f7ccd69a000-7f7ccd798000 rw-p 00000000 00:00 0 
7f7ccd798000-7f7ccd79b000 ---p 00000000 00:00 0 
7f7ccd79b000-7f7ccd899000 rw-p 00000000 00:00 0 
7f7ccd899000-7f7ccd89c000 ---p 00000000 00:00 0 
7f7ccd89c000-7f7ccdad2000 rw-p 00000000 00:00 0 
7f7ccdad2000-7f7ccdb1e000 r--s 0024b000 08:01 806309                     /home/user/.coursier/bootstrap/1.0.0-RC1/coursier-cli_2.11-1.0.0-RC1-standalone.jar
7f7ccdb1e000-7f7ccdb1f000 r--s 00002000 08:01 807381                     /home/user/.local/share/jupyter/kernels/scala/launcher.jar
7f7ccdb1f000-7f7ccdb3a000 r--s 00394000 08:01 803174                     /usr/lib/jvm/java-8-openjdk-amd64/jre/lib/ext/cldrdata.jar
7f7ccdb3a000-7f7ccdb3b000 ---p 00000000 00:00 0 
7f7ccdb3b000-7f7ccdc3b000 rw-p 00000000 00:00 0 
7f7ccdc3b000-7f7ccdc3e000 ---p 00000000 00:00 0 
7f7ccdc3e000-7f7ccdd3c000 rw-p 00000000 00:00 0 
7f7ccdd3c000-7f7ccdd3f000 ---p 00000000 00:00 0 
7f7ccdd3f000-7f7ccde3d000 rw-p 00000000 00:00 0 
7f7ccde3d000-7f7ccde40000 ---p 00000000 00:00 0 
7f7ccde40000-7f7ccdf3e000 rw-p 00000000 00:00 0 
7f7ccdf3e000-7f7ccdf41000 ---p 00000000 00:00 0 
7f7ccdf41000-7f7cce03f000 rw-p 00000000 00:00 0 
7f7cce03f000-7f7ccea67000 r--p 00000000 08:01 2105158                    /usr/lib/locale/locale-archive
7f7ccea67000-7f7ccea6a000 ---p 00000000 00:00 0 
7f7ccea6a000-7f7cceb68000 rw-p 00000000 00:00 0 
7f7cceb68000-7f7cceb6b000 ---p 00000000 00:00 0 
7f7cceb6b000-7f7ccec69000 rw-p 00000000 00:00 0 
7f7ccec69000-7f7ccec6a000 ---p 00000000 00:00 0 
7f7ccec6a000-7f7ccf6c1000 rw-p 00000000 00:00 0 
7f7ccf6c1000-7f7ccf890000 r--s 03c33000 08:01 803184                     /usr/lib/jvm/java-8-openjdk-amd64/jre/lib/rt.jar
7f7ccf890000-7f7cd1000000 rw-p 00000000 00:00 0 
7f7cd1000000-7f7cd1610000 rwxp 00000000 00:00 0 
7f7cd1610000-7f7ce0000000 ---p 00000000 00:00 0 
7f7ce0000000-7f7ce0a3f000 rw-p 00000000 00:00 0 
7f7ce0a3f000-7f7ce4000000 ---p 00000000 00:00 0 
7f7ce4000000-7f7ce401b000 r--s 001d6000 08:01 803177                     /usr/lib/jvm/java-8-openjdk-amd64/jre/lib/ext/nashorn.jar
7f7ce401b000-7f7ce401c000 r--s 0000a000 08:01 803181                     /usr/lib/jvm/java-8-openjdk-amd64/jre/lib/ext/jaccess.jar
7f7ce401c000-7f7ce401e000 r--s 00008000 08:01 803178                     /usr/lib/jvm/java-8-openjdk-amd64/jre/lib/ext/sunec.jar
7f7ce401e000-7f7ce4028000 r--s 00116000 08:01 803175                     /usr/lib/jvm/java-8-openjdk-amd64/jre/lib/ext/localedata.jar
7f7ce4028000-7f7ce499f000 rw-p 00000000 00:00 0 
7f7ce499f000-7f7ce49a0000 ---p 00000000 00:00 0 
7f7ce49a0000-7f7ce4aa0000 rw-p 00000000 00:00 0 
7f7ce4aa0000-7f7ce4aa1000 ---p 00000000 00:00 0 
7f7ce4aa1000-7f7ce4bb1000 rw-p 00000000 00:00 0 
7f7ce4bb1000-7f7ce4c9b000 ---p 00000000 00:00 0 
7f7ce4c9b000-7f7ce4cab000 rw-p 00000000 00:00 0 
7f7ce4cab000-7f7ce4d95000 ---p 00000000 00:00 0 
7f7ce4d95000-7f7ce4db1000 rw-p 00000000 00:00 0 
7f7ce4db1000-7f7ce4e12000 ---p 00000000 00:00 0 
7f7ce4e12000-7f7ce4e2c000 rw-p 00000000 00:00 0 
7f7ce4e2c000-7f7ce51d3000 ---p 00000000 00:00 0 
7f7ce51d3000-7f7ce51db000 r-xp 00000000 08:01 803135                     /usr/lib/jvm/java-8-openjdk-amd64/jre/lib/amd64/libzip.so
7f7ce51db000-7f7ce53da000 ---p 00008000 08:01 803135                     /usr/lib/jvm/java-8-openjdk-amd64/jre/lib/amd64/libzip.so
7f7ce53da000-7f7ce53db000 r--p 00007000 08:01 803135                     /usr/lib/jvm/java-8-openjdk-amd64/jre/lib/amd64/libzip.so
7f7ce53db000-7f7ce53dc000 rw-p 00008000 08:01 803135                     /usr/lib/jvm/java-8-openjdk-amd64/jre/lib/amd64/libzip.so
7f7ce53dc000-7f7ce53e7000 r-xp 00000000 08:01 2889153                    /lib/x86_64-linux-gnu/libnss_files-2.23.so
7f7ce53e7000-7f7ce55e6000 ---p 0000b000 08:01 2889153                    /lib/x86_64-linux-gnu/libnss_files-2.23.so
7f7ce55e6000-7f7ce55e7000 r--p 0000a000 08:01 2889153                    /lib/x86_64-linux-gnu/libnss_files-2.23.so
7f7ce55e7000-7f7ce55e8000 rw-p 0000b000 08:01 2889153                    /lib/x86_64-linux-gnu/libnss_files-2.23.so
7f7ce55e8000-7f7ce55ee000 rw-p 00000000 00:00 0 
7f7ce55ee000-7f7ce55f9000 r-xp 00000000 08:01 2889163                    /lib/x86_64-linux-gnu/libnss_nis-2.23.so
7f7ce55f9000-7f7ce57f8000 ---p 0000b000 08:01 2889163                    /lib/x86_64-linux-gnu/libnss_nis-2.23.so
7f7ce57f8000-7f7ce57f9000 r--p 0000a000 08:01 2889163                    /lib/x86_64-linux-gnu/libnss_nis-2.23.so
7f7ce57f9000-7f7ce57fa000 rw-p 0000b000 08:01 2889163                    /lib/x86_64-linux-gnu/libnss_nis-2.23.so
7f7ce57fa000-7f7ce5810000 r-xp 00000000 08:01 2889147                    /lib/x86_64-linux-gnu/libnsl-2.23.so
7f7ce5810000-7f7ce5a0f000 ---p 00016000 08:01 2889147                    /lib/x86_64-linux-gnu/libnsl-2.23.so
7f7ce5a0f000-7f7ce5a10000 r--p 00015000 08:01 2889147                    /lib/x86_64-linux-gnu/libnsl-2.23.so
7f7ce5a10000-7f7ce5a11000 rw-p 00016000 08:01 2889147                    /lib/x86_64-linux-gnu/libnsl-2.23.so
7f7ce5a11000-7f7ce5a13000 rw-p 00000000 00:00 0 
7f7ce5a13000-7f7ce5a1b000 r-xp 00000000 08:01 2889149                    /lib/x86_64-linux-gnu/libnss_compat-2.23.so
7f7ce5a1b000-7f7ce5c1a000 ---p 00008000 08:01 2889149                    /lib/x86_64-linux-gnu/libnss_compat-2.23.so
7f7ce5c1a000-7f7ce5c1b000 r--p 00007000 08:01 2889149                    /lib/x86_64-linux-gnu/libnss_compat-2.23.so
7f7ce5c1b000-7f7ce5c1c000 rw-p 00008000 08:01 2889149                    /lib/x86_64-linux-gnu/libnss_compat-2.23.so
7f7ce5c1c000-7f7ce5c49000 r-xp 00000000 08:01 803155                     /usr/lib/jvm/java-8-openjdk-amd64/jre/lib/amd64/libjava.so
7f7ce5c49000-7f7ce5e48000 ---p 0002d000 08:01 803155                     /usr/lib/jvm/java-8-openjdk-amd64/jre/lib/amd64/libjava.so
7f7ce5e48000-7f7ce5e49000 r--p 0002c000 08:01 803155                     /usr/lib/jvm/java-8-openjdk-amd64/jre/lib/amd64/libjava.so
7f7ce5e49000-7f7ce5e4b000 rw-p 0002d000 08:01 803155                     /usr/lib/jvm/java-8-openjdk-amd64/jre/lib/amd64/libjava.so
7f7ce5e4b000-7f7ce5e5a000 r-xp 00000000 08:01 803127                     /usr/lib/jvm/java-8-openjdk-amd64/jre/lib/amd64/libverify.so
7f7ce5e5a000-7f7ce6059000 ---p 0000f000 08:01 803127                     /usr/lib/jvm/java-8-openjdk-amd64/jre/lib/amd64/libverify.so
7f7ce6059000-7f7ce605b000 r--p 0000e000 08:01 803127                     /usr/lib/jvm/java-8-openjdk-amd64/jre/lib/amd64/libverify.so
7f7ce605b000-7f7ce605c000 rw-p 00010000 08:01 803127                     /usr/lib/jvm/java-8-openjdk-amd64/jre/lib/amd64/libverify.so
7f7ce605c000-7f7ce6063000 r-xp 00000000 08:01 2889208                    /lib/x86_64-linux-gnu/librt-2.23.so
7f7ce6063000-7f7ce6262000 ---p 00007000 08:01 2889208                    /lib/x86_64-linux-gnu/librt-2.23.so
7f7ce6262000-7f7ce6263000 r--p 00006000 08:01 2889208                    /lib/x86_64-linux-gnu/librt-2.23.so
7f7ce6263000-7f7ce6264000 rw-p 00007000 08:01 2889208                    /lib/x86_64-linux-gnu/librt-2.23.so
7f7ce6264000-7f7ce627a000 r-xp 00000000 08:01 2889092                    /lib/x86_64-linux-gnu/libgcc_s.so.1
7f7ce627a000-7f7ce6479000 ---p 00016000 08:01 2889092                    /lib/x86_64-linux-gnu/libgcc_s.so.1
7f7ce6479000-7f7ce647a000 rw-p 00015000 08:01 2889092                    /lib/x86_64-linux-gnu/libgcc_s.so.1
7f7ce647a000-7f7ce6582000 r-xp 00000000 08:01 2889124                    /lib/x86_64-linux-gnu/libm-2.23.so
7f7ce6582000-7f7ce6781000 ---p 00108000 08:01 2889124                    /lib/x86_64-linux-gnu/libm-2.23.so
7f7ce6781000-7f7ce6782000 r--p 00107000 08:01 2889124                    /lib/x86_64-linux-gnu/libm-2.23.so
7f7ce6782000-7f7ce6783000 rw-p 00108000 08:01 2889124                    /lib/x86_64-linux-gnu/libm-2.23.so
7f7ce6783000-7f7ce68f5000 r-xp 00000000 08:01 2107766                    /usr/lib/x86_64-linux-gnu/libstdc++.so.6.0.21
7f7ce68f5000-7f7ce6af5000 ---p 00172000 08:01 2107766                    /usr/lib/x86_64-linux-gnu/libstdc++.so.6.0.21
7f7ce6af5000-7f7ce6aff000 r--p 00172000 08:01 2107766                    /usr/lib/x86_64-linux-gnu/libstdc++.so.6.0.21
7f7ce6aff000-7f7ce6b01000 rw-p 0017c000 08:01 2107766                    /usr/lib/x86_64-linux-gnu/libstdc++.so.6.0.21
7f7ce6b01000-7f7ce6b05000 rw-p 00000000 00:00 0 
7f7ce6b05000-7f7ce7762000 r-xp 00000000 08:01 803133                     /usr/lib/jvm/java-8-openjdk-amd64/jre/lib/amd64/server/libjvm.so
7f7ce7762000-7f7ce7962000 ---p 00c5d000 08:01 803133                     /usr/lib/jvm/java-8-openjdk-amd64/jre/lib/amd64/server/libjvm.so
7f7ce7962000-7f7ce79f6000 r--p 00c5d000 08:01 803133                     /usr/lib/jvm/java-8-openjdk-amd64/jre/lib/amd64/server/libjvm.so
7f7ce79f6000-7f7ce7a1f000 rw-p 00cf1000 08:01 803133                     /usr/lib/jvm/java-8-openjdk-amd64/jre/lib/amd64/server/libjvm.so
7f7ce7a1f000-7f7ce7a4f000 rw-p 00000000 00:00 0 
7f7ce7a4f000-7f7ce7a67000 r-xp 00000000 08:01 2889200                    /lib/x86_64-linux-gnu/libpthread-2.23.so
7f7ce7a67000-7f7ce7c66000 ---p 00018000 08:01 2889200                    /lib/x86_64-linux-gnu/libpthread-2.23.so
7f7ce7c66000-7f7ce7c67000 r--p 00017000 08:01 2889200                    /lib/x86_64-linux-gnu/libpthread-2.23.so
7f7ce7c67000-7f7ce7c68000 rw-p 00018000 08:01 2889200                    /lib/x86_64-linux-gnu/libpthread-2.23.so
7f7ce7c68000-7f7ce7c6c000 rw-p 00000000 00:00 0 
7f7ce7c6c000-7f7ce7c6f000 r-xp 00000000 08:01 2889078                    /lib/x86_64-linux-gnu/libdl-2.23.so
7f7ce7c6f000-7f7ce7e6e000 ---p 00003000 08:01 2889078                    /lib/x86_64-linux-gnu/libdl-2.23.so
7f7ce7e6e000-7f7ce7e6f000 r--p 00002000 08:01 2889078                    /lib/x86_64-linux-gnu/libdl-2.23.so
7f7ce7e6f000-7f7ce7e70000 rw-p 00003000 08:01 2889078                    /lib/x86_64-linux-gnu/libdl-2.23.so
7f7ce7e70000-7f7ce7e89000 r-xp 00000000 08:01 2889245                    /lib/x86_64-linux-gnu/libz.so.1.2.8
7f7ce7e89000-7f7ce8088000 ---p 00019000 08:01 2889245                    /lib/x86_64-linux-gnu/libz.so.1.2.8
7f7ce8088000-7f7ce8089000 r--p 00018000 08:01 2889245                    /lib/x86_64-linux-gnu/libz.so.1.2.8
7f7ce8089000-7f7ce808a000 rw-p 00019000 08:01 2889245                    /lib/x86_64-linux-gnu/libz.so.1.2.8
7f7ce808a000-7f7ce824a000 r-xp 00000000 08:01 2889054                    /lib/x86_64-linux-gnu/libc-2.23.so
7f7ce824a000-7f7ce844a000 ---p 001c0000 08:01 2889054                    /lib/x86_64-linux-gnu/libc-2.23.so
7f7ce844a000-7f7ce844e000 r--p 001c0000 08:01 2889054                    /lib/x86_64-linux-gnu/libc-2.23.so
7f7ce844e000-7f7ce8450000 rw-p 001c4000 08:01 2889054                    /lib/x86_64-linux-gnu/libc-2.23.so
7f7ce8450000-7f7ce8454000 rw-p 00000000 00:00 0 
7f7ce8454000-7f7ce8461000 r-xp 00000000 08:01 803131                     /usr/lib/jvm/java-8-openjdk-amd64/jre/lib/amd64/jli/libjli.so
7f7ce8461000-7f7ce8661000 ---p 0000d000 08:01 803131                     /usr/lib/jvm/java-8-openjdk-amd64/jre/lib/amd64/jli/libjli.so
7f7ce8661000-7f7ce8662000 r--p 0000d000 08:01 803131                     /usr/lib/jvm/java-8-openjdk-amd64/jre/lib/amd64/jli/libjli.so
7f7ce8662000-7f7ce8663000 rw-p 0000e000 08:01 803131                     /usr/lib/jvm/java-8-openjdk-amd64/jre/lib/amd64/jli/libjli.so
7f7ce8663000-7f7ce8689000 r-xp 00000000 08:01 2889026                    /lib/x86_64-linux-gnu/ld-2.23.so
7f7ce8689000-7f7ce868c000 r--s 00038000 08:01 803179                     /usr/lib/jvm/java-8-openjdk-amd64/jre/lib/ext/sunpkcs11.jar
7f7ce868c000-7f7ce868e000 r--s 00001000 08:01 803180                     /usr/lib/jvm/java-8-openjdk-amd64/jre/lib/ext/dnsns.jar
7f7ce868e000-7f7ce8691000 r--s 0000f000 08:01 803176                     /usr/lib/jvm/java-8-openjdk-amd64/jre/lib/ext/icedtea-sound.jar
7f7ce8691000-7f7ce8762000 rw-p 00000000 00:00 0 
7f7ce8762000-7f7ce8765000 ---p 00000000 00:00 0 
7f7ce8765000-7f7ce8867000 rw-p 00000000 00:00 0 
7f7ce8867000-7f7ce8868000 r--s 00010000 08:01 803182                     /usr/lib/jvm/java-8-openjdk-amd64/jre/lib/ext/zipfs.jar
7f7ce8868000-7f7ce886e000 r--s 0003b000 08:01 803183                     /usr/lib/jvm/java-8-openjdk-amd64/jre/lib/ext/sunjce_provider.jar
7f7ce886e000-7f7ce887d000 rw-p 00000000 00:00 0 
7f7ce887d000-7f7ce8885000 rw-s 00000000 08:01 1836275                    /tmp/hsperfdata_user/125226
7f7ce8885000-7f7ce8886000 rw-p 00000000 00:00 0 
7f7ce8886000-7f7ce8887000 ---p 00000000 00:00 0 
7f7ce8887000-7f7ce8888000 rw-p 00000000 00:00 0 
7f7ce8888000-7f7ce8889000 r--p 00025000 08:01 2889026                    /lib/x86_64-linux-gnu/ld-2.23.so
7f7ce8889000-7f7ce888a000 rw-p 00026000 08:01 2889026                    /lib/x86_64-linux-gnu/ld-2.23.so
7f7ce888a000-7f7ce888b000 rw-p 00000000 00:00 0 
7ffcda8a4000-7ffcda8c5000 rw-p 00000000 00:00 0                          [stack]
7ffcda90a000-7ffcda90d000 r--p 00000000 00:00 0                          [vvar]
7ffcda90d000-7ffcda90f000 r-xp 00000000 00:00 0                          [vdso]
ffffffffff600000-ffffffffff601000 r-xp 00000000 00:00 0                  [vsyscall]

VM Arguments:
jvm_args: -Xverify:none 
java_command: /home/user/.local/share/jupyter/kernels/scala/launcher.jar launch -r sonatype:releases -r sonatype:snapshots -i ammonite -I ammonite:org.jupyter-scala:ammonite-runtime_2.11.11:0.8.3-1 -I ammonite:org.jupyter-scala:scala-api_2.11.11:0.4.2 org.jupyter-scala:scala-cli_2.11.11:0.4.2 -- --id scala --name Scala --quiet --connection-file /run/user/1000/jupyter/kernel-dd0dea1f-73ff-49d5-a741-bdbc4b5579cd.json
java_class_path (initial): /home/user/.local/share/jupyter/kernels/scala/launcher.jar
Launcher Type: SUN_STANDARD

Environment Variables:
PATH=/home/user/anaconda3/bin:/home/user/anaconda3/bin:/home/user/bin:/home/user/.local/bin:/usr/local/sbin:/usr/local/bin:/usr/sbin:/usr/bin:/sbin:/bin:/usr/games:/usr/local/games:/snap/bin
SHELL=/bin/bash
DISPLAY=:0.0

Signal Handlers:
SIGSEGV: [libjvm.so+0xa71a70], sa_mask[0]=11111111011111111101111111111110, sa_flags=SA_RESTART|SA_SIGINFO
SIGBUS: [libjvm.so+0xa71a70], sa_mask[0]=11111111011111111101111111111110, sa_flags=SA_RESTART|SA_SIGINFO
SIGFPE: [libjvm.so+0x8b8f80], sa_mask[0]=11111111011111111101111111111110, sa_flags=SA_RESTART|SA_SIGINFO
SIGPIPE: [libjvm.so+0x8b8f80], sa_mask[0]=11111111011111111101111111111110, sa_flags=SA_RESTART|SA_SIGINFO
SIGXFSZ: [libjvm.so+0x8b8f80], sa_mask[0]=11111111011111111101111111111110, sa_flags=SA_RESTART|SA_SIGINFO
SIGILL: [libjvm.so+0x8b8f80], sa_mask[0]=11111111011111111101111111111110, sa_flags=SA_RESTART|SA_SIGINFO
SIGUSR1: SIG_DFL, sa_mask[0]=00000000000000000000000000000000, sa_flags=none
SIGUSR2: [libjvm.so+0x8b8e30], sa_mask[0]=00000000000000000000000000000000, sa_flags=SA_RESTART|SA_SIGINFO
SIGHUP: [libjvm.so+0x8b9300], sa_mask[0]=11111111011111111101111111111110, sa_flags=SA_RESTART|SA_SIGINFO
SIGINT: [libjvm.so+0x8b9300], sa_mask[0]=11111111011111111101111111111110, sa_flags=SA_RESTART|SA_SIGINFO
SIGTERM: [libjvm.so+0x8b9300], sa_mask[0]=11111111011111111101111111111110, sa_flags=SA_RESTART|SA_SIGINFO
SIGQUIT: [libjvm.so+0x8b9300], sa_mask[0]=11111111011111111101111111111110, sa_flags=SA_RESTART|SA_SIGINFO


---------------  S Y S T E M  ---------------

OS:DISTRIB_ID=Ubuntu
DISTRIB_RELEASE=16.04
DISTRIB_CODENAME=xenial
DISTRIB_DESCRIPTION="Ubuntu 16.04.5 LTS"

uname:Linux 4.15.0-33-generic #36~16.04.1-Ubuntu SMP Wed Aug 15 17:21:05 UTC 2018 x86_64
libc:glibc 2.23 NPTL 2.23 
rlimit: STACK 8192k, CORE 0k, NPROC 7646, NOFILE 1048576, AS infinity
load average:3.28 1.32 0.59

/proc/meminfo:
MemTotal:        3065896 kB
MemFree:           25224 kB
MemAvailable:      29632 kB
Buffers:             352 kB
Cached:            40392 kB
SwapCached:         2368 kB
Active:          2247232 kB
Inactive:         567720 kB
Active(anon):    2239116 kB
Inactive(anon):   559704 kB
Active(file):       8116 kB
Inactive(file):     8016 kB
Unevictable:          64 kB
Mlocked:              64 kB
SwapTotal:        998396 kB
SwapFree:              0 kB
Dirty:               216 kB
Writeback:           244 kB
AnonPages:       2771996 kB
Mapped:            31908 kB
Shmem:             24564 kB
Slab:              89388 kB
SReclaimable:      35496 kB
SUnreclaim:        53892 kB
KernelStack:       14336 kB
PageTables:        37332 kB
NFS_Unstable:          0 kB
Bounce:                0 kB
WritebackTmp:          0 kB
CommitLimit:     2531344 kB
Committed_AS:    7502816 kB
VmallocTotal:   34359738367 kB
VmallocUsed:           0 kB
VmallocChunk:          0 kB
HardwareCorrupted:     0 kB
AnonHugePages:         0 kB
ShmemHugePages:        0 kB
ShmemPmdMapped:        0 kB
CmaTotal:              0 kB
CmaFree:               0 kB
HugePages_Total:       0
HugePages_Free:        0
HugePages_Rsvd:        0
HugePages_Surp:        0
Hugepagesize:       2048 kB
DirectMap4k:      278400 kB
DirectMap2M:     2867200 kB
DirectMap1G:           0 kB


CPU:total 2 (initial active 2) (1 cores per cpu, 1 threads per core) family 6 model 78 stepping 3, cmov, cx8, fxsr, mmx, sse, sse2, sse3, ssse3, sse4.1, sse4.2, popcnt, avx, avx2, aes, clmul, erms, 3dnowpref, lzcnt, tsc, tscinvbit, bmi1, bmi2, adx

/proc/cpuinfo:
processor	: 0
vendor_id	: GenuineIntel
cpu family	: 6
model		: 78
model name	: Intel(R) Core(TM) i7-6500U CPU @ 2.50GHz
stepping	: 3
microcode	: 0xba
cpu MHz		: 2592.004
cache size	: 4096 KB
physical id	: 0
siblings	: 1
core id		: 0
cpu cores	: 1
apicid		: 0
initial apicid	: 0
fpu		: yes
fpu_exception	: yes
cpuid level	: 22
wp		: yes
flags		: fpu vme de pse tsc msr pae mce cx8 apic sep mtrr pge mca cmov pat pse36 clflush dts mmx fxsr sse sse2 ss syscall nx pdpe1gb rdtscp lm constant_tsc arch_perfmon pebs bts nopl xtopology tsc_reliable nonstop_tsc cpuid aperfmperf pni pclmulqdq ssse3 fma cx16 pcid sse4_1 sse4_2 x2apic movbe popcnt tsc_deadline_timer aes xsave avx f16c rdrand hypervisor lahf_lm abm 3dnowprefetch cpuid_fault epb invpcid_single pti fsgsbase tsc_adjust bmi1 avx2 smep bmi2 invpcid rdseed adx smap xsaveopt dtherm ida arat pln pts hwp hwp_notify hwp_act_window hwp_epp
bugs		: cpu_meltdown spectre_v1 spectre_v2 spec_store_bypass l1tf
bogomips	: 5184.00
clflush size	: 64
cache_alignment	: 64
address sizes	: 42 bits physical, 48 bits virtual
power management:

processor	: 1
vendor_id	: GenuineIntel
cpu family	: 6
model		: 78
model name	: Intel(R) Core(TM) i7-6500U CPU @ 2.50GHz
stepping	: 3
microcode	: 0xba
cpu MHz		: 2592.004
cache size	: 4096 KB
physical id	: 2
siblings	: 1
core id		: 0
cpu cores	: 1
apicid		: 2
initial apicid	: 2
fpu		: yes
fpu_exception	: yes
cpuid level	: 22
wp		: yes
flags		: fpu vme de pse tsc msr pae mce cx8 apic sep mtrr pge mca cmov pat pse36 clflush dts mmx fxsr sse sse2 ss syscall nx pdpe1gb rdtscp lm constant_tsc arch_perfmon pebs bts nopl xtopology tsc_reliable nonstop_tsc cpuid aperfmperf pni pclmulqdq ssse3 fma cx16 pcid sse4_1 sse4_2 x2apic movbe popcnt tsc_deadline_timer aes xsave avx f16c rdrand hypervisor lahf_lm abm 3dnowprefetch cpuid_fault epb invpcid_single pti fsgsbase tsc_adjust bmi1 avx2 smep bmi2 invpcid rdseed adx smap xsaveopt dtherm ida arat pln pts hwp hwp_notify hwp_act_window hwp_epp
bugs		: cpu_meltdown spectre_v1 spectre_v2 spec_store_bypass l1tf
bogomips	: 5184.00
clflush size	: 64
cache_alignment	: 64
address sizes	: 42 bits physical, 48 bits virtual
power management:



Memory: 4k page, physical 3065896k(24308k free), swap 998396k(0k free)

vm_info: OpenJDK 64-Bit Server VM (25.181-b13) for linux-amd64 JRE (1.8.0_181-8u181-b13-1ubuntu0.16.04.1-b13), built on Oct 23 2018 04:39:49 by "buildd" with gcc 5.4.0 20160609

time: Sun Dec  2 20:44:48 2018
elapsed time: 5 seconds (0d 0h 0m 5s)

