#
# There is insufficient memory for the Java Runtime Environment to continue.
# Native memory allocation (mmap) failed to map 54525952 bytes for committing reserved memory.
# Possible reasons:
#   The system is out of physical RAM or swap space
#   In 32 bit mode, the process size limit was hit
# Possible solutions:
#   Reduce memory load on the system
#   Increase physical memory or swap space
#   Check if swap backing store is full
#   Use 64 bit Java on a 64 bit OS
#   Decrease Java heap size (-Xmx/-Xms)
#   Decrease number of Java threads
#   Decrease Java thread stack sizes (-Xss)
#   Set larger code cache with -XX:ReservedCodeCacheSize=
# This output file may be truncated or incomplete.
#
#  Out of Memory Error (os_linux.cpp:2643), pid=125824, tid=0x00007fa4c10be700
#
# JRE version: OpenJDK Runtime Environment (8.0_181-b13) (build 1.8.0_181-8u181-b13-1ubuntu0.16.04.1-b13)
# Java VM: OpenJDK 64-Bit Server VM (25.181-b13 mixed mode linux-amd64 compressed oops)
# Failed to write core dump. Core dumps have been disabled. To enable core dumping, try "ulimit -c unlimited" before starting Java again
#

---------------  T H R E A D  ---------------

Current thread (0x00007fa4d40fb800):  VMThread [stack: 0x00007fa4c0fbe000,0x00007fa4c10bf000] [id=125828]

Stack: [0x00007fa4c0fbe000,0x00007fa4c10bf000],  sp=0x00007fa4c10bd4a0,  free space=1021k
Native frames: (J=compiled Java code, j=interpreted, Vv=VM code, C=native code)
V  [libjvm.so+0xa70f1b]
V  [libjvm.so+0x4c893c]
V  [libjvm.so+0x8bda48]
V  [libjvm.so+0x8b7dde]
V  [libjvm.so+0x933246]
V  [libjvm.so+0x934573]
V  [libjvm.so+0x930c3b]
V  [libjvm.so+0x929a69]
V  [libjvm.so+0x44c943]
V  [libjvm.so+0xa724a9]
V  [libjvm.so+0xa77d67]
V  [libjvm.so+0xa75467]
V  [libjvm.so+0xa768ef]
V  [libjvm.so+0xa76de1]
V  [libjvm.so+0x8bae52]

VM_Operation (0x00007fa4dabbb9d0): CollectForMetadataAllocation, mode: safepoint, requested by thread 0x00007fa4d400a800


---------------  P R O C E S S  ---------------

Java Threads: ( => current thread )
  0x00007fa4d4386800 JavaThread "pool-2-thread-6" daemon [_thread_blocked, id=125848, stack(0x00007fa4a3419000,0x00007fa4a351a000)]
  0x00007fa4d4385000 JavaThread "pool-2-thread-5" daemon [_thread_blocked, id=125847, stack(0x00007fa4a351a000,0x00007fa4a361b000)]
  0x00007fa4d4383000 JavaThread "pool-2-thread-4" daemon [_thread_blocked, id=125846, stack(0x00007fa4a361b000,0x00007fa4a371c000)]
  0x00007fa4d4381800 JavaThread "pool-2-thread-3" daemon [_thread_blocked, id=125845, stack(0x00007fa4a371c000,0x00007fa4a381d000)]
  0x00007fa4d4380800 JavaThread "pool-2-thread-2" daemon [_thread_blocked, id=125844, stack(0x00007fa4a38c2000,0x00007fa4a39c3000)]
  0x00007fa4d437f800 JavaThread "pool-2-thread-1" daemon [_thread_blocked, id=125843, stack(0x00007fa4a39c3000,0x00007fa4a3ac4000)]
  0x00007fa4d4209800 JavaThread "process reaper" daemon [_thread_blocked, id=125838, stack(0x00007fa4a3bc5000,0x00007fa4a3bfe000)]
  0x00007fa4d4141000 JavaThread "Service Thread" daemon [_thread_blocked, id=125834, stack(0x00007fa4a3eff000,0x00007fa4a4000000)]
  0x00007fa4d413e800 JavaThread "C1 CompilerThread1" daemon [_thread_blocked, id=125833, stack(0x00007fa4c0091000,0x00007fa4c0192000)]
  0x00007fa4d413b800 JavaThread "C2 CompilerThread0" daemon [_thread_blocked, id=125832, stack(0x00007fa4c0192000,0x00007fa4c0293000)]
  0x00007fa4d413a000 JavaThread "Signal Dispatcher" daemon [_thread_blocked, id=125831, stack(0x00007fa4c0293000,0x00007fa4c0394000)]
  0x00007fa4d4107800 JavaThread "Finalizer" daemon [_thread_blocked, id=125830, stack(0x00007fa4c0dbc000,0x00007fa4c0ebd000)]
  0x00007fa4d4105000 JavaThread "Reference Handler" daemon [_thread_blocked, id=125829, stack(0x00007fa4c0ebd000,0x00007fa4c0fbe000)]
  0x00007fa4d400a800 JavaThread "main" [_thread_blocked, id=125825, stack(0x00007fa4daac1000,0x00007fa4dabc2000)]

Other Threads:
=>0x00007fa4d40fb800 VMThread [stack: 0x00007fa4c0fbe000,0x00007fa4c10bf000] [id=125828]
  0x00007fa4d4143800 WatcherThread [stack: 0x00007fa4a3dfe000,0x00007fa4a3eff000] [id=125835]

VM state:at safepoint (normal execution)

VM Mutex/Monitor currently owned by a thread:  ([mutex/lock_event])
[0x00007fa4d4006f80] Threads_lock - owner thread: 0x00007fa4d40fb800
[0x00007fa4d4007480] Heap_lock - owner thread: 0x00007fa4d400a800

Heap:
 PSYoungGen      total 53248K, used 4093K [0x00000000f0600000, 0x00000000f3e00000, 0x0000000100000000)
  eden space 49152K, 0% used [0x00000000f0600000,0x00000000f0600000,0x00000000f3600000)
  from space 4096K, 99% used [0x00000000f3600000,0x00000000f39ff5d0,0x00000000f3a00000)
  to   space 4096K, 0% used [0x00000000f3a00000,0x00000000f3a00000,0x00000000f3e00000)
 ParOldGen       total 32768K, used 7798K [0x00000000d1200000, 0x00000000d3200000, 0x00000000f0600000)
  object space 32768K, 23% used [0x00000000d1200000,0x00000000d199daa0,0x00000000d3200000)
 Metaspace       used 20863K, capacity 21166K, committed 21248K, reserved 1067008K
  class space    used 3451K, capacity 3577K, committed 3584K, reserved 1048576K

Card table byte_map: [0x00007fa4d8032000,0x00007fa4d81aa000] byte_map_base: 0x00007fa4d79a9000

Marking Bits: (ParMarkBitMap*) 0x00007fa4d9d913a0
 Begin Bits: [0x00007fa4c255c000, 0x00007fa4c3114000)
 End Bits:   [0x00007fa4c3114000, 0x00007fa4c3ccc000)

Polling page: 0x00007fa4dabe5000

CodeCache: size=245760Kb used=6344Kb max_used=6355Kb free=239415Kb
 bounds [0x00007fa4c4388000, 0x00007fa4c49c8000, 0x00007fa4d3388000]
 total_blobs=2742 nmethods=2345 adapters=311
 compilation: enabled

Compilation events (10 events):
Event: 5.378 Thread 0x00007fa4d413e800 2364       3       java.lang.String::lastIndexOf (11 bytes)
Event: 5.379 Thread 0x00007fa4d413e800 nmethod 2364 0x00007fa4c49b83d0 code [0x00007fa4c49b8540, 0x00007fa4c49b87c8]
Event: 5.422 Thread 0x00007fa4d413e800 2366       3       sun.misc.ASCIICaseInsensitiveComparator::compare (126 bytes)
Event: 5.422 Thread 0x00007fa4d413b800 2367       4       java.lang.String::equalsIgnoreCase (48 bytes)
Event: 5.422 Thread 0x00007fa4d413e800 nmethod 2366 0x00007fa4c49bb290 code [0x00007fa4c49bb4a0, 0x00007fa4c49bc098]
Event: 5.429 Thread 0x00007fa4d413b800 nmethod 2367 0x00007fa4c49bf990 code [0x00007fa4c49bfb20, 0x00007fa4c49c01b8]
Event: 5.436 Thread 0x00007fa4d413e800 2368       3       java.io.OutputStream::<init> (5 bytes)
Event: 5.437 Thread 0x00007fa4d413e800 nmethod 2368 0x00007fa4c49b57d0 code [0x00007fa4c49b5940, 0x00007fa4c49b5af0]
Event: 5.443 Thread 0x00007fa4d413e800 2369       1       scala.UniquenessCache::map (5 bytes)
Event: 5.443 Thread 0x00007fa4d413e800 nmethod 2369 0x00007fa4c49bf6d0 code [0x00007fa4c49bf820, 0x00007fa4c49bf930]

GC Heap History (10 events):
Event: 1.237 GC heap after
Heap after GC invocations=2 (full 0):
 PSYoungGen      total 14336K, used 2032K [0x00000000f0600000, 0x00000000f2200000, 0x0000000100000000)
  eden space 12288K, 0% used [0x00000000f0600000,0x00000000f0600000,0x00000000f1200000)
  from space 2048K, 99% used [0x00000000f1400000,0x00000000f15fc030,0x00000000f1600000)
  to   space 2048K, 0% used [0x00000000f1200000,0x00000000f1200000,0x00000000f1400000)
 ParOldGen       total 32768K, used 1426K [0x00000000d1200000, 0x00000000d3200000, 0x00000000f0600000)
  object space 32768K, 4% used [0x00000000d1200000,0x00000000d1364b70,0x00000000d3200000)
 Metaspace       used 9772K, capacity 9982K, committed 10240K, reserved 1058816K
  class space    used 1640K, capacity 1703K, committed 1792K, reserved 1048576K
}
Event: 1.669 GC heap before
{Heap before GC invocations=3 (full 0):
 PSYoungGen      total 14336K, used 14320K [0x00000000f0600000, 0x00000000f2200000, 0x0000000100000000)
  eden space 12288K, 100% used [0x00000000f0600000,0x00000000f1200000,0x00000000f1200000)
  from space 2048K, 99% used [0x00000000f1400000,0x00000000f15fc030,0x00000000f1600000)
  to   space 2048K, 0% used [0x00000000f1200000,0x00000000f1200000,0x00000000f1400000)
 ParOldGen       total 32768K, used 1426K [0x00000000d1200000, 0x00000000d3200000, 0x00000000f0600000)
  object space 32768K, 4% used [0x00000000d1200000,0x00000000d1364b70,0x00000000d3200000)
 Metaspace       used 13041K, capacity 13234K, committed 13312K, reserved 1060864K
  class space    used 2225K, capacity 2279K, committed 2304K, reserved 1048576K
Event: 1.675 GC heap after
Heap after GC invocations=3 (full 0):
 PSYoungGen      total 14336K, used 2031K [0x00000000f0600000, 0x00000000f2200000, 0x0000000100000000)
  eden space 12288K, 0% used [0x00000000f0600000,0x00000000f0600000,0x00000000f1200000)
  from space 2048K, 99% used [0x00000000f1200000,0x00000000f13fbca0,0x00000000f1400000)
  to   space 2048K, 0% used [0x00000000f2000000,0x00000000f2000000,0x00000000f2200000)
 ParOldGen       total 32768K, used 3011K [0x00000000d1200000, 0x00000000d3200000, 0x00000000f0600000)
  object space 32768K, 9% used [0x00000000d1200000,0x00000000d14f0c58,0x00000000d3200000)
 Metaspace       used 13041K, capacity 13234K, committed 13312K, reserved 1060864K
  class space    used 2225K, capacity 2279K, committed 2304K, reserved 1048576K
}
Event: 1.929 GC heap before
{Heap before GC invocations=4 (full 0):
 PSYoungGen      total 14336K, used 14319K [0x00000000f0600000, 0x00000000f2200000, 0x0000000100000000)
  eden space 12288K, 100% used [0x00000000f0600000,0x00000000f1200000,0x00000000f1200000)
  from space 2048K, 99% used [0x00000000f1200000,0x00000000f13fbca0,0x00000000f1400000)
  to   space 2048K, 0% used [0x00000000f2000000,0x00000000f2000000,0x00000000f2200000)
 ParOldGen       total 32768K, used 3011K [0x00000000d1200000, 0x00000000d3200000, 0x00000000f0600000)
  object space 32768K, 9% used [0x00000000d1200000,0x00000000d14f0c58,0x00000000d3200000)
 Metaspace       used 13913K, capacity 14142K, committed 14336K, reserved 1060864K
  class space    used 2383K, capacity 2473K, committed 2560K, reserved 1048576K
Event: 1.934 GC heap after
Heap after GC invocations=4 (full 0):
 PSYoungGen      total 26624K, used 2018K [0x00000000f0600000, 0x00000000f2200000, 0x0000000100000000)
  eden space 24576K, 0% used [0x00000000f0600000,0x00000000f0600000,0x00000000f1e00000)
  from space 2048K, 98% used [0x00000000f2000000,0x00000000f21f88e0,0x00000000f2200000)
  to   space 2048K, 0% used [0x00000000f1e00000,0x00000000f1e00000,0x00000000f2000000)
 ParOldGen       total 32768K, used 3630K [0x00000000d1200000, 0x00000000d3200000, 0x00000000f0600000)
  object space 32768K, 11% used [0x00000000d1200000,0x00000000d158b868,0x00000000d3200000)
 Metaspace       used 13913K, capacity 14142K, committed 14336K, reserved 1060864K
  class space    used 2383K, capacity 2473K, committed 2560K, reserved 1048576K
}
Event: 2.253 GC heap before
{Heap before GC invocations=5 (full 0):
 PSYoungGen      total 26624K, used 26594K [0x00000000f0600000, 0x00000000f2200000, 0x0000000100000000)
  eden space 24576K, 100% used [0x00000000f0600000,0x00000000f1e00000,0x00000000f1e00000)
  from space 2048K, 98% used [0x00000000f2000000,0x00000000f21f88e0,0x00000000f2200000)
  to   space 2048K, 0% used [0x00000000f1e00000,0x00000000f1e00000,0x00000000f2000000)
 ParOldGen       total 32768K, used 3630K [0x00000000d1200000, 0x00000000d3200000, 0x00000000f0600000)
  object space 32768K, 11% used [0x00000000d1200000,0x00000000d158b868,0x00000000d3200000)
 Metaspace       used 14270K, capacity 14526K, committed 14848K, reserved 1060864K
  class space    used 2437K, capacity 2537K, committed 2560K, reserved 1048576K
Event: 2.261 GC heap after
Heap after GC invocations=5 (full 0):
 PSYoungGen      total 26624K, used 2035K [0x00000000f0600000, 0x00000000f3e00000, 0x0000000100000000)
  eden space 24576K, 0% used [0x00000000f0600000,0x00000000f0600000,0x00000000f1e00000)
  from space 2048K, 99% used [0x00000000f1e00000,0x00000000f1ffccc0,0x00000000f2000000)
  to   space 4096K, 0% used [0x00000000f3a00000,0x00000000f3a00000,0x00000000f3e00000)
 ParOldGen       total 32768K, used 4086K [0x00000000d1200000, 0x00000000d3200000, 0x00000000f0600000)
  object space 32768K, 12% used [0x00000000d1200000,0x00000000d15fd868,0x00000000d3200000)
 Metaspace       used 14270K, capacity 14526K, committed 14848K, reserved 1060864K
  class space    used 2437K, capacity 2537K, committed 2560K, reserved 1048576K
}
Event: 4.768 GC heap before
{Heap before GC invocations=6 (full 0):
 PSYoungGen      total 26624K, used 26611K [0x00000000f0600000, 0x00000000f3e00000, 0x0000000100000000)
  eden space 24576K, 100% used [0x00000000f0600000,0x00000000f1e00000,0x00000000f1e00000)
  from space 2048K, 99% used [0x00000000f1e00000,0x00000000f1ffccc0,0x00000000f2000000)
  to   space 4096K, 0% used [0x00000000f3a00000,0x00000000f3a00000,0x00000000f3e00000)
 ParOldGen       total 32768K, used 4086K [0x00000000d1200000, 0x00000000d3200000, 0x00000000f0600000)
  object space 32768K, 12% used [0x00000000d1200000,0x00000000d15fd868,0x00000000d3200000)
 Metaspace       used 14974K, capacity 15342K, committed 15488K, reserved 1062912K
  class space    used 2537K, capacity 2681K, committed 2688K, reserved 1048576K
Event: 4.779 GC heap after
Heap after GC invocations=6 (full 0):
 PSYoungGen      total 53248K, used 2959K [0x00000000f0600000, 0x00000000f3e00000, 0x0000000100000000)
  eden space 49152K, 0% used [0x00000000f0600000,0x00000000f0600000,0x00000000f3600000)
  from space 4096K, 72% used [0x00000000f3a00000,0x00000000f3ce3c88,0x00000000f3e00000)
  to   space 4096K, 0% used [0x00000000f3600000,0x00000000f3600000,0x00000000f3a00000)
 ParOldGen       total 32768K, used 4086K [0x00000000d1200000, 0x00000000d3200000, 0x00000000f0600000)
  object space 32768K, 12% used [0x00000000d1200000,0x00000000d15fd868,0x00000000d3200000)
 Metaspace       used 14974K, capacity 15342K, committed 15488K, reserved 1062912K
  class space    used 2537K, capacity 2681K, committed 2688K, reserved 1048576K
}
Event: 5.458 GC heap before
{Heap before GC invocations=7 (full 0):
 PSYoungGen      total 53248K, used 41048K [0x00000000f0600000, 0x00000000f3e00000, 0x0000000100000000)
  eden space 49152K, 77% used [0x00000000f0600000,0x00000000f2b32568,0x00000000f3600000)
  from space 4096K, 72% used [0x00000000f3a00000,0x00000000f3ce3c88,0x00000000f3e00000)
  to   space 4096K, 0% used [0x00000000f3600000,0x00000000f3600000,0x00000000f3a00000)
 ParOldGen       total 32768K, used 4086K [0x00000000d1200000, 0x00000000d3200000, 0x00000000f0600000)
  object space 32768K, 12% used [0x00000000d1200000,0x00000000d15fd868,0x00000000d3200000)
 Metaspace       used 20863K, capacity 21166K, committed 21248K, reserved 1067008K
  class space    used 3451K, capacity 3577K, committed 3584K, reserved 1048576K

Deoptimization events (10 events):
Event: 4.685 Thread 0x00007fa4d400a800 Uncommon trap: reason=bimorphic action=maybe_recompile pc=0x00007fa4c464d968 method=java.lang.ClassLoader.loadClass(Ljava/lang/String;Z)Ljava/lang/Class; @ 38
Event: 4.686 Thread 0x00007fa4d400a800 Uncommon trap: reason=unstable_if action=reinterpret pc=0x00007fa4c464d76c method=java.lang.ClassLoader.getClassLoadingLock(Ljava/lang/String;)Ljava/lang/Object; @ 6
Event: 4.686 Thread 0x00007fa4d400a800 Uncommon trap: reason=unstable_if action=reinterpret pc=0x00007fa4c48d16c4 method=java.util.jar.JarFile.getManEntry()Ljava/util/jar/JarEntry; @ 4
Event: 4.708 Thread 0x00007fa4d400a800 Uncommon trap: reason=unstable_if action=reinterpret pc=0x00007fa4c45966d4 method=sun.net.www.ParseUtil.encodePath(Ljava/lang/String;Z)Ljava/lang/String; @ 116
Event: 5.111 Thread 0x00007fa4d400a800 Uncommon trap: reason=unstable_if action=reinterpret pc=0x00007fa4c48cb628 method=java.lang.Integer.valueOf(I)Ljava/lang/Integer; @ 3
Event: 5.144 Thread 0x00007fa4d400a800 Uncommon trap: reason=unstable_if action=reinterpret pc=0x00007fa4c468ba9c method=java.lang.CharacterDataLatin1.digit(II)I @ 82
Event: 5.236 Thread 0x00007fa4d400a800 Uncommon trap: reason=class_check action=maybe_recompile pc=0x00007fa4c4756064 method=java.util.regex.Pattern$Slice.match(Ljava/util/regex/Matcher;ILjava/lang/CharSequence;)Z @ 75
Event: 5.241 Thread 0x00007fa4d400a800 Uncommon trap: reason=bimorphic action=maybe_recompile pc=0x00007fa4c491815c method=java.util.regex.Pattern$CharProperty.match(Ljava/util/regex/Matcher;ILjava/lang/CharSequence;)Z @ 18
Event: 5.241 Thread 0x00007fa4d400a800 Uncommon trap: reason=bimorphic action=maybe_recompile pc=0x00007fa4c491815c method=java.util.regex.Pattern$CharProperty.match(Ljava/util/regex/Matcher;ILjava/lang/CharSequence;)Z @ 18
Event: 5.274 Thread 0x00007fa4d400a800 Uncommon trap: reason=unstable_if action=reinterpret pc=0x00007fa4c49ae924 method=java.util.zip.ZipFile$ZipFileInputStream.read([BII)I @ 46

Classes redefined (0 events):
No events

Internal exceptions (10 events):
Event: 0.588 Thread 0x00007fa4d400a800 Exception <a 'java/security/PrivilegedActionException'> (0x00000000f0685058) thrown at [/build/openjdk-8-lTwZJE/openjdk-8-8u181-b13/src/hotspot/src/share/vm/prims/jvm.cpp, line 1435]
Event: 0.588 Thread 0x00007fa4d400a800 Exception <a 'java/security/PrivilegedActionException'> (0x00000000f06870e0) thrown at [/build/openjdk-8-lTwZJE/openjdk-8-8u181-b13/src/hotspot/src/share/vm/prims/jvm.cpp, line 1435]
Event: 0.588 Thread 0x00007fa4d400a800 Exception <a 'java/security/PrivilegedActionException'> (0x00000000f06872f0) thrown at [/build/openjdk-8-lTwZJE/openjdk-8-8u181-b13/src/hotspot/src/share/vm/prims/jvm.cpp, line 1435]
Event: 0.588 Thread 0x00007fa4d400a800 Exception <a 'java/security/PrivilegedActionException'> (0x00000000f0687dc8) thrown at [/build/openjdk-8-lTwZJE/openjdk-8-8u181-b13/src/hotspot/src/share/vm/prims/jvm.cpp, line 1435]
Event: 0.588 Thread 0x00007fa4d400a800 Exception <a 'java/security/PrivilegedActionException'> (0x00000000f0687fd8) thrown at [/build/openjdk-8-lTwZJE/openjdk-8-8u181-b13/src/hotspot/src/share/vm/prims/jvm.cpp, line 1435]
Event: 1.225 Thread 0x00007fa4d400a800 Exception <a 'java/lang/NoSuchFieldError': method resolution failed> (0x00000000f11fc5a0) thrown at [/build/openjdk-8-lTwZJE/openjdk-8-8u181-b13/src/hotspot/src/share/vm/prims/methodHandles.cpp, line 1167]
Event: 1.239 Thread 0x00007fa4d400a800 Exception <a 'java/lang/NoSuchFieldError': method resolution failed> (0x00000000f0609e38) thrown at [/build/openjdk-8-lTwZJE/openjdk-8-8u181-b13/src/hotspot/src/share/vm/prims/methodHandles.cpp, line 1167]
Event: 1.575 Thread 0x00007fa4d4385000 Implicit null exception at 0x00007fa4c4555d9b to 0x00007fa4c4555f51
Event: 5.148 Thread 0x00007fa4d400a800 Exception <a 'java/io/FileNotFoundException'> (0x00000000f1ac55f0) thrown at [/build/openjdk-8-lTwZJE/openjdk-8-8u181-b13/src/hotspot/src/share/vm/prims/jni.cpp, line 709]
Event: 5.267 Thread 0x00007fa4d400a800 Exception <a 'java/lang/NoSuchMethodError': org.slf4j.impl.StaticMDCBinder.getSingleton()Lorg/slf4j/impl/StaticMDCBinder;> (0x00000000f23081f0) thrown at [/build/openjdk-8-lTwZJE/openjdk-8-8u181-b13/src/hotspot/src/share/vm/interpreter/linkResolver.cpp, l

Events (10 events):
Event: 5.455 loading class scala/runtime/VolatileByteRef done
Event: 5.456 loading class argonaut/derive/HListProductDecodeJson$$anonfun$hcons$1$$anonfun$apply$4
Event: 5.456 loading class argonaut/derive/HListProductDecodeJson$$anonfun$hcons$1$$anonfun$apply$4 done
Event: 5.456 loading class argonaut/derive/ProductDecodeJson$$anonfun$generic$1$$anonfun$apply$1
Event: 5.456 loading class argonaut/derive/ProductDecodeJson$$anonfun$generic$1$$anonfun$apply$1 done
Event: 5.456 loading class argonaut/DecodeJson$$anon$2
Event: 5.456 loading class argonaut/DecodeJson$$anon$2 done
Event: 5.456 loading class jupyter/kernel/protocol/ShellRequestDecodeJsons$anon$derivedDecodeJson$macro$1783$1
Event: 5.456 loading class jupyter/kernel/protocol/ShellRequestDecodeJsons$anon$derivedDecodeJson$macro$1783$1 done
Event: 5.458 Executing VM operation: CollectForMetadataAllocation


Dynamic libraries:
00400000-00401000 r-xp 00000000 08:01 803085                             /usr/lib/jvm/java-8-openjdk-amd64/jre/bin/java
00600000-00601000 r--p 00000000 08:01 803085                             /usr/lib/jvm/java-8-openjdk-amd64/jre/bin/java
00601000-00602000 rw-p 00001000 08:01 803085                             /usr/lib/jvm/java-8-openjdk-amd64/jre/bin/java
020c9000-02356000 rw-p 00000000 00:00 0                                  [heap]
d1200000-d3200000 rw-p 00000000 00:00 0 
d3200000-f0600000 ---p 00000000 00:00 0 
f0600000-f3e00000 rw-p 00000000 00:00 0 
f7200000-100000000 ---p 00000000 00:00 0 
100000000-100380000 rw-p 00000000 00:00 0 
100380000-140000000 ---p 00000000 00:00 0 
7fa480000000-7fa480302000 rw-p 00000000 00:00 0 
7fa480302000-7fa484000000 ---p 00000000 00:00 0 
7fa484fff000-7fa488000000 rw-p 00000000 00:00 0 
7fa488000000-7fa48819d000 rw-p 00000000 00:00 0 
7fa48819d000-7fa48c000000 ---p 00000000 00:00 0 
7fa48c000000-7fa48c3ce000 rw-p 00000000 00:00 0 
7fa48c3ce000-7fa490000000 ---p 00000000 00:00 0 
7fa490000000-7fa490021000 rw-p 00000000 00:00 0 
7fa490021000-7fa494000000 ---p 00000000 00:00 0 
7fa494000000-7fa494021000 rw-p 00000000 00:00 0 
7fa494021000-7fa498000000 ---p 00000000 00:00 0 
7fa498000000-7fa498021000 rw-p 00000000 00:00 0 
7fa498021000-7fa49c000000 ---p 00000000 00:00 0 
7fa49c000000-7fa49c86b000 rw-p 00000000 00:00 0 
7fa49c86b000-7fa4a0000000 ---p 00000000 00:00 0 
7fa4a22b2000-7fa4a22c9000 r-xp 00000000 08:01 803144                     /usr/lib/jvm/java-8-openjdk-amd64/jre/lib/amd64/libnet.so
7fa4a22c9000-7fa4a24c8000 ---p 00017000 08:01 803144                     /usr/lib/jvm/java-8-openjdk-amd64/jre/lib/amd64/libnet.so
7fa4a24c8000-7fa4a24c9000 r--p 00016000 08:01 803144                     /usr/lib/jvm/java-8-openjdk-amd64/jre/lib/amd64/libnet.so
7fa4a24c9000-7fa4a24ca000 rw-p 00017000 08:01 803144                     /usr/lib/jvm/java-8-openjdk-amd64/jre/lib/amd64/libnet.so
7fa4a24ca000-7fa4a24db000 r-xp 00000000 08:01 803143                     /usr/lib/jvm/java-8-openjdk-amd64/jre/lib/amd64/libnio.so
7fa4a24db000-7fa4a26db000 ---p 00011000 08:01 803143                     /usr/lib/jvm/java-8-openjdk-amd64/jre/lib/amd64/libnio.so
7fa4a26db000-7fa4a26dc000 r--p 00011000 08:01 803143                     /usr/lib/jvm/java-8-openjdk-amd64/jre/lib/amd64/libnio.so
7fa4a26dc000-7fa4a26dd000 rw-p 00012000 08:01 803143                     /usr/lib/jvm/java-8-openjdk-amd64/jre/lib/amd64/libnio.so
7fa4a26dd000-7fa4a281d000 rw-p 00000000 00:00 0 
7fa4a281d000-7fa4a28dd000 ---p 00000000 00:00 0 
7fa4a28dd000-7fa4a2add000 rw-p 00000000 00:00 0 
7fa4a2add000-7fa4a2ae0000 r--s 00011000 08:01 807203                     /home/user/.coursier/cache/v1/https/repo1.maven.org/maven2/com/lihaoyi/fastparse-utils_2.11/0.4.2/fastparse-utils_2.11-0.4.2.jar
7fa4a2ae0000-7fa4a2ae1000 r--s 00006000 08:01 807207                     /home/user/.coursier/cache/v1/https/repo1.maven.org/maven2/com/github/alexarchambault/case-app-annotations_2.11/1.1.3/case-app-annotations_2.11-1.1.3.jar
7fa4a2ae1000-7fa4a2ae8000 r--s 00042000 08:01 807208                     /home/user/.coursier/cache/v1/https/repo1.maven.org/maven2/com/github/alexarchambault/case-app_2.11/1.1.3/case-app_2.11-1.1.3.jar
7fa4a2ae8000-7fa4a2aea000 r--s 0000a000 08:01 807225                     /home/user/.coursier/cache/v1/https/repo1.maven.org/maven2/com/github/alexarchambault/case-app-util_2.11/1.1.3/case-app-util_2.11-1.1.3.jar
7fa4a2aea000-7fa4a2aed000 r--s 00015000 08:01 807242                     /home/user/.coursier/cache/v1/https/repo1.maven.org/maven2/org/jupyter-scala/scala-cli_2.11.11/0.4.2/scala-cli_2.11.11-0.4.2.jar
7fa4a2aed000-7fa4a2af8000 r--s 00069000 08:01 807253                     /home/user/.coursier/cache/v1/https/repo1.maven.org/maven2/ch/qos/logback/logback-core/1.2.1/logback-core-1.2.1.jar
7fa4a2af8000-7fa4a2b02000 r--s 00074000 08:01 807377                     /home/user/.coursier/cache/v1/https/repo1.maven.org/maven2/org/jupyter-scala/ammonite-compiler_2.11.11/0.8.3-1/ammonite-compiler_2.11.11-0.8.3-1.jar
7fa4a2b02000-7fa4a2b07000 r--s 00039000 08:01 807259                     /home/user/.coursier/cache/v1/https/repo1.maven.org/maven2/org/zeromq/jeromq/0.3.6/jeromq-0.3.6.jar
7fa4a2b07000-7fa4a2b09000 r--s 00009000 08:01 807266                     /home/user/.coursier/cache/v1/https/repo1.maven.org/maven2/org/slf4j/slf4j-api/1.7.22/slf4j-api-1.7.22.jar
7fa4a2b09000-7fa4a2b0f000 r--s 00046000 08:01 807275                     /home/user/.coursier/cache/v1/https/repo1.maven.org/maven2/ch/qos/logback/logback-classic/1.2.1/logback-classic-1.2.1.jar
7fa4a2b0f000-7fa4a2b22000 r--s 000bb000 08:01 807205                     /home/user/.coursier/cache/v1/https/repo1.maven.org/maven2/org/jupyter-scala/kernel_2.11/0.4.1/kernel_2.11-0.4.1.jar
7fa4a2b22000-7fa4a2b23000 r--s 00008000 08:01 807293                     /home/user/.coursier/cache/v1/https/repo1.maven.org/maven2/com/typesafe/scala-logging/scala-logging_2.11/3.5.0/scala-logging_2.11-3.5.0.jar
7fa4a2b23000-7fa4a2b28000 r--s 00044000 08:01 807300                     /home/user/.coursier/cache/v1/https/repo1.maven.org/maven2/org/scodec/scodec-bits_2.11/1.1.2/scodec-bits_2.11-1.1.2.jar
7fa4a2b28000-7fa4a2b58000 r--s 001c7000 08:01 807281                     /home/user/.coursier/cache/v1/https/repo1.maven.org/maven2/io/argonaut/argonaut_2.11/6.2/argonaut_2.11-6.2.jar
7fa4a2b58000-7fa4a2b5b000 r--s 00016000 08:01 807311                     /home/user/.coursier/cache/v1/https/repo1.maven.org/maven2/org/jupyter-scala/scala-kernel_2.11.11/0.4.2/scala-kernel_2.11.11-0.4.2.jar
7fa4a2b5b000-7fa4a2b5f000 r--s 00029000 08:01 807324                     /home/user/.coursier/cache/v1/https/repo1.maven.org/maven2/org/jupyter-scala/kernel-protocol_2.11/0.4.1/kernel-protocol_2.11-0.4.1.jar
7fa4a2b5f000-7fa4a2b69000 r--s 00069000 08:01 807307                     /home/user/.coursier/cache/v1/https/repo1.maven.org/maven2/com/lihaoyi/scalaparse_2.11/0.4.2/scalaparse_2.11-0.4.2.jar
7fa4a2b69000-7fa4a2b6f000 r--s 0004d000 08:01 807344                     /home/user/.coursier/cache/v1/https/repo1.maven.org/maven2/com/lihaoyi/fastparse_2.11/0.4.2/fastparse_2.11-0.4.2.jar
7fa4a2b6f000-7fa4a2b92000 r--s 00155000 08:01 807348                     /home/user/.coursier/cache/v1/https/repo1.maven.org/maven2/org/scalaz/stream/scalaz-stream_2.11/0.8.6a/scalaz-stream_2.11-0.8.6a.jar
7fa4a2b92000-7fa4a2b96000 r--s 0001b000 08:01 807362                     /home/user/.coursier/cache/v1/https/repo1.maven.org/maven2/com/github/alexarchambault/argonaut-shapeless_6.2_2.11/1.2.0-M5/argonaut-shapeless_6.2_2.11-1.2.0-M5.jar
7fa4a2b96000-7fa4a2b97000 r--s 00000000 08:01 807233                     /home/user/.coursier/cache/v1/https/repo1.maven.org/maven2/org/typelevel/macro-compat_2.11/1.1.1/macro-compat_2.11-1.1.1.jar
7fa4a2b97000-7fa4a2bdd000 r--s 00317000 08:01 807336                     /home/user/.coursier/cache/v1/https/repo1.maven.org/maven2/com/chuusai/shapeless_2.11/2.3.2/shapeless_2.11-2.3.2.jar
7fa4a2bdd000-7fa4a2bdf000 r--s 00012000 08:01 807339                     /home/user/.coursier/cache/v1/https/repo1.maven.org/maven2/com/lihaoyi/fansi_2.11/0.2.3/fansi_2.11-0.2.3.jar
7fa4a2bdf000-7fa4a2c38000 r--s 00523000 08:01 807237                     /home/user/.coursier/cache/v1/https/repo1.maven.org/maven2/org/scala-lang/scala-library/2.11.11/scala-library-2.11.11.jar
7fa4a2c38000-7fa4a2d0a000 r--s 00a6f000 08:01 807285                     /home/user/.coursier/cache/v1/https/repo1.maven.org/maven2/org/scalaz/scalaz-core_2.11/7.2.8/scalaz-core_2.11-7.2.8.jar
7fa4a2d0a000-7fa4a2e17000 r--s 00dd4000 08:01 807246                     /home/user/.coursier/cache/v1/https/repo1.maven.org/maven2/org/scala-lang/scala-compiler/2.11.11/scala-compiler-2.11.11.jar
7fa4a2e17000-7fa4a2e1a000 ---p 00000000 00:00 0 
7fa4a2e1a000-7fa4a2f18000 rw-p 00000000 00:00 0 
7fa4a2f18000-7fa4a2f1b000 ---p 00000000 00:00 0 
7fa4a2f1b000-7fa4a3219000 rw-p 00000000 00:00 0 
7fa4a3219000-7fa4a3419000 rw-p 00000000 00:00 0 
7fa4a3419000-7fa4a341c000 ---p 00000000 00:00 0 
7fa4a341c000-7fa4a351a000 rw-p 00000000 00:00 0 
7fa4a351a000-7fa4a351d000 ---p 00000000 00:00 0 
7fa4a351d000-7fa4a361b000 rw-p 00000000 00:00 0 
7fa4a361b000-7fa4a361e000 ---p 00000000 00:00 0 
7fa4a361e000-7fa4a371c000 rw-p 00000000 00:00 0 
7fa4a371c000-7fa4a371f000 ---p 00000000 00:00 0 
7fa4a371f000-7fa4a381d000 rw-p 00000000 00:00 0 
7fa4a381d000-7fa4a3823000 r--s 00050000 08:01 807318                     /home/user/.coursier/cache/v1/https/repo1.maven.org/maven2/org/jsoup/jsoup/1.10.2/jsoup-1.10.2.jar
7fa4a3823000-7fa4a3824000 r--s 00001000 08:01 807355                     /home/user/.coursier/cache/v1/https/repo1.maven.org/maven2/org/jupyter-scala/scala-api_2.11.11/0.4.2/scala-api_2.11.11-0.4.2.jar
7fa4a3824000-7fa4a3825000 r--s 00007000 08:01 807320                     /home/user/.coursier/cache/v1/https/repo1.maven.org/maven2/org/jupyter-scala/kernel-api_2.11/0.4.1/kernel-api_2.11-0.4.1.jar
7fa4a3825000-7fa4a382a000 r--s 00048000 08:01 807334                     /home/user/.coursier/cache/v1/https/repo1.maven.org/maven2/com/lihaoyi/pprint_2.11/0.4.4/pprint_2.11-0.4.4.jar
7fa4a382a000-7fa4a382c000 r--s 0000f000 08:01 807314                     /home/user/.coursier/cache/v1/https/repo1.maven.org/maven2/com/lihaoyi/derive_2.11/0.4.4/derive_2.11-0.4.4.jar
7fa4a382c000-7fa4a3836000 r--s 0009a000 08:01 807217                     /home/user/.coursier/cache/v1/https/repo1.maven.org/maven2/org/scala-lang/modules/scala-xml_2.11/1.0.6/scala-xml_2.11-1.0.6.jar
7fa4a3836000-7fa4a385c000 r--s 00196000 08:01 807280                     /home/user/.coursier/cache/v1/https/repo1.maven.org/maven2/io/get-coursier/coursier_2.11/1.0.0-RC2/coursier_2.11-1.0.0-RC2.jar
7fa4a385c000-7fa4a3860000 r--s 00023000 08:01 807360                     /home/user/.coursier/cache/v1/https/repo1.maven.org/maven2/org/scalaj/scalaj-http_2.11/2.3.0/scalaj-http_2.11-2.3.0.jar
7fa4a3860000-7fa4a386b000 r--s 00074000 08:01 807252                     /home/user/.coursier/cache/v1/https/repo1.maven.org/maven2/org/jupyter-scala/ammonite-runtime_2.11.11/0.8.3-1/ammonite-runtime_2.11.11-0.8.3-1.jar
7fa4a386b000-7fa4a3873000 r--s 0004c000 08:01 807222                     /home/user/.coursier/cache/v1/https/repo1.maven.org/maven2/org/scalaz/scalaz-concurrent_2.11/7.2.8/scalaz-concurrent_2.11-7.2.8.jar
7fa4a3873000-7fa4a3876000 r--s 0001a000 08:01 807269                     /home/user/.coursier/cache/v1/https/repo1.maven.org/maven2/com/lihaoyi/sourcecode_2.11/0.1.3/sourcecode_2.11-0.1.3.jar
7fa4a3876000-7fa4a38c2000 r--s 00418000 08:01 807351                     /home/user/.coursier/cache/v1/https/repo1.maven.org/maven2/org/scala-lang/scala-reflect/2.11.11/scala-reflect-2.11.11.jar
7fa4a38c2000-7fa4a38c5000 ---p 00000000 00:00 0 
7fa4a38c5000-7fa4a39c3000 rw-p 00000000 00:00 0 
7fa4a39c3000-7fa4a39c6000 ---p 00000000 00:00 0 
7fa4a39c6000-7fa4a3ac4000 rw-p 00000000 00:00 0 
7fa4a3ac4000-7fa4a3ac7000 ---p 00000000 00:00 0 
7fa4a3ac7000-7fa4a3bc5000 rw-p 00000000 00:00 0 
7fa4a3bc5000-7fa4a3bc8000 ---p 00000000 00:00 0 
7fa4a3bc8000-7fa4a3dfe000 rw-p 00000000 00:00 0 
7fa4a3dfe000-7fa4a3dff000 ---p 00000000 00:00 0 
7fa4a3dff000-7fa4a3eff000 rw-p 00000000 00:00 0 
7fa4a3eff000-7fa4a3f02000 ---p 00000000 00:00 0 
7fa4a3f02000-7fa4a4000000 rw-p 00000000 00:00 0 
7fa4a4000000-7fa4a4021000 rw-p 00000000 00:00 0 
7fa4a4021000-7fa4a8000000 ---p 00000000 00:00 0 
7fa4a8000000-7fa4a976d000 rw-p 00000000 00:00 0 
7fa4a976d000-7fa4ac000000 ---p 00000000 00:00 0 
7fa4ac000000-7fa4ac021000 rw-p 00000000 00:00 0 
7fa4ac021000-7fa4b0000000 ---p 00000000 00:00 0 
7fa4b0000000-7fa4b0021000 rw-p 00000000 00:00 0 
7fa4b0021000-7fa4b4000000 ---p 00000000 00:00 0 
7fa4b4000000-7fa4b4021000 rw-p 00000000 00:00 0 
7fa4b4021000-7fa4b8000000 ---p 00000000 00:00 0 
7fa4b8000000-7fa4b8021000 rw-p 00000000 00:00 0 
7fa4b8021000-7fa4bc000000 ---p 00000000 00:00 0 
7fa4bc000000-7fa4bc029000 rw-p 00000000 00:00 0 
7fa4bc029000-7fa4c0000000 ---p 00000000 00:00 0 
7fa4c0000000-7fa4c0002000 r--s 00013000 08:01 807296                     /home/user/.coursier/cache/v1/https/repo1.maven.org/maven2/org/spire-math/jawn-parser_2.11/0.10.3/jawn-parser_2.11-0.10.3.jar
7fa4c0002000-7fa4c000c000 r--s 00061000 08:01 807370                     /home/user/.coursier/cache/v1/https/repo1.maven.org/maven2/org/scalaz/scalaz-effect_2.11/7.2.8/scalaz-effect_2.11-7.2.8.jar
7fa4c000c000-7fa4c0012000 r--s 0005c000 08:01 807218                     /home/user/.coursier/cache/v1/https/repo1.maven.org/maven2/com/lihaoyi/upickle_2.11/0.4.4/upickle_2.11-0.4.4.jar
7fa4c0012000-7fa4c001a000 r--s 0004b000 08:01 807374                     /home/user/.coursier/cache/v1/https/repo1.maven.org/maven2/io/get-coursier/coursier-cache_2.11/1.0.0-RC2/coursier-cache_2.11-1.0.0-RC2.jar
7fa4c001a000-7fa4c001f000 r--s 00047000 08:01 807328                     /home/user/.coursier/cache/v1/https/repo1.maven.org/maven2/org/jupyter-scala/ammonite-ops_2.11/0.8.3-1/ammonite-ops_2.11-0.8.3-1.jar
7fa4c001f000-7fa4c002a000 r--s 0005d000 08:01 807365                     /home/user/.coursier/cache/v1/https/repo1.maven.org/maven2/org/scala-lang/modules/scala-parser-combinators_2.11/1.0.4/scala-parser-combinators_2.11-1.0.4.jar
7fa4c002a000-7fa4c0076000 r--s 0024b000 08:01 806309                     /home/user/.coursier/bootstrap/1.0.0-RC1/coursier-cli_2.11-1.0.0-RC1-standalone.jar
7fa4c0076000-7fa4c0091000 r--s 00394000 08:01 803174                     /usr/lib/jvm/java-8-openjdk-amd64/jre/lib/ext/cldrdata.jar
7fa4c0091000-7fa4c0094000 ---p 00000000 00:00 0 
7fa4c0094000-7fa4c0192000 rw-p 00000000 00:00 0 
7fa4c0192000-7fa4c0195000 ---p 00000000 00:00 0 
7fa4c0195000-7fa4c0293000 rw-p 00000000 00:00 0 
7fa4c0293000-7fa4c0296000 ---p 00000000 00:00 0 
7fa4c0296000-7fa4c0394000 rw-p 00000000 00:00 0 
7fa4c0394000-7fa4c0dbc000 r--p 00000000 08:01 2105158                    /usr/lib/locale/locale-archive
7fa4c0dbc000-7fa4c0dbf000 ---p 00000000 00:00 0 
7fa4c0dbf000-7fa4c0ebd000 rw-p 00000000 00:00 0 
7fa4c0ebd000-7fa4c0ec0000 ---p 00000000 00:00 0 
7fa4c0ec0000-7fa4c0fbe000 rw-p 00000000 00:00 0 
7fa4c0fbe000-7fa4c0fbf000 ---p 00000000 00:00 0 
7fa4c0fbf000-7fa4c1a16000 rw-p 00000000 00:00 0 
7fa4c1a16000-7fa4c1be5000 r--s 03c33000 08:01 803184                     /usr/lib/jvm/java-8-openjdk-amd64/jre/lib/rt.jar
7fa4c1be5000-7fa4c3ccc000 rw-p 00000000 00:00 0 
7fa4c3ccc000-7fa4c3ccd000 ---p 00000000 00:00 0 
7fa4c3ccd000-7fa4c3dcd000 rw-p 00000000 00:00 0 
7fa4c3dcd000-7fa4c3dce000 ---p 00000000 00:00 0 
7fa4c3dce000-7fa4c3ede000 rw-p 00000000 00:00 0 
7fa4c3ede000-7fa4c3fc8000 ---p 00000000 00:00 0 
7fa4c3fc8000-7fa4c3fe1000 rw-p 00000000 00:00 0 
7fa4c3fe1000-7fa4c4388000 ---p 00000000 00:00 0 
7fa4c4388000-7fa4c49c8000 rwxp 00000000 00:00 0 
7fa4c49c8000-7fa4d3388000 ---p 00000000 00:00 0 
7fa4d3388000-7fa4d3390000 r-xp 00000000 08:01 803135                     /usr/lib/jvm/java-8-openjdk-amd64/jre/lib/amd64/libzip.so
7fa4d3390000-7fa4d358f000 ---p 00008000 08:01 803135                     /usr/lib/jvm/java-8-openjdk-amd64/jre/lib/amd64/libzip.so
7fa4d358f000-7fa4d3590000 r--p 00007000 08:01 803135                     /usr/lib/jvm/java-8-openjdk-amd64/jre/lib/amd64/libzip.so
7fa4d3590000-7fa4d3591000 rw-p 00008000 08:01 803135                     /usr/lib/jvm/java-8-openjdk-amd64/jre/lib/amd64/libzip.so
7fa4d3591000-7fa4d359c000 r-xp 00000000 08:01 2889153                    /lib/x86_64-linux-gnu/libnss_files-2.23.so
7fa4d359c000-7fa4d379b000 ---p 0000b000 08:01 2889153                    /lib/x86_64-linux-gnu/libnss_files-2.23.so
7fa4d379b000-7fa4d379c000 r--p 0000a000 08:01 2889153                    /lib/x86_64-linux-gnu/libnss_files-2.23.so
7fa4d379c000-7fa4d379d000 rw-p 0000b000 08:01 2889153                    /lib/x86_64-linux-gnu/libnss_files-2.23.so
7fa4d379d000-7fa4d37a3000 rw-p 00000000 00:00 0 
7fa4d37a3000-7fa4d37ae000 r-xp 00000000 08:01 2889163                    /lib/x86_64-linux-gnu/libnss_nis-2.23.so
7fa4d37ae000-7fa4d39ad000 ---p 0000b000 08:01 2889163                    /lib/x86_64-linux-gnu/libnss_nis-2.23.so
7fa4d39ad000-7fa4d39ae000 r--p 0000a000 08:01 2889163                    /lib/x86_64-linux-gnu/libnss_nis-2.23.so
7fa4d39ae000-7fa4d39af000 rw-p 0000b000 08:01 2889163                    /lib/x86_64-linux-gnu/libnss_nis-2.23.so
7fa4d39af000-7fa4d39c5000 r-xp 00000000 08:01 2889147                    /lib/x86_64-linux-gnu/libnsl-2.23.so
7fa4d39c5000-7fa4d3bc4000 ---p 00016000 08:01 2889147                    /lib/x86_64-linux-gnu/libnsl-2.23.so
7fa4d3bc4000-7fa4d3bc5000 r--p 00015000 08:01 2889147                    /lib/x86_64-linux-gnu/libnsl-2.23.so
7fa4d3bc5000-7fa4d3bc6000 rw-p 00016000 08:01 2889147                    /lib/x86_64-linux-gnu/libnsl-2.23.so
7fa4d3bc6000-7fa4d3bc8000 rw-p 00000000 00:00 0 
7fa4d3bc8000-7fa4d3bd0000 r-xp 00000000 08:01 2889149                    /lib/x86_64-linux-gnu/libnss_compat-2.23.so
7fa4d3bd0000-7fa4d3dcf000 ---p 00008000 08:01 2889149                    /lib/x86_64-linux-gnu/libnss_compat-2.23.so
7fa4d3dcf000-7fa4d3dd0000 r--p 00007000 08:01 2889149                    /lib/x86_64-linux-gnu/libnss_compat-2.23.so
7fa4d3dd0000-7fa4d3dd1000 rw-p 00008000 08:01 2889149                    /lib/x86_64-linux-gnu/libnss_compat-2.23.so
7fa4d3dd1000-7fa4d3dfe000 r-xp 00000000 08:01 803155                     /usr/lib/jvm/java-8-openjdk-amd64/jre/lib/amd64/libjava.so
7fa4d3dfe000-7fa4d3ffd000 ---p 0002d000 08:01 803155                     /usr/lib/jvm/java-8-openjdk-amd64/jre/lib/amd64/libjava.so
7fa4d3ffd000-7fa4d3ffe000 r--p 0002c000 08:01 803155                     /usr/lib/jvm/java-8-openjdk-amd64/jre/lib/amd64/libjava.so
7fa4d3ffe000-7fa4d4000000 rw-p 0002d000 08:01 803155                     /usr/lib/jvm/java-8-openjdk-amd64/jre/lib/amd64/libjava.so
7fa4d4000000-7fa4d49dc000 rw-p 00000000 00:00 0 
7fa4d49dc000-7fa4d8000000 ---p 00000000 00:00 0 
7fa4d8000000-7fa4d8002000 r--s 0000d000 08:01 807262                     /home/user/.coursier/cache/v1/https/repo1.maven.org/maven2/com/lihaoyi/geny_2.11/0.1.1/geny_2.11-0.1.1.jar
7fa4d8002000-7fa4d8004000 r--s 00016000 08:01 807235                     /home/user/.coursier/cache/v1/https/repo1.maven.org/maven2/org/jupyter-scala/ammonite-util_2.11.11/0.8.3-1/ammonite-util_2.11.11-0.8.3-1.jar
7fa4d8004000-7fa4d8009000 r--s 0009d000 08:01 803185                     /usr/lib/jvm/java-8-openjdk-amd64/jre/lib/jsse.jar
7fa4d8009000-7fa4d800a000 r--s 00002000 08:01 807381                     /home/user/.local/share/jupyter/kernels/scala/launcher.jar
7fa4d800a000-7fa4d8025000 r--s 001d6000 08:01 803177                     /usr/lib/jvm/java-8-openjdk-amd64/jre/lib/ext/nashorn.jar
7fa4d8025000-7fa4d8026000 r--s 0000a000 08:01 803181                     /usr/lib/jvm/java-8-openjdk-amd64/jre/lib/ext/jaccess.jar
7fa4d8026000-7fa4d8028000 r--s 00008000 08:01 803178                     /usr/lib/jvm/java-8-openjdk-amd64/jre/lib/ext/sunec.jar
7fa4d8028000-7fa4d8032000 r--s 00116000 08:01 803175                     /usr/lib/jvm/java-8-openjdk-amd64/jre/lib/ext/localedata.jar
7fa4d8032000-7fa4d8042000 rw-p 00000000 00:00 0 
7fa4d8042000-7fa4d812c000 ---p 00000000 00:00 0 
7fa4d812c000-7fa4d8148000 rw-p 00000000 00:00 0 
7fa4d8148000-7fa4d81a9000 ---p 00000000 00:00 0 
7fa4d81a9000-7fa4d81aa000 rw-p 00000000 00:00 0 
7fa4d81aa000-7fa4d81b9000 r-xp 00000000 08:01 803127                     /usr/lib/jvm/java-8-openjdk-amd64/jre/lib/amd64/libverify.so
7fa4d81b9000-7fa4d83b8000 ---p 0000f000 08:01 803127                     /usr/lib/jvm/java-8-openjdk-amd64/jre/lib/amd64/libverify.so
7fa4d83b8000-7fa4d83ba000 r--p 0000e000 08:01 803127                     /usr/lib/jvm/java-8-openjdk-amd64/jre/lib/amd64/libverify.so
7fa4d83ba000-7fa4d83bb000 rw-p 00010000 08:01 803127                     /usr/lib/jvm/java-8-openjdk-amd64/jre/lib/amd64/libverify.so
7fa4d83bb000-7fa4d83c2000 r-xp 00000000 08:01 2889208                    /lib/x86_64-linux-gnu/librt-2.23.so
7fa4d83c2000-7fa4d85c1000 ---p 00007000 08:01 2889208                    /lib/x86_64-linux-gnu/librt-2.23.so
7fa4d85c1000-7fa4d85c2000 r--p 00006000 08:01 2889208                    /lib/x86_64-linux-gnu/librt-2.23.so
7fa4d85c2000-7fa4d85c3000 rw-p 00007000 08:01 2889208                    /lib/x86_64-linux-gnu/librt-2.23.so
7fa4d85c3000-7fa4d85d9000 r-xp 00000000 08:01 2889092                    /lib/x86_64-linux-gnu/libgcc_s.so.1
7fa4d85d9000-7fa4d87d8000 ---p 00016000 08:01 2889092                    /lib/x86_64-linux-gnu/libgcc_s.so.1
7fa4d87d8000-7fa4d87d9000 rw-p 00015000 08:01 2889092                    /lib/x86_64-linux-gnu/libgcc_s.so.1
7fa4d87d9000-7fa4d88e1000 r-xp 00000000 08:01 2889124                    /lib/x86_64-linux-gnu/libm-2.23.so
7fa4d88e1000-7fa4d8ae0000 ---p 00108000 08:01 2889124                    /lib/x86_64-linux-gnu/libm-2.23.so
7fa4d8ae0000-7fa4d8ae1000 r--p 00107000 08:01 2889124                    /lib/x86_64-linux-gnu/libm-2.23.so
7fa4d8ae1000-7fa4d8ae2000 rw-p 00108000 08:01 2889124                    /lib/x86_64-linux-gnu/libm-2.23.so
7fa4d8ae2000-7fa4d8c54000 r-xp 00000000 08:01 2107766                    /usr/lib/x86_64-linux-gnu/libstdc++.so.6.0.21
7fa4d8c54000-7fa4d8e54000 ---p 00172000 08:01 2107766                    /usr/lib/x86_64-linux-gnu/libstdc++.so.6.0.21
7fa4d8e54000-7fa4d8e5e000 r--p 00172000 08:01 2107766                    /usr/lib/x86_64-linux-gnu/libstdc++.so.6.0.21
7fa4d8e5e000-7fa4d8e60000 rw-p 0017c000 08:01 2107766                    /usr/lib/x86_64-linux-gnu/libstdc++.so.6.0.21
7fa4d8e60000-7fa4d8e64000 rw-p 00000000 00:00 0 
7fa4d8e64000-7fa4d9ac1000 r-xp 00000000 08:01 803133                     /usr/lib/jvm/java-8-openjdk-amd64/jre/lib/amd64/server/libjvm.so
7fa4d9ac1000-7fa4d9cc1000 ---p 00c5d000 08:01 803133                     /usr/lib/jvm/java-8-openjdk-amd64/jre/lib/amd64/server/libjvm.so
7fa4d9cc1000-7fa4d9d55000 r--p 00c5d000 08:01 803133                     /usr/lib/jvm/java-8-openjdk-amd64/jre/lib/amd64/server/libjvm.so
7fa4d9d55000-7fa4d9d7e000 rw-p 00cf1000 08:01 803133                     /usr/lib/jvm/java-8-openjdk-amd64/jre/lib/amd64/server/libjvm.so
7fa4d9d7e000-7fa4d9dae000 rw-p 00000000 00:00 0 
7fa4d9dae000-7fa4d9dc6000 r-xp 00000000 08:01 2889200                    /lib/x86_64-linux-gnu/libpthread-2.23.so
7fa4d9dc6000-7fa4d9fc5000 ---p 00018000 08:01 2889200                    /lib/x86_64-linux-gnu/libpthread-2.23.so
7fa4d9fc5000-7fa4d9fc6000 r--p 00017000 08:01 2889200                    /lib/x86_64-linux-gnu/libpthread-2.23.so
7fa4d9fc6000-7fa4d9fc7000 rw-p 00018000 08:01 2889200                    /lib/x86_64-linux-gnu/libpthread-2.23.so
7fa4d9fc7000-7fa4d9fcb000 rw-p 00000000 00:00 0 
7fa4d9fcb000-7fa4d9fce000 r-xp 00000000 08:01 2889078                    /lib/x86_64-linux-gnu/libdl-2.23.so
7fa4d9fce000-7fa4da1cd000 ---p 00003000 08:01 2889078                    /lib/x86_64-linux-gnu/libdl-2.23.so
7fa4da1cd000-7fa4da1ce000 r--p 00002000 08:01 2889078                    /lib/x86_64-linux-gnu/libdl-2.23.so
7fa4da1ce000-7fa4da1cf000 rw-p 00003000 08:01 2889078                    /lib/x86_64-linux-gnu/libdl-2.23.so
7fa4da1cf000-7fa4da1e8000 r-xp 00000000 08:01 2889245                    /lib/x86_64-linux-gnu/libz.so.1.2.8
7fa4da1e8000-7fa4da3e7000 ---p 00019000 08:01 2889245                    /lib/x86_64-linux-gnu/libz.so.1.2.8
7fa4da3e7000-7fa4da3e8000 r--p 00018000 08:01 2889245                    /lib/x86_64-linux-gnu/libz.so.1.2.8
7fa4da3e8000-7fa4da3e9000 rw-p 00019000 08:01 2889245                    /lib/x86_64-linux-gnu/libz.so.1.2.8
7fa4da3e9000-7fa4da5a9000 r-xp 00000000 08:01 2889054                    /lib/x86_64-linux-gnu/libc-2.23.so
7fa4da5a9000-7fa4da7a9000 ---p 001c0000 08:01 2889054                    /lib/x86_64-linux-gnu/libc-2.23.so
7fa4da7a9000-7fa4da7ad000 r--p 001c0000 08:01 2889054                    /lib/x86_64-linux-gnu/libc-2.23.so
7fa4da7ad000-7fa4da7af000 rw-p 001c4000 08:01 2889054                    /lib/x86_64-linux-gnu/libc-2.23.so
7fa4da7af000-7fa4da7b3000 rw-p 00000000 00:00 0 
7fa4da7b3000-7fa4da7c0000 r-xp 00000000 08:01 803131                     /usr/lib/jvm/java-8-openjdk-amd64/jre/lib/amd64/jli/libjli.so
7fa4da7c0000-7fa4da9c0000 ---p 0000d000 08:01 803131                     /usr/lib/jvm/java-8-openjdk-amd64/jre/lib/amd64/jli/libjli.so
7fa4da9c0000-7fa4da9c1000 r--p 0000d000 08:01 803131                     /usr/lib/jvm/java-8-openjdk-amd64/jre/lib/amd64/jli/libjli.so
7fa4da9c1000-7fa4da9c2000 rw-p 0000e000 08:01 803131                     /usr/lib/jvm/java-8-openjdk-amd64/jre/lib/amd64/jli/libjli.so
7fa4da9c2000-7fa4da9e8000 r-xp 00000000 08:01 2889026                    /lib/x86_64-linux-gnu/ld-2.23.so
7fa4da9e8000-7fa4da9eb000 r--s 00038000 08:01 803179                     /usr/lib/jvm/java-8-openjdk-amd64/jre/lib/ext/sunpkcs11.jar
7fa4da9eb000-7fa4da9ed000 r--s 00001000 08:01 803180                     /usr/lib/jvm/java-8-openjdk-amd64/jre/lib/ext/dnsns.jar
7fa4da9ed000-7fa4da9f0000 r--s 0000f000 08:01 803176                     /usr/lib/jvm/java-8-openjdk-amd64/jre/lib/ext/icedtea-sound.jar
7fa4da9f0000-7fa4daac1000 rw-p 00000000 00:00 0 
7fa4daac1000-7fa4daac4000 ---p 00000000 00:00 0 
7fa4daac4000-7fa4dabc6000 rw-p 00000000 00:00 0 
7fa4dabc6000-7fa4dabc7000 r--s 00010000 08:01 803182                     /usr/lib/jvm/java-8-openjdk-amd64/jre/lib/ext/zipfs.jar
7fa4dabc7000-7fa4dabcd000 r--s 0003b000 08:01 803183                     /usr/lib/jvm/java-8-openjdk-amd64/jre/lib/ext/sunjce_provider.jar
7fa4dabcd000-7fa4dabdc000 rw-p 00000000 00:00 0 
7fa4dabdc000-7fa4dabe4000 rw-s 00000000 08:01 1836275                    /tmp/hsperfdata_user/125824
7fa4dabe4000-7fa4dabe5000 rw-p 00000000 00:00 0 
7fa4dabe5000-7fa4dabe6000 ---p 00000000 00:00 0 
7fa4dabe6000-7fa4dabe7000 rw-p 00000000 00:00 0 
7fa4dabe7000-7fa4dabe8000 r--p 00025000 08:01 2889026                    /lib/x86_64-linux-gnu/ld-2.23.so
7fa4dabe8000-7fa4dabe9000 rw-p 00026000 08:01 2889026                    /lib/x86_64-linux-gnu/ld-2.23.so
7fa4dabe9000-7fa4dabea000 rw-p 00000000 00:00 0 
7fff620c1000-7fff620e2000 rw-p 00000000 00:00 0                          [stack]
7fff620ef000-7fff620f2000 r--p 00000000 00:00 0                          [vvar]
7fff620f2000-7fff620f4000 r-xp 00000000 00:00 0                          [vdso]
ffffffffff600000-ffffffffff601000 r-xp 00000000 00:00 0                  [vsyscall]

VM Arguments:
jvm_args: -Xverify:none 
java_command: /home/user/.local/share/jupyter/kernels/scala/launcher.jar launch -r sonatype:releases -r sonatype:snapshots -i ammonite -I ammonite:org.jupyter-scala:ammonite-runtime_2.11.11:0.8.3-1 -I ammonite:org.jupyter-scala:scala-api_2.11.11:0.4.2 org.jupyter-scala:scala-cli_2.11.11:0.4.2 -- --id scala --name Scala --quiet --connection-file /run/user/1000/jupyter/kernel-dd0dea1f-73ff-49d5-a741-bdbc4b5579cd.json
java_class_path (initial): /home/user/.local/share/jupyter/kernels/scala/launcher.jar
Launcher Type: SUN_STANDARD

Environment Variables:
PATH=/home/user/anaconda3/bin:/home/user/anaconda3/bin:/home/user/bin:/home/user/.local/bin:/usr/local/sbin:/usr/local/bin:/usr/sbin:/usr/bin:/sbin:/bin:/usr/games:/usr/local/games:/snap/bin
SHELL=/bin/bash
DISPLAY=:0.0

Signal Handlers:
SIGSEGV: [libjvm.so+0xa71a70], sa_mask[0]=11111111011111111101111111111110, sa_flags=SA_RESTART|SA_SIGINFO
SIGBUS: [libjvm.so+0xa71a70], sa_mask[0]=11111111011111111101111111111110, sa_flags=SA_RESTART|SA_SIGINFO
SIGFPE: [libjvm.so+0x8b8f80], sa_mask[0]=11111111011111111101111111111110, sa_flags=SA_RESTART|SA_SIGINFO
SIGPIPE: [libjvm.so+0x8b8f80], sa_mask[0]=11111111011111111101111111111110, sa_flags=SA_RESTART|SA_SIGINFO
SIGXFSZ: [libjvm.so+0x8b8f80], sa_mask[0]=11111111011111111101111111111110, sa_flags=SA_RESTART|SA_SIGINFO
SIGILL: [libjvm.so+0x8b8f80], sa_mask[0]=11111111011111111101111111111110, sa_flags=SA_RESTART|SA_SIGINFO
SIGUSR1: SIG_DFL, sa_mask[0]=00000000000000000000000000000000, sa_flags=none
SIGUSR2: [libjvm.so+0x8b8e30], sa_mask[0]=00000000000000000000000000000000, sa_flags=SA_RESTART|SA_SIGINFO
SIGHUP: [libjvm.so+0x8b9300], sa_mask[0]=11111111011111111101111111111110, sa_flags=SA_RESTART|SA_SIGINFO
SIGINT: [libjvm.so+0x8b9300], sa_mask[0]=11111111011111111101111111111110, sa_flags=SA_RESTART|SA_SIGINFO
SIGTERM: [libjvm.so+0x8b9300], sa_mask[0]=11111111011111111101111111111110, sa_flags=SA_RESTART|SA_SIGINFO
SIGQUIT: [libjvm.so+0x8b9300], sa_mask[0]=11111111011111111101111111111110, sa_flags=SA_RESTART|SA_SIGINFO


---------------  S Y S T E M  ---------------

OS:DISTRIB_ID=Ubuntu
DISTRIB_RELEASE=16.04
DISTRIB_CODENAME=xenial
DISTRIB_DESCRIPTION="Ubuntu 16.04.5 LTS"

uname:Linux 4.15.0-33-generic #36~16.04.1-Ubuntu SMP Wed Aug 15 17:21:05 UTC 2018 x86_64
libc:glibc 2.23 NPTL 2.23 
rlimit: STACK 8192k, CORE 0k, NPROC 7646, NOFILE 1048576, AS infinity
load average:3.23 1.82 0.84

/proc/meminfo:
MemTotal:        3065896 kB
MemFree:           24236 kB
MemAvailable:      30420 kB
Buffers:             480 kB
Cached:            43792 kB
SwapCached:         2712 kB
Active:          2243528 kB
Inactive:         572392 kB
Active(anon):    2236180 kB
Inactive(anon):   559952 kB
Active(file):       7348 kB
Inactive(file):    12440 kB
Unevictable:          64 kB
Mlocked:              64 kB
SwapTotal:        998396 kB
SwapFree:              0 kB
Dirty:               168 kB
Writeback:             0 kB
AnonPages:       2769188 kB
Mapped:            33344 kB
Shmem:             24308 kB
Slab:              89440 kB
SReclaimable:      35444 kB
SUnreclaim:        53996 kB
KernelStack:       14288 kB
PageTables:        37296 kB
NFS_Unstable:          0 kB
Bounce:                0 kB
WritebackTmp:          0 kB
CommitLimit:     2531344 kB
Committed_AS:    7480220 kB
VmallocTotal:   34359738367 kB
VmallocUsed:           0 kB
VmallocChunk:          0 kB
HardwareCorrupted:     0 kB
AnonHugePages:         0 kB
ShmemHugePages:        0 kB
ShmemPmdMapped:        0 kB
CmaTotal:              0 kB
CmaFree:               0 kB
HugePages_Total:       0
HugePages_Free:        0
HugePages_Rsvd:        0
HugePages_Surp:        0
Hugepagesize:       2048 kB
DirectMap4k:      278400 kB
DirectMap2M:     2867200 kB
DirectMap1G:           0 kB


CPU:total 2 (initial active 2) (1 cores per cpu, 1 threads per core) family 6 model 78 stepping 3, cmov, cx8, fxsr, mmx, sse, sse2, sse3, ssse3, sse4.1, sse4.2, popcnt, avx, avx2, aes, clmul, erms, 3dnowpref, lzcnt, tsc, tscinvbit, bmi1, bmi2, adx

/proc/cpuinfo:
processor	: 0
vendor_id	: GenuineIntel
cpu family	: 6
model		: 78
model name	: Intel(R) Core(TM) i7-6500U CPU @ 2.50GHz
stepping	: 3
microcode	: 0xba
cpu MHz		: 2592.004
cache size	: 4096 KB
physical id	: 0
siblings	: 1
core id		: 0
cpu cores	: 1
apicid		: 0
initial apicid	: 0
fpu		: yes
fpu_exception	: yes
cpuid level	: 22
wp		: yes
flags		: fpu vme de pse tsc msr pae mce cx8 apic sep mtrr pge mca cmov pat pse36 clflush dts mmx fxsr sse sse2 ss syscall nx pdpe1gb rdtscp lm constant_tsc arch_perfmon pebs bts nopl xtopology tsc_reliable nonstop_tsc cpuid aperfmperf pni pclmulqdq ssse3 fma cx16 pcid sse4_1 sse4_2 x2apic movbe popcnt tsc_deadline_timer aes xsave avx f16c rdrand hypervisor lahf_lm abm 3dnowprefetch cpuid_fault epb invpcid_single pti fsgsbase tsc_adjust bmi1 avx2 smep bmi2 invpcid rdseed adx smap xsaveopt dtherm ida arat pln pts hwp hwp_notify hwp_act_window hwp_epp
bugs		: cpu_meltdown spectre_v1 spectre_v2 spec_store_bypass l1tf
bogomips	: 5184.00
clflush size	: 64
cache_alignment	: 64
address sizes	: 42 bits physical, 48 bits virtual
power management:

processor	: 1
vendor_id	: GenuineIntel
cpu family	: 6
model		: 78
model name	: Intel(R) Core(TM) i7-6500U CPU @ 2.50GHz
stepping	: 3
microcode	: 0xba
cpu MHz		: 2592.004
cache size	: 4096 KB
physical id	: 2
siblings	: 1
core id		: 0
cpu cores	: 1
apicid		: 2
initial apicid	: 2
fpu		: yes
fpu_exception	: yes
cpuid level	: 22
wp		: yes
flags		: fpu vme de pse tsc msr pae mce cx8 apic sep mtrr pge mca cmov pat pse36 clflush dts mmx fxsr sse sse2 ss syscall nx pdpe1gb rdtscp lm constant_tsc arch_perfmon pebs bts nopl xtopology tsc_reliable nonstop_tsc cpuid aperfmperf pni pclmulqdq ssse3 fma cx16 pcid sse4_1 sse4_2 x2apic movbe popcnt tsc_deadline_timer aes xsave avx f16c rdrand hypervisor lahf_lm abm 3dnowprefetch cpuid_fault epb invpcid_single pti fsgsbase tsc_adjust bmi1 avx2 smep bmi2 invpcid rdseed adx smap xsaveopt dtherm ida arat pln pts hwp hwp_notify hwp_act_window hwp_epp
bugs		: cpu_meltdown spectre_v1 spectre_v2 spec_store_bypass l1tf
bogomips	: 5184.00
clflush size	: 64
cache_alignment	: 64
address sizes	: 42 bits physical, 48 bits virtual
power management:



Memory: 4k page, physical 3065896k(23988k free), swap 998396k(0k free)

vm_info: OpenJDK 64-Bit Server VM (25.181-b13) for linux-amd64 JRE (1.8.0_181-8u181-b13-1ubuntu0.16.04.1-b13), built on Oct 23 2018 04:39:49 by "buildd" with gcc 5.4.0 20160609

time: Sun Dec  2 20:46:28 2018
elapsed time: 5 seconds (0d 0h 0m 5s)

