#
# There is insufficient memory for the Java Runtime Environment to continue.
# Native memory allocation (mmap) failed to map 54525952 bytes for committing reserved memory.
# Possible reasons:
#   The system is out of physical RAM or swap space
#   In 32 bit mode, the process size limit was hit
# Possible solutions:
#   Reduce memory load on the system
#   Increase physical memory or swap space
#   Check if swap backing store is full
#   Use 64 bit Java on a 64 bit OS
#   Decrease Java heap size (-Xmx/-Xms)
#   Decrease number of Java threads
#   Decrease Java thread stack sizes (-Xss)
#   Set larger code cache with -XX:ReservedCodeCacheSize=
# This output file may be truncated or incomplete.
#
#  Out of Memory Error (os_linux.cpp:2643), pid=125861, tid=0x00007fbba4cfc700
#
# JRE version: OpenJDK Runtime Environment (8.0_181-b13) (build 1.8.0_181-8u181-b13-1ubuntu0.16.04.1-b13)
# Java VM: OpenJDK 64-Bit Server VM (25.181-b13 mixed mode linux-amd64 compressed oops)
# Failed to write core dump. Core dumps have been disabled. To enable core dumping, try "ulimit -c unlimited" before starting Java again
#

---------------  T H R E A D  ---------------

Current thread (0x00007fbbb40fb800):  VMThread [stack: 0x00007fbba4bfc000,0x00007fbba4cfd000] [id=125865]

Stack: [0x00007fbba4bfc000,0x00007fbba4cfd000],  sp=0x00007fbba4cfb4a0,  free space=1021k
Native frames: (J=compiled Java code, j=interpreted, Vv=VM code, C=native code)
V  [libjvm.so+0xa70f1b]
V  [libjvm.so+0x4c893c]
V  [libjvm.so+0x8bda48]
V  [libjvm.so+0x8b7dde]
V  [libjvm.so+0x933246]
V  [libjvm.so+0x934573]
V  [libjvm.so+0x930c3b]
V  [libjvm.so+0x929a69]
V  [libjvm.so+0x44c943]
V  [libjvm.so+0xa724a9]
V  [libjvm.so+0xa77d67]
V  [libjvm.so+0xa75467]
V  [libjvm.so+0xa768ef]
V  [libjvm.so+0xa76de1]
V  [libjvm.so+0x8bae52]

VM_Operation (0x00007fbbbd0de8d0): CollectForMetadataAllocation, mode: safepoint, requested by thread 0x00007fbbb400a800


---------------  P R O C E S S  ---------------

Java Threads: ( => current thread )
  0x00007fbbb439b800 JavaThread "pool-2-thread-6" daemon [_thread_blocked, id=125885, stack(0x00007fbb9d963000,0x00007fbb9da64000)]
  0x00007fbbb439a000 JavaThread "pool-2-thread-5" daemon [_thread_blocked, id=125884, stack(0x00007fbb9da64000,0x00007fbb9db65000)]
  0x00007fbbb4398800 JavaThread "pool-2-thread-4" daemon [_thread_blocked, id=125883, stack(0x00007fbb9db65000,0x00007fbb9dc66000)]
  0x00007fbbb4396800 JavaThread "pool-2-thread-3" daemon [_thread_blocked, id=125882, stack(0x00007fbba41a8000,0x00007fbba42a9000)]
  0x00007fbbb4395800 JavaThread "pool-2-thread-2" daemon [_thread_blocked, id=125881, stack(0x00007fbba4087000,0x00007fbba4188000)]
  0x00007fbbb4394800 JavaThread "pool-2-thread-1" daemon [_thread_blocked, id=125880, stack(0x00007fbb9dd67000,0x00007fbb9de68000)]
  0x00007fbbb4359000 JavaThread "process reaper" daemon [_thread_blocked, id=125875, stack(0x00007fbbb800a000,0x00007fbbb8043000)]
  0x00007fbbb4141800 JavaThread "Service Thread" daemon [_thread_blocked, id=125871, stack(0x00007fbba45f6000,0x00007fbba46f7000)]
  0x00007fbbb413e800 JavaThread "C1 CompilerThread1" daemon [_thread_blocked, id=125870, stack(0x00007fbba46f7000,0x00007fbba47f8000)]
  0x00007fbbb413b800 JavaThread "C2 CompilerThread0" daemon [_thread_blocked, id=125869, stack(0x00007fbba47f8000,0x00007fbba48f9000)]
  0x00007fbbb413a000 JavaThread "Signal Dispatcher" daemon [_thread_blocked, id=125868, stack(0x00007fbba48f9000,0x00007fbba49fa000)]
  0x00007fbbb4107800 JavaThread "Finalizer" daemon [_thread_blocked, id=125867, stack(0x00007fbba49fa000,0x00007fbba4afb000)]
  0x00007fbbb4105000 JavaThread "Reference Handler" daemon [_thread_blocked, id=125866, stack(0x00007fbba4afb000,0x00007fbba4bfc000)]
  0x00007fbbb400a800 JavaThread "main" [_thread_blocked, id=125862, stack(0x00007fbbbcfe4000,0x00007fbbbd0e5000)]

Other Threads:
=>0x00007fbbb40fb800 VMThread [stack: 0x00007fbba4bfc000,0x00007fbba4cfd000] [id=125865]
  0x00007fbbb4144000 WatcherThread [stack: 0x00007fbba44f5000,0x00007fbba45f6000] [id=125872]

VM state:at safepoint (normal execution)

VM Mutex/Monitor currently owned by a thread:  ([mutex/lock_event])
[0x00007fbbb4006f80] Threads_lock - owner thread: 0x00007fbbb40fb800
[0x00007fbbb4007480] Heap_lock - owner thread: 0x00007fbbb400a800

Heap:
 PSYoungGen      total 53248K, used 4067K [0x00000000f0600000, 0x00000000f3e00000, 0x0000000100000000)
  eden space 49152K, 0% used [0x00000000f0600000,0x00000000f0600000,0x00000000f3600000)
  from space 4096K, 99% used [0x00000000f3600000,0x00000000f39f8ef8,0x00000000f3a00000)
  to   space 4096K, 0% used [0x00000000f3a00000,0x00000000f3a00000,0x00000000f3e00000)
 ParOldGen       total 32768K, used 8137K [0x00000000d1200000, 0x00000000d3200000, 0x00000000f0600000)
  object space 32768K, 24% used [0x00000000d1200000,0x00000000d19f2530,0x00000000d3200000)
 Metaspace       used 20818K, capacity 21134K, committed 21248K, reserved 1067008K
  class space    used 3429K, capacity 3545K, committed 3584K, reserved 1048576K

Card table byte_map: [0x00007fbbb951d000,0x00007fbbb9695000] byte_map_base: 0x00007fbbb8e94000

Marking Bits: (ParMarkBitMap*) 0x00007fbbbc2b43a0
 Begin Bits: [0x00007fbb9e890000, 0x00007fbb9f448000)
 End Bits:   [0x00007fbb9f448000, 0x00007fbba0000000)

Polling page: 0x00007fbbbd108000

CodeCache: size=245760Kb used=6179Kb max_used=6179Kb free=239580Kb
 bounds [0x00007fbba5000000, 0x00007fbba5610000, 0x00007fbbb4000000]
 total_blobs=2789 nmethods=2392 adapters=311
 compilation: enabled

Compilation events (10 events):
Event: 4.286 Thread 0x00007fbbb413e800 nmethod 2395 0x00007fbba56055d0 code [0x00007fbba5605740, 0x00007fbba56058e8]
Event: 4.320 Thread 0x00007fbbb413b800 nmethod 2393 0x00007fbba560a990 code [0x00007fbba560ab40, 0x00007fbba560b9f8]
Event: 4.321 Thread 0x00007fbbb413b800 2394       4       java.util.jar.JarFile::maybeInstantiateVerifier (96 bytes)
Event: 4.331 Thread 0x00007fbbb413b800 nmethod 2394 0x00007fbba5606e90 code [0x00007fbba5607040, 0x00007fbba56074d8]
Event: 4.354 Thread 0x00007fbbb413e800 2398       3       sun.misc.ASCIICaseInsensitiveComparator::compare (126 bytes)
Event: 4.355 Thread 0x00007fbbb413e800 nmethod 2398 0x00007fbba5608390 code [0x00007fbba56085a0, 0x00007fbba5609198]
Event: 4.370 Thread 0x00007fbbb413e800 2399       3       java.io.OutputStream::<init> (5 bytes)
Event: 4.370 Thread 0x00007fbbb413e800 nmethod 2399 0x00007fbba5607f90 code [0x00007fbba5608100, 0x00007fbba56082b0]
Event: 4.379 Thread 0x00007fbbb413e800 2400       1       scala.UniquenessCache::map (5 bytes)
Event: 4.379 Thread 0x00007fbbb413e800 nmethod 2400 0x00007fbba5607cd0 code [0x00007fbba5607e20, 0x00007fbba5607f30]

GC Heap History (10 events):
Event: 1.198 GC heap after
Heap after GC invocations=2 (full 0):
 PSYoungGen      total 14336K, used 2016K [0x00000000f0600000, 0x00000000f2200000, 0x0000000100000000)
  eden space 12288K, 0% used [0x00000000f0600000,0x00000000f0600000,0x00000000f1200000)
  from space 2048K, 98% used [0x00000000f1400000,0x00000000f15f8020,0x00000000f1600000)
  to   space 2048K, 0% used [0x00000000f1200000,0x00000000f1200000,0x00000000f1400000)
 ParOldGen       total 32768K, used 1398K [0x00000000d1200000, 0x00000000d3200000, 0x00000000f0600000)
  object space 32768K, 4% used [0x00000000d1200000,0x00000000d135d9e8,0x00000000d3200000)
 Metaspace       used 9756K, capacity 9982K, committed 10240K, reserved 1058816K
  class space    used 1640K, capacity 1703K, committed 1792K, reserved 1048576K
}
Event: 1.644 GC heap before
{Heap before GC invocations=3 (full 0):
 PSYoungGen      total 14336K, used 14304K [0x00000000f0600000, 0x00000000f2200000, 0x0000000100000000)
  eden space 12288K, 100% used [0x00000000f0600000,0x00000000f1200000,0x00000000f1200000)
  from space 2048K, 98% used [0x00000000f1400000,0x00000000f15f8020,0x00000000f1600000)
  to   space 2048K, 0% used [0x00000000f1200000,0x00000000f1200000,0x00000000f1400000)
 ParOldGen       total 32768K, used 1398K [0x00000000d1200000, 0x00000000d3200000, 0x00000000f0600000)
  object space 32768K, 4% used [0x00000000d1200000,0x00000000d135d9e8,0x00000000d3200000)
 Metaspace       used 12999K, capacity 13234K, committed 13312K, reserved 1060864K
  class space    used 2219K, capacity 2279K, committed 2304K, reserved 1048576K
Event: 1.651 GC heap after
Heap after GC invocations=3 (full 0):
 PSYoungGen      total 14336K, used 2032K [0x00000000f0600000, 0x00000000f2200000, 0x0000000100000000)
  eden space 12288K, 0% used [0x00000000f0600000,0x00000000f0600000,0x00000000f1200000)
  from space 2048K, 99% used [0x00000000f1200000,0x00000000f13fc030,0x00000000f1400000)
  to   space 2048K, 0% used [0x00000000f2000000,0x00000000f2000000,0x00000000f2200000)
 ParOldGen       total 32768K, used 3014K [0x00000000d1200000, 0x00000000d3200000, 0x00000000f0600000)
  object space 32768K, 9% used [0x00000000d1200000,0x00000000d14f1bb8,0x00000000d3200000)
 Metaspace       used 12999K, capacity 13234K, committed 13312K, reserved 1060864K
  class space    used 2219K, capacity 2279K, committed 2304K, reserved 1048576K
}
Event: 1.994 GC heap before
{Heap before GC invocations=4 (full 0):
 PSYoungGen      total 14336K, used 14320K [0x00000000f0600000, 0x00000000f2200000, 0x0000000100000000)
  eden space 12288K, 100% used [0x00000000f0600000,0x00000000f1200000,0x00000000f1200000)
  from space 2048K, 99% used [0x00000000f1200000,0x00000000f13fc030,0x00000000f1400000)
  to   space 2048K, 0% used [0x00000000f2000000,0x00000000f2000000,0x00000000f2200000)
 ParOldGen       total 32768K, used 3014K [0x00000000d1200000, 0x00000000d3200000, 0x00000000f0600000)
  object space 32768K, 9% used [0x00000000d1200000,0x00000000d14f1bb8,0x00000000d3200000)
 Metaspace       used 13834K, capacity 14078K, committed 14336K, reserved 1060864K
  class space    used 2383K, capacity 2473K, committed 2560K, reserved 1048576K
Event: 2.001 GC heap after
Heap after GC invocations=4 (full 0):
 PSYoungGen      total 26624K, used 2016K [0x00000000f0600000, 0x00000000f2200000, 0x0000000100000000)
  eden space 24576K, 0% used [0x00000000f0600000,0x00000000f0600000,0x00000000f1e00000)
  from space 2048K, 98% used [0x00000000f2000000,0x00000000f21f8060,0x00000000f2200000)
  to   space 2048K, 0% used [0x00000000f1e00000,0x00000000f1e00000,0x00000000f2000000)
 ParOldGen       total 32768K, used 3549K [0x00000000d1200000, 0x00000000d3200000, 0x00000000f0600000)
  object space 32768K, 10% used [0x00000000d1200000,0x00000000d15776a0,0x00000000d3200000)
 Metaspace       used 13834K, capacity 14078K, committed 14336K, reserved 1060864K
  class space    used 2383K, capacity 2473K, committed 2560K, reserved 1048576K
}
Event: 2.378 GC heap before
{Heap before GC invocations=5 (full 0):
 PSYoungGen      total 26624K, used 26592K [0x00000000f0600000, 0x00000000f2200000, 0x0000000100000000)
  eden space 24576K, 100% used [0x00000000f0600000,0x00000000f1e00000,0x00000000f1e00000)
  from space 2048K, 98% used [0x00000000f2000000,0x00000000f21f8060,0x00000000f2200000)
  to   space 2048K, 0% used [0x00000000f1e00000,0x00000000f1e00000,0x00000000f2000000)
 ParOldGen       total 32768K, used 3549K [0x00000000d1200000, 0x00000000d3200000, 0x00000000f0600000)
  object space 32768K, 10% used [0x00000000d1200000,0x00000000d15776a0,0x00000000d3200000)
 Metaspace       used 14306K, capacity 14590K, committed 14848K, reserved 1060864K
  class space    used 2433K, capacity 2537K, committed 2560K, reserved 1048576K
Event: 2.385 GC heap after
Heap after GC invocations=5 (full 0):
 PSYoungGen      total 26624K, used 2016K [0x00000000f0600000, 0x00000000f3e00000, 0x0000000100000000)
  eden space 24576K, 0% used [0x00000000f0600000,0x00000000f0600000,0x00000000f1e00000)
  from space 2048K, 98% used [0x00000000f1e00000,0x00000000f1ff8040,0x00000000f2000000)
  to   space 4096K, 0% used [0x00000000f3a00000,0x00000000f3a00000,0x00000000f3e00000)
 ParOldGen       total 32768K, used 4349K [0x00000000d1200000, 0x00000000d3200000, 0x00000000f0600000)
  object space 32768K, 13% used [0x00000000d1200000,0x00000000d163f448,0x00000000d3200000)
 Metaspace       used 14306K, capacity 14590K, committed 14848K, reserved 1060864K
  class space    used 2433K, capacity 2537K, committed 2560K, reserved 1048576K
}
Event: 3.668 GC heap before
{Heap before GC invocations=6 (full 0):
 PSYoungGen      total 26624K, used 26592K [0x00000000f0600000, 0x00000000f3e00000, 0x0000000100000000)
  eden space 24576K, 100% used [0x00000000f0600000,0x00000000f1e00000,0x00000000f1e00000)
  from space 2048K, 98% used [0x00000000f1e00000,0x00000000f1ff8040,0x00000000f2000000)
  to   space 4096K, 0% used [0x00000000f3a00000,0x00000000f3a00000,0x00000000f3e00000)
 ParOldGen       total 32768K, used 4349K [0x00000000d1200000, 0x00000000d3200000, 0x00000000f0600000)
  object space 32768K, 13% used [0x00000000d1200000,0x00000000d163f448,0x00000000d3200000)
 Metaspace       used 15020K, capacity 15406K, committed 15488K, reserved 1062912K
  class space    used 2536K, capacity 2681K, committed 2688K, reserved 1048576K
Event: 3.680 GC heap after
Heap after GC invocations=6 (full 0):
 PSYoungGen      total 53248K, used 3057K [0x00000000f0600000, 0x00000000f3e00000, 0x0000000100000000)
  eden space 49152K, 0% used [0x00000000f0600000,0x00000000f0600000,0x00000000f3600000)
  from space 4096K, 74% used [0x00000000f3a00000,0x00000000f3cfc598,0x00000000f3e00000)
  to   space 4096K, 0% used [0x00000000f3600000,0x00000000f3600000,0x00000000f3a00000)
 ParOldGen       total 32768K, used 4357K [0x00000000d1200000, 0x00000000d3200000, 0x00000000f0600000)
  object space 32768K, 13% used [0x00000000d1200000,0x00000000d1641448,0x00000000d3200000)
 Metaspace       used 15020K, capacity 15406K, committed 15488K, reserved 1062912K
  class space    used 2536K, capacity 2681K, committed 2688K, reserved 1048576K
}
Event: 4.394 GC heap before
{Heap before GC invocations=7 (full 0):
 PSYoungGen      total 53248K, used 40579K [0x00000000f0600000, 0x00000000f3e00000, 0x0000000100000000)
  eden space 49152K, 76% used [0x00000000f0600000,0x00000000f2aa4880,0x00000000f3600000)
  from space 4096K, 74% used [0x00000000f3a00000,0x00000000f3cfc598,0x00000000f3e00000)
  to   space 4096K, 0% used [0x00000000f3600000,0x00000000f3600000,0x00000000f3a00000)
 ParOldGen       total 32768K, used 4357K [0x00000000d1200000, 0x00000000d3200000, 0x00000000f0600000)
  object space 32768K, 13% used [0x00000000d1200000,0x00000000d1641448,0x00000000d3200000)
 Metaspace       used 20818K, capacity 21134K, committed 21248K, reserved 1067008K
  class space    used 3429K, capacity 3545K, committed 3584K, reserved 1048576K

Deoptimization events (10 events):
Event: 3.486 Thread 0x00007fbbb400a800 Uncommon trap: reason=unstable_if action=reinterpret pc=0x00007fbba5199520 method=sun.misc.URLClassPath.getLoader(I)Lsun/misc/URLClassPath$Loader; @ 36
Event: 3.486 Thread 0x00007fbbb400a800 Uncommon trap: reason=unstable_if action=reinterpret pc=0x00007fbba51b0b74 method=sun.misc.URLClassPath$JarLoader.ensureOpen()V @ 4
Event: 3.488 Thread 0x00007fbbb400a800 Uncommon trap: reason=unstable_if action=reinterpret pc=0x00007fbba518c3bc method=sun.misc.URLClassPath.getLoader(I)Lsun/misc/URLClassPath$Loader; @ 36
Event: 3.596 Thread 0x00007fbbb400a800 Uncommon trap: reason=bimorphic action=maybe_recompile pc=0x00007fbba529d218 method=java.lang.ClassLoader.loadClass(Ljava/lang/String;Z)Ljava/lang/Class; @ 38
Event: 3.596 Thread 0x00007fbbb400a800 Uncommon trap: reason=unstable_if action=reinterpret pc=0x00007fbba529d080 method=java.lang.ClassLoader.getClassLoadingLock(Ljava/lang/String;)Ljava/lang/Object; @ 6
Event: 3.597 Thread 0x00007fbbb400a800 Uncommon trap: reason=unstable_if action=reinterpret pc=0x00007fbba54e3e60 method=java.util.jar.JarFile.getManEntry()Ljava/util/jar/JarEntry; @ 4
Event: 3.598 Thread 0x00007fbbb400a800 Uncommon trap: reason=unstable_if action=reinterpret pc=0x00007fbba52b0d0c method=java.lang.String.equalsIgnoreCase(Ljava/lang/String;)Z @ 10
Event: 3.622 Thread 0x00007fbbb400a800 Uncommon trap: reason=unstable_if action=reinterpret pc=0x00007fbba51f51d4 method=sun.net.www.ParseUtil.encodePath(Ljava/lang/String;Z)Ljava/lang/String; @ 116
Event: 4.032 Thread 0x00007fbbb400a800 Uncommon trap: reason=unstable_if action=reinterpret pc=0x00007fbba5523e5c method=java.lang.CharacterDataLatin1.digit(II)I @ 82
Event: 4.144 Thread 0x00007fbbb400a800 Uncommon trap: reason=class_check action=maybe_recompile pc=0x00007fbba556c0c8 method=java.util.regex.Pattern$Slice.match(Ljava/util/regex/Matcher;ILjava/lang/CharSequence;)Z @ 75

Classes redefined (0 events):
No events

Internal exceptions (10 events):
Event: 0.561 Thread 0x00007fbbb400a800 Exception <a 'java/security/PrivilegedActionException'> (0x00000000f06872f0) thrown at [/build/openjdk-8-lTwZJE/openjdk-8-8u181-b13/src/hotspot/src/share/vm/prims/jvm.cpp, line 1435]
Event: 0.561 Thread 0x00007fbbb400a800 Exception <a 'java/security/PrivilegedActionException'> (0x00000000f0687dc8) thrown at [/build/openjdk-8-lTwZJE/openjdk-8-8u181-b13/src/hotspot/src/share/vm/prims/jvm.cpp, line 1435]
Event: 0.561 Thread 0x00007fbbb400a800 Exception <a 'java/security/PrivilegedActionException'> (0x00000000f0687fd8) thrown at [/build/openjdk-8-lTwZJE/openjdk-8-8u181-b13/src/hotspot/src/share/vm/prims/jvm.cpp, line 1435]
Event: 1.189 Thread 0x00007fbbb400a800 Exception <a 'java/lang/NoSuchFieldError': method resolution failed> (0x00000000f11fb388) thrown at [/build/openjdk-8-lTwZJE/openjdk-8-8u181-b13/src/hotspot/src/share/vm/prims/methodHandles.cpp, line 1167]
Event: 1.201 Thread 0x00007fbbb400a800 Exception <a 'java/lang/NoSuchFieldError': method resolution failed> (0x00000000f0608be0) thrown at [/build/openjdk-8-lTwZJE/openjdk-8-8u181-b13/src/hotspot/src/share/vm/prims/methodHandles.cpp, line 1167]
Event: 1.562 Thread 0x00007fbbb439a000 Implicit null exception at 0x00007fbba51d701b to 0x00007fbba51d71d1
Event: 1.562 Thread 0x00007fbbb4395800 Implicit null exception at 0x00007fbba51d701b to 0x00007fbba51d71d1
Event: 3.598 Thread 0x00007fbbb400a800 Implicit null exception at 0x00007fbba52b071b to 0x00007fbba52b0cf9
Event: 4.051 Thread 0x00007fbbb400a800 Exception <a 'java/io/FileNotFoundException'> (0x00000000f1b09638) thrown at [/build/openjdk-8-lTwZJE/openjdk-8-8u181-b13/src/hotspot/src/share/vm/prims/jni.cpp, line 709]
Event: 4.179 Thread 0x00007fbbb400a800 Exception <a 'java/lang/NoSuchMethodError': org.slf4j.impl.StaticMDCBinder.getSingleton()Lorg/slf4j/impl/StaticMDCBinder;> (0x00000000f2376210) thrown at [/build/openjdk-8-lTwZJE/openjdk-8-8u181-b13/src/hotspot/src/share/vm/interpreter/linkResolver.cpp, l

Events (10 events):
Event: 4.382 loading class jupyter/kernel/protocol/ShellRequest$Execute$ done
Event: 4.382 loading class scala/runtime/AbstractFunction6
Event: 4.382 loading class scala/runtime/AbstractFunction6 done
Event: 4.382 loading class scala/Function6
Event: 4.382 loading class scala/Function6 done
Event: 4.383 loading class scala/Function6$class
Event: 4.383 loading class scala/Function6$class done
Event: 4.383 loading class jupyter/kernel/protocol/ShellRequestDecodeJsons$anon$derivedDecodeJson$macro$1753$1$anon$macro$1742$1
Event: 4.383 loading class jupyter/kernel/protocol/ShellRequestDecodeJsons$anon$derivedDecodeJson$macro$1753$1$anon$macro$1742$1 done
Event: 4.384 Executing VM operation: CollectForMetadataAllocation


Dynamic libraries:
00400000-00401000 r-xp 00000000 08:01 803085                             /usr/lib/jvm/java-8-openjdk-amd64/jre/bin/java
00600000-00601000 r--p 00000000 08:01 803085                             /usr/lib/jvm/java-8-openjdk-amd64/jre/bin/java
00601000-00602000 rw-p 00001000 08:01 803085                             /usr/lib/jvm/java-8-openjdk-amd64/jre/bin/java
015ba000-01697000 rw-p 00000000 00:00 0                                  [heap]
d1200000-d3200000 rw-p 00000000 00:00 0 
d3200000-f0600000 ---p 00000000 00:00 0 
f0600000-f3e00000 rw-p 00000000 00:00 0 
f7200000-100000000 ---p 00000000 00:00 0 
100000000-100380000 rw-p 00000000 00:00 0 
100380000-140000000 ---p 00000000 00:00 0 
7fbb64000000-7fbb64097000 rw-p 00000000 00:00 0 
7fbb64097000-7fbb68000000 ---p 00000000 00:00 0 
7fbb68fff000-7fbb6c000000 rw-p 00000000 00:00 0 
7fbb6c000000-7fbb6c05a000 rw-p 00000000 00:00 0 
7fbb6c05a000-7fbb70000000 ---p 00000000 00:00 0 
7fbb70000000-7fbb7006a000 rw-p 00000000 00:00 0 
7fbb7006a000-7fbb74000000 ---p 00000000 00:00 0 
7fbb74000000-7fbb74021000 rw-p 00000000 00:00 0 
7fbb74021000-7fbb78000000 ---p 00000000 00:00 0 
7fbb78000000-7fbb78021000 rw-p 00000000 00:00 0 
7fbb78021000-7fbb7c000000 ---p 00000000 00:00 0 
7fbb7c000000-7fbb7d169000 rw-p 00000000 00:00 0 
7fbb7d169000-7fbb80000000 ---p 00000000 00:00 0 
7fbb80000000-7fbb80021000 rw-p 00000000 00:00 0 
7fbb80021000-7fbb84000000 ---p 00000000 00:00 0 
7fbb84000000-7fbb84021000 rw-p 00000000 00:00 0 
7fbb84021000-7fbb88000000 ---p 00000000 00:00 0 
7fbb88000000-7fbb896b6000 rw-p 00000000 00:00 0 
7fbb896b6000-7fbb8c000000 ---p 00000000 00:00 0 
7fbb8c000000-7fbb8c021000 rw-p 00000000 00:00 0 
7fbb8c021000-7fbb90000000 ---p 00000000 00:00 0 
7fbb90000000-7fbb90021000 rw-p 00000000 00:00 0 
7fbb90021000-7fbb94000000 ---p 00000000 00:00 0 
7fbb94000000-7fbb94021000 rw-p 00000000 00:00 0 
7fbb94021000-7fbb98000000 ---p 00000000 00:00 0 
7fbb98000000-7fbb98027000 rw-p 00000000 00:00 0 
7fbb98027000-7fbb9c000000 ---p 00000000 00:00 0 
7fbb9c7d5000-7fbb9c7ec000 r-xp 00000000 08:01 803144                     /usr/lib/jvm/java-8-openjdk-amd64/jre/lib/amd64/libnet.so
7fbb9c7ec000-7fbb9c9eb000 ---p 00017000 08:01 803144                     /usr/lib/jvm/java-8-openjdk-amd64/jre/lib/amd64/libnet.so
7fbb9c9eb000-7fbb9c9ec000 r--p 00016000 08:01 803144                     /usr/lib/jvm/java-8-openjdk-amd64/jre/lib/amd64/libnet.so
7fbb9c9ec000-7fbb9c9ed000 rw-p 00017000 08:01 803144                     /usr/lib/jvm/java-8-openjdk-amd64/jre/lib/amd64/libnet.so
7fbb9c9ed000-7fbb9c9fe000 r-xp 00000000 08:01 803143                     /usr/lib/jvm/java-8-openjdk-amd64/jre/lib/amd64/libnio.so
7fbb9c9fe000-7fbb9cbfe000 ---p 00011000 08:01 803143                     /usr/lib/jvm/java-8-openjdk-amd64/jre/lib/amd64/libnio.so
7fbb9cbfe000-7fbb9cbff000 r--p 00011000 08:01 803143                     /usr/lib/jvm/java-8-openjdk-amd64/jre/lib/amd64/libnio.so
7fbb9cbff000-7fbb9cc00000 rw-p 00012000 08:01 803143                     /usr/lib/jvm/java-8-openjdk-amd64/jre/lib/amd64/libnio.so
7fbb9cc00000-7fbb9cd40000 rw-p 00000000 00:00 0 
7fbb9cd40000-7fbb9ce00000 ---p 00000000 00:00 0 
7fbb9ce00000-7fbb9d000000 rw-p 00000000 00:00 0 
7fbb9d000000-7fbb9d003000 r--s 00011000 08:01 807203                     /home/user/.coursier/cache/v1/https/repo1.maven.org/maven2/com/lihaoyi/fastparse-utils_2.11/0.4.2/fastparse-utils_2.11-0.4.2.jar
7fbb9d003000-7fbb9d004000 r--s 00006000 08:01 807207                     /home/user/.coursier/cache/v1/https/repo1.maven.org/maven2/com/github/alexarchambault/case-app-annotations_2.11/1.1.3/case-app-annotations_2.11-1.1.3.jar
7fbb9d004000-7fbb9d00f000 r--s 00069000 08:01 807253                     /home/user/.coursier/cache/v1/https/repo1.maven.org/maven2/ch/qos/logback/logback-core/1.2.1/logback-core-1.2.1.jar
7fbb9d00f000-7fbb9d016000 r--s 00042000 08:01 807208                     /home/user/.coursier/cache/v1/https/repo1.maven.org/maven2/com/github/alexarchambault/case-app_2.11/1.1.3/case-app_2.11-1.1.3.jar
7fbb9d016000-7fbb9d018000 r--s 0000a000 08:01 807225                     /home/user/.coursier/cache/v1/https/repo1.maven.org/maven2/com/github/alexarchambault/case-app-util_2.11/1.1.3/case-app-util_2.11-1.1.3.jar
7fbb9d018000-7fbb9d019000 r--s 00000000 08:01 807233                     /home/user/.coursier/cache/v1/https/repo1.maven.org/maven2/org/typelevel/macro-compat_2.11/1.1.1/macro-compat_2.11-1.1.1.jar
7fbb9d019000-7fbb9d01c000 r--s 00015000 08:01 807242                     /home/user/.coursier/cache/v1/https/repo1.maven.org/maven2/org/jupyter-scala/scala-cli_2.11.11/0.4.2/scala-cli_2.11.11-0.4.2.jar
7fbb9d01c000-7fbb9d02f000 r--s 000bb000 08:01 807205                     /home/user/.coursier/cache/v1/https/repo1.maven.org/maven2/org/jupyter-scala/kernel_2.11/0.4.1/kernel_2.11-0.4.1.jar
7fbb9d02f000-7fbb9d031000 r--s 00009000 08:01 807266                     /home/user/.coursier/cache/v1/https/repo1.maven.org/maven2/org/slf4j/slf4j-api/1.7.22/slf4j-api-1.7.22.jar
7fbb9d031000-7fbb9d03b000 r--s 00074000 08:01 807377                     /home/user/.coursier/cache/v1/https/repo1.maven.org/maven2/org/jupyter-scala/ammonite-compiler_2.11.11/0.8.3-1/ammonite-compiler_2.11.11-0.8.3-1.jar
7fbb9d03b000-7fbb9d041000 r--s 00046000 08:01 807275                     /home/user/.coursier/cache/v1/https/repo1.maven.org/maven2/ch/qos/logback/logback-classic/1.2.1/logback-classic-1.2.1.jar
7fbb9d041000-7fbb9d042000 r--s 00008000 08:01 807293                     /home/user/.coursier/cache/v1/https/repo1.maven.org/maven2/com/typesafe/scala-logging/scala-logging_2.11/3.5.0/scala-logging_2.11-3.5.0.jar
7fbb9d042000-7fbb9d047000 r--s 00044000 08:01 807300                     /home/user/.coursier/cache/v1/https/repo1.maven.org/maven2/org/scodec/scodec-bits_2.11/1.1.2/scodec-bits_2.11-1.1.2.jar
7fbb9d047000-7fbb9d051000 r--s 00069000 08:01 807307                     /home/user/.coursier/cache/v1/https/repo1.maven.org/maven2/com/lihaoyi/scalaparse_2.11/0.4.2/scalaparse_2.11-0.4.2.jar
7fbb9d051000-7fbb9d081000 r--s 001c7000 08:01 807281                     /home/user/.coursier/cache/v1/https/repo1.maven.org/maven2/io/argonaut/argonaut_2.11/6.2/argonaut_2.11-6.2.jar
7fbb9d081000-7fbb9d0c7000 r--s 00317000 08:01 807336                     /home/user/.coursier/cache/v1/https/repo1.maven.org/maven2/com/chuusai/shapeless_2.11/2.3.2/shapeless_2.11-2.3.2.jar
7fbb9d0c7000-7fbb9d0ca000 r--s 00016000 08:01 807311                     /home/user/.coursier/cache/v1/https/repo1.maven.org/maven2/org/jupyter-scala/scala-kernel_2.11.11/0.4.2/scala-kernel_2.11.11-0.4.2.jar
7fbb9d0ca000-7fbb9d0ce000 r--s 00029000 08:01 807324                     /home/user/.coursier/cache/v1/https/repo1.maven.org/maven2/org/jupyter-scala/kernel-protocol_2.11/0.4.1/kernel-protocol_2.11-0.4.1.jar
7fbb9d0ce000-7fbb9d0d4000 r--s 0004d000 08:01 807344                     /home/user/.coursier/cache/v1/https/repo1.maven.org/maven2/com/lihaoyi/fastparse_2.11/0.4.2/fastparse_2.11-0.4.2.jar
7fbb9d0d4000-7fbb9d0d9000 r--s 00039000 08:01 807259                     /home/user/.coursier/cache/v1/https/repo1.maven.org/maven2/org/zeromq/jeromq/0.3.6/jeromq-0.3.6.jar
7fbb9d0d9000-7fbb9d0dd000 r--s 0001b000 08:01 807362                     /home/user/.coursier/cache/v1/https/repo1.maven.org/maven2/com/github/alexarchambault/argonaut-shapeless_6.2_2.11/1.2.0-M5/argonaut-shapeless_6.2_2.11-1.2.0-M5.jar
7fbb9d0dd000-7fbb9d129000 r--s 00418000 08:01 807351                     /home/user/.coursier/cache/v1/https/repo1.maven.org/maven2/org/scala-lang/scala-reflect/2.11.11/scala-reflect-2.11.11.jar
7fbb9d129000-7fbb9d182000 r--s 00523000 08:01 807237                     /home/user/.coursier/cache/v1/https/repo1.maven.org/maven2/org/scala-lang/scala-library/2.11.11/scala-library-2.11.11.jar
7fbb9d182000-7fbb9d28f000 r--s 00dd4000 08:01 807246                     /home/user/.coursier/cache/v1/https/repo1.maven.org/maven2/org/scala-lang/scala-compiler/2.11.11/scala-compiler-2.11.11.jar
7fbb9d28f000-7fbb9d361000 r--s 00a6f000 08:01 807285                     /home/user/.coursier/cache/v1/https/repo1.maven.org/maven2/org/scalaz/scalaz-core_2.11/7.2.8/scalaz-core_2.11-7.2.8.jar
7fbb9d361000-7fbb9d364000 ---p 00000000 00:00 0 
7fbb9d364000-7fbb9d462000 rw-p 00000000 00:00 0 
7fbb9d462000-7fbb9d465000 ---p 00000000 00:00 0 
7fbb9d465000-7fbb9d763000 rw-p 00000000 00:00 0 
7fbb9d763000-7fbb9d963000 rw-p 00000000 00:00 0 
7fbb9d963000-7fbb9d966000 ---p 00000000 00:00 0 
7fbb9d966000-7fbb9da64000 rw-p 00000000 00:00 0 
7fbb9da64000-7fbb9da67000 ---p 00000000 00:00 0 
7fbb9da67000-7fbb9db65000 rw-p 00000000 00:00 0 
7fbb9db65000-7fbb9db68000 ---p 00000000 00:00 0 
7fbb9db68000-7fbb9dc66000 rw-p 00000000 00:00 0 
7fbb9dc66000-7fbb9dc69000 ---p 00000000 00:00 0 
7fbb9dc69000-7fbb9dd67000 rw-p 00000000 00:00 0 
7fbb9dd67000-7fbb9dd6a000 ---p 00000000 00:00 0 
7fbb9dd6a000-7fbb9de68000 rw-p 00000000 00:00 0 
7fbb9de68000-7fbb9e890000 r--p 00000000 08:01 2105158                    /usr/lib/locale/locale-archive
7fbb9e890000-7fbba0000000 rw-p 00000000 00:00 0 
7fbba0000000-7fbba0021000 rw-p 00000000 00:00 0 
7fbba0021000-7fbba4000000 ---p 00000000 00:00 0 
7fbba4000000-7fbba4023000 r--s 00155000 08:01 807348                     /home/user/.coursier/cache/v1/https/repo1.maven.org/maven2/org/scalaz/stream/scalaz-stream_2.11/0.8.6a/scalaz-stream_2.11-0.8.6a.jar
7fbba4023000-7fbba4024000 r--s 00007000 08:01 807320                     /home/user/.coursier/cache/v1/https/repo1.maven.org/maven2/org/jupyter-scala/kernel-api_2.11/0.4.1/kernel-api_2.11-0.4.1.jar
7fbba4024000-7fbba402c000 r--s 0004b000 08:01 807374                     /home/user/.coursier/cache/v1/https/repo1.maven.org/maven2/io/get-coursier/coursier-cache_2.11/1.0.0-RC2/coursier-cache_2.11-1.0.0-RC2.jar
7fbba402c000-7fbba4037000 r--s 0005d000 08:01 807365                     /home/user/.coursier/cache/v1/https/repo1.maven.org/maven2/org/scala-lang/modules/scala-parser-combinators_2.11/1.0.4/scala-parser-combinators_2.11-1.0.4.jar
7fbba4037000-7fbba403c000 r--s 00047000 08:01 807328                     /home/user/.coursier/cache/v1/https/repo1.maven.org/maven2/org/jupyter-scala/ammonite-ops_2.11/0.8.3-1/ammonite-ops_2.11-0.8.3-1.jar
7fbba403c000-7fbba4046000 r--s 0009a000 08:01 807217                     /home/user/.coursier/cache/v1/https/repo1.maven.org/maven2/org/scala-lang/modules/scala-xml_2.11/1.0.6/scala-xml_2.11-1.0.6.jar
7fbba4046000-7fbba4048000 r--s 0000f000 08:01 807314                     /home/user/.coursier/cache/v1/https/repo1.maven.org/maven2/com/lihaoyi/derive_2.11/0.4.4/derive_2.11-0.4.4.jar
7fbba4048000-7fbba4053000 r--s 00074000 08:01 807252                     /home/user/.coursier/cache/v1/https/repo1.maven.org/maven2/org/jupyter-scala/ammonite-runtime_2.11.11/0.8.3-1/ammonite-runtime_2.11.11-0.8.3-1.jar
7fbba4053000-7fbba405b000 r--s 0004c000 08:01 807222                     /home/user/.coursier/cache/v1/https/repo1.maven.org/maven2/org/scalaz/scalaz-concurrent_2.11/7.2.8/scalaz-concurrent_2.11-7.2.8.jar
7fbba405b000-7fbba4081000 r--s 00196000 08:01 807280                     /home/user/.coursier/cache/v1/https/repo1.maven.org/maven2/io/get-coursier/coursier_2.11/1.0.0-RC2/coursier_2.11-1.0.0-RC2.jar
7fbba4081000-7fbba4087000 r--s 0005c000 08:01 807218                     /home/user/.coursier/cache/v1/https/repo1.maven.org/maven2/com/lihaoyi/upickle_2.11/0.4.4/upickle_2.11-0.4.4.jar
7fbba4087000-7fbba408a000 ---p 00000000 00:00 0 
7fbba408a000-7fbba4188000 rw-p 00000000 00:00 0 
7fbba4188000-7fbba418a000 r--s 00013000 08:01 807296                     /home/user/.coursier/cache/v1/https/repo1.maven.org/maven2/org/spire-math/jawn-parser_2.11/0.10.3/jawn-parser_2.11-0.10.3.jar
7fbba418a000-7fbba418f000 r--s 00048000 08:01 807334                     /home/user/.coursier/cache/v1/https/repo1.maven.org/maven2/com/lihaoyi/pprint_2.11/0.4.4/pprint_2.11-0.4.4.jar
7fbba418f000-7fbba4195000 r--s 00050000 08:01 807318                     /home/user/.coursier/cache/v1/https/repo1.maven.org/maven2/org/jsoup/jsoup/1.10.2/jsoup-1.10.2.jar
7fbba4195000-7fbba419f000 r--s 00061000 08:01 807370                     /home/user/.coursier/cache/v1/https/repo1.maven.org/maven2/org/scalaz/scalaz-effect_2.11/7.2.8/scalaz-effect_2.11-7.2.8.jar
7fbba419f000-7fbba41a1000 r--s 00016000 08:01 807235                     /home/user/.coursier/cache/v1/https/repo1.maven.org/maven2/org/jupyter-scala/ammonite-util_2.11.11/0.8.3-1/ammonite-util_2.11.11-0.8.3-1.jar
7fbba41a1000-7fbba41a3000 r--s 00012000 08:01 807339                     /home/user/.coursier/cache/v1/https/repo1.maven.org/maven2/com/lihaoyi/fansi_2.11/0.2.3/fansi_2.11-0.2.3.jar
7fbba41a3000-7fbba41a5000 r--s 0000d000 08:01 807262                     /home/user/.coursier/cache/v1/https/repo1.maven.org/maven2/com/lihaoyi/geny_2.11/0.1.1/geny_2.11-0.1.1.jar
7fbba41a5000-7fbba41a8000 r--s 0001a000 08:01 807269                     /home/user/.coursier/cache/v1/https/repo1.maven.org/maven2/com/lihaoyi/sourcecode_2.11/0.1.3/sourcecode_2.11-0.1.3.jar
7fbba41a8000-7fbba41ab000 ---p 00000000 00:00 0 
7fbba41ab000-7fbba44a9000 rw-p 00000000 00:00 0 
7fbba44a9000-7fbba44f5000 r--s 0024b000 08:01 806309                     /home/user/.coursier/bootstrap/1.0.0-RC1/coursier-cli_2.11-1.0.0-RC1-standalone.jar
7fbba44f5000-7fbba44f6000 ---p 00000000 00:00 0 
7fbba44f6000-7fbba45f6000 rw-p 00000000 00:00 0 
7fbba45f6000-7fbba45f9000 ---p 00000000 00:00 0 
7fbba45f9000-7fbba46f7000 rw-p 00000000 00:00 0 
7fbba46f7000-7fbba46fa000 ---p 00000000 00:00 0 
7fbba46fa000-7fbba47f8000 rw-p 00000000 00:00 0 
7fbba47f8000-7fbba47fb000 ---p 00000000 00:00 0 
7fbba47fb000-7fbba48f9000 rw-p 00000000 00:00 0 
7fbba48f9000-7fbba48fc000 ---p 00000000 00:00 0 
7fbba48fc000-7fbba49fa000 rw-p 00000000 00:00 0 
7fbba49fa000-7fbba49fd000 ---p 00000000 00:00 0 
7fbba49fd000-7fbba4afb000 rw-p 00000000 00:00 0 
7fbba4afb000-7fbba4afe000 ---p 00000000 00:00 0 
7fbba4afe000-7fbba4bfc000 rw-p 00000000 00:00 0 
7fbba4bfc000-7fbba4bfd000 ---p 00000000 00:00 0 
7fbba4bfd000-7fbba5000000 rw-p 00000000 00:00 0 
7fbba5000000-7fbba5610000 rwxp 00000000 00:00 0 
7fbba5610000-7fbbb4000000 ---p 00000000 00:00 0 
7fbbb4000000-7fbbb499f000 rw-p 00000000 00:00 0 
7fbbb499f000-7fbbb8000000 ---p 00000000 00:00 0 
7fbbb8000000-7fbbb8001000 r--s 00001000 08:01 807355                     /home/user/.coursier/cache/v1/https/repo1.maven.org/maven2/org/jupyter-scala/scala-api_2.11.11/0.4.2/scala-api_2.11.11-0.4.2.jar
7fbbb8001000-7fbbb8005000 r--s 00023000 08:01 807360                     /home/user/.coursier/cache/v1/https/repo1.maven.org/maven2/org/scalaj/scalaj-http_2.11/2.3.0/scalaj-http_2.11-2.3.0.jar
7fbbb8005000-7fbbb800a000 r--s 0009d000 08:01 803185                     /usr/lib/jvm/java-8-openjdk-amd64/jre/lib/jsse.jar
7fbbb800a000-7fbbb800d000 ---p 00000000 00:00 0 
7fbbb800d000-7fbbb8043000 rw-p 00000000 00:00 0 
7fbbb8043000-7fbbb8044000 r--s 00002000 08:01 807381                     /home/user/.local/share/jupyter/kernels/scala/launcher.jar
7fbbb8044000-7fbbb805f000 r--s 00394000 08:01 803174                     /usr/lib/jvm/java-8-openjdk-amd64/jre/lib/ext/cldrdata.jar
7fbbb805f000-7fbbb807a000 r--s 001d6000 08:01 803177                     /usr/lib/jvm/java-8-openjdk-amd64/jre/lib/ext/nashorn.jar
7fbbb807a000-7fbbb807b000 r--s 0000a000 08:01 803181                     /usr/lib/jvm/java-8-openjdk-amd64/jre/lib/ext/jaccess.jar
7fbbb807b000-7fbbb807d000 r--s 00008000 08:01 803178                     /usr/lib/jvm/java-8-openjdk-amd64/jre/lib/ext/sunec.jar
7fbbb807d000-7fbbb8087000 r--s 00116000 08:01 803175                     /usr/lib/jvm/java-8-openjdk-amd64/jre/lib/ext/localedata.jar
7fbbb8087000-7fbbb86db000 rw-p 00000000 00:00 0 
7fbbb86db000-7fbbb88aa000 r--s 03c33000 08:01 803184                     /usr/lib/jvm/java-8-openjdk-amd64/jre/lib/rt.jar
7fbbb88aa000-7fbbb9221000 rw-p 00000000 00:00 0 
7fbbb9221000-7fbbb9222000 ---p 00000000 00:00 0 
7fbbb9222000-7fbbb9322000 rw-p 00000000 00:00 0 
7fbbb9322000-7fbbb9323000 ---p 00000000 00:00 0 
7fbbb9323000-7fbbb9433000 rw-p 00000000 00:00 0 
7fbbb9433000-7fbbb951d000 ---p 00000000 00:00 0 
7fbbb951d000-7fbbb952d000 rw-p 00000000 00:00 0 
7fbbb952d000-7fbbb9617000 ---p 00000000 00:00 0 
7fbbb9617000-7fbbb9633000 rw-p 00000000 00:00 0 
7fbbb9633000-7fbbb9694000 ---p 00000000 00:00 0 
7fbbb9694000-7fbbb96ae000 rw-p 00000000 00:00 0 
7fbbb96ae000-7fbbb9a55000 ---p 00000000 00:00 0 
7fbbb9a55000-7fbbb9a5d000 r-xp 00000000 08:01 803135                     /usr/lib/jvm/java-8-openjdk-amd64/jre/lib/amd64/libzip.so
7fbbb9a5d000-7fbbb9c5c000 ---p 00008000 08:01 803135                     /usr/lib/jvm/java-8-openjdk-amd64/jre/lib/amd64/libzip.so
7fbbb9c5c000-7fbbb9c5d000 r--p 00007000 08:01 803135                     /usr/lib/jvm/java-8-openjdk-amd64/jre/lib/amd64/libzip.so
7fbbb9c5d000-7fbbb9c5e000 rw-p 00008000 08:01 803135                     /usr/lib/jvm/java-8-openjdk-amd64/jre/lib/amd64/libzip.so
7fbbb9c5e000-7fbbb9c69000 r-xp 00000000 08:01 2889153                    /lib/x86_64-linux-gnu/libnss_files-2.23.so
7fbbb9c69000-7fbbb9e68000 ---p 0000b000 08:01 2889153                    /lib/x86_64-linux-gnu/libnss_files-2.23.so
7fbbb9e68000-7fbbb9e69000 r--p 0000a000 08:01 2889153                    /lib/x86_64-linux-gnu/libnss_files-2.23.so
7fbbb9e69000-7fbbb9e6a000 rw-p 0000b000 08:01 2889153                    /lib/x86_64-linux-gnu/libnss_files-2.23.so
7fbbb9e6a000-7fbbb9e70000 rw-p 00000000 00:00 0 
7fbbb9e70000-7fbbb9e7b000 r-xp 00000000 08:01 2889163                    /lib/x86_64-linux-gnu/libnss_nis-2.23.so
7fbbb9e7b000-7fbbba07a000 ---p 0000b000 08:01 2889163                    /lib/x86_64-linux-gnu/libnss_nis-2.23.so
7fbbba07a000-7fbbba07b000 r--p 0000a000 08:01 2889163                    /lib/x86_64-linux-gnu/libnss_nis-2.23.so
7fbbba07b000-7fbbba07c000 rw-p 0000b000 08:01 2889163                    /lib/x86_64-linux-gnu/libnss_nis-2.23.so
7fbbba07c000-7fbbba092000 r-xp 00000000 08:01 2889147                    /lib/x86_64-linux-gnu/libnsl-2.23.so
7fbbba092000-7fbbba291000 ---p 00016000 08:01 2889147                    /lib/x86_64-linux-gnu/libnsl-2.23.so
7fbbba291000-7fbbba292000 r--p 00015000 08:01 2889147                    /lib/x86_64-linux-gnu/libnsl-2.23.so
7fbbba292000-7fbbba293000 rw-p 00016000 08:01 2889147                    /lib/x86_64-linux-gnu/libnsl-2.23.so
7fbbba293000-7fbbba295000 rw-p 00000000 00:00 0 
7fbbba295000-7fbbba29d000 r-xp 00000000 08:01 2889149                    /lib/x86_64-linux-gnu/libnss_compat-2.23.so
7fbbba29d000-7fbbba49c000 ---p 00008000 08:01 2889149                    /lib/x86_64-linux-gnu/libnss_compat-2.23.so
7fbbba49c000-7fbbba49d000 r--p 00007000 08:01 2889149                    /lib/x86_64-linux-gnu/libnss_compat-2.23.so
7fbbba49d000-7fbbba49e000 rw-p 00008000 08:01 2889149                    /lib/x86_64-linux-gnu/libnss_compat-2.23.so
7fbbba49e000-7fbbba4cb000 r-xp 00000000 08:01 803155                     /usr/lib/jvm/java-8-openjdk-amd64/jre/lib/amd64/libjava.so
7fbbba4cb000-7fbbba6ca000 ---p 0002d000 08:01 803155                     /usr/lib/jvm/java-8-openjdk-amd64/jre/lib/amd64/libjava.so
7fbbba6ca000-7fbbba6cb000 r--p 0002c000 08:01 803155                     /usr/lib/jvm/java-8-openjdk-amd64/jre/lib/amd64/libjava.so
7fbbba6cb000-7fbbba6cd000 rw-p 0002d000 08:01 803155                     /usr/lib/jvm/java-8-openjdk-amd64/jre/lib/amd64/libjava.so
7fbbba6cd000-7fbbba6dc000 r-xp 00000000 08:01 803127                     /usr/lib/jvm/java-8-openjdk-amd64/jre/lib/amd64/libverify.so
7fbbba6dc000-7fbbba8db000 ---p 0000f000 08:01 803127                     /usr/lib/jvm/java-8-openjdk-amd64/jre/lib/amd64/libverify.so
7fbbba8db000-7fbbba8dd000 r--p 0000e000 08:01 803127                     /usr/lib/jvm/java-8-openjdk-amd64/jre/lib/amd64/libverify.so
7fbbba8dd000-7fbbba8de000 rw-p 00010000 08:01 803127                     /usr/lib/jvm/java-8-openjdk-amd64/jre/lib/amd64/libverify.so
7fbbba8de000-7fbbba8e5000 r-xp 00000000 08:01 2889208                    /lib/x86_64-linux-gnu/librt-2.23.so
7fbbba8e5000-7fbbbaae4000 ---p 00007000 08:01 2889208                    /lib/x86_64-linux-gnu/librt-2.23.so
7fbbbaae4000-7fbbbaae5000 r--p 00006000 08:01 2889208                    /lib/x86_64-linux-gnu/librt-2.23.so
7fbbbaae5000-7fbbbaae6000 rw-p 00007000 08:01 2889208                    /lib/x86_64-linux-gnu/librt-2.23.so
7fbbbaae6000-7fbbbaafc000 r-xp 00000000 08:01 2889092                    /lib/x86_64-linux-gnu/libgcc_s.so.1
7fbbbaafc000-7fbbbacfb000 ---p 00016000 08:01 2889092                    /lib/x86_64-linux-gnu/libgcc_s.so.1
7fbbbacfb000-7fbbbacfc000 rw-p 00015000 08:01 2889092                    /lib/x86_64-linux-gnu/libgcc_s.so.1
7fbbbacfc000-7fbbbae04000 r-xp 00000000 08:01 2889124                    /lib/x86_64-linux-gnu/libm-2.23.so
7fbbbae04000-7fbbbb003000 ---p 00108000 08:01 2889124                    /lib/x86_64-linux-gnu/libm-2.23.so
7fbbbb003000-7fbbbb004000 r--p 00107000 08:01 2889124                    /lib/x86_64-linux-gnu/libm-2.23.so
7fbbbb004000-7fbbbb005000 rw-p 00108000 08:01 2889124                    /lib/x86_64-linux-gnu/libm-2.23.so
7fbbbb005000-7fbbbb177000 r-xp 00000000 08:01 2107766                    /usr/lib/x86_64-linux-gnu/libstdc++.so.6.0.21
7fbbbb177000-7fbbbb377000 ---p 00172000 08:01 2107766                    /usr/lib/x86_64-linux-gnu/libstdc++.so.6.0.21
7fbbbb377000-7fbbbb381000 r--p 00172000 08:01 2107766                    /usr/lib/x86_64-linux-gnu/libstdc++.so.6.0.21
7fbbbb381000-7fbbbb383000 rw-p 0017c000 08:01 2107766                    /usr/lib/x86_64-linux-gnu/libstdc++.so.6.0.21
7fbbbb383000-7fbbbb387000 rw-p 00000000 00:00 0 
7fbbbb387000-7fbbbbfe4000 r-xp 00000000 08:01 803133                     /usr/lib/jvm/java-8-openjdk-amd64/jre/lib/amd64/server/libjvm.so
7fbbbbfe4000-7fbbbc1e4000 ---p 00c5d000 08:01 803133                     /usr/lib/jvm/java-8-openjdk-amd64/jre/lib/amd64/server/libjvm.so
7fbbbc1e4000-7fbbbc278000 r--p 00c5d000 08:01 803133                     /usr/lib/jvm/java-8-openjdk-amd64/jre/lib/amd64/server/libjvm.so
7fbbbc278000-7fbbbc2a1000 rw-p 00cf1000 08:01 803133                     /usr/lib/jvm/java-8-openjdk-amd64/jre/lib/amd64/server/libjvm.so
7fbbbc2a1000-7fbbbc2d1000 rw-p 00000000 00:00 0 
7fbbbc2d1000-7fbbbc2e9000 r-xp 00000000 08:01 2889200                    /lib/x86_64-linux-gnu/libpthread-2.23.so
7fbbbc2e9000-7fbbbc4e8000 ---p 00018000 08:01 2889200                    /lib/x86_64-linux-gnu/libpthread-2.23.so
7fbbbc4e8000-7fbbbc4e9000 r--p 00017000 08:01 2889200                    /lib/x86_64-linux-gnu/libpthread-2.23.so
7fbbbc4e9000-7fbbbc4ea000 rw-p 00018000 08:01 2889200                    /lib/x86_64-linux-gnu/libpthread-2.23.so
7fbbbc4ea000-7fbbbc4ee000 rw-p 00000000 00:00 0 
7fbbbc4ee000-7fbbbc4f1000 r-xp 00000000 08:01 2889078                    /lib/x86_64-linux-gnu/libdl-2.23.so
7fbbbc4f1000-7fbbbc6f0000 ---p 00003000 08:01 2889078                    /lib/x86_64-linux-gnu/libdl-2.23.so
7fbbbc6f0000-7fbbbc6f1000 r--p 00002000 08:01 2889078                    /lib/x86_64-linux-gnu/libdl-2.23.so
7fbbbc6f1000-7fbbbc6f2000 rw-p 00003000 08:01 2889078                    /lib/x86_64-linux-gnu/libdl-2.23.so
7fbbbc6f2000-7fbbbc70b000 r-xp 00000000 08:01 2889245                    /lib/x86_64-linux-gnu/libz.so.1.2.8
7fbbbc70b000-7fbbbc90a000 ---p 00019000 08:01 2889245                    /lib/x86_64-linux-gnu/libz.so.1.2.8
7fbbbc90a000-7fbbbc90b000 r--p 00018000 08:01 2889245                    /lib/x86_64-linux-gnu/libz.so.1.2.8
7fbbbc90b000-7fbbbc90c000 rw-p 00019000 08:01 2889245                    /lib/x86_64-linux-gnu/libz.so.1.2.8
7fbbbc90c000-7fbbbcacc000 r-xp 00000000 08:01 2889054                    /lib/x86_64-linux-gnu/libc-2.23.so
7fbbbcacc000-7fbbbcccc000 ---p 001c0000 08:01 2889054                    /lib/x86_64-linux-gnu/libc-2.23.so
7fbbbcccc000-7fbbbccd0000 r--p 001c0000 08:01 2889054                    /lib/x86_64-linux-gnu/libc-2.23.so
7fbbbccd0000-7fbbbccd2000 rw-p 001c4000 08:01 2889054                    /lib/x86_64-linux-gnu/libc-2.23.so
7fbbbccd2000-7fbbbccd6000 rw-p 00000000 00:00 0 
7fbbbccd6000-7fbbbcce3000 r-xp 00000000 08:01 803131                     /usr/lib/jvm/java-8-openjdk-amd64/jre/lib/amd64/jli/libjli.so
7fbbbcce3000-7fbbbcee3000 ---p 0000d000 08:01 803131                     /usr/lib/jvm/java-8-openjdk-amd64/jre/lib/amd64/jli/libjli.so
7fbbbcee3000-7fbbbcee4000 r--p 0000d000 08:01 803131                     /usr/lib/jvm/java-8-openjdk-amd64/jre/lib/amd64/jli/libjli.so
7fbbbcee4000-7fbbbcee5000 rw-p 0000e000 08:01 803131                     /usr/lib/jvm/java-8-openjdk-amd64/jre/lib/amd64/jli/libjli.so
7fbbbcee5000-7fbbbcf0b000 r-xp 00000000 08:01 2889026                    /lib/x86_64-linux-gnu/ld-2.23.so
7fbbbcf0b000-7fbbbcf0e000 r--s 00038000 08:01 803179                     /usr/lib/jvm/java-8-openjdk-amd64/jre/lib/ext/sunpkcs11.jar
7fbbbcf0e000-7fbbbcf10000 r--s 00001000 08:01 803180                     /usr/lib/jvm/java-8-openjdk-amd64/jre/lib/ext/dnsns.jar
7fbbbcf10000-7fbbbcf13000 r--s 0000f000 08:01 803176                     /usr/lib/jvm/java-8-openjdk-amd64/jre/lib/ext/icedtea-sound.jar
7fbbbcf13000-7fbbbcfe4000 rw-p 00000000 00:00 0 
7fbbbcfe4000-7fbbbcfe7000 ---p 00000000 00:00 0 
7fbbbcfe7000-7fbbbd0e9000 rw-p 00000000 00:00 0 
7fbbbd0e9000-7fbbbd0ea000 r--s 00010000 08:01 803182                     /usr/lib/jvm/java-8-openjdk-amd64/jre/lib/ext/zipfs.jar
7fbbbd0ea000-7fbbbd0f0000 r--s 0003b000 08:01 803183                     /usr/lib/jvm/java-8-openjdk-amd64/jre/lib/ext/sunjce_provider.jar
7fbbbd0f0000-7fbbbd0ff000 rw-p 00000000 00:00 0 
7fbbbd0ff000-7fbbbd107000 rw-s 00000000 08:01 1836275                    /tmp/hsperfdata_user/125861
7fbbbd107000-7fbbbd108000 rw-p 00000000 00:00 0 
7fbbbd108000-7fbbbd109000 ---p 00000000 00:00 0 
7fbbbd109000-7fbbbd10a000 rw-p 00000000 00:00 0 
7fbbbd10a000-7fbbbd10b000 r--p 00025000 08:01 2889026                    /lib/x86_64-linux-gnu/ld-2.23.so
7fbbbd10b000-7fbbbd10c000 rw-p 00026000 08:01 2889026                    /lib/x86_64-linux-gnu/ld-2.23.so
7fbbbd10c000-7fbbbd10d000 rw-p 00000000 00:00 0 
7ffc23c27000-7ffc23c48000 rw-p 00000000 00:00 0                          [stack]
7ffc23cda000-7ffc23cdd000 r--p 00000000 00:00 0                          [vvar]
7ffc23cdd000-7ffc23cdf000 r-xp 00000000 00:00 0                          [vdso]
ffffffffff600000-ffffffffff601000 r-xp 00000000 00:00 0                  [vsyscall]

VM Arguments:
jvm_args: -Xverify:none 
java_command: /home/user/.local/share/jupyter/kernels/scala/launcher.jar launch -r sonatype:releases -r sonatype:snapshots -i ammonite -I ammonite:org.jupyter-scala:ammonite-runtime_2.11.11:0.8.3-1 -I ammonite:org.jupyter-scala:scala-api_2.11.11:0.4.2 org.jupyter-scala:scala-cli_2.11.11:0.4.2 -- --id scala --name Scala --quiet --connection-file /run/user/1000/jupyter/kernel-dd0dea1f-73ff-49d5-a741-bdbc4b5579cd.json
java_class_path (initial): /home/user/.local/share/jupyter/kernels/scala/launcher.jar
Launcher Type: SUN_STANDARD

Environment Variables:
PATH=/home/user/anaconda3/bin:/home/user/anaconda3/bin:/home/user/bin:/home/user/.local/bin:/usr/local/sbin:/usr/local/bin:/usr/sbin:/usr/bin:/sbin:/bin:/usr/games:/usr/local/games:/snap/bin
SHELL=/bin/bash
DISPLAY=:0.0

Signal Handlers:
SIGSEGV: [libjvm.so+0xa71a70], sa_mask[0]=11111111011111111101111111111110, sa_flags=SA_RESTART|SA_SIGINFO
SIGBUS: [libjvm.so+0xa71a70], sa_mask[0]=11111111011111111101111111111110, sa_flags=SA_RESTART|SA_SIGINFO
SIGFPE: [libjvm.so+0x8b8f80], sa_mask[0]=11111111011111111101111111111110, sa_flags=SA_RESTART|SA_SIGINFO
SIGPIPE: [libjvm.so+0x8b8f80], sa_mask[0]=11111111011111111101111111111110, sa_flags=SA_RESTART|SA_SIGINFO
SIGXFSZ: [libjvm.so+0x8b8f80], sa_mask[0]=11111111011111111101111111111110, sa_flags=SA_RESTART|SA_SIGINFO
SIGILL: [libjvm.so+0x8b8f80], sa_mask[0]=11111111011111111101111111111110, sa_flags=SA_RESTART|SA_SIGINFO
SIGUSR1: SIG_DFL, sa_mask[0]=00000000000000000000000000000000, sa_flags=none
SIGUSR2: [libjvm.so+0x8b8e30], sa_mask[0]=00000000000000000000000000000000, sa_flags=SA_RESTART|SA_SIGINFO
SIGHUP: [libjvm.so+0x8b9300], sa_mask[0]=11111111011111111101111111111110, sa_flags=SA_RESTART|SA_SIGINFO
SIGINT: [libjvm.so+0x8b9300], sa_mask[0]=11111111011111111101111111111110, sa_flags=SA_RESTART|SA_SIGINFO
SIGTERM: [libjvm.so+0x8b9300], sa_mask[0]=11111111011111111101111111111110, sa_flags=SA_RESTART|SA_SIGINFO
SIGQUIT: [libjvm.so+0x8b9300], sa_mask[0]=11111111011111111101111111111110, sa_flags=SA_RESTART|SA_SIGINFO


---------------  S Y S T E M  ---------------

OS:DISTRIB_ID=Ubuntu
DISTRIB_RELEASE=16.04
DISTRIB_CODENAME=xenial
DISTRIB_DESCRIPTION="Ubuntu 16.04.5 LTS"

uname:Linux 4.15.0-33-generic #36~16.04.1-Ubuntu SMP Wed Aug 15 17:21:05 UTC 2018 x86_64
libc:glibc 2.23 NPTL 2.23 
rlimit: STACK 8192k, CORE 0k, NPROC 7646, NOFILE 1048576, AS infinity
load average:3.05 1.81 0.84

/proc/meminfo:
MemTotal:        3065896 kB
MemFree:           23740 kB
MemAvailable:      31188 kB
Buffers:             656 kB
Cached:            45196 kB
SwapCached:         2712 kB
Active:          2245292 kB
Inactive:         570976 kB
Active(anon):    2234860 kB
Inactive(anon):   560204 kB
Active(file):      10432 kB
Inactive(file):    10772 kB
Unevictable:          64 kB
Mlocked:              64 kB
SwapTotal:        998396 kB
SwapFree:              0 kB
Dirty:               388 kB
Writeback:             0 kB
AnonPages:       2767880 kB
Mapped:            32620 kB
Shmem:             24564 kB
Slab:              89440 kB
SReclaimable:      35444 kB
SUnreclaim:        53996 kB
KernelStack:       14288 kB
PageTables:        37308 kB
NFS_Unstable:          0 kB
Bounce:                0 kB
WritebackTmp:          0 kB
CommitLimit:     2531344 kB
Committed_AS:    7472588 kB
VmallocTotal:   34359738367 kB
VmallocUsed:           0 kB
VmallocChunk:          0 kB
HardwareCorrupted:     0 kB
AnonHugePages:         0 kB
ShmemHugePages:        0 kB
ShmemPmdMapped:        0 kB
CmaTotal:              0 kB
CmaFree:               0 kB
HugePages_Total:       0
HugePages_Free:        0
HugePages_Rsvd:        0
HugePages_Surp:        0
Hugepagesize:       2048 kB
DirectMap4k:      278400 kB
DirectMap2M:     2867200 kB
DirectMap1G:           0 kB


CPU:total 2 (initial active 2) (1 cores per cpu, 1 threads per core) family 6 model 78 stepping 3, cmov, cx8, fxsr, mmx, sse, sse2, sse3, ssse3, sse4.1, sse4.2, popcnt, avx, avx2, aes, clmul, erms, 3dnowpref, lzcnt, tsc, tscinvbit, bmi1, bmi2, adx

/proc/cpuinfo:
processor	: 0
vendor_id	: GenuineIntel
cpu family	: 6
model		: 78
model name	: Intel(R) Core(TM) i7-6500U CPU @ 2.50GHz
stepping	: 3
microcode	: 0xba
cpu MHz		: 2592.004
cache size	: 4096 KB
physical id	: 0
siblings	: 1
core id		: 0
cpu cores	: 1
apicid		: 0
initial apicid	: 0
fpu		: yes
fpu_exception	: yes
cpuid level	: 22
wp		: yes
flags		: fpu vme de pse tsc msr pae mce cx8 apic sep mtrr pge mca cmov pat pse36 clflush dts mmx fxsr sse sse2 ss syscall nx pdpe1gb rdtscp lm constant_tsc arch_perfmon pebs bts nopl xtopology tsc_reliable nonstop_tsc cpuid aperfmperf pni pclmulqdq ssse3 fma cx16 pcid sse4_1 sse4_2 x2apic movbe popcnt tsc_deadline_timer aes xsave avx f16c rdrand hypervisor lahf_lm abm 3dnowprefetch cpuid_fault epb invpcid_single pti fsgsbase tsc_adjust bmi1 avx2 smep bmi2 invpcid rdseed adx smap xsaveopt dtherm ida arat pln pts hwp hwp_notify hwp_act_window hwp_epp
bugs		: cpu_meltdown spectre_v1 spectre_v2 spec_store_bypass l1tf
bogomips	: 5184.00
clflush size	: 64
cache_alignment	: 64
address sizes	: 42 bits physical, 48 bits virtual
power management:

processor	: 1
vendor_id	: GenuineIntel
cpu family	: 6
model		: 78
model name	: Intel(R) Core(TM) i7-6500U CPU @ 2.50GHz
stepping	: 3
microcode	: 0xba
cpu MHz		: 2592.004
cache size	: 4096 KB
physical id	: 2
siblings	: 1
core id		: 0
cpu cores	: 1
apicid		: 2
initial apicid	: 2
fpu		: yes
fpu_exception	: yes
cpuid level	: 22
wp		: yes
flags		: fpu vme de pse tsc msr pae mce cx8 apic sep mtrr pge mca cmov pat pse36 clflush dts mmx fxsr sse sse2 ss syscall nx pdpe1gb rdtscp lm constant_tsc arch_perfmon pebs bts nopl xtopology tsc_reliable nonstop_tsc cpuid aperfmperf pni pclmulqdq ssse3 fma cx16 pcid sse4_1 sse4_2 x2apic movbe popcnt tsc_deadline_timer aes xsave avx f16c rdrand hypervisor lahf_lm abm 3dnowprefetch cpuid_fault epb invpcid_single pti fsgsbase tsc_adjust bmi1 avx2 smep bmi2 invpcid rdseed adx smap xsaveopt dtherm ida arat pln pts hwp hwp_notify hwp_act_window hwp_epp
bugs		: cpu_meltdown spectre_v1 spectre_v2 spec_store_bypass l1tf
bogomips	: 5184.00
clflush size	: 64
cache_alignment	: 64
address sizes	: 42 bits physical, 48 bits virtual
power management:



Memory: 4k page, physical 3065896k(24352k free), swap 998396k(0k free)

vm_info: OpenJDK 64-Bit Server VM (25.181-b13) for linux-amd64 JRE (1.8.0_181-8u181-b13-1ubuntu0.16.04.1-b13), built on Oct 23 2018 04:39:49 by "buildd" with gcc 5.4.0 20160609

time: Sun Dec  2 20:46:33 2018
elapsed time: 4 seconds (0d 0h 0m 4s)

