#
# There is insufficient memory for the Java Runtime Environment to continue.
# Native memory allocation (mmap) failed to map 54525952 bytes for committing reserved memory.
# Possible reasons:
#   The system is out of physical RAM or swap space
#   In 32 bit mode, the process size limit was hit
# Possible solutions:
#   Reduce memory load on the system
#   Increase physical memory or swap space
#   Check if swap backing store is full
#   Use 64 bit Java on a 64 bit OS
#   Decrease Java heap size (-Xmx/-Xms)
#   Decrease number of Java threads
#   Decrease Java thread stack sizes (-Xss)
#   Set larger code cache with -XX:ReservedCodeCacheSize=
# This output file may be truncated or incomplete.
#
#  Out of Memory Error (os_linux.cpp:2643), pid=125639, tid=0x00007f6b90527700
#
# JRE version: OpenJDK Runtime Environment (8.0_181-b13) (build 1.8.0_181-8u181-b13-1ubuntu0.16.04.1-b13)
# Java VM: OpenJDK 64-Bit Server VM (25.181-b13 mixed mode linux-amd64 compressed oops)
# Failed to write core dump. Core dumps have been disabled. To enable core dumping, try "ulimit -c unlimited" before starting Java again
#

---------------  T H R E A D  ---------------

Current thread (0x00007f6ba00fb800):  VMThread [stack: 0x00007f6b90427000,0x00007f6b90528000] [id=125643]

Stack: [0x00007f6b90427000,0x00007f6b90528000],  sp=0x00007f6b905264a0,  free space=1021k
Native frames: (J=compiled Java code, j=interpreted, Vv=VM code, C=native code)
V  [libjvm.so+0xa70f1b]
V  [libjvm.so+0x4c893c]
V  [libjvm.so+0x8bda48]
V  [libjvm.so+0x8b7dde]
V  [libjvm.so+0x933246]
V  [libjvm.so+0x934573]
V  [libjvm.so+0x930c3b]
V  [libjvm.so+0x929a69]
V  [libjvm.so+0x44c943]
V  [libjvm.so+0xa724a9]
V  [libjvm.so+0xa77d67]
V  [libjvm.so+0xa75467]
V  [libjvm.so+0xa768ef]
V  [libjvm.so+0xa76de1]
V  [libjvm.so+0x8bae52]

VM_Operation (0x00007f6ba89218c0): CollectForMetadataAllocation, mode: safepoint, requested by thread 0x00007f6ba000a800


---------------  P R O C E S S  ---------------

Java Threads: ( => current thread )
  0x00007f6ba0482800 JavaThread "pool-2-thread-6" daemon [_thread_blocked, id=125663, stack(0x00007f6b89225000,0x00007f6b89326000)]
  0x00007f6ba0481000 JavaThread "pool-2-thread-5" daemon [_thread_blocked, id=125662, stack(0x00007f6b89326000,0x00007f6b89427000)]
  0x00007f6ba047f000 JavaThread "pool-2-thread-4" daemon [_thread_blocked, id=125661, stack(0x00007f6b89427000,0x00007f6b89528000)]
  0x00007f6ba047d800 JavaThread "pool-2-thread-3" daemon [_thread_blocked, id=125660, stack(0x00007f6b89528000,0x00007f6b89629000)]
  0x00007f6ba047c800 JavaThread "pool-2-thread-2" daemon [_thread_blocked, id=125659, stack(0x00007f6b8982b000,0x00007f6b8992c000)]
  0x00007f6ba047b800 JavaThread "pool-2-thread-1" daemon [_thread_blocked, id=125658, stack(0x00007f6b8972a000,0x00007f6b8982b000)]
  0x00007f6ba01e9800 JavaThread "process reaper" daemon [_thread_blocked, id=125653, stack(0x00007f6b8992c000,0x00007f6b89965000)]
  0x00007f6ba0141800 JavaThread "Service Thread" daemon [_thread_blocked, id=125649, stack(0x00007f6b89c66000,0x00007f6b89d67000)]
  0x00007f6ba013e800 JavaThread "C1 CompilerThread1" daemon [_thread_blocked, id=125648, stack(0x00007f6b89d67000,0x00007f6b89e68000)]
  0x00007f6ba013b800 JavaThread "C2 CompilerThread0" daemon [_thread_blocked, id=125647, stack(0x00007f6b90023000,0x00007f6b90124000)]
  0x00007f6ba013a000 JavaThread "Signal Dispatcher" daemon [_thread_blocked, id=125646, stack(0x00007f6b90124000,0x00007f6b90225000)]
  0x00007f6ba0107800 JavaThread "Finalizer" daemon [_thread_blocked, id=125645, stack(0x00007f6b90225000,0x00007f6b90326000)]
  0x00007f6ba0105000 JavaThread "Reference Handler" daemon [_thread_blocked, id=125644, stack(0x00007f6b90326000,0x00007f6b90427000)]
  0x00007f6ba000a800 JavaThread "main" [_thread_blocked, id=125640, stack(0x00007f6ba8827000,0x00007f6ba8928000)]

Other Threads:
=>0x00007f6ba00fb800 VMThread [stack: 0x00007f6b90427000,0x00007f6b90528000] [id=125643]
  0x00007f6ba0144000 WatcherThread [stack: 0x00007f6b89b65000,0x00007f6b89c66000] [id=125650]

VM state:at safepoint (normal execution)

VM Mutex/Monitor currently owned by a thread:  ([mutex/lock_event])
[0x00007f6ba0006f80] Threads_lock - owner thread: 0x00007f6ba00fb800
[0x00007f6ba0007480] Heap_lock - owner thread: 0x00007f6ba000a800

Heap:
 PSYoungGen      total 53248K, used 4073K [0x00000000f0600000, 0x00000000f3e00000, 0x0000000100000000)
  eden space 49152K, 0% used [0x00000000f0600000,0x00000000f0600000,0x00000000f3600000)
  from space 4096K, 99% used [0x00000000f3600000,0x00000000f39fa570,0x00000000f3a00000)
  to   space 4096K, 0% used [0x00000000f3a00000,0x00000000f3a00000,0x00000000f3e00000)
 ParOldGen       total 32768K, used 7668K [0x00000000d1200000, 0x00000000d3200000, 0x00000000f0600000)
  object space 32768K, 23% used [0x00000000d1200000,0x00000000d197d060,0x00000000d3200000)
 Metaspace       used 20825K, capacity 21134K, committed 21248K, reserved 1067008K
  class space    used 3429K, capacity 3545K, committed 3584K, reserved 1048576K

Card table byte_map: [0x00007f6ba4d60000,0x00007f6ba4ed8000] byte_map_base: 0x00007f6ba46d7000

Marking Bits: (ParMarkBitMap*) 0x00007f6ba7af73a0
 Begin Bits: [0x00007f6b8a890000, 0x00007f6b8b448000)
 End Bits:   [0x00007f6b8b448000, 0x00007f6b8c000000)

Polling page: 0x00007f6ba894b000

CodeCache: size=245760Kb used=6267Kb max_used=6267Kb free=239493Kb
 bounds [0x00007f6b91000000, 0x00007f6b91630000, 0x00007f6ba0000000]
 total_blobs=2783 nmethods=2386 adapters=311
 compilation: enabled

Compilation events (10 events):
Event: 4.509 Thread 0x00007f6ba013b800 2392       4       java.security.CodeSource::getCertificates (98 bytes)
Event: 4.510 Thread 0x00007f6ba013b800 nmethod 2392 0x00007f6b9161ead0 code [0x00007f6b9161ec20, 0x00007f6b9161ecb8]
Event: 4.513 Thread 0x00007f6ba013b800 2393       4       java.util.jar.JarFile::maybeInstantiateVerifier (96 bytes)
Event: 4.523 Thread 0x00007f6ba013b800 nmethod 2393 0x00007f6b9161c590 code [0x00007f6b9161c740, 0x00007f6b9161cbd8]
Event: 4.525 Thread 0x00007f6ba013e800 2394       3       java.lang.String::lastIndexOf (25 bytes)
Event: 4.525 Thread 0x00007f6ba013e800 nmethod 2394 0x00007f6b9161c150 code [0x00007f6b9161c2c0, 0x00007f6b9161c468]
Event: 4.525 Thread 0x00007f6ba013e800 2395       3       java.lang.String::lastIndexOf (11 bytes)
Event: 4.525 Thread 0x00007f6ba013e800 nmethod 2395 0x00007f6b9161df10 code [0x00007f6b9161e080, 0x00007f6b9161e308]
Event: 4.624 Thread 0x00007f6ba013e800 2396       3       sun.misc.ASCIICaseInsensitiveComparator::compare (126 bytes)
Event: 4.625 Thread 0x00007f6ba013e800 nmethod 2396 0x00007f6b91620910 code [0x00007f6b91620b20, 0x00007f6b91621718]

GC Heap History (10 events):
Event: 1.432 GC heap after
Heap after GC invocations=2 (full 0):
 PSYoungGen      total 14336K, used 2016K [0x00000000f0600000, 0x00000000f1600000, 0x0000000100000000)
  eden space 12288K, 0% used [0x00000000f0600000,0x00000000f0600000,0x00000000f1200000)
  from space 2048K, 98% used [0x00000000f1400000,0x00000000f15f8020,0x00000000f1600000)
  to   space 2048K, 0% used [0x00000000f1200000,0x00000000f1200000,0x00000000f1400000)
 ParOldGen       total 32768K, used 1460K [0x00000000d1200000, 0x00000000d3200000, 0x00000000f0600000)
  object space 32768K, 4% used [0x00000000d1200000,0x00000000d136d1b0,0x00000000d3200000)
 Metaspace       used 9803K, capacity 9982K, committed 10240K, reserved 1058816K
  class space    used 1640K, capacity 1703K, committed 1792K, reserved 1048576K
}
Event: 1.884 GC heap before
{Heap before GC invocations=3 (full 0):
 PSYoungGen      total 14336K, used 14304K [0x00000000f0600000, 0x00000000f1600000, 0x0000000100000000)
  eden space 12288K, 100% used [0x00000000f0600000,0x00000000f1200000,0x00000000f1200000)
  from space 2048K, 98% used [0x00000000f1400000,0x00000000f15f8020,0x00000000f1600000)
  to   space 2048K, 0% used [0x00000000f1200000,0x00000000f1200000,0x00000000f1400000)
 ParOldGen       total 32768K, used 1460K [0x00000000d1200000, 0x00000000d3200000, 0x00000000f0600000)
  object space 32768K, 4% used [0x00000000d1200000,0x00000000d136d1b0,0x00000000d3200000)
 Metaspace       used 13043K, capacity 13234K, committed 13312K, reserved 1060864K
  class space    used 2219K, capacity 2279K, committed 2304K, reserved 1048576K
Event: 1.890 GC heap after
Heap after GC invocations=3 (full 0):
 PSYoungGen      total 14336K, used 2047K [0x00000000f0600000, 0x00000000f2200000, 0x0000000100000000)
  eden space 12288K, 0% used [0x00000000f0600000,0x00000000f0600000,0x00000000f1200000)
  from space 2048K, 99% used [0x00000000f1200000,0x00000000f13ffc90,0x00000000f1400000)
  to   space 2048K, 0% used [0x00000000f2000000,0x00000000f2000000,0x00000000f2200000)
 ParOldGen       total 32768K, used 3033K [0x00000000d1200000, 0x00000000d3200000, 0x00000000f0600000)
  object space 32768K, 9% used [0x00000000d1200000,0x00000000d14f6740,0x00000000d3200000)
 Metaspace       used 13043K, capacity 13234K, committed 13312K, reserved 1060864K
  class space    used 2219K, capacity 2279K, committed 2304K, reserved 1048576K
}
Event: 2.168 GC heap before
{Heap before GC invocations=4 (full 0):
 PSYoungGen      total 14336K, used 14335K [0x00000000f0600000, 0x00000000f2200000, 0x0000000100000000)
  eden space 12288K, 100% used [0x00000000f0600000,0x00000000f1200000,0x00000000f1200000)
  from space 2048K, 99% used [0x00000000f1200000,0x00000000f13ffc90,0x00000000f1400000)
  to   space 2048K, 0% used [0x00000000f2000000,0x00000000f2000000,0x00000000f2200000)
 ParOldGen       total 32768K, used 3033K [0x00000000d1200000, 0x00000000d3200000, 0x00000000f0600000)
  object space 32768K, 9% used [0x00000000d1200000,0x00000000d14f6740,0x00000000d3200000)
 Metaspace       used 13872K, capacity 14078K, committed 14336K, reserved 1060864K
  class space    used 2383K, capacity 2473K, committed 2560K, reserved 1048576K
Event: 2.174 GC heap after
Heap after GC invocations=4 (full 0):
 PSYoungGen      total 26624K, used 2018K [0x00000000f0600000, 0x00000000f2200000, 0x0000000100000000)
  eden space 24576K, 0% used [0x00000000f0600000,0x00000000f0600000,0x00000000f1e00000)
  from space 2048K, 98% used [0x00000000f2000000,0x00000000f21f88e0,0x00000000f2200000)
  to   space 2048K, 0% used [0x00000000f1e00000,0x00000000f1e00000,0x00000000f2000000)
 ParOldGen       total 32768K, used 3609K [0x00000000d1200000, 0x00000000d3200000, 0x00000000f0600000)
  object space 32768K, 11% used [0x00000000d1200000,0x00000000d15866b8,0x00000000d3200000)
 Metaspace       used 13872K, capacity 14078K, committed 14336K, reserved 1060864K
  class space    used 2383K, capacity 2473K, committed 2560K, reserved 1048576K
}
Event: 2.554 GC heap before
{Heap before GC invocations=5 (full 0):
 PSYoungGen      total 26624K, used 26594K [0x00000000f0600000, 0x00000000f2200000, 0x0000000100000000)
  eden space 24576K, 100% used [0x00000000f0600000,0x00000000f1e00000,0x00000000f1e00000)
  from space 2048K, 98% used [0x00000000f2000000,0x00000000f21f88e0,0x00000000f2200000)
  to   space 2048K, 0% used [0x00000000f1e00000,0x00000000f1e00000,0x00000000f2000000)
 ParOldGen       total 32768K, used 3609K [0x00000000d1200000, 0x00000000d3200000, 0x00000000f0600000)
  object space 32768K, 11% used [0x00000000d1200000,0x00000000d15866b8,0x00000000d3200000)
 Metaspace       used 14315K, capacity 14526K, committed 14848K, reserved 1060864K
  class space    used 2433K, capacity 2537K, committed 2560K, reserved 1048576K
Event: 2.567 GC heap after
Heap after GC invocations=5 (full 0):
 PSYoungGen      total 26624K, used 2036K [0x00000000f0600000, 0x00000000f3e00000, 0x0000000100000000)
  eden space 24576K, 0% used [0x00000000f0600000,0x00000000f0600000,0x00000000f1e00000)
  from space 2048K, 99% used [0x00000000f1e00000,0x00000000f1ffd070,0x00000000f2000000)
  to   space 4096K, 0% used [0x00000000f3a00000,0x00000000f3a00000,0x00000000f3e00000)
 ParOldGen       total 32768K, used 4120K [0x00000000d1200000, 0x00000000d3200000, 0x00000000f0600000)
  object space 32768K, 12% used [0x00000000d1200000,0x00000000d1606318,0x00000000d3200000)
 Metaspace       used 14315K, capacity 14526K, committed 14848K, reserved 1060864K
  class space    used 2433K, capacity 2537K, committed 2560K, reserved 1048576K
}
Event: 3.964 GC heap before
{Heap before GC invocations=6 (full 0):
 PSYoungGen      total 26624K, used 26612K [0x00000000f0600000, 0x00000000f3e00000, 0x0000000100000000)
  eden space 24576K, 100% used [0x00000000f0600000,0x00000000f1e00000,0x00000000f1e00000)
  from space 2048K, 99% used [0x00000000f1e00000,0x00000000f1ffd070,0x00000000f2000000)
  to   space 4096K, 0% used [0x00000000f3a00000,0x00000000f3a00000,0x00000000f3e00000)
 ParOldGen       total 32768K, used 4120K [0x00000000d1200000, 0x00000000d3200000, 0x00000000f0600000)
  object space 32768K, 12% used [0x00000000d1200000,0x00000000d1606318,0x00000000d3200000)
 Metaspace       used 15027K, capacity 15406K, committed 15488K, reserved 1062912K
  class space    used 2536K, capacity 2681K, committed 2688K, reserved 1048576K
Event: 3.971 GC heap after
Heap after GC invocations=6 (full 0):
 PSYoungGen      total 53248K, used 2838K [0x00000000f0600000, 0x00000000f3e00000, 0x0000000100000000)
  eden space 49152K, 0% used [0x00000000f0600000,0x00000000f0600000,0x00000000f3600000)
  from space 4096K, 69% used [0x00000000f3a00000,0x00000000f3cc5960,0x00000000f3e00000)
  to   space 4096K, 0% used [0x00000000f3600000,0x00000000f3600000,0x00000000f3a00000)
 ParOldGen       total 32768K, used 4128K [0x00000000d1200000, 0x00000000d3200000, 0x00000000f0600000)
  object space 32768K, 12% used [0x00000000d1200000,0x00000000d1608318,0x00000000d3200000)
 Metaspace       used 15027K, capacity 15406K, committed 15488K, reserved 1062912K
  class space    used 2536K, capacity 2681K, committed 2688K, reserved 1048576K
}
Event: 4.667 GC heap before
{Heap before GC invocations=7 (full 0):
 PSYoungGen      total 53248K, used 40550K [0x00000000f0600000, 0x00000000f3e00000, 0x0000000100000000)
  eden space 49152K, 76% used [0x00000000f0600000,0x00000000f2ad3ec0,0x00000000f3600000)
  from space 4096K, 69% used [0x00000000f3a00000,0x00000000f3cc5960,0x00000000f3e00000)
  to   space 4096K, 0% used [0x00000000f3600000,0x00000000f3600000,0x00000000f3a00000)
 ParOldGen       total 32768K, used 4128K [0x00000000d1200000, 0x00000000d3200000, 0x00000000f0600000)
  object space 32768K, 12% used [0x00000000d1200000,0x00000000d1608318,0x00000000d3200000)
 Metaspace       used 20825K, capacity 21134K, committed 21248K, reserved 1067008K
  class space    used 3429K, capacity 3545K, committed 3584K, reserved 1048576K

Deoptimization events (10 events):
Event: 3.917 Thread 0x00007f6ba000a800 Uncommon trap: reason=unstable_if action=reinterpret pc=0x00007f6b912c6000 method=java.lang.ClassLoader.getClassLoadingLock(Ljava/lang/String;)Ljava/lang/Object; @ 6
Event: 3.917 Thread 0x00007f6ba000a800 Uncommon trap: reason=unstable_if action=reinterpret pc=0x00007f6b915095f0 method=java.util.jar.JarFile.getManEntry()Ljava/util/jar/JarEntry; @ 4
Event: 3.934 Thread 0x00007f6ba000a800 Uncommon trap: reason=bimorphic action=maybe_recompile pc=0x00007f6b91594724 method=java.util.HashMap.putVal(ILjava/lang/Object;Ljava/lang/Object;ZZ)Ljava/lang/Object; @ 56
Event: 3.934 Thread 0x00007f6ba000a800 Uncommon trap: reason=unstable_if action=reinterpret pc=0x00007f6b911eef94 method=sun.net.www.ParseUtil.encodePath(Ljava/lang/String;Z)Ljava/lang/String; @ 116
Event: 4.039 Thread 0x00007f6ba000a800 Uncommon trap: reason=bimorphic action=maybe_recompile pc=0x00007f6b91594724 method=java.util.HashMap.putVal(ILjava/lang/Object;Ljava/lang/Object;ZZ)Ljava/lang/Object; @ 56
Event: 4.064 Thread 0x00007f6ba000a800 Uncommon trap: reason=bimorphic action=maybe_recompile pc=0x00007f6b91594724 method=java.util.HashMap.putVal(ILjava/lang/Object;Ljava/lang/Object;ZZ)Ljava/lang/Object; @ 56
Event: 4.083 Thread 0x00007f6ba000a800 Uncommon trap: reason=bimorphic action=maybe_recompile pc=0x00007f6b91594724 method=java.util.HashMap.putVal(ILjava/lang/Object;Ljava/lang/Object;ZZ)Ljava/lang/Object; @ 56
Event: 4.265 Thread 0x00007f6ba000a800 Uncommon trap: reason=unstable_if action=reinterpret pc=0x00007f6b915372dc method=java.lang.CharacterDataLatin1.digit(II)I @ 82
Event: 4.382 Thread 0x00007f6ba000a800 Uncommon trap: reason=class_check action=maybe_recompile pc=0x00007f6b9156b0c8 method=java.util.regex.Pattern$Slice.match(Ljava/util/regex/Matcher;ILjava/lang/CharSequence;)Z @ 75
Event: 4.421 Thread 0x00007f6ba000a800 Uncommon trap: reason=unstable_if action=reinterpret pc=0x00007f6b91610464 method=java.util.zip.ZipFile$ZipFileInputStream.read([BII)I @ 46

Classes redefined (0 events):
No events

Internal exceptions (10 events):
Event: 0.676 Thread 0x00007f6ba000a800 Exception <a 'java/security/PrivilegedActionException'> (0x00000000f0684e48) thrown at [/build/openjdk-8-lTwZJE/openjdk-8-8u181-b13/src/hotspot/src/share/vm/prims/jvm.cpp, line 1435]
Event: 0.676 Thread 0x00007f6ba000a800 Exception <a 'java/security/PrivilegedActionException'> (0x00000000f0685058) thrown at [/build/openjdk-8-lTwZJE/openjdk-8-8u181-b13/src/hotspot/src/share/vm/prims/jvm.cpp, line 1435]
Event: 0.677 Thread 0x00007f6ba000a800 Exception <a 'java/security/PrivilegedActionException'> (0x00000000f06870e0) thrown at [/build/openjdk-8-lTwZJE/openjdk-8-8u181-b13/src/hotspot/src/share/vm/prims/jvm.cpp, line 1435]
Event: 0.677 Thread 0x00007f6ba000a800 Exception <a 'java/security/PrivilegedActionException'> (0x00000000f06872f0) thrown at [/build/openjdk-8-lTwZJE/openjdk-8-8u181-b13/src/hotspot/src/share/vm/prims/jvm.cpp, line 1435]
Event: 0.677 Thread 0x00007f6ba000a800 Exception <a 'java/security/PrivilegedActionException'> (0x00000000f0687dc8) thrown at [/build/openjdk-8-lTwZJE/openjdk-8-8u181-b13/src/hotspot/src/share/vm/prims/jvm.cpp, line 1435]
Event: 0.677 Thread 0x00007f6ba000a800 Exception <a 'java/security/PrivilegedActionException'> (0x00000000f0687fd8) thrown at [/build/openjdk-8-lTwZJE/openjdk-8-8u181-b13/src/hotspot/src/share/vm/prims/jvm.cpp, line 1435]
Event: 1.424 Thread 0x00007f6ba000a800 Exception <a 'java/lang/NoSuchFieldError': method resolution failed> (0x00000000f11fbb60) thrown at [/build/openjdk-8-lTwZJE/openjdk-8-8u181-b13/src/hotspot/src/share/vm/prims/methodHandles.cpp, line 1167]
Event: 1.434 Thread 0x00007f6ba000a800 Exception <a 'java/lang/NoSuchFieldError': method resolution failed> (0x00000000f0627f78) thrown at [/build/openjdk-8-lTwZJE/openjdk-8-8u181-b13/src/hotspot/src/share/vm/prims/methodHandles.cpp, line 1167]
Event: 4.271 Thread 0x00007f6ba000a800 Exception <a 'java/io/FileNotFoundException'> (0x00000000f1b22470) thrown at [/build/openjdk-8-lTwZJE/openjdk-8-8u181-b13/src/hotspot/src/share/vm/prims/jni.cpp, line 709]
Event: 4.416 Thread 0x00007f6ba000a800 Exception <a 'java/lang/NoSuchMethodError': org.slf4j.impl.StaticMDCBinder.getSingleton()Lorg/slf4j/impl/StaticMDCBinder;> (0x00000000f2381f20) thrown at [/build/openjdk-8-lTwZJE/openjdk-8-8u181-b13/src/hotspot/src/share/vm/interpreter/linkResolver.cpp, l

Events (10 events):
Event: 4.650 loading class jupyter/kernel/protocol/ShellRequest$Execute$ done
Event: 4.651 loading class scala/runtime/AbstractFunction6
Event: 4.651 loading class scala/runtime/AbstractFunction6 done
Event: 4.652 loading class scala/Function6
Event: 4.652 loading class scala/Function6 done
Event: 4.654 loading class scala/Function6$class
Event: 4.654 loading class scala/Function6$class done
Event: 4.655 loading class jupyter/kernel/protocol/ShellRequestDecodeJsons$anon$derivedDecodeJson$macro$1753$1$anon$macro$1742$1
Event: 4.655 loading class jupyter/kernel/protocol/ShellRequestDecodeJsons$anon$derivedDecodeJson$macro$1753$1$anon$macro$1742$1 done
Event: 4.656 Executing VM operation: CollectForMetadataAllocation


Dynamic libraries:
00400000-00401000 r-xp 00000000 08:01 803085                             /usr/lib/jvm/java-8-openjdk-amd64/jre/bin/java
00600000-00601000 r--p 00000000 08:01 803085                             /usr/lib/jvm/java-8-openjdk-amd64/jre/bin/java
00601000-00602000 rw-p 00001000 08:01 803085                             /usr/lib/jvm/java-8-openjdk-amd64/jre/bin/java
01a8e000-01ad1000 rw-p 00000000 00:00 0                                  [heap]
d1200000-d3200000 rw-p 00000000 00:00 0 
d3200000-f0600000 ---p 00000000 00:00 0 
f0600000-f3e00000 rw-p 00000000 00:00 0 
f7200000-100000000 ---p 00000000 00:00 0 
100000000-100380000 rw-p 00000000 00:00 0 
100380000-140000000 ---p 00000000 00:00 0 
7f6b50000000-7f6b50021000 rw-p 00000000 00:00 0 
7f6b50021000-7f6b54000000 ---p 00000000 00:00 0 
7f6b54fff000-7f6b58000000 rw-p 00000000 00:00 0 
7f6b58000000-7f6b581c2000 rw-p 00000000 00:00 0 
7f6b581c2000-7f6b5c000000 ---p 00000000 00:00 0 
7f6b5c000000-7f6b5c0c4000 rw-p 00000000 00:00 0 
7f6b5c0c4000-7f6b60000000 ---p 00000000 00:00 0 
7f6b60000000-7f6b60021000 rw-p 00000000 00:00 0 
7f6b60021000-7f6b64000000 ---p 00000000 00:00 0 
7f6b64000000-7f6b64021000 rw-p 00000000 00:00 0 
7f6b64021000-7f6b68000000 ---p 00000000 00:00 0 
7f6b68000000-7f6b691c6000 rw-p 00000000 00:00 0 
7f6b691c6000-7f6b6c000000 ---p 00000000 00:00 0 
7f6b6c000000-7f6b6c021000 rw-p 00000000 00:00 0 
7f6b6c021000-7f6b70000000 ---p 00000000 00:00 0 
7f6b70000000-7f6b70021000 rw-p 00000000 00:00 0 
7f6b70021000-7f6b74000000 ---p 00000000 00:00 0 
7f6b74000000-7f6b75765000 rw-p 00000000 00:00 0 
7f6b75765000-7f6b78000000 ---p 00000000 00:00 0 
7f6b78000000-7f6b78021000 rw-p 00000000 00:00 0 
7f6b78021000-7f6b7c000000 ---p 00000000 00:00 0 
7f6b7c000000-7f6b7c021000 rw-p 00000000 00:00 0 
7f6b7c021000-7f6b80000000 ---p 00000000 00:00 0 
7f6b80000000-7f6b80021000 rw-p 00000000 00:00 0 
7f6b80021000-7f6b84000000 ---p 00000000 00:00 0 
7f6b84000000-7f6b84021000 rw-p 00000000 00:00 0 
7f6b84021000-7f6b88000000 ---p 00000000 00:00 0 
7f6b88018000-7f6b8802f000 r-xp 00000000 08:01 803144                     /usr/lib/jvm/java-8-openjdk-amd64/jre/lib/amd64/libnet.so
7f6b8802f000-7f6b8822e000 ---p 00017000 08:01 803144                     /usr/lib/jvm/java-8-openjdk-amd64/jre/lib/amd64/libnet.so
7f6b8822e000-7f6b8822f000 r--p 00016000 08:01 803144                     /usr/lib/jvm/java-8-openjdk-amd64/jre/lib/amd64/libnet.so
7f6b8822f000-7f6b88230000 rw-p 00017000 08:01 803144                     /usr/lib/jvm/java-8-openjdk-amd64/jre/lib/amd64/libnet.so
7f6b88230000-7f6b88241000 r-xp 00000000 08:01 803143                     /usr/lib/jvm/java-8-openjdk-amd64/jre/lib/amd64/libnio.so
7f6b88241000-7f6b88441000 ---p 00011000 08:01 803143                     /usr/lib/jvm/java-8-openjdk-amd64/jre/lib/amd64/libnio.so
7f6b88441000-7f6b88442000 r--p 00011000 08:01 803143                     /usr/lib/jvm/java-8-openjdk-amd64/jre/lib/amd64/libnio.so
7f6b88442000-7f6b88443000 rw-p 00012000 08:01 803143                     /usr/lib/jvm/java-8-openjdk-amd64/jre/lib/amd64/libnio.so
7f6b88443000-7f6b88583000 rw-p 00000000 00:00 0 
7f6b88583000-7f6b88643000 ---p 00000000 00:00 0 
7f6b88643000-7f6b88843000 rw-p 00000000 00:00 0 
7f6b88843000-7f6b88846000 r--s 00011000 08:01 807203                     /home/user/.coursier/cache/v1/https/repo1.maven.org/maven2/com/lihaoyi/fastparse-utils_2.11/0.4.2/fastparse-utils_2.11-0.4.2.jar
7f6b88846000-7f6b88847000 r--s 00006000 08:01 807207                     /home/user/.coursier/cache/v1/https/repo1.maven.org/maven2/com/github/alexarchambault/case-app-annotations_2.11/1.1.3/case-app-annotations_2.11-1.1.3.jar
7f6b88847000-7f6b8884e000 r--s 00042000 08:01 807208                     /home/user/.coursier/cache/v1/https/repo1.maven.org/maven2/com/github/alexarchambault/case-app_2.11/1.1.3/case-app_2.11-1.1.3.jar
7f6b8884e000-7f6b88859000 r--s 00069000 08:01 807253                     /home/user/.coursier/cache/v1/https/repo1.maven.org/maven2/ch/qos/logback/logback-core/1.2.1/logback-core-1.2.1.jar
7f6b88859000-7f6b8885b000 r--s 0000a000 08:01 807225                     /home/user/.coursier/cache/v1/https/repo1.maven.org/maven2/com/github/alexarchambault/case-app-util_2.11/1.1.3/case-app-util_2.11-1.1.3.jar
7f6b8885b000-7f6b8885c000 r--s 00000000 08:01 807233                     /home/user/.coursier/cache/v1/https/repo1.maven.org/maven2/org/typelevel/macro-compat_2.11/1.1.1/macro-compat_2.11-1.1.1.jar
7f6b8885c000-7f6b8886f000 r--s 000bb000 08:01 807205                     /home/user/.coursier/cache/v1/https/repo1.maven.org/maven2/org/jupyter-scala/kernel_2.11/0.4.1/kernel_2.11-0.4.1.jar
7f6b8886f000-7f6b88871000 r--s 00009000 08:01 807266                     /home/user/.coursier/cache/v1/https/repo1.maven.org/maven2/org/slf4j/slf4j-api/1.7.22/slf4j-api-1.7.22.jar
7f6b88871000-7f6b88876000 r--s 00039000 08:01 807259                     /home/user/.coursier/cache/v1/https/repo1.maven.org/maven2/org/zeromq/jeromq/0.3.6/jeromq-0.3.6.jar
7f6b88876000-7f6b8887c000 r--s 00046000 08:01 807275                     /home/user/.coursier/cache/v1/https/repo1.maven.org/maven2/ch/qos/logback/logback-classic/1.2.1/logback-classic-1.2.1.jar
7f6b8887c000-7f6b8887d000 r--s 00008000 08:01 807293                     /home/user/.coursier/cache/v1/https/repo1.maven.org/maven2/com/typesafe/scala-logging/scala-logging_2.11/3.5.0/scala-logging_2.11-3.5.0.jar
7f6b8887d000-7f6b88882000 r--s 00044000 08:01 807300                     /home/user/.coursier/cache/v1/https/repo1.maven.org/maven2/org/scodec/scodec-bits_2.11/1.1.2/scodec-bits_2.11-1.1.2.jar
7f6b88882000-7f6b8888c000 r--s 00069000 08:01 807307                     /home/user/.coursier/cache/v1/https/repo1.maven.org/maven2/com/lihaoyi/scalaparse_2.11/0.4.2/scalaparse_2.11-0.4.2.jar
7f6b8888c000-7f6b888bc000 r--s 001c7000 08:01 807281                     /home/user/.coursier/cache/v1/https/repo1.maven.org/maven2/io/argonaut/argonaut_2.11/6.2/argonaut_2.11-6.2.jar
7f6b888bc000-7f6b888bf000 r--s 00015000 08:01 807242                     /home/user/.coursier/cache/v1/https/repo1.maven.org/maven2/org/jupyter-scala/scala-cli_2.11.11/0.4.2/scala-cli_2.11.11-0.4.2.jar
7f6b888bf000-7f6b888c3000 r--s 00029000 08:01 807324                     /home/user/.coursier/cache/v1/https/repo1.maven.org/maven2/org/jupyter-scala/kernel-protocol_2.11/0.4.1/kernel-protocol_2.11-0.4.1.jar
7f6b888c3000-7f6b88909000 r--s 00317000 08:01 807336                     /home/user/.coursier/cache/v1/https/repo1.maven.org/maven2/com/chuusai/shapeless_2.11/2.3.2/shapeless_2.11-2.3.2.jar
7f6b88909000-7f6b8890f000 r--s 0004d000 08:01 807344                     /home/user/.coursier/cache/v1/https/repo1.maven.org/maven2/com/lihaoyi/fastparse_2.11/0.4.2/fastparse_2.11-0.4.2.jar
7f6b8890f000-7f6b88913000 r--s 0001b000 08:01 807362                     /home/user/.coursier/cache/v1/https/repo1.maven.org/maven2/com/github/alexarchambault/argonaut-shapeless_6.2_2.11/1.2.0-M5/argonaut-shapeless_6.2_2.11-1.2.0-M5.jar
7f6b88913000-7f6b8891d000 r--s 00074000 08:01 807377                     /home/user/.coursier/cache/v1/https/repo1.maven.org/maven2/org/jupyter-scala/ammonite-compiler_2.11.11/0.8.3-1/ammonite-compiler_2.11.11-0.8.3-1.jar
7f6b8891d000-7f6b88940000 r--s 00155000 08:01 807348                     /home/user/.coursier/cache/v1/https/repo1.maven.org/maven2/org/scalaz/stream/scalaz-stream_2.11/0.8.6a/scalaz-stream_2.11-0.8.6a.jar
7f6b88940000-7f6b88946000 r--s 00050000 08:01 807318                     /home/user/.coursier/cache/v1/https/repo1.maven.org/maven2/org/jsoup/jsoup/1.10.2/jsoup-1.10.2.jar
7f6b88946000-7f6b88a18000 r--s 00a6f000 08:01 807285                     /home/user/.coursier/cache/v1/https/repo1.maven.org/maven2/org/scalaz/scalaz-core_2.11/7.2.8/scalaz-core_2.11-7.2.8.jar
7f6b88a18000-7f6b88b25000 r--s 00dd4000 08:01 807246                     /home/user/.coursier/cache/v1/https/repo1.maven.org/maven2/org/scala-lang/scala-compiler/2.11.11/scala-compiler-2.11.11.jar
7f6b88b25000-7f6b88d25000 rw-p 00000000 00:00 0 
7f6b88d25000-7f6b88d28000 r--s 00016000 08:01 807311                     /home/user/.coursier/cache/v1/https/repo1.maven.org/maven2/org/jupyter-scala/scala-kernel_2.11.11/0.4.2/scala-kernel_2.11.11-0.4.2.jar
7f6b88d28000-7f6b88d29000 r--s 00001000 08:01 807355                     /home/user/.coursier/cache/v1/https/repo1.maven.org/maven2/org/jupyter-scala/scala-api_2.11.11/0.4.2/scala-api_2.11.11-0.4.2.jar
7f6b88d29000-7f6b88d34000 r--s 0005d000 08:01 807365                     /home/user/.coursier/cache/v1/https/repo1.maven.org/maven2/org/scala-lang/modules/scala-parser-combinators_2.11/1.0.4/scala-parser-combinators_2.11-1.0.4.jar
7f6b88d34000-7f6b88d3c000 r--s 0004b000 08:01 807374                     /home/user/.coursier/cache/v1/https/repo1.maven.org/maven2/io/get-coursier/coursier-cache_2.11/1.0.0-RC2/coursier-cache_2.11-1.0.0-RC2.jar
7f6b88d3c000-7f6b88d41000 r--s 00048000 08:01 807334                     /home/user/.coursier/cache/v1/https/repo1.maven.org/maven2/com/lihaoyi/pprint_2.11/0.4.4/pprint_2.11-0.4.4.jar
7f6b88d41000-7f6b88d43000 r--s 00012000 08:01 807339                     /home/user/.coursier/cache/v1/https/repo1.maven.org/maven2/com/lihaoyi/fansi_2.11/0.2.3/fansi_2.11-0.2.3.jar
7f6b88d43000-7f6b88d9c000 r--s 00523000 08:01 807237                     /home/user/.coursier/cache/v1/https/repo1.maven.org/maven2/org/scala-lang/scala-library/2.11.11/scala-library-2.11.11.jar
7f6b88d9c000-7f6b88d9e000 r--s 0000f000 08:01 807314                     /home/user/.coursier/cache/v1/https/repo1.maven.org/maven2/com/lihaoyi/derive_2.11/0.4.4/derive_2.11-0.4.4.jar
7f6b88d9e000-7f6b88da9000 r--s 00074000 08:01 807252                     /home/user/.coursier/cache/v1/https/repo1.maven.org/maven2/org/jupyter-scala/ammonite-runtime_2.11.11/0.8.3-1/ammonite-runtime_2.11.11-0.8.3-1.jar
7f6b88da9000-7f6b88db1000 r--s 0004c000 08:01 807222                     /home/user/.coursier/cache/v1/https/repo1.maven.org/maven2/org/scalaz/scalaz-concurrent_2.11/7.2.8/scalaz-concurrent_2.11-7.2.8.jar
7f6b88db1000-7f6b88dfd000 r--s 00418000 08:01 807351                     /home/user/.coursier/cache/v1/https/repo1.maven.org/maven2/org/scala-lang/scala-reflect/2.11.11/scala-reflect-2.11.11.jar
7f6b88dfd000-7f6b88e23000 r--s 00196000 08:01 807280                     /home/user/.coursier/cache/v1/https/repo1.maven.org/maven2/io/get-coursier/coursier_2.11/1.0.0-RC2/coursier_2.11-1.0.0-RC2.jar
7f6b88e23000-7f6b88e26000 ---p 00000000 00:00 0 
7f6b88e26000-7f6b88f24000 rw-p 00000000 00:00 0 
7f6b88f24000-7f6b88f27000 ---p 00000000 00:00 0 
7f6b88f27000-7f6b89225000 rw-p 00000000 00:00 0 
7f6b89225000-7f6b89228000 ---p 00000000 00:00 0 
7f6b89228000-7f6b89326000 rw-p 00000000 00:00 0 
7f6b89326000-7f6b89329000 ---p 00000000 00:00 0 
7f6b89329000-7f6b89427000 rw-p 00000000 00:00 0 
7f6b89427000-7f6b8942a000 ---p 00000000 00:00 0 
7f6b8942a000-7f6b89528000 rw-p 00000000 00:00 0 
7f6b89528000-7f6b8952b000 ---p 00000000 00:00 0 
7f6b8952b000-7f6b89629000 rw-p 00000000 00:00 0 
7f6b89629000-7f6b8962c000 ---p 00000000 00:00 0 
7f6b8962c000-7f6b8972a000 rw-p 00000000 00:00 0 
7f6b8972a000-7f6b8972d000 ---p 00000000 00:00 0 
7f6b8972d000-7f6b8982b000 rw-p 00000000 00:00 0 
7f6b8982b000-7f6b8982e000 ---p 00000000 00:00 0 
7f6b8982e000-7f6b8992c000 rw-p 00000000 00:00 0 
7f6b8992c000-7f6b8992f000 ---p 00000000 00:00 0 
7f6b8992f000-7f6b89b65000 rw-p 00000000 00:00 0 
7f6b89b65000-7f6b89b66000 ---p 00000000 00:00 0 
7f6b89b66000-7f6b89c66000 rw-p 00000000 00:00 0 
7f6b89c66000-7f6b89c69000 ---p 00000000 00:00 0 
7f6b89c69000-7f6b89d67000 rw-p 00000000 00:00 0 
7f6b89d67000-7f6b89d6a000 ---p 00000000 00:00 0 
7f6b89d6a000-7f6b89e68000 rw-p 00000000 00:00 0 
7f6b89e68000-7f6b8a890000 r--p 00000000 08:01 2105158                    /usr/lib/locale/locale-archive
7f6b8a890000-7f6b8c000000 rw-p 00000000 00:00 0 
7f6b8c000000-7f6b8c02a000 rw-p 00000000 00:00 0 
7f6b8c02a000-7f6b90000000 ---p 00000000 00:00 0 
7f6b90000000-7f6b90005000 r--s 00047000 08:01 807328                     /home/user/.coursier/cache/v1/https/repo1.maven.org/maven2/org/jupyter-scala/ammonite-ops_2.11/0.8.3-1/ammonite-ops_2.11-0.8.3-1.jar
7f6b90005000-7f6b90009000 r--s 00023000 08:01 807360                     /home/user/.coursier/cache/v1/https/repo1.maven.org/maven2/org/scalaj/scalaj-http_2.11/2.3.0/scalaj-http_2.11-2.3.0.jar
7f6b90009000-7f6b90013000 r--s 00061000 08:01 807370                     /home/user/.coursier/cache/v1/https/repo1.maven.org/maven2/org/scalaz/scalaz-effect_2.11/7.2.8/scalaz-effect_2.11-7.2.8.jar
7f6b90013000-7f6b90019000 r--s 0005c000 08:01 807218                     /home/user/.coursier/cache/v1/https/repo1.maven.org/maven2/com/lihaoyi/upickle_2.11/0.4.4/upickle_2.11-0.4.4.jar
7f6b90019000-7f6b90023000 r--s 0009a000 08:01 807217                     /home/user/.coursier/cache/v1/https/repo1.maven.org/maven2/org/scala-lang/modules/scala-xml_2.11/1.0.6/scala-xml_2.11-1.0.6.jar
7f6b90023000-7f6b90026000 ---p 00000000 00:00 0 
7f6b90026000-7f6b90124000 rw-p 00000000 00:00 0 
7f6b90124000-7f6b90127000 ---p 00000000 00:00 0 
7f6b90127000-7f6b90225000 rw-p 00000000 00:00 0 
7f6b90225000-7f6b90228000 ---p 00000000 00:00 0 
7f6b90228000-7f6b90326000 rw-p 00000000 00:00 0 
7f6b90326000-7f6b90329000 ---p 00000000 00:00 0 
7f6b90329000-7f6b90427000 rw-p 00000000 00:00 0 
7f6b90427000-7f6b90428000 ---p 00000000 00:00 0 
7f6b90428000-7f6b90e31000 rw-p 00000000 00:00 0 
7f6b90e31000-7f6b91000000 r--s 03c33000 08:01 803184                     /usr/lib/jvm/java-8-openjdk-amd64/jre/lib/rt.jar
7f6b91000000-7f6b91630000 rwxp 00000000 00:00 0 
7f6b91630000-7f6ba0000000 ---p 00000000 00:00 0 
7f6ba0000000-7f6ba0a97000 rw-p 00000000 00:00 0 
7f6ba0a97000-7f6ba4000000 ---p 00000000 00:00 0 
7f6ba4000000-7f6ba4001000 r--s 00007000 08:01 807320                     /home/user/.coursier/cache/v1/https/repo1.maven.org/maven2/org/jupyter-scala/kernel-api_2.11/0.4.1/kernel-api_2.11-0.4.1.jar
7f6ba4001000-7f6ba4004000 r--s 0001a000 08:01 807269                     /home/user/.coursier/cache/v1/https/repo1.maven.org/maven2/com/lihaoyi/sourcecode_2.11/0.1.3/sourcecode_2.11-0.1.3.jar
7f6ba4004000-7f6ba4006000 r--s 00013000 08:01 807296                     /home/user/.coursier/cache/v1/https/repo1.maven.org/maven2/org/spire-math/jawn-parser_2.11/0.10.3/jawn-parser_2.11-0.10.3.jar
7f6ba4006000-7f6ba4008000 r--s 00016000 08:01 807235                     /home/user/.coursier/cache/v1/https/repo1.maven.org/maven2/org/jupyter-scala/ammonite-util_2.11.11/0.8.3-1/ammonite-util_2.11.11-0.8.3-1.jar
7f6ba4008000-7f6ba400a000 r--s 0000d000 08:01 807262                     /home/user/.coursier/cache/v1/https/repo1.maven.org/maven2/com/lihaoyi/geny_2.11/0.1.1/geny_2.11-0.1.1.jar
7f6ba400a000-7f6ba400f000 r--s 0009d000 08:01 803185                     /usr/lib/jvm/java-8-openjdk-amd64/jre/lib/jsse.jar
7f6ba400f000-7f6ba405b000 r--s 0024b000 08:01 806309                     /home/user/.coursier/bootstrap/1.0.0-RC1/coursier-cli_2.11-1.0.0-RC1-standalone.jar
7f6ba405b000-7f6ba405c000 r--s 00002000 08:01 807381                     /home/user/.local/share/jupyter/kernels/scala/launcher.jar
7f6ba405c000-7f6ba4077000 r--s 00394000 08:01 803174                     /usr/lib/jvm/java-8-openjdk-amd64/jre/lib/ext/cldrdata.jar
7f6ba4077000-7f6ba4092000 r--s 001d6000 08:01 803177                     /usr/lib/jvm/java-8-openjdk-amd64/jre/lib/ext/nashorn.jar
7f6ba4092000-7f6ba4093000 r--s 0000a000 08:01 803181                     /usr/lib/jvm/java-8-openjdk-amd64/jre/lib/ext/jaccess.jar
7f6ba4093000-7f6ba4095000 r--s 00008000 08:01 803178                     /usr/lib/jvm/java-8-openjdk-amd64/jre/lib/ext/sunec.jar
7f6ba4095000-7f6ba409f000 r--s 00116000 08:01 803175                     /usr/lib/jvm/java-8-openjdk-amd64/jre/lib/ext/localedata.jar
7f6ba409f000-7f6ba4a64000 rw-p 00000000 00:00 0 
7f6ba4a64000-7f6ba4a65000 ---p 00000000 00:00 0 
7f6ba4a65000-7f6ba4b65000 rw-p 00000000 00:00 0 
7f6ba4b65000-7f6ba4b66000 ---p 00000000 00:00 0 
7f6ba4b66000-7f6ba4c76000 rw-p 00000000 00:00 0 
7f6ba4c76000-7f6ba4d60000 ---p 00000000 00:00 0 
7f6ba4d60000-7f6ba4d70000 rw-p 00000000 00:00 0 
7f6ba4d70000-7f6ba4e5a000 ---p 00000000 00:00 0 
7f6ba4e5a000-7f6ba4e76000 rw-p 00000000 00:00 0 
7f6ba4e76000-7f6ba4ed7000 ---p 00000000 00:00 0 
7f6ba4ed7000-7f6ba4ef1000 rw-p 00000000 00:00 0 
7f6ba4ef1000-7f6ba5298000 ---p 00000000 00:00 0 
7f6ba5298000-7f6ba52a0000 r-xp 00000000 08:01 803135                     /usr/lib/jvm/java-8-openjdk-amd64/jre/lib/amd64/libzip.so
7f6ba52a0000-7f6ba549f000 ---p 00008000 08:01 803135                     /usr/lib/jvm/java-8-openjdk-amd64/jre/lib/amd64/libzip.so
7f6ba549f000-7f6ba54a0000 r--p 00007000 08:01 803135                     /usr/lib/jvm/java-8-openjdk-amd64/jre/lib/amd64/libzip.so
7f6ba54a0000-7f6ba54a1000 rw-p 00008000 08:01 803135                     /usr/lib/jvm/java-8-openjdk-amd64/jre/lib/amd64/libzip.so
7f6ba54a1000-7f6ba54ac000 r-xp 00000000 08:01 2889153                    /lib/x86_64-linux-gnu/libnss_files-2.23.so
7f6ba54ac000-7f6ba56ab000 ---p 0000b000 08:01 2889153                    /lib/x86_64-linux-gnu/libnss_files-2.23.so
7f6ba56ab000-7f6ba56ac000 r--p 0000a000 08:01 2889153                    /lib/x86_64-linux-gnu/libnss_files-2.23.so
7f6ba56ac000-7f6ba56ad000 rw-p 0000b000 08:01 2889153                    /lib/x86_64-linux-gnu/libnss_files-2.23.so
7f6ba56ad000-7f6ba56b3000 rw-p 00000000 00:00 0 
7f6ba56b3000-7f6ba56be000 r-xp 00000000 08:01 2889163                    /lib/x86_64-linux-gnu/libnss_nis-2.23.so
7f6ba56be000-7f6ba58bd000 ---p 0000b000 08:01 2889163                    /lib/x86_64-linux-gnu/libnss_nis-2.23.so
7f6ba58bd000-7f6ba58be000 r--p 0000a000 08:01 2889163                    /lib/x86_64-linux-gnu/libnss_nis-2.23.so
7f6ba58be000-7f6ba58bf000 rw-p 0000b000 08:01 2889163                    /lib/x86_64-linux-gnu/libnss_nis-2.23.so
7f6ba58bf000-7f6ba58d5000 r-xp 00000000 08:01 2889147                    /lib/x86_64-linux-gnu/libnsl-2.23.so
7f6ba58d5000-7f6ba5ad4000 ---p 00016000 08:01 2889147                    /lib/x86_64-linux-gnu/libnsl-2.23.so
7f6ba5ad4000-7f6ba5ad5000 r--p 00015000 08:01 2889147                    /lib/x86_64-linux-gnu/libnsl-2.23.so
7f6ba5ad5000-7f6ba5ad6000 rw-p 00016000 08:01 2889147                    /lib/x86_64-linux-gnu/libnsl-2.23.so
7f6ba5ad6000-7f6ba5ad8000 rw-p 00000000 00:00 0 
7f6ba5ad8000-7f6ba5ae0000 r-xp 00000000 08:01 2889149                    /lib/x86_64-linux-gnu/libnss_compat-2.23.so
7f6ba5ae0000-7f6ba5cdf000 ---p 00008000 08:01 2889149                    /lib/x86_64-linux-gnu/libnss_compat-2.23.so
7f6ba5cdf000-7f6ba5ce0000 r--p 00007000 08:01 2889149                    /lib/x86_64-linux-gnu/libnss_compat-2.23.so
7f6ba5ce0000-7f6ba5ce1000 rw-p 00008000 08:01 2889149                    /lib/x86_64-linux-gnu/libnss_compat-2.23.so
7f6ba5ce1000-7f6ba5d0e000 r-xp 00000000 08:01 803155                     /usr/lib/jvm/java-8-openjdk-amd64/jre/lib/amd64/libjava.so
7f6ba5d0e000-7f6ba5f0d000 ---p 0002d000 08:01 803155                     /usr/lib/jvm/java-8-openjdk-amd64/jre/lib/amd64/libjava.so
7f6ba5f0d000-7f6ba5f0e000 r--p 0002c000 08:01 803155                     /usr/lib/jvm/java-8-openjdk-amd64/jre/lib/amd64/libjava.so
7f6ba5f0e000-7f6ba5f10000 rw-p 0002d000 08:01 803155                     /usr/lib/jvm/java-8-openjdk-amd64/jre/lib/amd64/libjava.so
7f6ba5f10000-7f6ba5f1f000 r-xp 00000000 08:01 803127                     /usr/lib/jvm/java-8-openjdk-amd64/jre/lib/amd64/libverify.so
7f6ba5f1f000-7f6ba611e000 ---p 0000f000 08:01 803127                     /usr/lib/jvm/java-8-openjdk-amd64/jre/lib/amd64/libverify.so
7f6ba611e000-7f6ba6120000 r--p 0000e000 08:01 803127                     /usr/lib/jvm/java-8-openjdk-amd64/jre/lib/amd64/libverify.so
7f6ba6120000-7f6ba6121000 rw-p 00010000 08:01 803127                     /usr/lib/jvm/java-8-openjdk-amd64/jre/lib/amd64/libverify.so
7f6ba6121000-7f6ba6128000 r-xp 00000000 08:01 2889208                    /lib/x86_64-linux-gnu/librt-2.23.so
7f6ba6128000-7f6ba6327000 ---p 00007000 08:01 2889208                    /lib/x86_64-linux-gnu/librt-2.23.so
7f6ba6327000-7f6ba6328000 r--p 00006000 08:01 2889208                    /lib/x86_64-linux-gnu/librt-2.23.so
7f6ba6328000-7f6ba6329000 rw-p 00007000 08:01 2889208                    /lib/x86_64-linux-gnu/librt-2.23.so
7f6ba6329000-7f6ba633f000 r-xp 00000000 08:01 2889092                    /lib/x86_64-linux-gnu/libgcc_s.so.1
7f6ba633f000-7f6ba653e000 ---p 00016000 08:01 2889092                    /lib/x86_64-linux-gnu/libgcc_s.so.1
7f6ba653e000-7f6ba653f000 rw-p 00015000 08:01 2889092                    /lib/x86_64-linux-gnu/libgcc_s.so.1
7f6ba653f000-7f6ba6647000 r-xp 00000000 08:01 2889124                    /lib/x86_64-linux-gnu/libm-2.23.so
7f6ba6647000-7f6ba6846000 ---p 00108000 08:01 2889124                    /lib/x86_64-linux-gnu/libm-2.23.so
7f6ba6846000-7f6ba6847000 r--p 00107000 08:01 2889124                    /lib/x86_64-linux-gnu/libm-2.23.so
7f6ba6847000-7f6ba6848000 rw-p 00108000 08:01 2889124                    /lib/x86_64-linux-gnu/libm-2.23.so
7f6ba6848000-7f6ba69ba000 r-xp 00000000 08:01 2107766                    /usr/lib/x86_64-linux-gnu/libstdc++.so.6.0.21
7f6ba69ba000-7f6ba6bba000 ---p 00172000 08:01 2107766                    /usr/lib/x86_64-linux-gnu/libstdc++.so.6.0.21
7f6ba6bba000-7f6ba6bc4000 r--p 00172000 08:01 2107766                    /usr/lib/x86_64-linux-gnu/libstdc++.so.6.0.21
7f6ba6bc4000-7f6ba6bc6000 rw-p 0017c000 08:01 2107766                    /usr/lib/x86_64-linux-gnu/libstdc++.so.6.0.21
7f6ba6bc6000-7f6ba6bca000 rw-p 00000000 00:00 0 
7f6ba6bca000-7f6ba7827000 r-xp 00000000 08:01 803133                     /usr/lib/jvm/java-8-openjdk-amd64/jre/lib/amd64/server/libjvm.so
7f6ba7827000-7f6ba7a27000 ---p 00c5d000 08:01 803133                     /usr/lib/jvm/java-8-openjdk-amd64/jre/lib/amd64/server/libjvm.so
7f6ba7a27000-7f6ba7abb000 r--p 00c5d000 08:01 803133                     /usr/lib/jvm/java-8-openjdk-amd64/jre/lib/amd64/server/libjvm.so
7f6ba7abb000-7f6ba7ae4000 rw-p 00cf1000 08:01 803133                     /usr/lib/jvm/java-8-openjdk-amd64/jre/lib/amd64/server/libjvm.so
7f6ba7ae4000-7f6ba7b14000 rw-p 00000000 00:00 0 
7f6ba7b14000-7f6ba7b2c000 r-xp 00000000 08:01 2889200                    /lib/x86_64-linux-gnu/libpthread-2.23.so
7f6ba7b2c000-7f6ba7d2b000 ---p 00018000 08:01 2889200                    /lib/x86_64-linux-gnu/libpthread-2.23.so
7f6ba7d2b000-7f6ba7d2c000 r--p 00017000 08:01 2889200                    /lib/x86_64-linux-gnu/libpthread-2.23.so
7f6ba7d2c000-7f6ba7d2d000 rw-p 00018000 08:01 2889200                    /lib/x86_64-linux-gnu/libpthread-2.23.so
7f6ba7d2d000-7f6ba7d31000 rw-p 00000000 00:00 0 
7f6ba7d31000-7f6ba7d34000 r-xp 00000000 08:01 2889078                    /lib/x86_64-linux-gnu/libdl-2.23.so
7f6ba7d34000-7f6ba7f33000 ---p 00003000 08:01 2889078                    /lib/x86_64-linux-gnu/libdl-2.23.so
7f6ba7f33000-7f6ba7f34000 r--p 00002000 08:01 2889078                    /lib/x86_64-linux-gnu/libdl-2.23.so
7f6ba7f34000-7f6ba7f35000 rw-p 00003000 08:01 2889078                    /lib/x86_64-linux-gnu/libdl-2.23.so
7f6ba7f35000-7f6ba7f4e000 r-xp 00000000 08:01 2889245                    /lib/x86_64-linux-gnu/libz.so.1.2.8
7f6ba7f4e000-7f6ba814d000 ---p 00019000 08:01 2889245                    /lib/x86_64-linux-gnu/libz.so.1.2.8
7f6ba814d000-7f6ba814e000 r--p 00018000 08:01 2889245                    /lib/x86_64-linux-gnu/libz.so.1.2.8
7f6ba814e000-7f6ba814f000 rw-p 00019000 08:01 2889245                    /lib/x86_64-linux-gnu/libz.so.1.2.8
7f6ba814f000-7f6ba830f000 r-xp 00000000 08:01 2889054                    /lib/x86_64-linux-gnu/libc-2.23.so
7f6ba830f000-7f6ba850f000 ---p 001c0000 08:01 2889054                    /lib/x86_64-linux-gnu/libc-2.23.so
7f6ba850f000-7f6ba8513000 r--p 001c0000 08:01 2889054                    /lib/x86_64-linux-gnu/libc-2.23.so
7f6ba8513000-7f6ba8515000 rw-p 001c4000 08:01 2889054                    /lib/x86_64-linux-gnu/libc-2.23.so
7f6ba8515000-7f6ba8519000 rw-p 00000000 00:00 0 
7f6ba8519000-7f6ba8526000 r-xp 00000000 08:01 803131                     /usr/lib/jvm/java-8-openjdk-amd64/jre/lib/amd64/jli/libjli.so
7f6ba8526000-7f6ba8726000 ---p 0000d000 08:01 803131                     /usr/lib/jvm/java-8-openjdk-amd64/jre/lib/amd64/jli/libjli.so
7f6ba8726000-7f6ba8727000 r--p 0000d000 08:01 803131                     /usr/lib/jvm/java-8-openjdk-amd64/jre/lib/amd64/jli/libjli.so
7f6ba8727000-7f6ba8728000 rw-p 0000e000 08:01 803131                     /usr/lib/jvm/java-8-openjdk-amd64/jre/lib/amd64/jli/libjli.so
7f6ba8728000-7f6ba874e000 r-xp 00000000 08:01 2889026                    /lib/x86_64-linux-gnu/ld-2.23.so
7f6ba874e000-7f6ba8751000 r--s 00038000 08:01 803179                     /usr/lib/jvm/java-8-openjdk-amd64/jre/lib/ext/sunpkcs11.jar
7f6ba8751000-7f6ba8753000 r--s 00001000 08:01 803180                     /usr/lib/jvm/java-8-openjdk-amd64/jre/lib/ext/dnsns.jar
7f6ba8753000-7f6ba8756000 r--s 0000f000 08:01 803176                     /usr/lib/jvm/java-8-openjdk-amd64/jre/lib/ext/icedtea-sound.jar
7f6ba8756000-7f6ba8827000 rw-p 00000000 00:00 0 
7f6ba8827000-7f6ba882a000 ---p 00000000 00:00 0 
7f6ba882a000-7f6ba892c000 rw-p 00000000 00:00 0 
7f6ba892c000-7f6ba892d000 r--s 00010000 08:01 803182                     /usr/lib/jvm/java-8-openjdk-amd64/jre/lib/ext/zipfs.jar
7f6ba892d000-7f6ba8933000 r--s 0003b000 08:01 803183                     /usr/lib/jvm/java-8-openjdk-amd64/jre/lib/ext/sunjce_provider.jar
7f6ba8933000-7f6ba8942000 rw-p 00000000 00:00 0 
7f6ba8942000-7f6ba894a000 rw-s 00000000 08:01 1836275                    /tmp/hsperfdata_user/125639
7f6ba894a000-7f6ba894b000 rw-p 00000000 00:00 0 
7f6ba894b000-7f6ba894c000 ---p 00000000 00:00 0 
7f6ba894c000-7f6ba894d000 rw-p 00000000 00:00 0 
7f6ba894d000-7f6ba894e000 r--p 00025000 08:01 2889026                    /lib/x86_64-linux-gnu/ld-2.23.so
7f6ba894e000-7f6ba894f000 rw-p 00026000 08:01 2889026                    /lib/x86_64-linux-gnu/ld-2.23.so
7f6ba894f000-7f6ba8950000 rw-p 00000000 00:00 0 
7ffd04fcd000-7ffd04fee000 rw-p 00000000 00:00 0                          [stack]
7ffd04ff4000-7ffd04ff7000 r--p 00000000 00:00 0                          [vvar]
7ffd04ff7000-7ffd04ff9000 r-xp 00000000 00:00 0                          [vdso]
ffffffffff600000-ffffffffff601000 r-xp 00000000 00:00 0                  [vsyscall]

VM Arguments:
jvm_args: -Xverify:none 
java_command: /home/user/.local/share/jupyter/kernels/scala/launcher.jar launch -r sonatype:releases -r sonatype:snapshots -i ammonite -I ammonite:org.jupyter-scala:ammonite-runtime_2.11.11:0.8.3-1 -I ammonite:org.jupyter-scala:scala-api_2.11.11:0.4.2 org.jupyter-scala:scala-cli_2.11.11:0.4.2 -- --id scala --name Scala --quiet --connection-file /run/user/1000/jupyter/kernel-dd0dea1f-73ff-49d5-a741-bdbc4b5579cd.json
java_class_path (initial): /home/user/.local/share/jupyter/kernels/scala/launcher.jar
Launcher Type: SUN_STANDARD

Environment Variables:
PATH=/home/user/anaconda3/bin:/home/user/anaconda3/bin:/home/user/bin:/home/user/.local/bin:/usr/local/sbin:/usr/local/bin:/usr/sbin:/usr/bin:/sbin:/bin:/usr/games:/usr/local/games:/snap/bin
SHELL=/bin/bash
DISPLAY=:0.0

Signal Handlers:
SIGSEGV: [libjvm.so+0xa71a70], sa_mask[0]=11111111011111111101111111111110, sa_flags=SA_RESTART|SA_SIGINFO
SIGBUS: [libjvm.so+0xa71a70], sa_mask[0]=11111111011111111101111111111110, sa_flags=SA_RESTART|SA_SIGINFO
SIGFPE: [libjvm.so+0x8b8f80], sa_mask[0]=11111111011111111101111111111110, sa_flags=SA_RESTART|SA_SIGINFO
SIGPIPE: [libjvm.so+0x8b8f80], sa_mask[0]=11111111011111111101111111111110, sa_flags=SA_RESTART|SA_SIGINFO
SIGXFSZ: [libjvm.so+0x8b8f80], sa_mask[0]=11111111011111111101111111111110, sa_flags=SA_RESTART|SA_SIGINFO
SIGILL: [libjvm.so+0x8b8f80], sa_mask[0]=11111111011111111101111111111110, sa_flags=SA_RESTART|SA_SIGINFO
SIGUSR1: SIG_DFL, sa_mask[0]=00000000000000000000000000000000, sa_flags=none
SIGUSR2: [libjvm.so+0x8b8e30], sa_mask[0]=00000000000000000000000000000000, sa_flags=SA_RESTART|SA_SIGINFO
SIGHUP: [libjvm.so+0x8b9300], sa_mask[0]=11111111011111111101111111111110, sa_flags=SA_RESTART|SA_SIGINFO
SIGINT: [libjvm.so+0x8b9300], sa_mask[0]=11111111011111111101111111111110, sa_flags=SA_RESTART|SA_SIGINFO
SIGTERM: [libjvm.so+0x8b9300], sa_mask[0]=11111111011111111101111111111110, sa_flags=SA_RESTART|SA_SIGINFO
SIGQUIT: [libjvm.so+0x8b9300], sa_mask[0]=11111111011111111101111111111110, sa_flags=SA_RESTART|SA_SIGINFO


---------------  S Y S T E M  ---------------

OS:DISTRIB_ID=Ubuntu
DISTRIB_RELEASE=16.04
DISTRIB_CODENAME=xenial
DISTRIB_DESCRIPTION="Ubuntu 16.04.5 LTS"

uname:Linux 4.15.0-33-generic #36~16.04.1-Ubuntu SMP Wed Aug 15 17:21:05 UTC 2018 x86_64
libc:glibc 2.23 NPTL 2.23 
rlimit: STACK 8192k, CORE 0k, NPROC 7646, NOFILE 1048576, AS infinity
load average:3.18 1.68 0.76

/proc/meminfo:
MemTotal:        3065896 kB
MemFree:           26552 kB
MemAvailable:      31436 kB
Buffers:             368 kB
Cached:            41428 kB
SwapCached:         2712 kB
Active:          2244468 kB
Inactive:         569696 kB
Active(anon):    2236904 kB
Inactive(anon):   560208 kB
Active(file):       7564 kB
Inactive(file):     9488 kB
Unevictable:          64 kB
Mlocked:              64 kB
SwapTotal:        998396 kB
SwapFree:              0 kB
Dirty:               352 kB
Writeback:             0 kB
AnonPages:       2769868 kB
Mapped:            33740 kB
Shmem:             24564 kB
Slab:              89372 kB
SReclaimable:      35512 kB
SUnreclaim:        53860 kB
KernelStack:       14304 kB
PageTables:        37248 kB
NFS_Unstable:          0 kB
Bounce:                0 kB
WritebackTmp:          0 kB
CommitLimit:     2531344 kB
Committed_AS:    7474892 kB
VmallocTotal:   34359738367 kB
VmallocUsed:           0 kB
VmallocChunk:          0 kB
HardwareCorrupted:     0 kB
AnonHugePages:         0 kB
ShmemHugePages:        0 kB
ShmemPmdMapped:        0 kB
CmaTotal:              0 kB
CmaFree:               0 kB
HugePages_Total:       0
HugePages_Free:        0
HugePages_Rsvd:        0
HugePages_Surp:        0
Hugepagesize:       2048 kB
DirectMap4k:      278400 kB
DirectMap2M:     2867200 kB
DirectMap1G:           0 kB


CPU:total 2 (initial active 2) (1 cores per cpu, 1 threads per core) family 6 model 78 stepping 3, cmov, cx8, fxsr, mmx, sse, sse2, sse3, ssse3, sse4.1, sse4.2, popcnt, avx, avx2, aes, clmul, erms, 3dnowpref, lzcnt, tsc, tscinvbit, bmi1, bmi2, adx

/proc/cpuinfo:
processor	: 0
vendor_id	: GenuineIntel
cpu family	: 6
model		: 78
model name	: Intel(R) Core(TM) i7-6500U CPU @ 2.50GHz
stepping	: 3
microcode	: 0xba
cpu MHz		: 2592.004
cache size	: 4096 KB
physical id	: 0
siblings	: 1
core id		: 0
cpu cores	: 1
apicid		: 0
initial apicid	: 0
fpu		: yes
fpu_exception	: yes
cpuid level	: 22
wp		: yes
flags		: fpu vme de pse tsc msr pae mce cx8 apic sep mtrr pge mca cmov pat pse36 clflush dts mmx fxsr sse sse2 ss syscall nx pdpe1gb rdtscp lm constant_tsc arch_perfmon pebs bts nopl xtopology tsc_reliable nonstop_tsc cpuid aperfmperf pni pclmulqdq ssse3 fma cx16 pcid sse4_1 sse4_2 x2apic movbe popcnt tsc_deadline_timer aes xsave avx f16c rdrand hypervisor lahf_lm abm 3dnowprefetch cpuid_fault epb invpcid_single pti fsgsbase tsc_adjust bmi1 avx2 smep bmi2 invpcid rdseed adx smap xsaveopt dtherm ida arat pln pts hwp hwp_notify hwp_act_window hwp_epp
bugs		: cpu_meltdown spectre_v1 spectre_v2 spec_store_bypass l1tf
bogomips	: 5184.00
clflush size	: 64
cache_alignment	: 64
address sizes	: 42 bits physical, 48 bits virtual
power management:

processor	: 1
vendor_id	: GenuineIntel
cpu family	: 6
model		: 78
model name	: Intel(R) Core(TM) i7-6500U CPU @ 2.50GHz
stepping	: 3
microcode	: 0xba
cpu MHz		: 2592.004
cache size	: 4096 KB
physical id	: 2
siblings	: 1
core id		: 0
cpu cores	: 1
apicid		: 2
initial apicid	: 2
fpu		: yes
fpu_exception	: yes
cpuid level	: 22
wp		: yes
flags		: fpu vme de pse tsc msr pae mce cx8 apic sep mtrr pge mca cmov pat pse36 clflush dts mmx fxsr sse sse2 ss syscall nx pdpe1gb rdtscp lm constant_tsc arch_perfmon pebs bts nopl xtopology tsc_reliable nonstop_tsc cpuid aperfmperf pni pclmulqdq ssse3 fma cx16 pcid sse4_1 sse4_2 x2apic movbe popcnt tsc_deadline_timer aes xsave avx f16c rdrand hypervisor lahf_lm abm 3dnowprefetch cpuid_fault epb invpcid_single pti fsgsbase tsc_adjust bmi1 avx2 smep bmi2 invpcid rdseed adx smap xsaveopt dtherm ida arat pln pts hwp hwp_notify hwp_act_window hwp_epp
bugs		: cpu_meltdown spectre_v1 spectre_v2 spec_store_bypass l1tf
bogomips	: 5184.00
clflush size	: 64
cache_alignment	: 64
address sizes	: 42 bits physical, 48 bits virtual
power management:



Memory: 4k page, physical 3065896k(25624k free), swap 998396k(0k free)

vm_info: OpenJDK 64-Bit Server VM (25.181-b13) for linux-amd64 JRE (1.8.0_181-8u181-b13-1ubuntu0.16.04.1-b13), built on Oct 23 2018 04:39:49 by "buildd" with gcc 5.4.0 20160609

time: Sun Dec  2 20:45:57 2018
elapsed time: 4 seconds (0d 0h 0m 4s)

