#
# There is insufficient memory for the Java Runtime Environment to continue.
# Native memory allocation (mmap) failed to map 54525952 bytes for committing reserved memory.
# Possible reasons:
#   The system is out of physical RAM or swap space
#   In 32 bit mode, the process size limit was hit
# Possible solutions:
#   Reduce memory load on the system
#   Increase physical memory or swap space
#   Check if swap backing store is full
#   Use 64 bit Java on a 64 bit OS
#   Decrease Java heap size (-Xmx/-Xms)
#   Decrease number of Java threads
#   Decrease Java thread stack sizes (-Xss)
#   Set larger code cache with -XX:ReservedCodeCacheSize=
# This output file may be truncated or incomplete.
#
#  Out of Memory Error (os_linux.cpp:2643), pid=125378, tid=0x00007fa4dc13f700
#
# JRE version: OpenJDK Runtime Environment (8.0_181-b13) (build 1.8.0_181-8u181-b13-1ubuntu0.16.04.1-b13)
# Java VM: OpenJDK 64-Bit Server VM (25.181-b13 mixed mode linux-amd64 compressed oops)
# Failed to write core dump. Core dumps have been disabled. To enable core dumping, try "ulimit -c unlimited" before starting Java again
#

---------------  T H R E A D  ---------------

Current thread (0x00007fa4d80fb800):  VMThread [stack: 0x00007fa4dc03f000,0x00007fa4dc140000] [id=125382]

Stack: [0x00007fa4dc03f000,0x00007fa4dc140000],  sp=0x00007fa4dc13e4a0,  free space=1021k
Native frames: (J=compiled Java code, j=interpreted, Vv=VM code, C=native code)
V  [libjvm.so+0xa70f1b]
V  [libjvm.so+0x4c893c]
V  [libjvm.so+0x8bda48]
V  [libjvm.so+0x8b7dde]
V  [libjvm.so+0x933246]
V  [libjvm.so+0x934573]
V  [libjvm.so+0x930c3b]
V  [libjvm.so+0x929a69]
V  [libjvm.so+0x44c943]
V  [libjvm.so+0xa724a9]
V  [libjvm.so+0xa77d67]
V  [libjvm.so+0xa75467]
V  [libjvm.so+0xa768ef]
V  [libjvm.so+0xa76de1]
V  [libjvm.so+0x8bae52]

VM_Operation (0x00007fa4e149a8c0): CollectForMetadataAllocation, mode: safepoint, requested by thread 0x00007fa4d800a800


---------------  P R O C E S S  ---------------

Java Threads: ( => current thread )
  0x00007fa4d841b800 JavaThread "pool-2-thread-6" daemon [_thread_blocked, id=125402, stack(0x00007fa4c1d87000,0x00007fa4c1e88000)]
  0x00007fa4d841a000 JavaThread "pool-2-thread-5" daemon [_thread_blocked, id=125401, stack(0x00007fa4c1e88000,0x00007fa4c1f89000)]
  0x00007fa4d8418000 JavaThread "pool-2-thread-4" daemon [_thread_blocked, id=125400, stack(0x00007fa4c1f89000,0x00007fa4c208a000)]
  0x00007fa4d8416800 JavaThread "pool-2-thread-3" daemon [_thread_blocked, id=125399, stack(0x00007fa4c208a000,0x00007fa4c218b000)]
  0x00007fa4d8415800 JavaThread "pool-2-thread-2" daemon [_thread_blocked, id=125398, stack(0x00007fa4c238d000,0x00007fa4c248e000)]
  0x00007fa4d8414800 JavaThread "pool-2-thread-1" daemon [_thread_blocked, id=125397, stack(0x00007fa4c218b000,0x00007fa4c228c000)]
  0x00007fa4d8389000 JavaThread "process reaper" daemon [_thread_blocked, id=125392, stack(0x00007fa4c8033000,0x00007fa4c806c000)]
  0x00007fa4d8141800 JavaThread "Service Thread" daemon [_thread_blocked, id=125388, stack(0x00007fa4c278f000,0x00007fa4c2890000)]
  0x00007fa4d813e800 JavaThread "C1 CompilerThread1" daemon [_thread_blocked, id=125387, stack(0x00007fa4c80d3000,0x00007fa4c81d4000)]
  0x00007fa4d813b800 JavaThread "C2 CompilerThread0" daemon [_thread_blocked, id=125386, stack(0x00007fa4c81d4000,0x00007fa4c82d5000)]
  0x00007fa4d813a000 JavaThread "Signal Dispatcher" daemon [_thread_blocked, id=125385, stack(0x00007fa4c82d5000,0x00007fa4c83d6000)]
  0x00007fa4d8107800 JavaThread "Finalizer" daemon [_thread_blocked, id=125384, stack(0x00007fa4c8dfe000,0x00007fa4c8eff000)]
  0x00007fa4d8105000 JavaThread "Reference Handler" daemon [_thread_blocked, id=125383, stack(0x00007fa4c8eff000,0x00007fa4c9000000)]
  0x00007fa4d800a800 JavaThread "main" [_thread_blocked, id=125379, stack(0x00007fa4e13a0000,0x00007fa4e14a1000)]

Other Threads:
=>0x00007fa4d80fb800 VMThread [stack: 0x00007fa4dc03f000,0x00007fa4dc140000] [id=125382]
  0x00007fa4d8144000 WatcherThread [stack: 0x00007fa4c268e000,0x00007fa4c278f000] [id=125389]

VM state:at safepoint (normal execution)

VM Mutex/Monitor currently owned by a thread:  ([mutex/lock_event])
[0x00007fa4d8006f80] Threads_lock - owner thread: 0x00007fa4d80fb800
[0x00007fa4d8007480] Heap_lock - owner thread: 0x00007fa4d800a800

Heap:
 PSYoungGen      total 53248K, used 4089K [0x00000000f0600000, 0x00000000f3e00000, 0x0000000100000000)
  eden space 49152K, 0% used [0x00000000f0600000,0x00000000f0600000,0x00000000f3600000)
  from space 4096K, 99% used [0x00000000f3600000,0x00000000f39fe580,0x00000000f3a00000)
  to   space 4096K, 0% used [0x00000000f3a00000,0x00000000f3a00000,0x00000000f3e00000)
 ParOldGen       total 32768K, used 7594K [0x00000000d1200000, 0x00000000d3200000, 0x00000000f0600000)
  object space 32768K, 23% used [0x00000000d1200000,0x00000000d196ab28,0x00000000d3200000)
 Metaspace       used 20816K, capacity 21134K, committed 21248K, reserved 1067008K
  class space    used 3429K, capacity 3545K, committed 3584K, reserved 1048576K

Card table byte_map: [0x00007fa4dd8d9000,0x00007fa4dda51000] byte_map_base: 0x00007fa4dd250000

Marking Bits: (ParMarkBitMap*) 0x00007fa4e06703a0
 Begin Bits: [0x00007fa4c2890000, 0x00007fa4c3448000)
 End Bits:   [0x00007fa4c3448000, 0x00007fa4c4000000)

Polling page: 0x00007fa4e14c4000

CodeCache: size=245760Kb used=6725Kb max_used=6725Kb free=239035Kb
 bounds [0x00007fa4c9000000, 0x00007fa4c96a0000, 0x00007fa4d8000000]
 total_blobs=2845 nmethods=2447 adapters=311
 compilation: enabled

Compilation events (10 events):
Event: 5.808 Thread 0x00007fa4d813e800 2449       3       java.lang.String::lastIndexOf (151 bytes)
Event: 5.808 Thread 0x00007fa4d813e800 nmethod 2449 0x00007fa4c968e890 code [0x00007fa4c968ea40, 0x00007fa4c968ef90]
Event: 5.808 Thread 0x00007fa4d813e800 2448       3       java.lang.String::lastIndexOf (25 bytes)
Event: 5.808 Thread 0x00007fa4d813e800 nmethod 2448 0x00007fa4c968f410 code [0x00007fa4c968f580, 0x00007fa4c968f728]
Event: 5.849 Thread 0x00007fa4d813e800 2451       3       sun.misc.ASCIICaseInsensitiveComparator::compare (126 bytes)
Event: 5.850 Thread 0x00007fa4d813e800 nmethod 2451 0x00007fa4c9692010 code [0x00007fa4c9692220, 0x00007fa4c9692e18]
Event: 5.862 Thread 0x00007fa4d813e800 2452       3       java.io.OutputStream::<init> (5 bytes)
Event: 5.862 Thread 0x00007fa4d813e800 nmethod 2452 0x00007fa4c9693450 code [0x00007fa4c96935c0, 0x00007fa4c9693770]
Event: 5.868 Thread 0x00007fa4d813e800 2453       1       scala.UniquenessCache::map (5 bytes)
Event: 5.868 Thread 0x00007fa4d813e800 nmethod 2453 0x00007fa4c9693850 code [0x00007fa4c96939a0, 0x00007fa4c9693ab0]

GC Heap History (10 events):
Event: 1.193 GC heap after
Heap after GC invocations=2 (full 0):
 PSYoungGen      total 14336K, used 2032K [0x00000000f0600000, 0x00000000f2200000, 0x0000000100000000)
  eden space 12288K, 0% used [0x00000000f0600000,0x00000000f0600000,0x00000000f1200000)
  from space 2048K, 99% used [0x00000000f1400000,0x00000000f15fc010,0x00000000f1600000)
  to   space 2048K, 0% used [0x00000000f1200000,0x00000000f1200000,0x00000000f1400000)
 ParOldGen       total 32768K, used 1483K [0x00000000d1200000, 0x00000000d3200000, 0x00000000f0600000)
  object space 32768K, 4% used [0x00000000d1200000,0x00000000d1372db0,0x00000000d3200000)
 Metaspace       used 9756K, capacity 9982K, committed 10240K, reserved 1058816K
  class space    used 1640K, capacity 1703K, committed 1792K, reserved 1048576K
}
Event: 1.659 GC heap before
{Heap before GC invocations=3 (full 0):
 PSYoungGen      total 14336K, used 14320K [0x00000000f0600000, 0x00000000f2200000, 0x0000000100000000)
  eden space 12288K, 100% used [0x00000000f0600000,0x00000000f1200000,0x00000000f1200000)
  from space 2048K, 99% used [0x00000000f1400000,0x00000000f15fc010,0x00000000f1600000)
  to   space 2048K, 0% used [0x00000000f1200000,0x00000000f1200000,0x00000000f1400000)
 ParOldGen       total 32768K, used 1483K [0x00000000d1200000, 0x00000000d3200000, 0x00000000f0600000)
  object space 32768K, 4% used [0x00000000d1200000,0x00000000d1372db0,0x00000000d3200000)
 Metaspace       used 13053K, capacity 13234K, committed 13312K, reserved 1060864K
  class space    used 2227K, capacity 2279K, committed 2304K, reserved 1048576K
Event: 1.665 GC heap after
Heap after GC invocations=3 (full 0):
 PSYoungGen      total 14336K, used 2016K [0x00000000f0600000, 0x00000000f2200000, 0x0000000100000000)
  eden space 12288K, 0% used [0x00000000f0600000,0x00000000f0600000,0x00000000f1200000)
  from space 2048K, 98% used [0x00000000f1200000,0x00000000f13f8040,0x00000000f1400000)
  to   space 2048K, 0% used [0x00000000f2000000,0x00000000f2000000,0x00000000f2200000)
 ParOldGen       total 32768K, used 3091K [0x00000000d1200000, 0x00000000d3200000, 0x00000000f0600000)
  object space 32768K, 9% used [0x00000000d1200000,0x00000000d1504f80,0x00000000d3200000)
 Metaspace       used 13053K, capacity 13234K, committed 13312K, reserved 1060864K
  class space    used 2227K, capacity 2279K, committed 2304K, reserved 1048576K
}
Event: 1.944 GC heap before
{Heap before GC invocations=4 (full 0):
 PSYoungGen      total 14336K, used 14304K [0x00000000f0600000, 0x00000000f2200000, 0x0000000100000000)
  eden space 12288K, 100% used [0x00000000f0600000,0x00000000f1200000,0x00000000f1200000)
  from space 2048K, 98% used [0x00000000f1200000,0x00000000f13f8040,0x00000000f1400000)
  to   space 2048K, 0% used [0x00000000f2000000,0x00000000f2000000,0x00000000f2200000)
 ParOldGen       total 32768K, used 3091K [0x00000000d1200000, 0x00000000d3200000, 0x00000000f0600000)
  object space 32768K, 9% used [0x00000000d1200000,0x00000000d1504f80,0x00000000d3200000)
 Metaspace       used 13917K, capacity 14142K, committed 14336K, reserved 1060864K
  class space    used 2384K, capacity 2473K, committed 2560K, reserved 1048576K
Event: 1.956 GC heap after
Heap after GC invocations=4 (full 0):
 PSYoungGen      total 26624K, used 2019K [0x00000000f0600000, 0x00000000f2200000, 0x0000000100000000)
  eden space 24576K, 0% used [0x00000000f0600000,0x00000000f0600000,0x00000000f1e00000)
  from space 2048K, 98% used [0x00000000f2000000,0x00000000f21f8cb0,0x00000000f2200000)
  to   space 2048K, 0% used [0x00000000f1e00000,0x00000000f1e00000,0x00000000f2000000)
 ParOldGen       total 32768K, used 3723K [0x00000000d1200000, 0x00000000d3200000, 0x00000000f0600000)
  object space 32768K, 11% used [0x00000000d1200000,0x00000000d15a2df8,0x00000000d3200000)
 Metaspace       used 13917K, capacity 14142K, committed 14336K, reserved 1060864K
  class space    used 2384K, capacity 2473K, committed 2560K, reserved 1048576K
}
Event: 2.328 GC heap before
{Heap before GC invocations=5 (full 0):
 PSYoungGen      total 26624K, used 26595K [0x00000000f0600000, 0x00000000f2200000, 0x0000000100000000)
  eden space 24576K, 100% used [0x00000000f0600000,0x00000000f1e00000,0x00000000f1e00000)
  from space 2048K, 98% used [0x00000000f2000000,0x00000000f21f8cb0,0x00000000f2200000)
  to   space 2048K, 0% used [0x00000000f1e00000,0x00000000f1e00000,0x00000000f2000000)
 ParOldGen       total 32768K, used 3723K [0x00000000d1200000, 0x00000000d3200000, 0x00000000f0600000)
  object space 32768K, 11% used [0x00000000d1200000,0x00000000d15a2df8,0x00000000d3200000)
 Metaspace       used 14344K, capacity 14590K, committed 14848K, reserved 1060864K
  class space    used 2437K, capacity 2537K, committed 2560K, reserved 1048576K
Event: 2.338 GC heap after
Heap after GC invocations=5 (full 0):
 PSYoungGen      total 26624K, used 2020K [0x00000000f0600000, 0x00000000f3e00000, 0x0000000100000000)
  eden space 24576K, 0% used [0x00000000f0600000,0x00000000f0600000,0x00000000f1e00000)
  from space 2048K, 98% used [0x00000000f1e00000,0x00000000f1ff90a0,0x00000000f2000000)
  to   space 4096K, 0% used [0x00000000f3a00000,0x00000000f3a00000,0x00000000f3e00000)
 ParOldGen       total 32768K, used 4131K [0x00000000d1200000, 0x00000000d3200000, 0x00000000f0600000)
  object space 32768K, 12% used [0x00000000d1200000,0x00000000d1608df8,0x00000000d3200000)
 Metaspace       used 14344K, capacity 14590K, committed 14848K, reserved 1060864K
  class space    used 2437K, capacity 2537K, committed 2560K, reserved 1048576K
}
Event: 5.281 GC heap before
{Heap before GC invocations=6 (full 0):
 PSYoungGen      total 26624K, used 26596K [0x00000000f0600000, 0x00000000f3e00000, 0x0000000100000000)
  eden space 24576K, 100% used [0x00000000f0600000,0x00000000f1e00000,0x00000000f1e00000)
  from space 2048K, 98% used [0x00000000f1e00000,0x00000000f1ff90a0,0x00000000f2000000)
  to   space 4096K, 0% used [0x00000000f3a00000,0x00000000f3a00000,0x00000000f3e00000)
 ParOldGen       total 32768K, used 4131K [0x00000000d1200000, 0x00000000d3200000, 0x00000000f0600000)
  object space 32768K, 12% used [0x00000000d1200000,0x00000000d1608df8,0x00000000d3200000)
 Metaspace       used 15107K, capacity 15470K, committed 15744K, reserved 1062912K
  class space    used 2547K, capacity 2681K, committed 2688K, reserved 1048576K
Event: 5.297 GC heap after
Heap after GC invocations=6 (full 0):
 PSYoungGen      total 53248K, used 3030K [0x00000000f0600000, 0x00000000f3e00000, 0x0000000100000000)
  eden space 49152K, 0% used [0x00000000f0600000,0x00000000f0600000,0x00000000f3600000)
  from space 4096K, 73% used [0x00000000f3a00000,0x00000000f3cf5940,0x00000000f3e00000)
  to   space 4096K, 0% used [0x00000000f3600000,0x00000000f3600000,0x00000000f3a00000)
 ParOldGen       total 32768K, used 4139K [0x00000000d1200000, 0x00000000d3200000, 0x00000000f0600000)
  object space 32768K, 12% used [0x00000000d1200000,0x00000000d160adf8,0x00000000d3200000)
 Metaspace       used 15107K, capacity 15470K, committed 15744K, reserved 1062912K
  class space    used 2547K, capacity 2681K, committed 2688K, reserved 1048576K
}
Event: 5.873 GC heap before
{Heap before GC invocations=7 (full 0):
 PSYoungGen      total 53248K, used 37715K [0x00000000f0600000, 0x00000000f3e00000, 0x0000000100000000)
  eden space 49152K, 70% used [0x00000000f0600000,0x00000000f27df6a8,0x00000000f3600000)
  from space 4096K, 73% used [0x00000000f3a00000,0x00000000f3cf5940,0x00000000f3e00000)
  to   space 4096K, 0% used [0x00000000f3600000,0x00000000f3600000,0x00000000f3a00000)
 ParOldGen       total 32768K, used 4139K [0x00000000d1200000, 0x00000000d3200000, 0x00000000f0600000)
  object space 32768K, 12% used [0x00000000d1200000,0x00000000d160adf8,0x00000000d3200000)
 Metaspace       used 20816K, capacity 21134K, committed 21248K, reserved 1067008K
  class space    used 3429K, capacity 3545K, committed 3584K, reserved 1048576K

Deoptimization events (10 events):
Event: 5.195 Thread 0x00007fa4d800a800 Uncommon trap: reason=unstable_if action=reinterpret pc=0x00007fa4c9597d84 method=java.util.jar.JarFile.getManEntry()Ljava/util/jar/JarEntry; @ 4
Event: 5.196 Thread 0x00007fa4d800a800 Uncommon trap: reason=unstable_if action=reinterpret pc=0x00007fa4c929c20c method=java.lang.String.equalsIgnoreCase(Ljava/lang/String;)Z @ 10
Event: 5.204 Thread 0x00007fa4d800a800 Uncommon trap: reason=unstable_if action=reinterpret pc=0x00007fa4c95e3ccc method=java.util.jar.JarFile.getManifestFromReference()Ljava/util/jar/Manifest; @ 4
Event: 5.217 Thread 0x00007fa4d800a800 Uncommon trap: reason=unstable_if action=reinterpret pc=0x00007fa4c9206a74 method=sun.net.www.ParseUtil.encodePath(Ljava/lang/String;Z)Ljava/lang/String; @ 116
Event: 5.589 Thread 0x00007fa4d800a800 Uncommon trap: reason=unstable_if action=reinterpret pc=0x00007fa4c95d0924 method=java.lang.Integer.valueOf(I)Ljava/lang/Integer; @ 3
Event: 5.609 Thread 0x00007fa4d800a800 Uncommon trap: reason=unstable_if action=reinterpret pc=0x00007fa4c961d1a4 method=java.lang.String.regionMatches(ZILjava/lang/String;II)Z @ 123
Event: 5.614 Thread 0x00007fa4d800a800 Uncommon trap: reason=unstable_if action=reinterpret pc=0x00007fa4c930145c method=java.lang.CharacterDataLatin1.digit(II)I @ 82
Event: 5.706 Thread 0x00007fa4d800a800 Uncommon trap: reason=class_check action=maybe_recompile pc=0x00007fa4c93cde24 method=java.util.regex.Pattern$Slice.match(Ljava/util/regex/Matcher;ILjava/lang/CharSequence;)Z @ 75
Event: 5.710 Thread 0x00007fa4d800a800 Uncommon trap: reason=bimorphic action=maybe_recompile pc=0x00007fa4c95d2ff4 method=java.util.regex.Pattern$CharProperty.match(Ljava/util/regex/Matcher;ILjava/lang/CharSequence;)Z @ 18
Event: 5.710 Thread 0x00007fa4d800a800 Uncommon trap: reason=bimorphic action=maybe_recompile pc=0x00007fa4c95d2ff4 method=java.util.regex.Pattern$CharProperty.match(Ljava/util/regex/Matcher;ILjava/lang/CharSequence;)Z @ 18

Classes redefined (0 events):
No events

Internal exceptions (10 events):
Event: 0.445 Thread 0x00007fa4d800a800 Exception <a 'java/security/PrivilegedActionException'> (0x00000000f0685058) thrown at [/build/openjdk-8-lTwZJE/openjdk-8-8u181-b13/src/hotspot/src/share/vm/prims/jvm.cpp, line 1435]
Event: 0.445 Thread 0x00007fa4d800a800 Exception <a 'java/security/PrivilegedActionException'> (0x00000000f06870e0) thrown at [/build/openjdk-8-lTwZJE/openjdk-8-8u181-b13/src/hotspot/src/share/vm/prims/jvm.cpp, line 1435]
Event: 0.445 Thread 0x00007fa4d800a800 Exception <a 'java/security/PrivilegedActionException'> (0x00000000f06872f0) thrown at [/build/openjdk-8-lTwZJE/openjdk-8-8u181-b13/src/hotspot/src/share/vm/prims/jvm.cpp, line 1435]
Event: 0.446 Thread 0x00007fa4d800a800 Exception <a 'java/security/PrivilegedActionException'> (0x00000000f0687dc8) thrown at [/build/openjdk-8-lTwZJE/openjdk-8-8u181-b13/src/hotspot/src/share/vm/prims/jvm.cpp, line 1435]
Event: 0.446 Thread 0x00007fa4d800a800 Exception <a 'java/security/PrivilegedActionException'> (0x00000000f0687fd8) thrown at [/build/openjdk-8-lTwZJE/openjdk-8-8u181-b13/src/hotspot/src/share/vm/prims/jvm.cpp, line 1435]
Event: 1.185 Thread 0x00007fa4d800a800 Exception <a 'java/lang/NoSuchFieldError': method resolution failed> (0x00000000f11fb6d0) thrown at [/build/openjdk-8-lTwZJE/openjdk-8-8u181-b13/src/hotspot/src/share/vm/prims/methodHandles.cpp, line 1167]
Event: 1.200 Thread 0x00007fa4d800a800 Exception <a 'java/lang/NoSuchFieldError': method resolution failed> (0x00000000f061ceb8) thrown at [/build/openjdk-8-lTwZJE/openjdk-8-8u181-b13/src/hotspot/src/share/vm/prims/methodHandles.cpp, line 1167]
Event: 5.196 Thread 0x00007fa4d800a800 Implicit null exception at 0x00007fa4c929bc1b to 0x00007fa4c929c1f9
Event: 5.619 Thread 0x00007fa4d800a800 Exception <a 'java/io/FileNotFoundException'> (0x00000000f18f8ad8) thrown at [/build/openjdk-8-lTwZJE/openjdk-8-8u181-b13/src/hotspot/src/share/vm/prims/jni.cpp, line 709]
Event: 5.733 Thread 0x00007fa4d800a800 Exception <a 'java/lang/NoSuchMethodError': org.slf4j.impl.StaticMDCBinder.getSingleton()Lorg/slf4j/impl/StaticMDCBinder;> (0x00000000f20e3c48) thrown at [/build/openjdk-8-lTwZJE/openjdk-8-8u181-b13/src/hotspot/src/share/vm/interpreter/linkResolver.cpp, l

Events (10 events):
Event: 5.870 loading class jupyter/kernel/protocol/ShellRequest$Execute$ done
Event: 5.870 loading class scala/runtime/AbstractFunction6
Event: 5.870 loading class scala/runtime/AbstractFunction6 done
Event: 5.870 loading class scala/Function6
Event: 5.870 loading class scala/Function6 done
Event: 5.871 loading class scala/Function6$class
Event: 5.871 loading class scala/Function6$class done
Event: 5.872 loading class jupyter/kernel/protocol/ShellRequestDecodeJsons$anon$derivedDecodeJson$macro$1753$1$anon$macro$1742$1
Event: 5.872 loading class jupyter/kernel/protocol/ShellRequestDecodeJsons$anon$derivedDecodeJson$macro$1753$1$anon$macro$1742$1 done
Event: 5.872 Executing VM operation: CollectForMetadataAllocation


Dynamic libraries:
00400000-00401000 r-xp 00000000 08:01 803085                             /usr/lib/jvm/java-8-openjdk-amd64/jre/bin/java
00600000-00601000 r--p 00000000 08:01 803085                             /usr/lib/jvm/java-8-openjdk-amd64/jre/bin/java
00601000-00602000 rw-p 00001000 08:01 803085                             /usr/lib/jvm/java-8-openjdk-amd64/jre/bin/java
006d7000-00865000 rw-p 00000000 00:00 0                                  [heap]
d1200000-d3200000 rw-p 00000000 00:00 0 
d3200000-f0600000 ---p 00000000 00:00 0 
f0600000-f3e00000 rw-p 00000000 00:00 0 
f7200000-100000000 ---p 00000000 00:00 0 
100000000-100380000 rw-p 00000000 00:00 0 
100380000-140000000 ---p 00000000 00:00 0 
7fa488000000-7fa4881de000 rw-p 00000000 00:00 0 
7fa4881de000-7fa48c000000 ---p 00000000 00:00 0 
7fa48cfff000-7fa490000000 rw-p 00000000 00:00 0 
7fa490000000-7fa490272000 rw-p 00000000 00:00 0 
7fa490272000-7fa494000000 ---p 00000000 00:00 0 
7fa494000000-7fa494158000 rw-p 00000000 00:00 0 
7fa494158000-7fa498000000 ---p 00000000 00:00 0 
7fa498000000-7fa498021000 rw-p 00000000 00:00 0 
7fa498021000-7fa49c000000 ---p 00000000 00:00 0 
7fa49c000000-7fa49c021000 rw-p 00000000 00:00 0 
7fa49c021000-7fa4a0000000 ---p 00000000 00:00 0 
7fa4a0000000-7fa4a0ada000 rw-p 00000000 00:00 0 
7fa4a0ada000-7fa4a4000000 ---p 00000000 00:00 0 
7fa4a4000000-7fa4a4021000 rw-p 00000000 00:00 0 
7fa4a4021000-7fa4a8000000 ---p 00000000 00:00 0 
7fa4a8000000-7fa4a8021000 rw-p 00000000 00:00 0 
7fa4a8021000-7fa4ac000000 ---p 00000000 00:00 0 
7fa4ac000000-7fa4adc95000 rw-p 00000000 00:00 0 
7fa4adc95000-7fa4b0000000 ---p 00000000 00:00 0 
7fa4b0000000-7fa4b0021000 rw-p 00000000 00:00 0 
7fa4b0021000-7fa4b4000000 ---p 00000000 00:00 0 
7fa4b4000000-7fa4b4021000 rw-p 00000000 00:00 0 
7fa4b4021000-7fa4b8000000 ---p 00000000 00:00 0 
7fa4b8000000-7fa4b8021000 rw-p 00000000 00:00 0 
7fa4b8021000-7fa4bc000000 ---p 00000000 00:00 0 
7fa4bc000000-7fa4bc038000 rw-p 00000000 00:00 0 
7fa4bc038000-7fa4c0000000 ---p 00000000 00:00 0 
7fa4c0b91000-7fa4c0ba8000 r-xp 00000000 08:01 803144                     /usr/lib/jvm/java-8-openjdk-amd64/jre/lib/amd64/libnet.so
7fa4c0ba8000-7fa4c0da7000 ---p 00017000 08:01 803144                     /usr/lib/jvm/java-8-openjdk-amd64/jre/lib/amd64/libnet.so
7fa4c0da7000-7fa4c0da8000 r--p 00016000 08:01 803144                     /usr/lib/jvm/java-8-openjdk-amd64/jre/lib/amd64/libnet.so
7fa4c0da8000-7fa4c0da9000 rw-p 00017000 08:01 803144                     /usr/lib/jvm/java-8-openjdk-amd64/jre/lib/amd64/libnet.so
7fa4c0da9000-7fa4c0dba000 r-xp 00000000 08:01 803143                     /usr/lib/jvm/java-8-openjdk-amd64/jre/lib/amd64/libnio.so
7fa4c0dba000-7fa4c0fba000 ---p 00011000 08:01 803143                     /usr/lib/jvm/java-8-openjdk-amd64/jre/lib/amd64/libnio.so
7fa4c0fba000-7fa4c0fbb000 r--p 00011000 08:01 803143                     /usr/lib/jvm/java-8-openjdk-amd64/jre/lib/amd64/libnio.so
7fa4c0fbb000-7fa4c0fbc000 rw-p 00012000 08:01 803143                     /usr/lib/jvm/java-8-openjdk-amd64/jre/lib/amd64/libnio.so
7fa4c0fbc000-7fa4c10fc000 rw-p 00000000 00:00 0 
7fa4c10fc000-7fa4c11bc000 ---p 00000000 00:00 0 
7fa4c11bc000-7fa4c13bc000 rw-p 00000000 00:00 0 
7fa4c13bc000-7fa4c13bd000 r--s 00006000 08:01 807207                     /home/user/.coursier/cache/v1/https/repo1.maven.org/maven2/com/github/alexarchambault/case-app-annotations_2.11/1.1.3/case-app-annotations_2.11-1.1.3.jar
7fa4c13bd000-7fa4c13be000 r--s 00000000 08:01 807233                     /home/user/.coursier/cache/v1/https/repo1.maven.org/maven2/org/typelevel/macro-compat_2.11/1.1.1/macro-compat_2.11-1.1.1.jar
7fa4c13be000-7fa4c13c0000 r--s 0000a000 08:01 807225                     /home/user/.coursier/cache/v1/https/repo1.maven.org/maven2/com/github/alexarchambault/case-app-util_2.11/1.1.3/case-app-util_2.11-1.1.3.jar
7fa4c13c0000-7fa4c13c3000 r--s 00011000 08:01 807203                     /home/user/.coursier/cache/v1/https/repo1.maven.org/maven2/com/lihaoyi/fastparse-utils_2.11/0.4.2/fastparse-utils_2.11-0.4.2.jar
7fa4c13c3000-7fa4c13ca000 r--s 00042000 08:01 807208                     /home/user/.coursier/cache/v1/https/repo1.maven.org/maven2/com/github/alexarchambault/case-app_2.11/1.1.3/case-app_2.11-1.1.3.jar
7fa4c13ca000-7fa4c13cd000 r--s 00015000 08:01 807242                     /home/user/.coursier/cache/v1/https/repo1.maven.org/maven2/org/jupyter-scala/scala-cli_2.11.11/0.4.2/scala-cli_2.11.11-0.4.2.jar
7fa4c13cd000-7fa4c13cf000 r--s 00009000 08:01 807266                     /home/user/.coursier/cache/v1/https/repo1.maven.org/maven2/org/slf4j/slf4j-api/1.7.22/slf4j-api-1.7.22.jar
7fa4c13cf000-7fa4c13e2000 r--s 000bb000 08:01 807205                     /home/user/.coursier/cache/v1/https/repo1.maven.org/maven2/org/jupyter-scala/kernel_2.11/0.4.1/kernel_2.11-0.4.1.jar
7fa4c13e2000-7fa4c13ed000 r--s 00069000 08:01 807253                     /home/user/.coursier/cache/v1/https/repo1.maven.org/maven2/ch/qos/logback/logback-core/1.2.1/logback-core-1.2.1.jar
7fa4c13ed000-7fa4c13f2000 r--s 00039000 08:01 807259                     /home/user/.coursier/cache/v1/https/repo1.maven.org/maven2/org/zeromq/jeromq/0.3.6/jeromq-0.3.6.jar
7fa4c13f2000-7fa4c13fc000 r--s 00074000 08:01 807377                     /home/user/.coursier/cache/v1/https/repo1.maven.org/maven2/org/jupyter-scala/ammonite-compiler_2.11.11/0.8.3-1/ammonite-compiler_2.11.11-0.8.3-1.jar
7fa4c13fc000-7fa4c13fd000 r--s 00008000 08:01 807293                     /home/user/.coursier/cache/v1/https/repo1.maven.org/maven2/com/typesafe/scala-logging/scala-logging_2.11/3.5.0/scala-logging_2.11-3.5.0.jar
7fa4c13fd000-7fa4c1402000 r--s 00044000 08:01 807300                     /home/user/.coursier/cache/v1/https/repo1.maven.org/maven2/org/scodec/scodec-bits_2.11/1.1.2/scodec-bits_2.11-1.1.2.jar
7fa4c1402000-7fa4c1432000 r--s 001c7000 08:01 807281                     /home/user/.coursier/cache/v1/https/repo1.maven.org/maven2/io/argonaut/argonaut_2.11/6.2/argonaut_2.11-6.2.jar
7fa4c1432000-7fa4c143c000 r--s 00069000 08:01 807307                     /home/user/.coursier/cache/v1/https/repo1.maven.org/maven2/com/lihaoyi/scalaparse_2.11/0.4.2/scalaparse_2.11-0.4.2.jar
7fa4c143c000-7fa4c1440000 r--s 00029000 08:01 807324                     /home/user/.coursier/cache/v1/https/repo1.maven.org/maven2/org/jupyter-scala/kernel-protocol_2.11/0.4.1/kernel-protocol_2.11-0.4.1.jar
7fa4c1440000-7fa4c1446000 r--s 00046000 08:01 807275                     /home/user/.coursier/cache/v1/https/repo1.maven.org/maven2/ch/qos/logback/logback-classic/1.2.1/logback-classic-1.2.1.jar
7fa4c1446000-7fa4c144c000 r--s 0004d000 08:01 807344                     /home/user/.coursier/cache/v1/https/repo1.maven.org/maven2/com/lihaoyi/fastparse_2.11/0.4.2/fastparse_2.11-0.4.2.jar
7fa4c144c000-7fa4c144f000 r--s 00016000 08:01 807311                     /home/user/.coursier/cache/v1/https/repo1.maven.org/maven2/org/jupyter-scala/scala-kernel_2.11.11/0.4.2/scala-kernel_2.11.11-0.4.2.jar
7fa4c144f000-7fa4c1453000 r--s 0001b000 08:01 807362                     /home/user/.coursier/cache/v1/https/repo1.maven.org/maven2/com/github/alexarchambault/argonaut-shapeless_6.2_2.11/1.2.0-M5/argonaut-shapeless_6.2_2.11-1.2.0-M5.jar
7fa4c1453000-7fa4c1476000 r--s 00155000 08:01 807348                     /home/user/.coursier/cache/v1/https/repo1.maven.org/maven2/org/scalaz/stream/scalaz-stream_2.11/0.8.6a/scalaz-stream_2.11-0.8.6a.jar
7fa4c1476000-7fa4c14bc000 r--s 00317000 08:01 807336                     /home/user/.coursier/cache/v1/https/repo1.maven.org/maven2/com/chuusai/shapeless_2.11/2.3.2/shapeless_2.11-2.3.2.jar
7fa4c14bc000-7fa4c14bd000 r--s 00007000 08:01 807320                     /home/user/.coursier/cache/v1/https/repo1.maven.org/maven2/org/jupyter-scala/kernel-api_2.11/0.4.1/kernel-api_2.11-0.4.1.jar
7fa4c14bd000-7fa4c14c8000 r--s 0005d000 08:01 807365                     /home/user/.coursier/cache/v1/https/repo1.maven.org/maven2/org/scala-lang/modules/scala-parser-combinators_2.11/1.0.4/scala-parser-combinators_2.11-1.0.4.jar
7fa4c14c8000-7fa4c14d0000 r--s 0004b000 08:01 807374                     /home/user/.coursier/cache/v1/https/repo1.maven.org/maven2/io/get-coursier/coursier-cache_2.11/1.0.0-RC2/coursier-cache_2.11-1.0.0-RC2.jar
7fa4c14d0000-7fa4c14d5000 r--s 00047000 08:01 807328                     /home/user/.coursier/cache/v1/https/repo1.maven.org/maven2/org/jupyter-scala/ammonite-ops_2.11/0.8.3-1/ammonite-ops_2.11-0.8.3-1.jar
7fa4c14d5000-7fa4c14db000 r--s 00050000 08:01 807318                     /home/user/.coursier/cache/v1/https/repo1.maven.org/maven2/org/jsoup/jsoup/1.10.2/jsoup-1.10.2.jar
7fa4c14db000-7fa4c1501000 r--s 00196000 08:01 807280                     /home/user/.coursier/cache/v1/https/repo1.maven.org/maven2/io/get-coursier/coursier_2.11/1.0.0-RC2/coursier_2.11-1.0.0-RC2.jar
7fa4c1501000-7fa4c154d000 r--s 00418000 08:01 807351                     /home/user/.coursier/cache/v1/https/repo1.maven.org/maven2/org/scala-lang/scala-reflect/2.11.11/scala-reflect-2.11.11.jar
7fa4c154d000-7fa4c161f000 r--s 00a6f000 08:01 807285                     /home/user/.coursier/cache/v1/https/repo1.maven.org/maven2/org/scalaz/scalaz-core_2.11/7.2.8/scalaz-core_2.11-7.2.8.jar
7fa4c161f000-7fa4c172c000 r--s 00dd4000 08:01 807246                     /home/user/.coursier/cache/v1/https/repo1.maven.org/maven2/org/scala-lang/scala-compiler/2.11.11/scala-compiler-2.11.11.jar
7fa4c172c000-7fa4c1785000 r--s 00523000 08:01 807237                     /home/user/.coursier/cache/v1/https/repo1.maven.org/maven2/org/scala-lang/scala-library/2.11.11/scala-library-2.11.11.jar
7fa4c1785000-7fa4c1788000 ---p 00000000 00:00 0 
7fa4c1788000-7fa4c1886000 rw-p 00000000 00:00 0 
7fa4c1886000-7fa4c1889000 ---p 00000000 00:00 0 
7fa4c1889000-7fa4c1b87000 rw-p 00000000 00:00 0 
7fa4c1b87000-7fa4c1d87000 rw-p 00000000 00:00 0 
7fa4c1d87000-7fa4c1d8a000 ---p 00000000 00:00 0 
7fa4c1d8a000-7fa4c1e88000 rw-p 00000000 00:00 0 
7fa4c1e88000-7fa4c1e8b000 ---p 00000000 00:00 0 
7fa4c1e8b000-7fa4c1f89000 rw-p 00000000 00:00 0 
7fa4c1f89000-7fa4c1f8c000 ---p 00000000 00:00 0 
7fa4c1f8c000-7fa4c208a000 rw-p 00000000 00:00 0 
7fa4c208a000-7fa4c208d000 ---p 00000000 00:00 0 
7fa4c208d000-7fa4c218b000 rw-p 00000000 00:00 0 
7fa4c218b000-7fa4c218e000 ---p 00000000 00:00 0 
7fa4c218e000-7fa4c228c000 rw-p 00000000 00:00 0 
7fa4c228c000-7fa4c228f000 ---p 00000000 00:00 0 
7fa4c228f000-7fa4c238d000 rw-p 00000000 00:00 0 
7fa4c238d000-7fa4c2390000 ---p 00000000 00:00 0 
7fa4c2390000-7fa4c268e000 rw-p 00000000 00:00 0 
7fa4c268e000-7fa4c268f000 ---p 00000000 00:00 0 
7fa4c268f000-7fa4c278f000 rw-p 00000000 00:00 0 
7fa4c278f000-7fa4c2792000 ---p 00000000 00:00 0 
7fa4c2792000-7fa4c4000000 rw-p 00000000 00:00 0 
7fa4c4000000-7fa4c4021000 rw-p 00000000 00:00 0 
7fa4c4021000-7fa4c8000000 ---p 00000000 00:00 0 
7fa4c8000000-7fa4c8001000 r--s 00001000 08:01 807355                     /home/user/.coursier/cache/v1/https/repo1.maven.org/maven2/org/jupyter-scala/scala-api_2.11.11/0.4.2/scala-api_2.11.11-0.4.2.jar
7fa4c8001000-7fa4c8003000 r--s 0000f000 08:01 807314                     /home/user/.coursier/cache/v1/https/repo1.maven.org/maven2/com/lihaoyi/derive_2.11/0.4.4/derive_2.11-0.4.4.jar
7fa4c8003000-7fa4c800d000 r--s 0009a000 08:01 807217                     /home/user/.coursier/cache/v1/https/repo1.maven.org/maven2/org/scala-lang/modules/scala-xml_2.11/1.0.6/scala-xml_2.11-1.0.6.jar
7fa4c800d000-7fa4c8011000 r--s 00023000 08:01 807360                     /home/user/.coursier/cache/v1/https/repo1.maven.org/maven2/org/scalaj/scalaj-http_2.11/2.3.0/scalaj-http_2.11-2.3.0.jar
7fa4c8011000-7fa4c801c000 r--s 00074000 08:01 807252                     /home/user/.coursier/cache/v1/https/repo1.maven.org/maven2/org/jupyter-scala/ammonite-runtime_2.11.11/0.8.3-1/ammonite-runtime_2.11.11-0.8.3-1.jar
7fa4c801c000-7fa4c8024000 r--s 0004c000 08:01 807222                     /home/user/.coursier/cache/v1/https/repo1.maven.org/maven2/org/scalaz/scalaz-concurrent_2.11/7.2.8/scalaz-concurrent_2.11-7.2.8.jar
7fa4c8024000-7fa4c8029000 r--s 00048000 08:01 807334                     /home/user/.coursier/cache/v1/https/repo1.maven.org/maven2/com/lihaoyi/pprint_2.11/0.4.4/pprint_2.11-0.4.4.jar
7fa4c8029000-7fa4c8033000 r--s 00061000 08:01 807370                     /home/user/.coursier/cache/v1/https/repo1.maven.org/maven2/org/scalaz/scalaz-effect_2.11/7.2.8/scalaz-effect_2.11-7.2.8.jar
7fa4c8033000-7fa4c8036000 ---p 00000000 00:00 0 
7fa4c8036000-7fa4c806c000 rw-p 00000000 00:00 0 
7fa4c806c000-7fa4c80b8000 r--s 0024b000 08:01 806309                     /home/user/.coursier/bootstrap/1.0.0-RC1/coursier-cli_2.11-1.0.0-RC1-standalone.jar
7fa4c80b8000-7fa4c80d3000 r--s 00394000 08:01 803174                     /usr/lib/jvm/java-8-openjdk-amd64/jre/lib/ext/cldrdata.jar
7fa4c80d3000-7fa4c80d6000 ---p 00000000 00:00 0 
7fa4c80d6000-7fa4c81d4000 rw-p 00000000 00:00 0 
7fa4c81d4000-7fa4c81d7000 ---p 00000000 00:00 0 
7fa4c81d7000-7fa4c82d5000 rw-p 00000000 00:00 0 
7fa4c82d5000-7fa4c82d8000 ---p 00000000 00:00 0 
7fa4c82d8000-7fa4c83d6000 rw-p 00000000 00:00 0 
7fa4c83d6000-7fa4c8dfe000 r--p 00000000 08:01 2105158                    /usr/lib/locale/locale-archive
7fa4c8dfe000-7fa4c8e01000 ---p 00000000 00:00 0 
7fa4c8e01000-7fa4c8eff000 rw-p 00000000 00:00 0 
7fa4c8eff000-7fa4c8f02000 ---p 00000000 00:00 0 
7fa4c8f02000-7fa4c9000000 rw-p 00000000 00:00 0 
7fa4c9000000-7fa4c96a0000 rwxp 00000000 00:00 0 
7fa4c96a0000-7fa4d8000000 ---p 00000000 00:00 0 
7fa4d8000000-7fa4d8a90000 rw-p 00000000 00:00 0 
7fa4d8a90000-7fa4dc000000 ---p 00000000 00:00 0 
7fa4dc000000-7fa4dc003000 r--s 0001a000 08:01 807269                     /home/user/.coursier/cache/v1/https/repo1.maven.org/maven2/com/lihaoyi/sourcecode_2.11/0.1.3/sourcecode_2.11-0.1.3.jar
7fa4dc003000-7fa4dc009000 r--s 0005c000 08:01 807218                     /home/user/.coursier/cache/v1/https/repo1.maven.org/maven2/com/lihaoyi/upickle_2.11/0.4.4/upickle_2.11-0.4.4.jar
7fa4dc009000-7fa4dc00b000 r--s 00013000 08:01 807296                     /home/user/.coursier/cache/v1/https/repo1.maven.org/maven2/org/spire-math/jawn-parser_2.11/0.10.3/jawn-parser_2.11-0.10.3.jar
7fa4dc00b000-7fa4dc00d000 r--s 0000d000 08:01 807262                     /home/user/.coursier/cache/v1/https/repo1.maven.org/maven2/com/lihaoyi/geny_2.11/0.1.1/geny_2.11-0.1.1.jar
7fa4dc00d000-7fa4dc00f000 r--s 00016000 08:01 807235                     /home/user/.coursier/cache/v1/https/repo1.maven.org/maven2/org/jupyter-scala/ammonite-util_2.11.11/0.8.3-1/ammonite-util_2.11.11-0.8.3-1.jar
7fa4dc00f000-7fa4dc011000 r--s 00012000 08:01 807339                     /home/user/.coursier/cache/v1/https/repo1.maven.org/maven2/com/lihaoyi/fansi_2.11/0.2.3/fansi_2.11-0.2.3.jar
7fa4dc011000-7fa4dc016000 r--s 0009d000 08:01 803185                     /usr/lib/jvm/java-8-openjdk-amd64/jre/lib/jsse.jar
7fa4dc016000-7fa4dc017000 r--s 00002000 08:01 807381                     /home/user/.local/share/jupyter/kernels/scala/launcher.jar
7fa4dc017000-7fa4dc032000 r--s 001d6000 08:01 803177                     /usr/lib/jvm/java-8-openjdk-amd64/jre/lib/ext/nashorn.jar
7fa4dc032000-7fa4dc033000 r--s 0000a000 08:01 803181                     /usr/lib/jvm/java-8-openjdk-amd64/jre/lib/ext/jaccess.jar
7fa4dc033000-7fa4dc035000 r--s 00008000 08:01 803178                     /usr/lib/jvm/java-8-openjdk-amd64/jre/lib/ext/sunec.jar
7fa4dc035000-7fa4dc03f000 r--s 00116000 08:01 803175                     /usr/lib/jvm/java-8-openjdk-amd64/jre/lib/ext/localedata.jar
7fa4dc03f000-7fa4dc040000 ---p 00000000 00:00 0 
7fa4dc040000-7fa4dca97000 rw-p 00000000 00:00 0 
7fa4dca97000-7fa4dcc66000 r--s 03c33000 08:01 803184                     /usr/lib/jvm/java-8-openjdk-amd64/jre/lib/rt.jar
7fa4dcc66000-7fa4dd5dd000 rw-p 00000000 00:00 0 
7fa4dd5dd000-7fa4dd5de000 ---p 00000000 00:00 0 
7fa4dd5de000-7fa4dd6de000 rw-p 00000000 00:00 0 
7fa4dd6de000-7fa4dd6df000 ---p 00000000 00:00 0 
7fa4dd6df000-7fa4dd7ef000 rw-p 00000000 00:00 0 
7fa4dd7ef000-7fa4dd8d9000 ---p 00000000 00:00 0 
7fa4dd8d9000-7fa4dd8e9000 rw-p 00000000 00:00 0 
7fa4dd8e9000-7fa4dd9d3000 ---p 00000000 00:00 0 
7fa4dd9d3000-7fa4dd9ef000 rw-p 00000000 00:00 0 
7fa4dd9ef000-7fa4dda50000 ---p 00000000 00:00 0 
7fa4dda50000-7fa4dda6c000 rw-p 00000000 00:00 0 
7fa4dda6c000-7fa4dde11000 ---p 00000000 00:00 0 
7fa4dde11000-7fa4dde19000 r-xp 00000000 08:01 803135                     /usr/lib/jvm/java-8-openjdk-amd64/jre/lib/amd64/libzip.so
7fa4dde19000-7fa4de018000 ---p 00008000 08:01 803135                     /usr/lib/jvm/java-8-openjdk-amd64/jre/lib/amd64/libzip.so
7fa4de018000-7fa4de019000 r--p 00007000 08:01 803135                     /usr/lib/jvm/java-8-openjdk-amd64/jre/lib/amd64/libzip.so
7fa4de019000-7fa4de01a000 rw-p 00008000 08:01 803135                     /usr/lib/jvm/java-8-openjdk-amd64/jre/lib/amd64/libzip.so
7fa4de01a000-7fa4de025000 r-xp 00000000 08:01 2889153                    /lib/x86_64-linux-gnu/libnss_files-2.23.so
7fa4de025000-7fa4de224000 ---p 0000b000 08:01 2889153                    /lib/x86_64-linux-gnu/libnss_files-2.23.so
7fa4de224000-7fa4de225000 r--p 0000a000 08:01 2889153                    /lib/x86_64-linux-gnu/libnss_files-2.23.so
7fa4de225000-7fa4de226000 rw-p 0000b000 08:01 2889153                    /lib/x86_64-linux-gnu/libnss_files-2.23.so
7fa4de226000-7fa4de22c000 rw-p 00000000 00:00 0 
7fa4de22c000-7fa4de237000 r-xp 00000000 08:01 2889163                    /lib/x86_64-linux-gnu/libnss_nis-2.23.so
7fa4de237000-7fa4de436000 ---p 0000b000 08:01 2889163                    /lib/x86_64-linux-gnu/libnss_nis-2.23.so
7fa4de436000-7fa4de437000 r--p 0000a000 08:01 2889163                    /lib/x86_64-linux-gnu/libnss_nis-2.23.so
7fa4de437000-7fa4de438000 rw-p 0000b000 08:01 2889163                    /lib/x86_64-linux-gnu/libnss_nis-2.23.so
7fa4de438000-7fa4de44e000 r-xp 00000000 08:01 2889147                    /lib/x86_64-linux-gnu/libnsl-2.23.so
7fa4de44e000-7fa4de64d000 ---p 00016000 08:01 2889147                    /lib/x86_64-linux-gnu/libnsl-2.23.so
7fa4de64d000-7fa4de64e000 r--p 00015000 08:01 2889147                    /lib/x86_64-linux-gnu/libnsl-2.23.so
7fa4de64e000-7fa4de64f000 rw-p 00016000 08:01 2889147                    /lib/x86_64-linux-gnu/libnsl-2.23.so
7fa4de64f000-7fa4de651000 rw-p 00000000 00:00 0 
7fa4de651000-7fa4de659000 r-xp 00000000 08:01 2889149                    /lib/x86_64-linux-gnu/libnss_compat-2.23.so
7fa4de659000-7fa4de858000 ---p 00008000 08:01 2889149                    /lib/x86_64-linux-gnu/libnss_compat-2.23.so
7fa4de858000-7fa4de859000 r--p 00007000 08:01 2889149                    /lib/x86_64-linux-gnu/libnss_compat-2.23.so
7fa4de859000-7fa4de85a000 rw-p 00008000 08:01 2889149                    /lib/x86_64-linux-gnu/libnss_compat-2.23.so
7fa4de85a000-7fa4de887000 r-xp 00000000 08:01 803155                     /usr/lib/jvm/java-8-openjdk-amd64/jre/lib/amd64/libjava.so
7fa4de887000-7fa4dea86000 ---p 0002d000 08:01 803155                     /usr/lib/jvm/java-8-openjdk-amd64/jre/lib/amd64/libjava.so
7fa4dea86000-7fa4dea87000 r--p 0002c000 08:01 803155                     /usr/lib/jvm/java-8-openjdk-amd64/jre/lib/amd64/libjava.so
7fa4dea87000-7fa4dea89000 rw-p 0002d000 08:01 803155                     /usr/lib/jvm/java-8-openjdk-amd64/jre/lib/amd64/libjava.so
7fa4dea89000-7fa4dea98000 r-xp 00000000 08:01 803127                     /usr/lib/jvm/java-8-openjdk-amd64/jre/lib/amd64/libverify.so
7fa4dea98000-7fa4dec97000 ---p 0000f000 08:01 803127                     /usr/lib/jvm/java-8-openjdk-amd64/jre/lib/amd64/libverify.so
7fa4dec97000-7fa4dec99000 r--p 0000e000 08:01 803127                     /usr/lib/jvm/java-8-openjdk-amd64/jre/lib/amd64/libverify.so
7fa4dec99000-7fa4dec9a000 rw-p 00010000 08:01 803127                     /usr/lib/jvm/java-8-openjdk-amd64/jre/lib/amd64/libverify.so
7fa4dec9a000-7fa4deca1000 r-xp 00000000 08:01 2889208                    /lib/x86_64-linux-gnu/librt-2.23.so
7fa4deca1000-7fa4deea0000 ---p 00007000 08:01 2889208                    /lib/x86_64-linux-gnu/librt-2.23.so
7fa4deea0000-7fa4deea1000 r--p 00006000 08:01 2889208                    /lib/x86_64-linux-gnu/librt-2.23.so
7fa4deea1000-7fa4deea2000 rw-p 00007000 08:01 2889208                    /lib/x86_64-linux-gnu/librt-2.23.so
7fa4deea2000-7fa4deeb8000 r-xp 00000000 08:01 2889092                    /lib/x86_64-linux-gnu/libgcc_s.so.1
7fa4deeb8000-7fa4df0b7000 ---p 00016000 08:01 2889092                    /lib/x86_64-linux-gnu/libgcc_s.so.1
7fa4df0b7000-7fa4df0b8000 rw-p 00015000 08:01 2889092                    /lib/x86_64-linux-gnu/libgcc_s.so.1
7fa4df0b8000-7fa4df1c0000 r-xp 00000000 08:01 2889124                    /lib/x86_64-linux-gnu/libm-2.23.so
7fa4df1c0000-7fa4df3bf000 ---p 00108000 08:01 2889124                    /lib/x86_64-linux-gnu/libm-2.23.so
7fa4df3bf000-7fa4df3c0000 r--p 00107000 08:01 2889124                    /lib/x86_64-linux-gnu/libm-2.23.so
7fa4df3c0000-7fa4df3c1000 rw-p 00108000 08:01 2889124                    /lib/x86_64-linux-gnu/libm-2.23.so
7fa4df3c1000-7fa4df533000 r-xp 00000000 08:01 2107766                    /usr/lib/x86_64-linux-gnu/libstdc++.so.6.0.21
7fa4df533000-7fa4df733000 ---p 00172000 08:01 2107766                    /usr/lib/x86_64-linux-gnu/libstdc++.so.6.0.21
7fa4df733000-7fa4df73d000 r--p 00172000 08:01 2107766                    /usr/lib/x86_64-linux-gnu/libstdc++.so.6.0.21
7fa4df73d000-7fa4df73f000 rw-p 0017c000 08:01 2107766                    /usr/lib/x86_64-linux-gnu/libstdc++.so.6.0.21
7fa4df73f000-7fa4df743000 rw-p 00000000 00:00 0 
7fa4df743000-7fa4e03a0000 r-xp 00000000 08:01 803133                     /usr/lib/jvm/java-8-openjdk-amd64/jre/lib/amd64/server/libjvm.so
7fa4e03a0000-7fa4e05a0000 ---p 00c5d000 08:01 803133                     /usr/lib/jvm/java-8-openjdk-amd64/jre/lib/amd64/server/libjvm.so
7fa4e05a0000-7fa4e0634000 r--p 00c5d000 08:01 803133                     /usr/lib/jvm/java-8-openjdk-amd64/jre/lib/amd64/server/libjvm.so
7fa4e0634000-7fa4e065d000 rw-p 00cf1000 08:01 803133                     /usr/lib/jvm/java-8-openjdk-amd64/jre/lib/amd64/server/libjvm.so
7fa4e065d000-7fa4e068d000 rw-p 00000000 00:00 0 
7fa4e068d000-7fa4e06a5000 r-xp 00000000 08:01 2889200                    /lib/x86_64-linux-gnu/libpthread-2.23.so
7fa4e06a5000-7fa4e08a4000 ---p 00018000 08:01 2889200                    /lib/x86_64-linux-gnu/libpthread-2.23.so
7fa4e08a4000-7fa4e08a5000 r--p 00017000 08:01 2889200                    /lib/x86_64-linux-gnu/libpthread-2.23.so
7fa4e08a5000-7fa4e08a6000 rw-p 00018000 08:01 2889200                    /lib/x86_64-linux-gnu/libpthread-2.23.so
7fa4e08a6000-7fa4e08aa000 rw-p 00000000 00:00 0 
7fa4e08aa000-7fa4e08ad000 r-xp 00000000 08:01 2889078                    /lib/x86_64-linux-gnu/libdl-2.23.so
7fa4e08ad000-7fa4e0aac000 ---p 00003000 08:01 2889078                    /lib/x86_64-linux-gnu/libdl-2.23.so
7fa4e0aac000-7fa4e0aad000 r--p 00002000 08:01 2889078                    /lib/x86_64-linux-gnu/libdl-2.23.so
7fa4e0aad000-7fa4e0aae000 rw-p 00003000 08:01 2889078                    /lib/x86_64-linux-gnu/libdl-2.23.so
7fa4e0aae000-7fa4e0ac7000 r-xp 00000000 08:01 2889245                    /lib/x86_64-linux-gnu/libz.so.1.2.8
7fa4e0ac7000-7fa4e0cc6000 ---p 00019000 08:01 2889245                    /lib/x86_64-linux-gnu/libz.so.1.2.8
7fa4e0cc6000-7fa4e0cc7000 r--p 00018000 08:01 2889245                    /lib/x86_64-linux-gnu/libz.so.1.2.8
7fa4e0cc7000-7fa4e0cc8000 rw-p 00019000 08:01 2889245                    /lib/x86_64-linux-gnu/libz.so.1.2.8
7fa4e0cc8000-7fa4e0e88000 r-xp 00000000 08:01 2889054                    /lib/x86_64-linux-gnu/libc-2.23.so
7fa4e0e88000-7fa4e1088000 ---p 001c0000 08:01 2889054                    /lib/x86_64-linux-gnu/libc-2.23.so
7fa4e1088000-7fa4e108c000 r--p 001c0000 08:01 2889054                    /lib/x86_64-linux-gnu/libc-2.23.so
7fa4e108c000-7fa4e108e000 rw-p 001c4000 08:01 2889054                    /lib/x86_64-linux-gnu/libc-2.23.so
7fa4e108e000-7fa4e1092000 rw-p 00000000 00:00 0 
7fa4e1092000-7fa4e109f000 r-xp 00000000 08:01 803131                     /usr/lib/jvm/java-8-openjdk-amd64/jre/lib/amd64/jli/libjli.so
7fa4e109f000-7fa4e129f000 ---p 0000d000 08:01 803131                     /usr/lib/jvm/java-8-openjdk-amd64/jre/lib/amd64/jli/libjli.so
7fa4e129f000-7fa4e12a0000 r--p 0000d000 08:01 803131                     /usr/lib/jvm/java-8-openjdk-amd64/jre/lib/amd64/jli/libjli.so
7fa4e12a0000-7fa4e12a1000 rw-p 0000e000 08:01 803131                     /usr/lib/jvm/java-8-openjdk-amd64/jre/lib/amd64/jli/libjli.so
7fa4e12a1000-7fa4e12c7000 r-xp 00000000 08:01 2889026                    /lib/x86_64-linux-gnu/ld-2.23.so
7fa4e12c7000-7fa4e12ca000 r--s 00038000 08:01 803179                     /usr/lib/jvm/java-8-openjdk-amd64/jre/lib/ext/sunpkcs11.jar
7fa4e12ca000-7fa4e12cc000 r--s 00001000 08:01 803180                     /usr/lib/jvm/java-8-openjdk-amd64/jre/lib/ext/dnsns.jar
7fa4e12cc000-7fa4e12cf000 r--s 0000f000 08:01 803176                     /usr/lib/jvm/java-8-openjdk-amd64/jre/lib/ext/icedtea-sound.jar
7fa4e12cf000-7fa4e13a0000 rw-p 00000000 00:00 0 
7fa4e13a0000-7fa4e13a3000 ---p 00000000 00:00 0 
7fa4e13a3000-7fa4e14a5000 rw-p 00000000 00:00 0 
7fa4e14a5000-7fa4e14a6000 r--s 00010000 08:01 803182                     /usr/lib/jvm/java-8-openjdk-amd64/jre/lib/ext/zipfs.jar
7fa4e14a6000-7fa4e14ac000 r--s 0003b000 08:01 803183                     /usr/lib/jvm/java-8-openjdk-amd64/jre/lib/ext/sunjce_provider.jar
7fa4e14ac000-7fa4e14bb000 rw-p 00000000 00:00 0 
7fa4e14bb000-7fa4e14c3000 rw-s 00000000 08:01 1836275                    /tmp/hsperfdata_user/125378
7fa4e14c3000-7fa4e14c4000 rw-p 00000000 00:00 0 
7fa4e14c4000-7fa4e14c5000 ---p 00000000 00:00 0 
7fa4e14c5000-7fa4e14c6000 rw-p 00000000 00:00 0 
7fa4e14c6000-7fa4e14c7000 r--p 00025000 08:01 2889026                    /lib/x86_64-linux-gnu/ld-2.23.so
7fa4e14c7000-7fa4e14c8000 rw-p 00026000 08:01 2889026                    /lib/x86_64-linux-gnu/ld-2.23.so
7fa4e14c8000-7fa4e14c9000 rw-p 00000000 00:00 0 
7ffcb1fed000-7ffcb200e000 rw-p 00000000 00:00 0                          [stack]
7ffcb2026000-7ffcb2029000 r--p 00000000 00:00 0                          [vvar]
7ffcb2029000-7ffcb202b000 r-xp 00000000 00:00 0                          [vdso]
ffffffffff600000-ffffffffff601000 r-xp 00000000 00:00 0                  [vsyscall]

VM Arguments:
jvm_args: -Xverify:none 
java_command: /home/user/.local/share/jupyter/kernels/scala/launcher.jar launch -r sonatype:releases -r sonatype:snapshots -i ammonite -I ammonite:org.jupyter-scala:ammonite-runtime_2.11.11:0.8.3-1 -I ammonite:org.jupyter-scala:scala-api_2.11.11:0.4.2 org.jupyter-scala:scala-cli_2.11.11:0.4.2 -- --id scala --name Scala --quiet --connection-file /run/user/1000/jupyter/kernel-dd0dea1f-73ff-49d5-a741-bdbc4b5579cd.json
java_class_path (initial): /home/user/.local/share/jupyter/kernels/scala/launcher.jar
Launcher Type: SUN_STANDARD

Environment Variables:
PATH=/home/user/anaconda3/bin:/home/user/anaconda3/bin:/home/user/bin:/home/user/.local/bin:/usr/local/sbin:/usr/local/bin:/usr/sbin:/usr/bin:/sbin:/bin:/usr/games:/usr/local/games:/snap/bin
SHELL=/bin/bash
DISPLAY=:0.0

Signal Handlers:
SIGSEGV: [libjvm.so+0xa71a70], sa_mask[0]=11111111011111111101111111111110, sa_flags=SA_RESTART|SA_SIGINFO
SIGBUS: [libjvm.so+0xa71a70], sa_mask[0]=11111111011111111101111111111110, sa_flags=SA_RESTART|SA_SIGINFO
SIGFPE: [libjvm.so+0x8b8f80], sa_mask[0]=11111111011111111101111111111110, sa_flags=SA_RESTART|SA_SIGINFO
SIGPIPE: [libjvm.so+0x8b8f80], sa_mask[0]=11111111011111111101111111111110, sa_flags=SA_RESTART|SA_SIGINFO
SIGXFSZ: [libjvm.so+0x8b8f80], sa_mask[0]=11111111011111111101111111111110, sa_flags=SA_RESTART|SA_SIGINFO
SIGILL: [libjvm.so+0x8b8f80], sa_mask[0]=11111111011111111101111111111110, sa_flags=SA_RESTART|SA_SIGINFO
SIGUSR1: SIG_DFL, sa_mask[0]=00000000000000000000000000000000, sa_flags=none
SIGUSR2: [libjvm.so+0x8b8e30], sa_mask[0]=00000000000000000000000000000000, sa_flags=SA_RESTART|SA_SIGINFO
SIGHUP: [libjvm.so+0x8b9300], sa_mask[0]=11111111011111111101111111111110, sa_flags=SA_RESTART|SA_SIGINFO
SIGINT: [libjvm.so+0x8b9300], sa_mask[0]=11111111011111111101111111111110, sa_flags=SA_RESTART|SA_SIGINFO
SIGTERM: [libjvm.so+0x8b9300], sa_mask[0]=11111111011111111101111111111110, sa_flags=SA_RESTART|SA_SIGINFO
SIGQUIT: [libjvm.so+0x8b9300], sa_mask[0]=11111111011111111101111111111110, sa_flags=SA_RESTART|SA_SIGINFO


---------------  S Y S T E M  ---------------

OS:DISTRIB_ID=Ubuntu
DISTRIB_RELEASE=16.04
DISTRIB_CODENAME=xenial
DISTRIB_DESCRIPTION="Ubuntu 16.04.5 LTS"

uname:Linux 4.15.0-33-generic #36~16.04.1-Ubuntu SMP Wed Aug 15 17:21:05 UTC 2018 x86_64
libc:glibc 2.23 NPTL 2.23 
rlimit: STACK 8192k, CORE 0k, NPROC 7646, NOFILE 1048576, AS infinity
load average:3.16 1.44 0.64

/proc/meminfo:
MemTotal:        3065896 kB
MemFree:           26216 kB
MemAvailable:      34396 kB
Buffers:             708 kB
Cached:            45672 kB
SwapCached:         2368 kB
Active:          2240868 kB
Inactive:         572112 kB
Active(anon):    2230932 kB
Inactive(anon):   560208 kB
Active(file):       9936 kB
Inactive(file):    11904 kB
Unevictable:          64 kB
Mlocked:              64 kB
SwapTotal:        998396 kB
SwapFree:              0 kB
Dirty:                92 kB
Writeback:             0 kB
AnonPages:       2764540 kB
Mapped:            34980 kB
Shmem:             24308 kB
Slab:              89528 kB
SReclaimable:      35540 kB
SUnreclaim:        53988 kB
KernelStack:       14352 kB
PageTables:        37292 kB
NFS_Unstable:          0 kB
Bounce:                0 kB
WritebackTmp:          0 kB
CommitLimit:     2531344 kB
Committed_AS:    7493752 kB
VmallocTotal:   34359738367 kB
VmallocUsed:           0 kB
VmallocChunk:          0 kB
HardwareCorrupted:     0 kB
AnonHugePages:         0 kB
ShmemHugePages:        0 kB
ShmemPmdMapped:        0 kB
CmaTotal:              0 kB
CmaFree:               0 kB
HugePages_Total:       0
HugePages_Free:        0
HugePages_Rsvd:        0
HugePages_Surp:        0
Hugepagesize:       2048 kB
DirectMap4k:      278400 kB
DirectMap2M:     2867200 kB
DirectMap1G:           0 kB


CPU:total 2 (initial active 2) (1 cores per cpu, 1 threads per core) family 6 model 78 stepping 3, cmov, cx8, fxsr, mmx, sse, sse2, sse3, ssse3, sse4.1, sse4.2, popcnt, avx, avx2, aes, clmul, erms, 3dnowpref, lzcnt, tsc, tscinvbit, bmi1, bmi2, adx

/proc/cpuinfo:
processor	: 0
vendor_id	: GenuineIntel
cpu family	: 6
model		: 78
model name	: Intel(R) Core(TM) i7-6500U CPU @ 2.50GHz
stepping	: 3
microcode	: 0xba
cpu MHz		: 2592.004
cache size	: 4096 KB
physical id	: 0
siblings	: 1
core id		: 0
cpu cores	: 1
apicid		: 0
initial apicid	: 0
fpu		: yes
fpu_exception	: yes
cpuid level	: 22
wp		: yes
flags		: fpu vme de pse tsc msr pae mce cx8 apic sep mtrr pge mca cmov pat pse36 clflush dts mmx fxsr sse sse2 ss syscall nx pdpe1gb rdtscp lm constant_tsc arch_perfmon pebs bts nopl xtopology tsc_reliable nonstop_tsc cpuid aperfmperf pni pclmulqdq ssse3 fma cx16 pcid sse4_1 sse4_2 x2apic movbe popcnt tsc_deadline_timer aes xsave avx f16c rdrand hypervisor lahf_lm abm 3dnowprefetch cpuid_fault epb invpcid_single pti fsgsbase tsc_adjust bmi1 avx2 smep bmi2 invpcid rdseed adx smap xsaveopt dtherm ida arat pln pts hwp hwp_notify hwp_act_window hwp_epp
bugs		: cpu_meltdown spectre_v1 spectre_v2 spec_store_bypass l1tf
bogomips	: 5184.00
clflush size	: 64
cache_alignment	: 64
address sizes	: 42 bits physical, 48 bits virtual
power management:

processor	: 1
vendor_id	: GenuineIntel
cpu family	: 6
model		: 78
model name	: Intel(R) Core(TM) i7-6500U CPU @ 2.50GHz
stepping	: 3
microcode	: 0xba
cpu MHz		: 2592.004
cache size	: 4096 KB
physical id	: 2
siblings	: 1
core id		: 0
cpu cores	: 1
apicid		: 2
initial apicid	: 2
fpu		: yes
fpu_exception	: yes
cpuid level	: 22
wp		: yes
flags		: fpu vme de pse tsc msr pae mce cx8 apic sep mtrr pge mca cmov pat pse36 clflush dts mmx fxsr sse sse2 ss syscall nx pdpe1gb rdtscp lm constant_tsc arch_perfmon pebs bts nopl xtopology tsc_reliable nonstop_tsc cpuid aperfmperf pni pclmulqdq ssse3 fma cx16 pcid sse4_1 sse4_2 x2apic movbe popcnt tsc_deadline_timer aes xsave avx f16c rdrand hypervisor lahf_lm abm 3dnowprefetch cpuid_fault epb invpcid_single pti fsgsbase tsc_adjust bmi1 avx2 smep bmi2 invpcid rdseed adx smap xsaveopt dtherm ida arat pln pts hwp hwp_notify hwp_act_window hwp_epp
bugs		: cpu_meltdown spectre_v1 spectre_v2 spec_store_bypass l1tf
bogomips	: 5184.00
clflush size	: 64
cache_alignment	: 64
address sizes	: 42 bits physical, 48 bits virtual
power management:



Memory: 4k page, physical 3065896k(23636k free), swap 998396k(0k free)

vm_info: OpenJDK 64-Bit Server VM (25.181-b13) for linux-amd64 JRE (1.8.0_181-8u181-b13-1ubuntu0.16.04.1-b13), built on Oct 23 2018 04:39:49 by "buildd" with gcc 5.4.0 20160609

time: Sun Dec  2 20:45:13 2018
elapsed time: 6 seconds (0d 0h 0m 6s)

