#
# There is insufficient memory for the Java Runtime Environment to continue.
# Native memory allocation (mmap) failed to map 55574528 bytes for committing reserved memory.
# Possible reasons:
#   The system is out of physical RAM or swap space
#   In 32 bit mode, the process size limit was hit
# Possible solutions:
#   Reduce memory load on the system
#   Increase physical memory or swap space
#   Check if swap backing store is full
#   Use 64 bit Java on a 64 bit OS
#   Decrease Java heap size (-Xmx/-Xms)
#   Decrease number of Java threads
#   Decrease Java thread stack sizes (-Xss)
#   Set larger code cache with -XX:ReservedCodeCacheSize=
# This output file may be truncated or incomplete.
#
#  Out of Memory Error (os_linux.cpp:2643), pid=125304, tid=0x00007f6bbc8f8700
#
# JRE version: OpenJDK Runtime Environment (8.0_181-b13) (build 1.8.0_181-8u181-b13-1ubuntu0.16.04.1-b13)
# Java VM: OpenJDK 64-Bit Server VM (25.181-b13 mixed mode linux-amd64 compressed oops)
# Failed to write core dump. Core dumps have been disabled. To enable core dumping, try "ulimit -c unlimited" before starting Java again
#

---------------  T H R E A D  ---------------

Current thread (0x00007f6bcc0fb800):  VMThread [stack: 0x00007f6bbc7f8000,0x00007f6bbc8f9000] [id=125308]

Stack: [0x00007f6bbc7f8000,0x00007f6bbc8f9000],  sp=0x00007f6bbc8f74a0,  free space=1021k
Native frames: (J=compiled Java code, j=interpreted, Vv=VM code, C=native code)
V  [libjvm.so+0xa70f1b]
V  [libjvm.so+0x4c893c]
V  [libjvm.so+0x8bda48]
V  [libjvm.so+0x8b7dde]
V  [libjvm.so+0x933246]
V  [libjvm.so+0x934573]
V  [libjvm.so+0x930c3b]
V  [libjvm.so+0x929a69]
V  [libjvm.so+0x44c943]
V  [libjvm.so+0xa724a9]
V  [libjvm.so+0xa77d67]
V  [libjvm.so+0xa75467]
V  [libjvm.so+0xa768ef]
V  [libjvm.so+0xa76de1]
V  [libjvm.so+0x8bae52]

VM_Operation (0x00007f6bd64199c0): CollectForMetadataAllocation, mode: safepoint, requested by thread 0x00007f6bcc00a800


---------------  P R O C E S S  ---------------

Java Threads: ( => current thread )
  0x00007f6bcc4ba000 JavaThread "pool-2-thread-6" daemon [_thread_blocked, id=125328, stack(0x00007f6ba6c22000,0x00007f6ba6d23000)]
  0x00007f6b84007800 JavaThread "pool-2-thread-5" daemon [_thread_blocked, id=125327, stack(0x00007f6ba6d23000,0x00007f6ba6e24000)]
  0x00007f6bcc4b8800 JavaThread "pool-2-thread-4" daemon [_thread_blocked, id=125326, stack(0x00007f6ba6e24000,0x00007f6ba6f25000)]
  0x00007f6bcc4b6800 JavaThread "pool-2-thread-3" daemon [_thread_blocked, id=125325, stack(0x00007f6ba6f25000,0x00007f6ba7026000)]
  0x00007f6bcc4b5800 JavaThread "pool-2-thread-2" daemon [_thread_blocked, id=125324, stack(0x00007f6ba71d6000,0x00007f6ba72d7000)]
  0x00007f6bcc4b4800 JavaThread "pool-2-thread-1" daemon [_thread_blocked, id=125323, stack(0x00007f6ba72d7000,0x00007f6ba73d8000)]
  0x00007f6bcc389000 JavaThread "process reaper" daemon [_thread_blocked, id=125318, stack(0x00007f6bbc06c000,0x00007f6bbc0a5000)]
  0x00007f6bcc141800 JavaThread "Service Thread" daemon [_thread_blocked, id=125314, stack(0x00007f6bbc1f2000,0x00007f6bbc2f3000)]
  0x00007f6bcc13e800 JavaThread "C1 CompilerThread1" daemon [_thread_blocked, id=125313, stack(0x00007f6bbc2f3000,0x00007f6bbc3f4000)]
  0x00007f6bcc13b800 JavaThread "C2 CompilerThread0" daemon [_thread_in_native, id=125312, stack(0x00007f6bbc3f4000,0x00007f6bbc4f5000)]
  0x00007f6bcc13a000 JavaThread "Signal Dispatcher" daemon [_thread_blocked, id=125311, stack(0x00007f6bbc4f5000,0x00007f6bbc5f6000)]
  0x00007f6bcc107800 JavaThread "Finalizer" daemon [_thread_blocked, id=125310, stack(0x00007f6bbc5f6000,0x00007f6bbc6f7000)]
  0x00007f6bcc105000 JavaThread "Reference Handler" daemon [_thread_blocked, id=125309, stack(0x00007f6bbc6f7000,0x00007f6bbc7f8000)]
  0x00007f6bcc00a800 JavaThread "main" [_thread_blocked, id=125305, stack(0x00007f6bd631f000,0x00007f6bd6420000)]

Other Threads:
=>0x00007f6bcc0fb800 VMThread [stack: 0x00007f6bbc7f8000,0x00007f6bbc8f9000] [id=125308]
  0x00007f6bcc144000 WatcherThread [stack: 0x00007f6bbc0f1000,0x00007f6bbc1f2000] [id=125315]

VM state:at safepoint (normal execution)

VM Mutex/Monitor currently owned by a thread:  ([mutex/lock_event])
[0x00007f6bcc006f80] Threads_lock - owner thread: 0x00007f6bcc0fb800
[0x00007f6bcc007480] Heap_lock - owner thread: 0x00007f6bcc00a800

Heap:
 PSYoungGen      total 53248K, used 4089K [0x00000000f0600000, 0x00000000f3e00000, 0x0000000100000000)
  eden space 49152K, 0% used [0x00000000f0600000,0x00000000f0600000,0x00000000f3600000)
  from space 4096K, 99% used [0x00000000f3600000,0x00000000f39fe748,0x00000000f3a00000)
  to   space 4096K, 0% used [0x00000000f3a00000,0x00000000f3a00000,0x00000000f3e00000)
 ParOldGen       total 32768K, used 8101K [0x00000000d1200000, 0x00000000d3200000, 0x00000000f0600000)
  object space 32768K, 24% used [0x00000000d1200000,0x00000000d19e9670,0x00000000d3200000)
 Metaspace       used 20868K, capacity 21166K, committed 21248K, reserved 1067008K
  class space    used 3451K, capacity 3577K, committed 3584K, reserved 1048576K

Card table byte_map: [0x00007f6bd2858000,0x00007f6bd29d0000] byte_map_base: 0x00007f6bd21cf000

Marking Bits: (ParMarkBitMap*) 0x00007f6bd55ef3a0
 Begin Bits: [0x00007f6bd0dec000, 0x00007f6bd19a4000)
 End Bits:   [0x00007f6bd19a4000, 0x00007f6bd255c000)

Polling page: 0x00007f6bd6443000

CodeCache: size=245760Kb used=6130Kb max_used=6130Kb free=239629Kb
 bounds [0x00007f6bbd000000, 0x00007f6bbd610000, 0x00007f6bcc000000]
 total_blobs=2715 nmethods=2318 adapters=311
 compilation: enabled

Compilation events (10 events):
Event: 3.814 Thread 0x00007f6bcc13e800 2320       3       java.lang.String::lastIndexOf (25 bytes)
Event: 3.814 Thread 0x00007f6bcc13e800 nmethod 2320 0x00007f6bbd5fbad0 code [0x00007f6bbd5fbc40, 0x00007f6bbd5fbde8]
Event: 3.814 Thread 0x00007f6bcc13e800 2321       3       java.lang.String::lastIndexOf (11 bytes)
Event: 3.815 Thread 0x00007f6bcc13e800 nmethod 2321 0x00007f6bbd5fbf10 code [0x00007f6bbd5fc080, 0x00007f6bbd5fc308]
Event: 3.866 Thread 0x00007f6bcc13e800 2322       3       sun.misc.ASCIICaseInsensitiveComparator::compare (126 bytes)
Event: 3.867 Thread 0x00007f6bcc13e800 nmethod 2322 0x00007f6bbd5fea90 code [0x00007f6bbd5feca0, 0x00007f6bbd5ff898]
Event: 3.880 Thread 0x00007f6bcc13e800 2323       3       java.io.OutputStream::<init> (5 bytes)
Event: 3.880 Thread 0x00007f6bcc13e800 nmethod 2323 0x00007f6bbd5ffed0 code [0x00007f6bbd600040, 0x00007f6bbd6001f0]
Event: 3.887 Thread 0x00007f6bcc13e800 2324       1       scala.UniquenessCache::map (5 bytes)
Event: 3.887 Thread 0x00007f6bcc13e800 nmethod 2324 0x00007f6bbd6002d0 code [0x00007f6bbd600420, 0x00007f6bbd600530]

GC Heap History (10 events):
Event: 1.314 GC heap after
Heap after GC invocations=2 (full 0):
 PSYoungGen      total 14336K, used 2032K [0x00000000f0600000, 0x00000000f2200000, 0x0000000100000000)
  eden space 12288K, 0% used [0x00000000f0600000,0x00000000f0600000,0x00000000f1200000)
  from space 2048K, 99% used [0x00000000f1400000,0x00000000f15fc030,0x00000000f1600000)
  to   space 2048K, 0% used [0x00000000f1200000,0x00000000f1200000,0x00000000f1400000)
 ParOldGen       total 32768K, used 1459K [0x00000000d1200000, 0x00000000d3200000, 0x00000000f0600000)
  object space 32768K, 4% used [0x00000000d1200000,0x00000000d136cdb0,0x00000000d3200000)
 Metaspace       used 9761K, capacity 9982K, committed 10240K, reserved 1058816K
  class space    used 1640K, capacity 1703K, committed 1792K, reserved 1048576K
}
Event: 1.775 GC heap before
{Heap before GC invocations=3 (full 0):
 PSYoungGen      total 14336K, used 14320K [0x00000000f0600000, 0x00000000f2200000, 0x0000000100000000)
  eden space 12288K, 100% used [0x00000000f0600000,0x00000000f1200000,0x00000000f1200000)
  from space 2048K, 99% used [0x00000000f1400000,0x00000000f15fc030,0x00000000f1600000)
  to   space 2048K, 0% used [0x00000000f1200000,0x00000000f1200000,0x00000000f1400000)
 ParOldGen       total 32768K, used 1459K [0x00000000d1200000, 0x00000000d3200000, 0x00000000f0600000)
  object space 32768K, 4% used [0x00000000d1200000,0x00000000d136cdb0,0x00000000d3200000)
 Metaspace       used 12997K, capacity 13234K, committed 13312K, reserved 1060864K
  class space    used 2219K, capacity 2279K, committed 2304K, reserved 1048576K
Event: 1.780 GC heap after
Heap after GC invocations=3 (full 0):
 PSYoungGen      total 14336K, used 2032K [0x00000000f0600000, 0x00000000f2200000, 0x0000000100000000)
  eden space 12288K, 0% used [0x00000000f0600000,0x00000000f0600000,0x00000000f1200000)
  from space 2048K, 99% used [0x00000000f1200000,0x00000000f13fc030,0x00000000f1400000)
  to   space 2048K, 0% used [0x00000000f2000000,0x00000000f2000000,0x00000000f2200000)
 ParOldGen       total 32768K, used 3038K [0x00000000d1200000, 0x00000000d3200000, 0x00000000f0600000)
  object space 32768K, 9% used [0x00000000d1200000,0x00000000d14f7ad8,0x00000000d3200000)
 Metaspace       used 12997K, capacity 13234K, committed 13312K, reserved 1060864K
  class space    used 2219K, capacity 2279K, committed 2304K, reserved 1048576K
}
Event: 2.001 GC heap before
{Heap before GC invocations=4 (full 0):
 PSYoungGen      total 14336K, used 14320K [0x00000000f0600000, 0x00000000f2200000, 0x0000000100000000)
  eden space 12288K, 100% used [0x00000000f0600000,0x00000000f1200000,0x00000000f1200000)
  from space 2048K, 99% used [0x00000000f1200000,0x00000000f13fc030,0x00000000f1400000)
  to   space 2048K, 0% used [0x00000000f2000000,0x00000000f2000000,0x00000000f2200000)
 ParOldGen       total 32768K, used 3038K [0x00000000d1200000, 0x00000000d3200000, 0x00000000f0600000)
  object space 32768K, 9% used [0x00000000d1200000,0x00000000d14f7ad8,0x00000000d3200000)
 Metaspace       used 13894K, capacity 14142K, committed 14336K, reserved 1060864K
  class space    used 2384K, capacity 2473K, committed 2560K, reserved 1048576K
Event: 2.010 GC heap after
Heap after GC invocations=4 (full 0):
 PSYoungGen      total 26624K, used 2019K [0x00000000f0600000, 0x00000000f2200000, 0x0000000100000000)
  eden space 24576K, 0% used [0x00000000f0600000,0x00000000f0600000,0x00000000f1e00000)
  from space 2048K, 98% used [0x00000000f2000000,0x00000000f21f8c90,0x00000000f2200000)
  to   space 2048K, 0% used [0x00000000f1e00000,0x00000000f1e00000,0x00000000f2000000)
 ParOldGen       total 32768K, used 3614K [0x00000000d1200000, 0x00000000d3200000, 0x00000000f0600000)
  object space 32768K, 11% used [0x00000000d1200000,0x00000000d15878a0,0x00000000d3200000)
 Metaspace       used 13894K, capacity 14142K, committed 14336K, reserved 1060864K
  class space    used 2384K, capacity 2473K, committed 2560K, reserved 1048576K
}
Event: 2.293 GC heap before
{Heap before GC invocations=5 (full 0):
 PSYoungGen      total 26624K, used 26595K [0x00000000f0600000, 0x00000000f2200000, 0x0000000100000000)
  eden space 24576K, 100% used [0x00000000f0600000,0x00000000f1e00000,0x00000000f1e00000)
  from space 2048K, 98% used [0x00000000f2000000,0x00000000f21f8c90,0x00000000f2200000)
  to   space 2048K, 0% used [0x00000000f1e00000,0x00000000f1e00000,0x00000000f2000000)
 ParOldGen       total 32768K, used 3614K [0x00000000d1200000, 0x00000000d3200000, 0x00000000f0600000)
  object space 32768K, 11% used [0x00000000d1200000,0x00000000d15878a0,0x00000000d3200000)
 Metaspace       used 14304K, capacity 14526K, committed 14848K, reserved 1060864K
  class space    used 2433K, capacity 2537K, committed 2560K, reserved 1048576K
Event: 2.300 GC heap after
Heap after GC invocations=5 (full 0):
 PSYoungGen      total 26624K, used 2036K [0x00000000f0600000, 0x00000000f3e00000, 0x0000000100000000)
  eden space 24576K, 0% used [0x00000000f0600000,0x00000000f0600000,0x00000000f1e00000)
  from space 2048K, 99% used [0x00000000f1e00000,0x00000000f1ffd050,0x00000000f2000000)
  to   space 4096K, 0% used [0x00000000f3a00000,0x00000000f3a00000,0x00000000f3e00000)
 ParOldGen       total 32768K, used 4122K [0x00000000d1200000, 0x00000000d3200000, 0x00000000f0600000)
  object space 32768K, 12% used [0x00000000d1200000,0x00000000d1606880,0x00000000d3200000)
 Metaspace       used 14304K, capacity 14526K, committed 14848K, reserved 1060864K
  class space    used 2433K, capacity 2537K, committed 2560K, reserved 1048576K
}
Event: 3.294 GC heap before
{Heap before GC invocations=6 (full 0):
 PSYoungGen      total 26624K, used 26612K [0x00000000f0600000, 0x00000000f3e00000, 0x0000000100000000)
  eden space 24576K, 100% used [0x00000000f0600000,0x00000000f1e00000,0x00000000f1e00000)
  from space 2048K, 99% used [0x00000000f1e00000,0x00000000f1ffd050,0x00000000f2000000)
  to   space 4096K, 0% used [0x00000000f3a00000,0x00000000f3a00000,0x00000000f3e00000)
 ParOldGen       total 32768K, used 4122K [0x00000000d1200000, 0x00000000d3200000, 0x00000000f0600000)
  object space 32768K, 12% used [0x00000000d1200000,0x00000000d1606880,0x00000000d3200000)
 Metaspace       used 14971K, capacity 15342K, committed 15488K, reserved 1062912K
  class space    used 2534K, capacity 2681K, committed 2688K, reserved 1048576K
Event: 3.309 GC heap after
Heap after GC invocations=6 (full 0):
 PSYoungGen      total 53248K, used 3012K [0x00000000f0600000, 0x00000000f3e00000, 0x0000000100000000)
  eden space 49152K, 0% used [0x00000000f0600000,0x00000000f0600000,0x00000000f3600000)
  from space 4096K, 73% used [0x00000000f3a00000,0x00000000f3cf1258,0x00000000f3e00000)
  to   space 4096K, 0% used [0x00000000f3600000,0x00000000f3600000,0x00000000f3a00000)
 ParOldGen       total 32768K, used 4130K [0x00000000d1200000, 0x00000000d3200000, 0x00000000f0600000)
  object space 32768K, 12% used [0x00000000d1200000,0x00000000d1608880,0x00000000d3200000)
 Metaspace       used 14971K, capacity 15342K, committed 15488K, reserved 1062912K
  class space    used 2534K, capacity 2681K, committed 2688K, reserved 1048576K
}
Event: 3.905 GC heap before
{Heap before GC invocations=7 (full 0):
 PSYoungGen      total 53248K, used 41709K [0x00000000f0600000, 0x00000000f3e00000, 0x0000000100000000)
  eden space 49152K, 78% used [0x00000000f0600000,0x00000000f2bca598,0x00000000f3600000)
  from space 4096K, 73% used [0x00000000f3a00000,0x00000000f3cf1258,0x00000000f3e00000)
  to   space 4096K, 0% used [0x00000000f3600000,0x00000000f3600000,0x00000000f3a00000)
 ParOldGen       total 32768K, used 4130K [0x00000000d1200000, 0x00000000d3200000, 0x00000000f0600000)
  object space 32768K, 12% used [0x00000000d1200000,0x00000000d1608880,0x00000000d3200000)
 Metaspace       used 20868K, capacity 21166K, committed 21248K, reserved 1067008K
  class space    used 3451K, capacity 3577K, committed 3584K, reserved 1048576K

Deoptimization events (10 events):
Event: 3.259 Thread 0x00007f6bcc00a800 Uncommon trap: reason=bimorphic action=maybe_recompile pc=0x00007f6bbd29f660 method=java.lang.ClassLoader.loadClass(Ljava/lang/String;Z)Ljava/lang/Class; @ 38
Event: 3.259 Thread 0x00007f6bcc00a800 Uncommon trap: reason=unstable_if action=reinterpret pc=0x00007f6bbd29f4c8 method=java.lang.ClassLoader.getClassLoadingLock(Ljava/lang/String;)Ljava/lang/Object; @ 6
Event: 3.261 Thread 0x00007f6bcc00a800 Uncommon trap: reason=bimorphic action=maybe_recompile pc=0x00007f6bbd5a98c0 method=java.util.HashMap.putVal(ILjava/lang/Object;Ljava/lang/Object;ZZ)Ljava/lang/Object; @ 56
Event: 3.266 Thread 0x00007f6bcc00a800 Uncommon trap: reason=bimorphic action=maybe_recompile pc=0x00007f6bbd5a99cc method=java.util.HashMap.putVal(ILjava/lang/Object;Ljava/lang/Object;ZZ)Ljava/lang/Object; @ 152
Event: 3.268 Thread 0x00007f6bcc00a800 Uncommon trap: reason=bimorphic action=maybe_recompile pc=0x00007f6bbd5a99cc method=java.util.HashMap.putVal(ILjava/lang/Object;Ljava/lang/Object;ZZ)Ljava/lang/Object; @ 152
Event: 3.272 Thread 0x00007f6bcc00a800 Uncommon trap: reason=bimorphic action=maybe_recompile pc=0x00007f6bbd5a98c0 method=java.util.HashMap.putVal(ILjava/lang/Object;Ljava/lang/Object;ZZ)Ljava/lang/Object; @ 56
Event: 3.272 Thread 0x00007f6bcc00a800 Uncommon trap: reason=unstable_if action=reinterpret pc=0x00007f6bbd1f0294 method=sun.net.www.ParseUtil.encodePath(Ljava/lang/String;Z)Ljava/lang/String; @ 116
Event: 3.552 Thread 0x00007f6bcc00a800 Uncommon trap: reason=unstable_if action=reinterpret pc=0x00007f6bbd5940a4 method=java.lang.Integer.valueOf(I)Ljava/lang/Integer; @ 3
Event: 3.580 Thread 0x00007f6bcc00a800 Uncommon trap: reason=unstable_if action=reinterpret pc=0x00007f6bbd2f2ddc method=java.lang.CharacterDataLatin1.digit(II)I @ 82
Event: 3.708 Thread 0x00007f6bcc00a800 Uncommon trap: reason=class_check action=maybe_recompile pc=0x00007f6bbd3b3ae4 method=java.util.regex.Pattern$Slice.match(Ljava/util/regex/Matcher;ILjava/lang/CharSequence;)Z @ 75

Classes redefined (0 events):
No events

Internal exceptions (10 events):
Event: 0.651 Thread 0x00007f6bcc00a800 Exception <a 'java/security/PrivilegedActionException'> (0x00000000f0685058) thrown at [/build/openjdk-8-lTwZJE/openjdk-8-8u181-b13/src/hotspot/src/share/vm/prims/jvm.cpp, line 1435]
Event: 0.651 Thread 0x00007f6bcc00a800 Exception <a 'java/security/PrivilegedActionException'> (0x00000000f06870e0) thrown at [/build/openjdk-8-lTwZJE/openjdk-8-8u181-b13/src/hotspot/src/share/vm/prims/jvm.cpp, line 1435]
Event: 0.651 Thread 0x00007f6bcc00a800 Exception <a 'java/security/PrivilegedActionException'> (0x00000000f06872f0) thrown at [/build/openjdk-8-lTwZJE/openjdk-8-8u181-b13/src/hotspot/src/share/vm/prims/jvm.cpp, line 1435]
Event: 0.651 Thread 0x00007f6bcc00a800 Exception <a 'java/security/PrivilegedActionException'> (0x00000000f0687dc8) thrown at [/build/openjdk-8-lTwZJE/openjdk-8-8u181-b13/src/hotspot/src/share/vm/prims/jvm.cpp, line 1435]
Event: 0.651 Thread 0x00007f6bcc00a800 Exception <a 'java/security/PrivilegedActionException'> (0x00000000f0687fd8) thrown at [/build/openjdk-8-lTwZJE/openjdk-8-8u181-b13/src/hotspot/src/share/vm/prims/jvm.cpp, line 1435]
Event: 1.307 Thread 0x00007f6bcc00a800 Exception <a 'java/lang/NoSuchFieldError': method resolution failed> (0x00000000f11fc760) thrown at [/build/openjdk-8-lTwZJE/openjdk-8-8u181-b13/src/hotspot/src/share/vm/prims/methodHandles.cpp, line 1167]
Event: 1.316 Thread 0x00007f6bcc00a800 Exception <a 'java/lang/NoSuchFieldError': method resolution failed> (0x00000000f0628b68) thrown at [/build/openjdk-8-lTwZJE/openjdk-8-8u181-b13/src/hotspot/src/share/vm/prims/methodHandles.cpp, line 1167]
Event: 1.686 Thread 0x00007f6bcc4b6800 Implicit null exception at 0x00007f6bbd1c5a9b to 0x00007f6bbd1c5c51
Event: 3.586 Thread 0x00007f6bcc00a800 Exception <a 'java/io/FileNotFoundException'> (0x00000000f1af9340) thrown at [/build/openjdk-8-lTwZJE/openjdk-8-8u181-b13/src/hotspot/src/share/vm/prims/jni.cpp, line 709]
Event: 3.737 Thread 0x00007f6bcc00a800 Exception <a 'java/lang/NoSuchMethodError': org.slf4j.impl.StaticMDCBinder.getSingleton()Lorg/slf4j/impl/StaticMDCBinder;> (0x00000000f23b01b8) thrown at [/build/openjdk-8-lTwZJE/openjdk-8-8u181-b13/src/hotspot/src/share/vm/interpreter/linkResolver.cpp, l

Events (10 events):
Event: 3.901 loading class scala/runtime/VolatileByteRef done
Event: 3.902 loading class argonaut/derive/HListProductDecodeJson$$anonfun$hcons$1$$anonfun$apply$4
Event: 3.902 loading class argonaut/derive/HListProductDecodeJson$$anonfun$hcons$1$$anonfun$apply$4 done
Event: 3.902 loading class argonaut/derive/ProductDecodeJson$$anonfun$generic$1$$anonfun$apply$1
Event: 3.902 loading class argonaut/derive/ProductDecodeJson$$anonfun$generic$1$$anonfun$apply$1 done
Event: 3.902 loading class argonaut/DecodeJson$$anon$2
Event: 3.902 loading class argonaut/DecodeJson$$anon$2 done
Event: 3.903 loading class jupyter/kernel/protocol/ShellRequestDecodeJsons$anon$derivedDecodeJson$macro$1783$1
Event: 3.903 loading class jupyter/kernel/protocol/ShellRequestDecodeJsons$anon$derivedDecodeJson$macro$1783$1 done
Event: 3.904 Executing VM operation: CollectForMetadataAllocation


Dynamic libraries:
00400000-00401000 r-xp 00000000 08:01 803085                             /usr/lib/jvm/java-8-openjdk-amd64/jre/bin/java
00600000-00601000 r--p 00000000 08:01 803085                             /usr/lib/jvm/java-8-openjdk-amd64/jre/bin/java
00601000-00602000 rw-p 00001000 08:01 803085                             /usr/lib/jvm/java-8-openjdk-amd64/jre/bin/java
01d9b000-01dff000 rw-p 00000000 00:00 0                                  [heap]
d1200000-d3200000 rw-p 00000000 00:00 0 
d3200000-f0600000 ---p 00000000 00:00 0 
f0600000-f3e00000 rw-p 00000000 00:00 0 
f7300000-100000000 ---p 00000000 00:00 0 
100000000-100380000 rw-p 00000000 00:00 0 
100380000-140000000 ---p 00000000 00:00 0 
7f6b7cfff000-7f6b80000000 rw-p 00000000 00:00 0 
7f6b80000000-7f6b8003b000 rw-p 00000000 00:00 0 
7f6b8003b000-7f6b84000000 ---p 00000000 00:00 0 
7f6b84000000-7f6b84033000 rw-p 00000000 00:00 0 
7f6b84033000-7f6b88000000 ---p 00000000 00:00 0 
7f6b88000000-7f6b88021000 rw-p 00000000 00:00 0 
7f6b88021000-7f6b8c000000 ---p 00000000 00:00 0 
7f6b8c000000-7f6b8c053000 rw-p 00000000 00:00 0 
7f6b8c053000-7f6b90000000 ---p 00000000 00:00 0 
7f6b90000000-7f6b90021000 rw-p 00000000 00:00 0 
7f6b90021000-7f6b94000000 ---p 00000000 00:00 0 
7f6b94000000-7f6b94021000 rw-p 00000000 00:00 0 
7f6b94021000-7f6b98000000 ---p 00000000 00:00 0 
7f6b98000000-7f6b9944f000 rw-p 00000000 00:00 0 
7f6b9944f000-7f6b9c000000 ---p 00000000 00:00 0 
7f6b9c000000-7f6b9c79a000 rw-p 00000000 00:00 0 
7f6b9c79a000-7f6ba0000000 ---p 00000000 00:00 0 
7f6ba0000000-7f6ba0021000 rw-p 00000000 00:00 0 
7f6ba0021000-7f6ba4000000 ---p 00000000 00:00 0 
7f6ba574f000-7f6ba5766000 r-xp 00000000 08:01 803144                     /usr/lib/jvm/java-8-openjdk-amd64/jre/lib/amd64/libnet.so
7f6ba5766000-7f6ba5965000 ---p 00017000 08:01 803144                     /usr/lib/jvm/java-8-openjdk-amd64/jre/lib/amd64/libnet.so
7f6ba5965000-7f6ba5966000 r--p 00016000 08:01 803144                     /usr/lib/jvm/java-8-openjdk-amd64/jre/lib/amd64/libnet.so
7f6ba5966000-7f6ba5967000 rw-p 00017000 08:01 803144                     /usr/lib/jvm/java-8-openjdk-amd64/jre/lib/amd64/libnet.so
7f6ba5967000-7f6ba5978000 r-xp 00000000 08:01 803143                     /usr/lib/jvm/java-8-openjdk-amd64/jre/lib/amd64/libnio.so
7f6ba5978000-7f6ba5b78000 ---p 00011000 08:01 803143                     /usr/lib/jvm/java-8-openjdk-amd64/jre/lib/amd64/libnio.so
7f6ba5b78000-7f6ba5b79000 r--p 00011000 08:01 803143                     /usr/lib/jvm/java-8-openjdk-amd64/jre/lib/amd64/libnio.so
7f6ba5b79000-7f6ba5b7a000 rw-p 00012000 08:01 803143                     /usr/lib/jvm/java-8-openjdk-amd64/jre/lib/amd64/libnio.so
7f6ba5c8f000-7f6ba607b000 rw-p 00000000 00:00 0 
7f6ba607b000-7f6ba613b000 ---p 00000000 00:00 0 
7f6ba613b000-7f6ba633b000 rw-p 00000000 00:00 0 
7f6ba633b000-7f6ba633e000 r--s 00011000 08:01 807203                     /home/user/.coursier/cache/v1/https/repo1.maven.org/maven2/com/lihaoyi/fastparse-utils_2.11/0.4.2/fastparse-utils_2.11-0.4.2.jar
7f6ba633e000-7f6ba6345000 r--s 00042000 08:01 807208                     /home/user/.coursier/cache/v1/https/repo1.maven.org/maven2/com/github/alexarchambault/case-app_2.11/1.1.3/case-app_2.11-1.1.3.jar
7f6ba6345000-7f6ba6346000 r--s 00006000 08:01 807207                     /home/user/.coursier/cache/v1/https/repo1.maven.org/maven2/com/github/alexarchambault/case-app-annotations_2.11/1.1.3/case-app-annotations_2.11-1.1.3.jar
7f6ba6346000-7f6ba6351000 r--s 00069000 08:01 807253                     /home/user/.coursier/cache/v1/https/repo1.maven.org/maven2/ch/qos/logback/logback-core/1.2.1/logback-core-1.2.1.jar
7f6ba6351000-7f6ba6353000 r--s 0000a000 08:01 807225                     /home/user/.coursier/cache/v1/https/repo1.maven.org/maven2/com/github/alexarchambault/case-app-util_2.11/1.1.3/case-app-util_2.11-1.1.3.jar
7f6ba6353000-7f6ba6366000 r--s 000bb000 08:01 807205                     /home/user/.coursier/cache/v1/https/repo1.maven.org/maven2/org/jupyter-scala/kernel_2.11/0.4.1/kernel_2.11-0.4.1.jar
7f6ba6366000-7f6ba6367000 r--s 00000000 08:01 807233                     /home/user/.coursier/cache/v1/https/repo1.maven.org/maven2/org/typelevel/macro-compat_2.11/1.1.1/macro-compat_2.11-1.1.1.jar
7f6ba6367000-7f6ba636a000 r--s 00015000 08:01 807242                     /home/user/.coursier/cache/v1/https/repo1.maven.org/maven2/org/jupyter-scala/scala-cli_2.11.11/0.4.2/scala-cli_2.11.11-0.4.2.jar
7f6ba636a000-7f6ba636f000 r--s 00039000 08:01 807259                     /home/user/.coursier/cache/v1/https/repo1.maven.org/maven2/org/zeromq/jeromq/0.3.6/jeromq-0.3.6.jar
7f6ba636f000-7f6ba6379000 r--s 00074000 08:01 807377                     /home/user/.coursier/cache/v1/https/repo1.maven.org/maven2/org/jupyter-scala/ammonite-compiler_2.11.11/0.8.3-1/ammonite-compiler_2.11.11-0.8.3-1.jar
7f6ba6379000-7f6ba637b000 r--s 00009000 08:01 807266                     /home/user/.coursier/cache/v1/https/repo1.maven.org/maven2/org/slf4j/slf4j-api/1.7.22/slf4j-api-1.7.22.jar
7f6ba637b000-7f6ba6381000 r--s 00046000 08:01 807275                     /home/user/.coursier/cache/v1/https/repo1.maven.org/maven2/ch/qos/logback/logback-classic/1.2.1/logback-classic-1.2.1.jar
7f6ba6381000-7f6ba6382000 r--s 00008000 08:01 807293                     /home/user/.coursier/cache/v1/https/repo1.maven.org/maven2/com/typesafe/scala-logging/scala-logging_2.11/3.5.0/scala-logging_2.11-3.5.0.jar
7f6ba6382000-7f6ba6387000 r--s 00044000 08:01 807300                     /home/user/.coursier/cache/v1/https/repo1.maven.org/maven2/org/scodec/scodec-bits_2.11/1.1.2/scodec-bits_2.11-1.1.2.jar
7f6ba6387000-7f6ba638a000 r--s 00016000 08:01 807311                     /home/user/.coursier/cache/v1/https/repo1.maven.org/maven2/org/jupyter-scala/scala-kernel_2.11.11/0.4.2/scala-kernel_2.11.11-0.4.2.jar
7f6ba638a000-7f6ba6394000 r--s 00069000 08:01 807307                     /home/user/.coursier/cache/v1/https/repo1.maven.org/maven2/com/lihaoyi/scalaparse_2.11/0.4.2/scalaparse_2.11-0.4.2.jar
7f6ba6394000-7f6ba6398000 r--s 00029000 08:01 807324                     /home/user/.coursier/cache/v1/https/repo1.maven.org/maven2/org/jupyter-scala/kernel-protocol_2.11/0.4.1/kernel-protocol_2.11-0.4.1.jar
7f6ba6398000-7f6ba63c8000 r--s 001c7000 08:01 807281                     /home/user/.coursier/cache/v1/https/repo1.maven.org/maven2/io/argonaut/argonaut_2.11/6.2/argonaut_2.11-6.2.jar
7f6ba63c8000-7f6ba63cc000 r--s 0001b000 08:01 807362                     /home/user/.coursier/cache/v1/https/repo1.maven.org/maven2/com/github/alexarchambault/argonaut-shapeless_6.2_2.11/1.2.0-M5/argonaut-shapeless_6.2_2.11-1.2.0-M5.jar
7f6ba63cc000-7f6ba63d2000 r--s 0004d000 08:01 807344                     /home/user/.coursier/cache/v1/https/repo1.maven.org/maven2/com/lihaoyi/fastparse_2.11/0.4.2/fastparse_2.11-0.4.2.jar
7f6ba63d2000-7f6ba63f5000 r--s 00155000 08:01 807348                     /home/user/.coursier/cache/v1/https/repo1.maven.org/maven2/org/scalaz/stream/scalaz-stream_2.11/0.8.6a/scalaz-stream_2.11-0.8.6a.jar
7f6ba63f5000-7f6ba643b000 r--s 00317000 08:01 807336                     /home/user/.coursier/cache/v1/https/repo1.maven.org/maven2/com/chuusai/shapeless_2.11/2.3.2/shapeless_2.11-2.3.2.jar
7f6ba643b000-7f6ba6441000 r--s 00050000 08:01 807318                     /home/user/.coursier/cache/v1/https/repo1.maven.org/maven2/org/jsoup/jsoup/1.10.2/jsoup-1.10.2.jar
7f6ba6441000-7f6ba6513000 r--s 00a6f000 08:01 807285                     /home/user/.coursier/cache/v1/https/repo1.maven.org/maven2/org/scalaz/scalaz-core_2.11/7.2.8/scalaz-core_2.11-7.2.8.jar
7f6ba6513000-7f6ba6620000 r--s 00dd4000 08:01 807246                     /home/user/.coursier/cache/v1/https/repo1.maven.org/maven2/org/scala-lang/scala-compiler/2.11.11/scala-compiler-2.11.11.jar
7f6ba6620000-7f6ba6623000 ---p 00000000 00:00 0 
7f6ba6623000-7f6ba6721000 rw-p 00000000 00:00 0 
7f6ba6721000-7f6ba6724000 ---p 00000000 00:00 0 
7f6ba6724000-7f6ba6a22000 rw-p 00000000 00:00 0 
7f6ba6a22000-7f6ba6c22000 rw-p 00000000 00:00 0 
7f6ba6c22000-7f6ba6c25000 ---p 00000000 00:00 0 
7f6ba6c25000-7f6ba6d23000 rw-p 00000000 00:00 0 
7f6ba6d23000-7f6ba6d26000 ---p 00000000 00:00 0 
7f6ba6d26000-7f6ba6e24000 rw-p 00000000 00:00 0 
7f6ba6e24000-7f6ba6e27000 ---p 00000000 00:00 0 
7f6ba6e27000-7f6ba6f25000 rw-p 00000000 00:00 0 
7f6ba6f25000-7f6ba6f28000 ---p 00000000 00:00 0 
7f6ba6f28000-7f6ba7026000 rw-p 00000000 00:00 0 
7f6ba7026000-7f6ba7028000 r--s 00012000 08:01 807339                     /home/user/.coursier/cache/v1/https/repo1.maven.org/maven2/com/lihaoyi/fansi_2.11/0.2.3/fansi_2.11-0.2.3.jar
7f6ba7028000-7f6ba7029000 r--s 00007000 08:01 807320                     /home/user/.coursier/cache/v1/https/repo1.maven.org/maven2/org/jupyter-scala/kernel-api_2.11/0.4.1/kernel-api_2.11-0.4.1.jar
7f6ba7029000-7f6ba702a000 r--s 00001000 08:01 807355                     /home/user/.coursier/cache/v1/https/repo1.maven.org/maven2/org/jupyter-scala/scala-api_2.11.11/0.4.2/scala-api_2.11.11-0.4.2.jar
7f6ba702a000-7f6ba702f000 r--s 00048000 08:01 807334                     /home/user/.coursier/cache/v1/https/repo1.maven.org/maven2/com/lihaoyi/pprint_2.11/0.4.4/pprint_2.11-0.4.4.jar
7f6ba702f000-7f6ba7034000 r--s 00047000 08:01 807328                     /home/user/.coursier/cache/v1/https/repo1.maven.org/maven2/org/jupyter-scala/ammonite-ops_2.11/0.8.3-1/ammonite-ops_2.11-0.8.3-1.jar
7f6ba7034000-7f6ba703c000 r--s 0004b000 08:01 807374                     /home/user/.coursier/cache/v1/https/repo1.maven.org/maven2/io/get-coursier/coursier-cache_2.11/1.0.0-RC2/coursier-cache_2.11-1.0.0-RC2.jar
7f6ba703c000-7f6ba7062000 r--s 00196000 08:01 807280                     /home/user/.coursier/cache/v1/https/repo1.maven.org/maven2/io/get-coursier/coursier_2.11/1.0.0-RC2/coursier_2.11-1.0.0-RC2.jar
7f6ba7062000-7f6ba706d000 r--s 0005d000 08:01 807365                     /home/user/.coursier/cache/v1/https/repo1.maven.org/maven2/org/scala-lang/modules/scala-parser-combinators_2.11/1.0.4/scala-parser-combinators_2.11-1.0.4.jar
7f6ba706d000-7f6ba7071000 r--s 00023000 08:01 807360                     /home/user/.coursier/cache/v1/https/repo1.maven.org/maven2/org/scalaj/scalaj-http_2.11/2.3.0/scalaj-http_2.11-2.3.0.jar
7f6ba7071000-7f6ba707c000 r--s 00074000 08:01 807252                     /home/user/.coursier/cache/v1/https/repo1.maven.org/maven2/org/jupyter-scala/ammonite-runtime_2.11.11/0.8.3-1/ammonite-runtime_2.11.11-0.8.3-1.jar
7f6ba707c000-7f6ba70d5000 r--s 00523000 08:01 807237                     /home/user/.coursier/cache/v1/https/repo1.maven.org/maven2/org/scala-lang/scala-library/2.11.11/scala-library-2.11.11.jar
7f6ba70d5000-7f6ba70d8000 ---p 00000000 00:00 0 
7f6ba70d8000-7f6ba71d6000 rw-p 00000000 00:00 0 
7f6ba71d6000-7f6ba71d9000 ---p 00000000 00:00 0 
7f6ba71d9000-7f6ba72d7000 rw-p 00000000 00:00 0 
7f6ba72d7000-7f6ba72da000 ---p 00000000 00:00 0 
7f6ba72da000-7f6ba75d8000 rw-p 00000000 00:00 0 
7f6ba75d8000-7f6ba8000000 r--p 00000000 08:01 2105158                    /usr/lib/locale/locale-archive
7f6ba8000000-7f6ba8021000 rw-p 00000000 00:00 0 
7f6ba8021000-7f6bac000000 ---p 00000000 00:00 0 
7f6bac000000-7f6bac021000 rw-p 00000000 00:00 0 
7f6bac021000-7f6bb0000000 ---p 00000000 00:00 0 
7f6bb0000000-7f6bb0026000 rw-p 00000000 00:00 0 
7f6bb0026000-7f6bb4000000 ---p 00000000 00:00 0 
7f6bb4000000-7f6bb4021000 rw-p 00000000 00:00 0 
7f6bb4021000-7f6bb8000000 ---p 00000000 00:00 0 
7f6bb8000000-7f6bb8021000 rw-p 00000000 00:00 0 
7f6bb8021000-7f6bbc000000 ---p 00000000 00:00 0 
7f6bbc000000-7f6bbc04c000 r--s 00418000 08:01 807351                     /home/user/.coursier/cache/v1/https/repo1.maven.org/maven2/org/scala-lang/scala-reflect/2.11.11/scala-reflect-2.11.11.jar
7f6bbc04c000-7f6bbc056000 r--s 00061000 08:01 807370                     /home/user/.coursier/cache/v1/https/repo1.maven.org/maven2/org/scalaz/scalaz-effect_2.11/7.2.8/scalaz-effect_2.11-7.2.8.jar
7f6bbc056000-7f6bbc05c000 r--s 0005c000 08:01 807218                     /home/user/.coursier/cache/v1/https/repo1.maven.org/maven2/com/lihaoyi/upickle_2.11/0.4.4/upickle_2.11-0.4.4.jar
7f6bbc05c000-7f6bbc05e000 r--s 00013000 08:01 807296                     /home/user/.coursier/cache/v1/https/repo1.maven.org/maven2/org/spire-math/jawn-parser_2.11/0.10.3/jawn-parser_2.11-0.10.3.jar
7f6bbc05e000-7f6bbc068000 r--s 0009a000 08:01 807217                     /home/user/.coursier/cache/v1/https/repo1.maven.org/maven2/org/scala-lang/modules/scala-xml_2.11/1.0.6/scala-xml_2.11-1.0.6.jar
7f6bbc068000-7f6bbc06a000 r--s 00016000 08:01 807235                     /home/user/.coursier/cache/v1/https/repo1.maven.org/maven2/org/jupyter-scala/ammonite-util_2.11.11/0.8.3-1/ammonite-util_2.11.11-0.8.3-1.jar
7f6bbc06a000-7f6bbc06c000 r--s 0000f000 08:01 807314                     /home/user/.coursier/cache/v1/https/repo1.maven.org/maven2/com/lihaoyi/derive_2.11/0.4.4/derive_2.11-0.4.4.jar
7f6bbc06c000-7f6bbc06f000 ---p 00000000 00:00 0 
7f6bbc06f000-7f6bbc0a5000 rw-p 00000000 00:00 0 
7f6bbc0a5000-7f6bbc0f1000 r--s 0024b000 08:01 806309                     /home/user/.coursier/bootstrap/1.0.0-RC1/coursier-cli_2.11-1.0.0-RC1-standalone.jar
7f6bbc0f1000-7f6bbc0f2000 ---p 00000000 00:00 0 
7f6bbc0f2000-7f6bbc1f2000 rw-p 00000000 00:00 0 
7f6bbc1f2000-7f6bbc1f5000 ---p 00000000 00:00 0 
7f6bbc1f5000-7f6bbc2f3000 rw-p 00000000 00:00 0 
7f6bbc2f3000-7f6bbc2f6000 ---p 00000000 00:00 0 
7f6bbc2f6000-7f6bbc3f4000 rw-p 00000000 00:00 0 
7f6bbc3f4000-7f6bbc3f7000 ---p 00000000 00:00 0 
7f6bbc3f7000-7f6bbc4f5000 rw-p 00000000 00:00 0 
7f6bbc4f5000-7f6bbc4f8000 ---p 00000000 00:00 0 
7f6bbc4f8000-7f6bbc5f6000 rw-p 00000000 00:00 0 
7f6bbc5f6000-7f6bbc5f9000 ---p 00000000 00:00 0 
7f6bbc5f9000-7f6bbc6f7000 rw-p 00000000 00:00 0 
7f6bbc6f7000-7f6bbc6fa000 ---p 00000000 00:00 0 
7f6bbc6fa000-7f6bbc7f8000 rw-p 00000000 00:00 0 
7f6bbc7f8000-7f6bbc7f9000 ---p 00000000 00:00 0 
7f6bbc7f9000-7f6bbd000000 rw-p 00000000 00:00 0 
7f6bbd000000-7f6bbd610000 rwxp 00000000 00:00 0 
7f6bbd610000-7f6bcc000000 ---p 00000000 00:00 0 
7f6bcc000000-7f6bccffd000 rw-p 00000000 00:00 0 
7f6bccffd000-7f6bd0000000 ---p 00000000 00:00 0 
7f6bd0000000-7f6bd0008000 r--s 0004c000 08:01 807222                     /home/user/.coursier/cache/v1/https/repo1.maven.org/maven2/org/scalaz/scalaz-concurrent_2.11/7.2.8/scalaz-concurrent_2.11-7.2.8.jar
7f6bd0008000-7f6bd000b000 r--s 0001a000 08:01 807269                     /home/user/.coursier/cache/v1/https/repo1.maven.org/maven2/com/lihaoyi/sourcecode_2.11/0.1.3/sourcecode_2.11-0.1.3.jar
7f6bd000b000-7f6bd000d000 r--s 0000d000 08:01 807262                     /home/user/.coursier/cache/v1/https/repo1.maven.org/maven2/com/lihaoyi/geny_2.11/0.1.1/geny_2.11-0.1.1.jar
7f6bd000d000-7f6bd0012000 r--s 0009d000 08:01 803185                     /usr/lib/jvm/java-8-openjdk-amd64/jre/lib/jsse.jar
7f6bd0012000-7f6bd0013000 r--s 00002000 08:01 807381                     /home/user/.local/share/jupyter/kernels/scala/launcher.jar
7f6bd0013000-7f6bd002e000 r--s 00394000 08:01 803174                     /usr/lib/jvm/java-8-openjdk-amd64/jre/lib/ext/cldrdata.jar
7f6bd002e000-7f6bd0049000 r--s 001d6000 08:01 803177                     /usr/lib/jvm/java-8-openjdk-amd64/jre/lib/ext/nashorn.jar
7f6bd0049000-7f6bd004a000 r--s 0000a000 08:01 803181                     /usr/lib/jvm/java-8-openjdk-amd64/jre/lib/ext/jaccess.jar
7f6bd004a000-7f6bd004c000 r--s 00008000 08:01 803178                     /usr/lib/jvm/java-8-openjdk-amd64/jre/lib/ext/sunec.jar
7f6bd004c000-7f6bd0056000 r--s 00116000 08:01 803175                     /usr/lib/jvm/java-8-openjdk-amd64/jre/lib/ext/localedata.jar
7f6bd0056000-7f6bd02a6000 rw-p 00000000 00:00 0 
7f6bd02a6000-7f6bd0475000 r--s 03c33000 08:01 803184                     /usr/lib/jvm/java-8-openjdk-amd64/jre/lib/rt.jar
7f6bd0475000-7f6bd255c000 rw-p 00000000 00:00 0 
7f6bd255c000-7f6bd255d000 ---p 00000000 00:00 0 
7f6bd255d000-7f6bd265d000 rw-p 00000000 00:00 0 
7f6bd265d000-7f6bd265e000 ---p 00000000 00:00 0 
7f6bd265e000-7f6bd276e000 rw-p 00000000 00:00 0 
7f6bd276e000-7f6bd2858000 ---p 00000000 00:00 0 
7f6bd2858000-7f6bd2868000 rw-p 00000000 00:00 0 
7f6bd2868000-7f6bd2952000 ---p 00000000 00:00 0 
7f6bd2952000-7f6bd296e000 rw-p 00000000 00:00 0 
7f6bd296e000-7f6bd29cf000 ---p 00000000 00:00 0 
7f6bd29cf000-7f6bd29e9000 rw-p 00000000 00:00 0 
7f6bd29e9000-7f6bd2d90000 ---p 00000000 00:00 0 
7f6bd2d90000-7f6bd2d98000 r-xp 00000000 08:01 803135                     /usr/lib/jvm/java-8-openjdk-amd64/jre/lib/amd64/libzip.so
7f6bd2d98000-7f6bd2f97000 ---p 00008000 08:01 803135                     /usr/lib/jvm/java-8-openjdk-amd64/jre/lib/amd64/libzip.so
7f6bd2f97000-7f6bd2f98000 r--p 00007000 08:01 803135                     /usr/lib/jvm/java-8-openjdk-amd64/jre/lib/amd64/libzip.so
7f6bd2f98000-7f6bd2f99000 rw-p 00008000 08:01 803135                     /usr/lib/jvm/java-8-openjdk-amd64/jre/lib/amd64/libzip.so
7f6bd2f99000-7f6bd2fa4000 r-xp 00000000 08:01 2889153                    /lib/x86_64-linux-gnu/libnss_files-2.23.so
7f6bd2fa4000-7f6bd31a3000 ---p 0000b000 08:01 2889153                    /lib/x86_64-linux-gnu/libnss_files-2.23.so
7f6bd31a3000-7f6bd31a4000 r--p 0000a000 08:01 2889153                    /lib/x86_64-linux-gnu/libnss_files-2.23.so
7f6bd31a4000-7f6bd31a5000 rw-p 0000b000 08:01 2889153                    /lib/x86_64-linux-gnu/libnss_files-2.23.so
7f6bd31a5000-7f6bd31ab000 rw-p 00000000 00:00 0 
7f6bd31ab000-7f6bd31b6000 r-xp 00000000 08:01 2889163                    /lib/x86_64-linux-gnu/libnss_nis-2.23.so
7f6bd31b6000-7f6bd33b5000 ---p 0000b000 08:01 2889163                    /lib/x86_64-linux-gnu/libnss_nis-2.23.so
7f6bd33b5000-7f6bd33b6000 r--p 0000a000 08:01 2889163                    /lib/x86_64-linux-gnu/libnss_nis-2.23.so
7f6bd33b6000-7f6bd33b7000 rw-p 0000b000 08:01 2889163                    /lib/x86_64-linux-gnu/libnss_nis-2.23.so
7f6bd33b7000-7f6bd33cd000 r-xp 00000000 08:01 2889147                    /lib/x86_64-linux-gnu/libnsl-2.23.so
7f6bd33cd000-7f6bd35cc000 ---p 00016000 08:01 2889147                    /lib/x86_64-linux-gnu/libnsl-2.23.so
7f6bd35cc000-7f6bd35cd000 r--p 00015000 08:01 2889147                    /lib/x86_64-linux-gnu/libnsl-2.23.so
7f6bd35cd000-7f6bd35ce000 rw-p 00016000 08:01 2889147                    /lib/x86_64-linux-gnu/libnsl-2.23.so
7f6bd35ce000-7f6bd35d0000 rw-p 00000000 00:00 0 
7f6bd35d0000-7f6bd35d8000 r-xp 00000000 08:01 2889149                    /lib/x86_64-linux-gnu/libnss_compat-2.23.so
7f6bd35d8000-7f6bd37d7000 ---p 00008000 08:01 2889149                    /lib/x86_64-linux-gnu/libnss_compat-2.23.so
7f6bd37d7000-7f6bd37d8000 r--p 00007000 08:01 2889149                    /lib/x86_64-linux-gnu/libnss_compat-2.23.so
7f6bd37d8000-7f6bd37d9000 rw-p 00008000 08:01 2889149                    /lib/x86_64-linux-gnu/libnss_compat-2.23.so
7f6bd37d9000-7f6bd3806000 r-xp 00000000 08:01 803155                     /usr/lib/jvm/java-8-openjdk-amd64/jre/lib/amd64/libjava.so
7f6bd3806000-7f6bd3a05000 ---p 0002d000 08:01 803155                     /usr/lib/jvm/java-8-openjdk-amd64/jre/lib/amd64/libjava.so
7f6bd3a05000-7f6bd3a06000 r--p 0002c000 08:01 803155                     /usr/lib/jvm/java-8-openjdk-amd64/jre/lib/amd64/libjava.so
7f6bd3a06000-7f6bd3a08000 rw-p 0002d000 08:01 803155                     /usr/lib/jvm/java-8-openjdk-amd64/jre/lib/amd64/libjava.so
7f6bd3a08000-7f6bd3a17000 r-xp 00000000 08:01 803127                     /usr/lib/jvm/java-8-openjdk-amd64/jre/lib/amd64/libverify.so
7f6bd3a17000-7f6bd3c16000 ---p 0000f000 08:01 803127                     /usr/lib/jvm/java-8-openjdk-amd64/jre/lib/amd64/libverify.so
7f6bd3c16000-7f6bd3c18000 r--p 0000e000 08:01 803127                     /usr/lib/jvm/java-8-openjdk-amd64/jre/lib/amd64/libverify.so
7f6bd3c18000-7f6bd3c19000 rw-p 00010000 08:01 803127                     /usr/lib/jvm/java-8-openjdk-amd64/jre/lib/amd64/libverify.so
7f6bd3c19000-7f6bd3c20000 r-xp 00000000 08:01 2889208                    /lib/x86_64-linux-gnu/librt-2.23.so
7f6bd3c20000-7f6bd3e1f000 ---p 00007000 08:01 2889208                    /lib/x86_64-linux-gnu/librt-2.23.so
7f6bd3e1f000-7f6bd3e20000 r--p 00006000 08:01 2889208                    /lib/x86_64-linux-gnu/librt-2.23.so
7f6bd3e20000-7f6bd3e21000 rw-p 00007000 08:01 2889208                    /lib/x86_64-linux-gnu/librt-2.23.so
7f6bd3e21000-7f6bd3e37000 r-xp 00000000 08:01 2889092                    /lib/x86_64-linux-gnu/libgcc_s.so.1
7f6bd3e37000-7f6bd4036000 ---p 00016000 08:01 2889092                    /lib/x86_64-linux-gnu/libgcc_s.so.1
7f6bd4036000-7f6bd4037000 rw-p 00015000 08:01 2889092                    /lib/x86_64-linux-gnu/libgcc_s.so.1
7f6bd4037000-7f6bd413f000 r-xp 00000000 08:01 2889124                    /lib/x86_64-linux-gnu/libm-2.23.so
7f6bd413f000-7f6bd433e000 ---p 00108000 08:01 2889124                    /lib/x86_64-linux-gnu/libm-2.23.so
7f6bd433e000-7f6bd433f000 r--p 00107000 08:01 2889124                    /lib/x86_64-linux-gnu/libm-2.23.so
7f6bd433f000-7f6bd4340000 rw-p 00108000 08:01 2889124                    /lib/x86_64-linux-gnu/libm-2.23.so
7f6bd4340000-7f6bd44b2000 r-xp 00000000 08:01 2107766                    /usr/lib/x86_64-linux-gnu/libstdc++.so.6.0.21
7f6bd44b2000-7f6bd46b2000 ---p 00172000 08:01 2107766                    /usr/lib/x86_64-linux-gnu/libstdc++.so.6.0.21
7f6bd46b2000-7f6bd46bc000 r--p 00172000 08:01 2107766                    /usr/lib/x86_64-linux-gnu/libstdc++.so.6.0.21
7f6bd46bc000-7f6bd46be000 rw-p 0017c000 08:01 2107766                    /usr/lib/x86_64-linux-gnu/libstdc++.so.6.0.21
7f6bd46be000-7f6bd46c2000 rw-p 00000000 00:00 0 
7f6bd46c2000-7f6bd531f000 r-xp 00000000 08:01 803133                     /usr/lib/jvm/java-8-openjdk-amd64/jre/lib/amd64/server/libjvm.so
7f6bd531f000-7f6bd551f000 ---p 00c5d000 08:01 803133                     /usr/lib/jvm/java-8-openjdk-amd64/jre/lib/amd64/server/libjvm.so
7f6bd551f000-7f6bd55b3000 r--p 00c5d000 08:01 803133                     /usr/lib/jvm/java-8-openjdk-amd64/jre/lib/amd64/server/libjvm.so
7f6bd55b3000-7f6bd55dc000 rw-p 00cf1000 08:01 803133                     /usr/lib/jvm/java-8-openjdk-amd64/jre/lib/amd64/server/libjvm.so
7f6bd55dc000-7f6bd560c000 rw-p 00000000 00:00 0 
7f6bd560c000-7f6bd5624000 r-xp 00000000 08:01 2889200                    /lib/x86_64-linux-gnu/libpthread-2.23.so
7f6bd5624000-7f6bd5823000 ---p 00018000 08:01 2889200                    /lib/x86_64-linux-gnu/libpthread-2.23.so
7f6bd5823000-7f6bd5824000 r--p 00017000 08:01 2889200                    /lib/x86_64-linux-gnu/libpthread-2.23.so
7f6bd5824000-7f6bd5825000 rw-p 00018000 08:01 2889200                    /lib/x86_64-linux-gnu/libpthread-2.23.so
7f6bd5825000-7f6bd5829000 rw-p 00000000 00:00 0 
7f6bd5829000-7f6bd582c000 r-xp 00000000 08:01 2889078                    /lib/x86_64-linux-gnu/libdl-2.23.so
7f6bd582c000-7f6bd5a2b000 ---p 00003000 08:01 2889078                    /lib/x86_64-linux-gnu/libdl-2.23.so
7f6bd5a2b000-7f6bd5a2c000 r--p 00002000 08:01 2889078                    /lib/x86_64-linux-gnu/libdl-2.23.so
7f6bd5a2c000-7f6bd5a2d000 rw-p 00003000 08:01 2889078                    /lib/x86_64-linux-gnu/libdl-2.23.so
7f6bd5a2d000-7f6bd5a46000 r-xp 00000000 08:01 2889245                    /lib/x86_64-linux-gnu/libz.so.1.2.8
7f6bd5a46000-7f6bd5c45000 ---p 00019000 08:01 2889245                    /lib/x86_64-linux-gnu/libz.so.1.2.8
7f6bd5c45000-7f6bd5c46000 r--p 00018000 08:01 2889245                    /lib/x86_64-linux-gnu/libz.so.1.2.8
7f6bd5c46000-7f6bd5c47000 rw-p 00019000 08:01 2889245                    /lib/x86_64-linux-gnu/libz.so.1.2.8
7f6bd5c47000-7f6bd5e07000 r-xp 00000000 08:01 2889054                    /lib/x86_64-linux-gnu/libc-2.23.so
7f6bd5e07000-7f6bd6007000 ---p 001c0000 08:01 2889054                    /lib/x86_64-linux-gnu/libc-2.23.so
7f6bd6007000-7f6bd600b000 r--p 001c0000 08:01 2889054                    /lib/x86_64-linux-gnu/libc-2.23.so
7f6bd600b000-7f6bd600d000 rw-p 001c4000 08:01 2889054                    /lib/x86_64-linux-gnu/libc-2.23.so
7f6bd600d000-7f6bd6011000 rw-p 00000000 00:00 0 
7f6bd6011000-7f6bd601e000 r-xp 00000000 08:01 803131                     /usr/lib/jvm/java-8-openjdk-amd64/jre/lib/amd64/jli/libjli.so
7f6bd601e000-7f6bd621e000 ---p 0000d000 08:01 803131                     /usr/lib/jvm/java-8-openjdk-amd64/jre/lib/amd64/jli/libjli.so
7f6bd621e000-7f6bd621f000 r--p 0000d000 08:01 803131                     /usr/lib/jvm/java-8-openjdk-amd64/jre/lib/amd64/jli/libjli.so
7f6bd621f000-7f6bd6220000 rw-p 0000e000 08:01 803131                     /usr/lib/jvm/java-8-openjdk-amd64/jre/lib/amd64/jli/libjli.so
7f6bd6220000-7f6bd6246000 r-xp 00000000 08:01 2889026                    /lib/x86_64-linux-gnu/ld-2.23.so
7f6bd6246000-7f6bd6249000 r--s 00038000 08:01 803179                     /usr/lib/jvm/java-8-openjdk-amd64/jre/lib/ext/sunpkcs11.jar
7f6bd6249000-7f6bd624b000 r--s 00001000 08:01 803180                     /usr/lib/jvm/java-8-openjdk-amd64/jre/lib/ext/dnsns.jar
7f6bd624b000-7f6bd624e000 r--s 0000f000 08:01 803176                     /usr/lib/jvm/java-8-openjdk-amd64/jre/lib/ext/icedtea-sound.jar
7f6bd624e000-7f6bd631f000 rw-p 00000000 00:00 0 
7f6bd631f000-7f6bd6322000 ---p 00000000 00:00 0 
7f6bd6322000-7f6bd6424000 rw-p 00000000 00:00 0 
7f6bd6424000-7f6bd6425000 r--s 00010000 08:01 803182                     /usr/lib/jvm/java-8-openjdk-amd64/jre/lib/ext/zipfs.jar
7f6bd6425000-7f6bd642b000 r--s 0003b000 08:01 803183                     /usr/lib/jvm/java-8-openjdk-amd64/jre/lib/ext/sunjce_provider.jar
7f6bd642b000-7f6bd643a000 rw-p 00000000 00:00 0 
7f6bd643a000-7f6bd6442000 rw-s 00000000 08:01 1836275                    /tmp/hsperfdata_user/125304
7f6bd6442000-7f6bd6443000 rw-p 00000000 00:00 0 
7f6bd6443000-7f6bd6444000 ---p 00000000 00:00 0 
7f6bd6444000-7f6bd6445000 rw-p 00000000 00:00 0 
7f6bd6445000-7f6bd6446000 r--p 00025000 08:01 2889026                    /lib/x86_64-linux-gnu/ld-2.23.so
7f6bd6446000-7f6bd6447000 rw-p 00026000 08:01 2889026                    /lib/x86_64-linux-gnu/ld-2.23.so
7f6bd6447000-7f6bd6448000 rw-p 00000000 00:00 0 
7fffecfa5000-7fffecfc6000 rw-p 00000000 00:00 0                          [stack]
7fffecff9000-7fffecffc000 r--p 00000000 00:00 0                          [vvar]
7fffecffc000-7fffecffe000 r-xp 00000000 00:00 0                          [vdso]
ffffffffff600000-ffffffffff601000 r-xp 00000000 00:00 0                  [vsyscall]

VM Arguments:
jvm_args: -Xverify:none 
java_command: /home/user/.local/share/jupyter/kernels/scala/launcher.jar launch -r sonatype:releases -r sonatype:snapshots -i ammonite -I ammonite:org.jupyter-scala:ammonite-runtime_2.11.11:0.8.3-1 -I ammonite:org.jupyter-scala:scala-api_2.11.11:0.4.2 org.jupyter-scala:scala-cli_2.11.11:0.4.2 -- --id scala --name Scala --quiet --connection-file /run/user/1000/jupyter/kernel-dd0dea1f-73ff-49d5-a741-bdbc4b5579cd.json
java_class_path (initial): /home/user/.local/share/jupyter/kernels/scala/launcher.jar
Launcher Type: SUN_STANDARD

Environment Variables:
PATH=/home/user/anaconda3/bin:/home/user/anaconda3/bin:/home/user/bin:/home/user/.local/bin:/usr/local/sbin:/usr/local/bin:/usr/sbin:/usr/bin:/sbin:/bin:/usr/games:/usr/local/games:/snap/bin
SHELL=/bin/bash
DISPLAY=:0.0

Signal Handlers:
SIGSEGV: [libjvm.so+0xa71a70], sa_mask[0]=11111111011111111101111111111110, sa_flags=SA_RESTART|SA_SIGINFO
SIGBUS: [libjvm.so+0xa71a70], sa_mask[0]=11111111011111111101111111111110, sa_flags=SA_RESTART|SA_SIGINFO
SIGFPE: [libjvm.so+0x8b8f80], sa_mask[0]=11111111011111111101111111111110, sa_flags=SA_RESTART|SA_SIGINFO
SIGPIPE: [libjvm.so+0x8b8f80], sa_mask[0]=11111111011111111101111111111110, sa_flags=SA_RESTART|SA_SIGINFO
SIGXFSZ: [libjvm.so+0x8b8f80], sa_mask[0]=11111111011111111101111111111110, sa_flags=SA_RESTART|SA_SIGINFO
SIGILL: [libjvm.so+0x8b8f80], sa_mask[0]=11111111011111111101111111111110, sa_flags=SA_RESTART|SA_SIGINFO
SIGUSR1: SIG_DFL, sa_mask[0]=00000000000000000000000000000000, sa_flags=none
SIGUSR2: [libjvm.so+0x8b8e30], sa_mask[0]=00000000000000000000000000000000, sa_flags=SA_RESTART|SA_SIGINFO
SIGHUP: [libjvm.so+0x8b9300], sa_mask[0]=11111111011111111101111111111110, sa_flags=SA_RESTART|SA_SIGINFO
SIGINT: [libjvm.so+0x8b9300], sa_mask[0]=11111111011111111101111111111110, sa_flags=SA_RESTART|SA_SIGINFO
SIGTERM: [libjvm.so+0x8b9300], sa_mask[0]=11111111011111111101111111111110, sa_flags=SA_RESTART|SA_SIGINFO
SIGQUIT: [libjvm.so+0x8b9300], sa_mask[0]=11111111011111111101111111111110, sa_flags=SA_RESTART|SA_SIGINFO


---------------  S Y S T E M  ---------------

OS:DISTRIB_ID=Ubuntu
DISTRIB_RELEASE=16.04
DISTRIB_CODENAME=xenial
DISTRIB_DESCRIPTION="Ubuntu 16.04.5 LTS"

uname:Linux 4.15.0-33-generic #36~16.04.1-Ubuntu SMP Wed Aug 15 17:21:05 UTC 2018 x86_64
libc:glibc 2.23 NPTL 2.23 
rlimit: STACK 8192k, CORE 0k, NPROC 7646, NOFILE 1048576, AS infinity
load average:3.00 1.32 0.60

/proc/meminfo:
MemTotal:        3065896 kB
MemFree:           24288 kB
MemAvailable:      33572 kB
Buffers:            1172 kB
Cached:            46484 kB
SwapCached:         2368 kB
Active:          2245364 kB
Inactive:         570912 kB
Active(anon):    2233196 kB
Inactive(anon):   560088 kB
Active(file):      12168 kB
Inactive(file):    10824 kB
Unevictable:          64 kB
Mlocked:              64 kB
SwapTotal:        998396 kB
SwapFree:              0 kB
Dirty:               120 kB
Writeback:             0 kB
AnonPages:       2766448 kB
Mapped:            34372 kB
Shmem:             24564 kB
Slab:              89448 kB
SReclaimable:      35492 kB
SUnreclaim:        53956 kB
KernelStack:       14352 kB
PageTables:        37280 kB
NFS_Unstable:          0 kB
Bounce:                0 kB
WritebackTmp:          0 kB
CommitLimit:     2531344 kB
Committed_AS:    7497436 kB
VmallocTotal:   34359738367 kB
VmallocUsed:           0 kB
VmallocChunk:          0 kB
HardwareCorrupted:     0 kB
AnonHugePages:         0 kB
ShmemHugePages:        0 kB
ShmemPmdMapped:        0 kB
CmaTotal:              0 kB
CmaFree:               0 kB
HugePages_Total:       0
HugePages_Free:        0
HugePages_Rsvd:        0
HugePages_Surp:        0
Hugepagesize:       2048 kB
DirectMap4k:      278400 kB
DirectMap2M:     2867200 kB
DirectMap1G:           0 kB


CPU:total 2 (initial active 2) (1 cores per cpu, 1 threads per core) family 6 model 78 stepping 3, cmov, cx8, fxsr, mmx, sse, sse2, sse3, ssse3, sse4.1, sse4.2, popcnt, avx, avx2, aes, clmul, erms, 3dnowpref, lzcnt, tsc, tscinvbit, bmi1, bmi2, adx

/proc/cpuinfo:
processor	: 0
vendor_id	: GenuineIntel
cpu family	: 6
model		: 78
model name	: Intel(R) Core(TM) i7-6500U CPU @ 2.50GHz
stepping	: 3
microcode	: 0xba
cpu MHz		: 2592.004
cache size	: 4096 KB
physical id	: 0
siblings	: 1
core id		: 0
cpu cores	: 1
apicid		: 0
initial apicid	: 0
fpu		: yes
fpu_exception	: yes
cpuid level	: 22
wp		: yes
flags		: fpu vme de pse tsc msr pae mce cx8 apic sep mtrr pge mca cmov pat pse36 clflush dts mmx fxsr sse sse2 ss syscall nx pdpe1gb rdtscp lm constant_tsc arch_perfmon pebs bts nopl xtopology tsc_reliable nonstop_tsc cpuid aperfmperf pni pclmulqdq ssse3 fma cx16 pcid sse4_1 sse4_2 x2apic movbe popcnt tsc_deadline_timer aes xsave avx f16c rdrand hypervisor lahf_lm abm 3dnowprefetch cpuid_fault epb invpcid_single pti fsgsbase tsc_adjust bmi1 avx2 smep bmi2 invpcid rdseed adx smap xsaveopt dtherm ida arat pln pts hwp hwp_notify hwp_act_window hwp_epp
bugs		: cpu_meltdown spectre_v1 spectre_v2 spec_store_bypass l1tf
bogomips	: 5184.00
clflush size	: 64
cache_alignment	: 64
address sizes	: 42 bits physical, 48 bits virtual
power management:

processor	: 1
vendor_id	: GenuineIntel
cpu family	: 6
model		: 78
model name	: Intel(R) Core(TM) i7-6500U CPU @ 2.50GHz
stepping	: 3
microcode	: 0xba
cpu MHz		: 2592.004
cache size	: 4096 KB
physical id	: 2
siblings	: 1
core id		: 0
cpu cores	: 1
apicid		: 2
initial apicid	: 2
fpu		: yes
fpu_exception	: yes
cpuid level	: 22
wp		: yes
flags		: fpu vme de pse tsc msr pae mce cx8 apic sep mtrr pge mca cmov pat pse36 clflush dts mmx fxsr sse sse2 ss syscall nx pdpe1gb rdtscp lm constant_tsc arch_perfmon pebs bts nopl xtopology tsc_reliable nonstop_tsc cpuid aperfmperf pni pclmulqdq ssse3 fma cx16 pcid sse4_1 sse4_2 x2apic movbe popcnt tsc_deadline_timer aes xsave avx f16c rdrand hypervisor lahf_lm abm 3dnowprefetch cpuid_fault epb invpcid_single pti fsgsbase tsc_adjust bmi1 avx2 smep bmi2 invpcid rdseed adx smap xsaveopt dtherm ida arat pln pts hwp hwp_notify hwp_act_window hwp_epp
bugs		: cpu_meltdown spectre_v1 spectre_v2 spec_store_bypass l1tf
bogomips	: 5184.00
clflush size	: 64
cache_alignment	: 64
address sizes	: 42 bits physical, 48 bits virtual
power management:



Memory: 4k page, physical 3065896k(23296k free), swap 998396k(0k free)

vm_info: OpenJDK 64-Bit Server VM (25.181-b13) for linux-amd64 JRE (1.8.0_181-8u181-b13-1ubuntu0.16.04.1-b13), built on Oct 23 2018 04:39:49 by "buildd" with gcc 5.4.0 20160609

time: Sun Dec  2 20:44:59 2018
elapsed time: 3 seconds (0d 0h 0m 3s)

