#
# There is insufficient memory for the Java Runtime Environment to continue.
# Native memory allocation (mmap) failed to map 54525952 bytes for committing reserved memory.
# Possible reasons:
#   The system is out of physical RAM or swap space
#   In 32 bit mode, the process size limit was hit
# Possible solutions:
#   Reduce memory load on the system
#   Increase physical memory or swap space
#   Check if swap backing store is full
#   Use 64 bit Java on a 64 bit OS
#   Decrease Java heap size (-Xmx/-Xms)
#   Decrease number of Java threads
#   Decrease Java thread stack sizes (-Xss)
#   Set larger code cache with -XX:ReservedCodeCacheSize=
# This output file may be truncated or incomplete.
#
#  Out of Memory Error (os_linux.cpp:2643), pid=125750, tid=0x00007f57dd887700
#
# JRE version: OpenJDK Runtime Environment (8.0_181-b13) (build 1.8.0_181-8u181-b13-1ubuntu0.16.04.1-b13)
# Java VM: OpenJDK 64-Bit Server VM (25.181-b13 mixed mode linux-amd64 compressed oops)
# Failed to write core dump. Core dumps have been disabled. To enable core dumping, try "ulimit -c unlimited" before starting Java again
#

---------------  T H R E A D  ---------------

Current thread (0x00007f57f40fb800):  VMThread [stack: 0x00007f57dd787000,0x00007f57dd888000] [id=125754]

Stack: [0x00007f57dd787000,0x00007f57dd888000],  sp=0x00007f57dd8864a0,  free space=1021k
Native frames: (J=compiled Java code, j=interpreted, Vv=VM code, C=native code)
V  [libjvm.so+0xa70f1b]
V  [libjvm.so+0x4c893c]
V  [libjvm.so+0x8bda48]
V  [libjvm.so+0x8b7dde]
V  [libjvm.so+0x933246]
V  [libjvm.so+0x934573]
V  [libjvm.so+0x930c3b]
V  [libjvm.so+0x929a69]
V  [libjvm.so+0x44c943]
V  [libjvm.so+0xa724a9]
V  [libjvm.so+0xa77d67]
V  [libjvm.so+0xa75467]
V  [libjvm.so+0xa768ef]
V  [libjvm.so+0xa76de1]
V  [libjvm.so+0x8bae52]

VM_Operation (0x00007f57fb3e64c0): CollectForMetadataAllocation, mode: safepoint, requested by thread 0x00007f57f400a800


---------------  P R O C E S S  ---------------

Java Threads: ( => current thread )
  0x00007f57f438d000 JavaThread "pool-2-thread-6" daemon [_thread_blocked, id=125774, stack(0x00007f57abcfd000,0x00007f57abdfe000)]
  0x00007f57f438b000 JavaThread "pool-2-thread-5" daemon [_thread_blocked, id=125773, stack(0x00007f57abdfe000,0x00007f57abeff000)]
  0x00007f57f4389800 JavaThread "pool-2-thread-4" daemon [_thread_blocked, id=125772, stack(0x00007f57abeff000,0x00007f57ac000000)]
  0x00007f57f4388000 JavaThread "pool-2-thread-3" daemon [_thread_blocked, id=125771, stack(0x00007f57dc008000,0x00007f57dc109000)]
  0x00007f57f4387000 JavaThread "pool-2-thread-2" daemon [_thread_blocked, id=125770, stack(0x00007f57dc30b000,0x00007f57dc40c000)]
  0x00007f57f4386000 JavaThread "pool-2-thread-1" daemon [_thread_blocked, id=125769, stack(0x00007f57dc20a000,0x00007f57dc30b000)]
  0x00007f57f4209800 JavaThread "process reaper" daemon [_thread_blocked, id=125764, stack(0x00007f57e4010000,0x00007f57e4049000)]
  0x00007f57f4141800 JavaThread "Service Thread" daemon [_thread_blocked, id=125760, stack(0x00007f57dc759000,0x00007f57dc85a000)]
  0x00007f57f413e800 JavaThread "C1 CompilerThread1" daemon [_thread_blocked, id=125759, stack(0x00007f57dc85a000,0x00007f57dc95b000)]
  0x00007f57f413b800 JavaThread "C2 CompilerThread0" daemon [_thread_blocked, id=125758, stack(0x00007f57dc95b000,0x00007f57dca5c000)]
  0x00007f57f413a000 JavaThread "Signal Dispatcher" daemon [_thread_blocked, id=125757, stack(0x00007f57dca5c000,0x00007f57dcb5d000)]
  0x00007f57f4107800 JavaThread "Finalizer" daemon [_thread_blocked, id=125756, stack(0x00007f57dd585000,0x00007f57dd686000)]
  0x00007f57f4105000 JavaThread "Reference Handler" daemon [_thread_blocked, id=125755, stack(0x00007f57dd686000,0x00007f57dd787000)]
  0x00007f57f400a800 JavaThread "main" [_thread_blocked, id=125751, stack(0x00007f57fb2e9000,0x00007f57fb3ea000)]

Other Threads:
=>0x00007f57f40fb800 VMThread [stack: 0x00007f57dd787000,0x00007f57dd888000] [id=125754]
  0x00007f57f4144000 WatcherThread [stack: 0x00007f57dc658000,0x00007f57dc759000] [id=125761]

VM state:at safepoint (normal execution)

VM Mutex/Monitor currently owned by a thread:  ([mutex/lock_event])
[0x00007f57f4006f80] Threads_lock - owner thread: 0x00007f57f40fb800
[0x00007f57f4007480] Heap_lock - owner thread: 0x00007f57f400a800

Heap:
 PSYoungGen      total 53248K, used 4077K [0x00000000f0600000, 0x00000000f3e00000, 0x0000000100000000)
  eden space 49152K, 0% used [0x00000000f0600000,0x00000000f0600000,0x00000000f3600000)
  from space 4096K, 99% used [0x00000000f3600000,0x00000000f39fb628,0x00000000f3a00000)
  to   space 4096K, 0% used [0x00000000f3a00000,0x00000000f3a00000,0x00000000f3e00000)
 ParOldGen       total 32768K, used 7431K [0x00000000d1200000, 0x00000000d3200000, 0x00000000f0600000)
  object space 32768K, 22% used [0x00000000d1200000,0x00000000d1941dc0,0x00000000d3200000)
 Metaspace       used 20765K, capacity 21134K, committed 21248K, reserved 1067008K
  class space    used 3414K, capacity 3545K, committed 3584K, reserved 1048576K

Card table byte_map: [0x00007f57e46ad000,0x00007f57e4825000] byte_map_base: 0x00007f57e4024000

Marking Bits: (ParMarkBitMap*) 0x00007f57fa5b93a0
 Begin Bits: [0x00007f57de890000, 0x00007f57df448000)
 End Bits:   [0x00007f57df448000, 0x00007f57e0000000)

Polling page: 0x00007f57fb40d000

CodeCache: size=245760Kb used=6244Kb max_used=6244Kb free=239515Kb
 bounds [0x00007f57e4be5000, 0x00007f57e5205000, 0x00007f57f3be5000]
 total_blobs=2801 nmethods=2404 adapters=311
 compilation: enabled

Compilation events (10 events):
Event: 5.290 Thread 0x00007f57f413b800 2409       4       java.security.CodeSource::getCertificates (98 bytes)
Event: 5.290 Thread 0x00007f57f413b800 nmethod 2409 0x00007f57e51eb810 code [0x00007f57e51eb960, 0x00007f57e51eb9f8]
Event: 5.294 Thread 0x00007f57f413b800 2410       4       java.util.jar.JarFile::maybeInstantiateVerifier (96 bytes)
Event: 5.300 Thread 0x00007f57f413b800 nmethod 2410 0x00007f57e51fc490 code [0x00007f57e51fc640, 0x00007f57e51fcad8]
Event: 5.316 Thread 0x00007f57f413e800 2412       3       java.lang.String::lastIndexOf (151 bytes)
Event: 5.317 Thread 0x00007f57f413e800 nmethod 2412 0x00007f57e51ff390 code [0x00007f57e51ff540, 0x00007f57e51ffa90]
Event: 5.317 Thread 0x00007f57f413e800 2411       3       java.lang.String::lastIndexOf (25 bytes)
Event: 5.317 Thread 0x00007f57f413e800 nmethod 2411 0x00007f57e51fb9d0 code [0x00007f57e51fbb40, 0x00007f57e51fbce8]
Event: 5.388 Thread 0x00007f57f413e800 2414       3       sun.misc.ASCIICaseInsensitiveComparator::compare (126 bytes)
Event: 5.389 Thread 0x00007f57f413e800 nmethod 2414 0x00007f57e51fff10 code [0x00007f57e5200120, 0x00007f57e5200d18]

GC Heap History (10 events):
Event: 1.391 GC heap after
Heap after GC invocations=2 (full 0):
 PSYoungGen      total 14336K, used 2032K [0x00000000f0600000, 0x00000000f2200000, 0x0000000100000000)
  eden space 12288K, 0% used [0x00000000f0600000,0x00000000f0600000,0x00000000f1200000)
  from space 2048K, 99% used [0x00000000f1400000,0x00000000f15fc010,0x00000000f1600000)
  to   space 2048K, 0% used [0x00000000f1200000,0x00000000f1200000,0x00000000f1400000)
 ParOldGen       total 32768K, used 1390K [0x00000000d1200000, 0x00000000d3200000, 0x00000000f0600000)
  object space 32768K, 4% used [0x00000000d1200000,0x00000000d135b9e8,0x00000000d3200000)
 Metaspace       used 9787K, capacity 9982K, committed 10240K, reserved 1058816K
  class space    used 1640K, capacity 1703K, committed 1792K, reserved 1048576K
}
Event: 1.841 GC heap before
{Heap before GC invocations=3 (full 0):
 PSYoungGen      total 14336K, used 14320K [0x00000000f0600000, 0x00000000f2200000, 0x0000000100000000)
  eden space 12288K, 100% used [0x00000000f0600000,0x00000000f1200000,0x00000000f1200000)
  from space 2048K, 99% used [0x00000000f1400000,0x00000000f15fc010,0x00000000f1600000)
  to   space 2048K, 0% used [0x00000000f1200000,0x00000000f1200000,0x00000000f1400000)
 ParOldGen       total 32768K, used 1390K [0x00000000d1200000, 0x00000000d3200000, 0x00000000f0600000)
  object space 32768K, 4% used [0x00000000d1200000,0x00000000d135b9e8,0x00000000d3200000)
 Metaspace       used 13045K, capacity 13234K, committed 13312K, reserved 1060864K
  class space    used 2224K, capacity 2279K, committed 2304K, reserved 1048576K
Event: 1.847 GC heap after
Heap after GC invocations=3 (full 0):
 PSYoungGen      total 14336K, used 2016K [0x00000000f0600000, 0x00000000f2200000, 0x0000000100000000)
  eden space 12288K, 0% used [0x00000000f0600000,0x00000000f0600000,0x00000000f1200000)
  from space 2048K, 98% used [0x00000000f1200000,0x00000000f13f8040,0x00000000f1400000)
  to   space 2048K, 0% used [0x00000000f2000000,0x00000000f2000000,0x00000000f2200000)
 ParOldGen       total 32768K, used 2982K [0x00000000d1200000, 0x00000000d3200000, 0x00000000f0600000)
  object space 32768K, 9% used [0x00000000d1200000,0x00000000d14e99a8,0x00000000d3200000)
 Metaspace       used 13045K, capacity 13234K, committed 13312K, reserved 1060864K
  class space    used 2224K, capacity 2279K, committed 2304K, reserved 1048576K
}
Event: 2.118 GC heap before
{Heap before GC invocations=4 (full 0):
 PSYoungGen      total 14336K, used 14304K [0x00000000f0600000, 0x00000000f2200000, 0x0000000100000000)
  eden space 12288K, 100% used [0x00000000f0600000,0x00000000f1200000,0x00000000f1200000)
  from space 2048K, 98% used [0x00000000f1200000,0x00000000f13f8040,0x00000000f1400000)
  to   space 2048K, 0% used [0x00000000f2000000,0x00000000f2000000,0x00000000f2200000)
 ParOldGen       total 32768K, used 2982K [0x00000000d1200000, 0x00000000d3200000, 0x00000000f0600000)
  object space 32768K, 9% used [0x00000000d1200000,0x00000000d14e99a8,0x00000000d3200000)
 Metaspace       used 13815K, capacity 14078K, committed 14336K, reserved 1060864K
  class space    used 2384K, capacity 2473K, committed 2560K, reserved 1048576K
Event: 2.126 GC heap after
Heap after GC invocations=4 (full 0):
 PSYoungGen      total 26624K, used 2019K [0x00000000f0600000, 0x00000000f2200000, 0x0000000100000000)
  eden space 24576K, 0% used [0x00000000f0600000,0x00000000f0600000,0x00000000f1e00000)
  from space 2048K, 98% used [0x00000000f2000000,0x00000000f21f8c90,0x00000000f2200000)
  to   space 2048K, 0% used [0x00000000f1e00000,0x00000000f1e00000,0x00000000f2000000)
 ParOldGen       total 32768K, used 3586K [0x00000000d1200000, 0x00000000d3200000, 0x00000000f0600000)
  object space 32768K, 10% used [0x00000000d1200000,0x00000000d1580850,0x00000000d3200000)
 Metaspace       used 13815K, capacity 14078K, committed 14336K, reserved 1060864K
  class space    used 2384K, capacity 2473K, committed 2560K, reserved 1048576K
}
Event: 2.509 GC heap before
{Heap before GC invocations=5 (full 0):
 PSYoungGen      total 26624K, used 26595K [0x00000000f0600000, 0x00000000f2200000, 0x0000000100000000)
  eden space 24576K, 100% used [0x00000000f0600000,0x00000000f1e00000,0x00000000f1e00000)
  from space 2048K, 98% used [0x00000000f2000000,0x00000000f21f8c90,0x00000000f2200000)
  to   space 2048K, 0% used [0x00000000f1e00000,0x00000000f1e00000,0x00000000f2000000)
 ParOldGen       total 32768K, used 3586K [0x00000000d1200000, 0x00000000d3200000, 0x00000000f0600000)
  object space 32768K, 10% used [0x00000000d1200000,0x00000000d1580850,0x00000000d3200000)
 Metaspace       used 14295K, capacity 14526K, committed 14848K, reserved 1060864K
  class space    used 2433K, capacity 2537K, committed 2560K, reserved 1048576K
Event: 2.522 GC heap after
Heap after GC invocations=5 (full 0):
 PSYoungGen      total 26624K, used 2020K [0x00000000f0600000, 0x00000000f3e00000, 0x0000000100000000)
  eden space 24576K, 0% used [0x00000000f0600000,0x00000000f0600000,0x00000000f1e00000)
  from space 2048K, 98% used [0x00000000f1e00000,0x00000000f1ff9060,0x00000000f2000000)
  to   space 4096K, 0% used [0x00000000f3a00000,0x00000000f3a00000,0x00000000f3e00000)
 ParOldGen       total 32768K, used 4010K [0x00000000d1200000, 0x00000000d3200000, 0x00000000f0600000)
  object space 32768K, 12% used [0x00000000d1200000,0x00000000d15ea850,0x00000000d3200000)
 Metaspace       used 14295K, capacity 14526K, committed 14848K, reserved 1060864K
  class space    used 2433K, capacity 2537K, committed 2560K, reserved 1048576K
}
Event: 4.723 GC heap before
{Heap before GC invocations=6 (full 0):
 PSYoungGen      total 26624K, used 26596K [0x00000000f0600000, 0x00000000f3e00000, 0x0000000100000000)
  eden space 24576K, 100% used [0x00000000f0600000,0x00000000f1e00000,0x00000000f1e00000)
  from space 2048K, 98% used [0x00000000f1e00000,0x00000000f1ff9060,0x00000000f2000000)
  to   space 4096K, 0% used [0x00000000f3a00000,0x00000000f3a00000,0x00000000f3e00000)
 ParOldGen       total 32768K, used 4010K [0x00000000d1200000, 0x00000000d3200000, 0x00000000f0600000)
  object space 32768K, 12% used [0x00000000d1200000,0x00000000d15ea850,0x00000000d3200000)
 Metaspace       used 15086K, capacity 15470K, committed 15744K, reserved 1062912K
  class space    used 2540K, capacity 2681K, committed 2688K, reserved 1048576K
Event: 4.738 GC heap after
Heap after GC invocations=6 (full 0):
 PSYoungGen      total 53248K, used 2973K [0x00000000f0600000, 0x00000000f3e00000, 0x0000000100000000)
  eden space 49152K, 0% used [0x00000000f0600000,0x00000000f0600000,0x00000000f3600000)
  from space 4096K, 72% used [0x00000000f3a00000,0x00000000f3ce7588,0x00000000f3e00000)
  to   space 4096K, 0% used [0x00000000f3600000,0x00000000f3600000,0x00000000f3a00000)
 ParOldGen       total 32768K, used 4010K [0x00000000d1200000, 0x00000000d3200000, 0x00000000f0600000)
  object space 32768K, 12% used [0x00000000d1200000,0x00000000d15ea850,0x00000000d3200000)
 Metaspace       used 15086K, capacity 15470K, committed 15744K, reserved 1062912K
  class space    used 2540K, capacity 2681K, committed 2688K, reserved 1048576K
}
Event: 5.399 GC heap before
{Heap before GC invocations=7 (full 0):
 PSYoungGen      total 53248K, used 38332K [0x00000000f0600000, 0x00000000f3e00000, 0x0000000100000000)
  eden space 49152K, 71% used [0x00000000f0600000,0x00000000f2887e70,0x00000000f3600000)
  from space 4096K, 72% used [0x00000000f3a00000,0x00000000f3ce7588,0x00000000f3e00000)
  to   space 4096K, 0% used [0x00000000f3600000,0x00000000f3600000,0x00000000f3a00000)
 ParOldGen       total 32768K, used 4010K [0x00000000d1200000, 0x00000000d3200000, 0x00000000f0600000)
  object space 32768K, 12% used [0x00000000d1200000,0x00000000d15ea850,0x00000000d3200000)
 Metaspace       used 20765K, capacity 21134K, committed 21248K, reserved 1067008K
  class space    used 3414K, capacity 3545K, committed 3584K, reserved 1048576K

Deoptimization events (10 events):
Event: 4.559 Thread 0x00007f57f400a800 Uncommon trap: reason=unstable_if action=reinterpret pc=0x00007f57e4db09e0 method=sun.misc.URLClassPath.getLoader(I)Lsun/misc/URLClassPath$Loader; @ 36
Event: 4.559 Thread 0x00007f57f400a800 Uncommon trap: reason=unstable_if action=reinterpret pc=0x00007f57e4da83f4 method=sun.misc.URLClassPath$JarLoader.ensureOpen()V @ 4
Event: 4.562 Thread 0x00007f57f400a800 Uncommon trap: reason=unstable_if action=reinterpret pc=0x00007f57e4d8a5fc method=sun.misc.URLClassPath.getLoader(I)Lsun/misc/URLClassPath$Loader; @ 36
Event: 4.675 Thread 0x00007f57f400a800 Uncommon trap: reason=bimorphic action=maybe_recompile pc=0x00007f57e4e8ad98 method=java.lang.ClassLoader.loadClass(Ljava/lang/String;Z)Ljava/lang/Class; @ 38
Event: 4.675 Thread 0x00007f57f400a800 Uncommon trap: reason=unstable_if action=reinterpret pc=0x00007f57e4e8ac00 method=java.lang.ClassLoader.getClassLoadingLock(Ljava/lang/String;)Ljava/lang/Object; @ 6
Event: 4.675 Thread 0x00007f57f400a800 Uncommon trap: reason=unstable_if action=reinterpret pc=0x00007f57e5110df0 method=java.util.jar.JarFile.getManEntry()Ljava/util/jar/JarEntry; @ 4
Event: 4.697 Thread 0x00007f57f400a800 Uncommon trap: reason=unstable_if action=reinterpret pc=0x00007f57e4dcf114 method=sun.net.www.ParseUtil.encodePath(Ljava/lang/String;Z)Ljava/lang/String; @ 116
Event: 5.034 Thread 0x00007f57f400a800 Uncommon trap: reason=unstable_if action=reinterpret pc=0x00007f57e50f639c method=java.lang.CharacterDataLatin1.digit(II)I @ 82
Event: 5.134 Thread 0x00007f57f400a800 Uncommon trap: reason=class_check action=maybe_recompile pc=0x00007f57e514836c method=java.util.regex.Pattern$Slice.match(Ljava/util/regex/Matcher;ILjava/lang/CharSequence;)Z @ 75
Event: 5.182 Thread 0x00007f57f400a800 Uncommon trap: reason=unstable_if action=reinterpret pc=0x00007f57e51ef1e4 method=java.util.zip.ZipFile$ZipFileInputStream.read([BII)I @ 46

Classes redefined (0 events):
No events

Internal exceptions (10 events):
Event: 0.630 Thread 0x00007f57f400a800 Exception <a 'java/security/PrivilegedActionException'> (0x00000000f0684e48) thrown at [/build/openjdk-8-lTwZJE/openjdk-8-8u181-b13/src/hotspot/src/share/vm/prims/jvm.cpp, line 1435]
Event: 0.630 Thread 0x00007f57f400a800 Exception <a 'java/security/PrivilegedActionException'> (0x00000000f0685058) thrown at [/build/openjdk-8-lTwZJE/openjdk-8-8u181-b13/src/hotspot/src/share/vm/prims/jvm.cpp, line 1435]
Event: 0.630 Thread 0x00007f57f400a800 Exception <a 'java/security/PrivilegedActionException'> (0x00000000f06870e0) thrown at [/build/openjdk-8-lTwZJE/openjdk-8-8u181-b13/src/hotspot/src/share/vm/prims/jvm.cpp, line 1435]
Event: 0.630 Thread 0x00007f57f400a800 Exception <a 'java/security/PrivilegedActionException'> (0x00000000f06872f0) thrown at [/build/openjdk-8-lTwZJE/openjdk-8-8u181-b13/src/hotspot/src/share/vm/prims/jvm.cpp, line 1435]
Event: 0.632 Thread 0x00007f57f400a800 Exception <a 'java/security/PrivilegedActionException'> (0x00000000f0687dc8) thrown at [/build/openjdk-8-lTwZJE/openjdk-8-8u181-b13/src/hotspot/src/share/vm/prims/jvm.cpp, line 1435]
Event: 0.632 Thread 0x00007f57f400a800 Exception <a 'java/security/PrivilegedActionException'> (0x00000000f0687fd8) thrown at [/build/openjdk-8-lTwZJE/openjdk-8-8u181-b13/src/hotspot/src/share/vm/prims/jvm.cpp, line 1435]
Event: 1.380 Thread 0x00007f57f400a800 Exception <a 'java/lang/NoSuchFieldError': method resolution failed> (0x00000000f11fa560) thrown at [/build/openjdk-8-lTwZJE/openjdk-8-8u181-b13/src/hotspot/src/share/vm/prims/methodHandles.cpp, line 1167]
Event: 1.398 Thread 0x00007f57f400a800 Exception <a 'java/lang/NoSuchFieldError': method resolution failed> (0x00000000f0607da0) thrown at [/build/openjdk-8-lTwZJE/openjdk-8-8u181-b13/src/hotspot/src/share/vm/prims/methodHandles.cpp, line 1167]
Event: 5.041 Thread 0x00007f57f400a800 Exception <a 'java/io/FileNotFoundException'> (0x00000000f19e7148) thrown at [/build/openjdk-8-lTwZJE/openjdk-8-8u181-b13/src/hotspot/src/share/vm/prims/jni.cpp, line 709]
Event: 5.177 Thread 0x00007f57f400a800 Exception <a 'java/lang/NoSuchMethodError': org.slf4j.impl.StaticMDCBinder.getSingleton()Lorg/slf4j/impl/StaticMDCBinder;> (0x00000000f2236190) thrown at [/build/openjdk-8-lTwZJE/openjdk-8-8u181-b13/src/hotspot/src/share/vm/interpreter/linkResolver.cpp, l

Events (10 events):
Event: 5.396 loading class jupyter/kernel/protocol/StdinRequestDecodeJsons done
Event: 5.396 loading class jupyter/kernel/protocol/StdinReplyEncodeJsons
Event: 5.396 loading class jupyter/kernel/protocol/StdinReplyEncodeJsons done
Event: 5.396 loading class jupyter/kernel/protocol/CommJsonCodecs
Event: 5.396 loading class jupyter/kernel/protocol/CommJsonCodecs done
Event: 5.397 loading class jupyter/kernel/protocol/HeaderJsonCodecs
Event: 5.397 loading class jupyter/kernel/protocol/HeaderJsonCodecs done
Event: 5.398 loading class jupyter/kernel/protocol/ConnectionJsonCodecs
Event: 5.398 loading class jupyter/kernel/protocol/ConnectionJsonCodecs done
Event: 5.399 Executing VM operation: CollectForMetadataAllocation


Dynamic libraries:
00400000-00401000 r-xp 00000000 08:01 803085                             /usr/lib/jvm/java-8-openjdk-amd64/jre/bin/java
00600000-00601000 r--p 00000000 08:01 803085                             /usr/lib/jvm/java-8-openjdk-amd64/jre/bin/java
00601000-00602000 rw-p 00001000 08:01 803085                             /usr/lib/jvm/java-8-openjdk-amd64/jre/bin/java
020d9000-021dc000 rw-p 00000000 00:00 0                                  [heap]
d1200000-d3200000 rw-p 00000000 00:00 0 
d3200000-f0600000 ---p 00000000 00:00 0 
f0600000-f3e00000 rw-p 00000000 00:00 0 
f7200000-100000000 ---p 00000000 00:00 0 
100000000-100380000 rw-p 00000000 00:00 0 
100380000-140000000 ---p 00000000 00:00 0 
7f57a0fff000-7f57a4000000 rw-p 00000000 00:00 0 
7f57a4000000-7f57a4023000 rw-p 00000000 00:00 0 
7f57a4023000-7f57a8000000 ---p 00000000 00:00 0 
7f57aaada000-7f57aaaf1000 r-xp 00000000 08:01 803144                     /usr/lib/jvm/java-8-openjdk-amd64/jre/lib/amd64/libnet.so
7f57aaaf1000-7f57aacf0000 ---p 00017000 08:01 803144                     /usr/lib/jvm/java-8-openjdk-amd64/jre/lib/amd64/libnet.so
7f57aacf0000-7f57aacf1000 r--p 00016000 08:01 803144                     /usr/lib/jvm/java-8-openjdk-amd64/jre/lib/amd64/libnet.so
7f57aacf1000-7f57aacf2000 rw-p 00017000 08:01 803144                     /usr/lib/jvm/java-8-openjdk-amd64/jre/lib/amd64/libnet.so
7f57aacf2000-7f57aad03000 r-xp 00000000 08:01 803143                     /usr/lib/jvm/java-8-openjdk-amd64/jre/lib/amd64/libnio.so
7f57aad03000-7f57aaf03000 ---p 00011000 08:01 803143                     /usr/lib/jvm/java-8-openjdk-amd64/jre/lib/amd64/libnio.so
7f57aaf03000-7f57aaf04000 r--p 00011000 08:01 803143                     /usr/lib/jvm/java-8-openjdk-amd64/jre/lib/amd64/libnio.so
7f57aaf04000-7f57aaf05000 rw-p 00012000 08:01 803143                     /usr/lib/jvm/java-8-openjdk-amd64/jre/lib/amd64/libnio.so
7f57aaf05000-7f57ab045000 rw-p 00000000 00:00 0 
7f57ab045000-7f57ab105000 ---p 00000000 00:00 0 
7f57ab105000-7f57ab305000 rw-p 00000000 00:00 0 
7f57ab305000-7f57ab306000 r--s 00006000 08:01 807207                     /home/user/.coursier/cache/v1/https/repo1.maven.org/maven2/com/github/alexarchambault/case-app-annotations_2.11/1.1.3/case-app-annotations_2.11-1.1.3.jar
7f57ab306000-7f57ab309000 r--s 00011000 08:01 807203                     /home/user/.coursier/cache/v1/https/repo1.maven.org/maven2/com/lihaoyi/fastparse-utils_2.11/0.4.2/fastparse-utils_2.11-0.4.2.jar
7f57ab309000-7f57ab310000 r--s 00042000 08:01 807208                     /home/user/.coursier/cache/v1/https/repo1.maven.org/maven2/com/github/alexarchambault/case-app_2.11/1.1.3/case-app_2.11-1.1.3.jar
7f57ab310000-7f57ab312000 r--s 0000a000 08:01 807225                     /home/user/.coursier/cache/v1/https/repo1.maven.org/maven2/com/github/alexarchambault/case-app-util_2.11/1.1.3/case-app-util_2.11-1.1.3.jar
7f57ab312000-7f57ab31d000 r--s 00069000 08:01 807253                     /home/user/.coursier/cache/v1/https/repo1.maven.org/maven2/ch/qos/logback/logback-core/1.2.1/logback-core-1.2.1.jar
7f57ab31d000-7f57ab31e000 r--s 00000000 08:01 807233                     /home/user/.coursier/cache/v1/https/repo1.maven.org/maven2/org/typelevel/macro-compat_2.11/1.1.1/macro-compat_2.11-1.1.1.jar
7f57ab31e000-7f57ab321000 r--s 00015000 08:01 807242                     /home/user/.coursier/cache/v1/https/repo1.maven.org/maven2/org/jupyter-scala/scala-cli_2.11.11/0.4.2/scala-cli_2.11.11-0.4.2.jar
7f57ab321000-7f57ab334000 r--s 000bb000 08:01 807205                     /home/user/.coursier/cache/v1/https/repo1.maven.org/maven2/org/jupyter-scala/kernel_2.11/0.4.1/kernel_2.11-0.4.1.jar
7f57ab334000-7f57ab339000 r--s 00039000 08:01 807259                     /home/user/.coursier/cache/v1/https/repo1.maven.org/maven2/org/zeromq/jeromq/0.3.6/jeromq-0.3.6.jar
7f57ab339000-7f57ab33f000 r--s 00046000 08:01 807275                     /home/user/.coursier/cache/v1/https/repo1.maven.org/maven2/ch/qos/logback/logback-classic/1.2.1/logback-classic-1.2.1.jar
7f57ab33f000-7f57ab349000 r--s 00074000 08:01 807377                     /home/user/.coursier/cache/v1/https/repo1.maven.org/maven2/org/jupyter-scala/ammonite-compiler_2.11.11/0.8.3-1/ammonite-compiler_2.11.11-0.8.3-1.jar
7f57ab349000-7f57ab34a000 r--s 00008000 08:01 807293                     /home/user/.coursier/cache/v1/https/repo1.maven.org/maven2/com/typesafe/scala-logging/scala-logging_2.11/3.5.0/scala-logging_2.11-3.5.0.jar
7f57ab34a000-7f57ab34f000 r--s 00044000 08:01 807300                     /home/user/.coursier/cache/v1/https/repo1.maven.org/maven2/org/scodec/scodec-bits_2.11/1.1.2/scodec-bits_2.11-1.1.2.jar
7f57ab34f000-7f57ab359000 r--s 00069000 08:01 807307                     /home/user/.coursier/cache/v1/https/repo1.maven.org/maven2/com/lihaoyi/scalaparse_2.11/0.4.2/scalaparse_2.11-0.4.2.jar
7f57ab359000-7f57ab35c000 r--s 00016000 08:01 807311                     /home/user/.coursier/cache/v1/https/repo1.maven.org/maven2/org/jupyter-scala/scala-kernel_2.11.11/0.4.2/scala-kernel_2.11.11-0.4.2.jar
7f57ab35c000-7f57ab362000 r--s 0004d000 08:01 807344                     /home/user/.coursier/cache/v1/https/repo1.maven.org/maven2/com/lihaoyi/fastparse_2.11/0.4.2/fastparse_2.11-0.4.2.jar
7f57ab362000-7f57ab392000 r--s 001c7000 08:01 807281                     /home/user/.coursier/cache/v1/https/repo1.maven.org/maven2/io/argonaut/argonaut_2.11/6.2/argonaut_2.11-6.2.jar
7f57ab392000-7f57ab3b5000 r--s 00155000 08:01 807348                     /home/user/.coursier/cache/v1/https/repo1.maven.org/maven2/org/scalaz/stream/scalaz-stream_2.11/0.8.6a/scalaz-stream_2.11-0.8.6a.jar
7f57ab3b5000-7f57ab3b9000 r--s 0001b000 08:01 807362                     /home/user/.coursier/cache/v1/https/repo1.maven.org/maven2/com/github/alexarchambault/argonaut-shapeless_6.2_2.11/1.2.0-M5/argonaut-shapeless_6.2_2.11-1.2.0-M5.jar
7f57ab3b9000-7f57ab3bb000 r--s 00009000 08:01 807266                     /home/user/.coursier/cache/v1/https/repo1.maven.org/maven2/org/slf4j/slf4j-api/1.7.22/slf4j-api-1.7.22.jar
7f57ab3bb000-7f57ab3bf000 r--s 00029000 08:01 807324                     /home/user/.coursier/cache/v1/https/repo1.maven.org/maven2/org/jupyter-scala/kernel-protocol_2.11/0.4.1/kernel-protocol_2.11-0.4.1.jar
7f57ab3bf000-7f57ab405000 r--s 00317000 08:01 807336                     /home/user/.coursier/cache/v1/https/repo1.maven.org/maven2/com/chuusai/shapeless_2.11/2.3.2/shapeless_2.11-2.3.2.jar
7f57ab405000-7f57ab407000 r--s 00012000 08:01 807339                     /home/user/.coursier/cache/v1/https/repo1.maven.org/maven2/com/lihaoyi/fansi_2.11/0.2.3/fansi_2.11-0.2.3.jar
7f57ab407000-7f57ab40c000 r--s 00048000 08:01 807334                     /home/user/.coursier/cache/v1/https/repo1.maven.org/maven2/com/lihaoyi/pprint_2.11/0.4.4/pprint_2.11-0.4.4.jar
7f57ab40c000-7f57ab412000 r--s 00050000 08:01 807318                     /home/user/.coursier/cache/v1/https/repo1.maven.org/maven2/org/jsoup/jsoup/1.10.2/jsoup-1.10.2.jar
7f57ab412000-7f57ab413000 r--s 00007000 08:01 807320                     /home/user/.coursier/cache/v1/https/repo1.maven.org/maven2/org/jupyter-scala/kernel-api_2.11/0.4.1/kernel-api_2.11-0.4.1.jar
7f57ab413000-7f57ab414000 r--s 00001000 08:01 807355                     /home/user/.coursier/cache/v1/https/repo1.maven.org/maven2/org/jupyter-scala/scala-api_2.11.11/0.4.2/scala-api_2.11.11-0.4.2.jar
7f57ab414000-7f57ab418000 r--s 00023000 08:01 807360                     /home/user/.coursier/cache/v1/https/repo1.maven.org/maven2/org/scalaj/scalaj-http_2.11/2.3.0/scalaj-http_2.11-2.3.0.jar
7f57ab418000-7f57ab464000 r--s 00418000 08:01 807351                     /home/user/.coursier/cache/v1/https/repo1.maven.org/maven2/org/scala-lang/scala-reflect/2.11.11/scala-reflect-2.11.11.jar
7f57ab464000-7f57ab46f000 r--s 00074000 08:01 807252                     /home/user/.coursier/cache/v1/https/repo1.maven.org/maven2/org/jupyter-scala/ammonite-runtime_2.11.11/0.8.3-1/ammonite-runtime_2.11.11-0.8.3-1.jar
7f57ab46f000-7f57ab477000 r--s 0004b000 08:01 807374                     /home/user/.coursier/cache/v1/https/repo1.maven.org/maven2/io/get-coursier/coursier-cache_2.11/1.0.0-RC2/coursier-cache_2.11-1.0.0-RC2.jar
7f57ab477000-7f57ab481000 r--s 0009a000 08:01 807217                     /home/user/.coursier/cache/v1/https/repo1.maven.org/maven2/org/scala-lang/modules/scala-xml_2.11/1.0.6/scala-xml_2.11-1.0.6.jar
7f57ab481000-7f57ab48b000 r--s 00061000 08:01 807370                     /home/user/.coursier/cache/v1/https/repo1.maven.org/maven2/org/scalaz/scalaz-effect_2.11/7.2.8/scalaz-effect_2.11-7.2.8.jar
7f57ab48b000-7f57ab598000 r--s 00dd4000 08:01 807246                     /home/user/.coursier/cache/v1/https/repo1.maven.org/maven2/org/scala-lang/scala-compiler/2.11.11/scala-compiler-2.11.11.jar
7f57ab598000-7f57ab5f1000 r--s 00523000 08:01 807237                     /home/user/.coursier/cache/v1/https/repo1.maven.org/maven2/org/scala-lang/scala-library/2.11.11/scala-library-2.11.11.jar
7f57ab5f1000-7f57ab7f1000 rw-p 00000000 00:00 0 
7f57ab7f1000-7f57ab7f3000 r--s 0000f000 08:01 807314                     /home/user/.coursier/cache/v1/https/repo1.maven.org/maven2/com/lihaoyi/derive_2.11/0.4.4/derive_2.11-0.4.4.jar
7f57ab7f3000-7f57ab7f8000 r--s 00047000 08:01 807328                     /home/user/.coursier/cache/v1/https/repo1.maven.org/maven2/org/jupyter-scala/ammonite-ops_2.11/0.8.3-1/ammonite-ops_2.11-0.8.3-1.jar
7f57ab7f8000-7f57ab803000 r--s 0005d000 08:01 807365                     /home/user/.coursier/cache/v1/https/repo1.maven.org/maven2/org/scala-lang/modules/scala-parser-combinators_2.11/1.0.4/scala-parser-combinators_2.11-1.0.4.jar
7f57ab803000-7f57ab8d5000 r--s 00a6f000 08:01 807285                     /home/user/.coursier/cache/v1/https/repo1.maven.org/maven2/org/scalaz/scalaz-core_2.11/7.2.8/scalaz-core_2.11-7.2.8.jar
7f57ab8d5000-7f57ab8fb000 r--s 00196000 08:01 807280                     /home/user/.coursier/cache/v1/https/repo1.maven.org/maven2/io/get-coursier/coursier_2.11/1.0.0-RC2/coursier_2.11-1.0.0-RC2.jar
7f57ab8fb000-7f57ab8fe000 ---p 00000000 00:00 0 
7f57ab8fe000-7f57ab9fc000 rw-p 00000000 00:00 0 
7f57ab9fc000-7f57ab9ff000 ---p 00000000 00:00 0 
7f57ab9ff000-7f57abcfd000 rw-p 00000000 00:00 0 
7f57abcfd000-7f57abd00000 ---p 00000000 00:00 0 
7f57abd00000-7f57abdfe000 rw-p 00000000 00:00 0 
7f57abdfe000-7f57abe01000 ---p 00000000 00:00 0 
7f57abe01000-7f57abeff000 rw-p 00000000 00:00 0 
7f57abeff000-7f57abf02000 ---p 00000000 00:00 0 
7f57abf02000-7f57ac000000 rw-p 00000000 00:00 0 
7f57ac000000-7f57ac0a4000 rw-p 00000000 00:00 0 
7f57ac0a4000-7f57b0000000 ---p 00000000 00:00 0 
7f57b0000000-7f57b002b000 rw-p 00000000 00:00 0 
7f57b002b000-7f57b4000000 ---p 00000000 00:00 0 
7f57b4000000-7f57b4021000 rw-p 00000000 00:00 0 
7f57b4021000-7f57b8000000 ---p 00000000 00:00 0 
7f57b8000000-7f57b8021000 rw-p 00000000 00:00 0 
7f57b8021000-7f57bc000000 ---p 00000000 00:00 0 
7f57bc000000-7f57bd32b000 rw-p 00000000 00:00 0 
7f57bd32b000-7f57c0000000 ---p 00000000 00:00 0 
7f57c0000000-7f57c0021000 rw-p 00000000 00:00 0 
7f57c0021000-7f57c4000000 ---p 00000000 00:00 0 
7f57c4000000-7f57c4021000 rw-p 00000000 00:00 0 
7f57c4021000-7f57c8000000 ---p 00000000 00:00 0 
7f57c8000000-7f57c9b63000 rw-p 00000000 00:00 0 
7f57c9b63000-7f57cc000000 ---p 00000000 00:00 0 
7f57cc000000-7f57cc021000 rw-p 00000000 00:00 0 
7f57cc021000-7f57d0000000 ---p 00000000 00:00 0 
7f57d0000000-7f57d0021000 rw-p 00000000 00:00 0 
7f57d0021000-7f57d4000000 ---p 00000000 00:00 0 
7f57d4000000-7f57d4021000 rw-p 00000000 00:00 0 
7f57d4021000-7f57d8000000 ---p 00000000 00:00 0 
7f57d8000000-7f57d803e000 rw-p 00000000 00:00 0 
7f57d803e000-7f57dc000000 ---p 00000000 00:00 0 
7f57dc000000-7f57dc008000 r--s 0004c000 08:01 807222                     /home/user/.coursier/cache/v1/https/repo1.maven.org/maven2/org/scalaz/scalaz-concurrent_2.11/7.2.8/scalaz-concurrent_2.11-7.2.8.jar
7f57dc008000-7f57dc00b000 ---p 00000000 00:00 0 
7f57dc00b000-7f57dc109000 rw-p 00000000 00:00 0 
7f57dc109000-7f57dc10c000 ---p 00000000 00:00 0 
7f57dc10c000-7f57dc20a000 rw-p 00000000 00:00 0 
7f57dc20a000-7f57dc20d000 ---p 00000000 00:00 0 
7f57dc20d000-7f57dc30b000 rw-p 00000000 00:00 0 
7f57dc30b000-7f57dc30e000 ---p 00000000 00:00 0 
7f57dc30e000-7f57dc60c000 rw-p 00000000 00:00 0 
7f57dc60c000-7f57dc658000 r--s 0024b000 08:01 806309                     /home/user/.coursier/bootstrap/1.0.0-RC1/coursier-cli_2.11-1.0.0-RC1-standalone.jar
7f57dc658000-7f57dc659000 ---p 00000000 00:00 0 
7f57dc659000-7f57dc759000 rw-p 00000000 00:00 0 
7f57dc759000-7f57dc75c000 ---p 00000000 00:00 0 
7f57dc75c000-7f57dc85a000 rw-p 00000000 00:00 0 
7f57dc85a000-7f57dc85d000 ---p 00000000 00:00 0 
7f57dc85d000-7f57dc95b000 rw-p 00000000 00:00 0 
7f57dc95b000-7f57dc95e000 ---p 00000000 00:00 0 
7f57dc95e000-7f57dca5c000 rw-p 00000000 00:00 0 
7f57dca5c000-7f57dca5f000 ---p 00000000 00:00 0 
7f57dca5f000-7f57dcb5d000 rw-p 00000000 00:00 0 
7f57dcb5d000-7f57dd585000 r--p 00000000 08:01 2105158                    /usr/lib/locale/locale-archive
7f57dd585000-7f57dd588000 ---p 00000000 00:00 0 
7f57dd588000-7f57dd686000 rw-p 00000000 00:00 0 
7f57dd686000-7f57dd689000 ---p 00000000 00:00 0 
7f57dd689000-7f57dd787000 rw-p 00000000 00:00 0 
7f57dd787000-7f57dd788000 ---p 00000000 00:00 0 
7f57dd788000-7f57e0000000 rw-p 00000000 00:00 0 
7f57e0000000-7f57e0021000 rw-p 00000000 00:00 0 
7f57e0021000-7f57e4000000 ---p 00000000 00:00 0 
7f57e4000000-7f57e4003000 r--s 0001a000 08:01 807269                     /home/user/.coursier/cache/v1/https/repo1.maven.org/maven2/com/lihaoyi/sourcecode_2.11/0.1.3/sourcecode_2.11-0.1.3.jar
7f57e4003000-7f57e4005000 r--s 0000d000 08:01 807262                     /home/user/.coursier/cache/v1/https/repo1.maven.org/maven2/com/lihaoyi/geny_2.11/0.1.1/geny_2.11-0.1.1.jar
7f57e4005000-7f57e400b000 r--s 0005c000 08:01 807218                     /home/user/.coursier/cache/v1/https/repo1.maven.org/maven2/com/lihaoyi/upickle_2.11/0.4.4/upickle_2.11-0.4.4.jar
7f57e400b000-7f57e4010000 r--s 0009d000 08:01 803185                     /usr/lib/jvm/java-8-openjdk-amd64/jre/lib/jsse.jar
7f57e4010000-7f57e4013000 ---p 00000000 00:00 0 
7f57e4013000-7f57e4049000 rw-p 00000000 00:00 0 
7f57e4049000-7f57e4064000 r--s 00394000 08:01 803174                     /usr/lib/jvm/java-8-openjdk-amd64/jre/lib/ext/cldrdata.jar
7f57e4064000-7f57e4165000 rw-p 00000000 00:00 0 
7f57e4165000-7f57e4334000 r--s 03c33000 08:01 803184                     /usr/lib/jvm/java-8-openjdk-amd64/jre/lib/rt.jar
7f57e4334000-7f57e44ab000 rw-p 00000000 00:00 0 
7f57e44ab000-7f57e44ac000 ---p 00000000 00:00 0 
7f57e44ac000-7f57e45ac000 rw-p 00000000 00:00 0 
7f57e45ac000-7f57e45ad000 ---p 00000000 00:00 0 
7f57e45ad000-7f57e46bd000 rw-p 00000000 00:00 0 
7f57e46bd000-7f57e47a7000 ---p 00000000 00:00 0 
7f57e47a7000-7f57e47c3000 rw-p 00000000 00:00 0 
7f57e47c3000-7f57e4824000 ---p 00000000 00:00 0 
7f57e4824000-7f57e483e000 rw-p 00000000 00:00 0 
7f57e483e000-7f57e4be5000 ---p 00000000 00:00 0 
7f57e4be5000-7f57e5205000 rwxp 00000000 00:00 0 
7f57e5205000-7f57f3be5000 ---p 00000000 00:00 0 
7f57f3be5000-7f57f3bed000 r-xp 00000000 08:01 803135                     /usr/lib/jvm/java-8-openjdk-amd64/jre/lib/amd64/libzip.so
7f57f3bed000-7f57f3dec000 ---p 00008000 08:01 803135                     /usr/lib/jvm/java-8-openjdk-amd64/jre/lib/amd64/libzip.so
7f57f3dec000-7f57f3ded000 r--p 00007000 08:01 803135                     /usr/lib/jvm/java-8-openjdk-amd64/jre/lib/amd64/libzip.so
7f57f3ded000-7f57f3dee000 rw-p 00008000 08:01 803135                     /usr/lib/jvm/java-8-openjdk-amd64/jre/lib/amd64/libzip.so
7f57f3dee000-7f57f3df9000 r-xp 00000000 08:01 2889153                    /lib/x86_64-linux-gnu/libnss_files-2.23.so
7f57f3df9000-7f57f3ff8000 ---p 0000b000 08:01 2889153                    /lib/x86_64-linux-gnu/libnss_files-2.23.so
7f57f3ff8000-7f57f3ff9000 r--p 0000a000 08:01 2889153                    /lib/x86_64-linux-gnu/libnss_files-2.23.so
7f57f3ff9000-7f57f3ffa000 rw-p 0000b000 08:01 2889153                    /lib/x86_64-linux-gnu/libnss_files-2.23.so
7f57f3ffa000-7f57f4000000 rw-p 00000000 00:00 0 
7f57f4000000-7f57f4990000 rw-p 00000000 00:00 0 
7f57f4990000-7f57f8000000 ---p 00000000 00:00 0 
7f57f8000000-7f57f8002000 r--s 00016000 08:01 807235                     /home/user/.coursier/cache/v1/https/repo1.maven.org/maven2/org/jupyter-scala/ammonite-util_2.11.11/0.8.3-1/ammonite-util_2.11.11-0.8.3-1.jar
7f57f8002000-7f57f8004000 r--s 00013000 08:01 807296                     /home/user/.coursier/cache/v1/https/repo1.maven.org/maven2/org/spire-math/jawn-parser_2.11/0.10.3/jawn-parser_2.11-0.10.3.jar
7f57f8004000-7f57f8005000 r--s 00002000 08:01 807381                     /home/user/.local/share/jupyter/kernels/scala/launcher.jar
7f57f8005000-7f57f8020000 r--s 001d6000 08:01 803177                     /usr/lib/jvm/java-8-openjdk-amd64/jre/lib/ext/nashorn.jar
7f57f8020000-7f57f8021000 r--s 0000a000 08:01 803181                     /usr/lib/jvm/java-8-openjdk-amd64/jre/lib/ext/jaccess.jar
7f57f8021000-7f57f8023000 r--s 00008000 08:01 803178                     /usr/lib/jvm/java-8-openjdk-amd64/jre/lib/ext/sunec.jar
7f57f8023000-7f57f802d000 r--s 00116000 08:01 803175                     /usr/lib/jvm/java-8-openjdk-amd64/jre/lib/ext/localedata.jar
7f57f802d000-7f57f808b000 rw-p 00000000 00:00 0 
7f57f808b000-7f57f8175000 ---p 00000000 00:00 0 
7f57f8175000-7f57f8180000 r-xp 00000000 08:01 2889163                    /lib/x86_64-linux-gnu/libnss_nis-2.23.so
7f57f8180000-7f57f837f000 ---p 0000b000 08:01 2889163                    /lib/x86_64-linux-gnu/libnss_nis-2.23.so
7f57f837f000-7f57f8380000 r--p 0000a000 08:01 2889163                    /lib/x86_64-linux-gnu/libnss_nis-2.23.so
7f57f8380000-7f57f8381000 rw-p 0000b000 08:01 2889163                    /lib/x86_64-linux-gnu/libnss_nis-2.23.so
7f57f8381000-7f57f8397000 r-xp 00000000 08:01 2889147                    /lib/x86_64-linux-gnu/libnsl-2.23.so
7f57f8397000-7f57f8596000 ---p 00016000 08:01 2889147                    /lib/x86_64-linux-gnu/libnsl-2.23.so
7f57f8596000-7f57f8597000 r--p 00015000 08:01 2889147                    /lib/x86_64-linux-gnu/libnsl-2.23.so
7f57f8597000-7f57f8598000 rw-p 00016000 08:01 2889147                    /lib/x86_64-linux-gnu/libnsl-2.23.so
7f57f8598000-7f57f859a000 rw-p 00000000 00:00 0 
7f57f859a000-7f57f85a2000 r-xp 00000000 08:01 2889149                    /lib/x86_64-linux-gnu/libnss_compat-2.23.so
7f57f85a2000-7f57f87a1000 ---p 00008000 08:01 2889149                    /lib/x86_64-linux-gnu/libnss_compat-2.23.so
7f57f87a1000-7f57f87a2000 r--p 00007000 08:01 2889149                    /lib/x86_64-linux-gnu/libnss_compat-2.23.so
7f57f87a2000-7f57f87a3000 rw-p 00008000 08:01 2889149                    /lib/x86_64-linux-gnu/libnss_compat-2.23.so
7f57f87a3000-7f57f87d0000 r-xp 00000000 08:01 803155                     /usr/lib/jvm/java-8-openjdk-amd64/jre/lib/amd64/libjava.so
7f57f87d0000-7f57f89cf000 ---p 0002d000 08:01 803155                     /usr/lib/jvm/java-8-openjdk-amd64/jre/lib/amd64/libjava.so
7f57f89cf000-7f57f89d0000 r--p 0002c000 08:01 803155                     /usr/lib/jvm/java-8-openjdk-amd64/jre/lib/amd64/libjava.so
7f57f89d0000-7f57f89d2000 rw-p 0002d000 08:01 803155                     /usr/lib/jvm/java-8-openjdk-amd64/jre/lib/amd64/libjava.so
7f57f89d2000-7f57f89e1000 r-xp 00000000 08:01 803127                     /usr/lib/jvm/java-8-openjdk-amd64/jre/lib/amd64/libverify.so
7f57f89e1000-7f57f8be0000 ---p 0000f000 08:01 803127                     /usr/lib/jvm/java-8-openjdk-amd64/jre/lib/amd64/libverify.so
7f57f8be0000-7f57f8be2000 r--p 0000e000 08:01 803127                     /usr/lib/jvm/java-8-openjdk-amd64/jre/lib/amd64/libverify.so
7f57f8be2000-7f57f8be3000 rw-p 00010000 08:01 803127                     /usr/lib/jvm/java-8-openjdk-amd64/jre/lib/amd64/libverify.so
7f57f8be3000-7f57f8bea000 r-xp 00000000 08:01 2889208                    /lib/x86_64-linux-gnu/librt-2.23.so
7f57f8bea000-7f57f8de9000 ---p 00007000 08:01 2889208                    /lib/x86_64-linux-gnu/librt-2.23.so
7f57f8de9000-7f57f8dea000 r--p 00006000 08:01 2889208                    /lib/x86_64-linux-gnu/librt-2.23.so
7f57f8dea000-7f57f8deb000 rw-p 00007000 08:01 2889208                    /lib/x86_64-linux-gnu/librt-2.23.so
7f57f8deb000-7f57f8e01000 r-xp 00000000 08:01 2889092                    /lib/x86_64-linux-gnu/libgcc_s.so.1
7f57f8e01000-7f57f9000000 ---p 00016000 08:01 2889092                    /lib/x86_64-linux-gnu/libgcc_s.so.1
7f57f9000000-7f57f9001000 rw-p 00015000 08:01 2889092                    /lib/x86_64-linux-gnu/libgcc_s.so.1
7f57f9001000-7f57f9109000 r-xp 00000000 08:01 2889124                    /lib/x86_64-linux-gnu/libm-2.23.so
7f57f9109000-7f57f9308000 ---p 00108000 08:01 2889124                    /lib/x86_64-linux-gnu/libm-2.23.so
7f57f9308000-7f57f9309000 r--p 00107000 08:01 2889124                    /lib/x86_64-linux-gnu/libm-2.23.so
7f57f9309000-7f57f930a000 rw-p 00108000 08:01 2889124                    /lib/x86_64-linux-gnu/libm-2.23.so
7f57f930a000-7f57f947c000 r-xp 00000000 08:01 2107766                    /usr/lib/x86_64-linux-gnu/libstdc++.so.6.0.21
7f57f947c000-7f57f967c000 ---p 00172000 08:01 2107766                    /usr/lib/x86_64-linux-gnu/libstdc++.so.6.0.21
7f57f967c000-7f57f9686000 r--p 00172000 08:01 2107766                    /usr/lib/x86_64-linux-gnu/libstdc++.so.6.0.21
7f57f9686000-7f57f9688000 rw-p 0017c000 08:01 2107766                    /usr/lib/x86_64-linux-gnu/libstdc++.so.6.0.21
7f57f9688000-7f57f968c000 rw-p 00000000 00:00 0 
7f57f968c000-7f57fa2e9000 r-xp 00000000 08:01 803133                     /usr/lib/jvm/java-8-openjdk-amd64/jre/lib/amd64/server/libjvm.so
7f57fa2e9000-7f57fa4e9000 ---p 00c5d000 08:01 803133                     /usr/lib/jvm/java-8-openjdk-amd64/jre/lib/amd64/server/libjvm.so
7f57fa4e9000-7f57fa57d000 r--p 00c5d000 08:01 803133                     /usr/lib/jvm/java-8-openjdk-amd64/jre/lib/amd64/server/libjvm.so
7f57fa57d000-7f57fa5a6000 rw-p 00cf1000 08:01 803133                     /usr/lib/jvm/java-8-openjdk-amd64/jre/lib/amd64/server/libjvm.so
7f57fa5a6000-7f57fa5d6000 rw-p 00000000 00:00 0 
7f57fa5d6000-7f57fa5ee000 r-xp 00000000 08:01 2889200                    /lib/x86_64-linux-gnu/libpthread-2.23.so
7f57fa5ee000-7f57fa7ed000 ---p 00018000 08:01 2889200                    /lib/x86_64-linux-gnu/libpthread-2.23.so
7f57fa7ed000-7f57fa7ee000 r--p 00017000 08:01 2889200                    /lib/x86_64-linux-gnu/libpthread-2.23.so
7f57fa7ee000-7f57fa7ef000 rw-p 00018000 08:01 2889200                    /lib/x86_64-linux-gnu/libpthread-2.23.so
7f57fa7ef000-7f57fa7f3000 rw-p 00000000 00:00 0 
7f57fa7f3000-7f57fa7f6000 r-xp 00000000 08:01 2889078                    /lib/x86_64-linux-gnu/libdl-2.23.so
7f57fa7f6000-7f57fa9f5000 ---p 00003000 08:01 2889078                    /lib/x86_64-linux-gnu/libdl-2.23.so
7f57fa9f5000-7f57fa9f6000 r--p 00002000 08:01 2889078                    /lib/x86_64-linux-gnu/libdl-2.23.so
7f57fa9f6000-7f57fa9f7000 rw-p 00003000 08:01 2889078                    /lib/x86_64-linux-gnu/libdl-2.23.so
7f57fa9f7000-7f57faa10000 r-xp 00000000 08:01 2889245                    /lib/x86_64-linux-gnu/libz.so.1.2.8
7f57faa10000-7f57fac0f000 ---p 00019000 08:01 2889245                    /lib/x86_64-linux-gnu/libz.so.1.2.8
7f57fac0f000-7f57fac10000 r--p 00018000 08:01 2889245                    /lib/x86_64-linux-gnu/libz.so.1.2.8
7f57fac10000-7f57fac11000 rw-p 00019000 08:01 2889245                    /lib/x86_64-linux-gnu/libz.so.1.2.8
7f57fac11000-7f57fadd1000 r-xp 00000000 08:01 2889054                    /lib/x86_64-linux-gnu/libc-2.23.so
7f57fadd1000-7f57fafd1000 ---p 001c0000 08:01 2889054                    /lib/x86_64-linux-gnu/libc-2.23.so
7f57fafd1000-7f57fafd5000 r--p 001c0000 08:01 2889054                    /lib/x86_64-linux-gnu/libc-2.23.so
7f57fafd5000-7f57fafd7000 rw-p 001c4000 08:01 2889054                    /lib/x86_64-linux-gnu/libc-2.23.so
7f57fafd7000-7f57fafdb000 rw-p 00000000 00:00 0 
7f57fafdb000-7f57fafe8000 r-xp 00000000 08:01 803131                     /usr/lib/jvm/java-8-openjdk-amd64/jre/lib/amd64/jli/libjli.so
7f57fafe8000-7f57fb1e8000 ---p 0000d000 08:01 803131                     /usr/lib/jvm/java-8-openjdk-amd64/jre/lib/amd64/jli/libjli.so
7f57fb1e8000-7f57fb1e9000 r--p 0000d000 08:01 803131                     /usr/lib/jvm/java-8-openjdk-amd64/jre/lib/amd64/jli/libjli.so
7f57fb1e9000-7f57fb1ea000 rw-p 0000e000 08:01 803131                     /usr/lib/jvm/java-8-openjdk-amd64/jre/lib/amd64/jli/libjli.so
7f57fb1ea000-7f57fb210000 r-xp 00000000 08:01 2889026                    /lib/x86_64-linux-gnu/ld-2.23.so
7f57fb210000-7f57fb213000 r--s 00038000 08:01 803179                     /usr/lib/jvm/java-8-openjdk-amd64/jre/lib/ext/sunpkcs11.jar
7f57fb213000-7f57fb215000 r--s 00001000 08:01 803180                     /usr/lib/jvm/java-8-openjdk-amd64/jre/lib/ext/dnsns.jar
7f57fb215000-7f57fb218000 r--s 0000f000 08:01 803176                     /usr/lib/jvm/java-8-openjdk-amd64/jre/lib/ext/icedtea-sound.jar
7f57fb218000-7f57fb2e9000 rw-p 00000000 00:00 0 
7f57fb2e9000-7f57fb2ec000 ---p 00000000 00:00 0 
7f57fb2ec000-7f57fb3ee000 rw-p 00000000 00:00 0 
7f57fb3ee000-7f57fb3ef000 r--s 00010000 08:01 803182                     /usr/lib/jvm/java-8-openjdk-amd64/jre/lib/ext/zipfs.jar
7f57fb3ef000-7f57fb3f5000 r--s 0003b000 08:01 803183                     /usr/lib/jvm/java-8-openjdk-amd64/jre/lib/ext/sunjce_provider.jar
7f57fb3f5000-7f57fb404000 rw-p 00000000 00:00 0 
7f57fb404000-7f57fb40c000 rw-s 00000000 08:01 1836275                    /tmp/hsperfdata_user/125750
7f57fb40c000-7f57fb40d000 rw-p 00000000 00:00 0 
7f57fb40d000-7f57fb40e000 ---p 00000000 00:00 0 
7f57fb40e000-7f57fb40f000 rw-p 00000000 00:00 0 
7f57fb40f000-7f57fb410000 r--p 00025000 08:01 2889026                    /lib/x86_64-linux-gnu/ld-2.23.so
7f57fb410000-7f57fb411000 rw-p 00026000 08:01 2889026                    /lib/x86_64-linux-gnu/ld-2.23.so
7f57fb411000-7f57fb412000 rw-p 00000000 00:00 0 
7fff030f5000-7fff03116000 rw-p 00000000 00:00 0                          [stack]
7fff03156000-7fff03159000 r--p 00000000 00:00 0                          [vvar]
7fff03159000-7fff0315b000 r-xp 00000000 00:00 0                          [vdso]
ffffffffff600000-ffffffffff601000 r-xp 00000000 00:00 0                  [vsyscall]

VM Arguments:
jvm_args: -Xverify:none 
java_command: /home/user/.local/share/jupyter/kernels/scala/launcher.jar launch -r sonatype:releases -r sonatype:snapshots -i ammonite -I ammonite:org.jupyter-scala:ammonite-runtime_2.11.11:0.8.3-1 -I ammonite:org.jupyter-scala:scala-api_2.11.11:0.4.2 org.jupyter-scala:scala-cli_2.11.11:0.4.2 -- --id scala --name Scala --quiet --connection-file /run/user/1000/jupyter/kernel-dd0dea1f-73ff-49d5-a741-bdbc4b5579cd.json
java_class_path (initial): /home/user/.local/share/jupyter/kernels/scala/launcher.jar
Launcher Type: SUN_STANDARD

Environment Variables:
PATH=/home/user/anaconda3/bin:/home/user/anaconda3/bin:/home/user/bin:/home/user/.local/bin:/usr/local/sbin:/usr/local/bin:/usr/sbin:/usr/bin:/sbin:/bin:/usr/games:/usr/local/games:/snap/bin
SHELL=/bin/bash
DISPLAY=:0.0

Signal Handlers:
SIGSEGV: [libjvm.so+0xa71a70], sa_mask[0]=11111111011111111101111111111110, sa_flags=SA_RESTART|SA_SIGINFO
SIGBUS: [libjvm.so+0xa71a70], sa_mask[0]=11111111011111111101111111111110, sa_flags=SA_RESTART|SA_SIGINFO
SIGFPE: [libjvm.so+0x8b8f80], sa_mask[0]=11111111011111111101111111111110, sa_flags=SA_RESTART|SA_SIGINFO
SIGPIPE: [libjvm.so+0x8b8f80], sa_mask[0]=11111111011111111101111111111110, sa_flags=SA_RESTART|SA_SIGINFO
SIGXFSZ: [libjvm.so+0x8b8f80], sa_mask[0]=11111111011111111101111111111110, sa_flags=SA_RESTART|SA_SIGINFO
SIGILL: [libjvm.so+0x8b8f80], sa_mask[0]=11111111011111111101111111111110, sa_flags=SA_RESTART|SA_SIGINFO
SIGUSR1: SIG_DFL, sa_mask[0]=00000000000000000000000000000000, sa_flags=none
SIGUSR2: [libjvm.so+0x8b8e30], sa_mask[0]=00000000000000000000000000000000, sa_flags=SA_RESTART|SA_SIGINFO
SIGHUP: [libjvm.so+0x8b9300], sa_mask[0]=11111111011111111101111111111110, sa_flags=SA_RESTART|SA_SIGINFO
SIGINT: [libjvm.so+0x8b9300], sa_mask[0]=11111111011111111101111111111110, sa_flags=SA_RESTART|SA_SIGINFO
SIGTERM: [libjvm.so+0x8b9300], sa_mask[0]=11111111011111111101111111111110, sa_flags=SA_RESTART|SA_SIGINFO
SIGQUIT: [libjvm.so+0x8b9300], sa_mask[0]=11111111011111111101111111111110, sa_flags=SA_RESTART|SA_SIGINFO


---------------  S Y S T E M  ---------------

OS:DISTRIB_ID=Ubuntu
DISTRIB_RELEASE=16.04
DISTRIB_CODENAME=xenial
DISTRIB_DESCRIPTION="Ubuntu 16.04.5 LTS"

uname:Linux 4.15.0-33-generic #36~16.04.1-Ubuntu SMP Wed Aug 15 17:21:05 UTC 2018 x86_64
libc:glibc 2.23 NPTL 2.23 
rlimit: STACK 8192k, CORE 0k, NPROC 7646, NOFILE 1048576, AS infinity
load average:3.18 1.77 0.81

/proc/meminfo:
MemTotal:        3065896 kB
MemFree:           23592 kB
MemAvailable:      29584 kB
Buffers:             460 kB
Cached:            43280 kB
SwapCached:         2712 kB
Active:          2246556 kB
Inactive:         570472 kB
Active(anon):    2237648 kB
Inactive(anon):   559956 kB
Active(file):       8908 kB
Inactive(file):    10516 kB
Unevictable:          64 kB
Mlocked:              64 kB
SwapTotal:        998396 kB
SwapFree:              0 kB
Dirty:               252 kB
Writeback:             0 kB
AnonPages:       2770656 kB
Mapped:            34584 kB
Shmem:             24312 kB
Slab:              89296 kB
SReclaimable:      35436 kB
SUnreclaim:        53860 kB
KernelStack:       14288 kB
PageTables:        37308 kB
NFS_Unstable:          0 kB
Bounce:                0 kB
WritebackTmp:          0 kB
CommitLimit:     2531344 kB
Committed_AS:    7478228 kB
VmallocTotal:   34359738367 kB
VmallocUsed:           0 kB
VmallocChunk:          0 kB
HardwareCorrupted:     0 kB
AnonHugePages:         0 kB
ShmemHugePages:        0 kB
ShmemPmdMapped:        0 kB
CmaTotal:              0 kB
CmaFree:               0 kB
HugePages_Total:       0
HugePages_Free:        0
HugePages_Rsvd:        0
HugePages_Surp:        0
Hugepagesize:       2048 kB
DirectMap4k:      278400 kB
DirectMap2M:     2867200 kB
DirectMap1G:           0 kB


CPU:total 2 (initial active 2) (1 cores per cpu, 1 threads per core) family 6 model 78 stepping 3, cmov, cx8, fxsr, mmx, sse, sse2, sse3, ssse3, sse4.1, sse4.2, popcnt, avx, avx2, aes, clmul, erms, 3dnowpref, lzcnt, tsc, tscinvbit, bmi1, bmi2, adx

/proc/cpuinfo:
processor	: 0
vendor_id	: GenuineIntel
cpu family	: 6
model		: 78
model name	: Intel(R) Core(TM) i7-6500U CPU @ 2.50GHz
stepping	: 3
microcode	: 0xba
cpu MHz		: 2592.004
cache size	: 4096 KB
physical id	: 0
siblings	: 1
core id		: 0
cpu cores	: 1
apicid		: 0
initial apicid	: 0
fpu		: yes
fpu_exception	: yes
cpuid level	: 22
wp		: yes
flags		: fpu vme de pse tsc msr pae mce cx8 apic sep mtrr pge mca cmov pat pse36 clflush dts mmx fxsr sse sse2 ss syscall nx pdpe1gb rdtscp lm constant_tsc arch_perfmon pebs bts nopl xtopology tsc_reliable nonstop_tsc cpuid aperfmperf pni pclmulqdq ssse3 fma cx16 pcid sse4_1 sse4_2 x2apic movbe popcnt tsc_deadline_timer aes xsave avx f16c rdrand hypervisor lahf_lm abm 3dnowprefetch cpuid_fault epb invpcid_single pti fsgsbase tsc_adjust bmi1 avx2 smep bmi2 invpcid rdseed adx smap xsaveopt dtherm ida arat pln pts hwp hwp_notify hwp_act_window hwp_epp
bugs		: cpu_meltdown spectre_v1 spectre_v2 spec_store_bypass l1tf
bogomips	: 5184.00
clflush size	: 64
cache_alignment	: 64
address sizes	: 42 bits physical, 48 bits virtual
power management:

processor	: 1
vendor_id	: GenuineIntel
cpu family	: 6
model		: 78
model name	: Intel(R) Core(TM) i7-6500U CPU @ 2.50GHz
stepping	: 3
microcode	: 0xba
cpu MHz		: 2592.004
cache size	: 4096 KB
physical id	: 2
siblings	: 1
core id		: 0
cpu cores	: 1
apicid		: 2
initial apicid	: 2
fpu		: yes
fpu_exception	: yes
cpuid level	: 22
wp		: yes
flags		: fpu vme de pse tsc msr pae mce cx8 apic sep mtrr pge mca cmov pat pse36 clflush dts mmx fxsr sse sse2 ss syscall nx pdpe1gb rdtscp lm constant_tsc arch_perfmon pebs bts nopl xtopology tsc_reliable nonstop_tsc cpuid aperfmperf pni pclmulqdq ssse3 fma cx16 pcid sse4_1 sse4_2 x2apic movbe popcnt tsc_deadline_timer aes xsave avx f16c rdrand hypervisor lahf_lm abm 3dnowprefetch cpuid_fault epb invpcid_single pti fsgsbase tsc_adjust bmi1 avx2 smep bmi2 invpcid rdseed adx smap xsaveopt dtherm ida arat pln pts hwp hwp_notify hwp_act_window hwp_epp
bugs		: cpu_meltdown spectre_v1 spectre_v2 spec_store_bypass l1tf
bogomips	: 5184.00
clflush size	: 64
cache_alignment	: 64
address sizes	: 42 bits physical, 48 bits virtual
power management:



Memory: 4k page, physical 3065896k(21780k free), swap 998396k(0k free)

vm_info: OpenJDK 64-Bit Server VM (25.181-b13) for linux-amd64 JRE (1.8.0_181-8u181-b13-1ubuntu0.16.04.1-b13), built on Oct 23 2018 04:39:49 by "buildd" with gcc 5.4.0 20160609

time: Sun Dec  2 20:46:16 2018
elapsed time: 5 seconds (0d 0h 0m 5s)

