#
# There is insufficient memory for the Java Runtime Environment to continue.
# Native memory allocation (mmap) failed to map 67108864 bytes for committing reserved memory.
# Possible reasons:
#   The system is out of physical RAM or swap space
#   In 32 bit mode, the process size limit was hit
# Possible solutions:
#   Reduce memory load on the system
#   Increase physical memory or swap space
#   Check if swap backing store is full
#   Use 64 bit Java on a 64 bit OS
#   Decrease Java heap size (-Xmx/-Xms)
#   Decrease number of Java threads
#   Decrease Java thread stack sizes (-Xss)
#   Set larger code cache with -XX:ReservedCodeCacheSize=
# This output file may be truncated or incomplete.
#
#  Out of Memory Error (os_linux.cpp:2643), pid=119793, tid=0x00007f6726387700
#
# JRE version: OpenJDK Runtime Environment (8.0_181-b13) (build 1.8.0_181-8u181-b13-1ubuntu0.16.04.1-b13)
# Java VM: OpenJDK 64-Bit Server VM (25.181-b13 mixed mode linux-amd64 compressed oops)
# Failed to write core dump. Core dumps have been disabled. To enable core dumping, try "ulimit -c unlimited" before starting Java again
#

---------------  T H R E A D  ---------------

Current thread (0x00007f67380fb800):  VMThread [stack: 0x00007f6726287000,0x00007f6726388000] [id=119797]

Stack: [0x00007f6726287000,0x00007f6726388000],  sp=0x00007f67263864a0,  free space=1021k
Native frames: (J=compiled Java code, j=interpreted, Vv=VM code, C=native code)
V  [libjvm.so+0xa70f1b]
V  [libjvm.so+0x4c893c]
V  [libjvm.so+0x8bda48]
V  [libjvm.so+0x8b7dde]
V  [libjvm.so+0x933246]
V  [libjvm.so+0x934573]
V  [libjvm.so+0x930c3b]
V  [libjvm.so+0x929a69]
V  [libjvm.so+0x44c943]
V  [libjvm.so+0xa724a9]
V  [libjvm.so+0xa77d67]
V  [libjvm.so+0xa75467]
V  [libjvm.so+0xa768ef]
V  [libjvm.so+0xa76de1]
V  [libjvm.so+0x8bae52]

VM_Operation (0x00007f673f54b8d0): CollectForMetadataAllocation, mode: safepoint, requested by thread 0x00007f673800a800


---------------  P R O C E S S  ---------------

Java Threads: ( => current thread )
  0x00007f673838b800 JavaThread "pool-2-thread-6" daemon [_thread_blocked, id=119817, stack(0x00007f672471d000,0x00007f672481e000)]
  0x00007f6738389800 JavaThread "pool-2-thread-5" daemon [_thread_blocked, id=119816, stack(0x00007f672481e000,0x00007f672491f000)]
  0x00007f6738388000 JavaThread "pool-2-thread-4" daemon [_thread_blocked, id=119815, stack(0x00007f672491f000,0x00007f6724a20000)]
  0x00007f6738386000 JavaThread "pool-2-thread-3" daemon [_thread_blocked, id=119814, stack(0x00007f6724a20000,0x00007f6724b21000)]
  0x00007f6738385000 JavaThread "pool-2-thread-2" daemon [_thread_blocked, id=119813, stack(0x00007f6724dd2000,0x00007f6724ed3000)]
  0x00007f6738384000 JavaThread "pool-2-thread-1" daemon [_thread_blocked, id=119812, stack(0x00007f6724cd1000,0x00007f6724dd2000)]
  0x00007f6738357000 JavaThread "process reaper" daemon [_thread_blocked, id=119806, stack(0x00007f6724ed3000,0x00007f6724f0c000)]
  0x00007f6738141800 JavaThread "Service Thread" daemon [_thread_blocked, id=119803, stack(0x00007f6725259000,0x00007f672535a000)]
  0x00007f673813e800 JavaThread "C1 CompilerThread1" daemon [_thread_blocked, id=119802, stack(0x00007f672535a000,0x00007f672545b000)]
  0x00007f673813b800 JavaThread "C2 CompilerThread0" daemon [_thread_blocked, id=119801, stack(0x00007f672545b000,0x00007f672555c000)]
  0x00007f673813a000 JavaThread "Signal Dispatcher" daemon [_thread_blocked, id=119800, stack(0x00007f672555c000,0x00007f672565d000)]
  0x00007f6738107800 JavaThread "Finalizer" daemon [_thread_blocked, id=119799, stack(0x00007f6726085000,0x00007f6726186000)]
  0x00007f6738105000 JavaThread "Reference Handler" daemon [_thread_blocked, id=119798, stack(0x00007f6726186000,0x00007f6726287000)]
  0x00007f673800a800 JavaThread "main" [_thread_blocked, id=119794, stack(0x00007f673f451000,0x00007f673f552000)]

Other Threads:
=>0x00007f67380fb800 VMThread [stack: 0x00007f6726287000,0x00007f6726388000] [id=119797]
  0x00007f6738143800 WatcherThread [stack: 0x00007f6725158000,0x00007f6725259000] [id=119804]

VM state:at safepoint (normal execution)

VM Mutex/Monitor currently owned by a thread:  ([mutex/lock_event])
[0x00007f6738006f80] Threads_lock - owner thread: 0x00007f67380fb800
[0x00007f6738007480] Heap_lock - owner thread: 0x00007f673800a800

Heap:
 PSYoungGen      total 73728K, used 2952K [0x00000000f5b80000, 0x00000000faa80000, 0x0000000100000000)
  eden space 68096K, 0% used [0x00000000f5b80000,0x00000000f5b80000,0x00000000f9e00000)
  from space 5632K, 52% used [0x00000000f9e00000,0x00000000fa0e20f0,0x00000000fa380000)
  to   space 4096K, 0% used [0x00000000fa380000,0x00000000fa380000,0x00000000fa780000)
 ParOldGen       total 22016K, used 8906K [0x00000000e1200000, 0x00000000e2780000, 0x00000000f5b80000)
  object space 22016K, 40% used [0x00000000e1200000,0x00000000e1ab2a18,0x00000000e2780000)
 Metaspace       used 20808K, capacity 21134K, committed 21248K, reserved 1067008K
  class space    used 3426K, capacity 3545K, committed 3584K, reserved 1048576K

Card table byte_map: [0x00007f672893f000,0x00007f6728a37000] byte_map_base: 0x00007f6728236000

Marking Bits: (ParMarkBitMap*) 0x00007f673e7213a0
 Begin Bits: [0x00007f67277cd000, 0x00007f6727f85000)
 End Bits:   [0x00007f6727f85000, 0x00007f672873d000)

Polling page: 0x00007f673f575000

CodeCache: size=245760Kb used=6168Kb max_used=6168Kb free=239591Kb
 bounds [0x00007f6728df7000, 0x00007f6729407000, 0x00007f6737df7000]
 total_blobs=2761 nmethods=2364 adapters=311
 compilation: enabled

Compilation events (10 events):
Event: 14.373 Thread 0x00007f673813e800 2393       3       java.lang.String::lastIndexOf (151 bytes)
Event: 14.375 Thread 0x00007f673813e800 nmethod 2393 0x00007f67293fbd50 code [0x00007f67293fbf00, 0x00007f67293fc450]
Event: 14.375 Thread 0x00007f673813e800 2394       3       java.lang.String::lastIndexOf (11 bytes)
Event: 14.376 Thread 0x00007f673813e800 nmethod 2394 0x00007f67293fb810 code [0x00007f67293fb980, 0x00007f67293fbc08]
Event: 14.505 Thread 0x00007f673813e800 2395       3       sun.misc.ASCIICaseInsensitiveComparator::compare (126 bytes)
Event: 14.522 Thread 0x00007f673813e800 nmethod 2395 0x00007f67293ff050 code [0x00007f67293ff260, 0x00007f67293ffe58]
Event: 14.827 Thread 0x00007f673813e800 2396       3       java.io.OutputStream::<init> (5 bytes)
Event: 14.860 Thread 0x00007f673813e800 nmethod 2396 0x00007f6729400490 code [0x00007f6729400600, 0x00007f67294007b0]
Event: 14.879 Thread 0x00007f673813e800 2397       1       scala.UniquenessCache::map (5 bytes)
Event: 14.881 Thread 0x00007f673813e800 nmethod 2397 0x00007f6729400890 code [0x00007f67294009e0, 0x00007f6729400af0]

GC Heap History (10 events):
Event: 1.954 GC heap after
Heap after GC invocations=2 (full 0):
 PSYoungGen      total 18432K, used 1008K [0x00000000f5b80000, 0x00000000f6e80000, 0x0000000100000000)
  eden space 17408K, 0% used [0x00000000f5b80000,0x00000000f5b80000,0x00000000f6c80000)
  from space 1024K, 98% used [0x00000000f6d80000,0x00000000f6e7c010,0x00000000f6e80000)
  to   space 1024K, 0% used [0x00000000f6c80000,0x00000000f6c80000,0x00000000f6d80000)
 ParOldGen       total 22016K, used 1935K [0x00000000e1200000, 0x00000000e2780000, 0x00000000f5b80000)
  object space 22016K, 8% used [0x00000000e1200000,0x00000000e13e3da0,0x00000000e2780000)
 Metaspace       used 7077K, capacity 8160K, committed 8448K, reserved 1056768K
  class space    used 1194K, capacity 1228K, committed 1280K, reserved 1048576K
}
Event: 3.539 GC heap before
{Heap before GC invocations=3 (full 0):
 PSYoungGen      total 18432K, used 18416K [0x00000000f5b80000, 0x00000000f6e80000, 0x0000000100000000)
  eden space 17408K, 100% used [0x00000000f5b80000,0x00000000f6c80000,0x00000000f6c80000)
  from space 1024K, 98% used [0x00000000f6d80000,0x00000000f6e7c010,0x00000000f6e80000)
  to   space 1024K, 0% used [0x00000000f6c80000,0x00000000f6c80000,0x00000000f6d80000)
 ParOldGen       total 22016K, used 1935K [0x00000000e1200000, 0x00000000e2780000, 0x00000000f5b80000)
  object space 22016K, 8% used [0x00000000e1200000,0x00000000e13e3da0,0x00000000e2780000)
 Metaspace       used 12710K, capacity 12914K, committed 13056K, reserved 1060864K
  class space    used 2156K, capacity 2215K, committed 2304K, reserved 1048576K
Event: 3.555 GC heap after
Heap after GC invocations=3 (full 0):
 PSYoungGen      total 18432K, used 1008K [0x00000000f5b80000, 0x00000000f7f80000, 0x0000000100000000)
  eden space 17408K, 0% used [0x00000000f5b80000,0x00000000f5b80000,0x00000000f6c80000)
  from space 1024K, 98% used [0x00000000f6c80000,0x00000000f6d7c050,0x00000000f6d80000)
  to   space 1024K, 0% used [0x00000000f7e80000,0x00000000f7e80000,0x00000000f7f80000)
 ParOldGen       total 22016K, used 4780K [0x00000000e1200000, 0x00000000e2780000, 0x00000000f5b80000)
  object space 22016K, 21% used [0x00000000e1200000,0x00000000e16ab3e8,0x00000000e2780000)
 Metaspace       used 12710K, capacity 12914K, committed 13056K, reserved 1060864K
  class space    used 2156K, capacity 2215K, committed 2304K, reserved 1048576K
}
Event: 4.189 GC heap before
{Heap before GC invocations=4 (full 0):
 PSYoungGen      total 18432K, used 18416K [0x00000000f5b80000, 0x00000000f7f80000, 0x0000000100000000)
  eden space 17408K, 100% used [0x00000000f5b80000,0x00000000f6c80000,0x00000000f6c80000)
  from space 1024K, 98% used [0x00000000f6c80000,0x00000000f6d7c050,0x00000000f6d80000)
  to   space 1024K, 0% used [0x00000000f7e80000,0x00000000f7e80000,0x00000000f7f80000)
 ParOldGen       total 22016K, used 4780K [0x00000000e1200000, 0x00000000e2780000, 0x00000000f5b80000)
  object space 22016K, 21% used [0x00000000e1200000,0x00000000e16ab3e8,0x00000000e2780000)
 Metaspace       used 13938K, capacity 14110K, committed 14336K, reserved 1060864K
  class space    used 2387K, capacity 2441K, committed 2560K, reserved 1048576K
Event: 4.201 GC heap after
Heap after GC invocations=4 (full 0):
 PSYoungGen      total 35840K, used 992K [0x00000000f5b80000, 0x00000000f7f80000, 0x0000000100000000)
  eden space 34816K, 0% used [0x00000000f5b80000,0x00000000f5b80000,0x00000000f7d80000)
  from space 1024K, 96% used [0x00000000f7e80000,0x00000000f7f78020,0x00000000f7f80000)
  to   space 1024K, 0% used [0x00000000f7d80000,0x00000000f7d80000,0x00000000f7e80000)
 ParOldGen       total 22016K, used 5827K [0x00000000e1200000, 0x00000000e2780000, 0x00000000f5b80000)
  object space 22016K, 26% used [0x00000000e1200000,0x00000000e17b0d80,0x00000000e2780000)
 Metaspace       used 13938K, capacity 14110K, committed 14336K, reserved 1060864K
  class space    used 2387K, capacity 2441K, committed 2560K, reserved 1048576K
}
Event: 6.519 GC heap before
{Heap before GC invocations=5 (full 0):
 PSYoungGen      total 35840K, used 35808K [0x00000000f5b80000, 0x00000000f7f80000, 0x0000000100000000)
  eden space 34816K, 100% used [0x00000000f5b80000,0x00000000f7d80000,0x00000000f7d80000)
  from space 1024K, 96% used [0x00000000f7e80000,0x00000000f7f78020,0x00000000f7f80000)
  to   space 1024K, 0% used [0x00000000f7d80000,0x00000000f7d80000,0x00000000f7e80000)
 ParOldGen       total 22016K, used 5827K [0x00000000e1200000, 0x00000000e2780000, 0x00000000f5b80000)
  object space 22016K, 26% used [0x00000000e1200000,0x00000000e17b0d80,0x00000000e2780000)
 Metaspace       used 14626K, capacity 14846K, committed 15104K, reserved 1062912K
  class space    used 2477K, capacity 2537K, committed 2560K, reserved 1048576K
Event: 6.574 GC heap after
Heap after GC invocations=5 (full 0):
 PSYoungGen      total 35840K, used 1024K [0x00000000f5b80000, 0x00000000fa780000, 0x0000000100000000)
  eden space 34816K, 0% used [0x00000000f5b80000,0x00000000f5b80000,0x00000000f7d80000)
  from space 1024K, 100% used [0x00000000f7d80000,0x00000000f7e80000,0x00000000f7e80000)
  to   space 4096K, 0% used [0x00000000fa380000,0x00000000fa380000,0x00000000fa780000)
 ParOldGen       total 22016K, used 6900K [0x00000000e1200000, 0x00000000e2780000, 0x00000000f5b80000)
  object space 22016K, 31% used [0x00000000e1200000,0x00000000e18bd2d0,0x00000000e2780000)
 Metaspace       used 14626K, capacity 14846K, committed 15104K, reserved 1062912K
  class space    used 2477K, capacity 2537K, committed 2560K, reserved 1048576K
}
Event: 11.634 GC heap before
{Heap before GC invocations=6 (full 0):
 PSYoungGen      total 35840K, used 35840K [0x00000000f5b80000, 0x00000000fa780000, 0x0000000100000000)
  eden space 34816K, 100% used [0x00000000f5b80000,0x00000000f7d80000,0x00000000f7d80000)
  from space 1024K, 100% used [0x00000000f7d80000,0x00000000f7e80000,0x00000000f7e80000)
  to   space 4096K, 0% used [0x00000000fa380000,0x00000000fa380000,0x00000000fa780000)
 ParOldGen       total 22016K, used 6900K [0x00000000e1200000, 0x00000000e2780000, 0x00000000f5b80000)
  object space 22016K, 31% used [0x00000000e1200000,0x00000000e18bd2d0,0x00000000e2780000)
 Metaspace       used 18913K, capacity 19310K, committed 19456K, reserved 1064960K
  class space    used 3163K, capacity 3321K, committed 3328K, reserved 1048576K
Event: 11.958 GC heap after
Heap after GC invocations=6 (full 0):
 PSYoungGen      total 72192K, used 4071K [0x00000000f5b80000, 0x00000000faa80000, 0x0000000100000000)
  eden space 68096K, 0% used [0x00000000f5b80000,0x00000000f5b80000,0x00000000f9e00000)
  from space 4096K, 99% used [0x00000000fa380000,0x00000000fa779fd8,0x00000000fa780000)
  to   space 5632K, 0% used [0x00000000f9e00000,0x00000000f9e00000,0x00000000fa380000)
 ParOldGen       total 22016K, used 8562K [0x00000000e1200000, 0x00000000e2780000, 0x00000000f5b80000)
  object space 22016K, 38% used [0x00000000e1200000,0x00000000e1a5c9c8,0x00000000e2780000)
 Metaspace       used 18913K, capacity 19310K, committed 19456K, reserved 1064960K
  class space    used 3163K, capacity 3321K, committed 3328K, reserved 1048576K
}
Event: 14.899 GC heap before
{Heap before GC invocations=7 (full 0):
 PSYoungGen      total 72192K, used 17938K [0x00000000f5b80000, 0x00000000faa80000, 0x0000000100000000)
  eden space 68096K, 20% used [0x00000000f5b80000,0x00000000f690ab30,0x00000000f9e00000)
  from space 4096K, 99% used [0x00000000fa380000,0x00000000fa779fd8,0x00000000fa780000)
  to   space 5632K, 0% used [0x00000000f9e00000,0x00000000f9e00000,0x00000000fa380000)
 ParOldGen       total 22016K, used 8562K [0x00000000e1200000, 0x00000000e2780000, 0x00000000f5b80000)
  object space 22016K, 38% used [0x00000000e1200000,0x00000000e1a5c9c8,0x00000000e2780000)
 Metaspace       used 20808K, capacity 21134K, committed 21248K, reserved 1067008K
  class space    used 3426K, capacity 3545K, committed 3584K, reserved 1048576K

Deoptimization events (10 events):
Event: 9.368 Thread 0x00007f673800a800 Uncommon trap: reason=unstable_if action=reinterpret pc=0x00007f6728fa7a20 method=sun.misc.URLClassPath.getLoader(I)Lsun/misc/URLClassPath$Loader; @ 36
Event: 9.369 Thread 0x00007f673800a800 Uncommon trap: reason=unstable_if action=reinterpret pc=0x00007f6728fadcf4 method=sun.misc.URLClassPath$JarLoader.ensureOpen()V @ 4
Event: 9.626 Thread 0x00007f673800a800 Uncommon trap: reason=bimorphic action=maybe_recompile pc=0x00007f67290c1098 method=java.lang.ClassLoader.loadClass(Ljava/lang/String;Z)Ljava/lang/Class; @ 38
Event: 9.626 Thread 0x00007f673800a800 Uncommon trap: reason=unstable_if action=reinterpret pc=0x00007f67290c0f00 method=java.lang.ClassLoader.getClassLoadingLock(Ljava/lang/String;)Ljava/lang/Object; @ 6
Event: 9.627 Thread 0x00007f673800a800 Uncommon trap: reason=unstable_if action=reinterpret pc=0x00007f6729291094 method=java.util.jar.JarFile.getManEntry()Ljava/util/jar/JarEntry; @ 4
Event: 9.646 Thread 0x00007f673800a800 Uncommon trap: reason=unstable_if action=reinterpret pc=0x00007f6728fe0214 method=sun.net.www.ParseUtil.encodePath(Ljava/lang/String;Z)Ljava/lang/String; @ 116
Event: 11.348 Thread 0x00007f673800a800 Uncommon trap: reason=unstable_if action=reinterpret pc=0x00007f67292fde1c method=java.lang.CharacterDataLatin1.digit(II)I @ 82
Event: 12.042 Thread 0x00007f6738107800 Uncommon trap: reason=unstable_if action=reinterpret pc=0x00007f67293b4644 method=java.util.WeakHashMap.eq(Ljava/lang/Object;Ljava/lang/Object;)Z @ 2
Event: 13.140 Thread 0x00007f673800a800 Uncommon trap: reason=class_check action=maybe_recompile pc=0x00007f672931c0d4 method=java.util.regex.Pattern$Slice.match(Ljava/util/regex/Matcher;ILjava/lang/CharSequence;)Z @ 75
Event: 14.073 Thread 0x00007f673800a800 Uncommon trap: reason=unstable_if action=reinterpret pc=0x00007f67293e9664 method=java.util.zip.ZipFile$ZipFileInputStream.read([BII)I @ 46

Classes redefined (0 events):
No events

Internal exceptions (10 events):
Event: 0.515 Thread 0x00007f673800a800 Exception <a 'java/security/PrivilegedActionException'> (0x00000000f5c30978) thrown at [/build/openjdk-8-lTwZJE/openjdk-8-8u181-b13/src/hotspot/src/share/vm/prims/jvm.cpp, line 1435]
Event: 0.515 Thread 0x00007f673800a800 Exception <a 'java/security/PrivilegedActionException'> (0x00000000f5c32a00) thrown at [/build/openjdk-8-lTwZJE/openjdk-8-8u181-b13/src/hotspot/src/share/vm/prims/jvm.cpp, line 1435]
Event: 0.515 Thread 0x00007f673800a800 Exception <a 'java/security/PrivilegedActionException'> (0x00000000f5c32c10) thrown at [/build/openjdk-8-lTwZJE/openjdk-8-8u181-b13/src/hotspot/src/share/vm/prims/jvm.cpp, line 1435]
Event: 0.515 Thread 0x00007f673800a800 Exception <a 'java/security/PrivilegedActionException'> (0x00000000f5c336e8) thrown at [/build/openjdk-8-lTwZJE/openjdk-8-8u181-b13/src/hotspot/src/share/vm/prims/jvm.cpp, line 1435]
Event: 0.515 Thread 0x00007f673800a800 Exception <a 'java/security/PrivilegedActionException'> (0x00000000f5c338f8) thrown at [/build/openjdk-8-lTwZJE/openjdk-8-8u181-b13/src/hotspot/src/share/vm/prims/jvm.cpp, line 1435]
Event: 2.526 Thread 0x00007f673800a800 Exception <a 'java/lang/NoSuchFieldError': method resolution failed> (0x00000000f626c7a8) thrown at [/build/openjdk-8-lTwZJE/openjdk-8-8u181-b13/src/hotspot/src/share/vm/prims/methodHandles.cpp, line 1167]
Event: 2.530 Thread 0x00007f673800a800 Exception <a 'java/lang/NoSuchFieldError': method resolution failed> (0x00000000f6279f18) thrown at [/build/openjdk-8-lTwZJE/openjdk-8-8u181-b13/src/hotspot/src/share/vm/prims/methodHandles.cpp, line 1167]
Event: 3.417 Thread 0x00007f673838b800 Implicit null exception at 0x00007f6728fc019b to 0x00007f6728fc0351
Event: 11.445 Thread 0x00007f673800a800 Exception <a 'java/io/FileNotFoundException'> (0x00000000f7a4c968) thrown at [/build/openjdk-8-lTwZJE/openjdk-8-8u181-b13/src/hotspot/src/share/vm/prims/jni.cpp, line 709]
Event: 14.052 Thread 0x00007f673800a800 Exception <a 'java/lang/NoSuchMethodError': org.slf4j.impl.StaticMDCBinder.getSingleton()Lorg/slf4j/impl/StaticMDCBinder;> (0x00000000f6156fc0) thrown at [/build/openjdk-8-lTwZJE/openjdk-8-8u181-b13/src/hotspot/src/share/vm/interpreter/linkResolver.cpp, l

Events (10 events):
Event: 14.885 loading class jupyter/kernel/protocol/ShellRequest$Execute$ done
Event: 14.886 loading class scala/runtime/AbstractFunction6
Event: 14.886 loading class scala/runtime/AbstractFunction6 done
Event: 14.890 loading class scala/Function6
Event: 14.890 loading class scala/Function6 done
Event: 14.893 loading class scala/Function6$class
Event: 14.893 loading class scala/Function6$class done
Event: 14.893 loading class jupyter/kernel/protocol/ShellRequestDecodeJsons$anon$derivedDecodeJson$macro$1753$1$anon$macro$1742$1
Event: 14.893 loading class jupyter/kernel/protocol/ShellRequestDecodeJsons$anon$derivedDecodeJson$macro$1753$1$anon$macro$1742$1 done
Event: 14.895 Executing VM operation: CollectForMetadataAllocation


Dynamic libraries:
00400000-00401000 r-xp 00000000 08:01 803085                             /usr/lib/jvm/java-8-openjdk-amd64/jre/bin/java
00600000-00601000 r--p 00000000 08:01 803085                             /usr/lib/jvm/java-8-openjdk-amd64/jre/bin/java
00601000-00602000 rw-p 00001000 08:01 803085                             /usr/lib/jvm/java-8-openjdk-amd64/jre/bin/java
01694000-01723000 rw-p 00000000 00:00 0                                  [heap]
e1200000-e2780000 rw-p 00000000 00:00 0 
e2780000-f5b80000 ---p 00000000 00:00 0 
f5b80000-faa80000 rw-p 00000000 00:00 0 
fea80000-100000000 ---p 00000000 00:00 0 
100000000-100380000 rw-p 00000000 00:00 0 
100380000-140000000 ---p 00000000 00:00 0 
7f66e8000000-7f66e809b000 rw-p 00000000 00:00 0 
7f66e809b000-7f66ec000000 ---p 00000000 00:00 0 
7f66ef59c000-7f66ef5b3000 r-xp 00000000 08:01 803144                     /usr/lib/jvm/java-8-openjdk-amd64/jre/lib/amd64/libnet.so
7f66ef5b3000-7f66ef7b2000 ---p 00017000 08:01 803144                     /usr/lib/jvm/java-8-openjdk-amd64/jre/lib/amd64/libnet.so
7f66ef7b2000-7f66ef7b3000 r--p 00016000 08:01 803144                     /usr/lib/jvm/java-8-openjdk-amd64/jre/lib/amd64/libnet.so
7f66ef7b3000-7f66ef7b4000 rw-p 00017000 08:01 803144                     /usr/lib/jvm/java-8-openjdk-amd64/jre/lib/amd64/libnet.so
7f66ef7b4000-7f66ef7c5000 r-xp 00000000 08:01 803143                     /usr/lib/jvm/java-8-openjdk-amd64/jre/lib/amd64/libnio.so
7f66ef7c5000-7f66ef9c5000 ---p 00011000 08:01 803143                     /usr/lib/jvm/java-8-openjdk-amd64/jre/lib/amd64/libnio.so
7f66ef9c5000-7f66ef9c6000 r--p 00011000 08:01 803143                     /usr/lib/jvm/java-8-openjdk-amd64/jre/lib/amd64/libnio.so
7f66ef9c6000-7f66ef9c7000 rw-p 00012000 08:01 803143                     /usr/lib/jvm/java-8-openjdk-amd64/jre/lib/amd64/libnio.so
7f66ef9c7000-7f66efb07000 rw-p 00000000 00:00 0 
7f66efb07000-7f66efbc7000 ---p 00000000 00:00 0 
7f66efbc7000-7f66efdc7000 rw-p 00000000 00:00 0 
7f66efdc7000-7f66efdca000 r--s 00011000 08:01 807203                     /home/user/.coursier/cache/v1/https/repo1.maven.org/maven2/com/lihaoyi/fastparse-utils_2.11/0.4.2/fastparse-utils_2.11-0.4.2.jar
7f66efdca000-7f66efdd1000 r--s 00042000 08:01 807208                     /home/user/.coursier/cache/v1/https/repo1.maven.org/maven2/com/github/alexarchambault/case-app_2.11/1.1.3/case-app_2.11-1.1.3.jar
7f66efdd1000-7f66efddc000 r--s 00069000 08:01 807253                     /home/user/.coursier/cache/v1/https/repo1.maven.org/maven2/ch/qos/logback/logback-core/1.2.1/logback-core-1.2.1.jar
7f66efddc000-7f66efdde000 r--s 0000a000 08:01 807225                     /home/user/.coursier/cache/v1/https/repo1.maven.org/maven2/com/github/alexarchambault/case-app-util_2.11/1.1.3/case-app-util_2.11-1.1.3.jar
7f66efdde000-7f66efdf1000 r--s 000bb000 08:01 807205                     /home/user/.coursier/cache/v1/https/repo1.maven.org/maven2/org/jupyter-scala/kernel_2.11/0.4.1/kernel_2.11-0.4.1.jar
7f66efdf1000-7f66efe21000 r--s 001c7000 08:01 807281                     /home/user/.coursier/cache/v1/https/repo1.maven.org/maven2/io/argonaut/argonaut_2.11/6.2/argonaut_2.11-6.2.jar
7f66efe21000-7f66efef3000 r--s 00a6f000 08:01 807285                     /home/user/.coursier/cache/v1/https/repo1.maven.org/maven2/org/scalaz/scalaz-core_2.11/7.2.8/scalaz-core_2.11-7.2.8.jar
7f66efef3000-7f66f0000000 r--s 00dd4000 08:01 807246                     /home/user/.coursier/cache/v1/https/repo1.maven.org/maven2/org/scala-lang/scala-compiler/2.11.11/scala-compiler-2.11.11.jar
7f66f0000000-7f66f00c8000 rw-p 00000000 00:00 0 
7f66f00c8000-7f66f4000000 ---p 00000000 00:00 0 
7f66f4000000-7f66f40de000 rw-p 00000000 00:00 0 
7f66f40de000-7f66f8000000 ---p 00000000 00:00 0 
7f66f8000000-7f66f8021000 rw-p 00000000 00:00 0 
7f66f8021000-7f66fc000000 ---p 00000000 00:00 0 
7f66fc000000-7f66fc021000 rw-p 00000000 00:00 0 
7f66fc021000-7f6700000000 ---p 00000000 00:00 0 
7f6700000000-7f6700ee6000 rw-p 00000000 00:00 0 
7f6700ee6000-7f6704000000 ---p 00000000 00:00 0 
7f6704000000-7f6704021000 rw-p 00000000 00:00 0 
7f6704021000-7f6708000000 ---p 00000000 00:00 0 
7f6708000000-7f6708021000 rw-p 00000000 00:00 0 
7f6708021000-7f670c000000 ---p 00000000 00:00 0 
7f670c000000-7f670da45000 rw-p 00000000 00:00 0 
7f670da45000-7f6710000000 ---p 00000000 00:00 0 
7f6710000000-7f6710021000 rw-p 00000000 00:00 0 
7f6710021000-7f6714000000 ---p 00000000 00:00 0 
7f6714000000-7f6714021000 rw-p 00000000 00:00 0 
7f6714021000-7f6718000000 ---p 00000000 00:00 0 
7f6718000000-7f6718021000 rw-p 00000000 00:00 0 
7f6718021000-7f671c000000 ---p 00000000 00:00 0 
7f671c000000-7f671c021000 rw-p 00000000 00:00 0 
7f671c021000-7f6720000000 ---p 00000000 00:00 0 
7f6720000000-7f6720023000 rw-p 00000000 00:00 0 
7f6720023000-7f6724000000 ---p 00000000 00:00 0 
7f6724000000-7f6724001000 r--s 00006000 08:01 807207                     /home/user/.coursier/cache/v1/https/repo1.maven.org/maven2/com/github/alexarchambault/case-app-annotations_2.11/1.1.3/case-app-annotations_2.11-1.1.3.jar
7f6724001000-7f6724002000 r--s 00000000 08:01 807233                     /home/user/.coursier/cache/v1/https/repo1.maven.org/maven2/org/typelevel/macro-compat_2.11/1.1.1/macro-compat_2.11-1.1.1.jar
7f6724002000-7f6724005000 r--s 00015000 08:01 807242                     /home/user/.coursier/cache/v1/https/repo1.maven.org/maven2/org/jupyter-scala/scala-cli_2.11.11/0.4.2/scala-cli_2.11.11-0.4.2.jar
7f6724005000-7f672400a000 r--s 00039000 08:01 807259                     /home/user/.coursier/cache/v1/https/repo1.maven.org/maven2/org/zeromq/jeromq/0.3.6/jeromq-0.3.6.jar
7f672400a000-7f6724010000 r--s 00046000 08:01 807275                     /home/user/.coursier/cache/v1/https/repo1.maven.org/maven2/ch/qos/logback/logback-classic/1.2.1/logback-classic-1.2.1.jar
7f6724010000-7f6724012000 r--s 00009000 08:01 807266                     /home/user/.coursier/cache/v1/https/repo1.maven.org/maven2/org/slf4j/slf4j-api/1.7.22/slf4j-api-1.7.22.jar
7f6724012000-7f672401c000 r--s 00074000 08:01 807377                     /home/user/.coursier/cache/v1/https/repo1.maven.org/maven2/org/jupyter-scala/ammonite-compiler_2.11.11/0.8.3-1/ammonite-compiler_2.11.11-0.8.3-1.jar
7f672401c000-7f6724021000 r--s 00044000 08:01 807300                     /home/user/.coursier/cache/v1/https/repo1.maven.org/maven2/org/scodec/scodec-bits_2.11/1.1.2/scodec-bits_2.11-1.1.2.jar
7f6724021000-7f6724024000 r--s 00016000 08:01 807311                     /home/user/.coursier/cache/v1/https/repo1.maven.org/maven2/org/jupyter-scala/scala-kernel_2.11.11/0.4.2/scala-kernel_2.11.11-0.4.2.jar
7f6724024000-7f672402e000 r--s 00069000 08:01 807307                     /home/user/.coursier/cache/v1/https/repo1.maven.org/maven2/com/lihaoyi/scalaparse_2.11/0.4.2/scalaparse_2.11-0.4.2.jar
7f672402e000-7f6724032000 r--s 00029000 08:01 807324                     /home/user/.coursier/cache/v1/https/repo1.maven.org/maven2/org/jupyter-scala/kernel-protocol_2.11/0.4.1/kernel-protocol_2.11-0.4.1.jar
7f6724032000-7f6724036000 r--s 0001b000 08:01 807362                     /home/user/.coursier/cache/v1/https/repo1.maven.org/maven2/com/github/alexarchambault/argonaut-shapeless_6.2_2.11/1.2.0-M5/argonaut-shapeless_6.2_2.11-1.2.0-M5.jar
7f6724036000-7f672407c000 r--s 00317000 08:01 807336                     /home/user/.coursier/cache/v1/https/repo1.maven.org/maven2/com/chuusai/shapeless_2.11/2.3.2/shapeless_2.11-2.3.2.jar
7f672407c000-7f6724082000 r--s 0004d000 08:01 807344                     /home/user/.coursier/cache/v1/https/repo1.maven.org/maven2/com/lihaoyi/fastparse_2.11/0.4.2/fastparse_2.11-0.4.2.jar
7f6724082000-7f67240a5000 r--s 00155000 08:01 807348                     /home/user/.coursier/cache/v1/https/repo1.maven.org/maven2/org/scalaz/stream/scalaz-stream_2.11/0.8.6a/scalaz-stream_2.11-0.8.6a.jar
7f67240a5000-7f67240b0000 r--s 0005d000 08:01 807365                     /home/user/.coursier/cache/v1/https/repo1.maven.org/maven2/org/scala-lang/modules/scala-parser-combinators_2.11/1.0.4/scala-parser-combinators_2.11-1.0.4.jar
7f67240b0000-7f67240b6000 r--s 00050000 08:01 807318                     /home/user/.coursier/cache/v1/https/repo1.maven.org/maven2/org/jsoup/jsoup/1.10.2/jsoup-1.10.2.jar
7f67240b6000-7f67240ba000 r--s 00023000 08:01 807360                     /home/user/.coursier/cache/v1/https/repo1.maven.org/maven2/org/scalaj/scalaj-http_2.11/2.3.0/scalaj-http_2.11-2.3.0.jar
7f67240ba000-7f67240bf000 r--s 00047000 08:01 807328                     /home/user/.coursier/cache/v1/https/repo1.maven.org/maven2/org/jupyter-scala/ammonite-ops_2.11/0.8.3-1/ammonite-ops_2.11-0.8.3-1.jar
7f67240bf000-7f67240c1000 r--s 00016000 08:01 807235                     /home/user/.coursier/cache/v1/https/repo1.maven.org/maven2/org/jupyter-scala/ammonite-util_2.11.11/0.8.3-1/ammonite-util_2.11.11-0.8.3-1.jar
7f67240c1000-7f67240e7000 r--s 00196000 08:01 807280                     /home/user/.coursier/cache/v1/https/repo1.maven.org/maven2/io/get-coursier/coursier_2.11/1.0.0-RC2/coursier_2.11-1.0.0-RC2.jar
7f67240e7000-7f67240f1000 r--s 00061000 08:01 807370                     /home/user/.coursier/cache/v1/https/repo1.maven.org/maven2/org/scalaz/scalaz-effect_2.11/7.2.8/scalaz-effect_2.11-7.2.8.jar
7f67240f1000-7f67240f9000 r--s 0004b000 08:01 807374                     /home/user/.coursier/cache/v1/https/repo1.maven.org/maven2/io/get-coursier/coursier-cache_2.11/1.0.0-RC2/coursier-cache_2.11-1.0.0-RC2.jar
7f67240f9000-7f67240fe000 r--s 00048000 08:01 807334                     /home/user/.coursier/cache/v1/https/repo1.maven.org/maven2/com/lihaoyi/pprint_2.11/0.4.4/pprint_2.11-0.4.4.jar
7f67240fe000-7f6724108000 r--s 0009a000 08:01 807217                     /home/user/.coursier/cache/v1/https/repo1.maven.org/maven2/org/scala-lang/modules/scala-xml_2.11/1.0.6/scala-xml_2.11-1.0.6.jar
7f6724108000-7f6724110000 r--s 0004c000 08:01 807222                     /home/user/.coursier/cache/v1/https/repo1.maven.org/maven2/org/scalaz/scalaz-concurrent_2.11/7.2.8/scalaz-concurrent_2.11-7.2.8.jar
7f6724110000-7f672411b000 r--s 00074000 08:01 807252                     /home/user/.coursier/cache/v1/https/repo1.maven.org/maven2/org/jupyter-scala/ammonite-runtime_2.11.11/0.8.3-1/ammonite-runtime_2.11.11-0.8.3-1.jar
7f672411b000-7f672411e000 ---p 00000000 00:00 0 
7f672411e000-7f672421c000 rw-p 00000000 00:00 0 
7f672421c000-7f672421f000 ---p 00000000 00:00 0 
7f672421f000-7f672451d000 rw-p 00000000 00:00 0 
7f672451d000-7f672471d000 rw-p 00000000 00:00 0 
7f672471d000-7f6724720000 ---p 00000000 00:00 0 
7f6724720000-7f672481e000 rw-p 00000000 00:00 0 
7f672481e000-7f6724821000 ---p 00000000 00:00 0 
7f6724821000-7f672491f000 rw-p 00000000 00:00 0 
7f672491f000-7f6724922000 ---p 00000000 00:00 0 
7f6724922000-7f6724a20000 rw-p 00000000 00:00 0 
7f6724a20000-7f6724a23000 ---p 00000000 00:00 0 
7f6724a23000-7f6724b21000 rw-p 00000000 00:00 0 
7f6724b21000-7f6724b22000 r--s 00008000 08:01 807293                     /home/user/.coursier/cache/v1/https/repo1.maven.org/maven2/com/typesafe/scala-logging/scala-logging_2.11/3.5.0/scala-logging_2.11-3.5.0.jar
7f6724b22000-7f6724b25000 r--s 0001a000 08:01 807269                     /home/user/.coursier/cache/v1/https/repo1.maven.org/maven2/com/lihaoyi/sourcecode_2.11/0.1.3/sourcecode_2.11-0.1.3.jar
7f6724b25000-7f6724b2b000 r--s 0005c000 08:01 807218                     /home/user/.coursier/cache/v1/https/repo1.maven.org/maven2/com/lihaoyi/upickle_2.11/0.4.4/upickle_2.11-0.4.4.jar
7f6724b2b000-7f6724b84000 r--s 00523000 08:01 807237                     /home/user/.coursier/cache/v1/https/repo1.maven.org/maven2/org/scala-lang/scala-library/2.11.11/scala-library-2.11.11.jar
7f6724b84000-7f6724bd0000 r--s 00418000 08:01 807351                     /home/user/.coursier/cache/v1/https/repo1.maven.org/maven2/org/scala-lang/scala-reflect/2.11.11/scala-reflect-2.11.11.jar
7f6724bd0000-7f6724bd3000 ---p 00000000 00:00 0 
7f6724bd3000-7f6724cd1000 rw-p 00000000 00:00 0 
7f6724cd1000-7f6724cd4000 ---p 00000000 00:00 0 
7f6724cd4000-7f6724dd2000 rw-p 00000000 00:00 0 
7f6724dd2000-7f6724dd5000 ---p 00000000 00:00 0 
7f6724dd5000-7f6724ed3000 rw-p 00000000 00:00 0 
7f6724ed3000-7f6724ed6000 ---p 00000000 00:00 0 
7f6724ed6000-7f672510c000 rw-p 00000000 00:00 0 
7f672510c000-7f6725158000 r--s 0024b000 08:01 806309                     /home/user/.coursier/bootstrap/1.0.0-RC1/coursier-cli_2.11-1.0.0-RC1-standalone.jar
7f6725158000-7f6725159000 ---p 00000000 00:00 0 
7f6725159000-7f6725259000 rw-p 00000000 00:00 0 
7f6725259000-7f672525c000 ---p 00000000 00:00 0 
7f672525c000-7f672535a000 rw-p 00000000 00:00 0 
7f672535a000-7f672535d000 ---p 00000000 00:00 0 
7f672535d000-7f672545b000 rw-p 00000000 00:00 0 
7f672545b000-7f672545e000 ---p 00000000 00:00 0 
7f672545e000-7f672555c000 rw-p 00000000 00:00 0 
7f672555c000-7f672555f000 ---p 00000000 00:00 0 
7f672555f000-7f672565d000 rw-p 00000000 00:00 0 
7f672565d000-7f6726085000 r--p 00000000 08:01 2105158                    /usr/lib/locale/locale-archive
7f6726085000-7f6726088000 ---p 00000000 00:00 0 
7f6726088000-7f6726186000 rw-p 00000000 00:00 0 
7f6726186000-7f6726189000 ---p 00000000 00:00 0 
7f6726189000-7f6726287000 rw-p 00000000 00:00 0 
7f6726287000-7f6726288000 ---p 00000000 00:00 0 
7f6726288000-7f6726c91000 rw-p 00000000 00:00 0 
7f6726c91000-7f6726e60000 r--s 03c33000 08:01 803184                     /usr/lib/jvm/java-8-openjdk-amd64/jre/lib/rt.jar
7f6726e60000-7f672873d000 rw-p 00000000 00:00 0 
7f672873d000-7f672873e000 ---p 00000000 00:00 0 
7f672873e000-7f672883e000 rw-p 00000000 00:00 0 
7f672883e000-7f672883f000 ---p 00000000 00:00 0 
7f672883f000-7f672894a000 rw-p 00000000 00:00 0 
7f672894a000-7f67289e3000 ---p 00000000 00:00 0 
7f67289e3000-7f6728a0c000 rw-p 00000000 00:00 0 
7f6728a0c000-7f6728a36000 ---p 00000000 00:00 0 
7f6728a36000-7f6728a50000 rw-p 00000000 00:00 0 
7f6728a50000-7f6728df7000 ---p 00000000 00:00 0 
7f6728df7000-7f6729407000 rwxp 00000000 00:00 0 
7f6729407000-7f6737df7000 ---p 00000000 00:00 0 
7f6737df7000-7f6737dff000 r-xp 00000000 08:01 803135                     /usr/lib/jvm/java-8-openjdk-amd64/jre/lib/amd64/libzip.so
7f6737dff000-7f6737ffe000 ---p 00008000 08:01 803135                     /usr/lib/jvm/java-8-openjdk-amd64/jre/lib/amd64/libzip.so
7f6737ffe000-7f6737fff000 r--p 00007000 08:01 803135                     /usr/lib/jvm/java-8-openjdk-amd64/jre/lib/amd64/libzip.so
7f6737fff000-7f6738000000 rw-p 00008000 08:01 803135                     /usr/lib/jvm/java-8-openjdk-amd64/jre/lib/amd64/libzip.so
7f6738000000-7f673b99f000 rw-p 00000000 00:00 0 
7f673b99f000-7f673c000000 ---p 00000000 00:00 0 
7f673c000000-7f673c002000 r--s 00012000 08:01 807339                     /home/user/.coursier/cache/v1/https/repo1.maven.org/maven2/com/lihaoyi/fansi_2.11/0.2.3/fansi_2.11-0.2.3.jar
7f673c002000-7f673c003000 r--s 00001000 08:01 807355                     /home/user/.coursier/cache/v1/https/repo1.maven.org/maven2/org/jupyter-scala/scala-api_2.11.11/0.4.2/scala-api_2.11.11-0.4.2.jar
7f673c003000-7f673c005000 r--s 0000f000 08:01 807314                     /home/user/.coursier/cache/v1/https/repo1.maven.org/maven2/com/lihaoyi/derive_2.11/0.4.4/derive_2.11-0.4.4.jar
7f673c005000-7f673c007000 r--s 00013000 08:01 807296                     /home/user/.coursier/cache/v1/https/repo1.maven.org/maven2/org/spire-math/jawn-parser_2.11/0.10.3/jawn-parser_2.11-0.10.3.jar
7f673c007000-7f673c022000 r--s 00394000 08:01 803174                     /usr/lib/jvm/java-8-openjdk-amd64/jre/lib/ext/cldrdata.jar
7f673c022000-7f673c0cb000 rw-p 00000000 00:00 0 
7f673c0cb000-7f673c0d6000 r-xp 00000000 08:01 2889153                    /lib/x86_64-linux-gnu/libnss_files-2.23.so
7f673c0d6000-7f673c2d5000 ---p 0000b000 08:01 2889153                    /lib/x86_64-linux-gnu/libnss_files-2.23.so
7f673c2d5000-7f673c2d6000 r--p 0000a000 08:01 2889153                    /lib/x86_64-linux-gnu/libnss_files-2.23.so
7f673c2d6000-7f673c2d7000 rw-p 0000b000 08:01 2889153                    /lib/x86_64-linux-gnu/libnss_files-2.23.so
7f673c2d7000-7f673c2dd000 rw-p 00000000 00:00 0 
7f673c2dd000-7f673c2e8000 r-xp 00000000 08:01 2889163                    /lib/x86_64-linux-gnu/libnss_nis-2.23.so
7f673c2e8000-7f673c4e7000 ---p 0000b000 08:01 2889163                    /lib/x86_64-linux-gnu/libnss_nis-2.23.so
7f673c4e7000-7f673c4e8000 r--p 0000a000 08:01 2889163                    /lib/x86_64-linux-gnu/libnss_nis-2.23.so
7f673c4e8000-7f673c4e9000 rw-p 0000b000 08:01 2889163                    /lib/x86_64-linux-gnu/libnss_nis-2.23.so
7f673c4e9000-7f673c4ff000 r-xp 00000000 08:01 2889147                    /lib/x86_64-linux-gnu/libnsl-2.23.so
7f673c4ff000-7f673c6fe000 ---p 00016000 08:01 2889147                    /lib/x86_64-linux-gnu/libnsl-2.23.so
7f673c6fe000-7f673c6ff000 r--p 00015000 08:01 2889147                    /lib/x86_64-linux-gnu/libnsl-2.23.so
7f673c6ff000-7f673c700000 rw-p 00016000 08:01 2889147                    /lib/x86_64-linux-gnu/libnsl-2.23.so
7f673c700000-7f673c702000 rw-p 00000000 00:00 0 
7f673c702000-7f673c70a000 r-xp 00000000 08:01 2889149                    /lib/x86_64-linux-gnu/libnss_compat-2.23.so
7f673c70a000-7f673c909000 ---p 00008000 08:01 2889149                    /lib/x86_64-linux-gnu/libnss_compat-2.23.so
7f673c909000-7f673c90a000 r--p 00007000 08:01 2889149                    /lib/x86_64-linux-gnu/libnss_compat-2.23.so
7f673c90a000-7f673c90b000 rw-p 00008000 08:01 2889149                    /lib/x86_64-linux-gnu/libnss_compat-2.23.so
7f673c90b000-7f673c938000 r-xp 00000000 08:01 803155                     /usr/lib/jvm/java-8-openjdk-amd64/jre/lib/amd64/libjava.so
7f673c938000-7f673cb37000 ---p 0002d000 08:01 803155                     /usr/lib/jvm/java-8-openjdk-amd64/jre/lib/amd64/libjava.so
7f673cb37000-7f673cb38000 r--p 0002c000 08:01 803155                     /usr/lib/jvm/java-8-openjdk-amd64/jre/lib/amd64/libjava.so
7f673cb38000-7f673cb3a000 rw-p 0002d000 08:01 803155                     /usr/lib/jvm/java-8-openjdk-amd64/jre/lib/amd64/libjava.so
7f673cb3a000-7f673cb49000 r-xp 00000000 08:01 803127                     /usr/lib/jvm/java-8-openjdk-amd64/jre/lib/amd64/libverify.so
7f673cb49000-7f673cd48000 ---p 0000f000 08:01 803127                     /usr/lib/jvm/java-8-openjdk-amd64/jre/lib/amd64/libverify.so
7f673cd48000-7f673cd4a000 r--p 0000e000 08:01 803127                     /usr/lib/jvm/java-8-openjdk-amd64/jre/lib/amd64/libverify.so
7f673cd4a000-7f673cd4b000 rw-p 00010000 08:01 803127                     /usr/lib/jvm/java-8-openjdk-amd64/jre/lib/amd64/libverify.so
7f673cd4b000-7f673cd52000 r-xp 00000000 08:01 2889208                    /lib/x86_64-linux-gnu/librt-2.23.so
7f673cd52000-7f673cf51000 ---p 00007000 08:01 2889208                    /lib/x86_64-linux-gnu/librt-2.23.so
7f673cf51000-7f673cf52000 r--p 00006000 08:01 2889208                    /lib/x86_64-linux-gnu/librt-2.23.so
7f673cf52000-7f673cf53000 rw-p 00007000 08:01 2889208                    /lib/x86_64-linux-gnu/librt-2.23.so
7f673cf53000-7f673cf69000 r-xp 00000000 08:01 2889092                    /lib/x86_64-linux-gnu/libgcc_s.so.1
7f673cf69000-7f673d168000 ---p 00016000 08:01 2889092                    /lib/x86_64-linux-gnu/libgcc_s.so.1
7f673d168000-7f673d169000 rw-p 00015000 08:01 2889092                    /lib/x86_64-linux-gnu/libgcc_s.so.1
7f673d169000-7f673d271000 r-xp 00000000 08:01 2889124                    /lib/x86_64-linux-gnu/libm-2.23.so
7f673d271000-7f673d470000 ---p 00108000 08:01 2889124                    /lib/x86_64-linux-gnu/libm-2.23.so
7f673d470000-7f673d471000 r--p 00107000 08:01 2889124                    /lib/x86_64-linux-gnu/libm-2.23.so
7f673d471000-7f673d472000 rw-p 00108000 08:01 2889124                    /lib/x86_64-linux-gnu/libm-2.23.so
7f673d472000-7f673d5e4000 r-xp 00000000 08:01 2107766                    /usr/lib/x86_64-linux-gnu/libstdc++.so.6.0.21
7f673d5e4000-7f673d7e4000 ---p 00172000 08:01 2107766                    /usr/lib/x86_64-linux-gnu/libstdc++.so.6.0.21
7f673d7e4000-7f673d7ee000 r--p 00172000 08:01 2107766                    /usr/lib/x86_64-linux-gnu/libstdc++.so.6.0.21
7f673d7ee000-7f673d7f0000 rw-p 0017c000 08:01 2107766                    /usr/lib/x86_64-linux-gnu/libstdc++.so.6.0.21
7f673d7f0000-7f673d7f4000 rw-p 00000000 00:00 0 
7f673d7f4000-7f673e451000 r-xp 00000000 08:01 803133                     /usr/lib/jvm/java-8-openjdk-amd64/jre/lib/amd64/server/libjvm.so
7f673e451000-7f673e651000 ---p 00c5d000 08:01 803133                     /usr/lib/jvm/java-8-openjdk-amd64/jre/lib/amd64/server/libjvm.so
7f673e651000-7f673e6e5000 r--p 00c5d000 08:01 803133                     /usr/lib/jvm/java-8-openjdk-amd64/jre/lib/amd64/server/libjvm.so
7f673e6e5000-7f673e70e000 rw-p 00cf1000 08:01 803133                     /usr/lib/jvm/java-8-openjdk-amd64/jre/lib/amd64/server/libjvm.so
7f673e70e000-7f673e73e000 rw-p 00000000 00:00 0 
7f673e73e000-7f673e756000 r-xp 00000000 08:01 2889200                    /lib/x86_64-linux-gnu/libpthread-2.23.so
7f673e756000-7f673e955000 ---p 00018000 08:01 2889200                    /lib/x86_64-linux-gnu/libpthread-2.23.so
7f673e955000-7f673e956000 r--p 00017000 08:01 2889200                    /lib/x86_64-linux-gnu/libpthread-2.23.so
7f673e956000-7f673e957000 rw-p 00018000 08:01 2889200                    /lib/x86_64-linux-gnu/libpthread-2.23.so
7f673e957000-7f673e95b000 rw-p 00000000 00:00 0 
7f673e95b000-7f673e95e000 r-xp 00000000 08:01 2889078                    /lib/x86_64-linux-gnu/libdl-2.23.so
7f673e95e000-7f673eb5d000 ---p 00003000 08:01 2889078                    /lib/x86_64-linux-gnu/libdl-2.23.so
7f673eb5d000-7f673eb5e000 r--p 00002000 08:01 2889078                    /lib/x86_64-linux-gnu/libdl-2.23.so
7f673eb5e000-7f673eb5f000 rw-p 00003000 08:01 2889078                    /lib/x86_64-linux-gnu/libdl-2.23.so
7f673eb5f000-7f673eb78000 r-xp 00000000 08:01 2889245                    /lib/x86_64-linux-gnu/libz.so.1.2.8
7f673eb78000-7f673ed77000 ---p 00019000 08:01 2889245                    /lib/x86_64-linux-gnu/libz.so.1.2.8
7f673ed77000-7f673ed78000 r--p 00018000 08:01 2889245                    /lib/x86_64-linux-gnu/libz.so.1.2.8
7f673ed78000-7f673ed79000 rw-p 00019000 08:01 2889245                    /lib/x86_64-linux-gnu/libz.so.1.2.8
7f673ed79000-7f673ef39000 r-xp 00000000 08:01 2889054                    /lib/x86_64-linux-gnu/libc-2.23.so
7f673ef39000-7f673f139000 ---p 001c0000 08:01 2889054                    /lib/x86_64-linux-gnu/libc-2.23.so
7f673f139000-7f673f13d000 r--p 001c0000 08:01 2889054                    /lib/x86_64-linux-gnu/libc-2.23.so
7f673f13d000-7f673f13f000 rw-p 001c4000 08:01 2889054                    /lib/x86_64-linux-gnu/libc-2.23.so
7f673f13f000-7f673f143000 rw-p 00000000 00:00 0 
7f673f143000-7f673f150000 r-xp 00000000 08:01 803131                     /usr/lib/jvm/java-8-openjdk-amd64/jre/lib/amd64/jli/libjli.so
7f673f150000-7f673f350000 ---p 0000d000 08:01 803131                     /usr/lib/jvm/java-8-openjdk-amd64/jre/lib/amd64/jli/libjli.so
7f673f350000-7f673f351000 r--p 0000d000 08:01 803131                     /usr/lib/jvm/java-8-openjdk-amd64/jre/lib/amd64/jli/libjli.so
7f673f351000-7f673f352000 rw-p 0000e000 08:01 803131                     /usr/lib/jvm/java-8-openjdk-amd64/jre/lib/amd64/jli/libjli.so
7f673f352000-7f673f378000 r-xp 00000000 08:01 2889026                    /lib/x86_64-linux-gnu/ld-2.23.so
7f673f378000-7f673f379000 r--s 00007000 08:01 807320                     /home/user/.coursier/cache/v1/https/repo1.maven.org/maven2/org/jupyter-scala/kernel-api_2.11/0.4.1/kernel-api_2.11-0.4.1.jar
7f673f379000-7f673f37b000 r--s 0000d000 08:01 807262                     /home/user/.coursier/cache/v1/https/repo1.maven.org/maven2/com/lihaoyi/geny_2.11/0.1.1/geny_2.11-0.1.1.jar
7f673f37b000-7f673f380000 r--s 0009d000 08:01 803185                     /usr/lib/jvm/java-8-openjdk-amd64/jre/lib/jsse.jar
7f673f380000-7f673f381000 r--s 00002000 08:01 807381                     /home/user/.local/share/jupyter/kernels/scala/launcher.jar
7f673f381000-7f673f39c000 r--s 001d6000 08:01 803177                     /usr/lib/jvm/java-8-openjdk-amd64/jre/lib/ext/nashorn.jar
7f673f39c000-7f673f39d000 r--s 0000a000 08:01 803181                     /usr/lib/jvm/java-8-openjdk-amd64/jre/lib/ext/jaccess.jar
7f673f39d000-7f673f39f000 r--s 00008000 08:01 803178                     /usr/lib/jvm/java-8-openjdk-amd64/jre/lib/ext/sunec.jar
7f673f39f000-7f673f3a9000 r--s 00116000 08:01 803175                     /usr/lib/jvm/java-8-openjdk-amd64/jre/lib/ext/localedata.jar
7f673f3a9000-7f673f3ac000 r--s 00038000 08:01 803179                     /usr/lib/jvm/java-8-openjdk-amd64/jre/lib/ext/sunpkcs11.jar
7f673f3ac000-7f673f3b7000 rw-p 00000000 00:00 0 
7f673f3b7000-7f673f451000 ---p 00000000 00:00 0 
7f673f451000-7f673f454000 ---p 00000000 00:00 0 
7f673f454000-7f673f556000 rw-p 00000000 00:00 0 
7f673f556000-7f673f558000 r--s 00001000 08:01 803180                     /usr/lib/jvm/java-8-openjdk-amd64/jre/lib/ext/dnsns.jar
7f673f558000-7f673f55b000 r--s 0000f000 08:01 803176                     /usr/lib/jvm/java-8-openjdk-amd64/jre/lib/ext/icedtea-sound.jar
7f673f55b000-7f673f55c000 r--s 00010000 08:01 803182                     /usr/lib/jvm/java-8-openjdk-amd64/jre/lib/ext/zipfs.jar
7f673f55c000-7f673f562000 r--s 0003b000 08:01 803183                     /usr/lib/jvm/java-8-openjdk-amd64/jre/lib/ext/sunjce_provider.jar
7f673f562000-7f673f56c000 rw-p 00000000 00:00 0 
7f673f56c000-7f673f574000 rw-s 00000000 08:01 1836266                    /tmp/hsperfdata_user/119793
7f673f574000-7f673f575000 rw-p 00000000 00:00 0 
7f673f575000-7f673f576000 ---p 00000000 00:00 0 
7f673f576000-7f673f577000 rw-p 00000000 00:00 0 
7f673f577000-7f673f578000 r--p 00025000 08:01 2889026                    /lib/x86_64-linux-gnu/ld-2.23.so
7f673f578000-7f673f579000 rw-p 00026000 08:01 2889026                    /lib/x86_64-linux-gnu/ld-2.23.so
7f673f579000-7f673f57a000 rw-p 00000000 00:00 0 
7fff1cb19000-7fff1cb3a000 rw-p 00000000 00:00 0                          [stack]
7fff1cbef000-7fff1cbf2000 r--p 00000000 00:00 0                          [vvar]
7fff1cbf2000-7fff1cbf4000 r-xp 00000000 00:00 0                          [vdso]
ffffffffff600000-ffffffffff601000 r-xp 00000000 00:00 0                  [vsyscall]

VM Arguments:
jvm_args: -Xverify:none 
java_command: /home/user/.local/share/jupyter/kernels/scala/launcher.jar launch -r sonatype:releases -r sonatype:snapshots -i ammonite -I ammonite:org.jupyter-scala:ammonite-runtime_2.11.11:0.8.3-1 -I ammonite:org.jupyter-scala:scala-api_2.11.11:0.4.2 org.jupyter-scala:scala-cli_2.11.11:0.4.2 -- --id scala --name Scala --quiet --connection-file /run/user/1000/jupyter/kernel-75280f1d-0998-4574-b864-abdb74c0ffd0.json
java_class_path (initial): /home/user/.local/share/jupyter/kernels/scala/launcher.jar
Launcher Type: SUN_STANDARD

Environment Variables:
PATH=/home/user/anaconda3/bin:/home/user/anaconda3/bin:/home/user/bin:/home/user/.local/bin:/usr/local/sbin:/usr/local/bin:/usr/sbin:/usr/bin:/sbin:/bin:/usr/games:/usr/local/games:/snap/bin
SHELL=/bin/bash
DISPLAY=:0.0

Signal Handlers:
SIGSEGV: [libjvm.so+0xa71a70], sa_mask[0]=11111111011111111101111111111110, sa_flags=SA_RESTART|SA_SIGINFO
SIGBUS: [libjvm.so+0xa71a70], sa_mask[0]=11111111011111111101111111111110, sa_flags=SA_RESTART|SA_SIGINFO
SIGFPE: [libjvm.so+0x8b8f80], sa_mask[0]=11111111011111111101111111111110, sa_flags=SA_RESTART|SA_SIGINFO
SIGPIPE: [libjvm.so+0x8b8f80], sa_mask[0]=11111111011111111101111111111110, sa_flags=SA_RESTART|SA_SIGINFO
SIGXFSZ: [libjvm.so+0x8b8f80], sa_mask[0]=11111111011111111101111111111110, sa_flags=SA_RESTART|SA_SIGINFO
SIGILL: [libjvm.so+0x8b8f80], sa_mask[0]=11111111011111111101111111111110, sa_flags=SA_RESTART|SA_SIGINFO
SIGUSR1: SIG_DFL, sa_mask[0]=00000000000000000000000000000000, sa_flags=none
SIGUSR2: [libjvm.so+0x8b8e30], sa_mask[0]=00000000000000000000000000000000, sa_flags=SA_RESTART|SA_SIGINFO
SIGHUP: [libjvm.so+0x8b9300], sa_mask[0]=11111111011111111101111111111110, sa_flags=SA_RESTART|SA_SIGINFO
SIGINT: [libjvm.so+0x8b9300], sa_mask[0]=11111111011111111101111111111110, sa_flags=SA_RESTART|SA_SIGINFO
SIGTERM: [libjvm.so+0x8b9300], sa_mask[0]=11111111011111111101111111111110, sa_flags=SA_RESTART|SA_SIGINFO
SIGQUIT: [libjvm.so+0x8b9300], sa_mask[0]=11111111011111111101111111111110, sa_flags=SA_RESTART|SA_SIGINFO


---------------  S Y S T E M  ---------------

OS:DISTRIB_ID=Ubuntu
DISTRIB_RELEASE=16.04
DISTRIB_CODENAME=xenial
DISTRIB_DESCRIPTION="Ubuntu 16.04.5 LTS"

uname:Linux 4.15.0-33-generic #36~16.04.1-Ubuntu SMP Wed Aug 15 17:21:05 UTC 2018 x86_64
libc:glibc 2.23 NPTL 2.23 
rlimit: STACK 8192k, CORE 0k, NPROC 7646, NOFILE 1048576, AS infinity
load average:1.98 1.88 1.85

/proc/meminfo:
MemTotal:        2017320 kB
MemFree:           63352 kB
MemAvailable:      10296 kB
Buffers:             328 kB
Cached:            37592 kB
SwapCached:          824 kB
Active:          1311280 kB
Inactive:         442520 kB
Active(anon):    1308308 kB
Inactive(anon):   437376 kB
Active(file):       2972 kB
Inactive(file):     5144 kB
Unevictable:          64 kB
Mlocked:              64 kB
SwapTotal:        998396 kB
SwapFree:              0 kB
Dirty:               196 kB
Writeback:             8 kB
AnonPages:       1715288 kB
Mapped:            31080 kB
Shmem:             29636 kB
Slab:              87228 kB
SReclaimable:      36076 kB
SUnreclaim:        51152 kB
KernelStack:       12656 kB
PageTables:        33336 kB
NFS_Unstable:          0 kB
Bounce:                0 kB
WritebackTmp:          0 kB
CommitLimit:     2007056 kB
Committed_AS:    5902752 kB
VmallocTotal:   34359738367 kB
VmallocUsed:           0 kB
VmallocChunk:          0 kB
HardwareCorrupted:     0 kB
AnonHugePages:         0 kB
ShmemHugePages:        0 kB
ShmemPmdMapped:        0 kB
CmaTotal:              0 kB
CmaFree:               0 kB
HugePages_Total:       0
HugePages_Free:        0
HugePages_Rsvd:        0
HugePages_Surp:        0
Hugepagesize:       2048 kB
DirectMap4k:      241536 kB
DirectMap2M:     1855488 kB
DirectMap1G:           0 kB


CPU:total 2 (initial active 2) (1 cores per cpu, 1 threads per core) family 6 model 78 stepping 3, cmov, cx8, fxsr, mmx, sse, sse2, sse3, ssse3, sse4.1, sse4.2, popcnt, avx, avx2, aes, clmul, erms, 3dnowpref, lzcnt, tsc, tscinvbit, bmi1, bmi2, adx

/proc/cpuinfo:
processor	: 0
vendor_id	: GenuineIntel
cpu family	: 6
model		: 78
model name	: Intel(R) Core(TM) i7-6500U CPU @ 2.50GHz
stepping	: 3
microcode	: 0xba
cpu MHz		: 2592.004
cache size	: 4096 KB
physical id	: 0
siblings	: 1
core id		: 0
cpu cores	: 1
apicid		: 0
initial apicid	: 0
fpu		: yes
fpu_exception	: yes
cpuid level	: 22
wp		: yes
flags		: fpu vme de pse tsc msr pae mce cx8 apic sep mtrr pge mca cmov pat pse36 clflush dts mmx fxsr sse sse2 ss syscall nx pdpe1gb rdtscp lm constant_tsc arch_perfmon pebs bts nopl xtopology tsc_reliable nonstop_tsc cpuid aperfmperf pni pclmulqdq ssse3 fma cx16 pcid sse4_1 sse4_2 x2apic movbe popcnt tsc_deadline_timer aes xsave avx f16c rdrand hypervisor lahf_lm abm 3dnowprefetch cpuid_fault epb invpcid_single pti fsgsbase tsc_adjust bmi1 avx2 smep bmi2 invpcid rdseed adx smap xsaveopt dtherm ida arat pln pts hwp hwp_notify hwp_act_window hwp_epp
bugs		: cpu_meltdown spectre_v1 spectre_v2 spec_store_bypass l1tf
bogomips	: 5184.00
clflush size	: 64
cache_alignment	: 64
address sizes	: 42 bits physical, 48 bits virtual
power management:

processor	: 1
vendor_id	: GenuineIntel
cpu family	: 6
model		: 78
model name	: Intel(R) Core(TM) i7-6500U CPU @ 2.50GHz
stepping	: 3
microcode	: 0xba
cpu MHz		: 2592.004
cache size	: 4096 KB
physical id	: 2
siblings	: 1
core id		: 0
cpu cores	: 1
apicid		: 2
initial apicid	: 2
fpu		: yes
fpu_exception	: yes
cpuid level	: 22
wp		: yes
flags		: fpu vme de pse tsc msr pae mce cx8 apic sep mtrr pge mca cmov pat pse36 clflush dts mmx fxsr sse sse2 ss syscall nx pdpe1gb rdtscp lm constant_tsc arch_perfmon pebs bts nopl xtopology tsc_reliable nonstop_tsc cpuid aperfmperf pni pclmulqdq ssse3 fma cx16 pcid sse4_1 sse4_2 x2apic movbe popcnt tsc_deadline_timer aes xsave avx f16c rdrand hypervisor lahf_lm abm 3dnowprefetch cpuid_fault epb invpcid_single pti fsgsbase tsc_adjust bmi1 avx2 smep bmi2 invpcid rdseed adx smap xsaveopt dtherm ida arat pln pts hwp hwp_notify hwp_act_window hwp_epp
bugs		: cpu_meltdown spectre_v1 spectre_v2 spec_store_bypass l1tf
bogomips	: 5184.00
clflush size	: 64
cache_alignment	: 64
address sizes	: 42 bits physical, 48 bits virtual
power management:



Memory: 4k page, physical 2017320k(60872k free), swap 998396k(0k free)

vm_info: OpenJDK 64-Bit Server VM (25.181-b13) for linux-amd64 JRE (1.8.0_181-8u181-b13-1ubuntu0.16.04.1-b13), built on Oct 23 2018 04:39:49 by "buildd" with gcc 5.4.0 20160609

time: Sun Dec  2 14:24:11 2018
elapsed time: 15 seconds (0d 0h 0m 15s)

