#
# There is insufficient memory for the Java Runtime Environment to continue.
# Native memory allocation (mmap) failed to map 54525952 bytes for committing reserved memory.
# Possible reasons:
#   The system is out of physical RAM or swap space
#   In 32 bit mode, the process size limit was hit
# Possible solutions:
#   Reduce memory load on the system
#   Increase physical memory or swap space
#   Check if swap backing store is full
#   Use 64 bit Java on a 64 bit OS
#   Decrease Java heap size (-Xmx/-Xms)
#   Decrease number of Java threads
#   Decrease Java thread stack sizes (-Xss)
#   Set larger code cache with -XX:ReservedCodeCacheSize=
# This output file may be truncated or incomplete.
#
#  Out of Memory Error (os_linux.cpp:2643), pid=125266, tid=0x00007f6665887700
#
# JRE version: OpenJDK Runtime Environment (8.0_181-b13) (build 1.8.0_181-8u181-b13-1ubuntu0.16.04.1-b13)
# Java VM: OpenJDK 64-Bit Server VM (25.181-b13 mixed mode linux-amd64 compressed oops)
# Failed to write core dump. Core dumps have been disabled. To enable core dumping, try "ulimit -c unlimited" before starting Java again
#

---------------  T H R E A D  ---------------

Current thread (0x00007f667c0fb800):  VMThread [stack: 0x00007f6665787000,0x00007f6665888000] [id=125270]

Stack: [0x00007f6665787000,0x00007f6665888000],  sp=0x00007f66658864a0,  free space=1021k
Native frames: (J=compiled Java code, j=interpreted, Vv=VM code, C=native code)
V  [libjvm.so+0xa70f1b]
V  [libjvm.so+0x4c893c]
V  [libjvm.so+0x8bda48]
V  [libjvm.so+0x8b7dde]
V  [libjvm.so+0x933246]
V  [libjvm.so+0x934573]
V  [libjvm.so+0x930c3b]
V  [libjvm.so+0x929a69]
V  [libjvm.so+0x44c943]
V  [libjvm.so+0xa724a9]
V  [libjvm.so+0xa77d67]
V  [libjvm.so+0xa75467]
V  [libjvm.so+0xa768ef]
V  [libjvm.so+0xa76de1]
V  [libjvm.so+0x8bae52]

VM_Operation (0x00007f66833751b0): CollectForMetadataAllocation, mode: safepoint, requested by thread 0x00007f667c00a800


---------------  P R O C E S S  ---------------

Java Threads: ( => current thread )
  0x00007f667c3c6000 JavaThread "pool-2-thread-6" daemon [_thread_blocked, id=125290, stack(0x00007f6633aa7000,0x00007f6633ba8000)]
  0x00007f667c3c4000 JavaThread "pool-2-thread-5" daemon [_thread_blocked, id=125289, stack(0x00007f6633ba8000,0x00007f6633ca9000)]
  0x00007f667c3c2800 JavaThread "pool-2-thread-4" daemon [_thread_blocked, id=125288, stack(0x00007f6633d59000,0x00007f6633e5a000)]
  0x00007f667c3c1000 JavaThread "pool-2-thread-3" daemon [_thread_blocked, id=125287, stack(0x00007f6633e5a000,0x00007f6633f5b000)]
  0x00007f667c3bf800 JavaThread "pool-2-thread-2" daemon [_thread_blocked, id=125286, stack(0x00007f666409a000,0x00007f666419b000)]
  0x00007f667c3bf000 JavaThread "pool-2-thread-1" daemon [_thread_blocked, id=125285, stack(0x00007f666429c000,0x00007f666439d000)]
  0x00007f667c1d0800 JavaThread "process reaper" daemon [_thread_blocked, id=125280, stack(0x00007f666439d000,0x00007f66643d6000)]
  0x00007f667c141800 JavaThread "Service Thread" daemon [_thread_blocked, id=125276, stack(0x00007f6664759000,0x00007f666485a000)]
  0x00007f667c13e800 JavaThread "C1 CompilerThread1" daemon [_thread_blocked, id=125275, stack(0x00007f666485a000,0x00007f666495b000)]
  0x00007f667c13b800 JavaThread "C2 CompilerThread0" daemon [_thread_blocked, id=125274, stack(0x00007f666495b000,0x00007f6664a5c000)]
  0x00007f667c13a000 JavaThread "Signal Dispatcher" daemon [_thread_blocked, id=125273, stack(0x00007f6664a5c000,0x00007f6664b5d000)]
  0x00007f667c107800 JavaThread "Finalizer" daemon [_thread_blocked, id=125272, stack(0x00007f6665585000,0x00007f6665686000)]
  0x00007f667c105000 JavaThread "Reference Handler" daemon [_thread_blocked, id=125271, stack(0x00007f6665686000,0x00007f6665787000)]
  0x00007f667c00a800 JavaThread "main" [_thread_blocked, id=125267, stack(0x00007f668327b000,0x00007f668337c000)]

Other Threads:
=>0x00007f667c0fb800 VMThread [stack: 0x00007f6665787000,0x00007f6665888000] [id=125270]
  0x00007f667c144000 WatcherThread [stack: 0x00007f6664658000,0x00007f6664759000] [id=125277]

VM state:at safepoint (normal execution)

VM Mutex/Monitor currently owned by a thread:  ([mutex/lock_event])
[0x00007f667c006f80] Threads_lock - owner thread: 0x00007f667c0fb800
[0x00007f667c007480] Heap_lock - owner thread: 0x00007f667c00a800

Heap:
 PSYoungGen      total 53248K, used 4095K [0x00000000f0600000, 0x00000000f3e00000, 0x0000000100000000)
  eden space 49152K, 0% used [0x00000000f0600000,0x00000000f0600000,0x00000000f3600000)
  from space 4096K, 99% used [0x00000000f3600000,0x00000000f39ffd88,0x00000000f3a00000)
  to   space 4096K, 0% used [0x00000000f3a00000,0x00000000f3a00000,0x00000000f3e00000)
 ParOldGen       total 32768K, used 7848K [0x00000000d1200000, 0x00000000d3200000, 0x00000000f0600000)
  object space 32768K, 23% used [0x00000000d1200000,0x00000000d19aa378,0x00000000d3200000)
 Metaspace       used 20908K, capacity 21166K, committed 21248K, reserved 1067008K
  class space    used 3461K, capacity 3577K, committed 3584K, reserved 1048576K

Card table byte_map: [0x00007f666c6ad000,0x00007f666c825000] byte_map_base: 0x00007f666c024000

Marking Bits: (ParMarkBitMap*) 0x00007f668254b3a0
 Begin Bits: [0x00007f6666890000, 0x00007f6667448000)
 End Bits:   [0x00007f6667448000, 0x00007f6668000000)

Polling page: 0x00007f668339f000

CodeCache: size=245760Kb used=6266Kb max_used=6281Kb free=239493Kb
 bounds [0x00007f666cbe5000, 0x00007f666d215000, 0x00007f667bbe5000]
 total_blobs=2707 nmethods=2310 adapters=311
 compilation: enabled

Compilation events (10 events):
Event: 5.240 Thread 0x00007f667c13e800 2324       3       java.io.OutputStream::<init> (5 bytes)
Event: 5.240 Thread 0x00007f667c13e800 nmethod 2324 0x00007f666d200f90 code [0x00007f666d201100, 0x00007f666d2012b0]
Event: 5.249 Thread 0x00007f667c13e800 2325       1       scala.UniquenessCache::map (5 bytes)
Event: 5.249 Thread 0x00007f667c13e800 nmethod 2325 0x00007f666d200cd0 code [0x00007f666d200e20, 0x00007f666d200f30]
Event: 5.280 Thread 0x00007f667c13e800 2326       3       java.util.concurrent.locks.AbstractQueuedSynchronizer::releaseShared (16 bytes)
Event: 5.280 Thread 0x00007f667c13e800 nmethod 2326 0x00007f666d204390 code [0x00007f666d204520, 0x00007f666d2047b8]
Event: 5.280 Thread 0x00007f667c13e800 2327       3       java.util.concurrent.locks.ReentrantReadWriteLock$ReadLock::unlock (10 bytes)
Event: 5.280 Thread 0x00007f667c13e800 nmethod 2327 0x00007f666d204850 code [0x00007f666d2049e0, 0x00007f666d204d58]
Event: 5.280 Thread 0x00007f667c13b800 2328   !   4       java.util.concurrent.ConcurrentHashMap::putVal (362 bytes)
Event: 5.296 Thread 0x00007f667c13b800 nmethod 2328 0x00007f666d208890 code [0x00007f666d208a80, 0x00007f666d209840]

GC Heap History (10 events):
Event: 1.392 GC heap after
Heap after GC invocations=2 (full 0):
 PSYoungGen      total 14336K, used 2016K [0x00000000f0600000, 0x00000000f1600000, 0x0000000100000000)
  eden space 12288K, 0% used [0x00000000f0600000,0x00000000f0600000,0x00000000f1200000)
  from space 2048K, 98% used [0x00000000f1400000,0x00000000f15f8040,0x00000000f1600000)
  to   space 2048K, 0% used [0x00000000f1200000,0x00000000f1200000,0x00000000f1400000)
 ParOldGen       total 32768K, used 1484K [0x00000000d1200000, 0x00000000d3200000, 0x00000000f0600000)
  object space 32768K, 4% used [0x00000000d1200000,0x00000000d13731b0,0x00000000d3200000)
 Metaspace       used 9780K, capacity 9982K, committed 10240K, reserved 1058816K
  class space    used 1640K, capacity 1703K, committed 1792K, reserved 1048576K
}
Event: 1.802 GC heap before
{Heap before GC invocations=3 (full 0):
 PSYoungGen      total 14336K, used 14304K [0x00000000f0600000, 0x00000000f1600000, 0x0000000100000000)
  eden space 12288K, 100% used [0x00000000f0600000,0x00000000f1200000,0x00000000f1200000)
  from space 2048K, 98% used [0x00000000f1400000,0x00000000f15f8040,0x00000000f1600000)
  to   space 2048K, 0% used [0x00000000f1200000,0x00000000f1200000,0x00000000f1400000)
 ParOldGen       total 32768K, used 1484K [0x00000000d1200000, 0x00000000d3200000, 0x00000000f0600000)
  object space 32768K, 4% used [0x00000000d1200000,0x00000000d13731b0,0x00000000d3200000)
 Metaspace       used 13026K, capacity 13234K, committed 13312K, reserved 1060864K
  class space    used 2219K, capacity 2279K, committed 2304K, reserved 1048576K
Event: 1.808 GC heap after
Heap after GC invocations=3 (full 0):
 PSYoungGen      total 14336K, used 2031K [0x00000000f0600000, 0x00000000f2200000, 0x0000000100000000)
  eden space 12288K, 0% used [0x00000000f0600000,0x00000000f0600000,0x00000000f1200000)
  from space 2048K, 99% used [0x00000000f1200000,0x00000000f13fbc80,0x00000000f1400000)
  to   space 2048K, 0% used [0x00000000f2000000,0x00000000f2000000,0x00000000f2200000)
 ParOldGen       total 32768K, used 3048K [0x00000000d1200000, 0x00000000d3200000, 0x00000000f0600000)
  object space 32768K, 9% used [0x00000000d1200000,0x00000000d14fa338,0x00000000d3200000)
 Metaspace       used 13026K, capacity 13234K, committed 13312K, reserved 1060864K
  class space    used 2219K, capacity 2279K, committed 2304K, reserved 1048576K
}
Event: 2.033 GC heap before
{Heap before GC invocations=4 (full 0):
 PSYoungGen      total 14336K, used 14319K [0x00000000f0600000, 0x00000000f2200000, 0x0000000100000000)
  eden space 12288K, 100% used [0x00000000f0600000,0x00000000f1200000,0x00000000f1200000)
  from space 2048K, 99% used [0x00000000f1200000,0x00000000f13fbc80,0x00000000f1400000)
  to   space 2048K, 0% used [0x00000000f2000000,0x00000000f2000000,0x00000000f2200000)
 ParOldGen       total 32768K, used 3048K [0x00000000d1200000, 0x00000000d3200000, 0x00000000f0600000)
  object space 32768K, 9% used [0x00000000d1200000,0x00000000d14fa338,0x00000000d3200000)
 Metaspace       used 13905K, capacity 14142K, committed 14336K, reserved 1060864K
  class space    used 2383K, capacity 2473K, committed 2560K, reserved 1048576K
Event: 2.044 GC heap after
Heap after GC invocations=4 (full 0):
 PSYoungGen      total 26624K, used 2034K [0x00000000f0600000, 0x00000000f2200000, 0x0000000100000000)
  eden space 24576K, 0% used [0x00000000f0600000,0x00000000f0600000,0x00000000f1e00000)
  from space 2048K, 99% used [0x00000000f2000000,0x00000000f21fc8b0,0x00000000f2200000)
  to   space 2048K, 0% used [0x00000000f1e00000,0x00000000f1e00000,0x00000000f2000000)
 ParOldGen       total 32768K, used 3628K [0x00000000d1200000, 0x00000000d3200000, 0x00000000f0600000)
  object space 32768K, 11% used [0x00000000d1200000,0x00000000d158b1b0,0x00000000d3200000)
 Metaspace       used 13905K, capacity 14142K, committed 14336K, reserved 1060864K
  class space    used 2383K, capacity 2473K, committed 2560K, reserved 1048576K
}
Event: 2.392 GC heap before
{Heap before GC invocations=5 (full 0):
 PSYoungGen      total 26624K, used 26610K [0x00000000f0600000, 0x00000000f2200000, 0x0000000100000000)
  eden space 24576K, 100% used [0x00000000f0600000,0x00000000f1e00000,0x00000000f1e00000)
  from space 2048K, 99% used [0x00000000f2000000,0x00000000f21fc8b0,0x00000000f2200000)
  to   space 2048K, 0% used [0x00000000f1e00000,0x00000000f1e00000,0x00000000f2000000)
 ParOldGen       total 32768K, used 3628K [0x00000000d1200000, 0x00000000d3200000, 0x00000000f0600000)
  object space 32768K, 11% used [0x00000000d1200000,0x00000000d158b1b0,0x00000000d3200000)
 Metaspace       used 14264K, capacity 14526K, committed 14848K, reserved 1060864K
  class space    used 2437K, capacity 2537K, committed 2560K, reserved 1048576K
Event: 2.400 GC heap after
Heap after GC invocations=5 (full 0):
 PSYoungGen      total 26624K, used 2047K [0x00000000f0600000, 0x00000000f3e00000, 0x0000000100000000)
  eden space 24576K, 0% used [0x00000000f0600000,0x00000000f0600000,0x00000000f1e00000)
  from space 2048K, 99% used [0x00000000f1e00000,0x00000000f1fffc90,0x00000000f2000000)
  to   space 4096K, 0% used [0x00000000f3a00000,0x00000000f3a00000,0x00000000f3e00000)
 ParOldGen       total 32768K, used 4100K [0x00000000d1200000, 0x00000000d3200000, 0x00000000f0600000)
  object space 32768K, 12% used [0x00000000d1200000,0x00000000d16011c0,0x00000000d3200000)
 Metaspace       used 14264K, capacity 14526K, committed 14848K, reserved 1060864K
  class space    used 2437K, capacity 2537K, committed 2560K, reserved 1048576K
}
Event: 4.591 GC heap before
{Heap before GC invocations=6 (full 0):
 PSYoungGen      total 26624K, used 26623K [0x00000000f0600000, 0x00000000f3e00000, 0x0000000100000000)
  eden space 24576K, 100% used [0x00000000f0600000,0x00000000f1e00000,0x00000000f1e00000)
  from space 2048K, 99% used [0x00000000f1e00000,0x00000000f1fffc90,0x00000000f2000000)
  to   space 4096K, 0% used [0x00000000f3a00000,0x00000000f3a00000,0x00000000f3e00000)
 ParOldGen       total 32768K, used 4100K [0x00000000d1200000, 0x00000000d3200000, 0x00000000f0600000)
  object space 32768K, 12% used [0x00000000d1200000,0x00000000d16011c0,0x00000000d3200000)
 Metaspace       used 14991K, capacity 15342K, committed 15488K, reserved 1062912K
  class space    used 2539K, capacity 2681K, committed 2688K, reserved 1048576K
Event: 4.608 GC heap after
Heap after GC invocations=6 (full 0):
 PSYoungGen      total 53248K, used 2963K [0x00000000f0600000, 0x00000000f3e00000, 0x0000000100000000)
  eden space 49152K, 0% used [0x00000000f0600000,0x00000000f0600000,0x00000000f3600000)
  from space 4096K, 72% used [0x00000000f3a00000,0x00000000f3ce4c68,0x00000000f3e00000)
  to   space 4096K, 0% used [0x00000000f3600000,0x00000000f3600000,0x00000000f3a00000)
 ParOldGen       total 32768K, used 4100K [0x00000000d1200000, 0x00000000d3200000, 0x00000000f0600000)
  object space 32768K, 12% used [0x00000000d1200000,0x00000000d16011c0,0x00000000d3200000)
 Metaspace       used 14991K, capacity 15342K, committed 15488K, reserved 1062912K
  class space    used 2539K, capacity 2681K, committed 2688K, reserved 1048576K
}
Event: 5.303 GC heap before
{Heap before GC invocations=7 (full 0):
 PSYoungGen      total 53248K, used 41277K [0x00000000f0600000, 0x00000000f3e00000, 0x0000000100000000)
  eden space 49152K, 77% used [0x00000000f0600000,0x00000000f2b6a7a0,0x00000000f3600000)
  from space 4096K, 72% used [0x00000000f3a00000,0x00000000f3ce4c68,0x00000000f3e00000)
  to   space 4096K, 0% used [0x00000000f3600000,0x00000000f3600000,0x00000000f3a00000)
 ParOldGen       total 32768K, used 4100K [0x00000000d1200000, 0x00000000d3200000, 0x00000000f0600000)
  object space 32768K, 12% used [0x00000000d1200000,0x00000000d16011c0,0x00000000d3200000)
 Metaspace       used 20908K, capacity 21166K, committed 21248K, reserved 1067008K
  class space    used 3461K, capacity 3577K, committed 3584K, reserved 1048576K

Deoptimization events (10 events):
Event: 4.396 Thread 0x00007f667c00a800 Uncommon trap: reason=unstable_if action=reinterpret pc=0x00007f666ce0430c method=java.lang.CharacterDataLatin1.toUpperCase(I)I @ 12
Event: 4.400 Thread 0x00007f667c00a800 Uncommon trap: reason=unstable_if action=reinterpret pc=0x00007f666cd75120 method=sun.misc.URLClassPath.getLoader(I)Lsun/misc/URLClassPath$Loader; @ 36
Event: 4.400 Thread 0x00007f667c00a800 Uncommon trap: reason=unstable_if action=reinterpret pc=0x00007f666cda17f4 method=sun.misc.URLClassPath$JarLoader.ensureOpen()V @ 4
Event: 4.501 Thread 0x00007f667c00a800 Uncommon trap: reason=bimorphic action=maybe_recompile pc=0x00007f666ceb0ca0 method=java.lang.ClassLoader.loadClass(Ljava/lang/String;Z)Ljava/lang/Class; @ 38
Event: 4.501 Thread 0x00007f667c00a800 Uncommon trap: reason=unstable_if action=reinterpret pc=0x00007f666ceb0aa4 method=java.lang.ClassLoader.getClassLoadingLock(Ljava/lang/String;)Ljava/lang/Object; @ 6
Event: 4.501 Thread 0x00007f667c00a800 Uncommon trap: reason=unstable_if action=reinterpret pc=0x00007f666d13b91c method=java.util.jar.JarFile.getManEntry()Ljava/util/jar/JarEntry; @ 4
Event: 4.525 Thread 0x00007f667c00a800 Uncommon trap: reason=unstable_if action=reinterpret pc=0x00007f666cdd9a94 method=sun.net.www.ParseUtil.encodePath(Ljava/lang/String;Z)Ljava/lang/String; @ 116
Event: 4.915 Thread 0x00007f667c00a800 Uncommon trap: reason=unstable_if action=reinterpret pc=0x00007f666d17b9a4 method=java.lang.Integer.valueOf(I)Ljava/lang/Integer; @ 3
Event: 4.947 Thread 0x00007f667c00a800 Uncommon trap: reason=unstable_if action=reinterpret pc=0x00007f666cee8b1c method=java.lang.CharacterDataLatin1.digit(II)I @ 82
Event: 5.017 Thread 0x00007f667c00a800 Uncommon trap: reason=class_check action=maybe_recompile pc=0x00007f666cf76a64 method=java.util.regex.Pattern$Slice.match(Ljava/util/regex/Matcher;ILjava/lang/CharSequence;)Z @ 75

Classes redefined (0 events):
No events

Internal exceptions (10 events):
Event: 0.635 Thread 0x00007f667c00a800 Exception <a 'java/security/PrivilegedActionException'> (0x00000000f0684f10) thrown at [/build/openjdk-8-lTwZJE/openjdk-8-8u181-b13/src/hotspot/src/share/vm/prims/jvm.cpp, line 1435]
Event: 0.635 Thread 0x00007f667c00a800 Exception <a 'java/security/PrivilegedActionException'> (0x00000000f0686f98) thrown at [/build/openjdk-8-lTwZJE/openjdk-8-8u181-b13/src/hotspot/src/share/vm/prims/jvm.cpp, line 1435]
Event: 0.635 Thread 0x00007f667c00a800 Exception <a 'java/security/PrivilegedActionException'> (0x00000000f06871a8) thrown at [/build/openjdk-8-lTwZJE/openjdk-8-8u181-b13/src/hotspot/src/share/vm/prims/jvm.cpp, line 1435]
Event: 0.635 Thread 0x00007f667c00a800 Exception <a 'java/security/PrivilegedActionException'> (0x00000000f0687c80) thrown at [/build/openjdk-8-lTwZJE/openjdk-8-8u181-b13/src/hotspot/src/share/vm/prims/jvm.cpp, line 1435]
Event: 0.636 Thread 0x00007f667c00a800 Exception <a 'java/security/PrivilegedActionException'> (0x00000000f0687e90) thrown at [/build/openjdk-8-lTwZJE/openjdk-8-8u181-b13/src/hotspot/src/share/vm/prims/jvm.cpp, line 1435]
Event: 1.383 Thread 0x00007f667c00a800 Exception <a 'java/lang/NoSuchFieldError': method resolution failed> (0x00000000f11fb6b0) thrown at [/build/openjdk-8-lTwZJE/openjdk-8-8u181-b13/src/hotspot/src/share/vm/prims/methodHandles.cpp, line 1167]
Event: 1.396 Thread 0x00007f667c00a800 Exception <a 'java/lang/NoSuchFieldError': method resolution failed> (0x00000000f061ce80) thrown at [/build/openjdk-8-lTwZJE/openjdk-8-8u181-b13/src/hotspot/src/share/vm/prims/methodHandles.cpp, line 1167]
Event: 1.714 Thread 0x00007f667c3c2800 Implicit null exception at 0x00007f666cdbc85b to 0x00007f666cdbca11
Event: 4.955 Thread 0x00007f667c00a800 Exception <a 'java/io/FileNotFoundException'> (0x00000000f1a26e50) thrown at [/build/openjdk-8-lTwZJE/openjdk-8-8u181-b13/src/hotspot/src/share/vm/prims/jni.cpp, line 709]
Event: 5.062 Thread 0x00007f667c00a800 Exception <a 'java/lang/NoSuchMethodError': org.slf4j.impl.StaticMDCBinder.getSingleton()Lorg/slf4j/impl/StaticMDCBinder;> (0x00000000f228bc88) thrown at [/build/openjdk-8-lTwZJE/openjdk-8-8u181-b13/src/hotspot/src/share/vm/interpreter/linkResolver.cpp, l

Events (10 events):
Event: 5.298 loading class shapeless/ops/coproduct$ZipWithKeys done
Event: 5.298 loading class shapeless/ops/coproduct$ZipWithKeys$$anon$22
Event: 5.298 loading class shapeless/ops/coproduct$ZipWithKeys$$anon$22 done
Event: 5.298 loading class shapeless/LabelledGeneric$$anon$2
Event: 5.298 loading class shapeless/LabelledGeneric$$anon$2 done
Event: 5.302 loading class argonaut/derive/CoproductSumDecodeJson$
Event: 5.302 loading class argonaut/derive/CoproductSumDecodeJson$ done
Event: 5.302 loading class argonaut/derive/CoproductSumDecodeJson$$anonfun$2
Event: 5.302 loading class argonaut/derive/CoproductSumDecodeJson$$anonfun$2 done
Event: 5.303 Executing VM operation: CollectForMetadataAllocation


Dynamic libraries:
00400000-00401000 r-xp 00000000 08:01 803085                             /usr/lib/jvm/java-8-openjdk-amd64/jre/bin/java
00600000-00601000 r--p 00000000 08:01 803085                             /usr/lib/jvm/java-8-openjdk-amd64/jre/bin/java
00601000-00602000 rw-p 00001000 08:01 803085                             /usr/lib/jvm/java-8-openjdk-amd64/jre/bin/java
01ead000-02053000 rw-p 00000000 00:00 0                                  [heap]
d1200000-d3200000 rw-p 00000000 00:00 0 
d3200000-f0600000 ---p 00000000 00:00 0 
f0600000-f3e00000 rw-p 00000000 00:00 0 
f7200000-100000000 ---p 00000000 00:00 0 
100000000-100380000 rw-p 00000000 00:00 0 
100380000-140000000 ---p 00000000 00:00 0 
7f6628fff000-7f662c000000 rw-p 00000000 00:00 0 
7f662c000000-7f662c23f000 rw-p 00000000 00:00 0 
7f662c23f000-7f6630000000 ---p 00000000 00:00 0 
7f6632a6c000-7f6632a83000 r-xp 00000000 08:01 803144                     /usr/lib/jvm/java-8-openjdk-amd64/jre/lib/amd64/libnet.so
7f6632a83000-7f6632c82000 ---p 00017000 08:01 803144                     /usr/lib/jvm/java-8-openjdk-amd64/jre/lib/amd64/libnet.so
7f6632c82000-7f6632c83000 r--p 00016000 08:01 803144                     /usr/lib/jvm/java-8-openjdk-amd64/jre/lib/amd64/libnet.so
7f6632c83000-7f6632c84000 rw-p 00017000 08:01 803144                     /usr/lib/jvm/java-8-openjdk-amd64/jre/lib/amd64/libnet.so
7f6632c84000-7f6632c95000 r-xp 00000000 08:01 803143                     /usr/lib/jvm/java-8-openjdk-amd64/jre/lib/amd64/libnio.so
7f6632c95000-7f6632e95000 ---p 00011000 08:01 803143                     /usr/lib/jvm/java-8-openjdk-amd64/jre/lib/amd64/libnio.so
7f6632e95000-7f6632e96000 r--p 00011000 08:01 803143                     /usr/lib/jvm/java-8-openjdk-amd64/jre/lib/amd64/libnio.so
7f6632e96000-7f6632e97000 rw-p 00012000 08:01 803143                     /usr/lib/jvm/java-8-openjdk-amd64/jre/lib/amd64/libnio.so
7f6632e97000-7f6632fd7000 rw-p 00000000 00:00 0 
7f6632fd7000-7f6633097000 ---p 00000000 00:00 0 
7f6633097000-7f6633297000 rw-p 00000000 00:00 0 
7f6633297000-7f6633298000 r--s 00006000 08:01 807207                     /home/user/.coursier/cache/v1/https/repo1.maven.org/maven2/com/github/alexarchambault/case-app-annotations_2.11/1.1.3/case-app-annotations_2.11-1.1.3.jar
7f6633298000-7f663329b000 r--s 00011000 08:01 807203                     /home/user/.coursier/cache/v1/https/repo1.maven.org/maven2/com/lihaoyi/fastparse-utils_2.11/0.4.2/fastparse-utils_2.11-0.4.2.jar
7f663329b000-7f66332a6000 r--s 00069000 08:01 807253                     /home/user/.coursier/cache/v1/https/repo1.maven.org/maven2/ch/qos/logback/logback-core/1.2.1/logback-core-1.2.1.jar
7f66332a6000-7f66332ad000 r--s 00042000 08:01 807208                     /home/user/.coursier/cache/v1/https/repo1.maven.org/maven2/com/github/alexarchambault/case-app_2.11/1.1.3/case-app_2.11-1.1.3.jar
7f66332ad000-7f66332af000 r--s 0000a000 08:01 807225                     /home/user/.coursier/cache/v1/https/repo1.maven.org/maven2/com/github/alexarchambault/case-app-util_2.11/1.1.3/case-app-util_2.11-1.1.3.jar
7f66332af000-7f66332b0000 r--s 00000000 08:01 807233                     /home/user/.coursier/cache/v1/https/repo1.maven.org/maven2/org/typelevel/macro-compat_2.11/1.1.1/macro-compat_2.11-1.1.1.jar
7f66332b0000-7f66332c3000 r--s 000bb000 08:01 807205                     /home/user/.coursier/cache/v1/https/repo1.maven.org/maven2/org/jupyter-scala/kernel_2.11/0.4.1/kernel_2.11-0.4.1.jar
7f66332c3000-7f66332c6000 r--s 00015000 08:01 807242                     /home/user/.coursier/cache/v1/https/repo1.maven.org/maven2/org/jupyter-scala/scala-cli_2.11.11/0.4.2/scala-cli_2.11.11-0.4.2.jar
7f66332c6000-7f66333d3000 r--s 00dd4000 08:01 807246                     /home/user/.coursier/cache/v1/https/repo1.maven.org/maven2/org/scala-lang/scala-compiler/2.11.11/scala-compiler-2.11.11.jar
7f66333d3000-7f66334a5000 r--s 00a6f000 08:01 807285                     /home/user/.coursier/cache/v1/https/repo1.maven.org/maven2/org/scalaz/scalaz-core_2.11/7.2.8/scalaz-core_2.11-7.2.8.jar
7f66334a5000-7f66334a8000 ---p 00000000 00:00 0 
7f66334a8000-7f66335a6000 rw-p 00000000 00:00 0 
7f66335a6000-7f66335a9000 ---p 00000000 00:00 0 
7f66335a9000-7f66338a7000 rw-p 00000000 00:00 0 
7f66338a7000-7f6633aa7000 rw-p 00000000 00:00 0 
7f6633aa7000-7f6633aaa000 ---p 00000000 00:00 0 
7f6633aaa000-7f6633ba8000 rw-p 00000000 00:00 0 
7f6633ba8000-7f6633bab000 ---p 00000000 00:00 0 
7f6633bab000-7f6633ca9000 rw-p 00000000 00:00 0 
7f6633ca9000-7f6633cae000 r--s 00039000 08:01 807259                     /home/user/.coursier/cache/v1/https/repo1.maven.org/maven2/org/zeromq/jeromq/0.3.6/jeromq-0.3.6.jar
7f6633cae000-7f6633cb0000 r--s 00009000 08:01 807266                     /home/user/.coursier/cache/v1/https/repo1.maven.org/maven2/org/slf4j/slf4j-api/1.7.22/slf4j-api-1.7.22.jar
7f6633cb0000-7f6633cba000 r--s 00074000 08:01 807377                     /home/user/.coursier/cache/v1/https/repo1.maven.org/maven2/org/jupyter-scala/ammonite-compiler_2.11.11/0.8.3-1/ammonite-compiler_2.11.11-0.8.3-1.jar
7f6633cba000-7f6633cc0000 r--s 00046000 08:01 807275                     /home/user/.coursier/cache/v1/https/repo1.maven.org/maven2/ch/qos/logback/logback-classic/1.2.1/logback-classic-1.2.1.jar
7f6633cc0000-7f6633cf0000 r--s 001c7000 08:01 807281                     /home/user/.coursier/cache/v1/https/repo1.maven.org/maven2/io/argonaut/argonaut_2.11/6.2/argonaut_2.11-6.2.jar
7f6633cf0000-7f6633d13000 r--s 00155000 08:01 807348                     /home/user/.coursier/cache/v1/https/repo1.maven.org/maven2/org/scalaz/stream/scalaz-stream_2.11/0.8.6a/scalaz-stream_2.11-0.8.6a.jar
7f6633d13000-7f6633d59000 r--s 00317000 08:01 807336                     /home/user/.coursier/cache/v1/https/repo1.maven.org/maven2/com/chuusai/shapeless_2.11/2.3.2/shapeless_2.11-2.3.2.jar
7f6633d59000-7f6633d5c000 ---p 00000000 00:00 0 
7f6633d5c000-7f6633e5a000 rw-p 00000000 00:00 0 
7f6633e5a000-7f6633e5d000 ---p 00000000 00:00 0 
7f6633e5d000-7f6633f5b000 rw-p 00000000 00:00 0 
7f6633f5b000-7f6633f5c000 r--s 00008000 08:01 807293                     /home/user/.coursier/cache/v1/https/repo1.maven.org/maven2/com/typesafe/scala-logging/scala-logging_2.11/3.5.0/scala-logging_2.11-3.5.0.jar
7f6633f5c000-7f6633f61000 r--s 00044000 08:01 807300                     /home/user/.coursier/cache/v1/https/repo1.maven.org/maven2/org/scodec/scodec-bits_2.11/1.1.2/scodec-bits_2.11-1.1.2.jar
7f6633f61000-7f6633f64000 r--s 00016000 08:01 807311                     /home/user/.coursier/cache/v1/https/repo1.maven.org/maven2/org/jupyter-scala/scala-kernel_2.11.11/0.4.2/scala-kernel_2.11.11-0.4.2.jar
7f6633f64000-7f6633f6e000 r--s 00069000 08:01 807307                     /home/user/.coursier/cache/v1/https/repo1.maven.org/maven2/com/lihaoyi/scalaparse_2.11/0.4.2/scalaparse_2.11-0.4.2.jar
7f6633f6e000-7f6633f72000 r--s 00029000 08:01 807324                     /home/user/.coursier/cache/v1/https/repo1.maven.org/maven2/org/jupyter-scala/kernel-protocol_2.11/0.4.1/kernel-protocol_2.11-0.4.1.jar
7f6633f72000-7f6633f78000 r--s 0004d000 08:01 807344                     /home/user/.coursier/cache/v1/https/repo1.maven.org/maven2/com/lihaoyi/fastparse_2.11/0.4.2/fastparse_2.11-0.4.2.jar
7f6633f78000-7f6633f7c000 r--s 0001b000 08:01 807362                     /home/user/.coursier/cache/v1/https/repo1.maven.org/maven2/com/github/alexarchambault/argonaut-shapeless_6.2_2.11/1.2.0-M5/argonaut-shapeless_6.2_2.11-1.2.0-M5.jar
7f6633f7c000-7f6633f7e000 r--s 00012000 08:01 807339                     /home/user/.coursier/cache/v1/https/repo1.maven.org/maven2/com/lihaoyi/fansi_2.11/0.2.3/fansi_2.11-0.2.3.jar
7f6633f7e000-7f6633f83000 r--s 00048000 08:01 807334                     /home/user/.coursier/cache/v1/https/repo1.maven.org/maven2/com/lihaoyi/pprint_2.11/0.4.4/pprint_2.11-0.4.4.jar
7f6633f83000-7f6633f8e000 r--s 0005d000 08:01 807365                     /home/user/.coursier/cache/v1/https/repo1.maven.org/maven2/org/scala-lang/modules/scala-parser-combinators_2.11/1.0.4/scala-parser-combinators_2.11-1.0.4.jar
7f6633f8e000-7f6633f94000 r--s 00050000 08:01 807318                     /home/user/.coursier/cache/v1/https/repo1.maven.org/maven2/org/jsoup/jsoup/1.10.2/jsoup-1.10.2.jar
7f6633f94000-7f6633f9e000 r--s 0009a000 08:01 807217                     /home/user/.coursier/cache/v1/https/repo1.maven.org/maven2/org/scala-lang/modules/scala-xml_2.11/1.0.6/scala-xml_2.11-1.0.6.jar
7f6633f9e000-7f6633fa3000 r--s 00047000 08:01 807328                     /home/user/.coursier/cache/v1/https/repo1.maven.org/maven2/org/jupyter-scala/ammonite-ops_2.11/0.8.3-1/ammonite-ops_2.11-0.8.3-1.jar
7f6633fa3000-7f6633fa7000 r--s 00023000 08:01 807360                     /home/user/.coursier/cache/v1/https/repo1.maven.org/maven2/org/scalaj/scalaj-http_2.11/2.3.0/scalaj-http_2.11-2.3.0.jar
7f6633fa7000-7f6634000000 r--s 00523000 08:01 807237                     /home/user/.coursier/cache/v1/https/repo1.maven.org/maven2/org/scala-lang/scala-library/2.11.11/scala-library-2.11.11.jar
7f6634000000-7f6634208000 rw-p 00000000 00:00 0 
7f6634208000-7f6638000000 ---p 00000000 00:00 0 
7f6638000000-7f663812f000 rw-p 00000000 00:00 0 
7f663812f000-7f663c000000 ---p 00000000 00:00 0 
7f663c000000-7f663c021000 rw-p 00000000 00:00 0 
7f663c021000-7f6640000000 ---p 00000000 00:00 0 
7f6640000000-7f6640021000 rw-p 00000000 00:00 0 
7f6640021000-7f6644000000 ---p 00000000 00:00 0 
7f6644000000-7f6644a67000 rw-p 00000000 00:00 0 
7f6644a67000-7f6648000000 ---p 00000000 00:00 0 
7f6648000000-7f6648021000 rw-p 00000000 00:00 0 
7f6648021000-7f664c000000 ---p 00000000 00:00 0 
7f664c000000-7f664c021000 rw-p 00000000 00:00 0 
7f664c021000-7f6650000000 ---p 00000000 00:00 0 
7f6650000000-7f6651895000 rw-p 00000000 00:00 0 
7f6651895000-7f6654000000 ---p 00000000 00:00 0 
7f6654000000-7f6654021000 rw-p 00000000 00:00 0 
7f6654021000-7f6658000000 ---p 00000000 00:00 0 
7f6658000000-7f6658021000 rw-p 00000000 00:00 0 
7f6658021000-7f665c000000 ---p 00000000 00:00 0 
7f665c000000-7f665c021000 rw-p 00000000 00:00 0 
7f665c021000-7f6660000000 ---p 00000000 00:00 0 
7f6660000000-7f6660021000 rw-p 00000000 00:00 0 
7f6660021000-7f6664000000 ---p 00000000 00:00 0 
7f6664000000-7f6664001000 r--s 00001000 08:01 807355                     /home/user/.coursier/cache/v1/https/repo1.maven.org/maven2/org/jupyter-scala/scala-api_2.11.11/0.4.2/scala-api_2.11.11-0.4.2.jar
7f6664001000-7f6664002000 r--s 00007000 08:01 807320                     /home/user/.coursier/cache/v1/https/repo1.maven.org/maven2/org/jupyter-scala/kernel-api_2.11/0.4.1/kernel-api_2.11-0.4.1.jar
7f6664002000-7f666400d000 r--s 00074000 08:01 807252                     /home/user/.coursier/cache/v1/https/repo1.maven.org/maven2/org/jupyter-scala/ammonite-runtime_2.11.11/0.8.3-1/ammonite-runtime_2.11.11-0.8.3-1.jar
7f666400d000-7f6664033000 r--s 00196000 08:01 807280                     /home/user/.coursier/cache/v1/https/repo1.maven.org/maven2/io/get-coursier/coursier_2.11/1.0.0-RC2/coursier_2.11-1.0.0-RC2.jar
7f6664033000-7f666403b000 r--s 0004c000 08:01 807222                     /home/user/.coursier/cache/v1/https/repo1.maven.org/maven2/org/scalaz/scalaz-concurrent_2.11/7.2.8/scalaz-concurrent_2.11-7.2.8.jar
7f666403b000-7f666403e000 r--s 0001a000 08:01 807269                     /home/user/.coursier/cache/v1/https/repo1.maven.org/maven2/com/lihaoyi/sourcecode_2.11/0.1.3/sourcecode_2.11-0.1.3.jar
7f666403e000-7f6664048000 r--s 00061000 08:01 807370                     /home/user/.coursier/cache/v1/https/repo1.maven.org/maven2/org/scalaz/scalaz-effect_2.11/7.2.8/scalaz-effect_2.11-7.2.8.jar
7f6664048000-7f666404e000 r--s 0005c000 08:01 807218                     /home/user/.coursier/cache/v1/https/repo1.maven.org/maven2/com/lihaoyi/upickle_2.11/0.4.4/upickle_2.11-0.4.4.jar
7f666404e000-7f666409a000 r--s 00418000 08:01 807351                     /home/user/.coursier/cache/v1/https/repo1.maven.org/maven2/org/scala-lang/scala-reflect/2.11.11/scala-reflect-2.11.11.jar
7f666409a000-7f666409d000 ---p 00000000 00:00 0 
7f666409d000-7f666419b000 rw-p 00000000 00:00 0 
7f666419b000-7f666419e000 ---p 00000000 00:00 0 
7f666419e000-7f666429c000 rw-p 00000000 00:00 0 
7f666429c000-7f666429f000 ---p 00000000 00:00 0 
7f666429f000-7f666439d000 rw-p 00000000 00:00 0 
7f666439d000-7f66643a0000 ---p 00000000 00:00 0 
7f66643a0000-7f66645d6000 rw-p 00000000 00:00 0 
7f66645d6000-7f6664622000 r--s 0024b000 08:01 806309                     /home/user/.coursier/bootstrap/1.0.0-RC1/coursier-cli_2.11-1.0.0-RC1-standalone.jar
7f6664622000-7f666463d000 r--s 00394000 08:01 803174                     /usr/lib/jvm/java-8-openjdk-amd64/jre/lib/ext/cldrdata.jar
7f666463d000-7f6664658000 r--s 001d6000 08:01 803177                     /usr/lib/jvm/java-8-openjdk-amd64/jre/lib/ext/nashorn.jar
7f6664658000-7f6664659000 ---p 00000000 00:00 0 
7f6664659000-7f6664759000 rw-p 00000000 00:00 0 
7f6664759000-7f666475c000 ---p 00000000 00:00 0 
7f666475c000-7f666485a000 rw-p 00000000 00:00 0 
7f666485a000-7f666485d000 ---p 00000000 00:00 0 
7f666485d000-7f666495b000 rw-p 00000000 00:00 0 
7f666495b000-7f666495e000 ---p 00000000 00:00 0 
7f666495e000-7f6664a5c000 rw-p 00000000 00:00 0 
7f6664a5c000-7f6664a5f000 ---p 00000000 00:00 0 
7f6664a5f000-7f6664b5d000 rw-p 00000000 00:00 0 
7f6664b5d000-7f6665585000 r--p 00000000 08:01 2105158                    /usr/lib/locale/locale-archive
7f6665585000-7f6665588000 ---p 00000000 00:00 0 
7f6665588000-7f6665686000 rw-p 00000000 00:00 0 
7f6665686000-7f6665689000 ---p 00000000 00:00 0 
7f6665689000-7f6665787000 rw-p 00000000 00:00 0 
7f6665787000-7f6665788000 ---p 00000000 00:00 0 
7f6665788000-7f6668000000 rw-p 00000000 00:00 0 
7f6668000000-7f666802e000 rw-p 00000000 00:00 0 
7f666802e000-7f666c000000 ---p 00000000 00:00 0 
7f666c000000-7f666c002000 r--s 0000f000 08:01 807314                     /home/user/.coursier/cache/v1/https/repo1.maven.org/maven2/com/lihaoyi/derive_2.11/0.4.4/derive_2.11-0.4.4.jar
7f666c002000-7f666c004000 r--s 00013000 08:01 807296                     /home/user/.coursier/cache/v1/https/repo1.maven.org/maven2/org/spire-math/jawn-parser_2.11/0.10.3/jawn-parser_2.11-0.10.3.jar
7f666c004000-7f666c006000 r--s 0000d000 08:01 807262                     /home/user/.coursier/cache/v1/https/repo1.maven.org/maven2/com/lihaoyi/geny_2.11/0.1.1/geny_2.11-0.1.1.jar
7f666c006000-7f666c00e000 r--s 0004b000 08:01 807374                     /home/user/.coursier/cache/v1/https/repo1.maven.org/maven2/io/get-coursier/coursier-cache_2.11/1.0.0-RC2/coursier-cache_2.11-1.0.0-RC2.jar
7f666c00e000-7f666c010000 r--s 00016000 08:01 807235                     /home/user/.coursier/cache/v1/https/repo1.maven.org/maven2/org/jupyter-scala/ammonite-util_2.11.11/0.8.3-1/ammonite-util_2.11.11-0.8.3-1.jar
7f666c010000-7f666c015000 r--s 0009d000 08:01 803185                     /usr/lib/jvm/java-8-openjdk-amd64/jre/lib/jsse.jar
7f666c015000-7f666c016000 r--s 00002000 08:01 807381                     /home/user/.local/share/jupyter/kernels/scala/launcher.jar
7f666c016000-7f666c165000 rw-p 00000000 00:00 0 
7f666c165000-7f666c334000 r--s 03c33000 08:01 803184                     /usr/lib/jvm/java-8-openjdk-amd64/jre/lib/rt.jar
7f666c334000-7f666c4ab000 rw-p 00000000 00:00 0 
7f666c4ab000-7f666c4ac000 ---p 00000000 00:00 0 
7f666c4ac000-7f666c5ac000 rw-p 00000000 00:00 0 
7f666c5ac000-7f666c5ad000 ---p 00000000 00:00 0 
7f666c5ad000-7f666c6bd000 rw-p 00000000 00:00 0 
7f666c6bd000-7f666c7a7000 ---p 00000000 00:00 0 
7f666c7a7000-7f666c7c3000 rw-p 00000000 00:00 0 
7f666c7c3000-7f666c824000 ---p 00000000 00:00 0 
7f666c824000-7f666c83e000 rw-p 00000000 00:00 0 
7f666c83e000-7f666cbe5000 ---p 00000000 00:00 0 
7f666cbe5000-7f666d215000 rwxp 00000000 00:00 0 
7f666d215000-7f667bbe5000 ---p 00000000 00:00 0 
7f667bbe5000-7f667bbed000 r-xp 00000000 08:01 803135                     /usr/lib/jvm/java-8-openjdk-amd64/jre/lib/amd64/libzip.so
7f667bbed000-7f667bdec000 ---p 00008000 08:01 803135                     /usr/lib/jvm/java-8-openjdk-amd64/jre/lib/amd64/libzip.so
7f667bdec000-7f667bded000 r--p 00007000 08:01 803135                     /usr/lib/jvm/java-8-openjdk-amd64/jre/lib/amd64/libzip.so
7f667bded000-7f667bdee000 rw-p 00008000 08:01 803135                     /usr/lib/jvm/java-8-openjdk-amd64/jre/lib/amd64/libzip.so
7f667bdee000-7f667bdf9000 r-xp 00000000 08:01 2889153                    /lib/x86_64-linux-gnu/libnss_files-2.23.so
7f667bdf9000-7f667bff8000 ---p 0000b000 08:01 2889153                    /lib/x86_64-linux-gnu/libnss_files-2.23.so
7f667bff8000-7f667bff9000 r--p 0000a000 08:01 2889153                    /lib/x86_64-linux-gnu/libnss_files-2.23.so
7f667bff9000-7f667bffa000 rw-p 0000b000 08:01 2889153                    /lib/x86_64-linux-gnu/libnss_files-2.23.so
7f667bffa000-7f667c000000 rw-p 00000000 00:00 0 
7f667c000000-7f667c9d3000 rw-p 00000000 00:00 0 
7f667c9d3000-7f6680000000 ---p 00000000 00:00 0 
7f6680000000-7f6680001000 r--s 0000a000 08:01 803181                     /usr/lib/jvm/java-8-openjdk-amd64/jre/lib/ext/jaccess.jar
7f6680001000-7f6680003000 r--s 00008000 08:01 803178                     /usr/lib/jvm/java-8-openjdk-amd64/jre/lib/ext/sunec.jar
7f6680003000-7f668000d000 r--s 00116000 08:01 803175                     /usr/lib/jvm/java-8-openjdk-amd64/jre/lib/ext/localedata.jar
7f668000d000-7f668001d000 rw-p 00000000 00:00 0 
7f668001d000-7f6680107000 ---p 00000000 00:00 0 
7f6680107000-7f6680112000 r-xp 00000000 08:01 2889163                    /lib/x86_64-linux-gnu/libnss_nis-2.23.so
7f6680112000-7f6680311000 ---p 0000b000 08:01 2889163                    /lib/x86_64-linux-gnu/libnss_nis-2.23.so
7f6680311000-7f6680312000 r--p 0000a000 08:01 2889163                    /lib/x86_64-linux-gnu/libnss_nis-2.23.so
7f6680312000-7f6680313000 rw-p 0000b000 08:01 2889163                    /lib/x86_64-linux-gnu/libnss_nis-2.23.so
7f6680313000-7f6680329000 r-xp 00000000 08:01 2889147                    /lib/x86_64-linux-gnu/libnsl-2.23.so
7f6680329000-7f6680528000 ---p 00016000 08:01 2889147                    /lib/x86_64-linux-gnu/libnsl-2.23.so
7f6680528000-7f6680529000 r--p 00015000 08:01 2889147                    /lib/x86_64-linux-gnu/libnsl-2.23.so
7f6680529000-7f668052a000 rw-p 00016000 08:01 2889147                    /lib/x86_64-linux-gnu/libnsl-2.23.so
7f668052a000-7f668052c000 rw-p 00000000 00:00 0 
7f668052c000-7f6680534000 r-xp 00000000 08:01 2889149                    /lib/x86_64-linux-gnu/libnss_compat-2.23.so
7f6680534000-7f6680733000 ---p 00008000 08:01 2889149                    /lib/x86_64-linux-gnu/libnss_compat-2.23.so
7f6680733000-7f6680734000 r--p 00007000 08:01 2889149                    /lib/x86_64-linux-gnu/libnss_compat-2.23.so
7f6680734000-7f6680735000 rw-p 00008000 08:01 2889149                    /lib/x86_64-linux-gnu/libnss_compat-2.23.so
7f6680735000-7f6680762000 r-xp 00000000 08:01 803155                     /usr/lib/jvm/java-8-openjdk-amd64/jre/lib/amd64/libjava.so
7f6680762000-7f6680961000 ---p 0002d000 08:01 803155                     /usr/lib/jvm/java-8-openjdk-amd64/jre/lib/amd64/libjava.so
7f6680961000-7f6680962000 r--p 0002c000 08:01 803155                     /usr/lib/jvm/java-8-openjdk-amd64/jre/lib/amd64/libjava.so
7f6680962000-7f6680964000 rw-p 0002d000 08:01 803155                     /usr/lib/jvm/java-8-openjdk-amd64/jre/lib/amd64/libjava.so
7f6680964000-7f6680973000 r-xp 00000000 08:01 803127                     /usr/lib/jvm/java-8-openjdk-amd64/jre/lib/amd64/libverify.so
7f6680973000-7f6680b72000 ---p 0000f000 08:01 803127                     /usr/lib/jvm/java-8-openjdk-amd64/jre/lib/amd64/libverify.so
7f6680b72000-7f6680b74000 r--p 0000e000 08:01 803127                     /usr/lib/jvm/java-8-openjdk-amd64/jre/lib/amd64/libverify.so
7f6680b74000-7f6680b75000 rw-p 00010000 08:01 803127                     /usr/lib/jvm/java-8-openjdk-amd64/jre/lib/amd64/libverify.so
7f6680b75000-7f6680b7c000 r-xp 00000000 08:01 2889208                    /lib/x86_64-linux-gnu/librt-2.23.so
7f6680b7c000-7f6680d7b000 ---p 00007000 08:01 2889208                    /lib/x86_64-linux-gnu/librt-2.23.so
7f6680d7b000-7f6680d7c000 r--p 00006000 08:01 2889208                    /lib/x86_64-linux-gnu/librt-2.23.so
7f6680d7c000-7f6680d7d000 rw-p 00007000 08:01 2889208                    /lib/x86_64-linux-gnu/librt-2.23.so
7f6680d7d000-7f6680d93000 r-xp 00000000 08:01 2889092                    /lib/x86_64-linux-gnu/libgcc_s.so.1
7f6680d93000-7f6680f92000 ---p 00016000 08:01 2889092                    /lib/x86_64-linux-gnu/libgcc_s.so.1
7f6680f92000-7f6680f93000 rw-p 00015000 08:01 2889092                    /lib/x86_64-linux-gnu/libgcc_s.so.1
7f6680f93000-7f668109b000 r-xp 00000000 08:01 2889124                    /lib/x86_64-linux-gnu/libm-2.23.so
7f668109b000-7f668129a000 ---p 00108000 08:01 2889124                    /lib/x86_64-linux-gnu/libm-2.23.so
7f668129a000-7f668129b000 r--p 00107000 08:01 2889124                    /lib/x86_64-linux-gnu/libm-2.23.so
7f668129b000-7f668129c000 rw-p 00108000 08:01 2889124                    /lib/x86_64-linux-gnu/libm-2.23.so
7f668129c000-7f668140e000 r-xp 00000000 08:01 2107766                    /usr/lib/x86_64-linux-gnu/libstdc++.so.6.0.21
7f668140e000-7f668160e000 ---p 00172000 08:01 2107766                    /usr/lib/x86_64-linux-gnu/libstdc++.so.6.0.21
7f668160e000-7f6681618000 r--p 00172000 08:01 2107766                    /usr/lib/x86_64-linux-gnu/libstdc++.so.6.0.21
7f6681618000-7f668161a000 rw-p 0017c000 08:01 2107766                    /usr/lib/x86_64-linux-gnu/libstdc++.so.6.0.21
7f668161a000-7f668161e000 rw-p 00000000 00:00 0 
7f668161e000-7f668227b000 r-xp 00000000 08:01 803133                     /usr/lib/jvm/java-8-openjdk-amd64/jre/lib/amd64/server/libjvm.so
7f668227b000-7f668247b000 ---p 00c5d000 08:01 803133                     /usr/lib/jvm/java-8-openjdk-amd64/jre/lib/amd64/server/libjvm.so
7f668247b000-7f668250f000 r--p 00c5d000 08:01 803133                     /usr/lib/jvm/java-8-openjdk-amd64/jre/lib/amd64/server/libjvm.so
7f668250f000-7f6682538000 rw-p 00cf1000 08:01 803133                     /usr/lib/jvm/java-8-openjdk-amd64/jre/lib/amd64/server/libjvm.so
7f6682538000-7f6682568000 rw-p 00000000 00:00 0 
7f6682568000-7f6682580000 r-xp 00000000 08:01 2889200                    /lib/x86_64-linux-gnu/libpthread-2.23.so
7f6682580000-7f668277f000 ---p 00018000 08:01 2889200                    /lib/x86_64-linux-gnu/libpthread-2.23.so
7f668277f000-7f6682780000 r--p 00017000 08:01 2889200                    /lib/x86_64-linux-gnu/libpthread-2.23.so
7f6682780000-7f6682781000 rw-p 00018000 08:01 2889200                    /lib/x86_64-linux-gnu/libpthread-2.23.so
7f6682781000-7f6682785000 rw-p 00000000 00:00 0 
7f6682785000-7f6682788000 r-xp 00000000 08:01 2889078                    /lib/x86_64-linux-gnu/libdl-2.23.so
7f6682788000-7f6682987000 ---p 00003000 08:01 2889078                    /lib/x86_64-linux-gnu/libdl-2.23.so
7f6682987000-7f6682988000 r--p 00002000 08:01 2889078                    /lib/x86_64-linux-gnu/libdl-2.23.so
7f6682988000-7f6682989000 rw-p 00003000 08:01 2889078                    /lib/x86_64-linux-gnu/libdl-2.23.so
7f6682989000-7f66829a2000 r-xp 00000000 08:01 2889245                    /lib/x86_64-linux-gnu/libz.so.1.2.8
7f66829a2000-7f6682ba1000 ---p 00019000 08:01 2889245                    /lib/x86_64-linux-gnu/libz.so.1.2.8
7f6682ba1000-7f6682ba2000 r--p 00018000 08:01 2889245                    /lib/x86_64-linux-gnu/libz.so.1.2.8
7f6682ba2000-7f6682ba3000 rw-p 00019000 08:01 2889245                    /lib/x86_64-linux-gnu/libz.so.1.2.8
7f6682ba3000-7f6682d63000 r-xp 00000000 08:01 2889054                    /lib/x86_64-linux-gnu/libc-2.23.so
7f6682d63000-7f6682f63000 ---p 001c0000 08:01 2889054                    /lib/x86_64-linux-gnu/libc-2.23.so
7f6682f63000-7f6682f67000 r--p 001c0000 08:01 2889054                    /lib/x86_64-linux-gnu/libc-2.23.so
7f6682f67000-7f6682f69000 rw-p 001c4000 08:01 2889054                    /lib/x86_64-linux-gnu/libc-2.23.so
7f6682f69000-7f6682f6d000 rw-p 00000000 00:00 0 
7f6682f6d000-7f6682f7a000 r-xp 00000000 08:01 803131                     /usr/lib/jvm/java-8-openjdk-amd64/jre/lib/amd64/jli/libjli.so
7f6682f7a000-7f668317a000 ---p 0000d000 08:01 803131                     /usr/lib/jvm/java-8-openjdk-amd64/jre/lib/amd64/jli/libjli.so
7f668317a000-7f668317b000 r--p 0000d000 08:01 803131                     /usr/lib/jvm/java-8-openjdk-amd64/jre/lib/amd64/jli/libjli.so
7f668317b000-7f668317c000 rw-p 0000e000 08:01 803131                     /usr/lib/jvm/java-8-openjdk-amd64/jre/lib/amd64/jli/libjli.so
7f668317c000-7f66831a2000 r-xp 00000000 08:01 2889026                    /lib/x86_64-linux-gnu/ld-2.23.so
7f66831a2000-7f66831a5000 r--s 00038000 08:01 803179                     /usr/lib/jvm/java-8-openjdk-amd64/jre/lib/ext/sunpkcs11.jar
7f66831a5000-7f66831a7000 r--s 00001000 08:01 803180                     /usr/lib/jvm/java-8-openjdk-amd64/jre/lib/ext/dnsns.jar
7f66831a7000-7f66831aa000 r--s 0000f000 08:01 803176                     /usr/lib/jvm/java-8-openjdk-amd64/jre/lib/ext/icedtea-sound.jar
7f66831aa000-7f668327b000 rw-p 00000000 00:00 0 
7f668327b000-7f668327e000 ---p 00000000 00:00 0 
7f668327e000-7f6683380000 rw-p 00000000 00:00 0 
7f6683380000-7f6683381000 r--s 00010000 08:01 803182                     /usr/lib/jvm/java-8-openjdk-amd64/jre/lib/ext/zipfs.jar
7f6683381000-7f6683387000 r--s 0003b000 08:01 803183                     /usr/lib/jvm/java-8-openjdk-amd64/jre/lib/ext/sunjce_provider.jar
7f6683387000-7f6683396000 rw-p 00000000 00:00 0 
7f6683396000-7f668339e000 rw-s 00000000 08:01 1836275                    /tmp/hsperfdata_user/125266
7f668339e000-7f668339f000 rw-p 00000000 00:00 0 
7f668339f000-7f66833a0000 ---p 00000000 00:00 0 
7f66833a0000-7f66833a1000 rw-p 00000000 00:00 0 
7f66833a1000-7f66833a2000 r--p 00025000 08:01 2889026                    /lib/x86_64-linux-gnu/ld-2.23.so
7f66833a2000-7f66833a3000 rw-p 00026000 08:01 2889026                    /lib/x86_64-linux-gnu/ld-2.23.so
7f66833a3000-7f66833a4000 rw-p 00000000 00:00 0 
7ffd2902d000-7ffd2904e000 rw-p 00000000 00:00 0                          [stack]
7ffd290e0000-7ffd290e3000 r--p 00000000 00:00 0                          [vvar]
7ffd290e3000-7ffd290e5000 r-xp 00000000 00:00 0                          [vdso]
ffffffffff600000-ffffffffff601000 r-xp 00000000 00:00 0                  [vsyscall]

VM Arguments:
jvm_args: -Xverify:none 
java_command: /home/user/.local/share/jupyter/kernels/scala/launcher.jar launch -r sonatype:releases -r sonatype:snapshots -i ammonite -I ammonite:org.jupyter-scala:ammonite-runtime_2.11.11:0.8.3-1 -I ammonite:org.jupyter-scala:scala-api_2.11.11:0.4.2 org.jupyter-scala:scala-cli_2.11.11:0.4.2 -- --id scala --name Scala --quiet --connection-file /run/user/1000/jupyter/kernel-dd0dea1f-73ff-49d5-a741-bdbc4b5579cd.json
java_class_path (initial): /home/user/.local/share/jupyter/kernels/scala/launcher.jar
Launcher Type: SUN_STANDARD

Environment Variables:
PATH=/home/user/anaconda3/bin:/home/user/anaconda3/bin:/home/user/bin:/home/user/.local/bin:/usr/local/sbin:/usr/local/bin:/usr/sbin:/usr/bin:/sbin:/bin:/usr/games:/usr/local/games:/snap/bin
SHELL=/bin/bash
DISPLAY=:0.0

Signal Handlers:
SIGSEGV: [libjvm.so+0xa71a70], sa_mask[0]=11111111011111111101111111111110, sa_flags=SA_RESTART|SA_SIGINFO
SIGBUS: [libjvm.so+0xa71a70], sa_mask[0]=11111111011111111101111111111110, sa_flags=SA_RESTART|SA_SIGINFO
SIGFPE: [libjvm.so+0x8b8f80], sa_mask[0]=11111111011111111101111111111110, sa_flags=SA_RESTART|SA_SIGINFO
SIGPIPE: [libjvm.so+0x8b8f80], sa_mask[0]=11111111011111111101111111111110, sa_flags=SA_RESTART|SA_SIGINFO
SIGXFSZ: [libjvm.so+0x8b8f80], sa_mask[0]=11111111011111111101111111111110, sa_flags=SA_RESTART|SA_SIGINFO
SIGILL: [libjvm.so+0x8b8f80], sa_mask[0]=11111111011111111101111111111110, sa_flags=SA_RESTART|SA_SIGINFO
SIGUSR1: SIG_DFL, sa_mask[0]=00000000000000000000000000000000, sa_flags=none
SIGUSR2: [libjvm.so+0x8b8e30], sa_mask[0]=00000000000000000000000000000000, sa_flags=SA_RESTART|SA_SIGINFO
SIGHUP: [libjvm.so+0x8b9300], sa_mask[0]=11111111011111111101111111111110, sa_flags=SA_RESTART|SA_SIGINFO
SIGINT: [libjvm.so+0x8b9300], sa_mask[0]=11111111011111111101111111111110, sa_flags=SA_RESTART|SA_SIGINFO
SIGTERM: [libjvm.so+0x8b9300], sa_mask[0]=11111111011111111101111111111110, sa_flags=SA_RESTART|SA_SIGINFO
SIGQUIT: [libjvm.so+0x8b9300], sa_mask[0]=11111111011111111101111111111110, sa_flags=SA_RESTART|SA_SIGINFO


---------------  S Y S T E M  ---------------

OS:DISTRIB_ID=Ubuntu
DISTRIB_RELEASE=16.04
DISTRIB_CODENAME=xenial
DISTRIB_DESCRIPTION="Ubuntu 16.04.5 LTS"

uname:Linux 4.15.0-33-generic #36~16.04.1-Ubuntu SMP Wed Aug 15 17:21:05 UTC 2018 x86_64
libc:glibc 2.23 NPTL 2.23 
rlimit: STACK 8192k, CORE 0k, NPROC 7646, NOFILE 1048576, AS infinity
load average:3.26 1.35 0.60

/proc/meminfo:
MemTotal:        3065896 kB
MemFree:           26448 kB
MemAvailable:      30776 kB
Buffers:             632 kB
Cached:            39964 kB
SwapCached:         2368 kB
Active:          2244596 kB
Inactive:         568580 kB
Active(anon):    2237108 kB
Inactive(anon):   560088 kB
Active(file):       7488 kB
Inactive(file):     8492 kB
Unevictable:          64 kB
Mlocked:              64 kB
SwapTotal:        998396 kB
SwapFree:              0 kB
Dirty:               360 kB
Writeback:             0 kB
AnonPages:       2770372 kB
Mapped:            31188 kB
Shmem:             24564 kB
Slab:              89480 kB
SReclaimable:      35492 kB
SUnreclaim:        53988 kB
KernelStack:       14352 kB
PageTables:        37316 kB
NFS_Unstable:          0 kB
Bounce:                0 kB
WritebackTmp:          0 kB
CommitLimit:     2531344 kB
Committed_AS:    7496184 kB
VmallocTotal:   34359738367 kB
VmallocUsed:           0 kB
VmallocChunk:          0 kB
HardwareCorrupted:     0 kB
AnonHugePages:         0 kB
ShmemHugePages:        0 kB
ShmemPmdMapped:        0 kB
CmaTotal:              0 kB
CmaFree:               0 kB
HugePages_Total:       0
HugePages_Free:        0
HugePages_Rsvd:        0
HugePages_Surp:        0
Hugepagesize:       2048 kB
DirectMap4k:      278400 kB
DirectMap2M:     2867200 kB
DirectMap1G:           0 kB


CPU:total 2 (initial active 2) (1 cores per cpu, 1 threads per core) family 6 model 78 stepping 3, cmov, cx8, fxsr, mmx, sse, sse2, sse3, ssse3, sse4.1, sse4.2, popcnt, avx, avx2, aes, clmul, erms, 3dnowpref, lzcnt, tsc, tscinvbit, bmi1, bmi2, adx

/proc/cpuinfo:
processor	: 0
vendor_id	: GenuineIntel
cpu family	: 6
model		: 78
model name	: Intel(R) Core(TM) i7-6500U CPU @ 2.50GHz
stepping	: 3
microcode	: 0xba
cpu MHz		: 2592.004
cache size	: 4096 KB
physical id	: 0
siblings	: 1
core id		: 0
cpu cores	: 1
apicid		: 0
initial apicid	: 0
fpu		: yes
fpu_exception	: yes
cpuid level	: 22
wp		: yes
flags		: fpu vme de pse tsc msr pae mce cx8 apic sep mtrr pge mca cmov pat pse36 clflush dts mmx fxsr sse sse2 ss syscall nx pdpe1gb rdtscp lm constant_tsc arch_perfmon pebs bts nopl xtopology tsc_reliable nonstop_tsc cpuid aperfmperf pni pclmulqdq ssse3 fma cx16 pcid sse4_1 sse4_2 x2apic movbe popcnt tsc_deadline_timer aes xsave avx f16c rdrand hypervisor lahf_lm abm 3dnowprefetch cpuid_fault epb invpcid_single pti fsgsbase tsc_adjust bmi1 avx2 smep bmi2 invpcid rdseed adx smap xsaveopt dtherm ida arat pln pts hwp hwp_notify hwp_act_window hwp_epp
bugs		: cpu_meltdown spectre_v1 spectre_v2 spec_store_bypass l1tf
bogomips	: 5184.00
clflush size	: 64
cache_alignment	: 64
address sizes	: 42 bits physical, 48 bits virtual
power management:

processor	: 1
vendor_id	: GenuineIntel
cpu family	: 6
model		: 78
model name	: Intel(R) Core(TM) i7-6500U CPU @ 2.50GHz
stepping	: 3
microcode	: 0xba
cpu MHz		: 2592.004
cache size	: 4096 KB
physical id	: 2
siblings	: 1
core id		: 0
cpu cores	: 1
apicid		: 2
initial apicid	: 2
fpu		: yes
fpu_exception	: yes
cpuid level	: 22
wp		: yes
flags		: fpu vme de pse tsc msr pae mce cx8 apic sep mtrr pge mca cmov pat pse36 clflush dts mmx fxsr sse sse2 ss syscall nx pdpe1gb rdtscp lm constant_tsc arch_perfmon pebs bts nopl xtopology tsc_reliable nonstop_tsc cpuid aperfmperf pni pclmulqdq ssse3 fma cx16 pcid sse4_1 sse4_2 x2apic movbe popcnt tsc_deadline_timer aes xsave avx f16c rdrand hypervisor lahf_lm abm 3dnowprefetch cpuid_fault epb invpcid_single pti fsgsbase tsc_adjust bmi1 avx2 smep bmi2 invpcid rdseed adx smap xsaveopt dtherm ida arat pln pts hwp hwp_notify hwp_act_window hwp_epp
bugs		: cpu_meltdown spectre_v1 spectre_v2 spec_store_bypass l1tf
bogomips	: 5184.00
clflush size	: 64
cache_alignment	: 64
address sizes	: 42 bits physical, 48 bits virtual
power management:



Memory: 4k page, physical 3065896k(24380k free), swap 998396k(0k free)

vm_info: OpenJDK 64-Bit Server VM (25.181-b13) for linux-amd64 JRE (1.8.0_181-8u181-b13-1ubuntu0.16.04.1-b13), built on Oct 23 2018 04:39:49 by "buildd" with gcc 5.4.0 20160609

time: Sun Dec  2 20:44:54 2018
elapsed time: 5 seconds (0d 0h 0m 5s)

