#
# There is insufficient memory for the Java Runtime Environment to continue.
# Native memory allocation (mmap) failed to map 54525952 bytes for committing reserved memory.
# Possible reasons:
#   The system is out of physical RAM or swap space
#   In 32 bit mode, the process size limit was hit
# Possible solutions:
#   Reduce memory load on the system
#   Increase physical memory or swap space
#   Check if swap backing store is full
#   Use 64 bit Java on a 64 bit OS
#   Decrease Java heap size (-Xmx/-Xms)
#   Decrease number of Java threads
#   Decrease Java thread stack sizes (-Xss)
#   Set larger code cache with -XX:ReservedCodeCacheSize=
# This output file may be truncated or incomplete.
#
#  Out of Memory Error (os_linux.cpp:2643), pid=125787, tid=0x00007f41bcb7b700
#
# JRE version: OpenJDK Runtime Environment (8.0_181-b13) (build 1.8.0_181-8u181-b13-1ubuntu0.16.04.1-b13)
# Java VM: OpenJDK 64-Bit Server VM (25.181-b13 mixed mode linux-amd64 compressed oops)
# Failed to write core dump. Core dumps have been disabled. To enable core dumping, try "ulimit -c unlimited" before starting Java again
#

---------------  T H R E A D  ---------------

Current thread (0x00007f41d00fb800):  VMThread [stack: 0x00007f41bca7b000,0x00007f41bcb7c000] [id=125791]

Stack: [0x00007f41bca7b000,0x00007f41bcb7c000],  sp=0x00007f41bcb7a4a0,  free space=1021k
Native frames: (J=compiled Java code, j=interpreted, Vv=VM code, C=native code)
V  [libjvm.so+0xa70f1b]
V  [libjvm.so+0x4c893c]
V  [libjvm.so+0x8bda48]
V  [libjvm.so+0x8b7dde]
V  [libjvm.so+0x933246]
V  [libjvm.so+0x934573]
V  [libjvm.so+0x930c3b]
V  [libjvm.so+0x929a69]
V  [libjvm.so+0x44c943]
V  [libjvm.so+0xa724a9]
V  [libjvm.so+0xa77d67]
V  [libjvm.so+0xa75467]
V  [libjvm.so+0xa768ef]
V  [libjvm.so+0xa76de1]
V  [libjvm.so+0x8bae52]

VM_Operation (0x00007f41d66ce8c0): CollectForMetadataAllocation, mode: safepoint, requested by thread 0x00007f41d000a800


---------------  P R O C E S S  ---------------

Java Threads: ( => current thread )
  0x00007f41d036b000 JavaThread "pool-2-thread-6" daemon [_thread_blocked, id=125811, stack(0x00007f41a6fd2000,0x00007f41a70d3000)]
  0x00007f41d0369800 JavaThread "pool-2-thread-5" daemon [_thread_blocked, id=125810, stack(0x00007f41a70d3000,0x00007f41a71d4000)]
  0x00007f41d0368000 JavaThread "pool-2-thread-4" daemon [_thread_blocked, id=125809, stack(0x00007f41a71d4000,0x00007f41a72d5000)]
  0x00007f41d0366000 JavaThread "pool-2-thread-3" daemon [_thread_blocked, id=125808, stack(0x00007f41bc027000,0x00007f41bc128000)]
  0x00007f41d0365000 JavaThread "pool-2-thread-2" daemon [_thread_blocked, id=125807, stack(0x00007f41a74d7000,0x00007f41a75d8000)]
  0x00007f41d0364000 JavaThread "pool-2-thread-1" daemon [_thread_blocked, id=125806, stack(0x00007f41a73d6000,0x00007f41a74d7000)]
  0x00007f41d01e2000 JavaThread "process reaper" daemon [_thread_blocked, id=125801, stack(0x00007f41d400b000,0x00007f41d4044000)]
  0x00007f41d0141800 JavaThread "Service Thread" daemon [_thread_blocked, id=125797, stack(0x00007f41bc475000,0x00007f41bc576000)]
  0x00007f41d013e800 JavaThread "C1 CompilerThread1" daemon [_thread_blocked, id=125796, stack(0x00007f41bc576000,0x00007f41bc677000)]
  0x00007f41d013b800 JavaThread "C2 CompilerThread0" daemon [_thread_blocked, id=125795, stack(0x00007f41bc677000,0x00007f41bc778000)]
  0x00007f41d013a000 JavaThread "Signal Dispatcher" daemon [_thread_blocked, id=125794, stack(0x00007f41bc778000,0x00007f41bc879000)]
  0x00007f41d0107800 JavaThread "Finalizer" daemon [_thread_blocked, id=125793, stack(0x00007f41bc879000,0x00007f41bc97a000)]
  0x00007f41d0105000 JavaThread "Reference Handler" daemon [_thread_blocked, id=125792, stack(0x00007f41bc97a000,0x00007f41bca7b000)]
  0x00007f41d000a800 JavaThread "main" [_thread_blocked, id=125788, stack(0x00007f41d65d4000,0x00007f41d66d5000)]

Other Threads:
=>0x00007f41d00fb800 VMThread [stack: 0x00007f41bca7b000,0x00007f41bcb7c000] [id=125791]
  0x00007f41d0144000 WatcherThread [stack: 0x00007f41bc374000,0x00007f41bc475000] [id=125798]

VM state:at safepoint (normal execution)

VM Mutex/Monitor currently owned by a thread:  ([mutex/lock_event])
[0x00007f41d0006f80] Threads_lock - owner thread: 0x00007f41d00fb800
[0x00007f41d0007480] Heap_lock - owner thread: 0x00007f41d000a800

Heap:
 PSYoungGen      total 53248K, used 4083K [0x00000000f0600000, 0x00000000f3e00000, 0x0000000100000000)
  eden space 49152K, 0% used [0x00000000f0600000,0x00000000f0600000,0x00000000f3600000)
  from space 4096K, 99% used [0x00000000f3600000,0x00000000f39fcf18,0x00000000f3a00000)
  to   space 4096K, 0% used [0x00000000f3a00000,0x00000000f3a00000,0x00000000f3e00000)
 ParOldGen       total 32768K, used 7678K [0x00000000d1200000, 0x00000000d3200000, 0x00000000f0600000)
  object space 32768K, 23% used [0x00000000d1200000,0x00000000d197fa80,0x00000000d3200000)
 Metaspace       used 20801K, capacity 21134K, committed 21248K, reserved 1067008K
  class space    used 3429K, capacity 3545K, committed 3584K, reserved 1048576K

Card table byte_map: [0x00007f41bfa37000,0x00007f41bfbaf000] byte_map_base: 0x00007f41bf3ae000

Marking Bits: (ParMarkBitMap*) 0x00007f41d58a43a0
 Begin Bits: [0x00007f41bdfcb000, 0x00007f41beb83000)
 End Bits:   [0x00007f41beb83000, 0x00007f41bf73b000)

Polling page: 0x00007f41d66f8000

CodeCache: size=245760Kb used=6045Kb max_used=6045Kb free=239714Kb
 bounds [0x00007f41bff6f000, 0x00007f41c055f000, 0x00007f41cef6f000]
 total_blobs=2748 nmethods=2351 adapters=311
 compilation: enabled

Compilation events (10 events):
Event: 4.860 Thread 0x00007f41d013e800 2362       3       java.lang.String::lastIndexOf (151 bytes)
Event: 4.860 Thread 0x00007f41d013e800 nmethod 2362 0x00007f41c05540d0 code [0x00007f41c0554280, 0x00007f41c05547d0]
Event: 4.860 Thread 0x00007f41d013e800 2361       3       java.lang.String::lastIndexOf (25 bytes)
Event: 4.861 Thread 0x00007f41d013e800 nmethod 2361 0x00007f41c0553c90 code [0x00007f41c0553e00, 0x00007f41c0553fa8]
Event: 4.904 Thread 0x00007f41d013e800 2363       3       sun.misc.ASCIICaseInsensitiveComparator::compare (126 bytes)
Event: 4.905 Thread 0x00007f41d013e800 nmethod 2363 0x00007f41c0556b50 code [0x00007f41c0556d60, 0x00007f41c0557958]
Event: 4.915 Thread 0x00007f41d013e800 2364       3       java.io.OutputStream::<init> (5 bytes)
Event: 4.916 Thread 0x00007f41d013e800 nmethod 2364 0x00007f41c0557f90 code [0x00007f41c0558100, 0x00007f41c05582b0]
Event: 4.922 Thread 0x00007f41d013e800 2365       1       scala.UniquenessCache::map (5 bytes)
Event: 4.922 Thread 0x00007f41d013e800 nmethod 2365 0x00007f41c0554f90 code [0x00007f41c05550e0, 0x00007f41c05551f0]

GC Heap History (10 events):
Event: 1.215 GC heap after
Heap after GC invocations=2 (full 0):
 PSYoungGen      total 14336K, used 2032K [0x00000000f0600000, 0x00000000f2200000, 0x0000000100000000)
  eden space 12288K, 0% used [0x00000000f0600000,0x00000000f0600000,0x00000000f1200000)
  from space 2048K, 99% used [0x00000000f1400000,0x00000000f15fc010,0x00000000f1600000)
  to   space 2048K, 0% used [0x00000000f1200000,0x00000000f1200000,0x00000000f1400000)
 ParOldGen       total 32768K, used 1480K [0x00000000d1200000, 0x00000000d3200000, 0x00000000f0600000)
  object space 32768K, 4% used [0x00000000d1200000,0x00000000d1372378,0x00000000d3200000)
 Metaspace       used 9775K, capacity 9982K, committed 10240K, reserved 1058816K
  class space    used 1640K, capacity 1703K, committed 1792K, reserved 1048576K
}
Event: 1.678 GC heap before
{Heap before GC invocations=3 (full 0):
 PSYoungGen      total 14336K, used 14320K [0x00000000f0600000, 0x00000000f2200000, 0x0000000100000000)
  eden space 12288K, 100% used [0x00000000f0600000,0x00000000f1200000,0x00000000f1200000)
  from space 2048K, 99% used [0x00000000f1400000,0x00000000f15fc010,0x00000000f1600000)
  to   space 2048K, 0% used [0x00000000f1200000,0x00000000f1200000,0x00000000f1400000)
 ParOldGen       total 32768K, used 1480K [0x00000000d1200000, 0x00000000d3200000, 0x00000000f0600000)
  object space 32768K, 4% used [0x00000000d1200000,0x00000000d1372378,0x00000000d3200000)
 Metaspace       used 13031K, capacity 13234K, committed 13312K, reserved 1060864K
  class space    used 2221K, capacity 2279K, committed 2304K, reserved 1048576K
Event: 1.685 GC heap after
Heap after GC invocations=3 (full 0):
 PSYoungGen      total 14336K, used 2047K [0x00000000f0600000, 0x00000000f2200000, 0x0000000100000000)
  eden space 12288K, 0% used [0x00000000f0600000,0x00000000f0600000,0x00000000f1200000)
  from space 2048K, 99% used [0x00000000f1200000,0x00000000f13ffc70,0x00000000f1400000)
  to   space 2048K, 0% used [0x00000000f2000000,0x00000000f2000000,0x00000000f2200000)
 ParOldGen       total 32768K, used 3054K [0x00000000d1200000, 0x00000000d3200000, 0x00000000f0600000)
  object space 32768K, 9% used [0x00000000d1200000,0x00000000d14fb818,0x00000000d3200000)
 Metaspace       used 13031K, capacity 13234K, committed 13312K, reserved 1060864K
  class space    used 2221K, capacity 2279K, committed 2304K, reserved 1048576K
}
Event: 1.941 GC heap before
{Heap before GC invocations=4 (full 0):
 PSYoungGen      total 14336K, used 14335K [0x00000000f0600000, 0x00000000f2200000, 0x0000000100000000)
  eden space 12288K, 100% used [0x00000000f0600000,0x00000000f1200000,0x00000000f1200000)
  from space 2048K, 99% used [0x00000000f1200000,0x00000000f13ffc70,0x00000000f1400000)
  to   space 2048K, 0% used [0x00000000f2000000,0x00000000f2000000,0x00000000f2200000)
 ParOldGen       total 32768K, used 3054K [0x00000000d1200000, 0x00000000d3200000, 0x00000000f0600000)
  object space 32768K, 9% used [0x00000000d1200000,0x00000000d14fb818,0x00000000d3200000)
 Metaspace       used 13827K, capacity 14072K, committed 14336K, reserved 1060864K
  class space    used 2384K, capacity 2472K, committed 2560K, reserved 1048576K
Event: 1.954 GC heap after
Heap after GC invocations=4 (full 0):
 PSYoungGen      total 26624K, used 2018K [0x00000000f0600000, 0x00000000f2200000, 0x0000000100000000)
  eden space 24576K, 0% used [0x00000000f0600000,0x00000000f0600000,0x00000000f1e00000)
  from space 2048K, 98% used [0x00000000f2000000,0x00000000f21f88c0,0x00000000f2200000)
  to   space 2048K, 0% used [0x00000000f1e00000,0x00000000f1e00000,0x00000000f2000000)
 ParOldGen       total 32768K, used 3721K [0x00000000d1200000, 0x00000000d3200000, 0x00000000f0600000)
  object space 32768K, 11% used [0x00000000d1200000,0x00000000d15a26d8,0x00000000d3200000)
 Metaspace       used 13827K, capacity 14072K, committed 14336K, reserved 1060864K
  class space    used 2384K, capacity 2472K, committed 2560K, reserved 1048576K
}
Event: 2.376 GC heap before
{Heap before GC invocations=5 (full 0):
 PSYoungGen      total 26624K, used 26594K [0x00000000f0600000, 0x00000000f2200000, 0x0000000100000000)
  eden space 24576K, 100% used [0x00000000f0600000,0x00000000f1e00000,0x00000000f1e00000)
  from space 2048K, 98% used [0x00000000f2000000,0x00000000f21f88c0,0x00000000f2200000)
  to   space 2048K, 0% used [0x00000000f1e00000,0x00000000f1e00000,0x00000000f2000000)
 ParOldGen       total 32768K, used 3721K [0x00000000d1200000, 0x00000000d3200000, 0x00000000f0600000)
  object space 32768K, 11% used [0x00000000d1200000,0x00000000d15a26d8,0x00000000d3200000)
 Metaspace       used 14310K, capacity 14526K, committed 14848K, reserved 1060864K
  class space    used 2436K, capacity 2537K, committed 2560K, reserved 1048576K
Event: 2.394 GC heap after
Heap after GC invocations=5 (full 0):
 PSYoungGen      total 26624K, used 2031K [0x00000000f0600000, 0x00000000f3e00000, 0x0000000100000000)
  eden space 24576K, 0% used [0x00000000f0600000,0x00000000f0600000,0x00000000f1e00000)
  from space 2048K, 99% used [0x00000000f1e00000,0x00000000f1ffbca0,0x00000000f2000000)
  to   space 4096K, 0% used [0x00000000f3a00000,0x00000000f3a00000,0x00000000f3e00000)
 ParOldGen       total 32768K, used 4121K [0x00000000d1200000, 0x00000000d3200000, 0x00000000f0600000)
  object space 32768K, 12% used [0x00000000d1200000,0x00000000d16066d8,0x00000000d3200000)
 Metaspace       used 14310K, capacity 14526K, committed 14848K, reserved 1060864K
  class space    used 2436K, capacity 2537K, committed 2560K, reserved 1048576K
}
Event: 4.268 GC heap before
{Heap before GC invocations=6 (full 0):
 PSYoungGen      total 26624K, used 26607K [0x00000000f0600000, 0x00000000f3e00000, 0x0000000100000000)
  eden space 24576K, 100% used [0x00000000f0600000,0x00000000f1e00000,0x00000000f1e00000)
  from space 2048K, 99% used [0x00000000f1e00000,0x00000000f1ffbca0,0x00000000f2000000)
  to   space 4096K, 0% used [0x00000000f3a00000,0x00000000f3a00000,0x00000000f3e00000)
 ParOldGen       total 32768K, used 4121K [0x00000000d1200000, 0x00000000d3200000, 0x00000000f0600000)
  object space 32768K, 12% used [0x00000000d1200000,0x00000000d16066d8,0x00000000d3200000)
 Metaspace       used 14986K, capacity 15342K, committed 15488K, reserved 1062912K
  class space    used 2536K, capacity 2681K, committed 2688K, reserved 1048576K
Event: 4.283 GC heap after
Heap after GC invocations=6 (full 0):
 PSYoungGen      total 53248K, used 2959K [0x00000000f0600000, 0x00000000f3e00000, 0x0000000100000000)
  eden space 49152K, 0% used [0x00000000f0600000,0x00000000f0600000,0x00000000f3600000)
  from space 4096K, 72% used [0x00000000f3a00000,0x00000000f3ce3c48,0x00000000f3e00000)
  to   space 4096K, 0% used [0x00000000f3600000,0x00000000f3600000,0x00000000f3a00000)
 ParOldGen       total 32768K, used 4129K [0x00000000d1200000, 0x00000000d3200000, 0x00000000f0600000)
  object space 32768K, 12% used [0x00000000d1200000,0x00000000d16086d8,0x00000000d3200000)
 Metaspace       used 14986K, capacity 15342K, committed 15488K, reserved 1062912K
  class space    used 2536K, capacity 2681K, committed 2688K, reserved 1048576K
}
Event: 4.926 GC heap before
{Heap before GC invocations=7 (full 0):
 PSYoungGen      total 53248K, used 39521K [0x00000000f0600000, 0x00000000f3e00000, 0x0000000100000000)
  eden space 49152K, 74% used [0x00000000f0600000,0x00000000f29b4aa0,0x00000000f3600000)
  from space 4096K, 72% used [0x00000000f3a00000,0x00000000f3ce3c48,0x00000000f3e00000)
  to   space 4096K, 0% used [0x00000000f3600000,0x00000000f3600000,0x00000000f3a00000)
 ParOldGen       total 32768K, used 4129K [0x00000000d1200000, 0x00000000d3200000, 0x00000000f0600000)
  object space 32768K, 12% used [0x00000000d1200000,0x00000000d16086d8,0x00000000d3200000)
 Metaspace       used 20801K, capacity 21134K, committed 21248K, reserved 1067008K
  class space    used 3429K, capacity 3545K, committed 3584K, reserved 1048576K

Deoptimization events (10 events):
Event: 4.082 Thread 0x00007f41d000a800 Uncommon trap: reason=unstable_if action=reinterpret pc=0x00007f41c01850c4 method=java.lang.CharacterDataLatin1.toUpperCase(I)I @ 12
Event: 4.086 Thread 0x00007f41d000a800 Uncommon trap: reason=unstable_if action=reinterpret pc=0x00007f41c01149a0 method=sun.misc.URLClassPath.getLoader(I)Lsun/misc/URLClassPath$Loader; @ 36
Event: 4.087 Thread 0x00007f41d000a800 Uncommon trap: reason=unstable_if action=reinterpret pc=0x00007f41c0111834 method=sun.misc.URLClassPath$JarLoader.ensureOpen()V @ 4
Event: 4.087 Thread 0x00007f41d000a800 Uncommon trap: reason=unstable_if action=reinterpret pc=0x00007f41c010b0fc method=sun.misc.URLClassPath.getLoader(I)Lsun/misc/URLClassPath$Loader; @ 36
Event: 4.195 Thread 0x00007f41d000a800 Uncommon trap: reason=bimorphic action=maybe_recompile pc=0x00007f41c020b318 method=java.lang.ClassLoader.loadClass(Ljava/lang/String;Z)Ljava/lang/Class; @ 38
Event: 4.195 Thread 0x00007f41d000a800 Uncommon trap: reason=unstable_if action=reinterpret pc=0x00007f41c020b180 method=java.lang.ClassLoader.getClassLoadingLock(Ljava/lang/String;)Ljava/lang/Object; @ 6
Event: 4.195 Thread 0x00007f41d000a800 Uncommon trap: reason=unstable_if action=reinterpret pc=0x00007f41c0442e88 method=java.util.jar.JarFile.getManEntry()Ljava/util/jar/JarEntry; @ 4
Event: 4.206 Thread 0x00007f41d000a800 Uncommon trap: reason=unstable_if action=reinterpret pc=0x00007f41c01788f4 method=sun.net.www.ParseUtil.encodePath(Ljava/lang/String;Z)Ljava/lang/String; @ 116
Event: 4.654 Thread 0x00007f41d000a800 Uncommon trap: reason=unstable_if action=reinterpret pc=0x00007f41c04b5f5c method=java.lang.CharacterDataLatin1.digit(II)I @ 82
Event: 4.739 Thread 0x00007f41d000a800 Uncommon trap: reason=class_check action=maybe_recompile pc=0x00007f41c049f8e0 method=java.util.regex.Pattern$Slice.match(Ljava/util/regex/Matcher;ILjava/lang/CharSequence;)Z @ 75

Classes redefined (0 events):
No events

Internal exceptions (10 events):
Event: 0.615 Thread 0x00007f41d000a800 Exception <a 'java/security/PrivilegedActionException'> (0x00000000f0684f10) thrown at [/build/openjdk-8-lTwZJE/openjdk-8-8u181-b13/src/hotspot/src/share/vm/prims/jvm.cpp, line 1435]
Event: 0.615 Thread 0x00007f41d000a800 Exception <a 'java/security/PrivilegedActionException'> (0x00000000f0686f98) thrown at [/build/openjdk-8-lTwZJE/openjdk-8-8u181-b13/src/hotspot/src/share/vm/prims/jvm.cpp, line 1435]
Event: 0.615 Thread 0x00007f41d000a800 Exception <a 'java/security/PrivilegedActionException'> (0x00000000f06871a8) thrown at [/build/openjdk-8-lTwZJE/openjdk-8-8u181-b13/src/hotspot/src/share/vm/prims/jvm.cpp, line 1435]
Event: 0.615 Thread 0x00007f41d000a800 Exception <a 'java/security/PrivilegedActionException'> (0x00000000f0687c80) thrown at [/build/openjdk-8-lTwZJE/openjdk-8-8u181-b13/src/hotspot/src/share/vm/prims/jvm.cpp, line 1435]
Event: 0.615 Thread 0x00007f41d000a800 Exception <a 'java/security/PrivilegedActionException'> (0x00000000f0687e90) thrown at [/build/openjdk-8-lTwZJE/openjdk-8-8u181-b13/src/hotspot/src/share/vm/prims/jvm.cpp, line 1435]
Event: 1.205 Thread 0x00007f41d000a800 Exception <a 'java/lang/NoSuchFieldError': method resolution failed> (0x00000000f11f9938) thrown at [/build/openjdk-8-lTwZJE/openjdk-8-8u181-b13/src/hotspot/src/share/vm/prims/methodHandles.cpp, line 1167]
Event: 1.220 Thread 0x00007f41d000a800 Exception <a 'java/lang/NoSuchFieldError': method resolution failed> (0x00000000f0639cf0) thrown at [/build/openjdk-8-lTwZJE/openjdk-8-8u181-b13/src/hotspot/src/share/vm/prims/methodHandles.cpp, line 1167]
Event: 1.587 Thread 0x00007f41d0366000 Implicit null exception at 0x00007f41c014405b to 0x00007f41c0144211
Event: 4.660 Thread 0x00007f41d000a800 Exception <a 'java/io/FileNotFoundException'> (0x00000000f1ad48b0) thrown at [/build/openjdk-8-lTwZJE/openjdk-8-8u181-b13/src/hotspot/src/share/vm/prims/jni.cpp, line 709]
Event: 4.765 Thread 0x00007f41d000a800 Exception <a 'java/lang/NoSuchMethodError': org.slf4j.impl.StaticMDCBinder.getSingleton()Lorg/slf4j/impl/StaticMDCBinder;> (0x00000000f22ccd10) thrown at [/build/openjdk-8-lTwZJE/openjdk-8-8u181-b13/src/hotspot/src/share/vm/interpreter/linkResolver.cpp, l

Events (10 events):
Event: 4.924 loading class jupyter/kernel/protocol/ShellRequest$Execute$ done
Event: 4.924 loading class scala/runtime/AbstractFunction6
Event: 4.924 loading class scala/runtime/AbstractFunction6 done
Event: 4.924 loading class scala/Function6
Event: 4.924 loading class scala/Function6 done
Event: 4.925 loading class scala/Function6$class
Event: 4.925 loading class scala/Function6$class done
Event: 4.925 loading class jupyter/kernel/protocol/ShellRequestDecodeJsons$anon$derivedDecodeJson$macro$1753$1$anon$macro$1742$1
Event: 4.925 loading class jupyter/kernel/protocol/ShellRequestDecodeJsons$anon$derivedDecodeJson$macro$1753$1$anon$macro$1742$1 done
Event: 4.926 Executing VM operation: CollectForMetadataAllocation


Dynamic libraries:
00400000-00401000 r-xp 00000000 08:01 803085                             /usr/lib/jvm/java-8-openjdk-amd64/jre/bin/java
00600000-00601000 r--p 00000000 08:01 803085                             /usr/lib/jvm/java-8-openjdk-amd64/jre/bin/java
00601000-00602000 rw-p 00001000 08:01 803085                             /usr/lib/jvm/java-8-openjdk-amd64/jre/bin/java
01701000-01793000 rw-p 00000000 00:00 0                                  [heap]
d1200000-d3200000 rw-p 00000000 00:00 0 
d3200000-f0600000 ---p 00000000 00:00 0 
f0600000-f3e00000 rw-p 00000000 00:00 0 
f7200000-100000000 ---p 00000000 00:00 0 
100000000-100380000 rw-p 00000000 00:00 0 
100380000-140000000 ---p 00000000 00:00 0 
7f417cfff000-7f4180000000 rw-p 00000000 00:00 0 
7f4180000000-7f4180060000 rw-p 00000000 00:00 0 
7f4180060000-7f4184000000 ---p 00000000 00:00 0 
7f4184000000-7f4184050000 rw-p 00000000 00:00 0 
7f4184050000-7f4188000000 ---p 00000000 00:00 0 
7f4188000000-7f4188076000 rw-p 00000000 00:00 0 
7f4188076000-7f418c000000 ---p 00000000 00:00 0 
7f418c000000-7f418c081000 rw-p 00000000 00:00 0 
7f418c081000-7f4190000000 ---p 00000000 00:00 0 
7f4190000000-7f4190021000 rw-p 00000000 00:00 0 
7f4190021000-7f4194000000 ---p 00000000 00:00 0 
7f4194000000-7f4194021000 rw-p 00000000 00:00 0 
7f4194021000-7f4198000000 ---p 00000000 00:00 0 
7f4198000000-7f419970b000 rw-p 00000000 00:00 0 
7f419970b000-7f419c000000 ---p 00000000 00:00 0 
7f419c000000-7f419d123000 rw-p 00000000 00:00 0 
7f419d123000-7f41a0000000 ---p 00000000 00:00 0 
7f41a0000000-7f41a0021000 rw-p 00000000 00:00 0 
7f41a0021000-7f41a4000000 ---p 00000000 00:00 0 
7f41a5dc5000-7f41a5ddc000 r-xp 00000000 08:01 803144                     /usr/lib/jvm/java-8-openjdk-amd64/jre/lib/amd64/libnet.so
7f41a5ddc000-7f41a5fdb000 ---p 00017000 08:01 803144                     /usr/lib/jvm/java-8-openjdk-amd64/jre/lib/amd64/libnet.so
7f41a5fdb000-7f41a5fdc000 r--p 00016000 08:01 803144                     /usr/lib/jvm/java-8-openjdk-amd64/jre/lib/amd64/libnet.so
7f41a5fdc000-7f41a5fdd000 rw-p 00017000 08:01 803144                     /usr/lib/jvm/java-8-openjdk-amd64/jre/lib/amd64/libnet.so
7f41a5fdd000-7f41a5fee000 r-xp 00000000 08:01 803143                     /usr/lib/jvm/java-8-openjdk-amd64/jre/lib/amd64/libnio.so
7f41a5fee000-7f41a61ee000 ---p 00011000 08:01 803143                     /usr/lib/jvm/java-8-openjdk-amd64/jre/lib/amd64/libnio.so
7f41a61ee000-7f41a61ef000 r--p 00011000 08:01 803143                     /usr/lib/jvm/java-8-openjdk-amd64/jre/lib/amd64/libnio.so
7f41a61ef000-7f41a61f0000 rw-p 00012000 08:01 803143                     /usr/lib/jvm/java-8-openjdk-amd64/jre/lib/amd64/libnio.so
7f41a61f0000-7f41a6330000 rw-p 00000000 00:00 0 
7f41a6330000-7f41a63f0000 ---p 00000000 00:00 0 
7f41a63f0000-7f41a65f0000 rw-p 00000000 00:00 0 
7f41a65f0000-7f41a65f3000 r--s 00011000 08:01 807203                     /home/user/.coursier/cache/v1/https/repo1.maven.org/maven2/com/lihaoyi/fastparse-utils_2.11/0.4.2/fastparse-utils_2.11-0.4.2.jar
7f41a65f3000-7f41a65f5000 r--s 0000a000 08:01 807225                     /home/user/.coursier/cache/v1/https/repo1.maven.org/maven2/com/github/alexarchambault/case-app-util_2.11/1.1.3/case-app-util_2.11-1.1.3.jar
7f41a65f5000-7f41a65f6000 r--s 00006000 08:01 807207                     /home/user/.coursier/cache/v1/https/repo1.maven.org/maven2/com/github/alexarchambault/case-app-annotations_2.11/1.1.3/case-app-annotations_2.11-1.1.3.jar
7f41a65f6000-7f41a65fd000 r--s 00042000 08:01 807208                     /home/user/.coursier/cache/v1/https/repo1.maven.org/maven2/com/github/alexarchambault/case-app_2.11/1.1.3/case-app_2.11-1.1.3.jar
7f41a65fd000-7f41a65fe000 r--s 00000000 08:01 807233                     /home/user/.coursier/cache/v1/https/repo1.maven.org/maven2/org/typelevel/macro-compat_2.11/1.1.1/macro-compat_2.11-1.1.1.jar
7f41a65fe000-7f41a6603000 r--s 00039000 08:01 807259                     /home/user/.coursier/cache/v1/https/repo1.maven.org/maven2/org/zeromq/jeromq/0.3.6/jeromq-0.3.6.jar
7f41a6603000-7f41a6606000 r--s 00015000 08:01 807242                     /home/user/.coursier/cache/v1/https/repo1.maven.org/maven2/org/jupyter-scala/scala-cli_2.11.11/0.4.2/scala-cli_2.11.11-0.4.2.jar
7f41a6606000-7f41a6608000 r--s 00009000 08:01 807266                     /home/user/.coursier/cache/v1/https/repo1.maven.org/maven2/org/slf4j/slf4j-api/1.7.22/slf4j-api-1.7.22.jar
7f41a6608000-7f41a661b000 r--s 000bb000 08:01 807205                     /home/user/.coursier/cache/v1/https/repo1.maven.org/maven2/org/jupyter-scala/kernel_2.11/0.4.1/kernel_2.11-0.4.1.jar
7f41a661b000-7f41a6626000 r--s 00069000 08:01 807253                     /home/user/.coursier/cache/v1/https/repo1.maven.org/maven2/ch/qos/logback/logback-core/1.2.1/logback-core-1.2.1.jar
7f41a6626000-7f41a6630000 r--s 00074000 08:01 807377                     /home/user/.coursier/cache/v1/https/repo1.maven.org/maven2/org/jupyter-scala/ammonite-compiler_2.11.11/0.8.3-1/ammonite-compiler_2.11.11-0.8.3-1.jar
7f41a6630000-7f41a6636000 r--s 00046000 08:01 807275                     /home/user/.coursier/cache/v1/https/repo1.maven.org/maven2/ch/qos/logback/logback-classic/1.2.1/logback-classic-1.2.1.jar
7f41a6636000-7f41a663b000 r--s 00044000 08:01 807300                     /home/user/.coursier/cache/v1/https/repo1.maven.org/maven2/org/scodec/scodec-bits_2.11/1.1.2/scodec-bits_2.11-1.1.2.jar
7f41a663b000-7f41a663e000 r--s 00016000 08:01 807311                     /home/user/.coursier/cache/v1/https/repo1.maven.org/maven2/org/jupyter-scala/scala-kernel_2.11.11/0.4.2/scala-kernel_2.11.11-0.4.2.jar
7f41a663e000-7f41a663f000 r--s 00008000 08:01 807293                     /home/user/.coursier/cache/v1/https/repo1.maven.org/maven2/com/typesafe/scala-logging/scala-logging_2.11/3.5.0/scala-logging_2.11-3.5.0.jar
7f41a663f000-7f41a6643000 r--s 00029000 08:01 807324                     /home/user/.coursier/cache/v1/https/repo1.maven.org/maven2/org/jupyter-scala/kernel-protocol_2.11/0.4.1/kernel-protocol_2.11-0.4.1.jar
7f41a6643000-7f41a664d000 r--s 00069000 08:01 807307                     /home/user/.coursier/cache/v1/https/repo1.maven.org/maven2/com/lihaoyi/scalaparse_2.11/0.4.2/scalaparse_2.11-0.4.2.jar
7f41a664d000-7f41a667d000 r--s 001c7000 08:01 807281                     /home/user/.coursier/cache/v1/https/repo1.maven.org/maven2/io/argonaut/argonaut_2.11/6.2/argonaut_2.11-6.2.jar
7f41a667d000-7f41a6683000 r--s 0004d000 08:01 807344                     /home/user/.coursier/cache/v1/https/repo1.maven.org/maven2/com/lihaoyi/fastparse_2.11/0.4.2/fastparse_2.11-0.4.2.jar
7f41a6683000-7f41a6687000 r--s 0001b000 08:01 807362                     /home/user/.coursier/cache/v1/https/repo1.maven.org/maven2/com/github/alexarchambault/argonaut-shapeless_6.2_2.11/1.2.0-M5/argonaut-shapeless_6.2_2.11-1.2.0-M5.jar
7f41a6687000-7f41a66aa000 r--s 00155000 08:01 807348                     /home/user/.coursier/cache/v1/https/repo1.maven.org/maven2/org/scalaz/stream/scalaz-stream_2.11/0.8.6a/scalaz-stream_2.11-0.8.6a.jar
7f41a66aa000-7f41a66f0000 r--s 00317000 08:01 807336                     /home/user/.coursier/cache/v1/https/repo1.maven.org/maven2/com/chuusai/shapeless_2.11/2.3.2/shapeless_2.11-2.3.2.jar
7f41a66f0000-7f41a66f2000 r--s 00012000 08:01 807339                     /home/user/.coursier/cache/v1/https/repo1.maven.org/maven2/com/lihaoyi/fansi_2.11/0.2.3/fansi_2.11-0.2.3.jar
7f41a66f2000-7f41a66f7000 r--s 00048000 08:01 807334                     /home/user/.coursier/cache/v1/https/repo1.maven.org/maven2/com/lihaoyi/pprint_2.11/0.4.4/pprint_2.11-0.4.4.jar
7f41a66f7000-7f41a6702000 r--s 0005d000 08:01 807365                     /home/user/.coursier/cache/v1/https/repo1.maven.org/maven2/org/scala-lang/modules/scala-parser-combinators_2.11/1.0.4/scala-parser-combinators_2.11-1.0.4.jar
7f41a6702000-7f41a670a000 r--s 0004b000 08:01 807374                     /home/user/.coursier/cache/v1/https/repo1.maven.org/maven2/io/get-coursier/coursier-cache_2.11/1.0.0-RC2/coursier-cache_2.11-1.0.0-RC2.jar
7f41a670a000-7f41a6730000 r--s 00196000 08:01 807280                     /home/user/.coursier/cache/v1/https/repo1.maven.org/maven2/io/get-coursier/coursier_2.11/1.0.0-RC2/coursier_2.11-1.0.0-RC2.jar
7f41a6730000-7f41a6734000 r--s 00023000 08:01 807360                     /home/user/.coursier/cache/v1/https/repo1.maven.org/maven2/org/scalaj/scalaj-http_2.11/2.3.0/scalaj-http_2.11-2.3.0.jar
7f41a6734000-7f41a678d000 r--s 00523000 08:01 807237                     /home/user/.coursier/cache/v1/https/repo1.maven.org/maven2/org/scala-lang/scala-library/2.11.11/scala-library-2.11.11.jar
7f41a678d000-7f41a6797000 r--s 0009a000 08:01 807217                     /home/user/.coursier/cache/v1/https/repo1.maven.org/maven2/org/scala-lang/modules/scala-xml_2.11/1.0.6/scala-xml_2.11-1.0.6.jar
7f41a6797000-7f41a679d000 r--s 00050000 08:01 807318                     /home/user/.coursier/cache/v1/https/repo1.maven.org/maven2/org/jsoup/jsoup/1.10.2/jsoup-1.10.2.jar
7f41a679d000-7f41a67a5000 r--s 0004c000 08:01 807222                     /home/user/.coursier/cache/v1/https/repo1.maven.org/maven2/org/scalaz/scalaz-concurrent_2.11/7.2.8/scalaz-concurrent_2.11-7.2.8.jar
7f41a67a5000-7f41a68b2000 r--s 00dd4000 08:01 807246                     /home/user/.coursier/cache/v1/https/repo1.maven.org/maven2/org/scala-lang/scala-compiler/2.11.11/scala-compiler-2.11.11.jar
7f41a68b2000-7f41a6984000 r--s 00a6f000 08:01 807285                     /home/user/.coursier/cache/v1/https/repo1.maven.org/maven2/org/scalaz/scalaz-core_2.11/7.2.8/scalaz-core_2.11-7.2.8.jar
7f41a6984000-7f41a69d0000 r--s 00418000 08:01 807351                     /home/user/.coursier/cache/v1/https/repo1.maven.org/maven2/org/scala-lang/scala-reflect/2.11.11/scala-reflect-2.11.11.jar
7f41a69d0000-7f41a69d3000 ---p 00000000 00:00 0 
7f41a69d3000-7f41a6ad1000 rw-p 00000000 00:00 0 
7f41a6ad1000-7f41a6ad4000 ---p 00000000 00:00 0 
7f41a6ad4000-7f41a6dd2000 rw-p 00000000 00:00 0 
7f41a6dd2000-7f41a6fd2000 rw-p 00000000 00:00 0 
7f41a6fd2000-7f41a6fd5000 ---p 00000000 00:00 0 
7f41a6fd5000-7f41a70d3000 rw-p 00000000 00:00 0 
7f41a70d3000-7f41a70d6000 ---p 00000000 00:00 0 
7f41a70d6000-7f41a71d4000 rw-p 00000000 00:00 0 
7f41a71d4000-7f41a71d7000 ---p 00000000 00:00 0 
7f41a71d7000-7f41a72d5000 rw-p 00000000 00:00 0 
7f41a72d5000-7f41a72d8000 ---p 00000000 00:00 0 
7f41a72d8000-7f41a73d6000 rw-p 00000000 00:00 0 
7f41a73d6000-7f41a73d9000 ---p 00000000 00:00 0 
7f41a73d9000-7f41a74d7000 rw-p 00000000 00:00 0 
7f41a74d7000-7f41a74da000 ---p 00000000 00:00 0 
7f41a74da000-7f41a75d8000 rw-p 00000000 00:00 0 
7f41a75d8000-7f41a8000000 r--p 00000000 08:01 2105158                    /usr/lib/locale/locale-archive
7f41a8000000-7f41a8021000 rw-p 00000000 00:00 0 
7f41a8021000-7f41ac000000 ---p 00000000 00:00 0 
7f41ac000000-7f41ac021000 rw-p 00000000 00:00 0 
7f41ac021000-7f41b0000000 ---p 00000000 00:00 0 
7f41b0000000-7f41b004a000 rw-p 00000000 00:00 0 
7f41b004a000-7f41b4000000 ---p 00000000 00:00 0 
7f41b4000000-7f41b4021000 rw-p 00000000 00:00 0 
7f41b4021000-7f41b8000000 ---p 00000000 00:00 0 
7f41b8000000-7f41b8021000 rw-p 00000000 00:00 0 
7f41b8021000-7f41bc000000 ---p 00000000 00:00 0 
7f41bc000000-7f41bc001000 r--s 00001000 08:01 807355                     /home/user/.coursier/cache/v1/https/repo1.maven.org/maven2/org/jupyter-scala/scala-api_2.11.11/0.4.2/scala-api_2.11.11-0.4.2.jar
7f41bc001000-7f41bc003000 r--s 0000f000 08:01 807314                     /home/user/.coursier/cache/v1/https/repo1.maven.org/maven2/com/lihaoyi/derive_2.11/0.4.4/derive_2.11-0.4.4.jar
7f41bc003000-7f41bc004000 r--s 00007000 08:01 807320                     /home/user/.coursier/cache/v1/https/repo1.maven.org/maven2/org/jupyter-scala/kernel-api_2.11/0.4.1/kernel-api_2.11-0.4.1.jar
7f41bc004000-7f41bc007000 r--s 0001a000 08:01 807269                     /home/user/.coursier/cache/v1/https/repo1.maven.org/maven2/com/lihaoyi/sourcecode_2.11/0.1.3/sourcecode_2.11-0.1.3.jar
7f41bc007000-7f41bc011000 r--s 00061000 08:01 807370                     /home/user/.coursier/cache/v1/https/repo1.maven.org/maven2/org/scalaz/scalaz-effect_2.11/7.2.8/scalaz-effect_2.11-7.2.8.jar
7f41bc011000-7f41bc016000 r--s 00047000 08:01 807328                     /home/user/.coursier/cache/v1/https/repo1.maven.org/maven2/org/jupyter-scala/ammonite-ops_2.11/0.8.3-1/ammonite-ops_2.11-0.8.3-1.jar
7f41bc016000-7f41bc021000 r--s 00074000 08:01 807252                     /home/user/.coursier/cache/v1/https/repo1.maven.org/maven2/org/jupyter-scala/ammonite-runtime_2.11.11/0.8.3-1/ammonite-runtime_2.11.11-0.8.3-1.jar
7f41bc021000-7f41bc027000 r--s 0005c000 08:01 807218                     /home/user/.coursier/cache/v1/https/repo1.maven.org/maven2/com/lihaoyi/upickle_2.11/0.4.4/upickle_2.11-0.4.4.jar
7f41bc027000-7f41bc02a000 ---p 00000000 00:00 0 
7f41bc02a000-7f41bc328000 rw-p 00000000 00:00 0 
7f41bc328000-7f41bc374000 r--s 0024b000 08:01 806309                     /home/user/.coursier/bootstrap/1.0.0-RC1/coursier-cli_2.11-1.0.0-RC1-standalone.jar
7f41bc374000-7f41bc375000 ---p 00000000 00:00 0 
7f41bc375000-7f41bc475000 rw-p 00000000 00:00 0 
7f41bc475000-7f41bc478000 ---p 00000000 00:00 0 
7f41bc478000-7f41bc576000 rw-p 00000000 00:00 0 
7f41bc576000-7f41bc579000 ---p 00000000 00:00 0 
7f41bc579000-7f41bc677000 rw-p 00000000 00:00 0 
7f41bc677000-7f41bc67a000 ---p 00000000 00:00 0 
7f41bc67a000-7f41bc778000 rw-p 00000000 00:00 0 
7f41bc778000-7f41bc77b000 ---p 00000000 00:00 0 
7f41bc77b000-7f41bc879000 rw-p 00000000 00:00 0 
7f41bc879000-7f41bc87c000 ---p 00000000 00:00 0 
7f41bc87c000-7f41bc97a000 rw-p 00000000 00:00 0 
7f41bc97a000-7f41bc97d000 ---p 00000000 00:00 0 
7f41bc97d000-7f41bca7b000 rw-p 00000000 00:00 0 
7f41bca7b000-7f41bca7c000 ---p 00000000 00:00 0 
7f41bca7c000-7f41bd485000 rw-p 00000000 00:00 0 
7f41bd485000-7f41bd654000 r--s 03c33000 08:01 803184                     /usr/lib/jvm/java-8-openjdk-amd64/jre/lib/rt.jar
7f41bd654000-7f41bf73b000 rw-p 00000000 00:00 0 
7f41bf73b000-7f41bf73c000 ---p 00000000 00:00 0 
7f41bf73c000-7f41bf83c000 rw-p 00000000 00:00 0 
7f41bf83c000-7f41bf83d000 ---p 00000000 00:00 0 
7f41bf83d000-7f41bf94d000 rw-p 00000000 00:00 0 
7f41bf94d000-7f41bfa37000 ---p 00000000 00:00 0 
7f41bfa37000-7f41bfa47000 rw-p 00000000 00:00 0 
7f41bfa47000-7f41bfb31000 ---p 00000000 00:00 0 
7f41bfb31000-7f41bfb4d000 rw-p 00000000 00:00 0 
7f41bfb4d000-7f41bfbae000 ---p 00000000 00:00 0 
7f41bfbae000-7f41bfbc7000 rw-p 00000000 00:00 0 
7f41bfbc7000-7f41bff6f000 ---p 00000000 00:00 0 
7f41bff6f000-7f41c055f000 rwxp 00000000 00:00 0 
7f41c055f000-7f41cef6f000 ---p 00000000 00:00 0 
7f41cef6f000-7f41cef77000 r-xp 00000000 08:01 803135                     /usr/lib/jvm/java-8-openjdk-amd64/jre/lib/amd64/libzip.so
7f41cef77000-7f41cf176000 ---p 00008000 08:01 803135                     /usr/lib/jvm/java-8-openjdk-amd64/jre/lib/amd64/libzip.so
7f41cf176000-7f41cf177000 r--p 00007000 08:01 803135                     /usr/lib/jvm/java-8-openjdk-amd64/jre/lib/amd64/libzip.so
7f41cf177000-7f41cf178000 rw-p 00008000 08:01 803135                     /usr/lib/jvm/java-8-openjdk-amd64/jre/lib/amd64/libzip.so
7f41cf178000-7f41cf183000 r-xp 00000000 08:01 2889153                    /lib/x86_64-linux-gnu/libnss_files-2.23.so
7f41cf183000-7f41cf382000 ---p 0000b000 08:01 2889153                    /lib/x86_64-linux-gnu/libnss_files-2.23.so
7f41cf382000-7f41cf383000 r--p 0000a000 08:01 2889153                    /lib/x86_64-linux-gnu/libnss_files-2.23.so
7f41cf383000-7f41cf384000 rw-p 0000b000 08:01 2889153                    /lib/x86_64-linux-gnu/libnss_files-2.23.so
7f41cf384000-7f41cf38a000 rw-p 00000000 00:00 0 
7f41cf38a000-7f41cf395000 r-xp 00000000 08:01 2889163                    /lib/x86_64-linux-gnu/libnss_nis-2.23.so
7f41cf395000-7f41cf594000 ---p 0000b000 08:01 2889163                    /lib/x86_64-linux-gnu/libnss_nis-2.23.so
7f41cf594000-7f41cf595000 r--p 0000a000 08:01 2889163                    /lib/x86_64-linux-gnu/libnss_nis-2.23.so
7f41cf595000-7f41cf596000 rw-p 0000b000 08:01 2889163                    /lib/x86_64-linux-gnu/libnss_nis-2.23.so
7f41cf596000-7f41cf5ac000 r-xp 00000000 08:01 2889147                    /lib/x86_64-linux-gnu/libnsl-2.23.so
7f41cf5ac000-7f41cf7ab000 ---p 00016000 08:01 2889147                    /lib/x86_64-linux-gnu/libnsl-2.23.so
7f41cf7ab000-7f41cf7ac000 r--p 00015000 08:01 2889147                    /lib/x86_64-linux-gnu/libnsl-2.23.so
7f41cf7ac000-7f41cf7ad000 rw-p 00016000 08:01 2889147                    /lib/x86_64-linux-gnu/libnsl-2.23.so
7f41cf7ad000-7f41cf7af000 rw-p 00000000 00:00 0 
7f41cf7af000-7f41cf7b7000 r-xp 00000000 08:01 2889149                    /lib/x86_64-linux-gnu/libnss_compat-2.23.so
7f41cf7b7000-7f41cf9b6000 ---p 00008000 08:01 2889149                    /lib/x86_64-linux-gnu/libnss_compat-2.23.so
7f41cf9b6000-7f41cf9b7000 r--p 00007000 08:01 2889149                    /lib/x86_64-linux-gnu/libnss_compat-2.23.so
7f41cf9b7000-7f41cf9b8000 rw-p 00008000 08:01 2889149                    /lib/x86_64-linux-gnu/libnss_compat-2.23.so
7f41cf9b8000-7f41cf9e5000 r-xp 00000000 08:01 803155                     /usr/lib/jvm/java-8-openjdk-amd64/jre/lib/amd64/libjava.so
7f41cf9e5000-7f41cfbe4000 ---p 0002d000 08:01 803155                     /usr/lib/jvm/java-8-openjdk-amd64/jre/lib/amd64/libjava.so
7f41cfbe4000-7f41cfbe5000 r--p 0002c000 08:01 803155                     /usr/lib/jvm/java-8-openjdk-amd64/jre/lib/amd64/libjava.so
7f41cfbe5000-7f41cfbe7000 rw-p 0002d000 08:01 803155                     /usr/lib/jvm/java-8-openjdk-amd64/jre/lib/amd64/libjava.so
7f41cfbe7000-7f41cfbf6000 r-xp 00000000 08:01 803127                     /usr/lib/jvm/java-8-openjdk-amd64/jre/lib/amd64/libverify.so
7f41cfbf6000-7f41cfdf5000 ---p 0000f000 08:01 803127                     /usr/lib/jvm/java-8-openjdk-amd64/jre/lib/amd64/libverify.so
7f41cfdf5000-7f41cfdf7000 r--p 0000e000 08:01 803127                     /usr/lib/jvm/java-8-openjdk-amd64/jre/lib/amd64/libverify.so
7f41cfdf7000-7f41cfdf8000 rw-p 00010000 08:01 803127                     /usr/lib/jvm/java-8-openjdk-amd64/jre/lib/amd64/libverify.so
7f41cfdf8000-7f41cfdff000 r-xp 00000000 08:01 2889208                    /lib/x86_64-linux-gnu/librt-2.23.so
7f41cfdff000-7f41cfffe000 ---p 00007000 08:01 2889208                    /lib/x86_64-linux-gnu/librt-2.23.so
7f41cfffe000-7f41cffff000 r--p 00006000 08:01 2889208                    /lib/x86_64-linux-gnu/librt-2.23.so
7f41cffff000-7f41d0000000 rw-p 00007000 08:01 2889208                    /lib/x86_64-linux-gnu/librt-2.23.so
7f41d0000000-7f41d0980000 rw-p 00000000 00:00 0 
7f41d0980000-7f41d4000000 ---p 00000000 00:00 0 
7f41d4000000-7f41d4002000 r--s 00013000 08:01 807296                     /home/user/.coursier/cache/v1/https/repo1.maven.org/maven2/org/spire-math/jawn-parser_2.11/0.10.3/jawn-parser_2.11-0.10.3.jar
7f41d4002000-7f41d4004000 r--s 00016000 08:01 807235                     /home/user/.coursier/cache/v1/https/repo1.maven.org/maven2/org/jupyter-scala/ammonite-util_2.11.11/0.8.3-1/ammonite-util_2.11.11-0.8.3-1.jar
7f41d4004000-7f41d4006000 r--s 0000d000 08:01 807262                     /home/user/.coursier/cache/v1/https/repo1.maven.org/maven2/com/lihaoyi/geny_2.11/0.1.1/geny_2.11-0.1.1.jar
7f41d4006000-7f41d400b000 r--s 0009d000 08:01 803185                     /usr/lib/jvm/java-8-openjdk-amd64/jre/lib/jsse.jar
7f41d400b000-7f41d400e000 ---p 00000000 00:00 0 
7f41d400e000-7f41d4044000 rw-p 00000000 00:00 0 
7f41d4044000-7f41d4045000 r--s 00002000 08:01 807381                     /home/user/.local/share/jupyter/kernels/scala/launcher.jar
7f41d4045000-7f41d4060000 r--s 00394000 08:01 803174                     /usr/lib/jvm/java-8-openjdk-amd64/jre/lib/ext/cldrdata.jar
7f41d4060000-7f41d407b000 r--s 001d6000 08:01 803177                     /usr/lib/jvm/java-8-openjdk-amd64/jre/lib/ext/nashorn.jar
7f41d407b000-7f41d407c000 r--s 0000a000 08:01 803181                     /usr/lib/jvm/java-8-openjdk-amd64/jre/lib/ext/jaccess.jar
7f41d407c000-7f41d407e000 r--s 00008000 08:01 803178                     /usr/lib/jvm/java-8-openjdk-amd64/jre/lib/ext/sunec.jar
7f41d407e000-7f41d4088000 r--s 00116000 08:01 803175                     /usr/lib/jvm/java-8-openjdk-amd64/jre/lib/ext/localedata.jar
7f41d4088000-7f41d40d6000 rw-p 00000000 00:00 0 
7f41d40d6000-7f41d40ec000 r-xp 00000000 08:01 2889092                    /lib/x86_64-linux-gnu/libgcc_s.so.1
7f41d40ec000-7f41d42eb000 ---p 00016000 08:01 2889092                    /lib/x86_64-linux-gnu/libgcc_s.so.1
7f41d42eb000-7f41d42ec000 rw-p 00015000 08:01 2889092                    /lib/x86_64-linux-gnu/libgcc_s.so.1
7f41d42ec000-7f41d43f4000 r-xp 00000000 08:01 2889124                    /lib/x86_64-linux-gnu/libm-2.23.so
7f41d43f4000-7f41d45f3000 ---p 00108000 08:01 2889124                    /lib/x86_64-linux-gnu/libm-2.23.so
7f41d45f3000-7f41d45f4000 r--p 00107000 08:01 2889124                    /lib/x86_64-linux-gnu/libm-2.23.so
7f41d45f4000-7f41d45f5000 rw-p 00108000 08:01 2889124                    /lib/x86_64-linux-gnu/libm-2.23.so
7f41d45f5000-7f41d4767000 r-xp 00000000 08:01 2107766                    /usr/lib/x86_64-linux-gnu/libstdc++.so.6.0.21
7f41d4767000-7f41d4967000 ---p 00172000 08:01 2107766                    /usr/lib/x86_64-linux-gnu/libstdc++.so.6.0.21
7f41d4967000-7f41d4971000 r--p 00172000 08:01 2107766                    /usr/lib/x86_64-linux-gnu/libstdc++.so.6.0.21
7f41d4971000-7f41d4973000 rw-p 0017c000 08:01 2107766                    /usr/lib/x86_64-linux-gnu/libstdc++.so.6.0.21
7f41d4973000-7f41d4977000 rw-p 00000000 00:00 0 
7f41d4977000-7f41d55d4000 r-xp 00000000 08:01 803133                     /usr/lib/jvm/java-8-openjdk-amd64/jre/lib/amd64/server/libjvm.so
7f41d55d4000-7f41d57d4000 ---p 00c5d000 08:01 803133                     /usr/lib/jvm/java-8-openjdk-amd64/jre/lib/amd64/server/libjvm.so
7f41d57d4000-7f41d5868000 r--p 00c5d000 08:01 803133                     /usr/lib/jvm/java-8-openjdk-amd64/jre/lib/amd64/server/libjvm.so
7f41d5868000-7f41d5891000 rw-p 00cf1000 08:01 803133                     /usr/lib/jvm/java-8-openjdk-amd64/jre/lib/amd64/server/libjvm.so
7f41d5891000-7f41d58c1000 rw-p 00000000 00:00 0 
7f41d58c1000-7f41d58d9000 r-xp 00000000 08:01 2889200                    /lib/x86_64-linux-gnu/libpthread-2.23.so
7f41d58d9000-7f41d5ad8000 ---p 00018000 08:01 2889200                    /lib/x86_64-linux-gnu/libpthread-2.23.so
7f41d5ad8000-7f41d5ad9000 r--p 00017000 08:01 2889200                    /lib/x86_64-linux-gnu/libpthread-2.23.so
7f41d5ad9000-7f41d5ada000 rw-p 00018000 08:01 2889200                    /lib/x86_64-linux-gnu/libpthread-2.23.so
7f41d5ada000-7f41d5ade000 rw-p 00000000 00:00 0 
7f41d5ade000-7f41d5ae1000 r-xp 00000000 08:01 2889078                    /lib/x86_64-linux-gnu/libdl-2.23.so
7f41d5ae1000-7f41d5ce0000 ---p 00003000 08:01 2889078                    /lib/x86_64-linux-gnu/libdl-2.23.so
7f41d5ce0000-7f41d5ce1000 r--p 00002000 08:01 2889078                    /lib/x86_64-linux-gnu/libdl-2.23.so
7f41d5ce1000-7f41d5ce2000 rw-p 00003000 08:01 2889078                    /lib/x86_64-linux-gnu/libdl-2.23.so
7f41d5ce2000-7f41d5cfb000 r-xp 00000000 08:01 2889245                    /lib/x86_64-linux-gnu/libz.so.1.2.8
7f41d5cfb000-7f41d5efa000 ---p 00019000 08:01 2889245                    /lib/x86_64-linux-gnu/libz.so.1.2.8
7f41d5efa000-7f41d5efb000 r--p 00018000 08:01 2889245                    /lib/x86_64-linux-gnu/libz.so.1.2.8
7f41d5efb000-7f41d5efc000 rw-p 00019000 08:01 2889245                    /lib/x86_64-linux-gnu/libz.so.1.2.8
7f41d5efc000-7f41d60bc000 r-xp 00000000 08:01 2889054                    /lib/x86_64-linux-gnu/libc-2.23.so
7f41d60bc000-7f41d62bc000 ---p 001c0000 08:01 2889054                    /lib/x86_64-linux-gnu/libc-2.23.so
7f41d62bc000-7f41d62c0000 r--p 001c0000 08:01 2889054                    /lib/x86_64-linux-gnu/libc-2.23.so
7f41d62c0000-7f41d62c2000 rw-p 001c4000 08:01 2889054                    /lib/x86_64-linux-gnu/libc-2.23.so
7f41d62c2000-7f41d62c6000 rw-p 00000000 00:00 0 
7f41d62c6000-7f41d62d3000 r-xp 00000000 08:01 803131                     /usr/lib/jvm/java-8-openjdk-amd64/jre/lib/amd64/jli/libjli.so
7f41d62d3000-7f41d64d3000 ---p 0000d000 08:01 803131                     /usr/lib/jvm/java-8-openjdk-amd64/jre/lib/amd64/jli/libjli.so
7f41d64d3000-7f41d64d4000 r--p 0000d000 08:01 803131                     /usr/lib/jvm/java-8-openjdk-amd64/jre/lib/amd64/jli/libjli.so
7f41d64d4000-7f41d64d5000 rw-p 0000e000 08:01 803131                     /usr/lib/jvm/java-8-openjdk-amd64/jre/lib/amd64/jli/libjli.so
7f41d64d5000-7f41d64fb000 r-xp 00000000 08:01 2889026                    /lib/x86_64-linux-gnu/ld-2.23.so
7f41d64fb000-7f41d64fe000 r--s 00038000 08:01 803179                     /usr/lib/jvm/java-8-openjdk-amd64/jre/lib/ext/sunpkcs11.jar
7f41d64fe000-7f41d6500000 r--s 00001000 08:01 803180                     /usr/lib/jvm/java-8-openjdk-amd64/jre/lib/ext/dnsns.jar
7f41d6500000-7f41d6503000 r--s 0000f000 08:01 803176                     /usr/lib/jvm/java-8-openjdk-amd64/jre/lib/ext/icedtea-sound.jar
7f41d6503000-7f41d65d4000 rw-p 00000000 00:00 0 
7f41d65d4000-7f41d65d7000 ---p 00000000 00:00 0 
7f41d65d7000-7f41d66d9000 rw-p 00000000 00:00 0 
7f41d66d9000-7f41d66da000 r--s 00010000 08:01 803182                     /usr/lib/jvm/java-8-openjdk-amd64/jre/lib/ext/zipfs.jar
7f41d66da000-7f41d66e0000 r--s 0003b000 08:01 803183                     /usr/lib/jvm/java-8-openjdk-amd64/jre/lib/ext/sunjce_provider.jar
7f41d66e0000-7f41d66ef000 rw-p 00000000 00:00 0 
7f41d66ef000-7f41d66f7000 rw-s 00000000 08:01 1836275                    /tmp/hsperfdata_user/125787
7f41d66f7000-7f41d66f8000 rw-p 00000000 00:00 0 
7f41d66f8000-7f41d66f9000 ---p 00000000 00:00 0 
7f41d66f9000-7f41d66fa000 rw-p 00000000 00:00 0 
7f41d66fa000-7f41d66fb000 r--p 00025000 08:01 2889026                    /lib/x86_64-linux-gnu/ld-2.23.so
7f41d66fb000-7f41d66fc000 rw-p 00026000 08:01 2889026                    /lib/x86_64-linux-gnu/ld-2.23.so
7f41d66fc000-7f41d66fd000 rw-p 00000000 00:00 0 
7ffc5cc81000-7ffc5cca2000 rw-p 00000000 00:00 0                          [stack]
7ffc5cd3b000-7ffc5cd3e000 r--p 00000000 00:00 0                          [vvar]
7ffc5cd3e000-7ffc5cd40000 r-xp 00000000 00:00 0                          [vdso]
ffffffffff600000-ffffffffff601000 r-xp 00000000 00:00 0                  [vsyscall]

VM Arguments:
jvm_args: -Xverify:none 
java_command: /home/user/.local/share/jupyter/kernels/scala/launcher.jar launch -r sonatype:releases -r sonatype:snapshots -i ammonite -I ammonite:org.jupyter-scala:ammonite-runtime_2.11.11:0.8.3-1 -I ammonite:org.jupyter-scala:scala-api_2.11.11:0.4.2 org.jupyter-scala:scala-cli_2.11.11:0.4.2 -- --id scala --name Scala --quiet --connection-file /run/user/1000/jupyter/kernel-dd0dea1f-73ff-49d5-a741-bdbc4b5579cd.json
java_class_path (initial): /home/user/.local/share/jupyter/kernels/scala/launcher.jar
Launcher Type: SUN_STANDARD

Environment Variables:
PATH=/home/user/anaconda3/bin:/home/user/anaconda3/bin:/home/user/bin:/home/user/.local/bin:/usr/local/sbin:/usr/local/bin:/usr/sbin:/usr/bin:/sbin:/bin:/usr/games:/usr/local/games:/snap/bin
SHELL=/bin/bash
DISPLAY=:0.0

Signal Handlers:
SIGSEGV: [libjvm.so+0xa71a70], sa_mask[0]=11111111011111111101111111111110, sa_flags=SA_RESTART|SA_SIGINFO
SIGBUS: [libjvm.so+0xa71a70], sa_mask[0]=11111111011111111101111111111110, sa_flags=SA_RESTART|SA_SIGINFO
SIGFPE: [libjvm.so+0x8b8f80], sa_mask[0]=11111111011111111101111111111110, sa_flags=SA_RESTART|SA_SIGINFO
SIGPIPE: [libjvm.so+0x8b8f80], sa_mask[0]=11111111011111111101111111111110, sa_flags=SA_RESTART|SA_SIGINFO
SIGXFSZ: [libjvm.so+0x8b8f80], sa_mask[0]=11111111011111111101111111111110, sa_flags=SA_RESTART|SA_SIGINFO
SIGILL: [libjvm.so+0x8b8f80], sa_mask[0]=11111111011111111101111111111110, sa_flags=SA_RESTART|SA_SIGINFO
SIGUSR1: SIG_DFL, sa_mask[0]=00000000000000000000000000000000, sa_flags=none
SIGUSR2: [libjvm.so+0x8b8e30], sa_mask[0]=00000000000000000000000000000000, sa_flags=SA_RESTART|SA_SIGINFO
SIGHUP: [libjvm.so+0x8b9300], sa_mask[0]=11111111011111111101111111111110, sa_flags=SA_RESTART|SA_SIGINFO
SIGINT: [libjvm.so+0x8b9300], sa_mask[0]=11111111011111111101111111111110, sa_flags=SA_RESTART|SA_SIGINFO
SIGTERM: [libjvm.so+0x8b9300], sa_mask[0]=11111111011111111101111111111110, sa_flags=SA_RESTART|SA_SIGINFO
SIGQUIT: [libjvm.so+0x8b9300], sa_mask[0]=11111111011111111101111111111110, sa_flags=SA_RESTART|SA_SIGINFO


---------------  S Y S T E M  ---------------

OS:DISTRIB_ID=Ubuntu
DISTRIB_RELEASE=16.04
DISTRIB_CODENAME=xenial
DISTRIB_DESCRIPTION="Ubuntu 16.04.5 LTS"

uname:Linux 4.15.0-33-generic #36~16.04.1-Ubuntu SMP Wed Aug 15 17:21:05 UTC 2018 x86_64
libc:glibc 2.23 NPTL 2.23 
rlimit: STACK 8192k, CORE 0k, NPROC 7646, NOFILE 1048576, AS infinity
load average:3.25 1.80 0.83

/proc/meminfo:
MemTotal:        3065896 kB
MemFree:           24888 kB
MemAvailable:      33316 kB
Buffers:             760 kB
Cached:            46136 kB
SwapCached:         2712 kB
Active:          2243384 kB
Inactive:         571436 kB
Active(anon):    2232432 kB
Inactive(anon):   560208 kB
Active(file):      10952 kB
Inactive(file):    11228 kB
Unevictable:          64 kB
Mlocked:              64 kB
SwapTotal:        998396 kB
SwapFree:              0 kB
Dirty:               228 kB
Writeback:             0 kB
AnonPages:       2765440 kB
Mapped:            34700 kB
Shmem:             24564 kB
Slab:              89408 kB
SReclaimable:      35448 kB
SUnreclaim:        53960 kB
KernelStack:       14288 kB
PageTables:        37304 kB
NFS_Unstable:          0 kB
Bounce:                0 kB
WritebackTmp:          0 kB
CommitLimit:     2531344 kB
Committed_AS:    7477868 kB
VmallocTotal:   34359738367 kB
VmallocUsed:           0 kB
VmallocChunk:          0 kB
HardwareCorrupted:     0 kB
AnonHugePages:         0 kB
ShmemHugePages:        0 kB
ShmemPmdMapped:        0 kB
CmaTotal:              0 kB
CmaFree:               0 kB
HugePages_Total:       0
HugePages_Free:        0
HugePages_Rsvd:        0
HugePages_Surp:        0
Hugepagesize:       2048 kB
DirectMap4k:      278400 kB
DirectMap2M:     2867200 kB
DirectMap1G:           0 kB


CPU:total 2 (initial active 2) (1 cores per cpu, 1 threads per core) family 6 model 78 stepping 3, cmov, cx8, fxsr, mmx, sse, sse2, sse3, ssse3, sse4.1, sse4.2, popcnt, avx, avx2, aes, clmul, erms, 3dnowpref, lzcnt, tsc, tscinvbit, bmi1, bmi2, adx

/proc/cpuinfo:
processor	: 0
vendor_id	: GenuineIntel
cpu family	: 6
model		: 78
model name	: Intel(R) Core(TM) i7-6500U CPU @ 2.50GHz
stepping	: 3
microcode	: 0xba
cpu MHz		: 2592.004
cache size	: 4096 KB
physical id	: 0
siblings	: 1
core id		: 0
cpu cores	: 1
apicid		: 0
initial apicid	: 0
fpu		: yes
fpu_exception	: yes
cpuid level	: 22
wp		: yes
flags		: fpu vme de pse tsc msr pae mce cx8 apic sep mtrr pge mca cmov pat pse36 clflush dts mmx fxsr sse sse2 ss syscall nx pdpe1gb rdtscp lm constant_tsc arch_perfmon pebs bts nopl xtopology tsc_reliable nonstop_tsc cpuid aperfmperf pni pclmulqdq ssse3 fma cx16 pcid sse4_1 sse4_2 x2apic movbe popcnt tsc_deadline_timer aes xsave avx f16c rdrand hypervisor lahf_lm abm 3dnowprefetch cpuid_fault epb invpcid_single pti fsgsbase tsc_adjust bmi1 avx2 smep bmi2 invpcid rdseed adx smap xsaveopt dtherm ida arat pln pts hwp hwp_notify hwp_act_window hwp_epp
bugs		: cpu_meltdown spectre_v1 spectre_v2 spec_store_bypass l1tf
bogomips	: 5184.00
clflush size	: 64
cache_alignment	: 64
address sizes	: 42 bits physical, 48 bits virtual
power management:

processor	: 1
vendor_id	: GenuineIntel
cpu family	: 6
model		: 78
model name	: Intel(R) Core(TM) i7-6500U CPU @ 2.50GHz
stepping	: 3
microcode	: 0xba
cpu MHz		: 2592.004
cache size	: 4096 KB
physical id	: 2
siblings	: 1
core id		: 0
cpu cores	: 1
apicid		: 2
initial apicid	: 2
fpu		: yes
fpu_exception	: yes
cpuid level	: 22
wp		: yes
flags		: fpu vme de pse tsc msr pae mce cx8 apic sep mtrr pge mca cmov pat pse36 clflush dts mmx fxsr sse sse2 ss syscall nx pdpe1gb rdtscp lm constant_tsc arch_perfmon pebs bts nopl xtopology tsc_reliable nonstop_tsc cpuid aperfmperf pni pclmulqdq ssse3 fma cx16 pcid sse4_1 sse4_2 x2apic movbe popcnt tsc_deadline_timer aes xsave avx f16c rdrand hypervisor lahf_lm abm 3dnowprefetch cpuid_fault epb invpcid_single pti fsgsbase tsc_adjust bmi1 avx2 smep bmi2 invpcid rdseed adx smap xsaveopt dtherm ida arat pln pts hwp hwp_notify hwp_act_window hwp_epp
bugs		: cpu_meltdown spectre_v1 spectre_v2 spec_store_bypass l1tf
bogomips	: 5184.00
clflush size	: 64
cache_alignment	: 64
address sizes	: 42 bits physical, 48 bits virtual
power management:



Memory: 4k page, physical 3065896k(24392k free), swap 998396k(0k free)

vm_info: OpenJDK 64-Bit Server VM (25.181-b13) for linux-amd64 JRE (1.8.0_181-8u181-b13-1ubuntu0.16.04.1-b13), built on Oct 23 2018 04:39:49 by "buildd" with gcc 5.4.0 20160609

time: Sun Dec  2 20:46:22 2018
elapsed time: 5 seconds (0d 0h 0m 5s)

