#
# There is insufficient memory for the Java Runtime Environment to continue.
# Native memory allocation (mmap) failed to map 54525952 bytes for committing reserved memory.
# Possible reasons:
#   The system is out of physical RAM or swap space
#   In 32 bit mode, the process size limit was hit
# Possible solutions:
#   Reduce memory load on the system
#   Increase physical memory or swap space
#   Check if swap backing store is full
#   Use 64 bit Java on a 64 bit OS
#   Decrease Java heap size (-Xmx/-Xms)
#   Decrease number of Java threads
#   Decrease Java thread stack sizes (-Xss)
#   Set larger code cache with -XX:ReservedCodeCacheSize=
# This output file may be truncated or incomplete.
#
#  Out of Memory Error (os_linux.cpp:2643), pid=125526, tid=0x00007ff9e82fa700
#
# JRE version: OpenJDK Runtime Environment (8.0_181-b13) (build 1.8.0_181-8u181-b13-1ubuntu0.16.04.1-b13)
# Java VM: OpenJDK 64-Bit Server VM (25.181-b13 mixed mode linux-amd64 compressed oops)
# Failed to write core dump. Core dumps have been disabled. To enable core dumping, try "ulimit -c unlimited" before starting Java again
#

---------------  T H R E A D  ---------------

Current thread (0x00007ff9f80fb800):  VMThread [stack: 0x00007ff9e81fa000,0x00007ff9e82fb000] [id=125530]

Stack: [0x00007ff9e81fa000,0x00007ff9e82fb000],  sp=0x00007ff9e82f94a0,  free space=1021k
Native frames: (J=compiled Java code, j=interpreted, Vv=VM code, C=native code)
V  [libjvm.so+0xa70f1b]
V  [libjvm.so+0x4c893c]
V  [libjvm.so+0x8bda48]
V  [libjvm.so+0x8b7dde]
V  [libjvm.so+0x933246]
V  [libjvm.so+0x934573]
V  [libjvm.so+0x930c3b]
V  [libjvm.so+0x929a69]
V  [libjvm.so+0x44c943]
V  [libjvm.so+0xa724a9]
V  [libjvm.so+0xa77d67]
V  [libjvm.so+0xa75467]
V  [libjvm.so+0xa768ef]
V  [libjvm.so+0xa76de1]
V  [libjvm.so+0x8bae52]

VM_Operation (0x00007ffa01e878d0): CollectForMetadataAllocation, mode: safepoint, requested by thread 0x00007ff9f800a800


---------------  P R O C E S S  ---------------

Java Threads: ( => current thread )
  0x00007ff9f8383800 JavaThread "pool-2-thread-6" daemon [_thread_blocked, id=125550, stack(0x00007ff9da6cb000,0x00007ff9da7cc000)]
  0x00007ff9f8381800 JavaThread "pool-2-thread-5" daemon [_thread_blocked, id=125549, stack(0x00007ff9da7cc000,0x00007ff9da8cd000)]
  0x00007ff9f8380000 JavaThread "pool-2-thread-4" daemon [_thread_blocked, id=125548, stack(0x00007ff9da8cd000,0x00007ff9da9ce000)]
  0x00007ff9f837e000 JavaThread "pool-2-thread-3" daemon [_thread_blocked, id=125547, stack(0x00007ff9da9ce000,0x00007ff9daacf000)]
  0x00007ff9f837d000 JavaThread "pool-2-thread-2" daemon [_thread_blocked, id=125546, stack(0x00007ff9dacd1000,0x00007ff9dadd2000)]
  0x00007ff9f837c000 JavaThread "pool-2-thread-1" daemon [_thread_blocked, id=125545, stack(0x00007ff9dabd0000,0x00007ff9dacd1000)]
  0x00007ff9f81f2000 JavaThread "process reaper" daemon [_thread_blocked, id=125540, stack(0x00007ff9e80c0000,0x00007ff9e80f9000)]
  0x00007ff9f8149800 JavaThread "Service Thread" daemon [_thread_blocked, id=125536, stack(0x00007ff9db0d3000,0x00007ff9db1d4000)]
  0x00007ff9f813e800 JavaThread "C1 CompilerThread1" daemon [_thread_blocked, id=125535, stack(0x00007ff9db1d4000,0x00007ff9db2d5000)]
  0x00007ff9f813b800 JavaThread "C2 CompilerThread0" daemon [_thread_blocked, id=125534, stack(0x00007ff9db2d5000,0x00007ff9db3d6000)]
  0x00007ff9f813a000 JavaThread "Signal Dispatcher" daemon [_thread_blocked, id=125533, stack(0x00007ff9db3d6000,0x00007ff9db4d7000)]
  0x00007ff9f8107800 JavaThread "Finalizer" daemon [_thread_blocked, id=125532, stack(0x00007ff9dbeff000,0x00007ff9dc000000)]
  0x00007ff9f8105000 JavaThread "Reference Handler" daemon [_thread_blocked, id=125531, stack(0x00007ff9e80f9000,0x00007ff9e81fa000)]
  0x00007ff9f800a800 JavaThread "main" [_thread_blocked, id=125527, stack(0x00007ffa01d8d000,0x00007ffa01e8e000)]

Other Threads:
=>0x00007ff9f80fb800 VMThread [stack: 0x00007ff9e81fa000,0x00007ff9e82fb000] [id=125530]
  0x00007ff9f814c000 WatcherThread [stack: 0x00007ff9dafd2000,0x00007ff9db0d3000] [id=125537]

VM state:at safepoint (normal execution)

VM Mutex/Monitor currently owned by a thread:  ([mutex/lock_event])
[0x00007ff9f8006f80] Threads_lock - owner thread: 0x00007ff9f80fb800
[0x00007ff9f8007480] Heap_lock - owner thread: 0x00007ff9f800a800

Heap:
 PSYoungGen      total 53248K, used 4078K [0x00000000f0600000, 0x00000000f3e00000, 0x0000000100000000)
  eden space 49152K, 0% used [0x00000000f0600000,0x00000000f0600000,0x00000000f3600000)
  from space 4096K, 99% used [0x00000000f3600000,0x00000000f39fb8c8,0x00000000f3a00000)
  to   space 4096K, 0% used [0x00000000f3a00000,0x00000000f3a00000,0x00000000f3e00000)
 ParOldGen       total 32768K, used 7661K [0x00000000d1200000, 0x00000000d3200000, 0x00000000f0600000)
  object space 32768K, 23% used [0x00000000d1200000,0x00000000d197b550,0x00000000d3200000)
 Metaspace       used 20802K, capacity 21134K, committed 21248K, reserved 1067008K
  class space    used 3428K, capacity 3545K, committed 3584K, reserved 1048576K

Card table byte_map: [0x00007ff9fe2c6000,0x00007ff9fe43e000] byte_map_base: 0x00007ff9fdc3d000

Marking Bits: (ParMarkBitMap*) 0x00007ffa0105d3a0
 Begin Bits: [0x00007ff9fc85a000, 0x00007ff9fd412000)
 End Bits:   [0x00007ff9fd412000, 0x00007ff9fdfca000)

Polling page: 0x00007ffa01eb1000

CodeCache: size=245760Kb used=6123Kb max_used=6123Kb free=239636Kb
 bounds [0x00007ff9e9000000, 0x00007ff9e9600000, 0x00007ff9f8000000]
 total_blobs=2769 nmethods=2372 adapters=311
 compilation: enabled

Compilation events (10 events):
Event: 4.048 Thread 0x00007ff9f813e800 2374       3       java.lang.String::lastIndexOf (11 bytes)
Event: 4.048 Thread 0x00007ff9f813e800 nmethod 2374 0x00007ff9e95f9550 code [0x00007ff9e95f96c0, 0x00007ff9e95f9948]
Event: 4.087 Thread 0x00007ff9f813e800 2376       3       sun.misc.ASCIICaseInsensitiveComparator::compare (126 bytes)
Event: 4.088 Thread 0x00007ff9f813e800 nmethod 2376 0x00007ff9e95fc250 code [0x00007ff9e95fc460, 0x00007ff9e95fd058]
Event: 4.098 Thread 0x00007ff9f813e800 2377       3       java.lang.Float::isNaN (12 bytes)
Event: 4.098 Thread 0x00007ff9f813e800 nmethod 2377 0x00007ff9e95fd690 code [0x00007ff9e95fd800, 0x00007ff9e95fd9b0]
Event: 4.098 Thread 0x00007ff9f813e800 2378       3       java.io.OutputStream::<init> (5 bytes)
Event: 4.098 Thread 0x00007ff9f813e800 nmethod 2378 0x00007ff9e95fda10 code [0x00007ff9e95fdb80, 0x00007ff9e95fdd30]
Event: 4.105 Thread 0x00007ff9f813e800 2379       1       scala.UniquenessCache::map (5 bytes)
Event: 4.105 Thread 0x00007ff9f813e800 nmethod 2379 0x00007ff9e95fde10 code [0x00007ff9e95fdf60, 0x00007ff9e95fe070]

GC Heap History (10 events):
Event: 1.151 GC heap after
Heap after GC invocations=2 (full 0):
 PSYoungGen      total 14336K, used 2032K [0x00000000f0600000, 0x00000000f2200000, 0x0000000100000000)
  eden space 12288K, 0% used [0x00000000f0600000,0x00000000f0600000,0x00000000f1200000)
  from space 2048K, 99% used [0x00000000f1400000,0x00000000f15fc030,0x00000000f1600000)
  to   space 2048K, 0% used [0x00000000f1200000,0x00000000f1200000,0x00000000f1400000)
 ParOldGen       total 32768K, used 1515K [0x00000000d1200000, 0x00000000d3200000, 0x00000000f0600000)
  object space 32768K, 4% used [0x00000000d1200000,0x00000000d137adb0,0x00000000d3200000)
 Metaspace       used 9774K, capacity 9982K, committed 10240K, reserved 1058816K
  class space    used 1640K, capacity 1703K, committed 1792K, reserved 1048576K
}
Event: 1.633 GC heap before
{Heap before GC invocations=3 (full 0):
 PSYoungGen      total 14336K, used 14320K [0x00000000f0600000, 0x00000000f2200000, 0x0000000100000000)
  eden space 12288K, 100% used [0x00000000f0600000,0x00000000f1200000,0x00000000f1200000)
  from space 2048K, 99% used [0x00000000f1400000,0x00000000f15fc030,0x00000000f1600000)
  to   space 2048K, 0% used [0x00000000f1200000,0x00000000f1200000,0x00000000f1400000)
 ParOldGen       total 32768K, used 1515K [0x00000000d1200000, 0x00000000d3200000, 0x00000000f0600000)
  object space 32768K, 4% used [0x00000000d1200000,0x00000000d137adb0,0x00000000d3200000)
 Metaspace       used 13056K, capacity 13234K, committed 13312K, reserved 1060864K
  class space    used 2226K, capacity 2279K, committed 2304K, reserved 1048576K
Event: 1.639 GC heap after
Heap after GC invocations=3 (full 0):
 PSYoungGen      total 14336K, used 2031K [0x00000000f0600000, 0x00000000f2200000, 0x0000000100000000)
  eden space 12288K, 0% used [0x00000000f0600000,0x00000000f0600000,0x00000000f1200000)
  from space 2048K, 99% used [0x00000000f1200000,0x00000000f13fbca0,0x00000000f1400000)
  to   space 2048K, 0% used [0x00000000f2000000,0x00000000f2000000,0x00000000f2200000)
 ParOldGen       total 32768K, used 3098K [0x00000000d1200000, 0x00000000d3200000, 0x00000000f0600000)
  object space 32768K, 9% used [0x00000000d1200000,0x00000000d1506b00,0x00000000d3200000)
 Metaspace       used 13056K, capacity 13234K, committed 13312K, reserved 1060864K
  class space    used 2226K, capacity 2279K, committed 2304K, reserved 1048576K
}
Event: 1.903 GC heap before
{Heap before GC invocations=4 (full 0):
 PSYoungGen      total 14336K, used 14319K [0x00000000f0600000, 0x00000000f2200000, 0x0000000100000000)
  eden space 12288K, 100% used [0x00000000f0600000,0x00000000f1200000,0x00000000f1200000)
  from space 2048K, 99% used [0x00000000f1200000,0x00000000f13fbca0,0x00000000f1400000)
  to   space 2048K, 0% used [0x00000000f2000000,0x00000000f2000000,0x00000000f2200000)
 ParOldGen       total 32768K, used 3098K [0x00000000d1200000, 0x00000000d3200000, 0x00000000f0600000)
  object space 32768K, 9% used [0x00000000d1200000,0x00000000d1506b00,0x00000000d3200000)
 Metaspace       used 13867K, capacity 14078K, committed 14336K, reserved 1060864K
  class space    used 2384K, capacity 2473K, committed 2560K, reserved 1048576K
Event: 1.908 GC heap after
Heap after GC invocations=4 (full 0):
 PSYoungGen      total 26624K, used 2018K [0x00000000f0600000, 0x00000000f2200000, 0x0000000100000000)
  eden space 24576K, 0% used [0x00000000f0600000,0x00000000f0600000,0x00000000f1e00000)
  from space 2048K, 98% used [0x00000000f2000000,0x00000000f21f88e0,0x00000000f2200000)
  to   space 2048K, 0% used [0x00000000f1e00000,0x00000000f1e00000,0x00000000f2000000)
 ParOldGen       total 32768K, used 3698K [0x00000000d1200000, 0x00000000d3200000, 0x00000000f0600000)
  object space 32768K, 11% used [0x00000000d1200000,0x00000000d159c848,0x00000000d3200000)
 Metaspace       used 13867K, capacity 14078K, committed 14336K, reserved 1060864K
  class space    used 2384K, capacity 2473K, committed 2560K, reserved 1048576K
}
Event: 2.238 GC heap before
{Heap before GC invocations=5 (full 0):
 PSYoungGen      total 26624K, used 26594K [0x00000000f0600000, 0x00000000f2200000, 0x0000000100000000)
  eden space 24576K, 100% used [0x00000000f0600000,0x00000000f1e00000,0x00000000f1e00000)
  from space 2048K, 98% used [0x00000000f2000000,0x00000000f21f88e0,0x00000000f2200000)
  to   space 2048K, 0% used [0x00000000f1e00000,0x00000000f1e00000,0x00000000f2000000)
 ParOldGen       total 32768K, used 3698K [0x00000000d1200000, 0x00000000d3200000, 0x00000000f0600000)
  object space 32768K, 11% used [0x00000000d1200000,0x00000000d159c848,0x00000000d3200000)
 Metaspace       used 14344K, capacity 14654K, committed 14848K, reserved 1060864K
  class space    used 2436K, capacity 2537K, committed 2560K, reserved 1048576K
Event: 2.246 GC heap after
Heap after GC invocations=5 (full 0):
 PSYoungGen      total 26624K, used 2019K [0x00000000f0600000, 0x00000000f3e00000, 0x0000000100000000)
  eden space 24576K, 0% used [0x00000000f0600000,0x00000000f0600000,0x00000000f1e00000)
  from space 2048K, 98% used [0x00000000f1e00000,0x00000000f1ff8cd0,0x00000000f2000000)
  to   space 4096K, 0% used [0x00000000f3a00000,0x00000000f3a00000,0x00000000f3e00000)
 ParOldGen       total 32768K, used 4146K [0x00000000d1200000, 0x00000000d3200000, 0x00000000f0600000)
  object space 32768K, 12% used [0x00000000d1200000,0x00000000d160c858,0x00000000d3200000)
 Metaspace       used 14344K, capacity 14654K, committed 14848K, reserved 1060864K
  class space    used 2436K, capacity 2537K, committed 2560K, reserved 1048576K
}
Event: 3.481 GC heap before
{Heap before GC invocations=6 (full 0):
 PSYoungGen      total 26624K, used 26595K [0x00000000f0600000, 0x00000000f3e00000, 0x0000000100000000)
  eden space 24576K, 100% used [0x00000000f0600000,0x00000000f1e00000,0x00000000f1e00000)
  from space 2048K, 98% used [0x00000000f1e00000,0x00000000f1ff8cd0,0x00000000f2000000)
  to   space 4096K, 0% used [0x00000000f3a00000,0x00000000f3a00000,0x00000000f3e00000)
 ParOldGen       total 32768K, used 4146K [0x00000000d1200000, 0x00000000d3200000, 0x00000000f0600000)
  object space 32768K, 12% used [0x00000000d1200000,0x00000000d160c858,0x00000000d3200000)
 Metaspace       used 15039K, capacity 15406K, committed 15488K, reserved 1062912K
  class space    used 2541K, capacity 2681K, committed 2688K, reserved 1048576K
Event: 3.497 GC heap after
Heap after GC invocations=6 (full 0):
 PSYoungGen      total 53248K, used 2972K [0x00000000f0600000, 0x00000000f3e00000, 0x0000000100000000)
  eden space 49152K, 0% used [0x00000000f0600000,0x00000000f0600000,0x00000000f3600000)
  from space 4096K, 72% used [0x00000000f3a00000,0x00000000f3ce71d8,0x00000000f3e00000)
  to   space 4096K, 0% used [0x00000000f3600000,0x00000000f3600000,0x00000000f3a00000)
 ParOldGen       total 32768K, used 4146K [0x00000000d1200000, 0x00000000d3200000, 0x00000000f0600000)
  object space 32768K, 12% used [0x00000000d1200000,0x00000000d160c858,0x00000000d3200000)
 Metaspace       used 15039K, capacity 15406K, committed 15488K, reserved 1062912K
  class space    used 2541K, capacity 2681K, committed 2688K, reserved 1048576K
}
Event: 4.109 GC heap before
{Heap before GC invocations=7 (full 0):
 PSYoungGen      total 53248K, used 38448K [0x00000000f0600000, 0x00000000f3e00000, 0x0000000100000000)
  eden space 49152K, 72% used [0x00000000f0600000,0x00000000f28a5010,0x00000000f3600000)
  from space 4096K, 72% used [0x00000000f3a00000,0x00000000f3ce71d8,0x00000000f3e00000)
  to   space 4096K, 0% used [0x00000000f3600000,0x00000000f3600000,0x00000000f3a00000)
 ParOldGen       total 32768K, used 4146K [0x00000000d1200000, 0x00000000d3200000, 0x00000000f0600000)
  object space 32768K, 12% used [0x00000000d1200000,0x00000000d160c858,0x00000000d3200000)
 Metaspace       used 20802K, capacity 21134K, committed 21248K, reserved 1067008K
  class space    used 3428K, capacity 3545K, committed 3584K, reserved 1048576K

Deoptimization events (10 events):
Event: 3.432 Thread 0x00007ff9f800a800 Uncommon trap: reason=bimorphic action=maybe_recompile pc=0x00007ff9e9296e20 method=java.lang.ClassLoader.loadClass(Ljava/lang/String;Z)Ljava/lang/Class; @ 38
Event: 3.432 Thread 0x00007ff9f800a800 Uncommon trap: reason=unstable_if action=reinterpret pc=0x00007ff9e9296c88 method=java.lang.ClassLoader.getClassLoadingLock(Ljava/lang/String;)Ljava/lang/Object; @ 6
Event: 3.432 Thread 0x00007ff9f800a800 Uncommon trap: reason=unstable_if action=reinterpret pc=0x00007ff9e9412374 method=java.util.jar.JarFile.getManEntry()Ljava/util/jar/JarEntry; @ 4
Event: 3.445 Thread 0x00007ff9f800a800 Uncommon trap: reason=unstable_if action=reinterpret pc=0x00007ff9e91ea4d4 method=sun.net.www.ParseUtil.encodePath(Ljava/lang/String;Z)Ljava/lang/String; @ 116
Event: 3.600 Thread 0x00007ff9f800a800 Uncommon trap: reason=bimorphic action=maybe_recompile pc=0x00007ff9e9597254 method=java.util.HashMap.putVal(ILjava/lang/Object;Ljava/lang/Object;ZZ)Ljava/lang/Object; @ 56
Event: 3.632 Thread 0x00007ff9f800a800 Uncommon trap: reason=bimorphic action=maybe_recompile pc=0x00007ff9e9597254 method=java.util.HashMap.putVal(ILjava/lang/Object;Ljava/lang/Object;ZZ)Ljava/lang/Object; @ 56
Event: 3.659 Thread 0x00007ff9f800a800 Uncommon trap: reason=bimorphic action=maybe_recompile pc=0x00007ff9e9597254 method=java.util.HashMap.putVal(ILjava/lang/Object;Ljava/lang/Object;ZZ)Ljava/lang/Object; @ 56
Event: 3.705 Thread 0x00007ff9f800a800 Uncommon trap: reason=bimorphic action=maybe_recompile pc=0x00007ff9e95972f8 method=java.util.HashMap.putVal(ILjava/lang/Object;Ljava/lang/Object;ZZ)Ljava/lang/Object; @ 152
Event: 3.776 Thread 0x00007ff9f800a800 Uncommon trap: reason=bimorphic action=maybe_recompile pc=0x00007ff9e9597254 method=java.util.HashMap.putVal(ILjava/lang/Object;Ljava/lang/Object;ZZ)Ljava/lang/Object; @ 56
Event: 3.806 Thread 0x00007ff9f800a800 Uncommon trap: reason=unstable_if action=reinterpret pc=0x00007ff9e95545a0 method=java.lang.Integer.valueOf(I)Ljava/lang/Integer; @ 3

Classes redefined (0 events):
No events

Internal exceptions (10 events):
Event: 0.497 Thread 0x00007ff9f800a800 Exception <a 'java/security/PrivilegedActionException'> (0x00000000f06c4800) thrown at [/build/openjdk-8-lTwZJE/openjdk-8-8u181-b13/src/hotspot/src/share/vm/prims/jvm.cpp, line 1435]
Event: 0.497 Thread 0x00007ff9f800a800 Exception <a 'java/security/PrivilegedActionException'> (0x00000000f06c4a10) thrown at [/build/openjdk-8-lTwZJE/openjdk-8-8u181-b13/src/hotspot/src/share/vm/prims/jvm.cpp, line 1435]
Event: 0.497 Thread 0x00007ff9f800a800 Exception <a 'java/security/PrivilegedActionException'> (0x00000000f06c54e8) thrown at [/build/openjdk-8-lTwZJE/openjdk-8-8u181-b13/src/hotspot/src/share/vm/prims/jvm.cpp, line 1435]
Event: 0.497 Thread 0x00007ff9f800a800 Exception <a 'java/security/PrivilegedActionException'> (0x00000000f06c56f8) thrown at [/build/openjdk-8-lTwZJE/openjdk-8-8u181-b13/src/hotspot/src/share/vm/prims/jvm.cpp, line 1435]
Event: 1.145 Thread 0x00007ff9f800a800 Exception <a 'java/lang/NoSuchFieldError': method resolution failed> (0x00000000f11fa220) thrown at [/build/openjdk-8-lTwZJE/openjdk-8-8u181-b13/src/hotspot/src/share/vm/prims/methodHandles.cpp, line 1167]
Event: 1.157 Thread 0x00007ff9f800a800 Exception <a 'java/lang/NoSuchFieldError': method resolution failed> (0x00000000f0607a90) thrown at [/build/openjdk-8-lTwZJE/openjdk-8-8u181-b13/src/hotspot/src/share/vm/prims/methodHandles.cpp, line 1167]
Event: 1.524 Thread 0x00007ff9f837e000 Implicit null exception at 0x00007ff9e91d441b to 0x00007ff9e91d45d1
Event: 1.524 Thread 0x00007ff9f8381800 Implicit null exception at 0x00007ff9e91d441b to 0x00007ff9e91d45d1
Event: 3.832 Thread 0x00007ff9f800a800 Exception <a 'java/io/FileNotFoundException'> (0x00000000f1906750) thrown at [/build/openjdk-8-lTwZJE/openjdk-8-8u181-b13/src/hotspot/src/share/vm/prims/jni.cpp, line 709]
Event: 3.985 Thread 0x00007ff9f800a800 Exception <a 'java/lang/NoSuchMethodError': org.slf4j.impl.StaticMDCBinder.getSingleton()Lorg/slf4j/impl/StaticMDCBinder;> (0x00000000f216bdf8) thrown at [/build/openjdk-8-lTwZJE/openjdk-8-8u181-b13/src/hotspot/src/share/vm/interpreter/linkResolver.cpp, l

Events (10 events):
Event: 4.107 loading class jupyter/kernel/protocol/ShellRequest$Execute$ done
Event: 4.108 loading class scala/runtime/AbstractFunction6
Event: 4.108 loading class scala/runtime/AbstractFunction6 done
Event: 4.108 loading class scala/Function6
Event: 4.108 loading class scala/Function6 done
Event: 4.108 loading class scala/Function6$class
Event: 4.108 loading class scala/Function6$class done
Event: 4.109 loading class jupyter/kernel/protocol/ShellRequestDecodeJsons$anon$derivedDecodeJson$macro$1753$1$anon$macro$1742$1
Event: 4.109 loading class jupyter/kernel/protocol/ShellRequestDecodeJsons$anon$derivedDecodeJson$macro$1753$1$anon$macro$1742$1 done
Event: 4.109 Executing VM operation: CollectForMetadataAllocation


Dynamic libraries:
00400000-00401000 r-xp 00000000 08:01 803085                             /usr/lib/jvm/java-8-openjdk-amd64/jre/bin/java
00600000-00601000 r--p 00000000 08:01 803085                             /usr/lib/jvm/java-8-openjdk-amd64/jre/bin/java
00601000-00602000 rw-p 00001000 08:01 803085                             /usr/lib/jvm/java-8-openjdk-amd64/jre/bin/java
009ef000-00aa2000 rw-p 00000000 00:00 0                                  [heap]
d1200000-d3200000 rw-p 00000000 00:00 0 
d3200000-f0600000 ---p 00000000 00:00 0 
f0600000-f3e00000 rw-p 00000000 00:00 0 
f7200000-100000000 ---p 00000000 00:00 0 
100000000-100380000 rw-p 00000000 00:00 0 
100380000-140000000 ---p 00000000 00:00 0 
7ff9a8000000-7ff9a808f000 rw-p 00000000 00:00 0 
7ff9a808f000-7ff9ac000000 ---p 00000000 00:00 0 
7ff9acfff000-7ff9b0000000 rw-p 00000000 00:00 0 
7ff9b0000000-7ff9b00fc000 rw-p 00000000 00:00 0 
7ff9b00fc000-7ff9b4000000 ---p 00000000 00:00 0 
7ff9b4000000-7ff9b407b000 rw-p 00000000 00:00 0 
7ff9b407b000-7ff9b8000000 ---p 00000000 00:00 0 
7ff9b8000000-7ff9b8021000 rw-p 00000000 00:00 0 
7ff9b8021000-7ff9bc000000 ---p 00000000 00:00 0 
7ff9bc000000-7ff9bc021000 rw-p 00000000 00:00 0 
7ff9bc021000-7ff9c0000000 ---p 00000000 00:00 0 
7ff9c0000000-7ff9c100a000 rw-p 00000000 00:00 0 
7ff9c100a000-7ff9c4000000 ---p 00000000 00:00 0 
7ff9c4000000-7ff9c4021000 rw-p 00000000 00:00 0 
7ff9c4021000-7ff9c8000000 ---p 00000000 00:00 0 
7ff9c8000000-7ff9c8021000 rw-p 00000000 00:00 0 
7ff9c8021000-7ff9cc000000 ---p 00000000 00:00 0 
7ff9cc000000-7ff9cd84a000 rw-p 00000000 00:00 0 
7ff9cd84a000-7ff9d0000000 ---p 00000000 00:00 0 
7ff9d0000000-7ff9d0021000 rw-p 00000000 00:00 0 
7ff9d0021000-7ff9d4000000 ---p 00000000 00:00 0 
7ff9d4000000-7ff9d4021000 rw-p 00000000 00:00 0 
7ff9d4021000-7ff9d8000000 ---p 00000000 00:00 0 
7ff9d957e000-7ff9d9595000 r-xp 00000000 08:01 803144                     /usr/lib/jvm/java-8-openjdk-amd64/jre/lib/amd64/libnet.so
7ff9d9595000-7ff9d9794000 ---p 00017000 08:01 803144                     /usr/lib/jvm/java-8-openjdk-amd64/jre/lib/amd64/libnet.so
7ff9d9794000-7ff9d9795000 r--p 00016000 08:01 803144                     /usr/lib/jvm/java-8-openjdk-amd64/jre/lib/amd64/libnet.so
7ff9d9795000-7ff9d9796000 rw-p 00017000 08:01 803144                     /usr/lib/jvm/java-8-openjdk-amd64/jre/lib/amd64/libnet.so
7ff9d9796000-7ff9d97a7000 r-xp 00000000 08:01 803143                     /usr/lib/jvm/java-8-openjdk-amd64/jre/lib/amd64/libnio.so
7ff9d97a7000-7ff9d99a7000 ---p 00011000 08:01 803143                     /usr/lib/jvm/java-8-openjdk-amd64/jre/lib/amd64/libnio.so
7ff9d99a7000-7ff9d99a8000 r--p 00011000 08:01 803143                     /usr/lib/jvm/java-8-openjdk-amd64/jre/lib/amd64/libnio.so
7ff9d99a8000-7ff9d99a9000 rw-p 00012000 08:01 803143                     /usr/lib/jvm/java-8-openjdk-amd64/jre/lib/amd64/libnio.so
7ff9d99a9000-7ff9d9ae9000 rw-p 00000000 00:00 0 
7ff9d9ae9000-7ff9d9ba9000 ---p 00000000 00:00 0 
7ff9d9ba9000-7ff9d9da9000 rw-p 00000000 00:00 0 
7ff9d9da9000-7ff9d9daa000 r--s 00006000 08:01 807207                     /home/user/.coursier/cache/v1/https/repo1.maven.org/maven2/com/github/alexarchambault/case-app-annotations_2.11/1.1.3/case-app-annotations_2.11-1.1.3.jar
7ff9d9daa000-7ff9d9dad000 r--s 00011000 08:01 807203                     /home/user/.coursier/cache/v1/https/repo1.maven.org/maven2/com/lihaoyi/fastparse-utils_2.11/0.4.2/fastparse-utils_2.11-0.4.2.jar
7ff9d9dad000-7ff9d9db4000 r--s 00042000 08:01 807208                     /home/user/.coursier/cache/v1/https/repo1.maven.org/maven2/com/github/alexarchambault/case-app_2.11/1.1.3/case-app_2.11-1.1.3.jar
7ff9d9db4000-7ff9d9dbf000 r--s 00069000 08:01 807253                     /home/user/.coursier/cache/v1/https/repo1.maven.org/maven2/ch/qos/logback/logback-core/1.2.1/logback-core-1.2.1.jar
7ff9d9dbf000-7ff9d9dc1000 r--s 0000a000 08:01 807225                     /home/user/.coursier/cache/v1/https/repo1.maven.org/maven2/com/github/alexarchambault/case-app-util_2.11/1.1.3/case-app-util_2.11-1.1.3.jar
7ff9d9dc1000-7ff9d9dd4000 r--s 000bb000 08:01 807205                     /home/user/.coursier/cache/v1/https/repo1.maven.org/maven2/org/jupyter-scala/kernel_2.11/0.4.1/kernel_2.11-0.4.1.jar
7ff9d9dd4000-7ff9d9dd6000 r--s 00009000 08:01 807266                     /home/user/.coursier/cache/v1/https/repo1.maven.org/maven2/org/slf4j/slf4j-api/1.7.22/slf4j-api-1.7.22.jar
7ff9d9dd6000-7ff9d9ddc000 r--s 00046000 08:01 807275                     /home/user/.coursier/cache/v1/https/repo1.maven.org/maven2/ch/qos/logback/logback-classic/1.2.1/logback-classic-1.2.1.jar
7ff9d9ddc000-7ff9d9de1000 r--s 00044000 08:01 807300                     /home/user/.coursier/cache/v1/https/repo1.maven.org/maven2/org/scodec/scodec-bits_2.11/1.1.2/scodec-bits_2.11-1.1.2.jar
7ff9d9de1000-7ff9d9de4000 r--s 00016000 08:01 807311                     /home/user/.coursier/cache/v1/https/repo1.maven.org/maven2/org/jupyter-scala/scala-kernel_2.11.11/0.4.2/scala-kernel_2.11.11-0.4.2.jar
7ff9d9de4000-7ff9d9e14000 r--s 001c7000 08:01 807281                     /home/user/.coursier/cache/v1/https/repo1.maven.org/maven2/io/argonaut/argonaut_2.11/6.2/argonaut_2.11-6.2.jar
7ff9d9e14000-7ff9d9e18000 r--s 0001b000 08:01 807362                     /home/user/.coursier/cache/v1/https/repo1.maven.org/maven2/com/github/alexarchambault/argonaut-shapeless_6.2_2.11/1.2.0-M5/argonaut-shapeless_6.2_2.11-1.2.0-M5.jar
7ff9d9e18000-7ff9d9e1d000 r--s 00039000 08:01 807259                     /home/user/.coursier/cache/v1/https/repo1.maven.org/maven2/org/zeromq/jeromq/0.3.6/jeromq-0.3.6.jar
7ff9d9e1d000-7ff9d9e27000 r--s 00069000 08:01 807307                     /home/user/.coursier/cache/v1/https/repo1.maven.org/maven2/com/lihaoyi/scalaparse_2.11/0.4.2/scalaparse_2.11-0.4.2.jar
7ff9d9e27000-7ff9d9e31000 r--s 00074000 08:01 807377                     /home/user/.coursier/cache/v1/https/repo1.maven.org/maven2/org/jupyter-scala/ammonite-compiler_2.11.11/0.8.3-1/ammonite-compiler_2.11.11-0.8.3-1.jar
7ff9d9e31000-7ff9d9e34000 r--s 00015000 08:01 807242                     /home/user/.coursier/cache/v1/https/repo1.maven.org/maven2/org/jupyter-scala/scala-cli_2.11.11/0.4.2/scala-cli_2.11.11-0.4.2.jar
7ff9d9e34000-7ff9d9e7a000 r--s 00317000 08:01 807336                     /home/user/.coursier/cache/v1/https/repo1.maven.org/maven2/com/chuusai/shapeless_2.11/2.3.2/shapeless_2.11-2.3.2.jar
7ff9d9e7a000-7ff9d9e7e000 r--s 00029000 08:01 807324                     /home/user/.coursier/cache/v1/https/repo1.maven.org/maven2/org/jupyter-scala/kernel-protocol_2.11/0.4.1/kernel-protocol_2.11-0.4.1.jar
7ff9d9e7e000-7ff9d9e84000 r--s 0004d000 08:01 807344                     /home/user/.coursier/cache/v1/https/repo1.maven.org/maven2/com/lihaoyi/fastparse_2.11/0.4.2/fastparse_2.11-0.4.2.jar
7ff9d9e84000-7ff9d9ea7000 r--s 00155000 08:01 807348                     /home/user/.coursier/cache/v1/https/repo1.maven.org/maven2/org/scalaz/stream/scalaz-stream_2.11/0.8.6a/scalaz-stream_2.11-0.8.6a.jar
7ff9d9ea7000-7ff9d9ea9000 r--s 00012000 08:01 807339                     /home/user/.coursier/cache/v1/https/repo1.maven.org/maven2/com/lihaoyi/fansi_2.11/0.2.3/fansi_2.11-0.2.3.jar
7ff9d9ea9000-7ff9d9eaf000 r--s 00050000 08:01 807318                     /home/user/.coursier/cache/v1/https/repo1.maven.org/maven2/org/jsoup/jsoup/1.10.2/jsoup-1.10.2.jar
7ff9d9eaf000-7ff9d9eba000 r--s 0005d000 08:01 807365                     /home/user/.coursier/cache/v1/https/repo1.maven.org/maven2/org/scala-lang/modules/scala-parser-combinators_2.11/1.0.4/scala-parser-combinators_2.11-1.0.4.jar
7ff9d9eba000-7ff9d9ec4000 r--s 0009a000 08:01 807217                     /home/user/.coursier/cache/v1/https/repo1.maven.org/maven2/org/scala-lang/modules/scala-xml_2.11/1.0.6/scala-xml_2.11-1.0.6.jar
7ff9d9ec4000-7ff9d9eea000 r--s 00196000 08:01 807280                     /home/user/.coursier/cache/v1/https/repo1.maven.org/maven2/io/get-coursier/coursier_2.11/1.0.0-RC2/coursier_2.11-1.0.0-RC2.jar
7ff9d9eea000-7ff9d9ff7000 r--s 00dd4000 08:01 807246                     /home/user/.coursier/cache/v1/https/repo1.maven.org/maven2/org/scala-lang/scala-compiler/2.11.11/scala-compiler-2.11.11.jar
7ff9d9ff7000-7ff9da0c9000 r--s 00a6f000 08:01 807285                     /home/user/.coursier/cache/v1/https/repo1.maven.org/maven2/org/scalaz/scalaz-core_2.11/7.2.8/scalaz-core_2.11-7.2.8.jar
7ff9da0c9000-7ff9da0cc000 ---p 00000000 00:00 0 
7ff9da0cc000-7ff9da1ca000 rw-p 00000000 00:00 0 
7ff9da1ca000-7ff9da1cd000 ---p 00000000 00:00 0 
7ff9da1cd000-7ff9da4cb000 rw-p 00000000 00:00 0 
7ff9da4cb000-7ff9da6cb000 rw-p 00000000 00:00 0 
7ff9da6cb000-7ff9da6ce000 ---p 00000000 00:00 0 
7ff9da6ce000-7ff9da7cc000 rw-p 00000000 00:00 0 
7ff9da7cc000-7ff9da7cf000 ---p 00000000 00:00 0 
7ff9da7cf000-7ff9da8cd000 rw-p 00000000 00:00 0 
7ff9da8cd000-7ff9da8d0000 ---p 00000000 00:00 0 
7ff9da8d0000-7ff9da9ce000 rw-p 00000000 00:00 0 
7ff9da9ce000-7ff9da9d1000 ---p 00000000 00:00 0 
7ff9da9d1000-7ff9daacf000 rw-p 00000000 00:00 0 
7ff9daacf000-7ff9daad2000 ---p 00000000 00:00 0 
7ff9daad2000-7ff9dabd0000 rw-p 00000000 00:00 0 
7ff9dabd0000-7ff9dabd3000 ---p 00000000 00:00 0 
7ff9dabd3000-7ff9dacd1000 rw-p 00000000 00:00 0 
7ff9dacd1000-7ff9dacd4000 ---p 00000000 00:00 0 
7ff9dacd4000-7ff9dafd2000 rw-p 00000000 00:00 0 
7ff9dafd2000-7ff9dafd3000 ---p 00000000 00:00 0 
7ff9dafd3000-7ff9db0d3000 rw-p 00000000 00:00 0 
7ff9db0d3000-7ff9db0d6000 ---p 00000000 00:00 0 
7ff9db0d6000-7ff9db1d4000 rw-p 00000000 00:00 0 
7ff9db1d4000-7ff9db1d7000 ---p 00000000 00:00 0 
7ff9db1d7000-7ff9db2d5000 rw-p 00000000 00:00 0 
7ff9db2d5000-7ff9db2d8000 ---p 00000000 00:00 0 
7ff9db2d8000-7ff9db3d6000 rw-p 00000000 00:00 0 
7ff9db3d6000-7ff9db3d9000 ---p 00000000 00:00 0 
7ff9db3d9000-7ff9db4d7000 rw-p 00000000 00:00 0 
7ff9db4d7000-7ff9dbeff000 r--p 00000000 08:01 2105158                    /usr/lib/locale/locale-archive
7ff9dbeff000-7ff9dbf02000 ---p 00000000 00:00 0 
7ff9dbf02000-7ff9dc000000 rw-p 00000000 00:00 0 
7ff9dc000000-7ff9dc02f000 rw-p 00000000 00:00 0 
7ff9dc02f000-7ff9e0000000 ---p 00000000 00:00 0 
7ff9e0000000-7ff9e0021000 rw-p 00000000 00:00 0 
7ff9e0021000-7ff9e4000000 ---p 00000000 00:00 0 
7ff9e4000000-7ff9e4021000 rw-p 00000000 00:00 0 
7ff9e4021000-7ff9e8000000 ---p 00000000 00:00 0 
7ff9e8000000-7ff9e8001000 r--s 00000000 08:01 807233                     /home/user/.coursier/cache/v1/https/repo1.maven.org/maven2/org/typelevel/macro-compat_2.11/1.1.1/macro-compat_2.11-1.1.1.jar
7ff9e8001000-7ff9e8006000 r--s 00047000 08:01 807328                     /home/user/.coursier/cache/v1/https/repo1.maven.org/maven2/org/jupyter-scala/ammonite-ops_2.11/0.8.3-1/ammonite-ops_2.11-0.8.3-1.jar
7ff9e8006000-7ff9e8008000 r--s 0000f000 08:01 807314                     /home/user/.coursier/cache/v1/https/repo1.maven.org/maven2/com/lihaoyi/derive_2.11/0.4.4/derive_2.11-0.4.4.jar
7ff9e8008000-7ff9e8054000 r--s 00418000 08:01 807351                     /home/user/.coursier/cache/v1/https/repo1.maven.org/maven2/org/scala-lang/scala-reflect/2.11.11/scala-reflect-2.11.11.jar
7ff9e8054000-7ff9e805f000 r--s 00074000 08:01 807252                     /home/user/.coursier/cache/v1/https/repo1.maven.org/maven2/org/jupyter-scala/ammonite-runtime_2.11.11/0.8.3-1/ammonite-runtime_2.11.11-0.8.3-1.jar
7ff9e805f000-7ff9e8067000 r--s 0004c000 08:01 807222                     /home/user/.coursier/cache/v1/https/repo1.maven.org/maven2/org/scalaz/scalaz-concurrent_2.11/7.2.8/scalaz-concurrent_2.11-7.2.8.jar
7ff9e8067000-7ff9e80c0000 r--s 00523000 08:01 807237                     /home/user/.coursier/cache/v1/https/repo1.maven.org/maven2/org/scala-lang/scala-library/2.11.11/scala-library-2.11.11.jar
7ff9e80c0000-7ff9e80c3000 ---p 00000000 00:00 0 
7ff9e80c3000-7ff9e80f9000 rw-p 00000000 00:00 0 
7ff9e80f9000-7ff9e80fc000 ---p 00000000 00:00 0 
7ff9e80fc000-7ff9e81fa000 rw-p 00000000 00:00 0 
7ff9e81fa000-7ff9e81fb000 ---p 00000000 00:00 0 
7ff9e81fb000-7ff9e9000000 rw-p 00000000 00:00 0 
7ff9e9000000-7ff9e9600000 rwxp 00000000 00:00 0 
7ff9e9600000-7ff9f8000000 ---p 00000000 00:00 0 
7ff9f8000000-7ff9f8992000 rw-p 00000000 00:00 0 
7ff9f8992000-7ff9fc000000 ---p 00000000 00:00 0 
7ff9fc000000-7ff9fc001000 r--s 00008000 08:01 807293                     /home/user/.coursier/cache/v1/https/repo1.maven.org/maven2/com/typesafe/scala-logging/scala-logging_2.11/3.5.0/scala-logging_2.11-3.5.0.jar
7ff9fc001000-7ff9fc005000 r--s 00023000 08:01 807360                     /home/user/.coursier/cache/v1/https/repo1.maven.org/maven2/org/scalaj/scalaj-http_2.11/2.3.0/scalaj-http_2.11-2.3.0.jar
7ff9fc005000-7ff9fc008000 r--s 0001a000 08:01 807269                     /home/user/.coursier/cache/v1/https/repo1.maven.org/maven2/com/lihaoyi/sourcecode_2.11/0.1.3/sourcecode_2.11-0.1.3.jar
7ff9fc008000-7ff9fc012000 r--s 00061000 08:01 807370                     /home/user/.coursier/cache/v1/https/repo1.maven.org/maven2/org/scalaz/scalaz-effect_2.11/7.2.8/scalaz-effect_2.11-7.2.8.jar
7ff9fc012000-7ff9fc013000 r--s 00001000 08:01 807355                     /home/user/.coursier/cache/v1/https/repo1.maven.org/maven2/org/jupyter-scala/scala-api_2.11.11/0.4.2/scala-api_2.11.11-0.4.2.jar
7ff9fc013000-7ff9fc014000 r--s 00007000 08:01 807320                     /home/user/.coursier/cache/v1/https/repo1.maven.org/maven2/org/jupyter-scala/kernel-api_2.11/0.4.1/kernel-api_2.11-0.4.1.jar
7ff9fc014000-7ff9fc019000 r--s 00048000 08:01 807334                     /home/user/.coursier/cache/v1/https/repo1.maven.org/maven2/com/lihaoyi/pprint_2.11/0.4.4/pprint_2.11-0.4.4.jar
7ff9fc019000-7ff9fc021000 r--s 0004b000 08:01 807374                     /home/user/.coursier/cache/v1/https/repo1.maven.org/maven2/io/get-coursier/coursier-cache_2.11/1.0.0-RC2/coursier-cache_2.11-1.0.0-RC2.jar
7ff9fc021000-7ff9fc023000 r--s 0000d000 08:01 807262                     /home/user/.coursier/cache/v1/https/repo1.maven.org/maven2/com/lihaoyi/geny_2.11/0.1.1/geny_2.11-0.1.1.jar
7ff9fc023000-7ff9fc025000 r--s 00013000 08:01 807296                     /home/user/.coursier/cache/v1/https/repo1.maven.org/maven2/org/spire-math/jawn-parser_2.11/0.10.3/jawn-parser_2.11-0.10.3.jar
7ff9fc025000-7ff9fc027000 r--s 00016000 08:01 807235                     /home/user/.coursier/cache/v1/https/repo1.maven.org/maven2/org/jupyter-scala/ammonite-util_2.11.11/0.8.3-1/ammonite-util_2.11.11-0.8.3-1.jar
7ff9fc027000-7ff9fc02d000 r--s 0005c000 08:01 807218                     /home/user/.coursier/cache/v1/https/repo1.maven.org/maven2/com/lihaoyi/upickle_2.11/0.4.4/upickle_2.11-0.4.4.jar
7ff9fc02d000-7ff9fc032000 r--s 0009d000 08:01 803185                     /usr/lib/jvm/java-8-openjdk-amd64/jre/lib/jsse.jar
7ff9fc032000-7ff9fc07e000 r--s 0024b000 08:01 806309                     /home/user/.coursier/bootstrap/1.0.0-RC1/coursier-cli_2.11-1.0.0-RC1-standalone.jar
7ff9fc07e000-7ff9fc07f000 r--s 00002000 08:01 807381                     /home/user/.local/share/jupyter/kernels/scala/launcher.jar
7ff9fc07f000-7ff9fc09a000 r--s 00394000 08:01 803174                     /usr/lib/jvm/java-8-openjdk-amd64/jre/lib/ext/cldrdata.jar
7ff9fc09a000-7ff9fc0b5000 r--s 001d6000 08:01 803177                     /usr/lib/jvm/java-8-openjdk-amd64/jre/lib/ext/nashorn.jar
7ff9fc0b5000-7ff9fc0b6000 r--s 0000a000 08:01 803181                     /usr/lib/jvm/java-8-openjdk-amd64/jre/lib/ext/jaccess.jar
7ff9fc0b6000-7ff9fc0b8000 r--s 00008000 08:01 803178                     /usr/lib/jvm/java-8-openjdk-amd64/jre/lib/ext/sunec.jar
7ff9fc0b8000-7ff9fc0c2000 r--s 00116000 08:01 803175                     /usr/lib/jvm/java-8-openjdk-amd64/jre/lib/ext/localedata.jar
7ff9fc0c2000-7ff9fc514000 rw-p 00000000 00:00 0 
7ff9fc514000-7ff9fc6e3000 r--s 03c33000 08:01 803184                     /usr/lib/jvm/java-8-openjdk-amd64/jre/lib/rt.jar
7ff9fc6e3000-7ff9fdfca000 rw-p 00000000 00:00 0 
7ff9fdfca000-7ff9fdfcb000 ---p 00000000 00:00 0 
7ff9fdfcb000-7ff9fe0cb000 rw-p 00000000 00:00 0 
7ff9fe0cb000-7ff9fe0cc000 ---p 00000000 00:00 0 
7ff9fe0cc000-7ff9fe1dc000 rw-p 00000000 00:00 0 
7ff9fe1dc000-7ff9fe2c6000 ---p 00000000 00:00 0 
7ff9fe2c6000-7ff9fe2d6000 rw-p 00000000 00:00 0 
7ff9fe2d6000-7ff9fe3c0000 ---p 00000000 00:00 0 
7ff9fe3c0000-7ff9fe3dc000 rw-p 00000000 00:00 0 
7ff9fe3dc000-7ff9fe43d000 ---p 00000000 00:00 0 
7ff9fe43d000-7ff9fe456000 rw-p 00000000 00:00 0 
7ff9fe456000-7ff9fe7fe000 ---p 00000000 00:00 0 
7ff9fe7fe000-7ff9fe806000 r-xp 00000000 08:01 803135                     /usr/lib/jvm/java-8-openjdk-amd64/jre/lib/amd64/libzip.so
7ff9fe806000-7ff9fea05000 ---p 00008000 08:01 803135                     /usr/lib/jvm/java-8-openjdk-amd64/jre/lib/amd64/libzip.so
7ff9fea05000-7ff9fea06000 r--p 00007000 08:01 803135                     /usr/lib/jvm/java-8-openjdk-amd64/jre/lib/amd64/libzip.so
7ff9fea06000-7ff9fea07000 rw-p 00008000 08:01 803135                     /usr/lib/jvm/java-8-openjdk-amd64/jre/lib/amd64/libzip.so
7ff9fea07000-7ff9fea12000 r-xp 00000000 08:01 2889153                    /lib/x86_64-linux-gnu/libnss_files-2.23.so
7ff9fea12000-7ff9fec11000 ---p 0000b000 08:01 2889153                    /lib/x86_64-linux-gnu/libnss_files-2.23.so
7ff9fec11000-7ff9fec12000 r--p 0000a000 08:01 2889153                    /lib/x86_64-linux-gnu/libnss_files-2.23.so
7ff9fec12000-7ff9fec13000 rw-p 0000b000 08:01 2889153                    /lib/x86_64-linux-gnu/libnss_files-2.23.so
7ff9fec13000-7ff9fec19000 rw-p 00000000 00:00 0 
7ff9fec19000-7ff9fec24000 r-xp 00000000 08:01 2889163                    /lib/x86_64-linux-gnu/libnss_nis-2.23.so
7ff9fec24000-7ff9fee23000 ---p 0000b000 08:01 2889163                    /lib/x86_64-linux-gnu/libnss_nis-2.23.so
7ff9fee23000-7ff9fee24000 r--p 0000a000 08:01 2889163                    /lib/x86_64-linux-gnu/libnss_nis-2.23.so
7ff9fee24000-7ff9fee25000 rw-p 0000b000 08:01 2889163                    /lib/x86_64-linux-gnu/libnss_nis-2.23.so
7ff9fee25000-7ff9fee3b000 r-xp 00000000 08:01 2889147                    /lib/x86_64-linux-gnu/libnsl-2.23.so
7ff9fee3b000-7ff9ff03a000 ---p 00016000 08:01 2889147                    /lib/x86_64-linux-gnu/libnsl-2.23.so
7ff9ff03a000-7ff9ff03b000 r--p 00015000 08:01 2889147                    /lib/x86_64-linux-gnu/libnsl-2.23.so
7ff9ff03b000-7ff9ff03c000 rw-p 00016000 08:01 2889147                    /lib/x86_64-linux-gnu/libnsl-2.23.so
7ff9ff03c000-7ff9ff03e000 rw-p 00000000 00:00 0 
7ff9ff03e000-7ff9ff046000 r-xp 00000000 08:01 2889149                    /lib/x86_64-linux-gnu/libnss_compat-2.23.so
7ff9ff046000-7ff9ff245000 ---p 00008000 08:01 2889149                    /lib/x86_64-linux-gnu/libnss_compat-2.23.so
7ff9ff245000-7ff9ff246000 r--p 00007000 08:01 2889149                    /lib/x86_64-linux-gnu/libnss_compat-2.23.so
7ff9ff246000-7ff9ff247000 rw-p 00008000 08:01 2889149                    /lib/x86_64-linux-gnu/libnss_compat-2.23.so
7ff9ff247000-7ff9ff274000 r-xp 00000000 08:01 803155                     /usr/lib/jvm/java-8-openjdk-amd64/jre/lib/amd64/libjava.so
7ff9ff274000-7ff9ff473000 ---p 0002d000 08:01 803155                     /usr/lib/jvm/java-8-openjdk-amd64/jre/lib/amd64/libjava.so
7ff9ff473000-7ff9ff474000 r--p 0002c000 08:01 803155                     /usr/lib/jvm/java-8-openjdk-amd64/jre/lib/amd64/libjava.so
7ff9ff474000-7ff9ff476000 rw-p 0002d000 08:01 803155                     /usr/lib/jvm/java-8-openjdk-amd64/jre/lib/amd64/libjava.so
7ff9ff476000-7ff9ff485000 r-xp 00000000 08:01 803127                     /usr/lib/jvm/java-8-openjdk-amd64/jre/lib/amd64/libverify.so
7ff9ff485000-7ff9ff684000 ---p 0000f000 08:01 803127                     /usr/lib/jvm/java-8-openjdk-amd64/jre/lib/amd64/libverify.so
7ff9ff684000-7ff9ff686000 r--p 0000e000 08:01 803127                     /usr/lib/jvm/java-8-openjdk-amd64/jre/lib/amd64/libverify.so
7ff9ff686000-7ff9ff687000 rw-p 00010000 08:01 803127                     /usr/lib/jvm/java-8-openjdk-amd64/jre/lib/amd64/libverify.so
7ff9ff687000-7ff9ff68e000 r-xp 00000000 08:01 2889208                    /lib/x86_64-linux-gnu/librt-2.23.so
7ff9ff68e000-7ff9ff88d000 ---p 00007000 08:01 2889208                    /lib/x86_64-linux-gnu/librt-2.23.so
7ff9ff88d000-7ff9ff88e000 r--p 00006000 08:01 2889208                    /lib/x86_64-linux-gnu/librt-2.23.so
7ff9ff88e000-7ff9ff88f000 rw-p 00007000 08:01 2889208                    /lib/x86_64-linux-gnu/librt-2.23.so
7ff9ff88f000-7ff9ff8a5000 r-xp 00000000 08:01 2889092                    /lib/x86_64-linux-gnu/libgcc_s.so.1
7ff9ff8a5000-7ff9ffaa4000 ---p 00016000 08:01 2889092                    /lib/x86_64-linux-gnu/libgcc_s.so.1
7ff9ffaa4000-7ff9ffaa5000 rw-p 00015000 08:01 2889092                    /lib/x86_64-linux-gnu/libgcc_s.so.1
7ff9ffaa5000-7ff9ffbad000 r-xp 00000000 08:01 2889124                    /lib/x86_64-linux-gnu/libm-2.23.so
7ff9ffbad000-7ff9ffdac000 ---p 00108000 08:01 2889124                    /lib/x86_64-linux-gnu/libm-2.23.so
7ff9ffdac000-7ff9ffdad000 r--p 00107000 08:01 2889124                    /lib/x86_64-linux-gnu/libm-2.23.so
7ff9ffdad000-7ff9ffdae000 rw-p 00108000 08:01 2889124                    /lib/x86_64-linux-gnu/libm-2.23.so
7ff9ffdae000-7ff9fff20000 r-xp 00000000 08:01 2107766                    /usr/lib/x86_64-linux-gnu/libstdc++.so.6.0.21
7ff9fff20000-7ffa00120000 ---p 00172000 08:01 2107766                    /usr/lib/x86_64-linux-gnu/libstdc++.so.6.0.21
7ffa00120000-7ffa0012a000 r--p 00172000 08:01 2107766                    /usr/lib/x86_64-linux-gnu/libstdc++.so.6.0.21
7ffa0012a000-7ffa0012c000 rw-p 0017c000 08:01 2107766                    /usr/lib/x86_64-linux-gnu/libstdc++.so.6.0.21
7ffa0012c000-7ffa00130000 rw-p 00000000 00:00 0 
7ffa00130000-7ffa00d8d000 r-xp 00000000 08:01 803133                     /usr/lib/jvm/java-8-openjdk-amd64/jre/lib/amd64/server/libjvm.so
7ffa00d8d000-7ffa00f8d000 ---p 00c5d000 08:01 803133                     /usr/lib/jvm/java-8-openjdk-amd64/jre/lib/amd64/server/libjvm.so
7ffa00f8d000-7ffa01021000 r--p 00c5d000 08:01 803133                     /usr/lib/jvm/java-8-openjdk-amd64/jre/lib/amd64/server/libjvm.so
7ffa01021000-7ffa0104a000 rw-p 00cf1000 08:01 803133                     /usr/lib/jvm/java-8-openjdk-amd64/jre/lib/amd64/server/libjvm.so
7ffa0104a000-7ffa0107a000 rw-p 00000000 00:00 0 
7ffa0107a000-7ffa01092000 r-xp 00000000 08:01 2889200                    /lib/x86_64-linux-gnu/libpthread-2.23.so
7ffa01092000-7ffa01291000 ---p 00018000 08:01 2889200                    /lib/x86_64-linux-gnu/libpthread-2.23.so
7ffa01291000-7ffa01292000 r--p 00017000 08:01 2889200                    /lib/x86_64-linux-gnu/libpthread-2.23.so
7ffa01292000-7ffa01293000 rw-p 00018000 08:01 2889200                    /lib/x86_64-linux-gnu/libpthread-2.23.so
7ffa01293000-7ffa01297000 rw-p 00000000 00:00 0 
7ffa01297000-7ffa0129a000 r-xp 00000000 08:01 2889078                    /lib/x86_64-linux-gnu/libdl-2.23.so
7ffa0129a000-7ffa01499000 ---p 00003000 08:01 2889078                    /lib/x86_64-linux-gnu/libdl-2.23.so
7ffa01499000-7ffa0149a000 r--p 00002000 08:01 2889078                    /lib/x86_64-linux-gnu/libdl-2.23.so
7ffa0149a000-7ffa0149b000 rw-p 00003000 08:01 2889078                    /lib/x86_64-linux-gnu/libdl-2.23.so
7ffa0149b000-7ffa014b4000 r-xp 00000000 08:01 2889245                    /lib/x86_64-linux-gnu/libz.so.1.2.8
7ffa014b4000-7ffa016b3000 ---p 00019000 08:01 2889245                    /lib/x86_64-linux-gnu/libz.so.1.2.8
7ffa016b3000-7ffa016b4000 r--p 00018000 08:01 2889245                    /lib/x86_64-linux-gnu/libz.so.1.2.8
7ffa016b4000-7ffa016b5000 rw-p 00019000 08:01 2889245                    /lib/x86_64-linux-gnu/libz.so.1.2.8
7ffa016b5000-7ffa01875000 r-xp 00000000 08:01 2889054                    /lib/x86_64-linux-gnu/libc-2.23.so
7ffa01875000-7ffa01a75000 ---p 001c0000 08:01 2889054                    /lib/x86_64-linux-gnu/libc-2.23.so
7ffa01a75000-7ffa01a79000 r--p 001c0000 08:01 2889054                    /lib/x86_64-linux-gnu/libc-2.23.so
7ffa01a79000-7ffa01a7b000 rw-p 001c4000 08:01 2889054                    /lib/x86_64-linux-gnu/libc-2.23.so
7ffa01a7b000-7ffa01a7f000 rw-p 00000000 00:00 0 
7ffa01a7f000-7ffa01a8c000 r-xp 00000000 08:01 803131                     /usr/lib/jvm/java-8-openjdk-amd64/jre/lib/amd64/jli/libjli.so
7ffa01a8c000-7ffa01c8c000 ---p 0000d000 08:01 803131                     /usr/lib/jvm/java-8-openjdk-amd64/jre/lib/amd64/jli/libjli.so
7ffa01c8c000-7ffa01c8d000 r--p 0000d000 08:01 803131                     /usr/lib/jvm/java-8-openjdk-amd64/jre/lib/amd64/jli/libjli.so
7ffa01c8d000-7ffa01c8e000 rw-p 0000e000 08:01 803131                     /usr/lib/jvm/java-8-openjdk-amd64/jre/lib/amd64/jli/libjli.so
7ffa01c8e000-7ffa01cb4000 r-xp 00000000 08:01 2889026                    /lib/x86_64-linux-gnu/ld-2.23.so
7ffa01cb4000-7ffa01cb7000 r--s 00038000 08:01 803179                     /usr/lib/jvm/java-8-openjdk-amd64/jre/lib/ext/sunpkcs11.jar
7ffa01cb7000-7ffa01cb9000 r--s 00001000 08:01 803180                     /usr/lib/jvm/java-8-openjdk-amd64/jre/lib/ext/dnsns.jar
7ffa01cb9000-7ffa01cbc000 r--s 0000f000 08:01 803176                     /usr/lib/jvm/java-8-openjdk-amd64/jre/lib/ext/icedtea-sound.jar
7ffa01cbc000-7ffa01d8d000 rw-p 00000000 00:00 0 
7ffa01d8d000-7ffa01d90000 ---p 00000000 00:00 0 
7ffa01d90000-7ffa01e92000 rw-p 00000000 00:00 0 
7ffa01e92000-7ffa01e93000 r--s 00010000 08:01 803182                     /usr/lib/jvm/java-8-openjdk-amd64/jre/lib/ext/zipfs.jar
7ffa01e93000-7ffa01e99000 r--s 0003b000 08:01 803183                     /usr/lib/jvm/java-8-openjdk-amd64/jre/lib/ext/sunjce_provider.jar
7ffa01e99000-7ffa01ea8000 rw-p 00000000 00:00 0 
7ffa01ea8000-7ffa01eb0000 rw-s 00000000 08:01 1836275                    /tmp/hsperfdata_user/125526
7ffa01eb0000-7ffa01eb1000 rw-p 00000000 00:00 0 
7ffa01eb1000-7ffa01eb2000 ---p 00000000 00:00 0 
7ffa01eb2000-7ffa01eb3000 rw-p 00000000 00:00 0 
7ffa01eb3000-7ffa01eb4000 r--p 00025000 08:01 2889026                    /lib/x86_64-linux-gnu/ld-2.23.so
7ffa01eb4000-7ffa01eb5000 rw-p 00026000 08:01 2889026                    /lib/x86_64-linux-gnu/ld-2.23.so
7ffa01eb5000-7ffa01eb6000 rw-p 00000000 00:00 0 
7fff9d489000-7fff9d4aa000 rw-p 00000000 00:00 0                          [stack]
7fff9d57d000-7fff9d580000 r--p 00000000 00:00 0                          [vvar]
7fff9d580000-7fff9d582000 r-xp 00000000 00:00 0                          [vdso]
ffffffffff600000-ffffffffff601000 r-xp 00000000 00:00 0                  [vsyscall]

VM Arguments:
jvm_args: -Xverify:none 
java_command: /home/user/.local/share/jupyter/kernels/scala/launcher.jar launch -r sonatype:releases -r sonatype:snapshots -i ammonite -I ammonite:org.jupyter-scala:ammonite-runtime_2.11.11:0.8.3-1 -I ammonite:org.jupyter-scala:scala-api_2.11.11:0.4.2 org.jupyter-scala:scala-cli_2.11.11:0.4.2 -- --id scala --name Scala --quiet --connection-file /run/user/1000/jupyter/kernel-dd0dea1f-73ff-49d5-a741-bdbc4b5579cd.json
java_class_path (initial): /home/user/.local/share/jupyter/kernels/scala/launcher.jar
Launcher Type: SUN_STANDARD

Environment Variables:
PATH=/home/user/anaconda3/bin:/home/user/anaconda3/bin:/home/user/bin:/home/user/.local/bin:/usr/local/sbin:/usr/local/bin:/usr/sbin:/usr/bin:/sbin:/bin:/usr/games:/usr/local/games:/snap/bin
SHELL=/bin/bash
DISPLAY=:0.0

Signal Handlers:
SIGSEGV: [libjvm.so+0xa71a70], sa_mask[0]=11111111011111111101111111111110, sa_flags=SA_RESTART|SA_SIGINFO
SIGBUS: [libjvm.so+0xa71a70], sa_mask[0]=11111111011111111101111111111110, sa_flags=SA_RESTART|SA_SIGINFO
SIGFPE: [libjvm.so+0x8b8f80], sa_mask[0]=11111111011111111101111111111110, sa_flags=SA_RESTART|SA_SIGINFO
SIGPIPE: [libjvm.so+0x8b8f80], sa_mask[0]=11111111011111111101111111111110, sa_flags=SA_RESTART|SA_SIGINFO
SIGXFSZ: [libjvm.so+0x8b8f80], sa_mask[0]=11111111011111111101111111111110, sa_flags=SA_RESTART|SA_SIGINFO
SIGILL: [libjvm.so+0x8b8f80], sa_mask[0]=11111111011111111101111111111110, sa_flags=SA_RESTART|SA_SIGINFO
SIGUSR1: SIG_DFL, sa_mask[0]=00000000000000000000000000000000, sa_flags=none
SIGUSR2: [libjvm.so+0x8b8e30], sa_mask[0]=00000000000000000000000000000000, sa_flags=SA_RESTART|SA_SIGINFO
SIGHUP: [libjvm.so+0x8b9300], sa_mask[0]=11111111011111111101111111111110, sa_flags=SA_RESTART|SA_SIGINFO
SIGINT: [libjvm.so+0x8b9300], sa_mask[0]=11111111011111111101111111111110, sa_flags=SA_RESTART|SA_SIGINFO
SIGTERM: [libjvm.so+0x8b9300], sa_mask[0]=11111111011111111101111111111110, sa_flags=SA_RESTART|SA_SIGINFO
SIGQUIT: [libjvm.so+0x8b9300], sa_mask[0]=11111111011111111101111111111110, sa_flags=SA_RESTART|SA_SIGINFO


---------------  S Y S T E M  ---------------

OS:DISTRIB_ID=Ubuntu
DISTRIB_RELEASE=16.04
DISTRIB_CODENAME=xenial
DISTRIB_DESCRIPTION="Ubuntu 16.04.5 LTS"

uname:Linux 4.15.0-33-generic #36~16.04.1-Ubuntu SMP Wed Aug 15 17:21:05 UTC 2018 x86_64
libc:glibc 2.23 NPTL 2.23 
rlimit: STACK 8192k, CORE 0k, NPROC 7646, NOFILE 1048576, AS infinity
load average:3.19 1.58 0.71

/proc/meminfo:
MemTotal:        3065896 kB
MemFree:           25036 kB
MemAvailable:      32036 kB
Buffers:             616 kB
Cached:            44808 kB
SwapCached:         2712 kB
Active:          2245228 kB
Inactive:         570988 kB
Active(anon):    2235296 kB
Inactive(anon):   560208 kB
Active(file):       9932 kB
Inactive(file):    10780 kB
Unevictable:          64 kB
Mlocked:              64 kB
SwapTotal:        998396 kB
SwapFree:              0 kB
Dirty:               392 kB
Writeback:             0 kB
AnonPages:       2768304 kB
Mapped:            35728 kB
Shmem:             24564 kB
Slab:              89252 kB
SReclaimable:      35488 kB
SUnreclaim:        53764 kB
KernelStack:       14368 kB
PageTables:        37260 kB
NFS_Unstable:          0 kB
Bounce:                0 kB
WritebackTmp:          0 kB
CommitLimit:     2531344 kB
Committed_AS:    7495016 kB
VmallocTotal:   34359738367 kB
VmallocUsed:           0 kB
VmallocChunk:          0 kB
HardwareCorrupted:     0 kB
AnonHugePages:         0 kB
ShmemHugePages:        0 kB
ShmemPmdMapped:        0 kB
CmaTotal:              0 kB
CmaFree:               0 kB
HugePages_Total:       0
HugePages_Free:        0
HugePages_Rsvd:        0
HugePages_Surp:        0
Hugepagesize:       2048 kB
DirectMap4k:      278400 kB
DirectMap2M:     2867200 kB
DirectMap1G:           0 kB


CPU:total 2 (initial active 2) (1 cores per cpu, 1 threads per core) family 6 model 78 stepping 3, cmov, cx8, fxsr, mmx, sse, sse2, sse3, ssse3, sse4.1, sse4.2, popcnt, avx, avx2, aes, clmul, erms, 3dnowpref, lzcnt, tsc, tscinvbit, bmi1, bmi2, adx

/proc/cpuinfo:
processor	: 0
vendor_id	: GenuineIntel
cpu family	: 6
model		: 78
model name	: Intel(R) Core(TM) i7-6500U CPU @ 2.50GHz
stepping	: 3
microcode	: 0xba
cpu MHz		: 2592.004
cache size	: 4096 KB
physical id	: 0
siblings	: 1
core id		: 0
cpu cores	: 1
apicid		: 0
initial apicid	: 0
fpu		: yes
fpu_exception	: yes
cpuid level	: 22
wp		: yes
flags		: fpu vme de pse tsc msr pae mce cx8 apic sep mtrr pge mca cmov pat pse36 clflush dts mmx fxsr sse sse2 ss syscall nx pdpe1gb rdtscp lm constant_tsc arch_perfmon pebs bts nopl xtopology tsc_reliable nonstop_tsc cpuid aperfmperf pni pclmulqdq ssse3 fma cx16 pcid sse4_1 sse4_2 x2apic movbe popcnt tsc_deadline_timer aes xsave avx f16c rdrand hypervisor lahf_lm abm 3dnowprefetch cpuid_fault epb invpcid_single pti fsgsbase tsc_adjust bmi1 avx2 smep bmi2 invpcid rdseed adx smap xsaveopt dtherm ida arat pln pts hwp hwp_notify hwp_act_window hwp_epp
bugs		: cpu_meltdown spectre_v1 spectre_v2 spec_store_bypass l1tf
bogomips	: 5184.00
clflush size	: 64
cache_alignment	: 64
address sizes	: 42 bits physical, 48 bits virtual
power management:

processor	: 1
vendor_id	: GenuineIntel
cpu family	: 6
model		: 78
model name	: Intel(R) Core(TM) i7-6500U CPU @ 2.50GHz
stepping	: 3
microcode	: 0xba
cpu MHz		: 2592.004
cache size	: 4096 KB
physical id	: 2
siblings	: 1
core id		: 0
cpu cores	: 1
apicid		: 2
initial apicid	: 2
fpu		: yes
fpu_exception	: yes
cpuid level	: 22
wp		: yes
flags		: fpu vme de pse tsc msr pae mce cx8 apic sep mtrr pge mca cmov pat pse36 clflush dts mmx fxsr sse sse2 ss syscall nx pdpe1gb rdtscp lm constant_tsc arch_perfmon pebs bts nopl xtopology tsc_reliable nonstop_tsc cpuid aperfmperf pni pclmulqdq ssse3 fma cx16 pcid sse4_1 sse4_2 x2apic movbe popcnt tsc_deadline_timer aes xsave avx f16c rdrand hypervisor lahf_lm abm 3dnowprefetch cpuid_fault epb invpcid_single pti fsgsbase tsc_adjust bmi1 avx2 smep bmi2 invpcid rdseed adx smap xsaveopt dtherm ida arat pln pts hwp hwp_notify hwp_act_window hwp_epp
bugs		: cpu_meltdown spectre_v1 spectre_v2 spec_store_bypass l1tf
bogomips	: 5184.00
clflush size	: 64
cache_alignment	: 64
address sizes	: 42 bits physical, 48 bits virtual
power management:



Memory: 4k page, physical 3065896k(24044k free), swap 998396k(0k free)

vm_info: OpenJDK 64-Bit Server VM (25.181-b13) for linux-amd64 JRE (1.8.0_181-8u181-b13-1ubuntu0.16.04.1-b13), built on Oct 23 2018 04:39:49 by "buildd" with gcc 5.4.0 20160609

time: Sun Dec  2 20:45:38 2018
elapsed time: 4 seconds (0d 0h 0m 4s)

