#
# There is insufficient memory for the Java Runtime Environment to continue.
# Native memory allocation (mmap) failed to map 54525952 bytes for committing reserved memory.
# Possible reasons:
#   The system is out of physical RAM or swap space
#   In 32 bit mode, the process size limit was hit
# Possible solutions:
#   Reduce memory load on the system
#   Increase physical memory or swap space
#   Check if swap backing store is full
#   Use 64 bit Java on a 64 bit OS
#   Decrease Java heap size (-Xmx/-Xms)
#   Decrease number of Java threads
#   Decrease Java thread stack sizes (-Xss)
#   Set larger code cache with -XX:ReservedCodeCacheSize=
# This output file may be truncated or incomplete.
#
#  Out of Memory Error (os_linux.cpp:2643), pid=125415, tid=0x00007fb125f86700
#
# JRE version: OpenJDK Runtime Environment (8.0_181-b13) (build 1.8.0_181-8u181-b13-1ubuntu0.16.04.1-b13)
# Java VM: OpenJDK 64-Bit Server VM (25.181-b13 mixed mode linux-amd64 compressed oops)
# Failed to write core dump. Core dumps have been disabled. To enable core dumping, try "ulimit -c unlimited" before starting Java again
#

---------------  T H R E A D  ---------------

Current thread (0x00007fb13c0fb800):  VMThread [stack: 0x00007fb125e86000,0x00007fb125f87000] [id=125419]

Stack: [0x00007fb125e86000,0x00007fb125f87000],  sp=0x00007fb125f854a0,  free space=1021k
Native frames: (J=compiled Java code, j=interpreted, Vv=VM code, C=native code)
V  [libjvm.so+0xa70f1b]
V  [libjvm.so+0x4c893c]
V  [libjvm.so+0x8bda48]
V  [libjvm.so+0x8b7dde]
V  [libjvm.so+0x933246]
V  [libjvm.so+0x934573]
V  [libjvm.so+0x930c3b]
V  [libjvm.so+0x929a69]
V  [libjvm.so+0x44c943]
V  [libjvm.so+0xa724a9]
V  [libjvm.so+0xa77d67]
V  [libjvm.so+0xa75467]
V  [libjvm.so+0xa768ef]
V  [libjvm.so+0xa76de1]
V  [libjvm.so+0x8bae52]

VM_Operation (0x00007fb143aea8c0): CollectForMetadataAllocation, mode: safepoint, requested by thread 0x00007fb13c00a800


---------------  P R O C E S S  ---------------

Java Threads: ( => current thread )
  0x00007fb13c3c4800 JavaThread "pool-2-thread-6" daemon [_thread_blocked, id=125439, stack(0x00007fb124404000,0x00007fb124505000)]
  0x00007fb13c3c2800 JavaThread "pool-2-thread-5" daemon [_thread_blocked, id=125438, stack(0x00007fb124505000,0x00007fb124606000)]
  0x00007fb13c3c1000 JavaThread "pool-2-thread-4" daemon [_thread_blocked, id=125437, stack(0x00007fb124606000,0x00007fb124707000)]
  0x00007fb13c3bf000 JavaThread "pool-2-thread-3" daemon [_thread_blocked, id=125436, stack(0x00007fb124707000,0x00007fb124808000)]
  0x00007fb13c3be000 JavaThread "pool-2-thread-2" daemon [_thread_blocked, id=125435, stack(0x00007fb124a0a000,0x00007fb124b0b000)]
  0x00007fb13c3bd000 JavaThread "pool-2-thread-1" daemon [_thread_blocked, id=125434, stack(0x00007fb124909000,0x00007fb124a0a000)]
  0x00007fb13c1f0800 JavaThread "process reaper" daemon [_thread_blocked, id=125429, stack(0x00007fb12c00d000,0x00007fb12c046000)]
  0x00007fb13c141800 JavaThread "Service Thread" daemon [_thread_blocked, id=125425, stack(0x00007fb124e58000,0x00007fb124f59000)]
  0x00007fb13c13e800 JavaThread "C1 CompilerThread1" daemon [_thread_blocked, id=125424, stack(0x00007fb124f59000,0x00007fb12505a000)]
  0x00007fb13c13b800 JavaThread "C2 CompilerThread0" daemon [_thread_blocked, id=125423, stack(0x00007fb12505a000,0x00007fb12515b000)]
  0x00007fb13c13a000 JavaThread "Signal Dispatcher" daemon [_thread_blocked, id=125422, stack(0x00007fb12515b000,0x00007fb12525c000)]
  0x00007fb13c107800 JavaThread "Finalizer" daemon [_thread_blocked, id=125421, stack(0x00007fb125c84000,0x00007fb125d85000)]
  0x00007fb13c105000 JavaThread "Reference Handler" daemon [_thread_blocked, id=125420, stack(0x00007fb125d85000,0x00007fb125e86000)]
  0x00007fb13c00a800 JavaThread "main" [_thread_blocked, id=125416, stack(0x00007fb1439f0000,0x00007fb143af1000)]

Other Threads:
=>0x00007fb13c0fb800 VMThread [stack: 0x00007fb125e86000,0x00007fb125f87000] [id=125419]
  0x00007fb13c144000 WatcherThread [stack: 0x00007fb124d57000,0x00007fb124e58000] [id=125426]

VM state:at safepoint (normal execution)

VM Mutex/Monitor currently owned by a thread:  ([mutex/lock_event])
[0x00007fb13c006f80] Threads_lock - owner thread: 0x00007fb13c0fb800
[0x00007fb13c007480] Heap_lock - owner thread: 0x00007fb13c00a800

Heap:
 PSYoungGen      total 53248K, used 4080K [0x00000000f0600000, 0x00000000f3e00000, 0x0000000100000000)
  eden space 49152K, 0% used [0x00000000f0600000,0x00000000f0600000,0x00000000f3600000)
  from space 4096K, 99% used [0x00000000f3600000,0x00000000f39fc3f0,0x00000000f3a00000)
  to   space 4096K, 0% used [0x00000000f3a00000,0x00000000f3a00000,0x00000000f3e00000)
 ParOldGen       total 32768K, used 7695K [0x00000000d1200000, 0x00000000d3200000, 0x00000000f0600000)
  object space 32768K, 23% used [0x00000000d1200000,0x00000000d1983e80,0x00000000d3200000)
 Metaspace       used 20813K, capacity 21134K, committed 21248K, reserved 1067008K
  class space    used 3429K, capacity 3545K, committed 3584K, reserved 1048576K

Card table byte_map: [0x00007fb12ce88000,0x00007fb12d000000] byte_map_base: 0x00007fb12c7ff000

Marking Bits: (ParMarkBitMap*) 0x00007fb142cc03a0
 Begin Bits: [0x00007fb126890000, 0x00007fb127448000)
 End Bits:   [0x00007fb127448000, 0x00007fb128000000)

Polling page: 0x00007fb143b14000

CodeCache: size=245760Kb used=6301Kb max_used=6311Kb free=239458Kb
 bounds [0x00007fb12d000000, 0x00007fb12d630000, 0x00007fb13c000000]
 total_blobs=2756 nmethods=2359 adapters=311
 compilation: enabled

Compilation events (10 events):
Event: 4.017 Thread 0x00007fb13c13b800 2362       4       java.security.CodeSource::getCertificates (98 bytes)
Event: 4.017 Thread 0x00007fb13c13b800 nmethod 2362 0x00007fb12d617790 code [0x00007fb12d6178e0, 0x00007fb12d617978]
Event: 4.090 Thread 0x00007fb13c13e800 2366       3       sun.misc.ASCIICaseInsensitiveComparator::compare (126 bytes)
Event: 4.091 Thread 0x00007fb13c13e800 nmethod 2366 0x00007fb12d6282d0 code [0x00007fb12d6284e0, 0x00007fb12d6290d8]
Event: 4.101 Thread 0x00007fb13c13b800 2367       4       java.util.jar.JarFile::maybeInstantiateVerifier (96 bytes)
Event: 4.107 Thread 0x00007fb13c13b800 nmethod 2367 0x00007fb12d62c7d0 code [0x00007fb12d62c980, 0x00007fb12d62ce18]
Event: 4.110 Thread 0x00007fb13c13e800 2368       3       java.io.OutputStream::<init> (5 bytes)
Event: 4.111 Thread 0x00007fb13c13e800 nmethod 2368 0x00007fb12d625ed0 code [0x00007fb12d626040, 0x00007fb12d6261f0]
Event: 4.117 Thread 0x00007fb13c13e800 2369       1       scala.UniquenessCache::map (5 bytes)
Event: 4.117 Thread 0x00007fb13c13e800 nmethod 2369 0x00007fb12d625c10 code [0x00007fb12d625d60, 0x00007fb12d625e70]

GC Heap History (10 events):
Event: 1.053 GC heap after
Heap after GC invocations=2 (full 0):
 PSYoungGen      total 14336K, used 2048K [0x00000000f0600000, 0x00000000f2200000, 0x0000000100000000)
  eden space 12288K, 0% used [0x00000000f0600000,0x00000000f0600000,0x00000000f1200000)
  from space 2048K, 100% used [0x00000000f1400000,0x00000000f1600000,0x00000000f1600000)
  to   space 2048K, 0% used [0x00000000f1200000,0x00000000f1200000,0x00000000f1400000)
 ParOldGen       total 32768K, used 1482K [0x00000000d1200000, 0x00000000d3200000, 0x00000000f0600000)
  object space 32768K, 4% used [0x00000000d1200000,0x00000000d1372b70,0x00000000d3200000)
 Metaspace       used 9804K, capacity 9982K, committed 10240K, reserved 1058816K
  class space    used 1640K, capacity 1703K, committed 1792K, reserved 1048576K
}
Event: 1.482 GC heap before
{Heap before GC invocations=3 (full 0):
 PSYoungGen      total 14336K, used 14336K [0x00000000f0600000, 0x00000000f2200000, 0x0000000100000000)
  eden space 12288K, 100% used [0x00000000f0600000,0x00000000f1200000,0x00000000f1200000)
  from space 2048K, 100% used [0x00000000f1400000,0x00000000f1600000,0x00000000f1600000)
  to   space 2048K, 0% used [0x00000000f1200000,0x00000000f1200000,0x00000000f1400000)
 ParOldGen       total 32768K, used 1482K [0x00000000d1200000, 0x00000000d3200000, 0x00000000f0600000)
  object space 32768K, 4% used [0x00000000d1200000,0x00000000d1372b70,0x00000000d3200000)
 Metaspace       used 13026K, capacity 13234K, committed 13312K, reserved 1060864K
  class space    used 2218K, capacity 2279K, committed 2304K, reserved 1048576K
Event: 1.495 GC heap after
Heap after GC invocations=3 (full 0):
 PSYoungGen      total 14336K, used 2031K [0x00000000f0600000, 0x00000000f2200000, 0x0000000100000000)
  eden space 12288K, 0% used [0x00000000f0600000,0x00000000f0600000,0x00000000f1200000)
  from space 2048K, 99% used [0x00000000f1200000,0x00000000f13fbc80,0x00000000f1400000)
  to   space 2048K, 0% used [0x00000000f2000000,0x00000000f2000000,0x00000000f2200000)
 ParOldGen       total 32768K, used 3063K [0x00000000d1200000, 0x00000000d3200000, 0x00000000f0600000)
  object space 32768K, 9% used [0x00000000d1200000,0x00000000d14fdcf8,0x00000000d3200000)
 Metaspace       used 13026K, capacity 13234K, committed 13312K, reserved 1060864K
  class space    used 2218K, capacity 2279K, committed 2304K, reserved 1048576K
}
Event: 1.791 GC heap before
{Heap before GC invocations=4 (full 0):
 PSYoungGen      total 14336K, used 14319K [0x00000000f0600000, 0x00000000f2200000, 0x0000000100000000)
  eden space 12288K, 100% used [0x00000000f0600000,0x00000000f1200000,0x00000000f1200000)
  from space 2048K, 99% used [0x00000000f1200000,0x00000000f13fbc80,0x00000000f1400000)
  to   space 2048K, 0% used [0x00000000f2000000,0x00000000f2000000,0x00000000f2200000)
 ParOldGen       total 32768K, used 3063K [0x00000000d1200000, 0x00000000d3200000, 0x00000000f0600000)
  object space 32768K, 9% used [0x00000000d1200000,0x00000000d14fdcf8,0x00000000d3200000)
 Metaspace       used 13838K, capacity 14078K, committed 14336K, reserved 1060864K
  class space    used 2384K, capacity 2473K, committed 2560K, reserved 1048576K
Event: 1.799 GC heap after
Heap after GC invocations=4 (full 0):
 PSYoungGen      total 26624K, used 2034K [0x00000000f0600000, 0x00000000f2200000, 0x0000000100000000)
  eden space 24576K, 0% used [0x00000000f0600000,0x00000000f0600000,0x00000000f1e00000)
  from space 2048K, 99% used [0x00000000f2000000,0x00000000f21fc8d0,0x00000000f2200000)
  to   space 2048K, 0% used [0x00000000f1e00000,0x00000000f1e00000,0x00000000f2000000)
 ParOldGen       total 32768K, used 3645K [0x00000000d1200000, 0x00000000d3200000, 0x00000000f0600000)
  object space 32768K, 11% used [0x00000000d1200000,0x00000000d158f778,0x00000000d3200000)
 Metaspace       used 13838K, capacity 14078K, committed 14336K, reserved 1060864K
  class space    used 2384K, capacity 2473K, committed 2560K, reserved 1048576K
}
Event: 2.149 GC heap before
{Heap before GC invocations=5 (full 0):
 PSYoungGen      total 26624K, used 26610K [0x00000000f0600000, 0x00000000f2200000, 0x0000000100000000)
  eden space 24576K, 100% used [0x00000000f0600000,0x00000000f1e00000,0x00000000f1e00000)
  from space 2048K, 99% used [0x00000000f2000000,0x00000000f21fc8d0,0x00000000f2200000)
  to   space 2048K, 0% used [0x00000000f1e00000,0x00000000f1e00000,0x00000000f2000000)
 ParOldGen       total 32768K, used 3645K [0x00000000d1200000, 0x00000000d3200000, 0x00000000f0600000)
  object space 32768K, 11% used [0x00000000d1200000,0x00000000d158f778,0x00000000d3200000)
 Metaspace       used 14302K, capacity 14590K, committed 14848K, reserved 1060864K
  class space    used 2437K, capacity 2537K, committed 2560K, reserved 1048576K
Event: 2.160 GC heap after
Heap after GC invocations=5 (full 0):
 PSYoungGen      total 26624K, used 2047K [0x00000000f0600000, 0x00000000f3e00000, 0x0000000100000000)
  eden space 24576K, 0% used [0x00000000f0600000,0x00000000f0600000,0x00000000f1e00000)
  from space 2048K, 99% used [0x00000000f1e00000,0x00000000f1fffcb0,0x00000000f2000000)
  to   space 4096K, 0% used [0x00000000f3a00000,0x00000000f3a00000,0x00000000f3e00000)
 ParOldGen       total 32768K, used 4101K [0x00000000d1200000, 0x00000000d3200000, 0x00000000f0600000)
  object space 32768K, 12% used [0x00000000d1200000,0x00000000d1601778,0x00000000d3200000)
 Metaspace       used 14302K, capacity 14590K, committed 14848K, reserved 1060864K
  class space    used 2437K, capacity 2537K, committed 2560K, reserved 1048576K
}
Event: 3.481 GC heap before
{Heap before GC invocations=6 (full 0):
 PSYoungGen      total 26624K, used 26623K [0x00000000f0600000, 0x00000000f3e00000, 0x0000000100000000)
  eden space 24576K, 100% used [0x00000000f0600000,0x00000000f1e00000,0x00000000f1e00000)
  from space 2048K, 99% used [0x00000000f1e00000,0x00000000f1fffcb0,0x00000000f2000000)
  to   space 4096K, 0% used [0x00000000f3a00000,0x00000000f3a00000,0x00000000f3e00000)
 ParOldGen       total 32768K, used 4101K [0x00000000d1200000, 0x00000000d3200000, 0x00000000f0600000)
  object space 32768K, 12% used [0x00000000d1200000,0x00000000d1601778,0x00000000d3200000)
 Metaspace       used 15015K, capacity 15406K, committed 15488K, reserved 1062912K
  class space    used 2537K, capacity 2681K, committed 2688K, reserved 1048576K
Event: 3.495 GC heap after
Heap after GC invocations=6 (full 0):
 PSYoungGen      total 53248K, used 3041K [0x00000000f0600000, 0x00000000f3e00000, 0x0000000100000000)
  eden space 49152K, 0% used [0x00000000f0600000,0x00000000f0600000,0x00000000f3600000)
  from space 4096K, 74% used [0x00000000f3a00000,0x00000000f3cf85a0,0x00000000f3e00000)
  to   space 4096K, 0% used [0x00000000f3600000,0x00000000f3600000,0x00000000f3a00000)
 ParOldGen       total 32768K, used 4101K [0x00000000d1200000, 0x00000000d3200000, 0x00000000f0600000)
  object space 32768K, 12% used [0x00000000d1200000,0x00000000d1601778,0x00000000d3200000)
 Metaspace       used 15015K, capacity 15406K, committed 15488K, reserved 1062912K
  class space    used 2537K, capacity 2681K, committed 2688K, reserved 1048576K
}
Event: 4.122 GC heap before
{Heap before GC invocations=7 (full 0):
 PSYoungGen      total 53248K, used 38439K [0x00000000f0600000, 0x00000000f3e00000, 0x0000000100000000)
  eden space 49152K, 72% used [0x00000000f0600000,0x00000000f2891968,0x00000000f3600000)
  from space 4096K, 74% used [0x00000000f3a00000,0x00000000f3cf85a0,0x00000000f3e00000)
  to   space 4096K, 0% used [0x00000000f3600000,0x00000000f3600000,0x00000000f3a00000)
 ParOldGen       total 32768K, used 4101K [0x00000000d1200000, 0x00000000d3200000, 0x00000000f0600000)
  object space 32768K, 12% used [0x00000000d1200000,0x00000000d1601778,0x00000000d3200000)
 Metaspace       used 20813K, capacity 21134K, committed 21248K, reserved 1067008K
  class space    used 3429K, capacity 3545K, committed 3584K, reserved 1048576K

Deoptimization events (10 events):
Event: 3.273 Thread 0x00007fb13c00a800 Uncommon trap: reason=unstable_if action=reinterpret pc=0x00007fb12d1a85e0 method=sun.misc.URLClassPath.getLoader(I)Lsun/misc/URLClassPath$Loader; @ 36
Event: 3.273 Thread 0x00007fb13c00a800 Uncommon trap: reason=unstable_if action=reinterpret pc=0x00007fb12d1cd634 method=sun.misc.URLClassPath$JarLoader.ensureOpen()V @ 4
Event: 3.415 Thread 0x00007fb13c00a800 Uncommon trap: reason=bimorphic action=maybe_recompile pc=0x00007fb12d2c7e28 method=java.lang.ClassLoader.loadClass(Ljava/lang/String;Z)Ljava/lang/Class; @ 38
Event: 3.416 Thread 0x00007fb13c00a800 Uncommon trap: reason=unstable_if action=reinterpret pc=0x00007fb12d2c7b24 method=java.lang.ClassLoader.getClassLoadingLock(Ljava/lang/String;)Ljava/lang/Object; @ 6
Event: 3.416 Thread 0x00007fb13c00a800 Uncommon trap: reason=unstable_if action=reinterpret pc=0x00007fb12d459d14 method=java.util.jar.JarFile.getManEntry()Ljava/util/jar/JarEntry; @ 4
Event: 3.444 Thread 0x00007fb13c00a800 Uncommon trap: reason=unstable_if action=reinterpret pc=0x00007fb12d1f61d4 method=sun.net.www.ParseUtil.encodePath(Ljava/lang/String;Z)Ljava/lang/String; @ 116
Event: 3.786 Thread 0x00007fb13c00a800 Uncommon trap: reason=unstable_if action=reinterpret pc=0x00007fb12d572860 method=java.lang.Integer.valueOf(I)Ljava/lang/Integer; @ 3
Event: 3.817 Thread 0x00007fb13c00a800 Uncommon trap: reason=unstable_if action=reinterpret pc=0x00007fb12d523f1c method=java.lang.CharacterDataLatin1.digit(II)I @ 82
Event: 3.897 Thread 0x00007fb13c00a800 Uncommon trap: reason=class_check action=maybe_recompile pc=0x00007fb12d49ccb4 method=java.util.regex.Pattern$Slice.match(Ljava/util/regex/Matcher;ILjava/lang/CharSequence;)Z @ 75
Event: 3.931 Thread 0x00007fb13c00a800 Uncommon trap: reason=unstable_if action=reinterpret pc=0x00007fb12d619ea4 method=java.util.zip.ZipFile$ZipFileInputStream.read([BII)I @ 46

Classes redefined (0 events):
No events

Internal exceptions (10 events):
Event: 0.296 Thread 0x00007fb13c00a800 Exception <a 'java/security/PrivilegedActionException'> (0x00000000f0684f10) thrown at [/build/openjdk-8-lTwZJE/openjdk-8-8u181-b13/src/hotspot/src/share/vm/prims/jvm.cpp, line 1435]
Event: 0.296 Thread 0x00007fb13c00a800 Exception <a 'java/security/PrivilegedActionException'> (0x00000000f0686f98) thrown at [/build/openjdk-8-lTwZJE/openjdk-8-8u181-b13/src/hotspot/src/share/vm/prims/jvm.cpp, line 1435]
Event: 0.296 Thread 0x00007fb13c00a800 Exception <a 'java/security/PrivilegedActionException'> (0x00000000f06871a8) thrown at [/build/openjdk-8-lTwZJE/openjdk-8-8u181-b13/src/hotspot/src/share/vm/prims/jvm.cpp, line 1435]
Event: 0.296 Thread 0x00007fb13c00a800 Exception <a 'java/security/PrivilegedActionException'> (0x00000000f0687c80) thrown at [/build/openjdk-8-lTwZJE/openjdk-8-8u181-b13/src/hotspot/src/share/vm/prims/jvm.cpp, line 1435]
Event: 0.296 Thread 0x00007fb13c00a800 Exception <a 'java/security/PrivilegedActionException'> (0x00000000f0687e90) thrown at [/build/openjdk-8-lTwZJE/openjdk-8-8u181-b13/src/hotspot/src/share/vm/prims/jvm.cpp, line 1435]
Event: 1.043 Thread 0x00007fb13c00a800 Exception <a 'java/lang/NoSuchFieldError': method resolution failed> (0x00000000f11fa4e8) thrown at [/build/openjdk-8-lTwZJE/openjdk-8-8u181-b13/src/hotspot/src/share/vm/prims/methodHandles.cpp, line 1167]
Event: 1.055 Thread 0x00007fb13c00a800 Exception <a 'java/lang/NoSuchFieldError': method resolution failed> (0x00000000f0607d20) thrown at [/build/openjdk-8-lTwZJE/openjdk-8-8u181-b13/src/hotspot/src/share/vm/prims/methodHandles.cpp, line 1167]
Event: 1.372 Thread 0x00007fb13c3bf000 Implicit null exception at 0x00007fb12d1cab1b to 0x00007fb12d1cacd1
Event: 3.820 Thread 0x00007fb13c00a800 Exception <a 'java/io/FileNotFoundException'> (0x00000000f19586a8) thrown at [/build/openjdk-8-lTwZJE/openjdk-8-8u181-b13/src/hotspot/src/share/vm/prims/jni.cpp, line 709]
Event: 3.924 Thread 0x00007fb13c00a800 Exception <a 'java/lang/NoSuchMethodError': org.slf4j.impl.StaticMDCBinder.getSingleton()Lorg/slf4j/impl/StaticMDCBinder;> (0x00000000f21b2b18) thrown at [/build/openjdk-8-lTwZJE/openjdk-8-8u181-b13/src/hotspot/src/share/vm/interpreter/linkResolver.cpp, l

Events (10 events):
Event: 4.120 loading class jupyter/kernel/protocol/ShellRequest$Execute$ done
Event: 4.120 loading class scala/runtime/AbstractFunction6
Event: 4.120 loading class scala/runtime/AbstractFunction6 done
Event: 4.120 loading class scala/Function6
Event: 4.120 loading class scala/Function6 done
Event: 4.121 loading class scala/Function6$class
Event: 4.121 loading class scala/Function6$class done
Event: 4.121 loading class jupyter/kernel/protocol/ShellRequestDecodeJsons$anon$derivedDecodeJson$macro$1753$1$anon$macro$1742$1
Event: 4.121 loading class jupyter/kernel/protocol/ShellRequestDecodeJsons$anon$derivedDecodeJson$macro$1753$1$anon$macro$1742$1 done
Event: 4.122 Executing VM operation: CollectForMetadataAllocation


Dynamic libraries:
00400000-00401000 r-xp 00000000 08:01 803085                             /usr/lib/jvm/java-8-openjdk-amd64/jre/bin/java
00600000-00601000 r--p 00000000 08:01 803085                             /usr/lib/jvm/java-8-openjdk-amd64/jre/bin/java
00601000-00602000 rw-p 00001000 08:01 803085                             /usr/lib/jvm/java-8-openjdk-amd64/jre/bin/java
01c41000-01d39000 rw-p 00000000 00:00 0                                  [heap]
d1200000-d3200000 rw-p 00000000 00:00 0 
d3200000-f0600000 ---p 00000000 00:00 0 
f0600000-f3e00000 rw-p 00000000 00:00 0 
f7200000-100000000 ---p 00000000 00:00 0 
100000000-100380000 rw-p 00000000 00:00 0 
100380000-140000000 ---p 00000000 00:00 0 
7fb0ec1e0000-7fb0ef1e1000 rw-p 00000000 00:00 0 
7fb0ef1e1000-7fb0ef1f8000 r-xp 00000000 08:01 803144                     /usr/lib/jvm/java-8-openjdk-amd64/jre/lib/amd64/libnet.so
7fb0ef1f8000-7fb0ef3f7000 ---p 00017000 08:01 803144                     /usr/lib/jvm/java-8-openjdk-amd64/jre/lib/amd64/libnet.so
7fb0ef3f7000-7fb0ef3f8000 r--p 00016000 08:01 803144                     /usr/lib/jvm/java-8-openjdk-amd64/jre/lib/amd64/libnet.so
7fb0ef3f8000-7fb0ef3f9000 rw-p 00017000 08:01 803144                     /usr/lib/jvm/java-8-openjdk-amd64/jre/lib/amd64/libnet.so
7fb0ef3f9000-7fb0ef40a000 r-xp 00000000 08:01 803143                     /usr/lib/jvm/java-8-openjdk-amd64/jre/lib/amd64/libnio.so
7fb0ef40a000-7fb0ef60a000 ---p 00011000 08:01 803143                     /usr/lib/jvm/java-8-openjdk-amd64/jre/lib/amd64/libnio.so
7fb0ef60a000-7fb0ef60b000 r--p 00011000 08:01 803143                     /usr/lib/jvm/java-8-openjdk-amd64/jre/lib/amd64/libnio.so
7fb0ef60b000-7fb0ef60c000 rw-p 00012000 08:01 803143                     /usr/lib/jvm/java-8-openjdk-amd64/jre/lib/amd64/libnio.so
7fb0ef60c000-7fb0ef74c000 rw-p 00000000 00:00 0 
7fb0ef74c000-7fb0ef80c000 ---p 00000000 00:00 0 
7fb0ef80c000-7fb0efa0c000 rw-p 00000000 00:00 0 
7fb0efa0c000-7fb0efa0d000 r--s 00006000 08:01 807207                     /home/user/.coursier/cache/v1/https/repo1.maven.org/maven2/com/github/alexarchambault/case-app-annotations_2.11/1.1.3/case-app-annotations_2.11-1.1.3.jar
7fb0efa0d000-7fb0efa14000 r--s 00042000 08:01 807208                     /home/user/.coursier/cache/v1/https/repo1.maven.org/maven2/com/github/alexarchambault/case-app_2.11/1.1.3/case-app_2.11-1.1.3.jar
7fb0efa14000-7fb0efa17000 r--s 00011000 08:01 807203                     /home/user/.coursier/cache/v1/https/repo1.maven.org/maven2/com/lihaoyi/fastparse-utils_2.11/0.4.2/fastparse-utils_2.11-0.4.2.jar
7fb0efa17000-7fb0efa18000 r--s 00000000 08:01 807233                     /home/user/.coursier/cache/v1/https/repo1.maven.org/maven2/org/typelevel/macro-compat_2.11/1.1.1/macro-compat_2.11-1.1.1.jar
7fb0efa18000-7fb0efa23000 r--s 00069000 08:01 807253                     /home/user/.coursier/cache/v1/https/repo1.maven.org/maven2/ch/qos/logback/logback-core/1.2.1/logback-core-1.2.1.jar
7fb0efa23000-7fb0efa28000 r--s 00039000 08:01 807259                     /home/user/.coursier/cache/v1/https/repo1.maven.org/maven2/org/zeromq/jeromq/0.3.6/jeromq-0.3.6.jar
7fb0efa28000-7fb0efa3b000 r--s 000bb000 08:01 807205                     /home/user/.coursier/cache/v1/https/repo1.maven.org/maven2/org/jupyter-scala/kernel_2.11/0.4.1/kernel_2.11-0.4.1.jar
7fb0efa3b000-7fb0efa41000 r--s 00046000 08:01 807275                     /home/user/.coursier/cache/v1/https/repo1.maven.org/maven2/ch/qos/logback/logback-classic/1.2.1/logback-classic-1.2.1.jar
7fb0efa41000-7fb0efa4b000 r--s 00074000 08:01 807377                     /home/user/.coursier/cache/v1/https/repo1.maven.org/maven2/org/jupyter-scala/ammonite-compiler_2.11.11/0.8.3-1/ammonite-compiler_2.11.11-0.8.3-1.jar
7fb0efa4b000-7fb0efa4e000 r--s 00015000 08:01 807242                     /home/user/.coursier/cache/v1/https/repo1.maven.org/maven2/org/jupyter-scala/scala-cli_2.11.11/0.4.2/scala-cli_2.11.11-0.4.2.jar
7fb0efa4e000-7fb0efa4f000 r--s 00008000 08:01 807293                     /home/user/.coursier/cache/v1/https/repo1.maven.org/maven2/com/typesafe/scala-logging/scala-logging_2.11/3.5.0/scala-logging_2.11-3.5.0.jar
7fb0efa4f000-7fb0efa54000 r--s 00044000 08:01 807300                     /home/user/.coursier/cache/v1/https/repo1.maven.org/maven2/org/scodec/scodec-bits_2.11/1.1.2/scodec-bits_2.11-1.1.2.jar
7fb0efa54000-7fb0efa5e000 r--s 00069000 08:01 807307                     /home/user/.coursier/cache/v1/https/repo1.maven.org/maven2/com/lihaoyi/scalaparse_2.11/0.4.2/scalaparse_2.11-0.4.2.jar
7fb0efa5e000-7fb0efa61000 r--s 00016000 08:01 807311                     /home/user/.coursier/cache/v1/https/repo1.maven.org/maven2/org/jupyter-scala/scala-kernel_2.11.11/0.4.2/scala-kernel_2.11.11-0.4.2.jar
7fb0efa61000-7fb0efa65000 r--s 00029000 08:01 807324                     /home/user/.coursier/cache/v1/https/repo1.maven.org/maven2/org/jupyter-scala/kernel-protocol_2.11/0.4.1/kernel-protocol_2.11-0.4.1.jar
7fb0efa65000-7fb0efa6b000 r--s 0004d000 08:01 807344                     /home/user/.coursier/cache/v1/https/repo1.maven.org/maven2/com/lihaoyi/fastparse_2.11/0.4.2/fastparse_2.11-0.4.2.jar
7fb0efa6b000-7fb0efa8e000 r--s 00155000 08:01 807348                     /home/user/.coursier/cache/v1/https/repo1.maven.org/maven2/org/scalaz/stream/scalaz-stream_2.11/0.8.6a/scalaz-stream_2.11-0.8.6a.jar
7fb0efa8e000-7fb0efa92000 r--s 0001b000 08:01 807362                     /home/user/.coursier/cache/v1/https/repo1.maven.org/maven2/com/github/alexarchambault/argonaut-shapeless_6.2_2.11/1.2.0-M5/argonaut-shapeless_6.2_2.11-1.2.0-M5.jar
7fb0efa92000-7fb0efa94000 r--s 00009000 08:01 807266                     /home/user/.coursier/cache/v1/https/repo1.maven.org/maven2/org/slf4j/slf4j-api/1.7.22/slf4j-api-1.7.22.jar
7fb0efa94000-7fb0efa96000 r--s 0000a000 08:01 807225                     /home/user/.coursier/cache/v1/https/repo1.maven.org/maven2/com/github/alexarchambault/case-app-util_2.11/1.1.3/case-app-util_2.11-1.1.3.jar
7fb0efa96000-7fb0efac6000 r--s 001c7000 08:01 807281                     /home/user/.coursier/cache/v1/https/repo1.maven.org/maven2/io/argonaut/argonaut_2.11/6.2/argonaut_2.11-6.2.jar
7fb0efac6000-7fb0efb0c000 r--s 00317000 08:01 807336                     /home/user/.coursier/cache/v1/https/repo1.maven.org/maven2/com/chuusai/shapeless_2.11/2.3.2/shapeless_2.11-2.3.2.jar
7fb0efb0c000-7fb0efb11000 r--s 00048000 08:01 807334                     /home/user/.coursier/cache/v1/https/repo1.maven.org/maven2/com/lihaoyi/pprint_2.11/0.4.4/pprint_2.11-0.4.4.jar
7fb0efb11000-7fb0efb13000 r--s 00012000 08:01 807339                     /home/user/.coursier/cache/v1/https/repo1.maven.org/maven2/com/lihaoyi/fansi_2.11/0.2.3/fansi_2.11-0.2.3.jar
7fb0efb13000-7fb0efb14000 r--s 00007000 08:01 807320                     /home/user/.coursier/cache/v1/https/repo1.maven.org/maven2/org/jupyter-scala/kernel-api_2.11/0.4.1/kernel-api_2.11-0.4.1.jar
7fb0efb14000-7fb0efb15000 r--s 00001000 08:01 807355                     /home/user/.coursier/cache/v1/https/repo1.maven.org/maven2/org/jupyter-scala/scala-api_2.11.11/0.4.2/scala-api_2.11.11-0.4.2.jar
7fb0efb15000-7fb0efb1a000 r--s 00047000 08:01 807328                     /home/user/.coursier/cache/v1/https/repo1.maven.org/maven2/org/jupyter-scala/ammonite-ops_2.11/0.8.3-1/ammonite-ops_2.11-0.8.3-1.jar
7fb0efb1a000-7fb0efb25000 r--s 0005d000 08:01 807365                     /home/user/.coursier/cache/v1/https/repo1.maven.org/maven2/org/scala-lang/modules/scala-parser-combinators_2.11/1.0.4/scala-parser-combinators_2.11-1.0.4.jar
7fb0efb25000-7fb0efb2f000 r--s 0009a000 08:01 807217                     /home/user/.coursier/cache/v1/https/repo1.maven.org/maven2/org/scala-lang/modules/scala-xml_2.11/1.0.6/scala-xml_2.11-1.0.6.jar
7fb0efb2f000-7fb0efb55000 r--s 00196000 08:01 807280                     /home/user/.coursier/cache/v1/https/repo1.maven.org/maven2/io/get-coursier/coursier_2.11/1.0.0-RC2/coursier_2.11-1.0.0-RC2.jar
7fb0efb55000-7fb0efba1000 r--s 00418000 08:01 807351                     /home/user/.coursier/cache/v1/https/repo1.maven.org/maven2/org/scala-lang/scala-reflect/2.11.11/scala-reflect-2.11.11.jar
7fb0efba1000-7fb0efbac000 r--s 00074000 08:01 807252                     /home/user/.coursier/cache/v1/https/repo1.maven.org/maven2/org/jupyter-scala/ammonite-runtime_2.11.11/0.8.3-1/ammonite-runtime_2.11.11-0.8.3-1.jar
7fb0efbac000-7fb0efbb4000 r--s 0004b000 08:01 807374                     /home/user/.coursier/cache/v1/https/repo1.maven.org/maven2/io/get-coursier/coursier-cache_2.11/1.0.0-RC2/coursier-cache_2.11-1.0.0-RC2.jar
7fb0efbb4000-7fb0efbbc000 r--s 0004c000 08:01 807222                     /home/user/.coursier/cache/v1/https/repo1.maven.org/maven2/org/scalaz/scalaz-concurrent_2.11/7.2.8/scalaz-concurrent_2.11-7.2.8.jar
7fb0efbbc000-7fb0efbc6000 r--s 00061000 08:01 807370                     /home/user/.coursier/cache/v1/https/repo1.maven.org/maven2/org/scalaz/scalaz-effect_2.11/7.2.8/scalaz-effect_2.11-7.2.8.jar
7fb0efbc6000-7fb0efc98000 r--s 00a6f000 08:01 807285                     /home/user/.coursier/cache/v1/https/repo1.maven.org/maven2/org/scalaz/scalaz-core_2.11/7.2.8/scalaz-core_2.11-7.2.8.jar
7fb0efc98000-7fb0efda5000 r--s 00dd4000 08:01 807246                     /home/user/.coursier/cache/v1/https/repo1.maven.org/maven2/org/scala-lang/scala-compiler/2.11.11/scala-compiler-2.11.11.jar
7fb0efda5000-7fb0efdfe000 r--s 00523000 08:01 807237                     /home/user/.coursier/cache/v1/https/repo1.maven.org/maven2/org/scala-lang/scala-library/2.11.11/scala-library-2.11.11.jar
7fb0efdfe000-7fb0efe01000 ---p 00000000 00:00 0 
7fb0efe01000-7fb0efeff000 rw-p 00000000 00:00 0 
7fb0efeff000-7fb0eff02000 ---p 00000000 00:00 0 
7fb0eff02000-7fb0f0000000 rw-p 00000000 00:00 0 
7fb0f0000000-7fb0f00dd000 rw-p 00000000 00:00 0 
7fb0f00dd000-7fb0f4000000 ---p 00000000 00:00 0 
7fb0f4000000-7fb0f4021000 rw-p 00000000 00:00 0 
7fb0f4021000-7fb0f8000000 ---p 00000000 00:00 0 
7fb0f8000000-7fb0f80dc000 rw-p 00000000 00:00 0 
7fb0f80dc000-7fb0fc000000 ---p 00000000 00:00 0 
7fb0fc000000-7fb0fc0e8000 rw-p 00000000 00:00 0 
7fb0fc0e8000-7fb100000000 ---p 00000000 00:00 0 
7fb100000000-7fb100021000 rw-p 00000000 00:00 0 
7fb100021000-7fb104000000 ---p 00000000 00:00 0 
7fb104000000-7fb104021000 rw-p 00000000 00:00 0 
7fb104021000-7fb108000000 ---p 00000000 00:00 0 
7fb108000000-7fb109c90000 rw-p 00000000 00:00 0 
7fb109c90000-7fb10c000000 ---p 00000000 00:00 0 
7fb10c000000-7fb10cd69000 rw-p 00000000 00:00 0 
7fb10cd69000-7fb110000000 ---p 00000000 00:00 0 
7fb110000000-7fb110021000 rw-p 00000000 00:00 0 
7fb110021000-7fb114000000 ---p 00000000 00:00 0 
7fb114000000-7fb114021000 rw-p 00000000 00:00 0 
7fb114021000-7fb118000000 ---p 00000000 00:00 0 
7fb118000000-7fb118021000 rw-p 00000000 00:00 0 
7fb118021000-7fb11c000000 ---p 00000000 00:00 0 
7fb11c000000-7fb11c021000 rw-p 00000000 00:00 0 
7fb11c021000-7fb120000000 ---p 00000000 00:00 0 
7fb120000000-7fb120041000 rw-p 00000000 00:00 0 
7fb120041000-7fb124000000 ---p 00000000 00:00 0 
7fb124000000-7fb124004000 r--s 00023000 08:01 807360                     /home/user/.coursier/cache/v1/https/repo1.maven.org/maven2/org/scalaj/scalaj-http_2.11/2.3.0/scalaj-http_2.11-2.3.0.jar
7fb124004000-7fb124204000 rw-p 00000000 00:00 0 
7fb124204000-7fb124404000 rw-p 00000000 00:00 0 
7fb124404000-7fb124407000 ---p 00000000 00:00 0 
7fb124407000-7fb124505000 rw-p 00000000 00:00 0 
7fb124505000-7fb124508000 ---p 00000000 00:00 0 
7fb124508000-7fb124606000 rw-p 00000000 00:00 0 
7fb124606000-7fb124609000 ---p 00000000 00:00 0 
7fb124609000-7fb124707000 rw-p 00000000 00:00 0 
7fb124707000-7fb12470a000 ---p 00000000 00:00 0 
7fb12470a000-7fb124808000 rw-p 00000000 00:00 0 
7fb124808000-7fb12480b000 ---p 00000000 00:00 0 
7fb12480b000-7fb124909000 rw-p 00000000 00:00 0 
7fb124909000-7fb12490c000 ---p 00000000 00:00 0 
7fb12490c000-7fb124a0a000 rw-p 00000000 00:00 0 
7fb124a0a000-7fb124a0d000 ---p 00000000 00:00 0 
7fb124a0d000-7fb124d0b000 rw-p 00000000 00:00 0 
7fb124d0b000-7fb124d57000 r--s 0024b000 08:01 806309                     /home/user/.coursier/bootstrap/1.0.0-RC1/coursier-cli_2.11-1.0.0-RC1-standalone.jar
7fb124d57000-7fb124d58000 ---p 00000000 00:00 0 
7fb124d58000-7fb124e58000 rw-p 00000000 00:00 0 
7fb124e58000-7fb124e5b000 ---p 00000000 00:00 0 
7fb124e5b000-7fb124f59000 rw-p 00000000 00:00 0 
7fb124f59000-7fb124f5c000 ---p 00000000 00:00 0 
7fb124f5c000-7fb12505a000 rw-p 00000000 00:00 0 
7fb12505a000-7fb12505d000 ---p 00000000 00:00 0 
7fb12505d000-7fb12515b000 rw-p 00000000 00:00 0 
7fb12515b000-7fb12515e000 ---p 00000000 00:00 0 
7fb12515e000-7fb12525c000 rw-p 00000000 00:00 0 
7fb12525c000-7fb125c84000 r--p 00000000 08:01 2105158                    /usr/lib/locale/locale-archive
7fb125c84000-7fb125c87000 ---p 00000000 00:00 0 
7fb125c87000-7fb125d85000 rw-p 00000000 00:00 0 
7fb125d85000-7fb125d88000 ---p 00000000 00:00 0 
7fb125d88000-7fb125e86000 rw-p 00000000 00:00 0 
7fb125e86000-7fb125e87000 ---p 00000000 00:00 0 
7fb125e87000-7fb128000000 rw-p 00000000 00:00 0 
7fb128000000-7fb128021000 rw-p 00000000 00:00 0 
7fb128021000-7fb12c000000 ---p 00000000 00:00 0 
7fb12c000000-7fb12c002000 r--s 0000f000 08:01 807314                     /home/user/.coursier/cache/v1/https/repo1.maven.org/maven2/com/lihaoyi/derive_2.11/0.4.4/derive_2.11-0.4.4.jar
7fb12c002000-7fb12c008000 r--s 00050000 08:01 807318                     /home/user/.coursier/cache/v1/https/repo1.maven.org/maven2/org/jsoup/jsoup/1.10.2/jsoup-1.10.2.jar
7fb12c008000-7fb12c00b000 r--s 0001a000 08:01 807269                     /home/user/.coursier/cache/v1/https/repo1.maven.org/maven2/com/lihaoyi/sourcecode_2.11/0.1.3/sourcecode_2.11-0.1.3.jar
7fb12c00b000-7fb12c00d000 r--s 00013000 08:01 807296                     /home/user/.coursier/cache/v1/https/repo1.maven.org/maven2/org/spire-math/jawn-parser_2.11/0.10.3/jawn-parser_2.11-0.10.3.jar
7fb12c00d000-7fb12c010000 ---p 00000000 00:00 0 
7fb12c010000-7fb12c046000 rw-p 00000000 00:00 0 
7fb12c046000-7fb12c215000 r--s 03c33000 08:01 803184                     /usr/lib/jvm/java-8-openjdk-amd64/jre/lib/rt.jar
7fb12c215000-7fb12cb8c000 rw-p 00000000 00:00 0 
7fb12cb8c000-7fb12cb8d000 ---p 00000000 00:00 0 
7fb12cb8d000-7fb12cc8d000 rw-p 00000000 00:00 0 
7fb12cc8d000-7fb12cc8e000 ---p 00000000 00:00 0 
7fb12cc8e000-7fb12cd9e000 rw-p 00000000 00:00 0 
7fb12cd9e000-7fb12ce88000 ---p 00000000 00:00 0 
7fb12ce88000-7fb12ce98000 rw-p 00000000 00:00 0 
7fb12ce98000-7fb12cf82000 ---p 00000000 00:00 0 
7fb12cf82000-7fb12cf9e000 rw-p 00000000 00:00 0 
7fb12cf9e000-7fb12cfff000 ---p 00000000 00:00 0 
7fb12cfff000-7fb12d000000 rw-p 00000000 00:00 0 
7fb12d000000-7fb12d630000 rwxp 00000000 00:00 0 
7fb12d630000-7fb13c000000 ---p 00000000 00:00 0 
7fb13c000000-7fb13c9cf000 rw-p 00000000 00:00 0 
7fb13c9cf000-7fb140000000 ---p 00000000 00:00 0 
7fb140000000-7fb140002000 r--s 00016000 08:01 807235                     /home/user/.coursier/cache/v1/https/repo1.maven.org/maven2/org/jupyter-scala/ammonite-util_2.11.11/0.8.3-1/ammonite-util_2.11.11-0.8.3-1.jar
7fb140002000-7fb140004000 r--s 0000d000 08:01 807262                     /home/user/.coursier/cache/v1/https/repo1.maven.org/maven2/com/lihaoyi/geny_2.11/0.1.1/geny_2.11-0.1.1.jar
7fb140004000-7fb14000a000 r--s 0005c000 08:01 807218                     /home/user/.coursier/cache/v1/https/repo1.maven.org/maven2/com/lihaoyi/upickle_2.11/0.4.4/upickle_2.11-0.4.4.jar
7fb14000a000-7fb14000f000 r--s 0009d000 08:01 803185                     /usr/lib/jvm/java-8-openjdk-amd64/jre/lib/jsse.jar
7fb14000f000-7fb140010000 r--s 00002000 08:01 807381                     /home/user/.local/share/jupyter/kernels/scala/launcher.jar
7fb140010000-7fb14002b000 r--s 00394000 08:01 803174                     /usr/lib/jvm/java-8-openjdk-amd64/jre/lib/ext/cldrdata.jar
7fb14002b000-7fb140046000 r--s 001d6000 08:01 803177                     /usr/lib/jvm/java-8-openjdk-amd64/jre/lib/ext/nashorn.jar
7fb140046000-7fb140047000 r--s 0000a000 08:01 803181                     /usr/lib/jvm/java-8-openjdk-amd64/jre/lib/ext/jaccess.jar
7fb140047000-7fb140049000 r--s 00008000 08:01 803178                     /usr/lib/jvm/java-8-openjdk-amd64/jre/lib/ext/sunec.jar
7fb140049000-7fb140053000 r--s 00116000 08:01 803175                     /usr/lib/jvm/java-8-openjdk-amd64/jre/lib/ext/localedata.jar
7fb140053000-7fb1400ba000 rw-p 00000000 00:00 0 
7fb1400ba000-7fb140461000 ---p 00000000 00:00 0 
7fb140461000-7fb140469000 r-xp 00000000 08:01 803135                     /usr/lib/jvm/java-8-openjdk-amd64/jre/lib/amd64/libzip.so
7fb140469000-7fb140668000 ---p 00008000 08:01 803135                     /usr/lib/jvm/java-8-openjdk-amd64/jre/lib/amd64/libzip.so
7fb140668000-7fb140669000 r--p 00007000 08:01 803135                     /usr/lib/jvm/java-8-openjdk-amd64/jre/lib/amd64/libzip.so
7fb140669000-7fb14066a000 rw-p 00008000 08:01 803135                     /usr/lib/jvm/java-8-openjdk-amd64/jre/lib/amd64/libzip.so
7fb14066a000-7fb140675000 r-xp 00000000 08:01 2889153                    /lib/x86_64-linux-gnu/libnss_files-2.23.so
7fb140675000-7fb140874000 ---p 0000b000 08:01 2889153                    /lib/x86_64-linux-gnu/libnss_files-2.23.so
7fb140874000-7fb140875000 r--p 0000a000 08:01 2889153                    /lib/x86_64-linux-gnu/libnss_files-2.23.so
7fb140875000-7fb140876000 rw-p 0000b000 08:01 2889153                    /lib/x86_64-linux-gnu/libnss_files-2.23.so
7fb140876000-7fb14087c000 rw-p 00000000 00:00 0 
7fb14087c000-7fb140887000 r-xp 00000000 08:01 2889163                    /lib/x86_64-linux-gnu/libnss_nis-2.23.so
7fb140887000-7fb140a86000 ---p 0000b000 08:01 2889163                    /lib/x86_64-linux-gnu/libnss_nis-2.23.so
7fb140a86000-7fb140a87000 r--p 0000a000 08:01 2889163                    /lib/x86_64-linux-gnu/libnss_nis-2.23.so
7fb140a87000-7fb140a88000 rw-p 0000b000 08:01 2889163                    /lib/x86_64-linux-gnu/libnss_nis-2.23.so
7fb140a88000-7fb140a9e000 r-xp 00000000 08:01 2889147                    /lib/x86_64-linux-gnu/libnsl-2.23.so
7fb140a9e000-7fb140c9d000 ---p 00016000 08:01 2889147                    /lib/x86_64-linux-gnu/libnsl-2.23.so
7fb140c9d000-7fb140c9e000 r--p 00015000 08:01 2889147                    /lib/x86_64-linux-gnu/libnsl-2.23.so
7fb140c9e000-7fb140c9f000 rw-p 00016000 08:01 2889147                    /lib/x86_64-linux-gnu/libnsl-2.23.so
7fb140c9f000-7fb140ca1000 rw-p 00000000 00:00 0 
7fb140ca1000-7fb140ca9000 r-xp 00000000 08:01 2889149                    /lib/x86_64-linux-gnu/libnss_compat-2.23.so
7fb140ca9000-7fb140ea8000 ---p 00008000 08:01 2889149                    /lib/x86_64-linux-gnu/libnss_compat-2.23.so
7fb140ea8000-7fb140ea9000 r--p 00007000 08:01 2889149                    /lib/x86_64-linux-gnu/libnss_compat-2.23.so
7fb140ea9000-7fb140eaa000 rw-p 00008000 08:01 2889149                    /lib/x86_64-linux-gnu/libnss_compat-2.23.so
7fb140eaa000-7fb140ed7000 r-xp 00000000 08:01 803155                     /usr/lib/jvm/java-8-openjdk-amd64/jre/lib/amd64/libjava.so
7fb140ed7000-7fb1410d6000 ---p 0002d000 08:01 803155                     /usr/lib/jvm/java-8-openjdk-amd64/jre/lib/amd64/libjava.so
7fb1410d6000-7fb1410d7000 r--p 0002c000 08:01 803155                     /usr/lib/jvm/java-8-openjdk-amd64/jre/lib/amd64/libjava.so
7fb1410d7000-7fb1410d9000 rw-p 0002d000 08:01 803155                     /usr/lib/jvm/java-8-openjdk-amd64/jre/lib/amd64/libjava.so
7fb1410d9000-7fb1410e8000 r-xp 00000000 08:01 803127                     /usr/lib/jvm/java-8-openjdk-amd64/jre/lib/amd64/libverify.so
7fb1410e8000-7fb1412e7000 ---p 0000f000 08:01 803127                     /usr/lib/jvm/java-8-openjdk-amd64/jre/lib/amd64/libverify.so
7fb1412e7000-7fb1412e9000 r--p 0000e000 08:01 803127                     /usr/lib/jvm/java-8-openjdk-amd64/jre/lib/amd64/libverify.so
7fb1412e9000-7fb1412ea000 rw-p 00010000 08:01 803127                     /usr/lib/jvm/java-8-openjdk-amd64/jre/lib/amd64/libverify.so
7fb1412ea000-7fb1412f1000 r-xp 00000000 08:01 2889208                    /lib/x86_64-linux-gnu/librt-2.23.so
7fb1412f1000-7fb1414f0000 ---p 00007000 08:01 2889208                    /lib/x86_64-linux-gnu/librt-2.23.so
7fb1414f0000-7fb1414f1000 r--p 00006000 08:01 2889208                    /lib/x86_64-linux-gnu/librt-2.23.so
7fb1414f1000-7fb1414f2000 rw-p 00007000 08:01 2889208                    /lib/x86_64-linux-gnu/librt-2.23.so
7fb1414f2000-7fb141508000 r-xp 00000000 08:01 2889092                    /lib/x86_64-linux-gnu/libgcc_s.so.1
7fb141508000-7fb141707000 ---p 00016000 08:01 2889092                    /lib/x86_64-linux-gnu/libgcc_s.so.1
7fb141707000-7fb141708000 rw-p 00015000 08:01 2889092                    /lib/x86_64-linux-gnu/libgcc_s.so.1
7fb141708000-7fb141810000 r-xp 00000000 08:01 2889124                    /lib/x86_64-linux-gnu/libm-2.23.so
7fb141810000-7fb141a0f000 ---p 00108000 08:01 2889124                    /lib/x86_64-linux-gnu/libm-2.23.so
7fb141a0f000-7fb141a10000 r--p 00107000 08:01 2889124                    /lib/x86_64-linux-gnu/libm-2.23.so
7fb141a10000-7fb141a11000 rw-p 00108000 08:01 2889124                    /lib/x86_64-linux-gnu/libm-2.23.so
7fb141a11000-7fb141b83000 r-xp 00000000 08:01 2107766                    /usr/lib/x86_64-linux-gnu/libstdc++.so.6.0.21
7fb141b83000-7fb141d83000 ---p 00172000 08:01 2107766                    /usr/lib/x86_64-linux-gnu/libstdc++.so.6.0.21
7fb141d83000-7fb141d8d000 r--p 00172000 08:01 2107766                    /usr/lib/x86_64-linux-gnu/libstdc++.so.6.0.21
7fb141d8d000-7fb141d8f000 rw-p 0017c000 08:01 2107766                    /usr/lib/x86_64-linux-gnu/libstdc++.so.6.0.21
7fb141d8f000-7fb141d93000 rw-p 00000000 00:00 0 
7fb141d93000-7fb1429f0000 r-xp 00000000 08:01 803133                     /usr/lib/jvm/java-8-openjdk-amd64/jre/lib/amd64/server/libjvm.so
7fb1429f0000-7fb142bf0000 ---p 00c5d000 08:01 803133                     /usr/lib/jvm/java-8-openjdk-amd64/jre/lib/amd64/server/libjvm.so
7fb142bf0000-7fb142c84000 r--p 00c5d000 08:01 803133                     /usr/lib/jvm/java-8-openjdk-amd64/jre/lib/amd64/server/libjvm.so
7fb142c84000-7fb142cad000 rw-p 00cf1000 08:01 803133                     /usr/lib/jvm/java-8-openjdk-amd64/jre/lib/amd64/server/libjvm.so
7fb142cad000-7fb142cdd000 rw-p 00000000 00:00 0 
7fb142cdd000-7fb142cf5000 r-xp 00000000 08:01 2889200                    /lib/x86_64-linux-gnu/libpthread-2.23.so
7fb142cf5000-7fb142ef4000 ---p 00018000 08:01 2889200                    /lib/x86_64-linux-gnu/libpthread-2.23.so
7fb142ef4000-7fb142ef5000 r--p 00017000 08:01 2889200                    /lib/x86_64-linux-gnu/libpthread-2.23.so
7fb142ef5000-7fb142ef6000 rw-p 00018000 08:01 2889200                    /lib/x86_64-linux-gnu/libpthread-2.23.so
7fb142ef6000-7fb142efa000 rw-p 00000000 00:00 0 
7fb142efa000-7fb142efd000 r-xp 00000000 08:01 2889078                    /lib/x86_64-linux-gnu/libdl-2.23.so
7fb142efd000-7fb1430fc000 ---p 00003000 08:01 2889078                    /lib/x86_64-linux-gnu/libdl-2.23.so
7fb1430fc000-7fb1430fd000 r--p 00002000 08:01 2889078                    /lib/x86_64-linux-gnu/libdl-2.23.so
7fb1430fd000-7fb1430fe000 rw-p 00003000 08:01 2889078                    /lib/x86_64-linux-gnu/libdl-2.23.so
7fb1430fe000-7fb143117000 r-xp 00000000 08:01 2889245                    /lib/x86_64-linux-gnu/libz.so.1.2.8
7fb143117000-7fb143316000 ---p 00019000 08:01 2889245                    /lib/x86_64-linux-gnu/libz.so.1.2.8
7fb143316000-7fb143317000 r--p 00018000 08:01 2889245                    /lib/x86_64-linux-gnu/libz.so.1.2.8
7fb143317000-7fb143318000 rw-p 00019000 08:01 2889245                    /lib/x86_64-linux-gnu/libz.so.1.2.8
7fb143318000-7fb1434d8000 r-xp 00000000 08:01 2889054                    /lib/x86_64-linux-gnu/libc-2.23.so
7fb1434d8000-7fb1436d8000 ---p 001c0000 08:01 2889054                    /lib/x86_64-linux-gnu/libc-2.23.so
7fb1436d8000-7fb1436dc000 r--p 001c0000 08:01 2889054                    /lib/x86_64-linux-gnu/libc-2.23.so
7fb1436dc000-7fb1436de000 rw-p 001c4000 08:01 2889054                    /lib/x86_64-linux-gnu/libc-2.23.so
7fb1436de000-7fb1436e2000 rw-p 00000000 00:00 0 
7fb1436e2000-7fb1436ef000 r-xp 00000000 08:01 803131                     /usr/lib/jvm/java-8-openjdk-amd64/jre/lib/amd64/jli/libjli.so
7fb1436ef000-7fb1438ef000 ---p 0000d000 08:01 803131                     /usr/lib/jvm/java-8-openjdk-amd64/jre/lib/amd64/jli/libjli.so
7fb1438ef000-7fb1438f0000 r--p 0000d000 08:01 803131                     /usr/lib/jvm/java-8-openjdk-amd64/jre/lib/amd64/jli/libjli.so
7fb1438f0000-7fb1438f1000 rw-p 0000e000 08:01 803131                     /usr/lib/jvm/java-8-openjdk-amd64/jre/lib/amd64/jli/libjli.so
7fb1438f1000-7fb143917000 r-xp 00000000 08:01 2889026                    /lib/x86_64-linux-gnu/ld-2.23.so
7fb143917000-7fb14391a000 r--s 00038000 08:01 803179                     /usr/lib/jvm/java-8-openjdk-amd64/jre/lib/ext/sunpkcs11.jar
7fb14391a000-7fb14391c000 r--s 00001000 08:01 803180                     /usr/lib/jvm/java-8-openjdk-amd64/jre/lib/ext/dnsns.jar
7fb14391c000-7fb14391f000 r--s 0000f000 08:01 803176                     /usr/lib/jvm/java-8-openjdk-amd64/jre/lib/ext/icedtea-sound.jar
7fb14391f000-7fb1439f0000 rw-p 00000000 00:00 0 
7fb1439f0000-7fb1439f3000 ---p 00000000 00:00 0 
7fb1439f3000-7fb143af5000 rw-p 00000000 00:00 0 
7fb143af5000-7fb143af6000 r--s 00010000 08:01 803182                     /usr/lib/jvm/java-8-openjdk-amd64/jre/lib/ext/zipfs.jar
7fb143af6000-7fb143afc000 r--s 0003b000 08:01 803183                     /usr/lib/jvm/java-8-openjdk-amd64/jre/lib/ext/sunjce_provider.jar
7fb143afc000-7fb143b0b000 rw-p 00000000 00:00 0 
7fb143b0b000-7fb143b13000 rw-s 00000000 08:01 1836275                    /tmp/hsperfdata_user/125415
7fb143b13000-7fb143b14000 rw-p 00000000 00:00 0 
7fb143b14000-7fb143b15000 ---p 00000000 00:00 0 
7fb143b15000-7fb143b16000 rw-p 00000000 00:00 0 
7fb143b16000-7fb143b17000 r--p 00025000 08:01 2889026                    /lib/x86_64-linux-gnu/ld-2.23.so
7fb143b17000-7fb143b18000 rw-p 00026000 08:01 2889026                    /lib/x86_64-linux-gnu/ld-2.23.so
7fb143b18000-7fb143b19000 rw-p 00000000 00:00 0 
7fffc4063000-7fffc4084000 rw-p 00000000 00:00 0                          [stack]
7fffc41f8000-7fffc41fb000 r--p 00000000 00:00 0                          [vvar]
7fffc41fb000-7fffc41fd000 r-xp 00000000 00:00 0                          [vdso]
ffffffffff600000-ffffffffff601000 r-xp 00000000 00:00 0                  [vsyscall]

VM Arguments:
jvm_args: -Xverify:none 
java_command: /home/user/.local/share/jupyter/kernels/scala/launcher.jar launch -r sonatype:releases -r sonatype:snapshots -i ammonite -I ammonite:org.jupyter-scala:ammonite-runtime_2.11.11:0.8.3-1 -I ammonite:org.jupyter-scala:scala-api_2.11.11:0.4.2 org.jupyter-scala:scala-cli_2.11.11:0.4.2 -- --id scala --name Scala --quiet --connection-file /run/user/1000/jupyter/kernel-dd0dea1f-73ff-49d5-a741-bdbc4b5579cd.json
java_class_path (initial): /home/user/.local/share/jupyter/kernels/scala/launcher.jar
Launcher Type: SUN_STANDARD

Environment Variables:
PATH=/home/user/anaconda3/bin:/home/user/anaconda3/bin:/home/user/bin:/home/user/.local/bin:/usr/local/sbin:/usr/local/bin:/usr/sbin:/usr/bin:/sbin:/bin:/usr/games:/usr/local/games:/snap/bin
SHELL=/bin/bash
DISPLAY=:0.0

Signal Handlers:
SIGSEGV: [libjvm.so+0xa71a70], sa_mask[0]=11111111011111111101111111111110, sa_flags=SA_RESTART|SA_SIGINFO
SIGBUS: [libjvm.so+0xa71a70], sa_mask[0]=11111111011111111101111111111110, sa_flags=SA_RESTART|SA_SIGINFO
SIGFPE: [libjvm.so+0x8b8f80], sa_mask[0]=11111111011111111101111111111110, sa_flags=SA_RESTART|SA_SIGINFO
SIGPIPE: [libjvm.so+0x8b8f80], sa_mask[0]=11111111011111111101111111111110, sa_flags=SA_RESTART|SA_SIGINFO
SIGXFSZ: [libjvm.so+0x8b8f80], sa_mask[0]=11111111011111111101111111111110, sa_flags=SA_RESTART|SA_SIGINFO
SIGILL: [libjvm.so+0x8b8f80], sa_mask[0]=11111111011111111101111111111110, sa_flags=SA_RESTART|SA_SIGINFO
SIGUSR1: SIG_DFL, sa_mask[0]=00000000000000000000000000000000, sa_flags=none
SIGUSR2: [libjvm.so+0x8b8e30], sa_mask[0]=00000000000000000000000000000000, sa_flags=SA_RESTART|SA_SIGINFO
SIGHUP: [libjvm.so+0x8b9300], sa_mask[0]=11111111011111111101111111111110, sa_flags=SA_RESTART|SA_SIGINFO
SIGINT: [libjvm.so+0x8b9300], sa_mask[0]=11111111011111111101111111111110, sa_flags=SA_RESTART|SA_SIGINFO
SIGTERM: [libjvm.so+0x8b9300], sa_mask[0]=11111111011111111101111111111110, sa_flags=SA_RESTART|SA_SIGINFO
SIGQUIT: [libjvm.so+0x8b9300], sa_mask[0]=11111111011111111101111111111110, sa_flags=SA_RESTART|SA_SIGINFO


---------------  S Y S T E M  ---------------

OS:DISTRIB_ID=Ubuntu
DISTRIB_RELEASE=16.04
DISTRIB_CODENAME=xenial
DISTRIB_DESCRIPTION="Ubuntu 16.04.5 LTS"

uname:Linux 4.15.0-33-generic #36~16.04.1-Ubuntu SMP Wed Aug 15 17:21:05 UTC 2018 x86_64
libc:glibc 2.23 NPTL 2.23 
rlimit: STACK 8192k, CORE 0k, NPROC 7646, NOFILE 1048576, AS infinity
load average:2.92 1.44 0.65

/proc/meminfo:
MemTotal:        3065896 kB
MemFree:           24056 kB
MemAvailable:      29268 kB
Buffers:             460 kB
Cached:            41776 kB
SwapCached:         2368 kB
Active:          2246228 kB
Inactive:         569588 kB
Active(anon):    2237700 kB
Inactive(anon):   560464 kB
Active(file):       8528 kB
Inactive(file):     9124 kB
Unevictable:          64 kB
Mlocked:              64 kB
SwapTotal:        998396 kB
SwapFree:              0 kB
Dirty:               168 kB
Writeback:             0 kB
AnonPages:       2771308 kB
Mapped:            32712 kB
Shmem:             24564 kB
Slab:              89464 kB
SReclaimable:      35540 kB
SUnreclaim:        53924 kB
KernelStack:       14352 kB
PageTables:        37308 kB
NFS_Unstable:          0 kB
Bounce:                0 kB
WritebackTmp:          0 kB
CommitLimit:     2531344 kB
Committed_AS:    7495488 kB
VmallocTotal:   34359738367 kB
VmallocUsed:           0 kB
VmallocChunk:          0 kB
HardwareCorrupted:     0 kB
AnonHugePages:         0 kB
ShmemHugePages:        0 kB
ShmemPmdMapped:        0 kB
CmaTotal:              0 kB
CmaFree:               0 kB
HugePages_Total:       0
HugePages_Free:        0
HugePages_Rsvd:        0
HugePages_Surp:        0
Hugepagesize:       2048 kB
DirectMap4k:      278400 kB
DirectMap2M:     2867200 kB
DirectMap1G:           0 kB


CPU:total 2 (initial active 2) (1 cores per cpu, 1 threads per core) family 6 model 78 stepping 3, cmov, cx8, fxsr, mmx, sse, sse2, sse3, ssse3, sse4.1, sse4.2, popcnt, avx, avx2, aes, clmul, erms, 3dnowpref, lzcnt, tsc, tscinvbit, bmi1, bmi2, adx

/proc/cpuinfo:
processor	: 0
vendor_id	: GenuineIntel
cpu family	: 6
model		: 78
model name	: Intel(R) Core(TM) i7-6500U CPU @ 2.50GHz
stepping	: 3
microcode	: 0xba
cpu MHz		: 2592.004
cache size	: 4096 KB
physical id	: 0
siblings	: 1
core id		: 0
cpu cores	: 1
apicid		: 0
initial apicid	: 0
fpu		: yes
fpu_exception	: yes
cpuid level	: 22
wp		: yes
flags		: fpu vme de pse tsc msr pae mce cx8 apic sep mtrr pge mca cmov pat pse36 clflush dts mmx fxsr sse sse2 ss syscall nx pdpe1gb rdtscp lm constant_tsc arch_perfmon pebs bts nopl xtopology tsc_reliable nonstop_tsc cpuid aperfmperf pni pclmulqdq ssse3 fma cx16 pcid sse4_1 sse4_2 x2apic movbe popcnt tsc_deadline_timer aes xsave avx f16c rdrand hypervisor lahf_lm abm 3dnowprefetch cpuid_fault epb invpcid_single pti fsgsbase tsc_adjust bmi1 avx2 smep bmi2 invpcid rdseed adx smap xsaveopt dtherm ida arat pln pts hwp hwp_notify hwp_act_window hwp_epp
bugs		: cpu_meltdown spectre_v1 spectre_v2 spec_store_bypass l1tf
bogomips	: 5184.00
clflush size	: 64
cache_alignment	: 64
address sizes	: 42 bits physical, 48 bits virtual
power management:

processor	: 1
vendor_id	: GenuineIntel
cpu family	: 6
model		: 78
model name	: Intel(R) Core(TM) i7-6500U CPU @ 2.50GHz
stepping	: 3
microcode	: 0xba
cpu MHz		: 2592.004
cache size	: 4096 KB
physical id	: 2
siblings	: 1
core id		: 0
cpu cores	: 1
apicid		: 2
initial apicid	: 2
fpu		: yes
fpu_exception	: yes
cpuid level	: 22
wp		: yes
flags		: fpu vme de pse tsc msr pae mce cx8 apic sep mtrr pge mca cmov pat pse36 clflush dts mmx fxsr sse sse2 ss syscall nx pdpe1gb rdtscp lm constant_tsc arch_perfmon pebs bts nopl xtopology tsc_reliable nonstop_tsc cpuid aperfmperf pni pclmulqdq ssse3 fma cx16 pcid sse4_1 sse4_2 x2apic movbe popcnt tsc_deadline_timer aes xsave avx f16c rdrand hypervisor lahf_lm abm 3dnowprefetch cpuid_fault epb invpcid_single pti fsgsbase tsc_adjust bmi1 avx2 smep bmi2 invpcid rdseed adx smap xsaveopt dtherm ida arat pln pts hwp hwp_notify hwp_act_window hwp_epp
bugs		: cpu_meltdown spectre_v1 spectre_v2 spec_store_bypass l1tf
bogomips	: 5184.00
clflush size	: 64
cache_alignment	: 64
address sizes	: 42 bits physical, 48 bits virtual
power management:



Memory: 4k page, physical 3065896k(22404k free), swap 998396k(0k free)

vm_info: OpenJDK 64-Bit Server VM (25.181-b13) for linux-amd64 JRE (1.8.0_181-8u181-b13-1ubuntu0.16.04.1-b13), built on Oct 23 2018 04:39:49 by "buildd" with gcc 5.4.0 20160609

time: Sun Dec  2 20:45:20 2018
elapsed time: 4 seconds (0d 0h 0m 4s)

