#
# There is insufficient memory for the Java Runtime Environment to continue.
# Native memory allocation (mmap) failed to map 54525952 bytes for committing reserved memory.
# Possible reasons:
#   The system is out of physical RAM or swap space
#   In 32 bit mode, the process size limit was hit
# Possible solutions:
#   Reduce memory load on the system
#   Increase physical memory or swap space
#   Check if swap backing store is full
#   Use 64 bit Java on a 64 bit OS
#   Decrease Java heap size (-Xmx/-Xms)
#   Decrease number of Java threads
#   Decrease Java thread stack sizes (-Xss)
#   Set larger code cache with -XX:ReservedCodeCacheSize=
# This output file may be truncated or incomplete.
#
#  Out of Memory Error (os_linux.cpp:2643), pid=124889, tid=0x00007fd5663f2700
#
# JRE version: OpenJDK Runtime Environment (8.0_181-b13) (build 1.8.0_181-8u181-b13-1ubuntu0.16.04.1-b13)
# Java VM: OpenJDK 64-Bit Server VM (25.181-b13 mixed mode linux-amd64 compressed oops)
# Failed to write core dump. Core dumps have been disabled. To enable core dumping, try "ulimit -c unlimited" before starting Java again
#

---------------  T H R E A D  ---------------

Current thread (0x00007fd5780fb800):  VMThread [stack: 0x00007fd5662f2000,0x00007fd5663f3000] [id=124893]

Stack: [0x00007fd5662f2000,0x00007fd5663f3000],  sp=0x00007fd5663f14a0,  free space=1021k
Native frames: (J=compiled Java code, j=interpreted, Vv=VM code, C=native code)
V  [libjvm.so+0xa70f1b]
V  [libjvm.so+0x4c893c]
V  [libjvm.so+0x8bda48]
V  [libjvm.so+0x8b7dde]
V  [libjvm.so+0x933246]
V  [libjvm.so+0x934573]
V  [libjvm.so+0x930c3b]
V  [libjvm.so+0x929a69]
V  [libjvm.so+0x44c943]
V  [libjvm.so+0xa724a9]
V  [libjvm.so+0xa77d67]
V  [libjvm.so+0xa75467]
V  [libjvm.so+0xa768ef]
V  [libjvm.so+0xa76de1]
V  [libjvm.so+0x8bae52]

VM_Operation (0x00007fd57fef78d0): CollectForMetadataAllocation, mode: safepoint, requested by thread 0x00007fd57800a800


---------------  P R O C E S S  ---------------

Java Threads: ( => current thread )
  0x00007fd578403800 JavaThread "pool-2-thread-6" daemon [_thread_blocked, id=124913, stack(0x00007fd56476d000,0x00007fd56486e000)]
  0x00007fd578401800 JavaThread "pool-2-thread-5" daemon [_thread_blocked, id=124912, stack(0x00007fd56486e000,0x00007fd56496f000)]
  0x00007fd5783ff800 JavaThread "pool-2-thread-4" daemon [_thread_blocked, id=124911, stack(0x00007fd56496f000,0x00007fd564a70000)]
  0x00007fd5783fe000 JavaThread "pool-2-thread-3" daemon [_thread_blocked, id=124910, stack(0x00007fd564a70000,0x00007fd564b71000)]
  0x00007fd5783fd000 JavaThread "pool-2-thread-2" daemon [_thread_blocked, id=124909, stack(0x00007fd564d73000,0x00007fd564e74000)]
  0x00007fd5783fc000 JavaThread "pool-2-thread-1" daemon [_thread_blocked, id=124908, stack(0x00007fd564c72000,0x00007fd564d73000)]
  0x00007fd5783e8800 JavaThread "process reaper" daemon [_thread_blocked, id=124903, stack(0x00007fd564e74000,0x00007fd564ead000)]
  0x00007fd578149800 JavaThread "Service Thread" daemon [_thread_blocked, id=124899, stack(0x00007fd5652c4000,0x00007fd5653c5000)]
  0x00007fd57813e800 JavaThread "C1 CompilerThread1" daemon [_thread_blocked, id=124898, stack(0x00007fd5653c5000,0x00007fd5654c6000)]
  0x00007fd57813b800 JavaThread "C2 CompilerThread0" daemon [_thread_blocked, id=124897, stack(0x00007fd5654c6000,0x00007fd5655c7000)]
  0x00007fd57813a000 JavaThread "Signal Dispatcher" daemon [_thread_blocked, id=124896, stack(0x00007fd5655c7000,0x00007fd5656c8000)]
  0x00007fd578107800 JavaThread "Finalizer" daemon [_thread_blocked, id=124895, stack(0x00007fd5660f0000,0x00007fd5661f1000)]
  0x00007fd578105000 JavaThread "Reference Handler" daemon [_thread_blocked, id=124894, stack(0x00007fd5661f1000,0x00007fd5662f2000)]
  0x00007fd57800a800 JavaThread "main" [_thread_blocked, id=124890, stack(0x00007fd57fdfd000,0x00007fd57fefe000)]

Other Threads:
=>0x00007fd5780fb800 VMThread [stack: 0x00007fd5662f2000,0x00007fd5663f3000] [id=124893]
  0x00007fd57814c000 WatcherThread [stack: 0x00007fd5651c3000,0x00007fd5652c4000] [id=124900]

VM state:at safepoint (normal execution)

VM Mutex/Monitor currently owned by a thread:  ([mutex/lock_event])
[0x00007fd578006f80] Threads_lock - owner thread: 0x00007fd5780fb800
[0x00007fd578007480] Heap_lock - owner thread: 0x00007fd57800a800

Heap:
 PSYoungGen      total 53248K, used 4079K [0x00000000f0600000, 0x00000000f3e00000, 0x0000000100000000)
  eden space 49152K, 0% used [0x00000000f0600000,0x00000000f0600000,0x00000000f3600000)
  from space 4096K, 99% used [0x00000000f3600000,0x00000000f39fbe78,0x00000000f3a00000)
  to   space 4096K, 0% used [0x00000000f3a00000,0x00000000f3a00000,0x00000000f3e00000)
 ParOldGen       total 32768K, used 7594K [0x00000000d1200000, 0x00000000d3200000, 0x00000000f0600000)
  object space 32768K, 23% used [0x00000000d1200000,0x00000000d196a970,0x00000000d3200000)
 Metaspace       used 20830K, capacity 21134K, committed 21248K, reserved 1067008K
  class space    used 3429K, capacity 3545K, committed 3584K, reserved 1048576K

Card table byte_map: [0x00007fd57c336000,0x00007fd57c4ae000] byte_map_base: 0x00007fd57bcad000

Marking Bits: (ParMarkBitMap*) 0x00007fd57f0cd3a0
 Begin Bits: [0x00007fd567890000, 0x00007fd568448000)
 End Bits:   [0x00007fd568448000, 0x00007fd569000000)

Polling page: 0x00007fd57ff21000

CodeCache: size=245760Kb used=6086Kb max_used=6098Kb free=239673Kb
 bounds [0x00007fd569000000, 0x00007fd569600000, 0x00007fd578000000]
 total_blobs=2805 nmethods=2408 adapters=311
 compilation: enabled

Compilation events (10 events):
Event: 4.340 Thread 0x00007fd57813e800 nmethod 2412 0x00007fd5695f0250 code [0x00007fd5695f03c0, 0x00007fd5695f0648]
Event: 4.417 Thread 0x00007fd57813e800 2413       3       sun.misc.ASCIICaseInsensitiveComparator::compare (126 bytes)
Event: 4.418 Thread 0x00007fd57813e800 nmethod 2413 0x00007fd5695f1a50 code [0x00007fd5695f1c60, 0x00007fd5695f2858]
Event: 4.429 Thread 0x00007fd57813e800 2414       3       java.util.HashMap::<init> (8 bytes)
Event: 4.429 Thread 0x00007fd57813e800 nmethod 2414 0x00007fd5695f2e90 code [0x00007fd5695f3020, 0x00007fd5695f31a8]
Event: 4.432 Thread 0x00007fd57813b800 2415       4       java.lang.String::equalsIgnoreCase (48 bytes)
Event: 4.438 Thread 0x00007fd57813b800 nmethod 2415 0x00007fd5695f6510 code [0x00007fd5695f66a0, 0x00007fd5695f6d58]
Event: 4.445 Thread 0x00007fd57813e800 2416       1       scala.UniquenessCache::map (5 bytes)
Event: 4.445 Thread 0x00007fd57813e800 nmethod 2416 0x00007fd5695f6250 code [0x00007fd5695f63a0, 0x00007fd5695f64b0]
Event: 4.445 Thread 0x00007fd57813b800 2417   !   4       java.util.zip.ZipFile$ZipFileInflaterInputStream::close (67 bytes)

GC Heap History (10 events):
Event: 1.115 GC heap after
Heap after GC invocations=2 (full 0):
 PSYoungGen      total 14336K, used 2032K [0x00000000f0600000, 0x00000000f2200000, 0x0000000100000000)
  eden space 12288K, 0% used [0x00000000f0600000,0x00000000f0600000,0x00000000f1200000)
  from space 2048K, 99% used [0x00000000f1400000,0x00000000f15fc010,0x00000000f1600000)
  to   space 2048K, 0% used [0x00000000f1200000,0x00000000f1200000,0x00000000f1400000)
 ParOldGen       total 32768K, used 1455K [0x00000000d1200000, 0x00000000d3200000, 0x00000000f0600000)
  object space 32768K, 4% used [0x00000000d1200000,0x00000000d136bf78,0x00000000d3200000)
 Metaspace       used 9778K, capacity 9982K, committed 10240K, reserved 1058816K
  class space    used 1640K, capacity 1703K, committed 1792K, reserved 1048576K
}
Event: 1.567 GC heap before
{Heap before GC invocations=3 (full 0):
 PSYoungGen      total 14336K, used 14320K [0x00000000f0600000, 0x00000000f2200000, 0x0000000100000000)
  eden space 12288K, 100% used [0x00000000f0600000,0x00000000f1200000,0x00000000f1200000)
  from space 2048K, 99% used [0x00000000f1400000,0x00000000f15fc010,0x00000000f1600000)
  to   space 2048K, 0% used [0x00000000f1200000,0x00000000f1200000,0x00000000f1400000)
 ParOldGen       total 32768K, used 1455K [0x00000000d1200000, 0x00000000d3200000, 0x00000000f0600000)
  object space 32768K, 4% used [0x00000000d1200000,0x00000000d136bf78,0x00000000d3200000)
 Metaspace       used 13028K, capacity 13234K, committed 13312K, reserved 1060864K
  class space    used 2218K, capacity 2279K, committed 2304K, reserved 1048576K
Event: 1.578 GC heap after
Heap after GC invocations=3 (full 0):
 PSYoungGen      total 14336K, used 2047K [0x00000000f0600000, 0x00000000f2200000, 0x0000000100000000)
  eden space 12288K, 0% used [0x00000000f0600000,0x00000000f0600000,0x00000000f1200000)
  from space 2048K, 99% used [0x00000000f1200000,0x00000000f13ffc70,0x00000000f1400000)
  to   space 2048K, 0% used [0x00000000f2000000,0x00000000f2000000,0x00000000f2200000)
 ParOldGen       total 32768K, used 3053K [0x00000000d1200000, 0x00000000d3200000, 0x00000000f0600000)
  object space 32768K, 9% used [0x00000000d1200000,0x00000000d14fb518,0x00000000d3200000)
 Metaspace       used 13028K, capacity 13234K, committed 13312K, reserved 1060864K
  class space    used 2218K, capacity 2279K, committed 2304K, reserved 1048576K
}
Event: 1.872 GC heap before
{Heap before GC invocations=4 (full 0):
 PSYoungGen      total 14336K, used 14335K [0x00000000f0600000, 0x00000000f2200000, 0x0000000100000000)
  eden space 12288K, 100% used [0x00000000f0600000,0x00000000f1200000,0x00000000f1200000)
  from space 2048K, 99% used [0x00000000f1200000,0x00000000f13ffc70,0x00000000f1400000)
  to   space 2048K, 0% used [0x00000000f2000000,0x00000000f2000000,0x00000000f2200000)
 ParOldGen       total 32768K, used 3053K [0x00000000d1200000, 0x00000000d3200000, 0x00000000f0600000)
  object space 32768K, 9% used [0x00000000d1200000,0x00000000d14fb518,0x00000000d3200000)
 Metaspace       used 13848K, capacity 14078K, committed 14336K, reserved 1060864K
  class space    used 2384K, capacity 2473K, committed 2560K, reserved 1048576K
Event: 1.880 GC heap after
Heap after GC invocations=4 (full 0):
 PSYoungGen      total 26624K, used 2034K [0x00000000f0600000, 0x00000000f2200000, 0x0000000100000000)
  eden space 24576K, 0% used [0x00000000f0600000,0x00000000f0600000,0x00000000f1e00000)
  from space 2048K, 99% used [0x00000000f2000000,0x00000000f21fc8d0,0x00000000f2200000)
  to   space 2048K, 0% used [0x00000000f1e00000,0x00000000f1e00000,0x00000000f2000000)
 ParOldGen       total 32768K, used 3584K [0x00000000d1200000, 0x00000000d3200000, 0x00000000f0600000)
  object space 32768K, 10% used [0x00000000d1200000,0x00000000d1580108,0x00000000d3200000)
 Metaspace       used 13848K, capacity 14078K, committed 14336K, reserved 1060864K
  class space    used 2384K, capacity 2473K, committed 2560K, reserved 1048576K
}
Event: 2.339 GC heap before
{Heap before GC invocations=5 (full 0):
 PSYoungGen      total 26624K, used 26610K [0x00000000f0600000, 0x00000000f2200000, 0x0000000100000000)
  eden space 24576K, 100% used [0x00000000f0600000,0x00000000f1e00000,0x00000000f1e00000)
  from space 2048K, 99% used [0x00000000f2000000,0x00000000f21fc8d0,0x00000000f2200000)
  to   space 2048K, 0% used [0x00000000f1e00000,0x00000000f1e00000,0x00000000f2000000)
 ParOldGen       total 32768K, used 3584K [0x00000000d1200000, 0x00000000d3200000, 0x00000000f0600000)
  object space 32768K, 10% used [0x00000000d1200000,0x00000000d1580108,0x00000000d3200000)
 Metaspace       used 14351K, capacity 14654K, committed 14848K, reserved 1060864K
  class space    used 2433K, capacity 2537K, committed 2560K, reserved 1048576K
Event: 2.350 GC heap after
Heap after GC invocations=5 (full 0):
 PSYoungGen      total 26624K, used 2031K [0x00000000f0600000, 0x00000000f3e00000, 0x0000000100000000)
  eden space 24576K, 0% used [0x00000000f0600000,0x00000000f0600000,0x00000000f1e00000)
  from space 2048K, 99% used [0x00000000f1e00000,0x00000000f1ffbc80,0x00000000f2000000)
  to   space 4096K, 0% used [0x00000000f3a00000,0x00000000f3a00000,0x00000000f3e00000)
 ParOldGen       total 32768K, used 4060K [0x00000000d1200000, 0x00000000d3200000, 0x00000000f0600000)
  object space 32768K, 12% used [0x00000000d1200000,0x00000000d15f7118,0x00000000d3200000)
 Metaspace       used 14351K, capacity 14654K, committed 14848K, reserved 1060864K
  class space    used 2433K, capacity 2537K, committed 2560K, reserved 1048576K
}
Event: 3.724 GC heap before
{Heap before GC invocations=6 (full 0):
 PSYoungGen      total 26624K, used 26607K [0x00000000f0600000, 0x00000000f3e00000, 0x0000000100000000)
  eden space 24576K, 100% used [0x00000000f0600000,0x00000000f1e00000,0x00000000f1e00000)
  from space 2048K, 99% used [0x00000000f1e00000,0x00000000f1ffbc80,0x00000000f2000000)
  to   space 4096K, 0% used [0x00000000f3a00000,0x00000000f3a00000,0x00000000f3e00000)
 ParOldGen       total 32768K, used 4060K [0x00000000d1200000, 0x00000000d3200000, 0x00000000f0600000)
  object space 32768K, 12% used [0x00000000d1200000,0x00000000d15f7118,0x00000000d3200000)
 Metaspace       used 15094K, capacity 15406K, committed 15488K, reserved 1062912K
  class space    used 2544K, capacity 2681K, committed 2688K, reserved 1048576K
Event: 3.740 GC heap after
Heap after GC invocations=6 (full 0):
 PSYoungGen      total 53248K, used 3025K [0x00000000f0600000, 0x00000000f3e00000, 0x0000000100000000)
  eden space 49152K, 0% used [0x00000000f0600000,0x00000000f0600000,0x00000000f3600000)
  from space 4096K, 73% used [0x00000000f3a00000,0x00000000f3cf4570,0x00000000f3e00000)
  to   space 4096K, 0% used [0x00000000f3600000,0x00000000f3600000,0x00000000f3a00000)
 ParOldGen       total 32768K, used 4060K [0x00000000d1200000, 0x00000000d3200000, 0x00000000f0600000)
  object space 32768K, 12% used [0x00000000d1200000,0x00000000d15f7118,0x00000000d3200000)
 Metaspace       used 15094K, capacity 15406K, committed 15488K, reserved 1062912K
  class space    used 2544K, capacity 2681K, committed 2688K, reserved 1048576K
}
Event: 4.456 GC heap before
{Heap before GC invocations=7 (full 0):
 PSYoungGen      total 53248K, used 38729K [0x00000000f0600000, 0x00000000f3e00000, 0x0000000100000000)
  eden space 49152K, 72% used [0x00000000f0600000,0x00000000f28de108,0x00000000f3600000)
  from space 4096K, 73% used [0x00000000f3a00000,0x00000000f3cf4570,0x00000000f3e00000)
  to   space 4096K, 0% used [0x00000000f3600000,0x00000000f3600000,0x00000000f3a00000)
 ParOldGen       total 32768K, used 4060K [0x00000000d1200000, 0x00000000d3200000, 0x00000000f0600000)
  object space 32768K, 12% used [0x00000000d1200000,0x00000000d15f7118,0x00000000d3200000)
 Metaspace       used 20830K, capacity 21134K, committed 21248K, reserved 1067008K
  class space    used 3429K, capacity 3545K, committed 3584K, reserved 1048576K

Deoptimization events (10 events):
Event: 3.464 Thread 0x00007fd57800a800 Uncommon trap: reason=unstable_if action=reinterpret pc=0x00007fd569237c8c method=java.lang.CharacterDataLatin1.toUpperCase(I)I @ 12
Event: 3.486 Thread 0x00007fd57800a800 Uncommon trap: reason=unstable_if action=reinterpret pc=0x00007fd5691ca820 method=sun.misc.URLClassPath.getLoader(I)Lsun/misc/URLClassPath$Loader; @ 36
Event: 3.486 Thread 0x00007fd57800a800 Uncommon trap: reason=unstable_if action=reinterpret pc=0x00007fd5691ac734 method=sun.misc.URLClassPath$JarLoader.ensureOpen()V @ 4
Event: 3.491 Thread 0x00007fd57800a800 Uncommon trap: reason=unstable_if action=reinterpret pc=0x00007fd56919c13c method=sun.misc.URLClassPath.getLoader(I)Lsun/misc/URLClassPath$Loader; @ 36
Event: 3.638 Thread 0x00007fd57800a800 Uncommon trap: reason=bimorphic action=maybe_recompile pc=0x00007fd5692aae98 method=java.lang.ClassLoader.loadClass(Ljava/lang/String;Z)Ljava/lang/Class; @ 38
Event: 3.638 Thread 0x00007fd57800a800 Uncommon trap: reason=unstable_if action=reinterpret pc=0x00007fd5692aad00 method=java.lang.ClassLoader.getClassLoadingLock(Ljava/lang/String;)Ljava/lang/Object; @ 6
Event: 3.638 Thread 0x00007fd57800a800 Uncommon trap: reason=unstable_if action=reinterpret pc=0x00007fd56945a0c0 method=java.util.jar.JarFile.getManEntry()Ljava/util/jar/JarEntry; @ 4
Event: 3.653 Thread 0x00007fd57800a800 Uncommon trap: reason=unstable_if action=reinterpret pc=0x00007fd5691f2394 method=sun.net.www.ParseUtil.encodePath(Ljava/lang/String;Z)Ljava/lang/String; @ 116
Event: 4.120 Thread 0x00007fd57800a800 Uncommon trap: reason=unstable_if action=reinterpret pc=0x00007fd56953ba1c method=java.lang.CharacterDataLatin1.digit(II)I @ 82
Event: 4.232 Thread 0x00007fd57800a800 Uncommon trap: reason=class_check action=maybe_recompile pc=0x00007fd569491a58 method=java.util.regex.Pattern$Slice.match(Ljava/util/regex/Matcher;ILjava/lang/CharSequence;)Z @ 75

Classes redefined (0 events):
No events

Internal exceptions (10 events):
Event: 0.378 Thread 0x00007fd57800a800 Exception <a 'java/security/PrivilegedActionException'> (0x00000000f06c2568) thrown at [/build/openjdk-8-lTwZJE/openjdk-8-8u181-b13/src/hotspot/src/share/vm/prims/jvm.cpp, line 1435]
Event: 0.378 Thread 0x00007fd57800a800 Exception <a 'java/security/PrivilegedActionException'> (0x00000000f06c2778) thrown at [/build/openjdk-8-lTwZJE/openjdk-8-8u181-b13/src/hotspot/src/share/vm/prims/jvm.cpp, line 1435]
Event: 0.378 Thread 0x00007fd57800a800 Exception <a 'java/security/PrivilegedActionException'> (0x00000000f06c4800) thrown at [/build/openjdk-8-lTwZJE/openjdk-8-8u181-b13/src/hotspot/src/share/vm/prims/jvm.cpp, line 1435]
Event: 0.378 Thread 0x00007fd57800a800 Exception <a 'java/security/PrivilegedActionException'> (0x00000000f06c4a10) thrown at [/build/openjdk-8-lTwZJE/openjdk-8-8u181-b13/src/hotspot/src/share/vm/prims/jvm.cpp, line 1435]
Event: 0.378 Thread 0x00007fd57800a800 Exception <a 'java/security/PrivilegedActionException'> (0x00000000f06c54e8) thrown at [/build/openjdk-8-lTwZJE/openjdk-8-8u181-b13/src/hotspot/src/share/vm/prims/jvm.cpp, line 1435]
Event: 0.378 Thread 0x00007fd57800a800 Exception <a 'java/security/PrivilegedActionException'> (0x00000000f06c56f8) thrown at [/build/openjdk-8-lTwZJE/openjdk-8-8u181-b13/src/hotspot/src/share/vm/prims/jvm.cpp, line 1435]
Event: 1.105 Thread 0x00007fd57800a800 Exception <a 'java/lang/NoSuchFieldError': method resolution failed> (0x00000000f11fb908) thrown at [/build/openjdk-8-lTwZJE/openjdk-8-8u181-b13/src/hotspot/src/share/vm/prims/methodHandles.cpp, line 1167]
Event: 1.119 Thread 0x00007fd57800a800 Exception <a 'java/lang/NoSuchFieldError': method resolution failed> (0x00000000f06092a0) thrown at [/build/openjdk-8-lTwZJE/openjdk-8-8u181-b13/src/hotspot/src/share/vm/prims/methodHandles.cpp, line 1167]
Event: 4.157 Thread 0x00007fd57800a800 Exception <a 'java/io/FileNotFoundException'> (0x00000000f193fb58) thrown at [/build/openjdk-8-lTwZJE/openjdk-8-8u181-b13/src/hotspot/src/share/vm/prims/jni.cpp, line 709]
Event: 4.260 Thread 0x00007fd57800a800 Exception <a 'java/lang/NoSuchMethodError': org.slf4j.impl.StaticMDCBinder.getSingleton()Lorg/slf4j/impl/StaticMDCBinder;> (0x00000000f21a57b0) thrown at [/build/openjdk-8-lTwZJE/openjdk-8-8u181-b13/src/hotspot/src/share/vm/interpreter/linkResolver.cpp, l

Events (10 events):
Event: 4.453 loading class jupyter/kernel/protocol/ShellRequest$Execute$ done
Event: 4.453 loading class scala/runtime/AbstractFunction6
Event: 4.453 loading class scala/runtime/AbstractFunction6 done
Event: 4.454 loading class scala/Function6
Event: 4.454 loading class scala/Function6 done
Event: 4.455 loading class scala/Function6$class
Event: 4.455 loading class scala/Function6$class done
Event: 4.455 loading class jupyter/kernel/protocol/ShellRequestDecodeJsons$anon$derivedDecodeJson$macro$1753$1$anon$macro$1742$1
Event: 4.455 loading class jupyter/kernel/protocol/ShellRequestDecodeJsons$anon$derivedDecodeJson$macro$1753$1$anon$macro$1742$1 done
Event: 4.456 Executing VM operation: CollectForMetadataAllocation


Dynamic libraries:
00400000-00401000 r-xp 00000000 08:01 803085                             /usr/lib/jvm/java-8-openjdk-amd64/jre/bin/java
00600000-00601000 r--p 00000000 08:01 803085                             /usr/lib/jvm/java-8-openjdk-amd64/jre/bin/java
00601000-00602000 rw-p 00001000 08:01 803085                             /usr/lib/jvm/java-8-openjdk-amd64/jre/bin/java
00d5c000-00dc5000 rw-p 00000000 00:00 0                                  [heap]
d1200000-d3200000 rw-p 00000000 00:00 0 
d3200000-f0600000 ---p 00000000 00:00 0 
f0600000-f3e00000 rw-p 00000000 00:00 0 
f7200000-100000000 ---p 00000000 00:00 0 
100000000-100380000 rw-p 00000000 00:00 0 
100380000-140000000 ---p 00000000 00:00 0 
7fd528000000-7fd5280a4000 rw-p 00000000 00:00 0 
7fd5280a4000-7fd52c000000 ---p 00000000 00:00 0 
7fd52c5ed000-7fd52f5ee000 rw-p 00000000 00:00 0 
7fd52f5ee000-7fd52f605000 r-xp 00000000 08:01 803144                     /usr/lib/jvm/java-8-openjdk-amd64/jre/lib/amd64/libnet.so
7fd52f605000-7fd52f804000 ---p 00017000 08:01 803144                     /usr/lib/jvm/java-8-openjdk-amd64/jre/lib/amd64/libnet.so
7fd52f804000-7fd52f805000 r--p 00016000 08:01 803144                     /usr/lib/jvm/java-8-openjdk-amd64/jre/lib/amd64/libnet.so
7fd52f805000-7fd52f806000 rw-p 00017000 08:01 803144                     /usr/lib/jvm/java-8-openjdk-amd64/jre/lib/amd64/libnet.so
7fd52f806000-7fd52f817000 r-xp 00000000 08:01 803143                     /usr/lib/jvm/java-8-openjdk-amd64/jre/lib/amd64/libnio.so
7fd52f817000-7fd52fa17000 ---p 00011000 08:01 803143                     /usr/lib/jvm/java-8-openjdk-amd64/jre/lib/amd64/libnio.so
7fd52fa17000-7fd52fa18000 r--p 00011000 08:01 803143                     /usr/lib/jvm/java-8-openjdk-amd64/jre/lib/amd64/libnio.so
7fd52fa18000-7fd52fa19000 rw-p 00012000 08:01 803143                     /usr/lib/jvm/java-8-openjdk-amd64/jre/lib/amd64/libnio.so
7fd52fa19000-7fd52fb59000 rw-p 00000000 00:00 0 
7fd52fb59000-7fd52fc19000 ---p 00000000 00:00 0 
7fd52fc19000-7fd52fe19000 rw-p 00000000 00:00 0 
7fd52fe19000-7fd52fe1c000 r--s 00011000 08:01 807203                     /home/user/.coursier/cache/v1/https/repo1.maven.org/maven2/com/lihaoyi/fastparse-utils_2.11/0.4.2/fastparse-utils_2.11-0.4.2.jar
7fd52fe1c000-7fd52fe1d000 r--s 00006000 08:01 807207                     /home/user/.coursier/cache/v1/https/repo1.maven.org/maven2/com/github/alexarchambault/case-app-annotations_2.11/1.1.3/case-app-annotations_2.11-1.1.3.jar
7fd52fe1d000-7fd52fe28000 r--s 00069000 08:01 807253                     /home/user/.coursier/cache/v1/https/repo1.maven.org/maven2/ch/qos/logback/logback-core/1.2.1/logback-core-1.2.1.jar
7fd52fe28000-7fd52fe2a000 r--s 0000a000 08:01 807225                     /home/user/.coursier/cache/v1/https/repo1.maven.org/maven2/com/github/alexarchambault/case-app-util_2.11/1.1.3/case-app-util_2.11-1.1.3.jar
7fd52fe2a000-7fd52fe2b000 r--s 00000000 08:01 807233                     /home/user/.coursier/cache/v1/https/repo1.maven.org/maven2/org/typelevel/macro-compat_2.11/1.1.1/macro-compat_2.11-1.1.1.jar
7fd52fe2b000-7fd52fe32000 r--s 00042000 08:01 807208                     /home/user/.coursier/cache/v1/https/repo1.maven.org/maven2/com/github/alexarchambault/case-app_2.11/1.1.3/case-app_2.11-1.1.3.jar
7fd52fe32000-7fd52fe35000 r--s 00015000 08:01 807242                     /home/user/.coursier/cache/v1/https/repo1.maven.org/maven2/org/jupyter-scala/scala-cli_2.11.11/0.4.2/scala-cli_2.11.11-0.4.2.jar
7fd52fe35000-7fd52fe3f000 r--s 00074000 08:01 807377                     /home/user/.coursier/cache/v1/https/repo1.maven.org/maven2/org/jupyter-scala/ammonite-compiler_2.11.11/0.8.3-1/ammonite-compiler_2.11.11-0.8.3-1.jar
7fd52fe3f000-7fd52fe44000 r--s 00039000 08:01 807259                     /home/user/.coursier/cache/v1/https/repo1.maven.org/maven2/org/zeromq/jeromq/0.3.6/jeromq-0.3.6.jar
7fd52fe44000-7fd52fe57000 r--s 000bb000 08:01 807205                     /home/user/.coursier/cache/v1/https/repo1.maven.org/maven2/org/jupyter-scala/kernel_2.11/0.4.1/kernel_2.11-0.4.1.jar
7fd52fe57000-7fd52fe5d000 r--s 00046000 08:01 807275                     /home/user/.coursier/cache/v1/https/repo1.maven.org/maven2/ch/qos/logback/logback-classic/1.2.1/logback-classic-1.2.1.jar
7fd52fe5d000-7fd52fe62000 r--s 00044000 08:01 807300                     /home/user/.coursier/cache/v1/https/repo1.maven.org/maven2/org/scodec/scodec-bits_2.11/1.1.2/scodec-bits_2.11-1.1.2.jar
7fd52fe62000-7fd52fe92000 r--s 001c7000 08:01 807281                     /home/user/.coursier/cache/v1/https/repo1.maven.org/maven2/io/argonaut/argonaut_2.11/6.2/argonaut_2.11-6.2.jar
7fd52fe92000-7fd52fe9c000 r--s 00069000 08:01 807307                     /home/user/.coursier/cache/v1/https/repo1.maven.org/maven2/com/lihaoyi/scalaparse_2.11/0.4.2/scalaparse_2.11-0.4.2.jar
7fd52fe9c000-7fd52fe9f000 r--s 00016000 08:01 807311                     /home/user/.coursier/cache/v1/https/repo1.maven.org/maven2/org/jupyter-scala/scala-kernel_2.11.11/0.4.2/scala-kernel_2.11.11-0.4.2.jar
7fd52fe9f000-7fd52fee5000 r--s 00317000 08:01 807336                     /home/user/.coursier/cache/v1/https/repo1.maven.org/maven2/com/chuusai/shapeless_2.11/2.3.2/shapeless_2.11-2.3.2.jar
7fd52fee5000-7fd52ff08000 r--s 00155000 08:01 807348                     /home/user/.coursier/cache/v1/https/repo1.maven.org/maven2/org/scalaz/stream/scalaz-stream_2.11/0.8.6a/scalaz-stream_2.11-0.8.6a.jar
7fd52ff08000-7fd52ff2e000 r--s 00196000 08:01 807280                     /home/user/.coursier/cache/v1/https/repo1.maven.org/maven2/io/get-coursier/coursier_2.11/1.0.0-RC2/coursier_2.11-1.0.0-RC2.jar
7fd52ff2e000-7fd530000000 r--s 00a6f000 08:01 807285                     /home/user/.coursier/cache/v1/https/repo1.maven.org/maven2/org/scalaz/scalaz-core_2.11/7.2.8/scalaz-core_2.11-7.2.8.jar
7fd530000000-7fd5300de000 rw-p 00000000 00:00 0 
7fd5300de000-7fd534000000 ---p 00000000 00:00 0 
7fd534000000-7fd53412b000 rw-p 00000000 00:00 0 
7fd53412b000-7fd538000000 ---p 00000000 00:00 0 
7fd538000000-7fd538021000 rw-p 00000000 00:00 0 
7fd538021000-7fd53c000000 ---p 00000000 00:00 0 
7fd53c000000-7fd53c021000 rw-p 00000000 00:00 0 
7fd53c021000-7fd540000000 ---p 00000000 00:00 0 
7fd540000000-7fd540e17000 rw-p 00000000 00:00 0 
7fd540e17000-7fd544000000 ---p 00000000 00:00 0 
7fd544000000-7fd544021000 rw-p 00000000 00:00 0 
7fd544021000-7fd548000000 ---p 00000000 00:00 0 
7fd548000000-7fd548021000 rw-p 00000000 00:00 0 
7fd548021000-7fd54c000000 ---p 00000000 00:00 0 
7fd54c000000-7fd54d4cb000 rw-p 00000000 00:00 0 
7fd54d4cb000-7fd550000000 ---p 00000000 00:00 0 
7fd550000000-7fd550021000 rw-p 00000000 00:00 0 
7fd550021000-7fd554000000 ---p 00000000 00:00 0 
7fd554000000-7fd554021000 rw-p 00000000 00:00 0 
7fd554021000-7fd558000000 ---p 00000000 00:00 0 
7fd558000000-7fd558021000 rw-p 00000000 00:00 0 
7fd558021000-7fd55c000000 ---p 00000000 00:00 0 
7fd55c000000-7fd55c021000 rw-p 00000000 00:00 0 
7fd55c021000-7fd560000000 ---p 00000000 00:00 0 
7fd560000000-7fd560034000 rw-p 00000000 00:00 0 
7fd560034000-7fd564000000 ---p 00000000 00:00 0 
7fd564000000-7fd564002000 r--s 00009000 08:01 807266                     /home/user/.coursier/cache/v1/https/repo1.maven.org/maven2/org/slf4j/slf4j-api/1.7.22/slf4j-api-1.7.22.jar
7fd564002000-7fd564006000 r--s 00029000 08:01 807324                     /home/user/.coursier/cache/v1/https/repo1.maven.org/maven2/org/jupyter-scala/kernel-protocol_2.11/0.4.1/kernel-protocol_2.11-0.4.1.jar
7fd564006000-7fd56400c000 r--s 0004d000 08:01 807344                     /home/user/.coursier/cache/v1/https/repo1.maven.org/maven2/com/lihaoyi/fastparse_2.11/0.4.2/fastparse_2.11-0.4.2.jar
7fd56400c000-7fd56400d000 r--s 00008000 08:01 807293                     /home/user/.coursier/cache/v1/https/repo1.maven.org/maven2/com/typesafe/scala-logging/scala-logging_2.11/3.5.0/scala-logging_2.11-3.5.0.jar
7fd56400d000-7fd564011000 r--s 0001b000 08:01 807362                     /home/user/.coursier/cache/v1/https/repo1.maven.org/maven2/com/github/alexarchambault/argonaut-shapeless_6.2_2.11/1.2.0-M5/argonaut-shapeless_6.2_2.11-1.2.0-M5.jar
7fd564011000-7fd564017000 r--s 00050000 08:01 807318                     /home/user/.coursier/cache/v1/https/repo1.maven.org/maven2/org/jsoup/jsoup/1.10.2/jsoup-1.10.2.jar
7fd564017000-7fd564022000 r--s 0005d000 08:01 807365                     /home/user/.coursier/cache/v1/https/repo1.maven.org/maven2/org/scala-lang/modules/scala-parser-combinators_2.11/1.0.4/scala-parser-combinators_2.11-1.0.4.jar
7fd564022000-7fd564023000 r--s 00001000 08:01 807355                     /home/user/.coursier/cache/v1/https/repo1.maven.org/maven2/org/jupyter-scala/scala-api_2.11.11/0.4.2/scala-api_2.11.11-0.4.2.jar
7fd564023000-7fd564028000 r--s 00047000 08:01 807328                     /home/user/.coursier/cache/v1/https/repo1.maven.org/maven2/org/jupyter-scala/ammonite-ops_2.11/0.8.3-1/ammonite-ops_2.11-0.8.3-1.jar
7fd564028000-7fd564030000 r--s 0004b000 08:01 807374                     /home/user/.coursier/cache/v1/https/repo1.maven.org/maven2/io/get-coursier/coursier-cache_2.11/1.0.0-RC2/coursier-cache_2.11-1.0.0-RC2.jar
7fd564030000-7fd564032000 r--s 0000f000 08:01 807314                     /home/user/.coursier/cache/v1/https/repo1.maven.org/maven2/com/lihaoyi/derive_2.11/0.4.4/derive_2.11-0.4.4.jar
7fd564032000-7fd564036000 r--s 00023000 08:01 807360                     /home/user/.coursier/cache/v1/https/repo1.maven.org/maven2/org/scalaj/scalaj-http_2.11/2.3.0/scalaj-http_2.11-2.3.0.jar
7fd564036000-7fd564040000 r--s 0009a000 08:01 807217                     /home/user/.coursier/cache/v1/https/repo1.maven.org/maven2/org/scala-lang/modules/scala-xml_2.11/1.0.6/scala-xml_2.11-1.0.6.jar
7fd564040000-7fd564042000 r--s 00012000 08:01 807339                     /home/user/.coursier/cache/v1/https/repo1.maven.org/maven2/com/lihaoyi/fansi_2.11/0.2.3/fansi_2.11-0.2.3.jar
7fd564042000-7fd564047000 r--s 00048000 08:01 807334                     /home/user/.coursier/cache/v1/https/repo1.maven.org/maven2/com/lihaoyi/pprint_2.11/0.4.4/pprint_2.11-0.4.4.jar
7fd564047000-7fd56404f000 r--s 0004c000 08:01 807222                     /home/user/.coursier/cache/v1/https/repo1.maven.org/maven2/org/scalaz/scalaz-concurrent_2.11/7.2.8/scalaz-concurrent_2.11-7.2.8.jar
7fd56404f000-7fd564052000 r--s 0001a000 08:01 807269                     /home/user/.coursier/cache/v1/https/repo1.maven.org/maven2/com/lihaoyi/sourcecode_2.11/0.1.3/sourcecode_2.11-0.1.3.jar
7fd564052000-7fd564058000 r--s 0005c000 08:01 807218                     /home/user/.coursier/cache/v1/https/repo1.maven.org/maven2/com/lihaoyi/upickle_2.11/0.4.4/upickle_2.11-0.4.4.jar
7fd564058000-7fd56405a000 r--s 00013000 08:01 807296                     /home/user/.coursier/cache/v1/https/repo1.maven.org/maven2/org/spire-math/jawn-parser_2.11/0.10.3/jawn-parser_2.11-0.10.3.jar
7fd56405a000-7fd56405c000 r--s 0000d000 08:01 807262                     /home/user/.coursier/cache/v1/https/repo1.maven.org/maven2/com/lihaoyi/geny_2.11/0.1.1/geny_2.11-0.1.1.jar
7fd56405c000-7fd56405e000 r--s 00016000 08:01 807235                     /home/user/.coursier/cache/v1/https/repo1.maven.org/maven2/org/jupyter-scala/ammonite-util_2.11.11/0.8.3-1/ammonite-util_2.11.11-0.8.3-1.jar
7fd56405e000-7fd56416b000 r--s 00dd4000 08:01 807246                     /home/user/.coursier/cache/v1/https/repo1.maven.org/maven2/org/scala-lang/scala-compiler/2.11.11/scala-compiler-2.11.11.jar
7fd56416b000-7fd56416e000 ---p 00000000 00:00 0 
7fd56416e000-7fd56426c000 rw-p 00000000 00:00 0 
7fd56426c000-7fd56426f000 ---p 00000000 00:00 0 
7fd56426f000-7fd56456d000 rw-p 00000000 00:00 0 
7fd56456d000-7fd56476d000 rw-p 00000000 00:00 0 
7fd56476d000-7fd564770000 ---p 00000000 00:00 0 
7fd564770000-7fd56486e000 rw-p 00000000 00:00 0 
7fd56486e000-7fd564871000 ---p 00000000 00:00 0 
7fd564871000-7fd56496f000 rw-p 00000000 00:00 0 
7fd56496f000-7fd564972000 ---p 00000000 00:00 0 
7fd564972000-7fd564a70000 rw-p 00000000 00:00 0 
7fd564a70000-7fd564a73000 ---p 00000000 00:00 0 
7fd564a73000-7fd564b71000 rw-p 00000000 00:00 0 
7fd564b71000-7fd564b74000 ---p 00000000 00:00 0 
7fd564b74000-7fd564c72000 rw-p 00000000 00:00 0 
7fd564c72000-7fd564c75000 ---p 00000000 00:00 0 
7fd564c75000-7fd564d73000 rw-p 00000000 00:00 0 
7fd564d73000-7fd564d76000 ---p 00000000 00:00 0 
7fd564d76000-7fd564e74000 rw-p 00000000 00:00 0 
7fd564e74000-7fd564e77000 ---p 00000000 00:00 0 
7fd564e77000-7fd564ead000 rw-p 00000000 00:00 0 
7fd564ead000-7fd564eb7000 r--s 00061000 08:01 807370                     /home/user/.coursier/cache/v1/https/repo1.maven.org/maven2/org/scalaz/scalaz-effect_2.11/7.2.8/scalaz-effect_2.11-7.2.8.jar
7fd564eb7000-7fd564f03000 r--s 00418000 08:01 807351                     /home/user/.coursier/cache/v1/https/repo1.maven.org/maven2/org/scala-lang/scala-reflect/2.11.11/scala-reflect-2.11.11.jar
7fd564f03000-7fd564f5c000 r--s 00523000 08:01 807237                     /home/user/.coursier/cache/v1/https/repo1.maven.org/maven2/org/scala-lang/scala-library/2.11.11/scala-library-2.11.11.jar
7fd564f5c000-7fd56515c000 rw-p 00000000 00:00 0 
7fd56515c000-7fd5651a8000 r--s 0024b000 08:01 806309                     /home/user/.coursier/bootstrap/1.0.0-RC1/coursier-cli_2.11-1.0.0-RC1-standalone.jar
7fd5651a8000-7fd5651c3000 r--s 00394000 08:01 803174                     /usr/lib/jvm/java-8-openjdk-amd64/jre/lib/ext/cldrdata.jar
7fd5651c3000-7fd5651c4000 ---p 00000000 00:00 0 
7fd5651c4000-7fd5652c4000 rw-p 00000000 00:00 0 
7fd5652c4000-7fd5652c7000 ---p 00000000 00:00 0 
7fd5652c7000-7fd5653c5000 rw-p 00000000 00:00 0 
7fd5653c5000-7fd5653c8000 ---p 00000000 00:00 0 
7fd5653c8000-7fd5654c6000 rw-p 00000000 00:00 0 
7fd5654c6000-7fd5654c9000 ---p 00000000 00:00 0 
7fd5654c9000-7fd5655c7000 rw-p 00000000 00:00 0 
7fd5655c7000-7fd5655ca000 ---p 00000000 00:00 0 
7fd5655ca000-7fd5656c8000 rw-p 00000000 00:00 0 
7fd5656c8000-7fd5660f0000 r--p 00000000 08:01 2105158                    /usr/lib/locale/locale-archive
7fd5660f0000-7fd5660f3000 ---p 00000000 00:00 0 
7fd5660f3000-7fd5661f1000 rw-p 00000000 00:00 0 
7fd5661f1000-7fd5661f4000 ---p 00000000 00:00 0 
7fd5661f4000-7fd5662f2000 rw-p 00000000 00:00 0 
7fd5662f2000-7fd5662f3000 ---p 00000000 00:00 0 
7fd5662f3000-7fd566d4a000 rw-p 00000000 00:00 0 
7fd566d4a000-7fd566f19000 r--s 03c33000 08:01 803184                     /usr/lib/jvm/java-8-openjdk-amd64/jre/lib/rt.jar
7fd566f19000-7fd569000000 rw-p 00000000 00:00 0 
7fd569000000-7fd569600000 rwxp 00000000 00:00 0 
7fd569600000-7fd578000000 ---p 00000000 00:00 0 
7fd578000000-7fd578a05000 rw-p 00000000 00:00 0 
7fd578a05000-7fd57c000000 ---p 00000000 00:00 0 
7fd57c000000-7fd57c001000 r--s 00007000 08:01 807320                     /home/user/.coursier/cache/v1/https/repo1.maven.org/maven2/org/jupyter-scala/kernel-api_2.11/0.4.1/kernel-api_2.11-0.4.1.jar
7fd57c001000-7fd57c00c000 r--s 00074000 08:01 807252                     /home/user/.coursier/cache/v1/https/repo1.maven.org/maven2/org/jupyter-scala/ammonite-runtime_2.11.11/0.8.3-1/ammonite-runtime_2.11.11-0.8.3-1.jar
7fd57c00c000-7fd57c011000 r--s 0009d000 08:01 803185                     /usr/lib/jvm/java-8-openjdk-amd64/jre/lib/jsse.jar
7fd57c011000-7fd57c012000 r--s 00002000 08:01 807381                     /home/user/.local/share/jupyter/kernels/scala/launcher.jar
7fd57c012000-7fd57c02d000 r--s 001d6000 08:01 803177                     /usr/lib/jvm/java-8-openjdk-amd64/jre/lib/ext/nashorn.jar
7fd57c02d000-7fd57c02e000 r--s 0000a000 08:01 803181                     /usr/lib/jvm/java-8-openjdk-amd64/jre/lib/ext/jaccess.jar
7fd57c02e000-7fd57c030000 r--s 00008000 08:01 803178                     /usr/lib/jvm/java-8-openjdk-amd64/jre/lib/ext/sunec.jar
7fd57c030000-7fd57c03a000 r--s 00116000 08:01 803175                     /usr/lib/jvm/java-8-openjdk-amd64/jre/lib/ext/localedata.jar
7fd57c03a000-7fd57c03b000 ---p 00000000 00:00 0 
7fd57c03b000-7fd57c13b000 rw-p 00000000 00:00 0 
7fd57c13b000-7fd57c13c000 ---p 00000000 00:00 0 
7fd57c13c000-7fd57c24c000 rw-p 00000000 00:00 0 
7fd57c24c000-7fd57c336000 ---p 00000000 00:00 0 
7fd57c336000-7fd57c346000 rw-p 00000000 00:00 0 
7fd57c346000-7fd57c430000 ---p 00000000 00:00 0 
7fd57c430000-7fd57c44c000 rw-p 00000000 00:00 0 
7fd57c44c000-7fd57c4ad000 ---p 00000000 00:00 0 
7fd57c4ad000-7fd57c4c6000 rw-p 00000000 00:00 0 
7fd57c4c6000-7fd57c86e000 ---p 00000000 00:00 0 
7fd57c86e000-7fd57c876000 r-xp 00000000 08:01 803135                     /usr/lib/jvm/java-8-openjdk-amd64/jre/lib/amd64/libzip.so
7fd57c876000-7fd57ca75000 ---p 00008000 08:01 803135                     /usr/lib/jvm/java-8-openjdk-amd64/jre/lib/amd64/libzip.so
7fd57ca75000-7fd57ca76000 r--p 00007000 08:01 803135                     /usr/lib/jvm/java-8-openjdk-amd64/jre/lib/amd64/libzip.so
7fd57ca76000-7fd57ca77000 rw-p 00008000 08:01 803135                     /usr/lib/jvm/java-8-openjdk-amd64/jre/lib/amd64/libzip.so
7fd57ca77000-7fd57ca82000 r-xp 00000000 08:01 2889153                    /lib/x86_64-linux-gnu/libnss_files-2.23.so
7fd57ca82000-7fd57cc81000 ---p 0000b000 08:01 2889153                    /lib/x86_64-linux-gnu/libnss_files-2.23.so
7fd57cc81000-7fd57cc82000 r--p 0000a000 08:01 2889153                    /lib/x86_64-linux-gnu/libnss_files-2.23.so
7fd57cc82000-7fd57cc83000 rw-p 0000b000 08:01 2889153                    /lib/x86_64-linux-gnu/libnss_files-2.23.so
7fd57cc83000-7fd57cc89000 rw-p 00000000 00:00 0 
7fd57cc89000-7fd57cc94000 r-xp 00000000 08:01 2889163                    /lib/x86_64-linux-gnu/libnss_nis-2.23.so
7fd57cc94000-7fd57ce93000 ---p 0000b000 08:01 2889163                    /lib/x86_64-linux-gnu/libnss_nis-2.23.so
7fd57ce93000-7fd57ce94000 r--p 0000a000 08:01 2889163                    /lib/x86_64-linux-gnu/libnss_nis-2.23.so
7fd57ce94000-7fd57ce95000 rw-p 0000b000 08:01 2889163                    /lib/x86_64-linux-gnu/libnss_nis-2.23.so
7fd57ce95000-7fd57ceab000 r-xp 00000000 08:01 2889147                    /lib/x86_64-linux-gnu/libnsl-2.23.so
7fd57ceab000-7fd57d0aa000 ---p 00016000 08:01 2889147                    /lib/x86_64-linux-gnu/libnsl-2.23.so
7fd57d0aa000-7fd57d0ab000 r--p 00015000 08:01 2889147                    /lib/x86_64-linux-gnu/libnsl-2.23.so
7fd57d0ab000-7fd57d0ac000 rw-p 00016000 08:01 2889147                    /lib/x86_64-linux-gnu/libnsl-2.23.so
7fd57d0ac000-7fd57d0ae000 rw-p 00000000 00:00 0 
7fd57d0ae000-7fd57d0b6000 r-xp 00000000 08:01 2889149                    /lib/x86_64-linux-gnu/libnss_compat-2.23.so
7fd57d0b6000-7fd57d2b5000 ---p 00008000 08:01 2889149                    /lib/x86_64-linux-gnu/libnss_compat-2.23.so
7fd57d2b5000-7fd57d2b6000 r--p 00007000 08:01 2889149                    /lib/x86_64-linux-gnu/libnss_compat-2.23.so
7fd57d2b6000-7fd57d2b7000 rw-p 00008000 08:01 2889149                    /lib/x86_64-linux-gnu/libnss_compat-2.23.so
7fd57d2b7000-7fd57d2e4000 r-xp 00000000 08:01 803155                     /usr/lib/jvm/java-8-openjdk-amd64/jre/lib/amd64/libjava.so
7fd57d2e4000-7fd57d4e3000 ---p 0002d000 08:01 803155                     /usr/lib/jvm/java-8-openjdk-amd64/jre/lib/amd64/libjava.so
7fd57d4e3000-7fd57d4e4000 r--p 0002c000 08:01 803155                     /usr/lib/jvm/java-8-openjdk-amd64/jre/lib/amd64/libjava.so
7fd57d4e4000-7fd57d4e6000 rw-p 0002d000 08:01 803155                     /usr/lib/jvm/java-8-openjdk-amd64/jre/lib/amd64/libjava.so
7fd57d4e6000-7fd57d4f5000 r-xp 00000000 08:01 803127                     /usr/lib/jvm/java-8-openjdk-amd64/jre/lib/amd64/libverify.so
7fd57d4f5000-7fd57d6f4000 ---p 0000f000 08:01 803127                     /usr/lib/jvm/java-8-openjdk-amd64/jre/lib/amd64/libverify.so
7fd57d6f4000-7fd57d6f6000 r--p 0000e000 08:01 803127                     /usr/lib/jvm/java-8-openjdk-amd64/jre/lib/amd64/libverify.so
7fd57d6f6000-7fd57d6f7000 rw-p 00010000 08:01 803127                     /usr/lib/jvm/java-8-openjdk-amd64/jre/lib/amd64/libverify.so
7fd57d6f7000-7fd57d6fe000 r-xp 00000000 08:01 2889208                    /lib/x86_64-linux-gnu/librt-2.23.so
7fd57d6fe000-7fd57d8fd000 ---p 00007000 08:01 2889208                    /lib/x86_64-linux-gnu/librt-2.23.so
7fd57d8fd000-7fd57d8fe000 r--p 00006000 08:01 2889208                    /lib/x86_64-linux-gnu/librt-2.23.so
7fd57d8fe000-7fd57d8ff000 rw-p 00007000 08:01 2889208                    /lib/x86_64-linux-gnu/librt-2.23.so
7fd57d8ff000-7fd57d915000 r-xp 00000000 08:01 2889092                    /lib/x86_64-linux-gnu/libgcc_s.so.1
7fd57d915000-7fd57db14000 ---p 00016000 08:01 2889092                    /lib/x86_64-linux-gnu/libgcc_s.so.1
7fd57db14000-7fd57db15000 rw-p 00015000 08:01 2889092                    /lib/x86_64-linux-gnu/libgcc_s.so.1
7fd57db15000-7fd57dc1d000 r-xp 00000000 08:01 2889124                    /lib/x86_64-linux-gnu/libm-2.23.so
7fd57dc1d000-7fd57de1c000 ---p 00108000 08:01 2889124                    /lib/x86_64-linux-gnu/libm-2.23.so
7fd57de1c000-7fd57de1d000 r--p 00107000 08:01 2889124                    /lib/x86_64-linux-gnu/libm-2.23.so
7fd57de1d000-7fd57de1e000 rw-p 00108000 08:01 2889124                    /lib/x86_64-linux-gnu/libm-2.23.so
7fd57de1e000-7fd57df90000 r-xp 00000000 08:01 2107766                    /usr/lib/x86_64-linux-gnu/libstdc++.so.6.0.21
7fd57df90000-7fd57e190000 ---p 00172000 08:01 2107766                    /usr/lib/x86_64-linux-gnu/libstdc++.so.6.0.21
7fd57e190000-7fd57e19a000 r--p 00172000 08:01 2107766                    /usr/lib/x86_64-linux-gnu/libstdc++.so.6.0.21
7fd57e19a000-7fd57e19c000 rw-p 0017c000 08:01 2107766                    /usr/lib/x86_64-linux-gnu/libstdc++.so.6.0.21
7fd57e19c000-7fd57e1a0000 rw-p 00000000 00:00 0 
7fd57e1a0000-7fd57edfd000 r-xp 00000000 08:01 803133                     /usr/lib/jvm/java-8-openjdk-amd64/jre/lib/amd64/server/libjvm.so
7fd57edfd000-7fd57effd000 ---p 00c5d000 08:01 803133                     /usr/lib/jvm/java-8-openjdk-amd64/jre/lib/amd64/server/libjvm.so
7fd57effd000-7fd57f091000 r--p 00c5d000 08:01 803133                     /usr/lib/jvm/java-8-openjdk-amd64/jre/lib/amd64/server/libjvm.so
7fd57f091000-7fd57f0ba000 rw-p 00cf1000 08:01 803133                     /usr/lib/jvm/java-8-openjdk-amd64/jre/lib/amd64/server/libjvm.so
7fd57f0ba000-7fd57f0ea000 rw-p 00000000 00:00 0 
7fd57f0ea000-7fd57f102000 r-xp 00000000 08:01 2889200                    /lib/x86_64-linux-gnu/libpthread-2.23.so
7fd57f102000-7fd57f301000 ---p 00018000 08:01 2889200                    /lib/x86_64-linux-gnu/libpthread-2.23.so
7fd57f301000-7fd57f302000 r--p 00017000 08:01 2889200                    /lib/x86_64-linux-gnu/libpthread-2.23.so
7fd57f302000-7fd57f303000 rw-p 00018000 08:01 2889200                    /lib/x86_64-linux-gnu/libpthread-2.23.so
7fd57f303000-7fd57f307000 rw-p 00000000 00:00 0 
7fd57f307000-7fd57f30a000 r-xp 00000000 08:01 2889078                    /lib/x86_64-linux-gnu/libdl-2.23.so
7fd57f30a000-7fd57f509000 ---p 00003000 08:01 2889078                    /lib/x86_64-linux-gnu/libdl-2.23.so
7fd57f509000-7fd57f50a000 r--p 00002000 08:01 2889078                    /lib/x86_64-linux-gnu/libdl-2.23.so
7fd57f50a000-7fd57f50b000 rw-p 00003000 08:01 2889078                    /lib/x86_64-linux-gnu/libdl-2.23.so
7fd57f50b000-7fd57f524000 r-xp 00000000 08:01 2889245                    /lib/x86_64-linux-gnu/libz.so.1.2.8
7fd57f524000-7fd57f723000 ---p 00019000 08:01 2889245                    /lib/x86_64-linux-gnu/libz.so.1.2.8
7fd57f723000-7fd57f724000 r--p 00018000 08:01 2889245                    /lib/x86_64-linux-gnu/libz.so.1.2.8
7fd57f724000-7fd57f725000 rw-p 00019000 08:01 2889245                    /lib/x86_64-linux-gnu/libz.so.1.2.8
7fd57f725000-7fd57f8e5000 r-xp 00000000 08:01 2889054                    /lib/x86_64-linux-gnu/libc-2.23.so
7fd57f8e5000-7fd57fae5000 ---p 001c0000 08:01 2889054                    /lib/x86_64-linux-gnu/libc-2.23.so
7fd57fae5000-7fd57fae9000 r--p 001c0000 08:01 2889054                    /lib/x86_64-linux-gnu/libc-2.23.so
7fd57fae9000-7fd57faeb000 rw-p 001c4000 08:01 2889054                    /lib/x86_64-linux-gnu/libc-2.23.so
7fd57faeb000-7fd57faef000 rw-p 00000000 00:00 0 
7fd57faef000-7fd57fafc000 r-xp 00000000 08:01 803131                     /usr/lib/jvm/java-8-openjdk-amd64/jre/lib/amd64/jli/libjli.so
7fd57fafc000-7fd57fcfc000 ---p 0000d000 08:01 803131                     /usr/lib/jvm/java-8-openjdk-amd64/jre/lib/amd64/jli/libjli.so
7fd57fcfc000-7fd57fcfd000 r--p 0000d000 08:01 803131                     /usr/lib/jvm/java-8-openjdk-amd64/jre/lib/amd64/jli/libjli.so
7fd57fcfd000-7fd57fcfe000 rw-p 0000e000 08:01 803131                     /usr/lib/jvm/java-8-openjdk-amd64/jre/lib/amd64/jli/libjli.so
7fd57fcfe000-7fd57fd24000 r-xp 00000000 08:01 2889026                    /lib/x86_64-linux-gnu/ld-2.23.so
7fd57fd24000-7fd57fd27000 r--s 00038000 08:01 803179                     /usr/lib/jvm/java-8-openjdk-amd64/jre/lib/ext/sunpkcs11.jar
7fd57fd27000-7fd57fd29000 r--s 00001000 08:01 803180                     /usr/lib/jvm/java-8-openjdk-amd64/jre/lib/ext/dnsns.jar
7fd57fd29000-7fd57fd2c000 r--s 0000f000 08:01 803176                     /usr/lib/jvm/java-8-openjdk-amd64/jre/lib/ext/icedtea-sound.jar
7fd57fd2c000-7fd57fdfd000 rw-p 00000000 00:00 0 
7fd57fdfd000-7fd57fe00000 ---p 00000000 00:00 0 
7fd57fe00000-7fd57ff02000 rw-p 00000000 00:00 0 
7fd57ff02000-7fd57ff03000 r--s 00010000 08:01 803182                     /usr/lib/jvm/java-8-openjdk-amd64/jre/lib/ext/zipfs.jar
7fd57ff03000-7fd57ff09000 r--s 0003b000 08:01 803183                     /usr/lib/jvm/java-8-openjdk-amd64/jre/lib/ext/sunjce_provider.jar
7fd57ff09000-7fd57ff18000 rw-p 00000000 00:00 0 
7fd57ff18000-7fd57ff20000 rw-s 00000000 08:01 1836275                    /tmp/hsperfdata_user/124889
7fd57ff20000-7fd57ff21000 rw-p 00000000 00:00 0 
7fd57ff21000-7fd57ff22000 ---p 00000000 00:00 0 
7fd57ff22000-7fd57ff23000 rw-p 00000000 00:00 0 
7fd57ff23000-7fd57ff24000 r--p 00025000 08:01 2889026                    /lib/x86_64-linux-gnu/ld-2.23.so
7fd57ff24000-7fd57ff25000 rw-p 00026000 08:01 2889026                    /lib/x86_64-linux-gnu/ld-2.23.so
7fd57ff25000-7fd57ff26000 rw-p 00000000 00:00 0 
7fffe1b71000-7fffe1b92000 rw-p 00000000 00:00 0                          [stack]
7fffe1bdc000-7fffe1bdf000 r--p 00000000 00:00 0                          [vvar]
7fffe1bdf000-7fffe1be1000 r-xp 00000000 00:00 0                          [vdso]
ffffffffff600000-ffffffffff601000 r-xp 00000000 00:00 0                  [vsyscall]

VM Arguments:
jvm_args: -Xverify:none 
java_command: /home/user/.local/share/jupyter/kernels/scala/launcher.jar launch -r sonatype:releases -r sonatype:snapshots -i ammonite -I ammonite:org.jupyter-scala:ammonite-runtime_2.11.11:0.8.3-1 -I ammonite:org.jupyter-scala:scala-api_2.11.11:0.4.2 org.jupyter-scala:scala-cli_2.11.11:0.4.2 -- --id scala --name Scala --quiet --connection-file /run/user/1000/jupyter/kernel-dd0dea1f-73ff-49d5-a741-bdbc4b5579cd.json
java_class_path (initial): /home/user/.local/share/jupyter/kernels/scala/launcher.jar
Launcher Type: SUN_STANDARD

Environment Variables:
PATH=/home/user/anaconda3/bin:/home/user/anaconda3/bin:/home/user/bin:/home/user/.local/bin:/usr/local/sbin:/usr/local/bin:/usr/sbin:/usr/bin:/sbin:/bin:/usr/games:/usr/local/games:/snap/bin
SHELL=/bin/bash
DISPLAY=:0.0

Signal Handlers:
SIGSEGV: [libjvm.so+0xa71a70], sa_mask[0]=11111111011111111101111111111110, sa_flags=SA_RESTART|SA_SIGINFO
SIGBUS: [libjvm.so+0xa71a70], sa_mask[0]=11111111011111111101111111111110, sa_flags=SA_RESTART|SA_SIGINFO
SIGFPE: [libjvm.so+0x8b8f80], sa_mask[0]=11111111011111111101111111111110, sa_flags=SA_RESTART|SA_SIGINFO
SIGPIPE: [libjvm.so+0x8b8f80], sa_mask[0]=11111111011111111101111111111110, sa_flags=SA_RESTART|SA_SIGINFO
SIGXFSZ: [libjvm.so+0x8b8f80], sa_mask[0]=11111111011111111101111111111110, sa_flags=SA_RESTART|SA_SIGINFO
SIGILL: [libjvm.so+0x8b8f80], sa_mask[0]=11111111011111111101111111111110, sa_flags=SA_RESTART|SA_SIGINFO
SIGUSR1: SIG_DFL, sa_mask[0]=00000000000000000000000000000000, sa_flags=none
SIGUSR2: [libjvm.so+0x8b8e30], sa_mask[0]=00000000000000000000000000000000, sa_flags=SA_RESTART|SA_SIGINFO
SIGHUP: [libjvm.so+0x8b9300], sa_mask[0]=11111111011111111101111111111110, sa_flags=SA_RESTART|SA_SIGINFO
SIGINT: [libjvm.so+0x8b9300], sa_mask[0]=11111111011111111101111111111110, sa_flags=SA_RESTART|SA_SIGINFO
SIGTERM: [libjvm.so+0x8b9300], sa_mask[0]=11111111011111111101111111111110, sa_flags=SA_RESTART|SA_SIGINFO
SIGQUIT: [libjvm.so+0x8b9300], sa_mask[0]=11111111011111111101111111111110, sa_flags=SA_RESTART|SA_SIGINFO


---------------  S Y S T E M  ---------------

OS:DISTRIB_ID=Ubuntu
DISTRIB_RELEASE=16.04
DISTRIB_CODENAME=xenial
DISTRIB_DESCRIPTION="Ubuntu 16.04.5 LTS"

uname:Linux 4.15.0-33-generic #36~16.04.1-Ubuntu SMP Wed Aug 15 17:21:05 UTC 2018 x86_64
libc:glibc 2.23 NPTL 2.23 
rlimit: STACK 8192k, CORE 0k, NPROC 7646, NOFILE 1048576, AS infinity
load average:2.04 0.74 0.36

/proc/meminfo:
MemTotal:        3065896 kB
MemFree:           23880 kB
MemAvailable:      31704 kB
Buffers:             856 kB
Cached:            48384 kB
SwapCached:         2844 kB
Active:          2245220 kB
Inactive:         571500 kB
Active(anon):    2234640 kB
Inactive(anon):   560556 kB
Active(file):      10580 kB
Inactive(file):    10944 kB
Unevictable:          64 kB
Mlocked:              64 kB
SwapTotal:        998396 kB
SwapFree:              0 kB
Dirty:               252 kB
Writeback:             0 kB
AnonPages:       2764868 kB
Mapped:            38604 kB
Shmem:             27588 kB
Slab:              89516 kB
SReclaimable:      35500 kB
SUnreclaim:        54016 kB
KernelStack:       14384 kB
PageTables:        37312 kB
NFS_Unstable:          0 kB
Bounce:                0 kB
WritebackTmp:          0 kB
CommitLimit:     2531344 kB
Committed_AS:    7514724 kB
VmallocTotal:   34359738367 kB
VmallocUsed:           0 kB
VmallocChunk:          0 kB
HardwareCorrupted:     0 kB
AnonHugePages:         0 kB
ShmemHugePages:        0 kB
ShmemPmdMapped:        0 kB
CmaTotal:              0 kB
CmaFree:               0 kB
HugePages_Total:       0
HugePages_Free:        0
HugePages_Rsvd:        0
HugePages_Surp:        0
Hugepagesize:       2048 kB
DirectMap4k:      278400 kB
DirectMap2M:     2867200 kB
DirectMap1G:           0 kB


CPU:total 2 (initial active 2) (1 cores per cpu, 1 threads per core) family 6 model 78 stepping 3, cmov, cx8, fxsr, mmx, sse, sse2, sse3, ssse3, sse4.1, sse4.2, popcnt, avx, avx2, aes, clmul, erms, 3dnowpref, lzcnt, tsc, tscinvbit, bmi1, bmi2, adx

/proc/cpuinfo:
processor	: 0
vendor_id	: GenuineIntel
cpu family	: 6
model		: 78
model name	: Intel(R) Core(TM) i7-6500U CPU @ 2.50GHz
stepping	: 3
microcode	: 0xba
cpu MHz		: 2592.004
cache size	: 4096 KB
physical id	: 0
siblings	: 1
core id		: 0
cpu cores	: 1
apicid		: 0
initial apicid	: 0
fpu		: yes
fpu_exception	: yes
cpuid level	: 22
wp		: yes
flags		: fpu vme de pse tsc msr pae mce cx8 apic sep mtrr pge mca cmov pat pse36 clflush dts mmx fxsr sse sse2 ss syscall nx pdpe1gb rdtscp lm constant_tsc arch_perfmon pebs bts nopl xtopology tsc_reliable nonstop_tsc cpuid aperfmperf pni pclmulqdq ssse3 fma cx16 pcid sse4_1 sse4_2 x2apic movbe popcnt tsc_deadline_timer aes xsave avx f16c rdrand hypervisor lahf_lm abm 3dnowprefetch cpuid_fault epb invpcid_single pti fsgsbase tsc_adjust bmi1 avx2 smep bmi2 invpcid rdseed adx smap xsaveopt dtherm ida arat pln pts hwp hwp_notify hwp_act_window hwp_epp
bugs		: cpu_meltdown spectre_v1 spectre_v2 spec_store_bypass l1tf
bogomips	: 5184.00
clflush size	: 64
cache_alignment	: 64
address sizes	: 42 bits physical, 48 bits virtual
power management:

processor	: 1
vendor_id	: GenuineIntel
cpu family	: 6
model		: 78
model name	: Intel(R) Core(TM) i7-6500U CPU @ 2.50GHz
stepping	: 3
microcode	: 0xba
cpu MHz		: 2592.004
cache size	: 4096 KB
physical id	: 2
siblings	: 1
core id		: 0
cpu cores	: 1
apicid		: 2
initial apicid	: 2
fpu		: yes
fpu_exception	: yes
cpuid level	: 22
wp		: yes
flags		: fpu vme de pse tsc msr pae mce cx8 apic sep mtrr pge mca cmov pat pse36 clflush dts mmx fxsr sse sse2 ss syscall nx pdpe1gb rdtscp lm constant_tsc arch_perfmon pebs bts nopl xtopology tsc_reliable nonstop_tsc cpuid aperfmperf pni pclmulqdq ssse3 fma cx16 pcid sse4_1 sse4_2 x2apic movbe popcnt tsc_deadline_timer aes xsave avx f16c rdrand hypervisor lahf_lm abm 3dnowprefetch cpuid_fault epb invpcid_single pti fsgsbase tsc_adjust bmi1 avx2 smep bmi2 invpcid rdseed adx smap xsaveopt dtherm ida arat pln pts hwp hwp_notify hwp_act_window hwp_epp
bugs		: cpu_meltdown spectre_v1 spectre_v2 spec_store_bypass l1tf
bogomips	: 5184.00
clflush size	: 64
cache_alignment	: 64
address sizes	: 42 bits physical, 48 bits virtual
power management:



Memory: 4k page, physical 3065896k(23012k free), swap 998396k(0k free)

vm_info: OpenJDK 64-Bit Server VM (25.181-b13) for linux-amd64 JRE (1.8.0_181-8u181-b13-1ubuntu0.16.04.1-b13), built on Oct 23 2018 04:39:49 by "buildd" with gcc 5.4.0 20160609

time: Sun Dec  2 20:43:49 2018
elapsed time: 4 seconds (0d 0h 0m 4s)

