#
# There is insufficient memory for the Java Runtime Environment to continue.
# Native memory allocation (mmap) failed to map 54525952 bytes for committing reserved memory.
# Possible reasons:
#   The system is out of physical RAM or swap space
#   In 32 bit mode, the process size limit was hit
# Possible solutions:
#   Reduce memory load on the system
#   Increase physical memory or swap space
#   Check if swap backing store is full
#   Use 64 bit Java on a 64 bit OS
#   Decrease Java heap size (-Xmx/-Xms)
#   Decrease number of Java threads
#   Decrease Java thread stack sizes (-Xss)
#   Set larger code cache with -XX:ReservedCodeCacheSize=
# This output file may be truncated or incomplete.
#
#  Out of Memory Error (os_linux.cpp:2643), pid=125676, tid=0x00007ff541786700
#
# JRE version: OpenJDK Runtime Environment (8.0_181-b13) (build 1.8.0_181-8u181-b13-1ubuntu0.16.04.1-b13)
# Java VM: OpenJDK 64-Bit Server VM (25.181-b13 mixed mode linux-amd64 compressed oops)
# Failed to write core dump. Core dumps have been disabled. To enable core dumping, try "ulimit -c unlimited" before starting Java again
#

---------------  T H R E A D  ---------------

Current thread (0x00007ff5580fb800):  VMThread [stack: 0x00007ff541686000,0x00007ff541787000] [id=125680]

Stack: [0x00007ff541686000,0x00007ff541787000],  sp=0x00007ff5417854a0,  free space=1021k
Native frames: (J=compiled Java code, j=interpreted, Vv=VM code, C=native code)
V  [libjvm.so+0xa70f1b]
V  [libjvm.so+0x4c893c]
V  [libjvm.so+0x8bda48]
V  [libjvm.so+0x8b7dde]
V  [libjvm.so+0x933246]
V  [libjvm.so+0x934573]
V  [libjvm.so+0x930c3b]
V  [libjvm.so+0x929a69]
V  [libjvm.so+0x44c943]
V  [libjvm.so+0xa724a9]
V  [libjvm.so+0xa77d67]
V  [libjvm.so+0xa75467]
V  [libjvm.so+0xa768ef]
V  [libjvm.so+0xa76de1]
V  [libjvm.so+0x8bae52]

VM_Operation (0x00007ff55f2dc9c0): CollectForMetadataAllocation, mode: safepoint, requested by thread 0x00007ff55800a800


---------------  P R O C E S S  ---------------

Java Threads: ( => current thread )
  0x00007ff5583d4000 JavaThread "pool-2-thread-6" daemon [_thread_blocked, id=125700, stack(0x00007ff517afb000,0x00007ff517bfc000)]
  0x00007ff5583d2000 JavaThread "pool-2-thread-5" daemon [_thread_blocked, id=125699, stack(0x00007ff517bfc000,0x00007ff517cfd000)]
  0x00007ff5583d0000 JavaThread "pool-2-thread-4" daemon [_thread_blocked, id=125698, stack(0x00007ff517cfd000,0x00007ff517dfe000)]
  0x00007ff5583ce800 JavaThread "pool-2-thread-3" daemon [_thread_blocked, id=125697, stack(0x00007ff517dfe000,0x00007ff517eff000)]
  0x00007ff5583cd800 JavaThread "pool-2-thread-2" daemon [_thread_blocked, id=125696, stack(0x00007ff5401d1000,0x00007ff5402d2000)]
  0x00007ff5583cc800 JavaThread "pool-2-thread-1" daemon [_thread_blocked, id=125695, stack(0x00007ff5400d0000,0x00007ff5401d1000)]
  0x00007ff558212000 JavaThread "process reaper" daemon [_thread_blocked, id=125690, stack(0x00007ff5402d2000,0x00007ff54030b000)]
  0x00007ff558141800 JavaThread "Service Thread" daemon [_thread_blocked, id=125686, stack(0x00007ff540658000,0x00007ff540759000)]
  0x00007ff55813e800 JavaThread "C1 CompilerThread1" daemon [_thread_blocked, id=125685, stack(0x00007ff540759000,0x00007ff54085a000)]
  0x00007ff55813b800 JavaThread "C2 CompilerThread0" daemon [_thread_blocked, id=125684, stack(0x00007ff54085a000,0x00007ff54095b000)]
  0x00007ff55813a000 JavaThread "Signal Dispatcher" daemon [_thread_blocked, id=125683, stack(0x00007ff54095b000,0x00007ff540a5c000)]
  0x00007ff558107800 JavaThread "Finalizer" daemon [_thread_blocked, id=125682, stack(0x00007ff541484000,0x00007ff541585000)]
  0x00007ff558105000 JavaThread "Reference Handler" daemon [_thread_blocked, id=125681, stack(0x00007ff541585000,0x00007ff541686000)]
  0x00007ff55800a800 JavaThread "main" [_thread_blocked, id=125677, stack(0x00007ff55f1e2000,0x00007ff55f2e3000)]

Other Threads:
=>0x00007ff5580fb800 VMThread [stack: 0x00007ff541686000,0x00007ff541787000] [id=125680]
  0x00007ff558144000 WatcherThread [stack: 0x00007ff540557000,0x00007ff540658000] [id=125687]

VM state:at safepoint (normal execution)

VM Mutex/Monitor currently owned by a thread:  ([mutex/lock_event])
[0x00007ff558006f80] Threads_lock - owner thread: 0x00007ff5580fb800
[0x00007ff558007480] Heap_lock - owner thread: 0x00007ff55800a800

Heap:
 PSYoungGen      total 53248K, used 4083K [0x00000000f0600000, 0x00000000f3e00000, 0x0000000100000000)
  eden space 49152K, 0% used [0x00000000f0600000,0x00000000f0600000,0x00000000f3600000)
  from space 4096K, 99% used [0x00000000f3600000,0x00000000f39fcf08,0x00000000f3a00000)
  to   space 4096K, 0% used [0x00000000f3a00000,0x00000000f3a00000,0x00000000f3e00000)
 ParOldGen       total 32768K, used 7711K [0x00000000d1200000, 0x00000000d3200000, 0x00000000f0600000)
  object space 32768K, 23% used [0x00000000d1200000,0x00000000d1987d18,0x00000000d3200000)
 Metaspace       used 20865K, capacity 21166K, committed 21248K, reserved 1067008K
  class space    used 3451K, capacity 3577K, committed 3584K, reserved 1048576K

Card table byte_map: [0x00007ff5486ad000,0x00007ff548825000] byte_map_base: 0x00007ff548024000

Marking Bits: (ParMarkBitMap*) 0x00007ff55e4b23a0
 Begin Bits: [0x00007ff542890000, 0x00007ff543448000)
 End Bits:   [0x00007ff543448000, 0x00007ff544000000)

Polling page: 0x00007ff55f306000

CodeCache: size=245760Kb used=6150Kb max_used=6163Kb free=239609Kb
 bounds [0x00007ff548be5000, 0x00007ff5491f5000, 0x00007ff557be5000]
 total_blobs=2774 nmethods=2377 adapters=311
 compilation: enabled

Compilation events (10 events):
Event: 3.964 Thread 0x00007ff55813e800 2374       3       java.lang.String::lastIndexOf (11 bytes)
Event: 3.964 Thread 0x00007ff55813e800 nmethod 2374 0x00007ff5491e3e50 code [0x00007ff5491e3fc0, 0x00007ff5491e4248]
Event: 4.010 Thread 0x00007ff55813e800 2376       3       sun.misc.ASCIICaseInsensitiveComparator::compare (126 bytes)
Event: 4.010 Thread 0x00007ff55813e800 nmethod 2376 0x00007ff5491e7210 code [0x00007ff5491e7420, 0x00007ff5491e8018]
Event: 4.021 Thread 0x00007ff55813e800 2377       3       java.io.OutputStream::<init> (5 bytes)
Event: 4.021 Thread 0x00007ff55813e800 nmethod 2377 0x00007ff5491e8650 code [0x00007ff5491e87c0, 0x00007ff5491e8970]
Event: 4.025 Thread 0x00007ff55813b800 2378       4       java.lang.String::equalsIgnoreCase (48 bytes)
Event: 4.029 Thread 0x00007ff55813e800 2379       1       scala.UniquenessCache::map (5 bytes)
Event: 4.029 Thread 0x00007ff55813e800 nmethod 2379 0x00007ff5491e8a50 code [0x00007ff5491e8ba0, 0x00007ff5491e8cb0]
Event: 4.036 Thread 0x00007ff55813b800 nmethod 2378 0x00007ff5491ebfd0 code [0x00007ff5491ec160, 0x00007ff5491ec7f8]

GC Heap History (10 events):
Event: 0.975 GC heap after
Heap after GC invocations=2 (full 0):
 PSYoungGen      total 14336K, used 2016K [0x00000000f0600000, 0x00000000f2200000, 0x0000000100000000)
  eden space 12288K, 0% used [0x00000000f0600000,0x00000000f0600000,0x00000000f1200000)
  from space 2048K, 98% used [0x00000000f1400000,0x00000000f15f8020,0x00000000f1600000)
  to   space 2048K, 0% used [0x00000000f1200000,0x00000000f1200000,0x00000000f1400000)
 ParOldGen       total 32768K, used 1451K [0x00000000d1200000, 0x00000000d3200000, 0x00000000f0600000)
  object space 32768K, 4% used [0x00000000d1200000,0x00000000d136adb0,0x00000000d3200000)
 Metaspace       used 9772K, capacity 9982K, committed 10240K, reserved 1058816K
  class space    used 1640K, capacity 1703K, committed 1792K, reserved 1048576K
}
Event: 1.401 GC heap before
{Heap before GC invocations=3 (full 0):
 PSYoungGen      total 14336K, used 14304K [0x00000000f0600000, 0x00000000f2200000, 0x0000000100000000)
  eden space 12288K, 100% used [0x00000000f0600000,0x00000000f1200000,0x00000000f1200000)
  from space 2048K, 98% used [0x00000000f1400000,0x00000000f15f8020,0x00000000f1600000)
  to   space 2048K, 0% used [0x00000000f1200000,0x00000000f1200000,0x00000000f1400000)
 ParOldGen       total 32768K, used 1451K [0x00000000d1200000, 0x00000000d3200000, 0x00000000f0600000)
  object space 32768K, 4% used [0x00000000d1200000,0x00000000d136adb0,0x00000000d3200000)
 Metaspace       used 13025K, capacity 13234K, committed 13312K, reserved 1060864K
  class space    used 2221K, capacity 2279K, committed 2304K, reserved 1048576K
Event: 1.418 GC heap after
Heap after GC invocations=3 (full 0):
 PSYoungGen      total 14336K, used 2016K [0x00000000f0600000, 0x00000000f2200000, 0x0000000100000000)
  eden space 12288K, 0% used [0x00000000f0600000,0x00000000f0600000,0x00000000f1200000)
  from space 2048K, 98% used [0x00000000f1200000,0x00000000f13f8040,0x00000000f1400000)
  to   space 2048K, 0% used [0x00000000f2000000,0x00000000f2000000,0x00000000f2200000)
 ParOldGen       total 32768K, used 3031K [0x00000000d1200000, 0x00000000d3200000, 0x00000000f0600000)
  object space 32768K, 9% used [0x00000000d1200000,0x00000000d14f5f90,0x00000000d3200000)
 Metaspace       used 13025K, capacity 13234K, committed 13312K, reserved 1060864K
  class space    used 2221K, capacity 2279K, committed 2304K, reserved 1048576K
}
Event: 1.700 GC heap before
{Heap before GC invocations=4 (full 0):
 PSYoungGen      total 14336K, used 14304K [0x00000000f0600000, 0x00000000f2200000, 0x0000000100000000)
  eden space 12288K, 100% used [0x00000000f0600000,0x00000000f1200000,0x00000000f1200000)
  from space 2048K, 98% used [0x00000000f1200000,0x00000000f13f8040,0x00000000f1400000)
  to   space 2048K, 0% used [0x00000000f2000000,0x00000000f2000000,0x00000000f2200000)
 ParOldGen       total 32768K, used 3031K [0x00000000d1200000, 0x00000000d3200000, 0x00000000f0600000)
  object space 32768K, 9% used [0x00000000d1200000,0x00000000d14f5f90,0x00000000d3200000)
 Metaspace       used 13857K, capacity 14142K, committed 14336K, reserved 1060864K
  class space    used 2383K, capacity 2473K, committed 2560K, reserved 1048576K
Event: 1.714 GC heap after
Heap after GC invocations=4 (full 0):
 PSYoungGen      total 26624K, used 2035K [0x00000000f0600000, 0x00000000f2200000, 0x0000000100000000)
  eden space 24576K, 0% used [0x00000000f0600000,0x00000000f0600000,0x00000000f1e00000)
  from space 2048K, 99% used [0x00000000f2000000,0x00000000f21fcca0,0x00000000f2200000)
  to   space 2048K, 0% used [0x00000000f1e00000,0x00000000f1e00000,0x00000000f2000000)
 ParOldGen       total 32768K, used 3595K [0x00000000d1200000, 0x00000000d3200000, 0x00000000f0600000)
  object space 32768K, 10% used [0x00000000d1200000,0x00000000d1582e68,0x00000000d3200000)
 Metaspace       used 13857K, capacity 14142K, committed 14336K, reserved 1060864K
  class space    used 2383K, capacity 2473K, committed 2560K, reserved 1048576K
}
Event: 2.047 GC heap before
{Heap before GC invocations=5 (full 0):
 PSYoungGen      total 26624K, used 26611K [0x00000000f0600000, 0x00000000f2200000, 0x0000000100000000)
  eden space 24576K, 100% used [0x00000000f0600000,0x00000000f1e00000,0x00000000f1e00000)
  from space 2048K, 99% used [0x00000000f2000000,0x00000000f21fcca0,0x00000000f2200000)
  to   space 2048K, 0% used [0x00000000f1e00000,0x00000000f1e00000,0x00000000f2000000)
 ParOldGen       total 32768K, used 3595K [0x00000000d1200000, 0x00000000d3200000, 0x00000000f0600000)
  object space 32768K, 10% used [0x00000000d1200000,0x00000000d1582e68,0x00000000d3200000)
 Metaspace       used 14270K, capacity 14526K, committed 14848K, reserved 1060864K
  class space    used 2442K, capacity 2537K, committed 2560K, reserved 1048576K
Event: 2.056 GC heap after
Heap after GC invocations=5 (full 0):
 PSYoungGen      total 26624K, used 2036K [0x00000000f0600000, 0x00000000f3e00000, 0x0000000100000000)
  eden space 24576K, 0% used [0x00000000f0600000,0x00000000f0600000,0x00000000f1e00000)
  from space 2048K, 99% used [0x00000000f1e00000,0x00000000f1ffd070,0x00000000f2000000)
  to   space 4096K, 0% used [0x00000000f3a00000,0x00000000f3a00000,0x00000000f3e00000)
 ParOldGen       total 32768K, used 4083K [0x00000000d1200000, 0x00000000d3200000, 0x00000000f0600000)
  object space 32768K, 12% used [0x00000000d1200000,0x00000000d15fce68,0x00000000d3200000)
 Metaspace       used 14270K, capacity 14526K, committed 14848K, reserved 1060864K
  class space    used 2442K, capacity 2537K, committed 2560K, reserved 1048576K
}
Event: 3.366 GC heap before
{Heap before GC invocations=6 (full 0):
 PSYoungGen      total 26624K, used 26612K [0x00000000f0600000, 0x00000000f3e00000, 0x0000000100000000)
  eden space 24576K, 100% used [0x00000000f0600000,0x00000000f1e00000,0x00000000f1e00000)
  from space 2048K, 99% used [0x00000000f1e00000,0x00000000f1ffd070,0x00000000f2000000)
  to   space 4096K, 0% used [0x00000000f3a00000,0x00000000f3a00000,0x00000000f3e00000)
 ParOldGen       total 32768K, used 4083K [0x00000000d1200000, 0x00000000d3200000, 0x00000000f0600000)
  object space 32768K, 12% used [0x00000000d1200000,0x00000000d15fce68,0x00000000d3200000)
 Metaspace       used 15019K, capacity 15406K, committed 15488K, reserved 1062912K
  class space    used 2540K, capacity 2681K, committed 2688K, reserved 1048576K
Event: 3.379 GC heap after
Heap after GC invocations=6 (full 0):
 PSYoungGen      total 53248K, used 2973K [0x00000000f0600000, 0x00000000f3e00000, 0x0000000100000000)
  eden space 49152K, 0% used [0x00000000f0600000,0x00000000f0600000,0x00000000f3600000)
  from space 4096K, 72% used [0x00000000f3a00000,0x00000000f3ce7588,0x00000000f3e00000)
  to   space 4096K, 0% used [0x00000000f3600000,0x00000000f3600000,0x00000000f3a00000)
 ParOldGen       total 32768K, used 4083K [0x00000000d1200000, 0x00000000d3200000, 0x00000000f0600000)
  object space 32768K, 12% used [0x00000000d1200000,0x00000000d15fce68,0x00000000d3200000)
 Metaspace       used 15019K, capacity 15406K, committed 15488K, reserved 1062912K
  class space    used 2540K, capacity 2681K, committed 2688K, reserved 1048576K
}
Event: 4.044 GC heap before
{Heap before GC invocations=7 (full 0):
 PSYoungGen      total 53248K, used 39567K [0x00000000f0600000, 0x00000000f3e00000, 0x0000000100000000)
  eden space 49152K, 74% used [0x00000000f0600000,0x00000000f29bc818,0x00000000f3600000)
  from space 4096K, 72% used [0x00000000f3a00000,0x00000000f3ce7588,0x00000000f3e00000)
  to   space 4096K, 0% used [0x00000000f3600000,0x00000000f3600000,0x00000000f3a00000)
 ParOldGen       total 32768K, used 4083K [0x00000000d1200000, 0x00000000d3200000, 0x00000000f0600000)
  object space 32768K, 12% used [0x00000000d1200000,0x00000000d15fce68,0x00000000d3200000)
 Metaspace       used 20865K, capacity 21166K, committed 21248K, reserved 1067008K
  class space    used 3451K, capacity 3577K, committed 3584K, reserved 1048576K

Deoptimization events (10 events):
Event: 3.203 Thread 0x00007ff55800a800 Uncommon trap: reason=class_check action=maybe_recompile pc=0x00007ff5490b22b8 method=d.b.d.t.b(Ljava/lang/Object;II)Z @ 72
Event: 3.211 Thread 0x00007ff55800a800 Uncommon trap: reason=unstable_if action=reinterpret pc=0x00007ff548dfbcc4 method=java.lang.CharacterDataLatin1.toUpperCase(I)I @ 12
Event: 3.215 Thread 0x00007ff55800a800 Uncommon trap: reason=unstable_if action=reinterpret pc=0x00007ff548d89c20 method=sun.misc.URLClassPath.getLoader(I)Lsun/misc/URLClassPath$Loader; @ 36
Event: 3.215 Thread 0x00007ff55800a800 Uncommon trap: reason=unstable_if action=reinterpret pc=0x00007ff548da3c74 method=sun.misc.URLClassPath$JarLoader.ensureOpen()V @ 4
Event: 3.303 Thread 0x00007ff55800a800 Uncommon trap: reason=bimorphic action=maybe_recompile pc=0x00007ff548e797e0 method=java.lang.ClassLoader.loadClass(Ljava/lang/String;Z)Ljava/lang/Class; @ 38
Event: 3.303 Thread 0x00007ff55800a800 Uncommon trap: reason=unstable_if action=reinterpret pc=0x00007ff548e79648 method=java.lang.ClassLoader.getClassLoadingLock(Ljava/lang/String;)Ljava/lang/Object; @ 6
Event: 3.303 Thread 0x00007ff55800a800 Uncommon trap: reason=unstable_if action=reinterpret pc=0x00007ff548ffa1c8 method=java.util.jar.JarFile.getManEntry()Ljava/util/jar/JarEntry; @ 4
Event: 3.315 Thread 0x00007ff55800a800 Uncommon trap: reason=unstable_if action=reinterpret pc=0x00007ff548dd28d4 method=sun.net.www.ParseUtil.encodePath(Ljava/lang/String;Z)Ljava/lang/String; @ 116
Event: 3.742 Thread 0x00007ff55800a800 Uncommon trap: reason=unstable_if action=reinterpret pc=0x00007ff54914ac24 method=java.lang.Integer.valueOf(I)Ljava/lang/Integer; @ 3
Event: 3.770 Thread 0x00007ff55800a800 Uncommon trap: reason=unstable_if action=reinterpret pc=0x00007ff5490ff19c method=java.lang.CharacterDataLatin1.digit(II)I @ 82

Classes redefined (0 events):
No events

Internal exceptions (10 events):
Event: 0.336 Thread 0x00007ff55800a800 Exception <a 'java/security/PrivilegedActionException'> (0x00000000f0685058) thrown at [/build/openjdk-8-lTwZJE/openjdk-8-8u181-b13/src/hotspot/src/share/vm/prims/jvm.cpp, line 1435]
Event: 0.336 Thread 0x00007ff55800a800 Exception <a 'java/security/PrivilegedActionException'> (0x00000000f06870e0) thrown at [/build/openjdk-8-lTwZJE/openjdk-8-8u181-b13/src/hotspot/src/share/vm/prims/jvm.cpp, line 1435]
Event: 0.336 Thread 0x00007ff55800a800 Exception <a 'java/security/PrivilegedActionException'> (0x00000000f06872f0) thrown at [/build/openjdk-8-lTwZJE/openjdk-8-8u181-b13/src/hotspot/src/share/vm/prims/jvm.cpp, line 1435]
Event: 0.336 Thread 0x00007ff55800a800 Exception <a 'java/security/PrivilegedActionException'> (0x00000000f0687dc8) thrown at [/build/openjdk-8-lTwZJE/openjdk-8-8u181-b13/src/hotspot/src/share/vm/prims/jvm.cpp, line 1435]
Event: 0.336 Thread 0x00007ff55800a800 Exception <a 'java/security/PrivilegedActionException'> (0x00000000f0687fd8) thrown at [/build/openjdk-8-lTwZJE/openjdk-8-8u181-b13/src/hotspot/src/share/vm/prims/jvm.cpp, line 1435]
Event: 0.962 Thread 0x00007ff55800a800 Exception <a 'java/lang/NoSuchFieldError': method resolution failed> (0x00000000f11fd0d0) thrown at [/build/openjdk-8-lTwZJE/openjdk-8-8u181-b13/src/hotspot/src/share/vm/prims/methodHandles.cpp, line 1167]
Event: 0.977 Thread 0x00007ff55800a800 Exception <a 'java/lang/NoSuchFieldError': method resolution failed> (0x00000000f060a9f0) thrown at [/build/openjdk-8-lTwZJE/openjdk-8-8u181-b13/src/hotspot/src/share/vm/prims/methodHandles.cpp, line 1167]
Event: 1.301 Thread 0x00007ff5583ce800 Implicit null exception at 0x00007ff548dbb95b to 0x00007ff548dbbb11
Event: 3.779 Thread 0x00007ff55800a800 Exception <a 'java/io/FileNotFoundException'> (0x00000000f1967918) thrown at [/build/openjdk-8-lTwZJE/openjdk-8-8u181-b13/src/hotspot/src/share/vm/prims/jni.cpp, line 709]
Event: 3.892 Thread 0x00007ff55800a800 Exception <a 'java/lang/NoSuchMethodError': org.slf4j.impl.StaticMDCBinder.getSingleton()Lorg/slf4j/impl/StaticMDCBinder;> (0x00000000f21e62b0) thrown at [/build/openjdk-8-lTwZJE/openjdk-8-8u181-b13/src/hotspot/src/share/vm/interpreter/linkResolver.cpp, l

Events (10 events):
Event: 4.041 loading class scala/runtime/VolatileByteRef done
Event: 4.042 loading class argonaut/derive/HListProductDecodeJson$$anonfun$hcons$1$$anonfun$apply$4
Event: 4.042 loading class argonaut/derive/HListProductDecodeJson$$anonfun$hcons$1$$anonfun$apply$4 done
Event: 4.042 loading class argonaut/derive/ProductDecodeJson$$anonfun$generic$1$$anonfun$apply$1
Event: 4.042 loading class argonaut/derive/ProductDecodeJson$$anonfun$generic$1$$anonfun$apply$1 done
Event: 4.042 loading class argonaut/DecodeJson$$anon$2
Event: 4.042 loading class argonaut/DecodeJson$$anon$2 done
Event: 4.042 loading class jupyter/kernel/protocol/ShellRequestDecodeJsons$anon$derivedDecodeJson$macro$1783$1
Event: 4.042 loading class jupyter/kernel/protocol/ShellRequestDecodeJsons$anon$derivedDecodeJson$macro$1783$1 done
Event: 4.044 Executing VM operation: CollectForMetadataAllocation


Dynamic libraries:
00400000-00401000 r-xp 00000000 08:01 803085                             /usr/lib/jvm/java-8-openjdk-amd64/jre/bin/java
00600000-00601000 r--p 00000000 08:01 803085                             /usr/lib/jvm/java-8-openjdk-amd64/jre/bin/java
00601000-00602000 rw-p 00001000 08:01 803085                             /usr/lib/jvm/java-8-openjdk-amd64/jre/bin/java
025bc000-026fd000 rw-p 00000000 00:00 0                                  [heap]
d1200000-d3200000 rw-p 00000000 00:00 0 
d3200000-f0600000 ---p 00000000 00:00 0 
f0600000-f3e00000 rw-p 00000000 00:00 0 
f7200000-100000000 ---p 00000000 00:00 0 
100000000-100380000 rw-p 00000000 00:00 0 
100380000-140000000 ---p 00000000 00:00 0 
7ff504000000-7ff504070000 rw-p 00000000 00:00 0 
7ff504070000-7ff508000000 ---p 00000000 00:00 0 
7ff508fff000-7ff50c000000 rw-p 00000000 00:00 0 
7ff50c000000-7ff50c021000 rw-p 00000000 00:00 0 
7ff50c021000-7ff510000000 ---p 00000000 00:00 0 
7ff510000000-7ff51009b000 rw-p 00000000 00:00 0 
7ff51009b000-7ff514000000 ---p 00000000 00:00 0 
7ff5169d3000-7ff5169ea000 r-xp 00000000 08:01 803144                     /usr/lib/jvm/java-8-openjdk-amd64/jre/lib/amd64/libnet.so
7ff5169ea000-7ff516be9000 ---p 00017000 08:01 803144                     /usr/lib/jvm/java-8-openjdk-amd64/jre/lib/amd64/libnet.so
7ff516be9000-7ff516bea000 r--p 00016000 08:01 803144                     /usr/lib/jvm/java-8-openjdk-amd64/jre/lib/amd64/libnet.so
7ff516bea000-7ff516beb000 rw-p 00017000 08:01 803144                     /usr/lib/jvm/java-8-openjdk-amd64/jre/lib/amd64/libnet.so
7ff516beb000-7ff516bfc000 r-xp 00000000 08:01 803143                     /usr/lib/jvm/java-8-openjdk-amd64/jre/lib/amd64/libnio.so
7ff516bfc000-7ff516dfc000 ---p 00011000 08:01 803143                     /usr/lib/jvm/java-8-openjdk-amd64/jre/lib/amd64/libnio.so
7ff516dfc000-7ff516dfd000 r--p 00011000 08:01 803143                     /usr/lib/jvm/java-8-openjdk-amd64/jre/lib/amd64/libnio.so
7ff516dfd000-7ff516dfe000 rw-p 00012000 08:01 803143                     /usr/lib/jvm/java-8-openjdk-amd64/jre/lib/amd64/libnio.so
7ff516dfe000-7ff516f3e000 rw-p 00000000 00:00 0 
7ff516f3e000-7ff516ffe000 ---p 00000000 00:00 0 
7ff516ffe000-7ff5171fe000 rw-p 00000000 00:00 0 
7ff5171fe000-7ff517201000 r--s 00011000 08:01 807203                     /home/user/.coursier/cache/v1/https/repo1.maven.org/maven2/com/lihaoyi/fastparse-utils_2.11/0.4.2/fastparse-utils_2.11-0.4.2.jar
7ff517201000-7ff517202000 r--s 00006000 08:01 807207                     /home/user/.coursier/cache/v1/https/repo1.maven.org/maven2/com/github/alexarchambault/case-app-annotations_2.11/1.1.3/case-app-annotations_2.11-1.1.3.jar
7ff517202000-7ff51720d000 r--s 00069000 08:01 807253                     /home/user/.coursier/cache/v1/https/repo1.maven.org/maven2/ch/qos/logback/logback-core/1.2.1/logback-core-1.2.1.jar
7ff51720d000-7ff51720f000 r--s 0000a000 08:01 807225                     /home/user/.coursier/cache/v1/https/repo1.maven.org/maven2/com/github/alexarchambault/case-app-util_2.11/1.1.3/case-app-util_2.11-1.1.3.jar
7ff51720f000-7ff517214000 r--s 00039000 08:01 807259                     /home/user/.coursier/cache/v1/https/repo1.maven.org/maven2/org/zeromq/jeromq/0.3.6/jeromq-0.3.6.jar
7ff517214000-7ff51721a000 r--s 00046000 08:01 807275                     /home/user/.coursier/cache/v1/https/repo1.maven.org/maven2/ch/qos/logback/logback-classic/1.2.1/logback-classic-1.2.1.jar
7ff51721a000-7ff517224000 r--s 00074000 08:01 807377                     /home/user/.coursier/cache/v1/https/repo1.maven.org/maven2/org/jupyter-scala/ammonite-compiler_2.11.11/0.8.3-1/ammonite-compiler_2.11.11-0.8.3-1.jar
7ff517224000-7ff517227000 r--s 00016000 08:01 807311                     /home/user/.coursier/cache/v1/https/repo1.maven.org/maven2/org/jupyter-scala/scala-kernel_2.11.11/0.4.2/scala-kernel_2.11.11-0.4.2.jar
7ff517227000-7ff51726d000 r--s 00317000 08:01 807336                     /home/user/.coursier/cache/v1/https/repo1.maven.org/maven2/com/chuusai/shapeless_2.11/2.3.2/shapeless_2.11-2.3.2.jar
7ff51726d000-7ff517290000 r--s 00155000 08:01 807348                     /home/user/.coursier/cache/v1/https/repo1.maven.org/maven2/org/scalaz/stream/scalaz-stream_2.11/0.8.6a/scalaz-stream_2.11-0.8.6a.jar
7ff517290000-7ff5172c0000 r--s 001c7000 08:01 807281                     /home/user/.coursier/cache/v1/https/repo1.maven.org/maven2/io/argonaut/argonaut_2.11/6.2/argonaut_2.11-6.2.jar
7ff5172c0000-7ff5172c3000 r--s 00015000 08:01 807242                     /home/user/.coursier/cache/v1/https/repo1.maven.org/maven2/org/jupyter-scala/scala-cli_2.11.11/0.4.2/scala-cli_2.11.11-0.4.2.jar
7ff5172c3000-7ff5172c5000 r--s 00009000 08:01 807266                     /home/user/.coursier/cache/v1/https/repo1.maven.org/maven2/org/slf4j/slf4j-api/1.7.22/slf4j-api-1.7.22.jar
7ff5172c5000-7ff5172d8000 r--s 000bb000 08:01 807205                     /home/user/.coursier/cache/v1/https/repo1.maven.org/maven2/org/jupyter-scala/kernel_2.11/0.4.1/kernel_2.11-0.4.1.jar
7ff5172d8000-7ff5172e2000 r--s 00069000 08:01 807307                     /home/user/.coursier/cache/v1/https/repo1.maven.org/maven2/com/lihaoyi/scalaparse_2.11/0.4.2/scalaparse_2.11-0.4.2.jar
7ff5172e2000-7ff5172e6000 r--s 00029000 08:01 807324                     /home/user/.coursier/cache/v1/https/repo1.maven.org/maven2/org/jupyter-scala/kernel-protocol_2.11/0.4.1/kernel-protocol_2.11-0.4.1.jar
7ff5172e6000-7ff5172ec000 r--s 0004d000 08:01 807344                     /home/user/.coursier/cache/v1/https/repo1.maven.org/maven2/com/lihaoyi/fastparse_2.11/0.4.2/fastparse_2.11-0.4.2.jar
7ff5172ec000-7ff5172f1000 r--s 00044000 08:01 807300                     /home/user/.coursier/cache/v1/https/repo1.maven.org/maven2/org/scodec/scodec-bits_2.11/1.1.2/scodec-bits_2.11-1.1.2.jar
7ff5172f1000-7ff5172f8000 r--s 00042000 08:01 807208                     /home/user/.coursier/cache/v1/https/repo1.maven.org/maven2/com/github/alexarchambault/case-app_2.11/1.1.3/case-app_2.11-1.1.3.jar
7ff5172f8000-7ff5172fc000 r--s 0001b000 08:01 807362                     /home/user/.coursier/cache/v1/https/repo1.maven.org/maven2/com/github/alexarchambault/argonaut-shapeless_6.2_2.11/1.2.0-M5/argonaut-shapeless_6.2_2.11-1.2.0-M5.jar
7ff5172fc000-7ff517304000 r--s 0004c000 08:01 807222                     /home/user/.coursier/cache/v1/https/repo1.maven.org/maven2/org/scalaz/scalaz-concurrent_2.11/7.2.8/scalaz-concurrent_2.11-7.2.8.jar
7ff517304000-7ff5173d6000 r--s 00a6f000 08:01 807285                     /home/user/.coursier/cache/v1/https/repo1.maven.org/maven2/org/scalaz/scalaz-core_2.11/7.2.8/scalaz-core_2.11-7.2.8.jar
7ff5173d6000-7ff5174e3000 r--s 00dd4000 08:01 807246                     /home/user/.coursier/cache/v1/https/repo1.maven.org/maven2/org/scala-lang/scala-compiler/2.11.11/scala-compiler-2.11.11.jar
7ff5174e3000-7ff5174ee000 r--s 00074000 08:01 807252                     /home/user/.coursier/cache/v1/https/repo1.maven.org/maven2/org/jupyter-scala/ammonite-runtime_2.11.11/0.8.3-1/ammonite-runtime_2.11.11-0.8.3-1.jar
7ff5174ee000-7ff5174f9000 r--s 0005d000 08:01 807365                     /home/user/.coursier/cache/v1/https/repo1.maven.org/maven2/org/scala-lang/modules/scala-parser-combinators_2.11/1.0.4/scala-parser-combinators_2.11-1.0.4.jar
7ff5174f9000-7ff5174fc000 ---p 00000000 00:00 0 
7ff5174fc000-7ff5177fa000 rw-p 00000000 00:00 0 
7ff5177fa000-7ff5177fd000 ---p 00000000 00:00 0 
7ff5177fd000-7ff517afb000 rw-p 00000000 00:00 0 
7ff517afb000-7ff517afe000 ---p 00000000 00:00 0 
7ff517afe000-7ff517bfc000 rw-p 00000000 00:00 0 
7ff517bfc000-7ff517bff000 ---p 00000000 00:00 0 
7ff517bff000-7ff517cfd000 rw-p 00000000 00:00 0 
7ff517cfd000-7ff517d00000 ---p 00000000 00:00 0 
7ff517d00000-7ff517dfe000 rw-p 00000000 00:00 0 
7ff517dfe000-7ff517e01000 ---p 00000000 00:00 0 
7ff517e01000-7ff517eff000 rw-p 00000000 00:00 0 
7ff517eff000-7ff517f02000 ---p 00000000 00:00 0 
7ff517f02000-7ff518000000 rw-p 00000000 00:00 0 
7ff518000000-7ff518021000 rw-p 00000000 00:00 0 
7ff518021000-7ff51c000000 ---p 00000000 00:00 0 
7ff51c000000-7ff51c024000 rw-p 00000000 00:00 0 
7ff51c024000-7ff520000000 ---p 00000000 00:00 0 
7ff520000000-7ff5212e0000 rw-p 00000000 00:00 0 
7ff5212e0000-7ff524000000 ---p 00000000 00:00 0 
7ff524000000-7ff524021000 rw-p 00000000 00:00 0 
7ff524021000-7ff528000000 ---p 00000000 00:00 0 
7ff528000000-7ff528021000 rw-p 00000000 00:00 0 
7ff528021000-7ff52c000000 ---p 00000000 00:00 0 
7ff52c000000-7ff52d2be000 rw-p 00000000 00:00 0 
7ff52d2be000-7ff530000000 ---p 00000000 00:00 0 
7ff530000000-7ff530021000 rw-p 00000000 00:00 0 
7ff530021000-7ff534000000 ---p 00000000 00:00 0 
7ff534000000-7ff534021000 rw-p 00000000 00:00 0 
7ff534021000-7ff538000000 ---p 00000000 00:00 0 
7ff538000000-7ff538021000 rw-p 00000000 00:00 0 
7ff538021000-7ff53c000000 ---p 00000000 00:00 0 
7ff53c000000-7ff53c043000 rw-p 00000000 00:00 0 
7ff53c043000-7ff540000000 ---p 00000000 00:00 0 
7ff540000000-7ff540001000 r--s 00000000 08:01 807233                     /home/user/.coursier/cache/v1/https/repo1.maven.org/maven2/org/typelevel/macro-compat_2.11/1.1.1/macro-compat_2.11-1.1.1.jar
7ff540001000-7ff540002000 r--s 00008000 08:01 807293                     /home/user/.coursier/cache/v1/https/repo1.maven.org/maven2/com/typesafe/scala-logging/scala-logging_2.11/3.5.0/scala-logging_2.11-3.5.0.jar
7ff540002000-7ff540005000 r--s 0001a000 08:01 807269                     /home/user/.coursier/cache/v1/https/repo1.maven.org/maven2/com/lihaoyi/sourcecode_2.11/0.1.3/sourcecode_2.11-0.1.3.jar
7ff540005000-7ff54002b000 r--s 00196000 08:01 807280                     /home/user/.coursier/cache/v1/https/repo1.maven.org/maven2/io/get-coursier/coursier_2.11/1.0.0-RC2/coursier_2.11-1.0.0-RC2.jar
7ff54002b000-7ff540084000 r--s 00523000 08:01 807237                     /home/user/.coursier/cache/v1/https/repo1.maven.org/maven2/org/scala-lang/scala-library/2.11.11/scala-library-2.11.11.jar
7ff540084000-7ff5400d0000 r--s 00418000 08:01 807351                     /home/user/.coursier/cache/v1/https/repo1.maven.org/maven2/org/scala-lang/scala-reflect/2.11.11/scala-reflect-2.11.11.jar
7ff5400d0000-7ff5400d3000 ---p 00000000 00:00 0 
7ff5400d3000-7ff5401d1000 rw-p 00000000 00:00 0 
7ff5401d1000-7ff5401d4000 ---p 00000000 00:00 0 
7ff5401d4000-7ff5402d2000 rw-p 00000000 00:00 0 
7ff5402d2000-7ff5402d5000 ---p 00000000 00:00 0 
7ff5402d5000-7ff54050b000 rw-p 00000000 00:00 0 
7ff54050b000-7ff540557000 r--s 0024b000 08:01 806309                     /home/user/.coursier/bootstrap/1.0.0-RC1/coursier-cli_2.11-1.0.0-RC1-standalone.jar
7ff540557000-7ff540558000 ---p 00000000 00:00 0 
7ff540558000-7ff540658000 rw-p 00000000 00:00 0 
7ff540658000-7ff54065b000 ---p 00000000 00:00 0 
7ff54065b000-7ff540759000 rw-p 00000000 00:00 0 
7ff540759000-7ff54075c000 ---p 00000000 00:00 0 
7ff54075c000-7ff54085a000 rw-p 00000000 00:00 0 
7ff54085a000-7ff54085d000 ---p 00000000 00:00 0 
7ff54085d000-7ff54095b000 rw-p 00000000 00:00 0 
7ff54095b000-7ff54095e000 ---p 00000000 00:00 0 
7ff54095e000-7ff540a5c000 rw-p 00000000 00:00 0 
7ff540a5c000-7ff541484000 r--p 00000000 08:01 2105158                    /usr/lib/locale/locale-archive
7ff541484000-7ff541487000 ---p 00000000 00:00 0 
7ff541487000-7ff541585000 rw-p 00000000 00:00 0 
7ff541585000-7ff541588000 ---p 00000000 00:00 0 
7ff541588000-7ff541686000 rw-p 00000000 00:00 0 
7ff541686000-7ff541687000 ---p 00000000 00:00 0 
7ff541687000-7ff544000000 rw-p 00000000 00:00 0 
7ff544000000-7ff544021000 rw-p 00000000 00:00 0 
7ff544021000-7ff548000000 ---p 00000000 00:00 0 
7ff548000000-7ff548001000 r--s 00007000 08:01 807320                     /home/user/.coursier/cache/v1/https/repo1.maven.org/maven2/org/jupyter-scala/kernel-api_2.11/0.4.1/kernel-api_2.11-0.4.1.jar
7ff548001000-7ff548003000 r--s 0000d000 08:01 807262                     /home/user/.coursier/cache/v1/https/repo1.maven.org/maven2/com/lihaoyi/geny_2.11/0.1.1/geny_2.11-0.1.1.jar
7ff548003000-7ff548005000 r--s 00012000 08:01 807339                     /home/user/.coursier/cache/v1/https/repo1.maven.org/maven2/com/lihaoyi/fansi_2.11/0.2.3/fansi_2.11-0.2.3.jar
7ff548005000-7ff54800a000 r--s 00048000 08:01 807334                     /home/user/.coursier/cache/v1/https/repo1.maven.org/maven2/com/lihaoyi/pprint_2.11/0.4.4/pprint_2.11-0.4.4.jar
7ff54800a000-7ff54800f000 r--s 00047000 08:01 807328                     /home/user/.coursier/cache/v1/https/repo1.maven.org/maven2/org/jupyter-scala/ammonite-ops_2.11/0.8.3-1/ammonite-ops_2.11-0.8.3-1.jar
7ff54800f000-7ff548019000 r--s 0009a000 08:01 807217                     /home/user/.coursier/cache/v1/https/repo1.maven.org/maven2/org/scala-lang/modules/scala-xml_2.11/1.0.6/scala-xml_2.11-1.0.6.jar
7ff548019000-7ff54801d000 r--s 00023000 08:01 807360                     /home/user/.coursier/cache/v1/https/repo1.maven.org/maven2/org/scalaj/scalaj-http_2.11/2.3.0/scalaj-http_2.11-2.3.0.jar
7ff54801d000-7ff548025000 r--s 0004b000 08:01 807374                     /home/user/.coursier/cache/v1/https/repo1.maven.org/maven2/io/get-coursier/coursier-cache_2.11/1.0.0-RC2/coursier-cache_2.11-1.0.0-RC2.jar
7ff548025000-7ff54802b000 r--s 00050000 08:01 807318                     /home/user/.coursier/cache/v1/https/repo1.maven.org/maven2/org/jsoup/jsoup/1.10.2/jsoup-1.10.2.jar
7ff54802b000-7ff548035000 r--s 00061000 08:01 807370                     /home/user/.coursier/cache/v1/https/repo1.maven.org/maven2/org/scalaz/scalaz-effect_2.11/7.2.8/scalaz-effect_2.11-7.2.8.jar
7ff548035000-7ff548050000 r--s 00394000 08:01 803174                     /usr/lib/jvm/java-8-openjdk-amd64/jre/lib/ext/cldrdata.jar
7ff548050000-7ff54806b000 r--s 001d6000 08:01 803177                     /usr/lib/jvm/java-8-openjdk-amd64/jre/lib/ext/nashorn.jar
7ff54806b000-7ff54823a000 r--s 03c33000 08:01 803184                     /usr/lib/jvm/java-8-openjdk-amd64/jre/lib/rt.jar
7ff54823a000-7ff5483b1000 rw-p 00000000 00:00 0 
7ff5483b1000-7ff5483b2000 ---p 00000000 00:00 0 
7ff5483b2000-7ff5484b2000 rw-p 00000000 00:00 0 
7ff5484b2000-7ff5484b3000 ---p 00000000 00:00 0 
7ff5484b3000-7ff5485c3000 rw-p 00000000 00:00 0 
7ff5485c3000-7ff5486ad000 ---p 00000000 00:00 0 
7ff5486ad000-7ff5486bd000 rw-p 00000000 00:00 0 
7ff5486bd000-7ff5487a7000 ---p 00000000 00:00 0 
7ff5487a7000-7ff5487c3000 rw-p 00000000 00:00 0 
7ff5487c3000-7ff548824000 ---p 00000000 00:00 0 
7ff548824000-7ff54883e000 rw-p 00000000 00:00 0 
7ff54883e000-7ff548be5000 ---p 00000000 00:00 0 
7ff548be5000-7ff5491f5000 rwxp 00000000 00:00 0 
7ff5491f5000-7ff557be5000 ---p 00000000 00:00 0 
7ff557be5000-7ff557bed000 r-xp 00000000 08:01 803135                     /usr/lib/jvm/java-8-openjdk-amd64/jre/lib/amd64/libzip.so
7ff557bed000-7ff557dec000 ---p 00008000 08:01 803135                     /usr/lib/jvm/java-8-openjdk-amd64/jre/lib/amd64/libzip.so
7ff557dec000-7ff557ded000 r--p 00007000 08:01 803135                     /usr/lib/jvm/java-8-openjdk-amd64/jre/lib/amd64/libzip.so
7ff557ded000-7ff557dee000 rw-p 00008000 08:01 803135                     /usr/lib/jvm/java-8-openjdk-amd64/jre/lib/amd64/libzip.so
7ff557dee000-7ff557df9000 r-xp 00000000 08:01 2889153                    /lib/x86_64-linux-gnu/libnss_files-2.23.so
7ff557df9000-7ff557ff8000 ---p 0000b000 08:01 2889153                    /lib/x86_64-linux-gnu/libnss_files-2.23.so
7ff557ff8000-7ff557ff9000 r--p 0000a000 08:01 2889153                    /lib/x86_64-linux-gnu/libnss_files-2.23.so
7ff557ff9000-7ff557ffa000 rw-p 0000b000 08:01 2889153                    /lib/x86_64-linux-gnu/libnss_files-2.23.so
7ff557ffa000-7ff558000000 rw-p 00000000 00:00 0 
7ff558000000-7ff5589d5000 rw-p 00000000 00:00 0 
7ff5589d5000-7ff55c000000 ---p 00000000 00:00 0 
7ff55c000000-7ff55c001000 r--s 00001000 08:01 807355                     /home/user/.coursier/cache/v1/https/repo1.maven.org/maven2/org/jupyter-scala/scala-api_2.11.11/0.4.2/scala-api_2.11.11-0.4.2.jar
7ff55c001000-7ff55c003000 r--s 0000f000 08:01 807314                     /home/user/.coursier/cache/v1/https/repo1.maven.org/maven2/com/lihaoyi/derive_2.11/0.4.4/derive_2.11-0.4.4.jar
7ff55c003000-7ff55c005000 r--s 00013000 08:01 807296                     /home/user/.coursier/cache/v1/https/repo1.maven.org/maven2/org/spire-math/jawn-parser_2.11/0.10.3/jawn-parser_2.11-0.10.3.jar
7ff55c005000-7ff55c00b000 r--s 0005c000 08:01 807218                     /home/user/.coursier/cache/v1/https/repo1.maven.org/maven2/com/lihaoyi/upickle_2.11/0.4.4/upickle_2.11-0.4.4.jar
7ff55c00b000-7ff55c00d000 r--s 00016000 08:01 807235                     /home/user/.coursier/cache/v1/https/repo1.maven.org/maven2/org/jupyter-scala/ammonite-util_2.11.11/0.8.3-1/ammonite-util_2.11.11-0.8.3-1.jar
7ff55c00d000-7ff55c012000 r--s 0009d000 08:01 803185                     /usr/lib/jvm/java-8-openjdk-amd64/jre/lib/jsse.jar
7ff55c012000-7ff55c013000 r--s 00002000 08:01 807381                     /home/user/.local/share/jupyter/kernels/scala/launcher.jar
7ff55c013000-7ff55c014000 r--s 0000a000 08:01 803181                     /usr/lib/jvm/java-8-openjdk-amd64/jre/lib/ext/jaccess.jar
7ff55c014000-7ff55c016000 r--s 00008000 08:01 803178                     /usr/lib/jvm/java-8-openjdk-amd64/jre/lib/ext/sunec.jar
7ff55c016000-7ff55c020000 r--s 00116000 08:01 803175                     /usr/lib/jvm/java-8-openjdk-amd64/jre/lib/ext/localedata.jar
7ff55c020000-7ff55c06e000 rw-p 00000000 00:00 0 
7ff55c06e000-7ff55c079000 r-xp 00000000 08:01 2889163                    /lib/x86_64-linux-gnu/libnss_nis-2.23.so
7ff55c079000-7ff55c278000 ---p 0000b000 08:01 2889163                    /lib/x86_64-linux-gnu/libnss_nis-2.23.so
7ff55c278000-7ff55c279000 r--p 0000a000 08:01 2889163                    /lib/x86_64-linux-gnu/libnss_nis-2.23.so
7ff55c279000-7ff55c27a000 rw-p 0000b000 08:01 2889163                    /lib/x86_64-linux-gnu/libnss_nis-2.23.so
7ff55c27a000-7ff55c290000 r-xp 00000000 08:01 2889147                    /lib/x86_64-linux-gnu/libnsl-2.23.so
7ff55c290000-7ff55c48f000 ---p 00016000 08:01 2889147                    /lib/x86_64-linux-gnu/libnsl-2.23.so
7ff55c48f000-7ff55c490000 r--p 00015000 08:01 2889147                    /lib/x86_64-linux-gnu/libnsl-2.23.so
7ff55c490000-7ff55c491000 rw-p 00016000 08:01 2889147                    /lib/x86_64-linux-gnu/libnsl-2.23.so
7ff55c491000-7ff55c493000 rw-p 00000000 00:00 0 
7ff55c493000-7ff55c49b000 r-xp 00000000 08:01 2889149                    /lib/x86_64-linux-gnu/libnss_compat-2.23.so
7ff55c49b000-7ff55c69a000 ---p 00008000 08:01 2889149                    /lib/x86_64-linux-gnu/libnss_compat-2.23.so
7ff55c69a000-7ff55c69b000 r--p 00007000 08:01 2889149                    /lib/x86_64-linux-gnu/libnss_compat-2.23.so
7ff55c69b000-7ff55c69c000 rw-p 00008000 08:01 2889149                    /lib/x86_64-linux-gnu/libnss_compat-2.23.so
7ff55c69c000-7ff55c6c9000 r-xp 00000000 08:01 803155                     /usr/lib/jvm/java-8-openjdk-amd64/jre/lib/amd64/libjava.so
7ff55c6c9000-7ff55c8c8000 ---p 0002d000 08:01 803155                     /usr/lib/jvm/java-8-openjdk-amd64/jre/lib/amd64/libjava.so
7ff55c8c8000-7ff55c8c9000 r--p 0002c000 08:01 803155                     /usr/lib/jvm/java-8-openjdk-amd64/jre/lib/amd64/libjava.so
7ff55c8c9000-7ff55c8cb000 rw-p 0002d000 08:01 803155                     /usr/lib/jvm/java-8-openjdk-amd64/jre/lib/amd64/libjava.so
7ff55c8cb000-7ff55c8da000 r-xp 00000000 08:01 803127                     /usr/lib/jvm/java-8-openjdk-amd64/jre/lib/amd64/libverify.so
7ff55c8da000-7ff55cad9000 ---p 0000f000 08:01 803127                     /usr/lib/jvm/java-8-openjdk-amd64/jre/lib/amd64/libverify.so
7ff55cad9000-7ff55cadb000 r--p 0000e000 08:01 803127                     /usr/lib/jvm/java-8-openjdk-amd64/jre/lib/amd64/libverify.so
7ff55cadb000-7ff55cadc000 rw-p 00010000 08:01 803127                     /usr/lib/jvm/java-8-openjdk-amd64/jre/lib/amd64/libverify.so
7ff55cadc000-7ff55cae3000 r-xp 00000000 08:01 2889208                    /lib/x86_64-linux-gnu/librt-2.23.so
7ff55cae3000-7ff55cce2000 ---p 00007000 08:01 2889208                    /lib/x86_64-linux-gnu/librt-2.23.so
7ff55cce2000-7ff55cce3000 r--p 00006000 08:01 2889208                    /lib/x86_64-linux-gnu/librt-2.23.so
7ff55cce3000-7ff55cce4000 rw-p 00007000 08:01 2889208                    /lib/x86_64-linux-gnu/librt-2.23.so
7ff55cce4000-7ff55ccfa000 r-xp 00000000 08:01 2889092                    /lib/x86_64-linux-gnu/libgcc_s.so.1
7ff55ccfa000-7ff55cef9000 ---p 00016000 08:01 2889092                    /lib/x86_64-linux-gnu/libgcc_s.so.1
7ff55cef9000-7ff55cefa000 rw-p 00015000 08:01 2889092                    /lib/x86_64-linux-gnu/libgcc_s.so.1
7ff55cefa000-7ff55d002000 r-xp 00000000 08:01 2889124                    /lib/x86_64-linux-gnu/libm-2.23.so
7ff55d002000-7ff55d201000 ---p 00108000 08:01 2889124                    /lib/x86_64-linux-gnu/libm-2.23.so
7ff55d201000-7ff55d202000 r--p 00107000 08:01 2889124                    /lib/x86_64-linux-gnu/libm-2.23.so
7ff55d202000-7ff55d203000 rw-p 00108000 08:01 2889124                    /lib/x86_64-linux-gnu/libm-2.23.so
7ff55d203000-7ff55d375000 r-xp 00000000 08:01 2107766                    /usr/lib/x86_64-linux-gnu/libstdc++.so.6.0.21
7ff55d375000-7ff55d575000 ---p 00172000 08:01 2107766                    /usr/lib/x86_64-linux-gnu/libstdc++.so.6.0.21
7ff55d575000-7ff55d57f000 r--p 00172000 08:01 2107766                    /usr/lib/x86_64-linux-gnu/libstdc++.so.6.0.21
7ff55d57f000-7ff55d581000 rw-p 0017c000 08:01 2107766                    /usr/lib/x86_64-linux-gnu/libstdc++.so.6.0.21
7ff55d581000-7ff55d585000 rw-p 00000000 00:00 0 
7ff55d585000-7ff55e1e2000 r-xp 00000000 08:01 803133                     /usr/lib/jvm/java-8-openjdk-amd64/jre/lib/amd64/server/libjvm.so
7ff55e1e2000-7ff55e3e2000 ---p 00c5d000 08:01 803133                     /usr/lib/jvm/java-8-openjdk-amd64/jre/lib/amd64/server/libjvm.so
7ff55e3e2000-7ff55e476000 r--p 00c5d000 08:01 803133                     /usr/lib/jvm/java-8-openjdk-amd64/jre/lib/amd64/server/libjvm.so
7ff55e476000-7ff55e49f000 rw-p 00cf1000 08:01 803133                     /usr/lib/jvm/java-8-openjdk-amd64/jre/lib/amd64/server/libjvm.so
7ff55e49f000-7ff55e4cf000 rw-p 00000000 00:00 0 
7ff55e4cf000-7ff55e4e7000 r-xp 00000000 08:01 2889200                    /lib/x86_64-linux-gnu/libpthread-2.23.so
7ff55e4e7000-7ff55e6e6000 ---p 00018000 08:01 2889200                    /lib/x86_64-linux-gnu/libpthread-2.23.so
7ff55e6e6000-7ff55e6e7000 r--p 00017000 08:01 2889200                    /lib/x86_64-linux-gnu/libpthread-2.23.so
7ff55e6e7000-7ff55e6e8000 rw-p 00018000 08:01 2889200                    /lib/x86_64-linux-gnu/libpthread-2.23.so
7ff55e6e8000-7ff55e6ec000 rw-p 00000000 00:00 0 
7ff55e6ec000-7ff55e6ef000 r-xp 00000000 08:01 2889078                    /lib/x86_64-linux-gnu/libdl-2.23.so
7ff55e6ef000-7ff55e8ee000 ---p 00003000 08:01 2889078                    /lib/x86_64-linux-gnu/libdl-2.23.so
7ff55e8ee000-7ff55e8ef000 r--p 00002000 08:01 2889078                    /lib/x86_64-linux-gnu/libdl-2.23.so
7ff55e8ef000-7ff55e8f0000 rw-p 00003000 08:01 2889078                    /lib/x86_64-linux-gnu/libdl-2.23.so
7ff55e8f0000-7ff55e909000 r-xp 00000000 08:01 2889245                    /lib/x86_64-linux-gnu/libz.so.1.2.8
7ff55e909000-7ff55eb08000 ---p 00019000 08:01 2889245                    /lib/x86_64-linux-gnu/libz.so.1.2.8
7ff55eb08000-7ff55eb09000 r--p 00018000 08:01 2889245                    /lib/x86_64-linux-gnu/libz.so.1.2.8
7ff55eb09000-7ff55eb0a000 rw-p 00019000 08:01 2889245                    /lib/x86_64-linux-gnu/libz.so.1.2.8
7ff55eb0a000-7ff55ecca000 r-xp 00000000 08:01 2889054                    /lib/x86_64-linux-gnu/libc-2.23.so
7ff55ecca000-7ff55eeca000 ---p 001c0000 08:01 2889054                    /lib/x86_64-linux-gnu/libc-2.23.so
7ff55eeca000-7ff55eece000 r--p 001c0000 08:01 2889054                    /lib/x86_64-linux-gnu/libc-2.23.so
7ff55eece000-7ff55eed0000 rw-p 001c4000 08:01 2889054                    /lib/x86_64-linux-gnu/libc-2.23.so
7ff55eed0000-7ff55eed4000 rw-p 00000000 00:00 0 
7ff55eed4000-7ff55eee1000 r-xp 00000000 08:01 803131                     /usr/lib/jvm/java-8-openjdk-amd64/jre/lib/amd64/jli/libjli.so
7ff55eee1000-7ff55f0e1000 ---p 0000d000 08:01 803131                     /usr/lib/jvm/java-8-openjdk-amd64/jre/lib/amd64/jli/libjli.so
7ff55f0e1000-7ff55f0e2000 r--p 0000d000 08:01 803131                     /usr/lib/jvm/java-8-openjdk-amd64/jre/lib/amd64/jli/libjli.so
7ff55f0e2000-7ff55f0e3000 rw-p 0000e000 08:01 803131                     /usr/lib/jvm/java-8-openjdk-amd64/jre/lib/amd64/jli/libjli.so
7ff55f0e3000-7ff55f109000 r-xp 00000000 08:01 2889026                    /lib/x86_64-linux-gnu/ld-2.23.so
7ff55f109000-7ff55f10c000 r--s 00038000 08:01 803179                     /usr/lib/jvm/java-8-openjdk-amd64/jre/lib/ext/sunpkcs11.jar
7ff55f10c000-7ff55f10e000 r--s 00001000 08:01 803180                     /usr/lib/jvm/java-8-openjdk-amd64/jre/lib/ext/dnsns.jar
7ff55f10e000-7ff55f111000 r--s 0000f000 08:01 803176                     /usr/lib/jvm/java-8-openjdk-amd64/jre/lib/ext/icedtea-sound.jar
7ff55f111000-7ff55f1e2000 rw-p 00000000 00:00 0 
7ff55f1e2000-7ff55f1e5000 ---p 00000000 00:00 0 
7ff55f1e5000-7ff55f2e7000 rw-p 00000000 00:00 0 
7ff55f2e7000-7ff55f2e8000 r--s 00010000 08:01 803182                     /usr/lib/jvm/java-8-openjdk-amd64/jre/lib/ext/zipfs.jar
7ff55f2e8000-7ff55f2ee000 r--s 0003b000 08:01 803183                     /usr/lib/jvm/java-8-openjdk-amd64/jre/lib/ext/sunjce_provider.jar
7ff55f2ee000-7ff55f2fd000 rw-p 00000000 00:00 0 
7ff55f2fd000-7ff55f305000 rw-s 00000000 08:01 1836275                    /tmp/hsperfdata_user/125676
7ff55f305000-7ff55f306000 rw-p 00000000 00:00 0 
7ff55f306000-7ff55f307000 ---p 00000000 00:00 0 
7ff55f307000-7ff55f308000 rw-p 00000000 00:00 0 
7ff55f308000-7ff55f309000 r--p 00025000 08:01 2889026                    /lib/x86_64-linux-gnu/ld-2.23.so
7ff55f309000-7ff55f30a000 rw-p 00026000 08:01 2889026                    /lib/x86_64-linux-gnu/ld-2.23.so
7ff55f30a000-7ff55f30b000 rw-p 00000000 00:00 0 
7fff37cc4000-7fff37ce5000 rw-p 00000000 00:00 0                          [stack]
7fff37da6000-7fff37da9000 r--p 00000000 00:00 0                          [vvar]
7fff37da9000-7fff37dab000 r-xp 00000000 00:00 0                          [vdso]
ffffffffff600000-ffffffffff601000 r-xp 00000000 00:00 0                  [vsyscall]

VM Arguments:
jvm_args: -Xverify:none 
java_command: /home/user/.local/share/jupyter/kernels/scala/launcher.jar launch -r sonatype:releases -r sonatype:snapshots -i ammonite -I ammonite:org.jupyter-scala:ammonite-runtime_2.11.11:0.8.3-1 -I ammonite:org.jupyter-scala:scala-api_2.11.11:0.4.2 org.jupyter-scala:scala-cli_2.11.11:0.4.2 -- --id scala --name Scala --quiet --connection-file /run/user/1000/jupyter/kernel-dd0dea1f-73ff-49d5-a741-bdbc4b5579cd.json
java_class_path (initial): /home/user/.local/share/jupyter/kernels/scala/launcher.jar
Launcher Type: SUN_STANDARD

Environment Variables:
PATH=/home/user/anaconda3/bin:/home/user/anaconda3/bin:/home/user/bin:/home/user/.local/bin:/usr/local/sbin:/usr/local/bin:/usr/sbin:/usr/bin:/sbin:/bin:/usr/games:/usr/local/games:/snap/bin
SHELL=/bin/bash
DISPLAY=:0.0

Signal Handlers:
SIGSEGV: [libjvm.so+0xa71a70], sa_mask[0]=11111111011111111101111111111110, sa_flags=SA_RESTART|SA_SIGINFO
SIGBUS: [libjvm.so+0xa71a70], sa_mask[0]=11111111011111111101111111111110, sa_flags=SA_RESTART|SA_SIGINFO
SIGFPE: [libjvm.so+0x8b8f80], sa_mask[0]=11111111011111111101111111111110, sa_flags=SA_RESTART|SA_SIGINFO
SIGPIPE: [libjvm.so+0x8b8f80], sa_mask[0]=11111111011111111101111111111110, sa_flags=SA_RESTART|SA_SIGINFO
SIGXFSZ: [libjvm.so+0x8b8f80], sa_mask[0]=11111111011111111101111111111110, sa_flags=SA_RESTART|SA_SIGINFO
SIGILL: [libjvm.so+0x8b8f80], sa_mask[0]=11111111011111111101111111111110, sa_flags=SA_RESTART|SA_SIGINFO
SIGUSR1: SIG_DFL, sa_mask[0]=00000000000000000000000000000000, sa_flags=none
SIGUSR2: [libjvm.so+0x8b8e30], sa_mask[0]=00000000000000000000000000000000, sa_flags=SA_RESTART|SA_SIGINFO
SIGHUP: [libjvm.so+0x8b9300], sa_mask[0]=11111111011111111101111111111110, sa_flags=SA_RESTART|SA_SIGINFO
SIGINT: [libjvm.so+0x8b9300], sa_mask[0]=11111111011111111101111111111110, sa_flags=SA_RESTART|SA_SIGINFO
SIGTERM: [libjvm.so+0x8b9300], sa_mask[0]=11111111011111111101111111111110, sa_flags=SA_RESTART|SA_SIGINFO
SIGQUIT: [libjvm.so+0x8b9300], sa_mask[0]=11111111011111111101111111111110, sa_flags=SA_RESTART|SA_SIGINFO


---------------  S Y S T E M  ---------------

OS:DISTRIB_ID=Ubuntu
DISTRIB_RELEASE=16.04
DISTRIB_CODENAME=xenial
DISTRIB_DESCRIPTION="Ubuntu 16.04.5 LTS"

uname:Linux 4.15.0-33-generic #36~16.04.1-Ubuntu SMP Wed Aug 15 17:21:05 UTC 2018 x86_64
libc:glibc 2.23 NPTL 2.23 
rlimit: STACK 8192k, CORE 0k, NPROC 7646, NOFILE 1048576, AS infinity
load average:3.08 1.68 0.77

/proc/meminfo:
MemTotal:        3065896 kB
MemFree:           23660 kB
MemAvailable:      34388 kB
Buffers:             340 kB
Cached:            48740 kB
SwapCached:         2712 kB
Active:          2241264 kB
Inactive:         575440 kB
Active(anon):    2232088 kB
Inactive(anon):   560208 kB
Active(file):       9176 kB
Inactive(file):    15232 kB
Unevictable:          64 kB
Mlocked:              64 kB
SwapTotal:        998396 kB
SwapFree:              0 kB
Dirty:                76 kB
Writeback:            12 kB
AnonPages:       2765096 kB
Mapped:            38384 kB
Shmem:             24564 kB
Slab:              89476 kB
SReclaimable:      35520 kB
SUnreclaim:        53956 kB
KernelStack:       14304 kB
PageTables:        37308 kB
NFS_Unstable:          0 kB
Bounce:                0 kB
WritebackTmp:          0 kB
CommitLimit:     2531344 kB
Committed_AS:    7475196 kB
VmallocTotal:   34359738367 kB
VmallocUsed:           0 kB
VmallocChunk:          0 kB
HardwareCorrupted:     0 kB
AnonHugePages:         0 kB
ShmemHugePages:        0 kB
ShmemPmdMapped:        0 kB
CmaTotal:              0 kB
CmaFree:               0 kB
HugePages_Total:       0
HugePages_Free:        0
HugePages_Rsvd:        0
HugePages_Surp:        0
Hugepagesize:       2048 kB
DirectMap4k:      278400 kB
DirectMap2M:     2867200 kB
DirectMap1G:           0 kB


CPU:total 2 (initial active 2) (1 cores per cpu, 1 threads per core) family 6 model 78 stepping 3, cmov, cx8, fxsr, mmx, sse, sse2, sse3, ssse3, sse4.1, sse4.2, popcnt, avx, avx2, aes, clmul, erms, 3dnowpref, lzcnt, tsc, tscinvbit, bmi1, bmi2, adx

/proc/cpuinfo:
processor	: 0
vendor_id	: GenuineIntel
cpu family	: 6
model		: 78
model name	: Intel(R) Core(TM) i7-6500U CPU @ 2.50GHz
stepping	: 3
microcode	: 0xba
cpu MHz		: 2592.004
cache size	: 4096 KB
physical id	: 0
siblings	: 1
core id		: 0
cpu cores	: 1
apicid		: 0
initial apicid	: 0
fpu		: yes
fpu_exception	: yes
cpuid level	: 22
wp		: yes
flags		: fpu vme de pse tsc msr pae mce cx8 apic sep mtrr pge mca cmov pat pse36 clflush dts mmx fxsr sse sse2 ss syscall nx pdpe1gb rdtscp lm constant_tsc arch_perfmon pebs bts nopl xtopology tsc_reliable nonstop_tsc cpuid aperfmperf pni pclmulqdq ssse3 fma cx16 pcid sse4_1 sse4_2 x2apic movbe popcnt tsc_deadline_timer aes xsave avx f16c rdrand hypervisor lahf_lm abm 3dnowprefetch cpuid_fault epb invpcid_single pti fsgsbase tsc_adjust bmi1 avx2 smep bmi2 invpcid rdseed adx smap xsaveopt dtherm ida arat pln pts hwp hwp_notify hwp_act_window hwp_epp
bugs		: cpu_meltdown spectre_v1 spectre_v2 spec_store_bypass l1tf
bogomips	: 5184.00
clflush size	: 64
cache_alignment	: 64
address sizes	: 42 bits physical, 48 bits virtual
power management:

processor	: 1
vendor_id	: GenuineIntel
cpu family	: 6
model		: 78
model name	: Intel(R) Core(TM) i7-6500U CPU @ 2.50GHz
stepping	: 3
microcode	: 0xba
cpu MHz		: 2592.004
cache size	: 4096 KB
physical id	: 2
siblings	: 1
core id		: 0
cpu cores	: 1
apicid		: 2
initial apicid	: 2
fpu		: yes
fpu_exception	: yes
cpuid level	: 22
wp		: yes
flags		: fpu vme de pse tsc msr pae mce cx8 apic sep mtrr pge mca cmov pat pse36 clflush dts mmx fxsr sse sse2 ss syscall nx pdpe1gb rdtscp lm constant_tsc arch_perfmon pebs bts nopl xtopology tsc_reliable nonstop_tsc cpuid aperfmperf pni pclmulqdq ssse3 fma cx16 pcid sse4_1 sse4_2 x2apic movbe popcnt tsc_deadline_timer aes xsave avx f16c rdrand hypervisor lahf_lm abm 3dnowprefetch cpuid_fault epb invpcid_single pti fsgsbase tsc_adjust bmi1 avx2 smep bmi2 invpcid rdseed adx smap xsaveopt dtherm ida arat pln pts hwp hwp_notify hwp_act_window hwp_epp
bugs		: cpu_meltdown spectre_v1 spectre_v2 spec_store_bypass l1tf
bogomips	: 5184.00
clflush size	: 64
cache_alignment	: 64
address sizes	: 42 bits physical, 48 bits virtual
power management:



Memory: 4k page, physical 3065896k(23668k free), swap 998396k(0k free)

vm_info: OpenJDK 64-Bit Server VM (25.181-b13) for linux-amd64 JRE (1.8.0_181-8u181-b13-1ubuntu0.16.04.1-b13), built on Oct 23 2018 04:39:49 by "buildd" with gcc 5.4.0 20160609

time: Sun Dec  2 20:46:03 2018
elapsed time: 4 seconds (0d 0h 0m 4s)

