#
# There is insufficient memory for the Java Runtime Environment to continue.
# Native memory allocation (mmap) failed to map 54525952 bytes for committing reserved memory.
# Possible reasons:
#   The system is out of physical RAM or swap space
#   In 32 bit mode, the process size limit was hit
# Possible solutions:
#   Reduce memory load on the system
#   Increase physical memory or swap space
#   Check if swap backing store is full
#   Use 64 bit Java on a 64 bit OS
#   Decrease Java heap size (-Xmx/-Xms)
#   Decrease number of Java threads
#   Decrease Java thread stack sizes (-Xss)
#   Set larger code cache with -XX:ReservedCodeCacheSize=
# This output file may be truncated or incomplete.
#
#  Out of Memory Error (os_linux.cpp:2643), pid=125898, tid=0x00007fb34d37e700
#
# JRE version: OpenJDK Runtime Environment (8.0_181-b13) (build 1.8.0_181-8u181-b13-1ubuntu0.16.04.1-b13)
# Java VM: OpenJDK 64-Bit Server VM (25.181-b13 mixed mode linux-amd64 compressed oops)
# Failed to write core dump. Core dumps have been disabled. To enable core dumping, try "ulimit -c unlimited" before starting Java again
#

---------------  T H R E A D  ---------------

Current thread (0x00007fb3600fb800):  VMThread [stack: 0x00007fb34d27e000,0x00007fb34d37f000] [id=125902]

Stack: [0x00007fb34d27e000,0x00007fb34d37f000],  sp=0x00007fb34d37d4a0,  free space=1021k
Native frames: (J=compiled Java code, j=interpreted, Vv=VM code, C=native code)
V  [libjvm.so+0xa70f1b]
V  [libjvm.so+0x4c893c]
V  [libjvm.so+0x8bda48]
V  [libjvm.so+0x8b7dde]
V  [libjvm.so+0x933246]
V  [libjvm.so+0x934573]
V  [libjvm.so+0x930c3b]
V  [libjvm.so+0x929a69]
V  [libjvm.so+0x44c943]
V  [libjvm.so+0xa724a9]
V  [libjvm.so+0xa77d67]
V  [libjvm.so+0xa75467]
V  [libjvm.so+0xa768ef]
V  [libjvm.so+0xa76de1]
V  [libjvm.so+0x8bae52]

VM_Operation (0x00007fb366e4d8d0): CollectForMetadataAllocation, mode: safepoint, requested by thread 0x00007fb36000a800


---------------  P R O C E S S  ---------------

Java Threads: ( => current thread )
  0x00007fb3603cb800 JavaThread "pool-2-thread-6" daemon [_thread_blocked, id=125922, stack(0x00007fb32764e000,0x00007fb32774f000)]
  0x00007fb3603ca000 JavaThread "pool-2-thread-5" daemon [_thread_blocked, id=125921, stack(0x00007fb32774f000,0x00007fb327850000)]
  0x00007fb3603c8800 JavaThread "pool-2-thread-4" daemon [_thread_blocked, id=125920, stack(0x00007fb327850000,0x00007fb327951000)]
  0x00007fb3603c6800 JavaThread "pool-2-thread-3" daemon [_thread_blocked, id=125919, stack(0x00007fb327951000,0x00007fb327a52000)]
  0x00007fb3603c5800 JavaThread "pool-2-thread-2" daemon [_thread_blocked, id=125918, stack(0x00007fb327c54000,0x00007fb327d55000)]
  0x00007fb3603c4800 JavaThread "pool-2-thread-1" daemon [_thread_blocked, id=125917, stack(0x00007fb327b53000,0x00007fb327c54000)]
  0x00007fb3603a1000 JavaThread "process reaper" daemon [_thread_blocked, id=125911, stack(0x00007fb327d55000,0x00007fb327d8e000)]
  0x00007fb360141800 JavaThread "Service Thread" daemon [_thread_blocked, id=125908, stack(0x00007fb34c250000,0x00007fb34c351000)]
  0x00007fb36013e800 JavaThread "C1 CompilerThread1" daemon [_thread_blocked, id=125907, stack(0x00007fb34c351000,0x00007fb34c452000)]
  0x00007fb36013b800 JavaThread "C2 CompilerThread0" daemon [_thread_blocked, id=125906, stack(0x00007fb34c452000,0x00007fb34c553000)]
  0x00007fb36013a000 JavaThread "Signal Dispatcher" daemon [_thread_blocked, id=125905, stack(0x00007fb34c553000,0x00007fb34c654000)]
  0x00007fb360107800 JavaThread "Finalizer" daemon [_thread_blocked, id=125904, stack(0x00007fb34d07c000,0x00007fb34d17d000)]
  0x00007fb360105000 JavaThread "Reference Handler" daemon [_thread_blocked, id=125903, stack(0x00007fb34d17d000,0x00007fb34d27e000)]
  0x00007fb36000a800 JavaThread "main" [_thread_blocked, id=125899, stack(0x00007fb366d53000,0x00007fb366e54000)]

Other Threads:
=>0x00007fb3600fb800 VMThread [stack: 0x00007fb34d27e000,0x00007fb34d37f000] [id=125902]
  0x00007fb360144000 WatcherThread [stack: 0x00007fb34c14f000,0x00007fb34c250000] [id=125909]

VM state:at safepoint (normal execution)

VM Mutex/Monitor currently owned by a thread:  ([mutex/lock_event])
[0x00007fb360006f80] Threads_lock - owner thread: 0x00007fb3600fb800
[0x00007fb360007480] Heap_lock - owner thread: 0x00007fb36000a800

Heap:
 PSYoungGen      total 53248K, used 4095K [0x00000000f0600000, 0x00000000f3e00000, 0x0000000100000000)
  eden space 49152K, 0% used [0x00000000f0600000,0x00000000f0600000,0x00000000f3600000)
  from space 4096K, 99% used [0x00000000f3600000,0x00000000f39fff28,0x00000000f3a00000)
  to   space 4096K, 0% used [0x00000000f3a00000,0x00000000f3a00000,0x00000000f3e00000)
 ParOldGen       total 32768K, used 7596K [0x00000000d1200000, 0x00000000d3200000, 0x00000000f0600000)
  object space 32768K, 23% used [0x00000000d1200000,0x00000000d196b190,0x00000000d3200000)
 Metaspace       used 20838K, capacity 21134K, committed 21248K, reserved 1067008K
  class space    used 3426K, capacity 3545K, committed 3584K, reserved 1048576K

Card table byte_map: [0x00007fb350288000,0x00007fb350400000] byte_map_base: 0x00007fb34fbff000

Marking Bits: (ParMarkBitMap*) 0x00007fb3660233a0
 Begin Bits: [0x00007fb34e81c000, 0x00007fb34f3d4000)
 End Bits:   [0x00007fb34f3d4000, 0x00007fb34ff8c000)

Polling page: 0x00007fb366e77000

CodeCache: size=245760Kb used=6089Kb max_used=6101Kb free=239670Kb
 bounds [0x00007fb3507c0000, 0x00007fb350dc0000, 0x00007fb35f7c0000]
 total_blobs=2805 nmethods=2408 adapters=311
 compilation: enabled

Compilation events (10 events):
Event: 4.965 Thread 0x00007fb36013e800 nmethod 2409 0x00007fb350dade90 code [0x00007fb350dae000, 0x00007fb350dae288]
Event: 4.974 Thread 0x00007fb36013b800 nmethod 2407 0x00007fb350db2810 code [0x00007fb350db29c0, 0x00007fb350db3878]
Event: 5.015 Thread 0x00007fb36013e800 2411       3       sun.misc.ASCIICaseInsensitiveComparator::compare (126 bytes)
Event: 5.015 Thread 0x00007fb36013e800 nmethod 2411 0x00007fb350dafc10 code [0x00007fb350dafe20, 0x00007fb350db0a18]
Event: 5.022 Thread 0x00007fb36013b800 2412       4       java.lang.String::equalsIgnoreCase (48 bytes)
Event: 5.025 Thread 0x00007fb36013e800 2413       3       java.io.OutputStream::<init> (5 bytes)
Event: 5.026 Thread 0x00007fb36013e800 nmethod 2413 0x00007fb350daf810 code [0x00007fb350daf980, 0x00007fb350dafb30]
Event: 5.030 Thread 0x00007fb36013b800 nmethod 2412 0x00007fb350dae7d0 code [0x00007fb350dae960, 0x00007fb350daeff8]
Event: 5.033 Thread 0x00007fb36013e800 2414       1       scala.UniquenessCache::map (5 bytes)
Event: 5.033 Thread 0x00007fb36013e800 nmethod 2414 0x00007fb350db6f90 code [0x00007fb350db70e0, 0x00007fb350db71f0]

GC Heap History (10 events):
Event: 1.126 GC heap after
Heap after GC invocations=2 (full 0):
 PSYoungGen      total 14336K, used 2016K [0x00000000f0600000, 0x00000000f2200000, 0x0000000100000000)
  eden space 12288K, 0% used [0x00000000f0600000,0x00000000f0600000,0x00000000f1200000)
  from space 2048K, 98% used [0x00000000f1400000,0x00000000f15f8020,0x00000000f1600000)
  to   space 2048K, 0% used [0x00000000f1200000,0x00000000f1200000,0x00000000f1400000)
 ParOldGen       total 32768K, used 1479K [0x00000000d1200000, 0x00000000d3200000, 0x00000000f0600000)
  object space 32768K, 4% used [0x00000000d1200000,0x00000000d1371f78,0x00000000d3200000)
 Metaspace       used 9756K, capacity 9982K, committed 10240K, reserved 1058816K
  class space    used 1640K, capacity 1703K, committed 1792K, reserved 1048576K
}
Event: 1.589 GC heap before
{Heap before GC invocations=3 (full 0):
 PSYoungGen      total 14336K, used 14304K [0x00000000f0600000, 0x00000000f2200000, 0x0000000100000000)
  eden space 12288K, 100% used [0x00000000f0600000,0x00000000f1200000,0x00000000f1200000)
  from space 2048K, 98% used [0x00000000f1400000,0x00000000f15f8020,0x00000000f1600000)
  to   space 2048K, 0% used [0x00000000f1200000,0x00000000f1200000,0x00000000f1400000)
 ParOldGen       total 32768K, used 1479K [0x00000000d1200000, 0x00000000d3200000, 0x00000000f0600000)
  object space 32768K, 4% used [0x00000000d1200000,0x00000000d1371f78,0x00000000d3200000)
 Metaspace       used 13061K, capacity 13298K, committed 13568K, reserved 1060864K
  class space    used 2225K, capacity 2279K, committed 2304K, reserved 1048576K
Event: 1.595 GC heap after
Heap after GC invocations=3 (full 0):
 PSYoungGen      total 14336K, used 2032K [0x00000000f0600000, 0x00000000f2200000, 0x0000000100000000)
  eden space 12288K, 0% used [0x00000000f0600000,0x00000000f0600000,0x00000000f1200000)
  from space 2048K, 99% used [0x00000000f1200000,0x00000000f13fc030,0x00000000f1400000)
  to   space 2048K, 0% used [0x00000000f2000000,0x00000000f2000000,0x00000000f2200000)
 ParOldGen       total 32768K, used 3095K [0x00000000d1200000, 0x00000000d3200000, 0x00000000f0600000)
  object space 32768K, 9% used [0x00000000d1200000,0x00000000d1505f68,0x00000000d3200000)
 Metaspace       used 13061K, capacity 13298K, committed 13568K, reserved 1060864K
  class space    used 2225K, capacity 2279K, committed 2304K, reserved 1048576K
}
Event: 1.871 GC heap before
{Heap before GC invocations=4 (full 0):
 PSYoungGen      total 14336K, used 14320K [0x00000000f0600000, 0x00000000f2200000, 0x0000000100000000)
  eden space 12288K, 100% used [0x00000000f0600000,0x00000000f1200000,0x00000000f1200000)
  from space 2048K, 99% used [0x00000000f1200000,0x00000000f13fc030,0x00000000f1400000)
  to   space 2048K, 0% used [0x00000000f2000000,0x00000000f2000000,0x00000000f2200000)
 ParOldGen       total 32768K, used 3095K [0x00000000d1200000, 0x00000000d3200000, 0x00000000f0600000)
  object space 32768K, 9% used [0x00000000d1200000,0x00000000d1505f68,0x00000000d3200000)
 Metaspace       used 13830K, capacity 14040K, committed 14336K, reserved 1060864K
  class space    used 2381K, capacity 2440K, committed 2560K, reserved 1048576K
Event: 1.878 GC heap after
Heap after GC invocations=4 (full 0):
 PSYoungGen      total 26624K, used 2035K [0x00000000f0600000, 0x00000000f2200000, 0x0000000100000000)
  eden space 24576K, 0% used [0x00000000f0600000,0x00000000f0600000,0x00000000f1e00000)
  from space 2048K, 99% used [0x00000000f2000000,0x00000000f21fcca0,0x00000000f2200000)
  to   space 2048K, 0% used [0x00000000f1e00000,0x00000000f1e00000,0x00000000f2000000)
 ParOldGen       total 32768K, used 3667K [0x00000000d1200000, 0x00000000d3200000, 0x00000000f0600000)
  object space 32768K, 11% used [0x00000000d1200000,0x00000000d1594e10,0x00000000d3200000)
 Metaspace       used 13830K, capacity 14040K, committed 14336K, reserved 1060864K
  class space    used 2381K, capacity 2440K, committed 2560K, reserved 1048576K
}
Event: 2.271 GC heap before
{Heap before GC invocations=5 (full 0):
 PSYoungGen      total 26624K, used 26611K [0x00000000f0600000, 0x00000000f2200000, 0x0000000100000000)
  eden space 24576K, 100% used [0x00000000f0600000,0x00000000f1e00000,0x00000000f1e00000)
  from space 2048K, 99% used [0x00000000f2000000,0x00000000f21fcca0,0x00000000f2200000)
  to   space 2048K, 0% used [0x00000000f1e00000,0x00000000f1e00000,0x00000000f2000000)
 ParOldGen       total 32768K, used 3667K [0x00000000d1200000, 0x00000000d3200000, 0x00000000f0600000)
  object space 32768K, 11% used [0x00000000d1200000,0x00000000d1594e10,0x00000000d3200000)
 Metaspace       used 14343K, capacity 14558K, committed 14848K, reserved 1060864K
  class space    used 2434K, capacity 2505K, committed 2560K, reserved 1048576K
Event: 2.276 GC heap after
Heap after GC invocations=5 (full 0):
 PSYoungGen      total 26624K, used 2020K [0x00000000f0600000, 0x00000000f3e00000, 0x0000000100000000)
  eden space 24576K, 0% used [0x00000000f0600000,0x00000000f0600000,0x00000000f1e00000)
  from space 2048K, 98% used [0x00000000f1e00000,0x00000000f1ff9060,0x00000000f2000000)
  to   space 4096K, 0% used [0x00000000f3a00000,0x00000000f3a00000,0x00000000f3e00000)
 ParOldGen       total 32768K, used 4131K [0x00000000d1200000, 0x00000000d3200000, 0x00000000f0600000)
  object space 32768K, 12% used [0x00000000d1200000,0x00000000d1608e10,0x00000000d3200000)
 Metaspace       used 14343K, capacity 14558K, committed 14848K, reserved 1060864K
  class space    used 2434K, capacity 2505K, committed 2560K, reserved 1048576K
}
Event: 4.403 GC heap before
{Heap before GC invocations=6 (full 0):
 PSYoungGen      total 26624K, used 26596K [0x00000000f0600000, 0x00000000f3e00000, 0x0000000100000000)
  eden space 24576K, 100% used [0x00000000f0600000,0x00000000f1e00000,0x00000000f1e00000)
  from space 2048K, 98% used [0x00000000f1e00000,0x00000000f1ff9060,0x00000000f2000000)
  to   space 4096K, 0% used [0x00000000f3a00000,0x00000000f3a00000,0x00000000f3e00000)
 ParOldGen       total 32768K, used 4131K [0x00000000d1200000, 0x00000000d3200000, 0x00000000f0600000)
  object space 32768K, 12% used [0x00000000d1200000,0x00000000d1608e10,0x00000000d3200000)
 Metaspace       used 15070K, capacity 15374K, committed 15488K, reserved 1062912K
  class space    used 2539K, capacity 2649K, committed 2688K, reserved 1048576K
Event: 4.419 GC heap after
Heap after GC invocations=6 (full 0):
 PSYoungGen      total 53248K, used 2957K [0x00000000f0600000, 0x00000000f3e00000, 0x0000000100000000)
  eden space 49152K, 0% used [0x00000000f0600000,0x00000000f0600000,0x00000000f3600000)
  from space 4096K, 72% used [0x00000000f3a00000,0x00000000f3ce3598,0x00000000f3e00000)
  to   space 4096K, 0% used [0x00000000f3600000,0x00000000f3600000,0x00000000f3a00000)
 ParOldGen       total 32768K, used 4131K [0x00000000d1200000, 0x00000000d3200000, 0x00000000f0600000)
  object space 32768K, 12% used [0x00000000d1200000,0x00000000d1608e10,0x00000000d3200000)
 Metaspace       used 15070K, capacity 15374K, committed 15488K, reserved 1062912K
  class space    used 2539K, capacity 2649K, committed 2688K, reserved 1048576K
}
Event: 5.039 GC heap before
{Heap before GC invocations=7 (full 0):
 PSYoungGen      total 53248K, used 38839K [0x00000000f0600000, 0x00000000f3e00000, 0x0000000100000000)
  eden space 49152K, 73% used [0x00000000f0600000,0x00000000f290a830,0x00000000f3600000)
  from space 4096K, 72% used [0x00000000f3a00000,0x00000000f3ce3598,0x00000000f3e00000)
  to   space 4096K, 0% used [0x00000000f3600000,0x00000000f3600000,0x00000000f3a00000)
 ParOldGen       total 32768K, used 4131K [0x00000000d1200000, 0x00000000d3200000, 0x00000000f0600000)
  object space 32768K, 12% used [0x00000000d1200000,0x00000000d1608e10,0x00000000d3200000)
 Metaspace       used 20838K, capacity 21134K, committed 21248K, reserved 1067008K
  class space    used 3426K, capacity 3545K, committed 3584K, reserved 1048576K

Deoptimization events (10 events):
Event: 4.224 Thread 0x00007fb36000a800 Uncommon trap: reason=unstable_if action=reinterpret pc=0x00007fb3509d8c44 method=java.lang.CharacterDataLatin1.toUpperCase(I)I @ 12
Event: 4.228 Thread 0x00007fb36000a800 Uncommon trap: reason=unstable_if action=reinterpret pc=0x00007fb350983ca0 method=sun.misc.URLClassPath.getLoader(I)Lsun/misc/URLClassPath$Loader; @ 36
Event: 4.229 Thread 0x00007fb36000a800 Uncommon trap: reason=unstable_if action=reinterpret pc=0x00007fb350984434 method=sun.misc.URLClassPath$JarLoader.ensureOpen()V @ 4
Event: 4.231 Thread 0x00007fb36000a800 Uncommon trap: reason=unstable_if action=reinterpret pc=0x00007fb3509640fc method=sun.misc.URLClassPath.getLoader(I)Lsun/misc/URLClassPath$Loader; @ 36
Event: 4.325 Thread 0x00007fb36000a800 Uncommon trap: reason=bimorphic action=maybe_recompile pc=0x00007fb350a51b18 method=java.lang.ClassLoader.loadClass(Ljava/lang/String;Z)Ljava/lang/Class; @ 38
Event: 4.325 Thread 0x00007fb36000a800 Uncommon trap: reason=unstable_if action=reinterpret pc=0x00007fb350a51980 method=java.lang.ClassLoader.getClassLoadingLock(Ljava/lang/String;)Ljava/lang/Object; @ 6
Event: 4.325 Thread 0x00007fb36000a800 Uncommon trap: reason=unstable_if action=reinterpret pc=0x00007fb350cdcb94 method=java.util.jar.JarFile.getManEntry()Ljava/util/jar/JarEntry; @ 4
Event: 4.337 Thread 0x00007fb36000a800 Uncommon trap: reason=unstable_if action=reinterpret pc=0x00007fb3509abbd4 method=sun.net.www.ParseUtil.encodePath(Ljava/lang/String;Z)Ljava/lang/String; @ 116
Event: 4.753 Thread 0x00007fb36000a800 Uncommon trap: reason=unstable_if action=reinterpret pc=0x00007fb350cc525c method=java.lang.CharacterDataLatin1.digit(II)I @ 82
Event: 4.840 Thread 0x00007fb36000a800 Uncommon trap: reason=class_check action=maybe_recompile pc=0x00007fb350d17bc4 method=java.util.regex.Pattern$Slice.match(Ljava/util/regex/Matcher;ILjava/lang/CharSequence;)Z @ 75

Classes redefined (0 events):
No events

Internal exceptions (10 events):
Event: 0.421 Thread 0x00007fb36000a800 Exception <a 'java/security/PrivilegedActionException'> (0x00000000f06870e0) thrown at [/build/openjdk-8-lTwZJE/openjdk-8-8u181-b13/src/hotspot/src/share/vm/prims/jvm.cpp, line 1435]
Event: 0.421 Thread 0x00007fb36000a800 Exception <a 'java/security/PrivilegedActionException'> (0x00000000f06872f0) thrown at [/build/openjdk-8-lTwZJE/openjdk-8-8u181-b13/src/hotspot/src/share/vm/prims/jvm.cpp, line 1435]
Event: 0.421 Thread 0x00007fb36000a800 Exception <a 'java/security/PrivilegedActionException'> (0x00000000f0687dc8) thrown at [/build/openjdk-8-lTwZJE/openjdk-8-8u181-b13/src/hotspot/src/share/vm/prims/jvm.cpp, line 1435]
Event: 0.421 Thread 0x00007fb36000a800 Exception <a 'java/security/PrivilegedActionException'> (0x00000000f0687fd8) thrown at [/build/openjdk-8-lTwZJE/openjdk-8-8u181-b13/src/hotspot/src/share/vm/prims/jvm.cpp, line 1435]
Event: 1.120 Thread 0x00007fb36000a800 Exception <a 'java/lang/NoSuchFieldError': method resolution failed> (0x00000000f11fcd58) thrown at [/build/openjdk-8-lTwZJE/openjdk-8-8u181-b13/src/hotspot/src/share/vm/prims/methodHandles.cpp, line 1167]
Event: 1.131 Thread 0x00007fb36000a800 Exception <a 'java/lang/NoSuchFieldError': method resolution failed> (0x00000000f060a590) thrown at [/build/openjdk-8-lTwZJE/openjdk-8-8u181-b13/src/hotspot/src/share/vm/prims/methodHandles.cpp, line 1167]
Event: 1.488 Thread 0x00007fb3603cb800 Implicit null exception at 0x00007fb3509948db to 0x00007fb350994a91
Event: 1.488 Thread 0x00007fb3603c8800 Implicit null exception at 0x00007fb3509948db to 0x00007fb350994a91
Event: 4.758 Thread 0x00007fb36000a800 Exception <a 'java/io/FileNotFoundException'> (0x00000000f1995ee0) thrown at [/build/openjdk-8-lTwZJE/openjdk-8-8u181-b13/src/hotspot/src/share/vm/prims/jni.cpp, line 709]
Event: 4.873 Thread 0x00007fb36000a800 Exception <a 'java/lang/NoSuchMethodError': org.slf4j.impl.StaticMDCBinder.getSingleton()Lorg/slf4j/impl/StaticMDCBinder;> (0x00000000f220efc0) thrown at [/build/openjdk-8-lTwZJE/openjdk-8-8u181-b13/src/hotspot/src/share/vm/interpreter/linkResolver.cpp, l

Events (10 events):
Event: 5.036 loading class jupyter/kernel/protocol/ShellRequest$Execute$ done
Event: 5.036 loading class scala/runtime/AbstractFunction6
Event: 5.036 loading class scala/runtime/AbstractFunction6 done
Event: 5.036 loading class scala/Function6
Event: 5.036 loading class scala/Function6 done
Event: 5.037 loading class scala/Function6$class
Event: 5.037 loading class scala/Function6$class done
Event: 5.037 loading class jupyter/kernel/protocol/ShellRequestDecodeJsons$anon$derivedDecodeJson$macro$1753$1$anon$macro$1742$1
Event: 5.037 loading class jupyter/kernel/protocol/ShellRequestDecodeJsons$anon$derivedDecodeJson$macro$1753$1$anon$macro$1742$1 done
Event: 5.038 Executing VM operation: CollectForMetadataAllocation


Dynamic libraries:
00400000-00401000 r-xp 00000000 08:01 803085                             /usr/lib/jvm/java-8-openjdk-amd64/jre/bin/java
00600000-00601000 r--p 00000000 08:01 803085                             /usr/lib/jvm/java-8-openjdk-amd64/jre/bin/java
00601000-00602000 rw-p 00001000 08:01 803085                             /usr/lib/jvm/java-8-openjdk-amd64/jre/bin/java
01657000-016bb000 rw-p 00000000 00:00 0                                  [heap]
d1200000-d3200000 rw-p 00000000 00:00 0 
d3200000-f0600000 ---p 00000000 00:00 0 
f0600000-f3e00000 rw-p 00000000 00:00 0 
f7200000-100000000 ---p 00000000 00:00 0 
100000000-100380000 rw-p 00000000 00:00 0 
100380000-140000000 ---p 00000000 00:00 0 
7fb30c000000-7fb30c079000 rw-p 00000000 00:00 0 
7fb30c079000-7fb310000000 ---p 00000000 00:00 0 
7fb310fff000-7fb314000000 rw-p 00000000 00:00 0 
7fb314000000-7fb314024000 rw-p 00000000 00:00 0 
7fb314024000-7fb318000000 ---p 00000000 00:00 0 
7fb318000000-7fb318082000 rw-p 00000000 00:00 0 
7fb318082000-7fb31c000000 ---p 00000000 00:00 0 
7fb31c000000-7fb31c021000 rw-p 00000000 00:00 0 
7fb31c021000-7fb320000000 ---p 00000000 00:00 0 
7fb320000000-7fb320021000 rw-p 00000000 00:00 0 
7fb320021000-7fb324000000 ---p 00000000 00:00 0 
7fb326544000-7fb32655b000 r-xp 00000000 08:01 803144                     /usr/lib/jvm/java-8-openjdk-amd64/jre/lib/amd64/libnet.so
7fb32655b000-7fb32675a000 ---p 00017000 08:01 803144                     /usr/lib/jvm/java-8-openjdk-amd64/jre/lib/amd64/libnet.so
7fb32675a000-7fb32675b000 r--p 00016000 08:01 803144                     /usr/lib/jvm/java-8-openjdk-amd64/jre/lib/amd64/libnet.so
7fb32675b000-7fb32675c000 rw-p 00017000 08:01 803144                     /usr/lib/jvm/java-8-openjdk-amd64/jre/lib/amd64/libnet.so
7fb32675c000-7fb32676d000 r-xp 00000000 08:01 803143                     /usr/lib/jvm/java-8-openjdk-amd64/jre/lib/amd64/libnio.so
7fb32676d000-7fb32696d000 ---p 00011000 08:01 803143                     /usr/lib/jvm/java-8-openjdk-amd64/jre/lib/amd64/libnio.so
7fb32696d000-7fb32696e000 r--p 00011000 08:01 803143                     /usr/lib/jvm/java-8-openjdk-amd64/jre/lib/amd64/libnio.so
7fb32696e000-7fb32696f000 rw-p 00012000 08:01 803143                     /usr/lib/jvm/java-8-openjdk-amd64/jre/lib/amd64/libnio.so
7fb32696f000-7fb326aaf000 rw-p 00000000 00:00 0 
7fb326aaf000-7fb326b6f000 ---p 00000000 00:00 0 
7fb326b6f000-7fb326d6f000 rw-p 00000000 00:00 0 
7fb326d6f000-7fb326d72000 r--s 00011000 08:01 807203                     /home/user/.coursier/cache/v1/https/repo1.maven.org/maven2/com/lihaoyi/fastparse-utils_2.11/0.4.2/fastparse-utils_2.11-0.4.2.jar
7fb326d72000-7fb326d7d000 r--s 00069000 08:01 807253                     /home/user/.coursier/cache/v1/https/repo1.maven.org/maven2/ch/qos/logback/logback-core/1.2.1/logback-core-1.2.1.jar
7fb326d7d000-7fb326d7f000 r--s 0000a000 08:01 807225                     /home/user/.coursier/cache/v1/https/repo1.maven.org/maven2/com/github/alexarchambault/case-app-util_2.11/1.1.3/case-app-util_2.11-1.1.3.jar
7fb326d7f000-7fb326d86000 r--s 00042000 08:01 807208                     /home/user/.coursier/cache/v1/https/repo1.maven.org/maven2/com/github/alexarchambault/case-app_2.11/1.1.3/case-app_2.11-1.1.3.jar
7fb326d86000-7fb326d88000 r--s 00009000 08:01 807266                     /home/user/.coursier/cache/v1/https/repo1.maven.org/maven2/org/slf4j/slf4j-api/1.7.22/slf4j-api-1.7.22.jar
7fb326d88000-7fb326d8e000 r--s 00046000 08:01 807275                     /home/user/.coursier/cache/v1/https/repo1.maven.org/maven2/ch/qos/logback/logback-classic/1.2.1/logback-classic-1.2.1.jar
7fb326d8e000-7fb326d93000 r--s 00039000 08:01 807259                     /home/user/.coursier/cache/v1/https/repo1.maven.org/maven2/org/zeromq/jeromq/0.3.6/jeromq-0.3.6.jar
7fb326d93000-7fb326d9d000 r--s 00074000 08:01 807377                     /home/user/.coursier/cache/v1/https/repo1.maven.org/maven2/org/jupyter-scala/ammonite-compiler_2.11.11/0.8.3-1/ammonite-compiler_2.11.11-0.8.3-1.jar
7fb326d9d000-7fb326db0000 r--s 000bb000 08:01 807205                     /home/user/.coursier/cache/v1/https/repo1.maven.org/maven2/org/jupyter-scala/kernel_2.11/0.4.1/kernel_2.11-0.4.1.jar
7fb326db0000-7fb326db5000 r--s 00044000 08:01 807300                     /home/user/.coursier/cache/v1/https/repo1.maven.org/maven2/org/scodec/scodec-bits_2.11/1.1.2/scodec-bits_2.11-1.1.2.jar
7fb326db5000-7fb326dbf000 r--s 00069000 08:01 807307                     /home/user/.coursier/cache/v1/https/repo1.maven.org/maven2/com/lihaoyi/scalaparse_2.11/0.4.2/scalaparse_2.11-0.4.2.jar
7fb326dbf000-7fb326dc2000 r--s 00016000 08:01 807311                     /home/user/.coursier/cache/v1/https/repo1.maven.org/maven2/org/jupyter-scala/scala-kernel_2.11.11/0.4.2/scala-kernel_2.11.11-0.4.2.jar
7fb326dc2000-7fb326df2000 r--s 001c7000 08:01 807281                     /home/user/.coursier/cache/v1/https/repo1.maven.org/maven2/io/argonaut/argonaut_2.11/6.2/argonaut_2.11-6.2.jar
7fb326df2000-7fb326df6000 r--s 00029000 08:01 807324                     /home/user/.coursier/cache/v1/https/repo1.maven.org/maven2/org/jupyter-scala/kernel-protocol_2.11/0.4.1/kernel-protocol_2.11-0.4.1.jar
7fb326df6000-7fb326e19000 r--s 00155000 08:01 807348                     /home/user/.coursier/cache/v1/https/repo1.maven.org/maven2/org/scalaz/stream/scalaz-stream_2.11/0.8.6a/scalaz-stream_2.11-0.8.6a.jar
7fb326e19000-7fb326e5f000 r--s 00317000 08:01 807336                     /home/user/.coursier/cache/v1/https/repo1.maven.org/maven2/com/chuusai/shapeless_2.11/2.3.2/shapeless_2.11-2.3.2.jar
7fb326e5f000-7fb326f6c000 r--s 00dd4000 08:01 807246                     /home/user/.coursier/cache/v1/https/repo1.maven.org/maven2/org/scala-lang/scala-compiler/2.11.11/scala-compiler-2.11.11.jar
7fb326f6c000-7fb32716c000 rw-p 00000000 00:00 0 
7fb32716c000-7fb32716d000 r--s 00006000 08:01 807207                     /home/user/.coursier/cache/v1/https/repo1.maven.org/maven2/com/github/alexarchambault/case-app-annotations_2.11/1.1.3/case-app-annotations_2.11-1.1.3.jar
7fb32716d000-7fb327173000 r--s 0004d000 08:01 807344                     /home/user/.coursier/cache/v1/https/repo1.maven.org/maven2/com/lihaoyi/fastparse_2.11/0.4.2/fastparse_2.11-0.4.2.jar
7fb327173000-7fb327177000 r--s 0001b000 08:01 807362                     /home/user/.coursier/cache/v1/https/repo1.maven.org/maven2/com/github/alexarchambault/argonaut-shapeless_6.2_2.11/1.2.0-M5/argonaut-shapeless_6.2_2.11-1.2.0-M5.jar
7fb327177000-7fb32717a000 r--s 00015000 08:01 807242                     /home/user/.coursier/cache/v1/https/repo1.maven.org/maven2/org/jupyter-scala/scala-cli_2.11.11/0.4.2/scala-cli_2.11.11-0.4.2.jar
7fb32717a000-7fb32724c000 r--s 00a6f000 08:01 807285                     /home/user/.coursier/cache/v1/https/repo1.maven.org/maven2/org/scalaz/scalaz-core_2.11/7.2.8/scalaz-core_2.11-7.2.8.jar
7fb32724c000-7fb32724f000 ---p 00000000 00:00 0 
7fb32724f000-7fb32734d000 rw-p 00000000 00:00 0 
7fb32734d000-7fb327350000 ---p 00000000 00:00 0 
7fb327350000-7fb32764e000 rw-p 00000000 00:00 0 
7fb32764e000-7fb327651000 ---p 00000000 00:00 0 
7fb327651000-7fb32774f000 rw-p 00000000 00:00 0 
7fb32774f000-7fb327752000 ---p 00000000 00:00 0 
7fb327752000-7fb327850000 rw-p 00000000 00:00 0 
7fb327850000-7fb327853000 ---p 00000000 00:00 0 
7fb327853000-7fb327951000 rw-p 00000000 00:00 0 
7fb327951000-7fb327954000 ---p 00000000 00:00 0 
7fb327954000-7fb327a52000 rw-p 00000000 00:00 0 
7fb327a52000-7fb327a55000 ---p 00000000 00:00 0 
7fb327a55000-7fb327b53000 rw-p 00000000 00:00 0 
7fb327b53000-7fb327b56000 ---p 00000000 00:00 0 
7fb327b56000-7fb327c54000 rw-p 00000000 00:00 0 
7fb327c54000-7fb327c57000 ---p 00000000 00:00 0 
7fb327c57000-7fb327d55000 rw-p 00000000 00:00 0 
7fb327d55000-7fb327d58000 ---p 00000000 00:00 0 
7fb327d58000-7fb327d8e000 rw-p 00000000 00:00 0 
7fb327d8e000-7fb327d8f000 r--s 00000000 08:01 807233                     /home/user/.coursier/cache/v1/https/repo1.maven.org/maven2/org/typelevel/macro-compat_2.11/1.1.1/macro-compat_2.11-1.1.1.jar
7fb327d8f000-7fb327d90000 r--s 00008000 08:01 807293                     /home/user/.coursier/cache/v1/https/repo1.maven.org/maven2/com/typesafe/scala-logging/scala-logging_2.11/3.5.0/scala-logging_2.11-3.5.0.jar
7fb327d90000-7fb327d98000 r--s 0004c000 08:01 807222                     /home/user/.coursier/cache/v1/https/repo1.maven.org/maven2/org/scalaz/scalaz-concurrent_2.11/7.2.8/scalaz-concurrent_2.11-7.2.8.jar
7fb327d98000-7fb327d9a000 r--s 00016000 08:01 807235                     /home/user/.coursier/cache/v1/https/repo1.maven.org/maven2/org/jupyter-scala/ammonite-util_2.11.11/0.8.3-1/ammonite-util_2.11.11-0.8.3-1.jar
7fb327d9a000-7fb327d9c000 r--s 00013000 08:01 807296                     /home/user/.coursier/cache/v1/https/repo1.maven.org/maven2/org/spire-math/jawn-parser_2.11/0.10.3/jawn-parser_2.11-0.10.3.jar
7fb327d9c000-7fb327da6000 r--s 00061000 08:01 807370                     /home/user/.coursier/cache/v1/https/repo1.maven.org/maven2/org/scalaz/scalaz-effect_2.11/7.2.8/scalaz-effect_2.11-7.2.8.jar
7fb327da6000-7fb327df2000 r--s 00418000 08:01 807351                     /home/user/.coursier/cache/v1/https/repo1.maven.org/maven2/org/scala-lang/scala-reflect/2.11.11/scala-reflect-2.11.11.jar
7fb327df2000-7fb327df3000 r--s 00007000 08:01 807320                     /home/user/.coursier/cache/v1/https/repo1.maven.org/maven2/org/jupyter-scala/kernel-api_2.11/0.4.1/kernel-api_2.11-0.4.1.jar
7fb327df3000-7fb327df5000 r--s 00012000 08:01 807339                     /home/user/.coursier/cache/v1/https/repo1.maven.org/maven2/com/lihaoyi/fansi_2.11/0.2.3/fansi_2.11-0.2.3.jar
7fb327df5000-7fb327e00000 r--s 0005d000 08:01 807365                     /home/user/.coursier/cache/v1/https/repo1.maven.org/maven2/org/scala-lang/modules/scala-parser-combinators_2.11/1.0.4/scala-parser-combinators_2.11-1.0.4.jar
7fb327e00000-7fb328000000 rw-p 00000000 00:00 0 
7fb328000000-7fb3293de000 rw-p 00000000 00:00 0 
7fb3293de000-7fb32c000000 ---p 00000000 00:00 0 
7fb32c000000-7fb32c021000 rw-p 00000000 00:00 0 
7fb32c021000-7fb330000000 ---p 00000000 00:00 0 
7fb330000000-7fb330021000 rw-p 00000000 00:00 0 
7fb330021000-7fb334000000 ---p 00000000 00:00 0 
7fb334000000-7fb3358a3000 rw-p 00000000 00:00 0 
7fb3358a3000-7fb338000000 ---p 00000000 00:00 0 
7fb338000000-7fb338021000 rw-p 00000000 00:00 0 
7fb338021000-7fb33c000000 ---p 00000000 00:00 0 
7fb33c000000-7fb33c021000 rw-p 00000000 00:00 0 
7fb33c021000-7fb340000000 ---p 00000000 00:00 0 
7fb340000000-7fb340021000 rw-p 00000000 00:00 0 
7fb340021000-7fb344000000 ---p 00000000 00:00 0 
7fb344000000-7fb344021000 rw-p 00000000 00:00 0 
7fb344021000-7fb348000000 ---p 00000000 00:00 0 
7fb348000000-7fb348056000 rw-p 00000000 00:00 0 
7fb348056000-7fb34c000000 ---p 00000000 00:00 0 
7fb34c000000-7fb34c005000 r--s 00048000 08:01 807334                     /home/user/.coursier/cache/v1/https/repo1.maven.org/maven2/com/lihaoyi/pprint_2.11/0.4.4/pprint_2.11-0.4.4.jar
7fb34c005000-7fb34c00a000 r--s 00047000 08:01 807328                     /home/user/.coursier/cache/v1/https/repo1.maven.org/maven2/org/jupyter-scala/ammonite-ops_2.11/0.8.3-1/ammonite-ops_2.11-0.8.3-1.jar
7fb34c00a000-7fb34c00c000 r--s 0000f000 08:01 807314                     /home/user/.coursier/cache/v1/https/repo1.maven.org/maven2/com/lihaoyi/derive_2.11/0.4.4/derive_2.11-0.4.4.jar
7fb34c00c000-7fb34c00d000 r--s 00001000 08:01 807355                     /home/user/.coursier/cache/v1/https/repo1.maven.org/maven2/org/jupyter-scala/scala-api_2.11.11/0.4.2/scala-api_2.11.11-0.4.2.jar
7fb34c00d000-7fb34c015000 r--s 0004b000 08:01 807374                     /home/user/.coursier/cache/v1/https/repo1.maven.org/maven2/io/get-coursier/coursier-cache_2.11/1.0.0-RC2/coursier-cache_2.11-1.0.0-RC2.jar
7fb34c015000-7fb34c019000 r--s 00023000 08:01 807360                     /home/user/.coursier/cache/v1/https/repo1.maven.org/maven2/org/scalaj/scalaj-http_2.11/2.3.0/scalaj-http_2.11-2.3.0.jar
7fb34c019000-7fb34c072000 r--s 00523000 08:01 807237                     /home/user/.coursier/cache/v1/https/repo1.maven.org/maven2/org/scala-lang/scala-library/2.11.11/scala-library-2.11.11.jar
7fb34c072000-7fb34c07c000 r--s 0009a000 08:01 807217                     /home/user/.coursier/cache/v1/https/repo1.maven.org/maven2/org/scala-lang/modules/scala-xml_2.11/1.0.6/scala-xml_2.11-1.0.6.jar
7fb34c07c000-7fb34c087000 r--s 00074000 08:01 807252                     /home/user/.coursier/cache/v1/https/repo1.maven.org/maven2/org/jupyter-scala/ammonite-runtime_2.11.11/0.8.3-1/ammonite-runtime_2.11.11-0.8.3-1.jar
7fb34c087000-7fb34c08d000 r--s 0005c000 08:01 807218                     /home/user/.coursier/cache/v1/https/repo1.maven.org/maven2/com/lihaoyi/upickle_2.11/0.4.4/upickle_2.11-0.4.4.jar
7fb34c08d000-7fb34c08f000 r--s 0000d000 08:01 807262                     /home/user/.coursier/cache/v1/https/repo1.maven.org/maven2/com/lihaoyi/geny_2.11/0.1.1/geny_2.11-0.1.1.jar
7fb34c08f000-7fb34c092000 r--s 0001a000 08:01 807269                     /home/user/.coursier/cache/v1/https/repo1.maven.org/maven2/com/lihaoyi/sourcecode_2.11/0.1.3/sourcecode_2.11-0.1.3.jar
7fb34c092000-7fb34c098000 r--s 00050000 08:01 807318                     /home/user/.coursier/cache/v1/https/repo1.maven.org/maven2/org/jsoup/jsoup/1.10.2/jsoup-1.10.2.jar
7fb34c098000-7fb34c0be000 r--s 00196000 08:01 807280                     /home/user/.coursier/cache/v1/https/repo1.maven.org/maven2/io/get-coursier/coursier_2.11/1.0.0-RC2/coursier_2.11-1.0.0-RC2.jar
7fb34c0be000-7fb34c0c3000 r--s 0009d000 08:01 803185                     /usr/lib/jvm/java-8-openjdk-amd64/jre/lib/jsse.jar
7fb34c0c3000-7fb34c10f000 r--s 0024b000 08:01 806309                     /home/user/.coursier/bootstrap/1.0.0-RC1/coursier-cli_2.11-1.0.0-RC1-standalone.jar
7fb34c10f000-7fb34c12a000 r--s 00394000 08:01 803174                     /usr/lib/jvm/java-8-openjdk-amd64/jre/lib/ext/cldrdata.jar
7fb34c12a000-7fb34c145000 r--s 001d6000 08:01 803177                     /usr/lib/jvm/java-8-openjdk-amd64/jre/lib/ext/nashorn.jar
7fb34c145000-7fb34c14f000 r--s 00116000 08:01 803175                     /usr/lib/jvm/java-8-openjdk-amd64/jre/lib/ext/localedata.jar
7fb34c14f000-7fb34c150000 ---p 00000000 00:00 0 
7fb34c150000-7fb34c250000 rw-p 00000000 00:00 0 
7fb34c250000-7fb34c253000 ---p 00000000 00:00 0 
7fb34c253000-7fb34c351000 rw-p 00000000 00:00 0 
7fb34c351000-7fb34c354000 ---p 00000000 00:00 0 
7fb34c354000-7fb34c452000 rw-p 00000000 00:00 0 
7fb34c452000-7fb34c455000 ---p 00000000 00:00 0 
7fb34c455000-7fb34c553000 rw-p 00000000 00:00 0 
7fb34c553000-7fb34c556000 ---p 00000000 00:00 0 
7fb34c556000-7fb34c654000 rw-p 00000000 00:00 0 
7fb34c654000-7fb34d07c000 r--p 00000000 08:01 2105158                    /usr/lib/locale/locale-archive
7fb34d07c000-7fb34d07f000 ---p 00000000 00:00 0 
7fb34d07f000-7fb34d17d000 rw-p 00000000 00:00 0 
7fb34d17d000-7fb34d180000 ---p 00000000 00:00 0 
7fb34d180000-7fb34d27e000 rw-p 00000000 00:00 0 
7fb34d27e000-7fb34d27f000 ---p 00000000 00:00 0 
7fb34d27f000-7fb34dcd6000 rw-p 00000000 00:00 0 
7fb34dcd6000-7fb34dea5000 r--s 03c33000 08:01 803184                     /usr/lib/jvm/java-8-openjdk-amd64/jre/lib/rt.jar
7fb34dea5000-7fb34ff8c000 rw-p 00000000 00:00 0 
7fb34ff8c000-7fb34ff8d000 ---p 00000000 00:00 0 
7fb34ff8d000-7fb35008d000 rw-p 00000000 00:00 0 
7fb35008d000-7fb35008e000 ---p 00000000 00:00 0 
7fb35008e000-7fb35019e000 rw-p 00000000 00:00 0 
7fb35019e000-7fb350288000 ---p 00000000 00:00 0 
7fb350288000-7fb350298000 rw-p 00000000 00:00 0 
7fb350298000-7fb350382000 ---p 00000000 00:00 0 
7fb350382000-7fb35039e000 rw-p 00000000 00:00 0 
7fb35039e000-7fb3503ff000 ---p 00000000 00:00 0 
7fb3503ff000-7fb350418000 rw-p 00000000 00:00 0 
7fb350418000-7fb3507c0000 ---p 00000000 00:00 0 
7fb3507c0000-7fb350dc0000 rwxp 00000000 00:00 0 
7fb350dc0000-7fb35f7c0000 ---p 00000000 00:00 0 
7fb35f7c0000-7fb35f7c8000 r-xp 00000000 08:01 803135                     /usr/lib/jvm/java-8-openjdk-amd64/jre/lib/amd64/libzip.so
7fb35f7c8000-7fb35f9c7000 ---p 00008000 08:01 803135                     /usr/lib/jvm/java-8-openjdk-amd64/jre/lib/amd64/libzip.so
7fb35f9c7000-7fb35f9c8000 r--p 00007000 08:01 803135                     /usr/lib/jvm/java-8-openjdk-amd64/jre/lib/amd64/libzip.so
7fb35f9c8000-7fb35f9c9000 rw-p 00008000 08:01 803135                     /usr/lib/jvm/java-8-openjdk-amd64/jre/lib/amd64/libzip.so
7fb35f9c9000-7fb35f9d4000 r-xp 00000000 08:01 2889153                    /lib/x86_64-linux-gnu/libnss_files-2.23.so
7fb35f9d4000-7fb35fbd3000 ---p 0000b000 08:01 2889153                    /lib/x86_64-linux-gnu/libnss_files-2.23.so
7fb35fbd3000-7fb35fbd4000 r--p 0000a000 08:01 2889153                    /lib/x86_64-linux-gnu/libnss_files-2.23.so
7fb35fbd4000-7fb35fbd5000 rw-p 0000b000 08:01 2889153                    /lib/x86_64-linux-gnu/libnss_files-2.23.so
7fb35fbd5000-7fb35fbdb000 rw-p 00000000 00:00 0 
7fb35fbdb000-7fb35fbe6000 r-xp 00000000 08:01 2889163                    /lib/x86_64-linux-gnu/libnss_nis-2.23.so
7fb35fbe6000-7fb35fde5000 ---p 0000b000 08:01 2889163                    /lib/x86_64-linux-gnu/libnss_nis-2.23.so
7fb35fde5000-7fb35fde6000 r--p 0000a000 08:01 2889163                    /lib/x86_64-linux-gnu/libnss_nis-2.23.so
7fb35fde6000-7fb35fde7000 rw-p 0000b000 08:01 2889163                    /lib/x86_64-linux-gnu/libnss_nis-2.23.so
7fb35fde7000-7fb35fdfd000 r-xp 00000000 08:01 2889147                    /lib/x86_64-linux-gnu/libnsl-2.23.so
7fb35fdfd000-7fb35fffc000 ---p 00016000 08:01 2889147                    /lib/x86_64-linux-gnu/libnsl-2.23.so
7fb35fffc000-7fb35fffd000 r--p 00015000 08:01 2889147                    /lib/x86_64-linux-gnu/libnsl-2.23.so
7fb35fffd000-7fb35fffe000 rw-p 00016000 08:01 2889147                    /lib/x86_64-linux-gnu/libnsl-2.23.so
7fb35fffe000-7fb360000000 rw-p 00000000 00:00 0 
7fb360000000-7fb3609dc000 rw-p 00000000 00:00 0 
7fb3609dc000-7fb364000000 ---p 00000000 00:00 0 
7fb364000000-7fb364001000 r--s 00002000 08:01 807381                     /home/user/.local/share/jupyter/kernels/scala/launcher.jar
7fb364001000-7fb364002000 r--s 0000a000 08:01 803181                     /usr/lib/jvm/java-8-openjdk-amd64/jre/lib/ext/jaccess.jar
7fb364002000-7fb364004000 r--s 00008000 08:01 803178                     /usr/lib/jvm/java-8-openjdk-amd64/jre/lib/ext/sunec.jar
7fb364004000-7fb36400c000 r-xp 00000000 08:01 2889149                    /lib/x86_64-linux-gnu/libnss_compat-2.23.so
7fb36400c000-7fb36420b000 ---p 00008000 08:01 2889149                    /lib/x86_64-linux-gnu/libnss_compat-2.23.so
7fb36420b000-7fb36420c000 r--p 00007000 08:01 2889149                    /lib/x86_64-linux-gnu/libnss_compat-2.23.so
7fb36420c000-7fb36420d000 rw-p 00008000 08:01 2889149                    /lib/x86_64-linux-gnu/libnss_compat-2.23.so
7fb36420d000-7fb36423a000 r-xp 00000000 08:01 803155                     /usr/lib/jvm/java-8-openjdk-amd64/jre/lib/amd64/libjava.so
7fb36423a000-7fb364439000 ---p 0002d000 08:01 803155                     /usr/lib/jvm/java-8-openjdk-amd64/jre/lib/amd64/libjava.so
7fb364439000-7fb36443a000 r--p 0002c000 08:01 803155                     /usr/lib/jvm/java-8-openjdk-amd64/jre/lib/amd64/libjava.so
7fb36443a000-7fb36443c000 rw-p 0002d000 08:01 803155                     /usr/lib/jvm/java-8-openjdk-amd64/jre/lib/amd64/libjava.so
7fb36443c000-7fb36444b000 r-xp 00000000 08:01 803127                     /usr/lib/jvm/java-8-openjdk-amd64/jre/lib/amd64/libverify.so
7fb36444b000-7fb36464a000 ---p 0000f000 08:01 803127                     /usr/lib/jvm/java-8-openjdk-amd64/jre/lib/amd64/libverify.so
7fb36464a000-7fb36464c000 r--p 0000e000 08:01 803127                     /usr/lib/jvm/java-8-openjdk-amd64/jre/lib/amd64/libverify.so
7fb36464c000-7fb36464d000 rw-p 00010000 08:01 803127                     /usr/lib/jvm/java-8-openjdk-amd64/jre/lib/amd64/libverify.so
7fb36464d000-7fb364654000 r-xp 00000000 08:01 2889208                    /lib/x86_64-linux-gnu/librt-2.23.so
7fb364654000-7fb364853000 ---p 00007000 08:01 2889208                    /lib/x86_64-linux-gnu/librt-2.23.so
7fb364853000-7fb364854000 r--p 00006000 08:01 2889208                    /lib/x86_64-linux-gnu/librt-2.23.so
7fb364854000-7fb364855000 rw-p 00007000 08:01 2889208                    /lib/x86_64-linux-gnu/librt-2.23.so
7fb364855000-7fb36486b000 r-xp 00000000 08:01 2889092                    /lib/x86_64-linux-gnu/libgcc_s.so.1
7fb36486b000-7fb364a6a000 ---p 00016000 08:01 2889092                    /lib/x86_64-linux-gnu/libgcc_s.so.1
7fb364a6a000-7fb364a6b000 rw-p 00015000 08:01 2889092                    /lib/x86_64-linux-gnu/libgcc_s.so.1
7fb364a6b000-7fb364b73000 r-xp 00000000 08:01 2889124                    /lib/x86_64-linux-gnu/libm-2.23.so
7fb364b73000-7fb364d72000 ---p 00108000 08:01 2889124                    /lib/x86_64-linux-gnu/libm-2.23.so
7fb364d72000-7fb364d73000 r--p 00107000 08:01 2889124                    /lib/x86_64-linux-gnu/libm-2.23.so
7fb364d73000-7fb364d74000 rw-p 00108000 08:01 2889124                    /lib/x86_64-linux-gnu/libm-2.23.so
7fb364d74000-7fb364ee6000 r-xp 00000000 08:01 2107766                    /usr/lib/x86_64-linux-gnu/libstdc++.so.6.0.21
7fb364ee6000-7fb3650e6000 ---p 00172000 08:01 2107766                    /usr/lib/x86_64-linux-gnu/libstdc++.so.6.0.21
7fb3650e6000-7fb3650f0000 r--p 00172000 08:01 2107766                    /usr/lib/x86_64-linux-gnu/libstdc++.so.6.0.21
7fb3650f0000-7fb3650f2000 rw-p 0017c000 08:01 2107766                    /usr/lib/x86_64-linux-gnu/libstdc++.so.6.0.21
7fb3650f2000-7fb3650f6000 rw-p 00000000 00:00 0 
7fb3650f6000-7fb365d53000 r-xp 00000000 08:01 803133                     /usr/lib/jvm/java-8-openjdk-amd64/jre/lib/amd64/server/libjvm.so
7fb365d53000-7fb365f53000 ---p 00c5d000 08:01 803133                     /usr/lib/jvm/java-8-openjdk-amd64/jre/lib/amd64/server/libjvm.so
7fb365f53000-7fb365fe7000 r--p 00c5d000 08:01 803133                     /usr/lib/jvm/java-8-openjdk-amd64/jre/lib/amd64/server/libjvm.so
7fb365fe7000-7fb366010000 rw-p 00cf1000 08:01 803133                     /usr/lib/jvm/java-8-openjdk-amd64/jre/lib/amd64/server/libjvm.so
7fb366010000-7fb366040000 rw-p 00000000 00:00 0 
7fb366040000-7fb366058000 r-xp 00000000 08:01 2889200                    /lib/x86_64-linux-gnu/libpthread-2.23.so
7fb366058000-7fb366257000 ---p 00018000 08:01 2889200                    /lib/x86_64-linux-gnu/libpthread-2.23.so
7fb366257000-7fb366258000 r--p 00017000 08:01 2889200                    /lib/x86_64-linux-gnu/libpthread-2.23.so
7fb366258000-7fb366259000 rw-p 00018000 08:01 2889200                    /lib/x86_64-linux-gnu/libpthread-2.23.so
7fb366259000-7fb36625d000 rw-p 00000000 00:00 0 
7fb36625d000-7fb366260000 r-xp 00000000 08:01 2889078                    /lib/x86_64-linux-gnu/libdl-2.23.so
7fb366260000-7fb36645f000 ---p 00003000 08:01 2889078                    /lib/x86_64-linux-gnu/libdl-2.23.so
7fb36645f000-7fb366460000 r--p 00002000 08:01 2889078                    /lib/x86_64-linux-gnu/libdl-2.23.so
7fb366460000-7fb366461000 rw-p 00003000 08:01 2889078                    /lib/x86_64-linux-gnu/libdl-2.23.so
7fb366461000-7fb36647a000 r-xp 00000000 08:01 2889245                    /lib/x86_64-linux-gnu/libz.so.1.2.8
7fb36647a000-7fb366679000 ---p 00019000 08:01 2889245                    /lib/x86_64-linux-gnu/libz.so.1.2.8
7fb366679000-7fb36667a000 r--p 00018000 08:01 2889245                    /lib/x86_64-linux-gnu/libz.so.1.2.8
7fb36667a000-7fb36667b000 rw-p 00019000 08:01 2889245                    /lib/x86_64-linux-gnu/libz.so.1.2.8
7fb36667b000-7fb36683b000 r-xp 00000000 08:01 2889054                    /lib/x86_64-linux-gnu/libc-2.23.so
7fb36683b000-7fb366a3b000 ---p 001c0000 08:01 2889054                    /lib/x86_64-linux-gnu/libc-2.23.so
7fb366a3b000-7fb366a3f000 r--p 001c0000 08:01 2889054                    /lib/x86_64-linux-gnu/libc-2.23.so
7fb366a3f000-7fb366a41000 rw-p 001c4000 08:01 2889054                    /lib/x86_64-linux-gnu/libc-2.23.so
7fb366a41000-7fb366a45000 rw-p 00000000 00:00 0 
7fb366a45000-7fb366a52000 r-xp 00000000 08:01 803131                     /usr/lib/jvm/java-8-openjdk-amd64/jre/lib/amd64/jli/libjli.so
7fb366a52000-7fb366c52000 ---p 0000d000 08:01 803131                     /usr/lib/jvm/java-8-openjdk-amd64/jre/lib/amd64/jli/libjli.so
7fb366c52000-7fb366c53000 r--p 0000d000 08:01 803131                     /usr/lib/jvm/java-8-openjdk-amd64/jre/lib/amd64/jli/libjli.so
7fb366c53000-7fb366c54000 rw-p 0000e000 08:01 803131                     /usr/lib/jvm/java-8-openjdk-amd64/jre/lib/amd64/jli/libjli.so
7fb366c54000-7fb366c7a000 r-xp 00000000 08:01 2889026                    /lib/x86_64-linux-gnu/ld-2.23.so
7fb366c7a000-7fb366c7d000 r--s 00038000 08:01 803179                     /usr/lib/jvm/java-8-openjdk-amd64/jre/lib/ext/sunpkcs11.jar
7fb366c7d000-7fb366c7f000 r--s 00001000 08:01 803180                     /usr/lib/jvm/java-8-openjdk-amd64/jre/lib/ext/dnsns.jar
7fb366c7f000-7fb366c82000 r--s 0000f000 08:01 803176                     /usr/lib/jvm/java-8-openjdk-amd64/jre/lib/ext/icedtea-sound.jar
7fb366c82000-7fb366d53000 rw-p 00000000 00:00 0 
7fb366d53000-7fb366d56000 ---p 00000000 00:00 0 
7fb366d56000-7fb366e58000 rw-p 00000000 00:00 0 
7fb366e58000-7fb366e59000 r--s 00010000 08:01 803182                     /usr/lib/jvm/java-8-openjdk-amd64/jre/lib/ext/zipfs.jar
7fb366e59000-7fb366e5f000 r--s 0003b000 08:01 803183                     /usr/lib/jvm/java-8-openjdk-amd64/jre/lib/ext/sunjce_provider.jar
7fb366e5f000-7fb366e6e000 rw-p 00000000 00:00 0 
7fb366e6e000-7fb366e76000 rw-s 00000000 08:01 1836275                    /tmp/hsperfdata_user/125898
7fb366e76000-7fb366e77000 rw-p 00000000 00:00 0 
7fb366e77000-7fb366e78000 ---p 00000000 00:00 0 
7fb366e78000-7fb366e79000 rw-p 00000000 00:00 0 
7fb366e79000-7fb366e7a000 r--p 00025000 08:01 2889026                    /lib/x86_64-linux-gnu/ld-2.23.so
7fb366e7a000-7fb366e7b000 rw-p 00026000 08:01 2889026                    /lib/x86_64-linux-gnu/ld-2.23.so
7fb366e7b000-7fb366e7c000 rw-p 00000000 00:00 0 
7fffebc23000-7fffebc44000 rw-p 00000000 00:00 0                          [stack]
7fffebd2d000-7fffebd30000 r--p 00000000 00:00 0                          [vvar]
7fffebd30000-7fffebd32000 r-xp 00000000 00:00 0                          [vdso]
ffffffffff600000-ffffffffff601000 r-xp 00000000 00:00 0                  [vsyscall]

VM Arguments:
jvm_args: -Xverify:none 
java_command: /home/user/.local/share/jupyter/kernels/scala/launcher.jar launch -r sonatype:releases -r sonatype:snapshots -i ammonite -I ammonite:org.jupyter-scala:ammonite-runtime_2.11.11:0.8.3-1 -I ammonite:org.jupyter-scala:scala-api_2.11.11:0.4.2 org.jupyter-scala:scala-cli_2.11.11:0.4.2 -- --id scala --name Scala --quiet --connection-file /run/user/1000/jupyter/kernel-dd0dea1f-73ff-49d5-a741-bdbc4b5579cd.json
java_class_path (initial): /home/user/.local/share/jupyter/kernels/scala/launcher.jar
Launcher Type: SUN_STANDARD

Environment Variables:
PATH=/home/user/anaconda3/bin:/home/user/anaconda3/bin:/home/user/bin:/home/user/.local/bin:/usr/local/sbin:/usr/local/bin:/usr/sbin:/usr/bin:/sbin:/bin:/usr/games:/usr/local/games:/snap/bin
SHELL=/bin/bash
DISPLAY=:0.0

Signal Handlers:
SIGSEGV: [libjvm.so+0xa71a70], sa_mask[0]=11111111011111111101111111111110, sa_flags=SA_RESTART|SA_SIGINFO
SIGBUS: [libjvm.so+0xa71a70], sa_mask[0]=11111111011111111101111111111110, sa_flags=SA_RESTART|SA_SIGINFO
SIGFPE: [libjvm.so+0x8b8f80], sa_mask[0]=11111111011111111101111111111110, sa_flags=SA_RESTART|SA_SIGINFO
SIGPIPE: [libjvm.so+0x8b8f80], sa_mask[0]=11111111011111111101111111111110, sa_flags=SA_RESTART|SA_SIGINFO
SIGXFSZ: [libjvm.so+0x8b8f80], sa_mask[0]=11111111011111111101111111111110, sa_flags=SA_RESTART|SA_SIGINFO
SIGILL: [libjvm.so+0x8b8f80], sa_mask[0]=11111111011111111101111111111110, sa_flags=SA_RESTART|SA_SIGINFO
SIGUSR1: SIG_DFL, sa_mask[0]=00000000000000000000000000000000, sa_flags=none
SIGUSR2: [libjvm.so+0x8b8e30], sa_mask[0]=00000000000000000000000000000000, sa_flags=SA_RESTART|SA_SIGINFO
SIGHUP: [libjvm.so+0x8b9300], sa_mask[0]=11111111011111111101111111111110, sa_flags=SA_RESTART|SA_SIGINFO
SIGINT: [libjvm.so+0x8b9300], sa_mask[0]=11111111011111111101111111111110, sa_flags=SA_RESTART|SA_SIGINFO
SIGTERM: [libjvm.so+0x8b9300], sa_mask[0]=11111111011111111101111111111110, sa_flags=SA_RESTART|SA_SIGINFO
SIGQUIT: [libjvm.so+0x8b9300], sa_mask[0]=11111111011111111101111111111110, sa_flags=SA_RESTART|SA_SIGINFO


---------------  S Y S T E M  ---------------

OS:DISTRIB_ID=Ubuntu
DISTRIB_RELEASE=16.04
DISTRIB_CODENAME=xenial
DISTRIB_DESCRIPTION="Ubuntu 16.04.5 LTS"

uname:Linux 4.15.0-33-generic #36~16.04.1-Ubuntu SMP Wed Aug 15 17:21:05 UTC 2018 x86_64
libc:glibc 2.23 NPTL 2.23 
rlimit: STACK 8192k, CORE 0k, NPROC 7646, NOFILE 1048576, AS infinity
load average:2.74 1.78 0.84

/proc/meminfo:
MemTotal:        3065896 kB
MemFree:           25604 kB
MemAvailable:      30648 kB
Buffers:             496 kB
Cached:            41700 kB
SwapCached:         2712 kB
Active:          2244716 kB
Inactive:         569688 kB
Active(anon):    2236724 kB
Inactive(anon):   560204 kB
Active(file):       7992 kB
Inactive(file):     9484 kB
Unevictable:          64 kB
Mlocked:              64 kB
SwapTotal:        998396 kB
SwapFree:              0 kB
Dirty:               232 kB
Writeback:             0 kB
AnonPages:       2769740 kB
Mapped:            32572 kB
Shmem:             24564 kB
Slab:              89392 kB
SReclaimable:      35460 kB
SUnreclaim:        53932 kB
KernelStack:       14288 kB
PageTables:        37300 kB
NFS_Unstable:          0 kB
Bounce:                0 kB
WritebackTmp:          0 kB
CommitLimit:     2531344 kB
Committed_AS:    7477748 kB
VmallocTotal:   34359738367 kB
VmallocUsed:           0 kB
VmallocChunk:          0 kB
HardwareCorrupted:     0 kB
AnonHugePages:         0 kB
ShmemHugePages:        0 kB
ShmemPmdMapped:        0 kB
CmaTotal:              0 kB
CmaFree:               0 kB
HugePages_Total:       0
HugePages_Free:        0
HugePages_Rsvd:        0
HugePages_Surp:        0
Hugepagesize:       2048 kB
DirectMap4k:      278400 kB
DirectMap2M:     2867200 kB
DirectMap1G:           0 kB


CPU:total 2 (initial active 2) (1 cores per cpu, 1 threads per core) family 6 model 78 stepping 3, cmov, cx8, fxsr, mmx, sse, sse2, sse3, ssse3, sse4.1, sse4.2, popcnt, avx, avx2, aes, clmul, erms, 3dnowpref, lzcnt, tsc, tscinvbit, bmi1, bmi2, adx

/proc/cpuinfo:
processor	: 0
vendor_id	: GenuineIntel
cpu family	: 6
model		: 78
model name	: Intel(R) Core(TM) i7-6500U CPU @ 2.50GHz
stepping	: 3
microcode	: 0xba
cpu MHz		: 2592.004
cache size	: 4096 KB
physical id	: 0
siblings	: 1
core id		: 0
cpu cores	: 1
apicid		: 0
initial apicid	: 0
fpu		: yes
fpu_exception	: yes
cpuid level	: 22
wp		: yes
flags		: fpu vme de pse tsc msr pae mce cx8 apic sep mtrr pge mca cmov pat pse36 clflush dts mmx fxsr sse sse2 ss syscall nx pdpe1gb rdtscp lm constant_tsc arch_perfmon pebs bts nopl xtopology tsc_reliable nonstop_tsc cpuid aperfmperf pni pclmulqdq ssse3 fma cx16 pcid sse4_1 sse4_2 x2apic movbe popcnt tsc_deadline_timer aes xsave avx f16c rdrand hypervisor lahf_lm abm 3dnowprefetch cpuid_fault epb invpcid_single pti fsgsbase tsc_adjust bmi1 avx2 smep bmi2 invpcid rdseed adx smap xsaveopt dtherm ida arat pln pts hwp hwp_notify hwp_act_window hwp_epp
bugs		: cpu_meltdown spectre_v1 spectre_v2 spec_store_bypass l1tf
bogomips	: 5184.00
clflush size	: 64
cache_alignment	: 64
address sizes	: 42 bits physical, 48 bits virtual
power management:

processor	: 1
vendor_id	: GenuineIntel
cpu family	: 6
model		: 78
model name	: Intel(R) Core(TM) i7-6500U CPU @ 2.50GHz
stepping	: 3
microcode	: 0xba
cpu MHz		: 2592.004
cache size	: 4096 KB
physical id	: 2
siblings	: 1
core id		: 0
cpu cores	: 1
apicid		: 2
initial apicid	: 2
fpu		: yes
fpu_exception	: yes
cpuid level	: 22
wp		: yes
flags		: fpu vme de pse tsc msr pae mce cx8 apic sep mtrr pge mca cmov pat pse36 clflush dts mmx fxsr sse sse2 ss syscall nx pdpe1gb rdtscp lm constant_tsc arch_perfmon pebs bts nopl xtopology tsc_reliable nonstop_tsc cpuid aperfmperf pni pclmulqdq ssse3 fma cx16 pcid sse4_1 sse4_2 x2apic movbe popcnt tsc_deadline_timer aes xsave avx f16c rdrand hypervisor lahf_lm abm 3dnowprefetch cpuid_fault epb invpcid_single pti fsgsbase tsc_adjust bmi1 avx2 smep bmi2 invpcid rdseed adx smap xsaveopt dtherm ida arat pln pts hwp hwp_notify hwp_act_window hwp_epp
bugs		: cpu_meltdown spectre_v1 spectre_v2 spec_store_bypass l1tf
bogomips	: 5184.00
clflush size	: 64
cache_alignment	: 64
address sizes	: 42 bits physical, 48 bits virtual
power management:



Memory: 4k page, physical 3065896k(23680k free), swap 998396k(0k free)

vm_info: OpenJDK 64-Bit Server VM (25.181-b13) for linux-amd64 JRE (1.8.0_181-8u181-b13-1ubuntu0.16.04.1-b13), built on Oct 23 2018 04:39:49 by "buildd" with gcc 5.4.0 20160609

time: Sun Dec  2 20:46:40 2018
elapsed time: 5 seconds (0d 0h 0m 5s)

