#
# There is insufficient memory for the Java Runtime Environment to continue.
# Native memory allocation (mmap) failed to map 54525952 bytes for committing reserved memory.
# Possible reasons:
#   The system is out of physical RAM or swap space
#   In 32 bit mode, the process size limit was hit
# Possible solutions:
#   Reduce memory load on the system
#   Increase physical memory or swap space
#   Check if swap backing store is full
#   Use 64 bit Java on a 64 bit OS
#   Decrease Java heap size (-Xmx/-Xms)
#   Decrease number of Java threads
#   Decrease Java thread stack sizes (-Xss)
#   Set larger code cache with -XX:ReservedCodeCacheSize=
# This output file may be truncated or incomplete.
#
#  Out of Memory Error (os_linux.cpp:2643), pid=125489, tid=0x00007fd9f8efb700
#
# JRE version: OpenJDK Runtime Environment (8.0_181-b13) (build 1.8.0_181-8u181-b13-1ubuntu0.16.04.1-b13)
# Java VM: OpenJDK 64-Bit Server VM (25.181-b13 mixed mode linux-amd64 compressed oops)
# Failed to write core dump. Core dumps have been disabled. To enable core dumping, try "ulimit -c unlimited" before starting Java again
#

---------------  T H R E A D  ---------------

Current thread (0x00007fda0c0fb800):  VMThread [stack: 0x00007fd9f8dfb000,0x00007fd9f8efc000] [id=125493]

Stack: [0x00007fd9f8dfb000,0x00007fd9f8efc000],  sp=0x00007fd9f8efa4a0,  free space=1021k
Native frames: (J=compiled Java code, j=interpreted, Vv=VM code, C=native code)
V  [libjvm.so+0xa70f1b]
V  [libjvm.so+0x4c893c]
V  [libjvm.so+0x8bda48]
V  [libjvm.so+0x8b7dde]
V  [libjvm.so+0x933246]
V  [libjvm.so+0x934573]
V  [libjvm.so+0x930c3b]
V  [libjvm.so+0x929a69]
V  [libjvm.so+0x44c943]
V  [libjvm.so+0xa724a9]
V  [libjvm.so+0xa77d67]
V  [libjvm.so+0xa75467]
V  [libjvm.so+0xa768ef]
V  [libjvm.so+0xa76de1]
V  [libjvm.so+0x8bae52]

VM_Operation (0x00007fda129d58d0): CollectForMetadataAllocation, mode: safepoint, requested by thread 0x00007fda0c00a800


---------------  P R O C E S S  ---------------

Java Threads: ( => current thread )
  0x00007fda0c383000 JavaThread "pool-2-thread-6" daemon [_thread_blocked, id=125513, stack(0x00007fd9f3251000,0x00007fd9f3352000)]
  0x00007fda0c381800 JavaThread "pool-2-thread-5" daemon [_thread_blocked, id=125512, stack(0x00007fd9f3352000,0x00007fd9f3453000)]
  0x00007fda0c380000 JavaThread "pool-2-thread-4" daemon [_thread_blocked, id=125511, stack(0x00007fd9f3453000,0x00007fd9f3554000)]
  0x00007fda0c37e000 JavaThread "pool-2-thread-3" daemon [_thread_blocked, id=125510, stack(0x00007fd9f3554000,0x00007fd9f3655000)]
  0x00007fda0c37d000 JavaThread "pool-2-thread-2" daemon [_thread_blocked, id=125509, stack(0x00007fd9f3857000,0x00007fd9f3958000)]
  0x00007fda0c37c000 JavaThread "pool-2-thread-1" daemon [_thread_blocked, id=125508, stack(0x00007fd9f3756000,0x00007fd9f3857000)]
  0x00007fda0c351000 JavaThread "process reaper" daemon [_thread_blocked, id=125503, stack(0x00007fd9f8015000,0x00007fd9f804e000)]
  0x00007fda0c141800 JavaThread "Service Thread" daemon [_thread_blocked, id=125499, stack(0x00007fd9f3cfd000,0x00007fd9f3dfe000)]
  0x00007fda0c13e800 JavaThread "C1 CompilerThread1" daemon [_thread_blocked, id=125498, stack(0x00007fd9f3dfe000,0x00007fd9f3eff000)]
  0x00007fda0c13b800 JavaThread "C2 CompilerThread0" daemon [_thread_blocked, id=125497, stack(0x00007fd9f3eff000,0x00007fd9f4000000)]
  0x00007fda0c13a000 JavaThread "Signal Dispatcher" daemon [_thread_blocked, id=125496, stack(0x00007fd9f80d0000,0x00007fd9f81d1000)]
  0x00007fda0c107800 JavaThread "Finalizer" daemon [_thread_blocked, id=125495, stack(0x00007fd9f8bf9000,0x00007fd9f8cfa000)]
  0x00007fda0c105000 JavaThread "Reference Handler" daemon [_thread_blocked, id=125494, stack(0x00007fd9f8cfa000,0x00007fd9f8dfb000)]
  0x00007fda0c00a800 JavaThread "main" [_thread_blocked, id=125490, stack(0x00007fda128db000,0x00007fda129dc000)]

Other Threads:
=>0x00007fda0c0fb800 VMThread [stack: 0x00007fd9f8dfb000,0x00007fd9f8efc000] [id=125493]
  0x00007fda0c144000 WatcherThread [stack: 0x00007fd9f3bfc000,0x00007fd9f3cfd000] [id=125500]

VM state:at safepoint (normal execution)

VM Mutex/Monitor currently owned by a thread:  ([mutex/lock_event])
[0x00007fda0c006f80] Threads_lock - owner thread: 0x00007fda0c0fb800
[0x00007fda0c007480] Heap_lock - owner thread: 0x00007fda0c00a800

Heap:
 PSYoungGen      total 53248K, used 4075K [0x00000000f0600000, 0x00000000f3e00000, 0x0000000100000000)
  eden space 49152K, 0% used [0x00000000f0600000,0x00000000f0600000,0x00000000f3600000)
  from space 4096K, 99% used [0x00000000f3600000,0x00000000f39fadf8,0x00000000f3a00000)
  to   space 4096K, 0% used [0x00000000f3a00000,0x00000000f3a00000,0x00000000f3e00000)
 ParOldGen       total 32768K, used 8211K [0x00000000d1200000, 0x00000000d3200000, 0x00000000f0600000)
  object space 32768K, 25% used [0x00000000d1200000,0x00000000d1a04ce0,0x00000000d3200000)
 Metaspace       used 20803K, capacity 21134K, committed 21248K, reserved 1067008K
  class space    used 3428K, capacity 3545K, committed 3584K, reserved 1048576K

Card table byte_map: [0x00007fda1005d000,0x00007fda101d5000] byte_map_base: 0x00007fda0f9d4000

Marking Bits: (ParMarkBitMap*) 0x00007fda11bab3a0
 Begin Bits: [0x00007fd9fa34b000, 0x00007fd9faf03000)
 End Bits:   [0x00007fd9faf03000, 0x00007fd9fbabb000)

Polling page: 0x00007fda129ff000

CodeCache: size=245760Kb used=6106Kb max_used=6106Kb free=239653Kb
 bounds [0x00007fd9fc177000, 0x00007fd9fc777000, 0x00007fda0b177000]
 total_blobs=2788 nmethods=2391 adapters=311
 compilation: enabled

Compilation events (10 events):
Event: 3.922 Thread 0x00007fda0c13b800 2394       4       java.util.jar.JarFile::maybeInstantiateVerifier (96 bytes)
Event: 3.931 Thread 0x00007fda0c13b800 nmethod 2394 0x00007fd9fc76b610 code [0x00007fd9fc76b7c0, 0x00007fd9fc76bc58]
Event: 3.934 Thread 0x00007fda0c13e800 2395       3       java.lang.String::lastIndexOf (25 bytes)
Event: 3.934 Thread 0x00007fda0c13e800 nmethod 2395 0x00007fd9fc76b1d0 code [0x00007fd9fc76b340, 0x00007fd9fc76b4e8]
Event: 3.937 Thread 0x00007fda0c13e800 2396       3       java.lang.String::lastIndexOf (11 bytes)
Event: 3.938 Thread 0x00007fda0c13e800 nmethod 2396 0x00007fd9fc76ac90 code [0x00007fd9fc76ae00, 0x00007fd9fc76b088]
Event: 3.977 Thread 0x00007fda0c13e800 2397       3       sun.misc.ASCIICaseInsensitiveComparator::compare (126 bytes)
Event: 3.978 Thread 0x00007fda0c13e800 nmethod 2397 0x00007fd9fc76f3d0 code [0x00007fd9fc76f5e0, 0x00007fd9fc7701d8]
Event: 3.997 Thread 0x00007fda0c13e800 2398       1       scala.UniquenessCache::map (5 bytes)
Event: 3.997 Thread 0x00007fda0c13e800 nmethod 2398 0x00007fd9fc76e0d0 code [0x00007fd9fc76e220, 0x00007fd9fc76e330]

GC Heap History (10 events):
Event: 0.940 GC heap after
Heap after GC invocations=2 (full 0):
 PSYoungGen      total 14336K, used 2016K [0x00000000f0600000, 0x00000000f2200000, 0x0000000100000000)
  eden space 12288K, 0% used [0x00000000f0600000,0x00000000f0600000,0x00000000f1200000)
  from space 2048K, 98% used [0x00000000f1400000,0x00000000f15f8020,0x00000000f1600000)
  to   space 2048K, 0% used [0x00000000f1200000,0x00000000f1200000,0x00000000f1400000)
 ParOldGen       total 32768K, used 1455K [0x00000000d1200000, 0x00000000d3200000, 0x00000000f0600000)
  object space 32768K, 4% used [0x00000000d1200000,0x00000000d136bf78,0x00000000d3200000)
 Metaspace       used 9774K, capacity 9982K, committed 10240K, reserved 1058816K
  class space    used 1640K, capacity 1703K, committed 1792K, reserved 1048576K
}
Event: 1.405 GC heap before
{Heap before GC invocations=3 (full 0):
 PSYoungGen      total 14336K, used 14304K [0x00000000f0600000, 0x00000000f2200000, 0x0000000100000000)
  eden space 12288K, 100% used [0x00000000f0600000,0x00000000f1200000,0x00000000f1200000)
  from space 2048K, 98% used [0x00000000f1400000,0x00000000f15f8020,0x00000000f1600000)
  to   space 2048K, 0% used [0x00000000f1200000,0x00000000f1200000,0x00000000f1400000)
 ParOldGen       total 32768K, used 1455K [0x00000000d1200000, 0x00000000d3200000, 0x00000000f0600000)
  object space 32768K, 4% used [0x00000000d1200000,0x00000000d136bf78,0x00000000d3200000)
 Metaspace       used 12996K, capacity 13234K, committed 13312K, reserved 1060864K
  class space    used 2218K, capacity 2279K, committed 2304K, reserved 1048576K
Event: 1.417 GC heap after
Heap after GC invocations=3 (full 0):
 PSYoungGen      total 14336K, used 2047K [0x00000000f0600000, 0x00000000f2200000, 0x0000000100000000)
  eden space 12288K, 0% used [0x00000000f0600000,0x00000000f0600000,0x00000000f1200000)
  from space 2048K, 99% used [0x00000000f1200000,0x00000000f13ffc90,0x00000000f1400000)
  to   space 2048K, 0% used [0x00000000f2000000,0x00000000f2000000,0x00000000f2200000)
 ParOldGen       total 32768K, used 3035K [0x00000000d1200000, 0x00000000d3200000, 0x00000000f0600000)
  object space 32768K, 9% used [0x00000000d1200000,0x00000000d14f6ee0,0x00000000d3200000)
 Metaspace       used 12996K, capacity 13234K, committed 13312K, reserved 1060864K
  class space    used 2218K, capacity 2279K, committed 2304K, reserved 1048576K
}
Event: 1.710 GC heap before
{Heap before GC invocations=4 (full 0):
 PSYoungGen      total 14336K, used 14335K [0x00000000f0600000, 0x00000000f2200000, 0x0000000100000000)
  eden space 12288K, 100% used [0x00000000f0600000,0x00000000f1200000,0x00000000f1200000)
  from space 2048K, 99% used [0x00000000f1200000,0x00000000f13ffc90,0x00000000f1400000)
  to   space 2048K, 0% used [0x00000000f2000000,0x00000000f2000000,0x00000000f2200000)
 ParOldGen       total 32768K, used 3035K [0x00000000d1200000, 0x00000000d3200000, 0x00000000f0600000)
  object space 32768K, 9% used [0x00000000d1200000,0x00000000d14f6ee0,0x00000000d3200000)
 Metaspace       used 13824K, capacity 14072K, committed 14336K, reserved 1060864K
  class space    used 2383K, capacity 2472K, committed 2560K, reserved 1048576K
Event: 1.719 GC heap after
Heap after GC invocations=4 (full 0):
 PSYoungGen      total 26624K, used 2047K [0x00000000f0600000, 0x00000000f2200000, 0x0000000100000000)
  eden space 24576K, 0% used [0x00000000f0600000,0x00000000f0600000,0x00000000f1e00000)
  from space 2048K, 99% used [0x00000000f2000000,0x00000000f21ffcb0,0x00000000f2200000)
  to   space 2048K, 0% used [0x00000000f1e00000,0x00000000f1e00000,0x00000000f2000000)
 ParOldGen       total 32768K, used 3670K [0x00000000d1200000, 0x00000000d3200000, 0x00000000f0600000)
  object space 32768K, 11% used [0x00000000d1200000,0x00000000d1595868,0x00000000d3200000)
 Metaspace       used 13824K, capacity 14072K, committed 14336K, reserved 1060864K
  class space    used 2383K, capacity 2472K, committed 2560K, reserved 1048576K
}
Event: 2.081 GC heap before
{Heap before GC invocations=5 (full 0):
 PSYoungGen      total 26624K, used 26623K [0x00000000f0600000, 0x00000000f2200000, 0x0000000100000000)
  eden space 24576K, 100% used [0x00000000f0600000,0x00000000f1e00000,0x00000000f1e00000)
  from space 2048K, 99% used [0x00000000f2000000,0x00000000f21ffcb0,0x00000000f2200000)
  to   space 2048K, 0% used [0x00000000f1e00000,0x00000000f1e00000,0x00000000f2000000)
 ParOldGen       total 32768K, used 3670K [0x00000000d1200000, 0x00000000d3200000, 0x00000000f0600000)
  object space 32768K, 11% used [0x00000000d1200000,0x00000000d1595868,0x00000000d3200000)
 Metaspace       used 14301K, capacity 14526K, committed 14848K, reserved 1060864K
  class space    used 2433K, capacity 2537K, committed 2560K, reserved 1048576K
Event: 2.090 GC heap after
Heap after GC invocations=5 (full 0):
 PSYoungGen      total 26624K, used 2035K [0x00000000f0600000, 0x00000000f3e00000, 0x0000000100000000)
  eden space 24576K, 0% used [0x00000000f0600000,0x00000000f0600000,0x00000000f1e00000)
  from space 2048K, 99% used [0x00000000f1e00000,0x00000000f1ffcca0,0x00000000f2000000)
  to   space 4096K, 0% used [0x00000000f3a00000,0x00000000f3a00000,0x00000000f3e00000)
 ParOldGen       total 32768K, used 4424K [0x00000000d1200000, 0x00000000d3200000, 0x00000000f0600000)
  object space 32768K, 13% used [0x00000000d1200000,0x00000000d1652218,0x00000000d3200000)
 Metaspace       used 14301K, capacity 14526K, committed 14848K, reserved 1060864K
  class space    used 2433K, capacity 2537K, committed 2560K, reserved 1048576K
}
Event: 3.418 GC heap before
{Heap before GC invocations=6 (full 0):
 PSYoungGen      total 26624K, used 26611K [0x00000000f0600000, 0x00000000f3e00000, 0x0000000100000000)
  eden space 24576K, 100% used [0x00000000f0600000,0x00000000f1e00000,0x00000000f1e00000)
  from space 2048K, 99% used [0x00000000f1e00000,0x00000000f1ffcca0,0x00000000f2000000)
  to   space 4096K, 0% used [0x00000000f3a00000,0x00000000f3a00000,0x00000000f3e00000)
 ParOldGen       total 32768K, used 4424K [0x00000000d1200000, 0x00000000d3200000, 0x00000000f0600000)
  object space 32768K, 13% used [0x00000000d1200000,0x00000000d1652218,0x00000000d3200000)
 Metaspace       used 15003K, capacity 15406K, committed 15488K, reserved 1062912K
  class space    used 2536K, capacity 2681K, committed 2688K, reserved 1048576K
Event: 3.436 GC heap after
Heap after GC invocations=6 (full 0):
 PSYoungGen      total 53248K, used 3187K [0x00000000f0600000, 0x00000000f3e00000, 0x0000000100000000)
  eden space 49152K, 0% used [0x00000000f0600000,0x00000000f0600000,0x00000000f3600000)
  from space 4096K, 77% used [0x00000000f3a00000,0x00000000f3d1cc48,0x00000000f3e00000)
  to   space 4096K, 0% used [0x00000000f3600000,0x00000000f3600000,0x00000000f3a00000)
 ParOldGen       total 32768K, used 4424K [0x00000000d1200000, 0x00000000d3200000, 0x00000000f0600000)
  object space 32768K, 13% used [0x00000000d1200000,0x00000000d1652218,0x00000000d3200000)
 Metaspace       used 15003K, capacity 15406K, committed 15488K, reserved 1062912K
  class space    used 2536K, capacity 2681K, committed 2688K, reserved 1048576K
}
Event: 4.000 GC heap before
{Heap before GC invocations=7 (full 0):
 PSYoungGen      total 53248K, used 38231K [0x00000000f0600000, 0x00000000f3e00000, 0x0000000100000000)
  eden space 49152K, 71% used [0x00000000f0600000,0x00000000f2839368,0x00000000f3600000)
  from space 4096K, 77% used [0x00000000f3a00000,0x00000000f3d1cc48,0x00000000f3e00000)
  to   space 4096K, 0% used [0x00000000f3600000,0x00000000f3600000,0x00000000f3a00000)
 ParOldGen       total 32768K, used 4424K [0x00000000d1200000, 0x00000000d3200000, 0x00000000f0600000)
  object space 32768K, 13% used [0x00000000d1200000,0x00000000d1652218,0x00000000d3200000)
 Metaspace       used 20803K, capacity 21134K, committed 21248K, reserved 1067008K
  class space    used 3428K, capacity 3545K, committed 3584K, reserved 1048576K

Deoptimization events (10 events):
Event: 3.255 Thread 0x00007fda0c00a800 Uncommon trap: reason=unstable_if action=reinterpret pc=0x00007fd9fc38b484 method=java.lang.CharacterDataLatin1.toUpperCase(I)I @ 12
Event: 3.258 Thread 0x00007fda0c00a800 Uncommon trap: reason=unstable_if action=reinterpret pc=0x00007fd9fc33afe0 method=sun.misc.URLClassPath.getLoader(I)Lsun/misc/URLClassPath$Loader; @ 36
Event: 3.261 Thread 0x00007fda0c00a800 Uncommon trap: reason=unstable_if action=reinterpret pc=0x00007fd9fc31a17c method=sun.misc.URLClassPath.getLoader(I)Lsun/misc/URLClassPath$Loader; @ 36
Event: 3.349 Thread 0x00007fda0c00a800 Uncommon trap: reason=bimorphic action=maybe_recompile pc=0x00007fd9fc4153a0 method=java.lang.ClassLoader.loadClass(Ljava/lang/String;Z)Ljava/lang/Class; @ 38
Event: 3.349 Thread 0x00007fda0c00a800 Uncommon trap: reason=unstable_if action=reinterpret pc=0x00007fd9fc415208 method=java.lang.ClassLoader.getClassLoadingLock(Ljava/lang/String;)Ljava/lang/Object; @ 6
Event: 3.349 Thread 0x00007fda0c00a800 Uncommon trap: reason=unstable_if action=reinterpret pc=0x00007fd9fc65d3a4 method=java.util.jar.JarFile.getManEntry()Ljava/util/jar/JarEntry; @ 4
Event: 3.376 Thread 0x00007fda0c00a800 Uncommon trap: reason=unstable_if action=reinterpret pc=0x00007fd9fc363fec method=sun.net.www.ParseUtil.encodePath(Ljava/lang/String;Z)Ljava/lang/String; @ 116
Event: 3.731 Thread 0x00007fda0c00a800 Uncommon trap: reason=unstable_if action=reinterpret pc=0x00007fd9fc64829c method=java.lang.CharacterDataLatin1.digit(II)I @ 82
Event: 3.832 Thread 0x00007fda0c00a800 Uncommon trap: reason=class_check action=maybe_recompile pc=0x00007fd9fc698418 method=java.util.regex.Pattern$Slice.match(Ljava/util/regex/Matcher;ILjava/lang/CharSequence;)Z @ 75
Event: 3.866 Thread 0x00007fda0c00a800 Uncommon trap: reason=unstable_if action=reinterpret pc=0x00007fd9fc75bb24 method=java.util.zip.ZipFile$ZipFileInputStream.read([BII)I @ 46

Classes redefined (0 events):
No events

Internal exceptions (10 events):
Event: 0.306 Thread 0x00007fda0c00a800 Exception <a 'java/security/PrivilegedActionException'> (0x00000000f06c2778) thrown at [/build/openjdk-8-lTwZJE/openjdk-8-8u181-b13/src/hotspot/src/share/vm/prims/jvm.cpp, line 1435]
Event: 0.307 Thread 0x00007fda0c00a800 Exception <a 'java/security/PrivilegedActionException'> (0x00000000f06c4800) thrown at [/build/openjdk-8-lTwZJE/openjdk-8-8u181-b13/src/hotspot/src/share/vm/prims/jvm.cpp, line 1435]
Event: 0.307 Thread 0x00007fda0c00a800 Exception <a 'java/security/PrivilegedActionException'> (0x00000000f06c4a10) thrown at [/build/openjdk-8-lTwZJE/openjdk-8-8u181-b13/src/hotspot/src/share/vm/prims/jvm.cpp, line 1435]
Event: 0.307 Thread 0x00007fda0c00a800 Exception <a 'java/security/PrivilegedActionException'> (0x00000000f06c54e8) thrown at [/build/openjdk-8-lTwZJE/openjdk-8-8u181-b13/src/hotspot/src/share/vm/prims/jvm.cpp, line 1435]
Event: 0.307 Thread 0x00007fda0c00a800 Exception <a 'java/security/PrivilegedActionException'> (0x00000000f06c56f8) thrown at [/build/openjdk-8-lTwZJE/openjdk-8-8u181-b13/src/hotspot/src/share/vm/prims/jvm.cpp, line 1435]
Event: 0.934 Thread 0x00007fda0c00a800 Exception <a 'java/lang/NoSuchFieldError': method resolution failed> (0x00000000f11fa4c8) thrown at [/build/openjdk-8-lTwZJE/openjdk-8-8u181-b13/src/hotspot/src/share/vm/prims/methodHandles.cpp, line 1167]
Event: 0.951 Thread 0x00007fda0c00a800 Exception <a 'java/lang/NoSuchFieldError': method resolution failed> (0x00000000f063a888) thrown at [/build/openjdk-8-lTwZJE/openjdk-8-8u181-b13/src/hotspot/src/share/vm/prims/methodHandles.cpp, line 1167]
Event: 1.325 Thread 0x00007fda0c381800 Implicit null exception at 0x00007fd9fc34bcdb to 0x00007fd9fc34be91
Event: 3.736 Thread 0x00007fda0c00a800 Exception <a 'java/io/FileNotFoundException'> (0x00000000f192a9d8) thrown at [/build/openjdk-8-lTwZJE/openjdk-8-8u181-b13/src/hotspot/src/share/vm/prims/jni.cpp, line 709]
Event: 3.862 Thread 0x00007fda0c00a800 Exception <a 'java/lang/NoSuchMethodError': org.slf4j.impl.StaticMDCBinder.getSingleton()Lorg/slf4j/impl/StaticMDCBinder;> (0x00000000f211b300) thrown at [/build/openjdk-8-lTwZJE/openjdk-8-8u181-b13/src/hotspot/src/share/vm/interpreter/linkResolver.cpp, l

Events (10 events):
Event: 3.998 loading class jupyter/kernel/protocol/ShellRequest$Execute$ done
Event: 3.999 loading class scala/runtime/AbstractFunction6
Event: 3.999 loading class scala/runtime/AbstractFunction6 done
Event: 3.999 loading class scala/Function6
Event: 3.999 loading class scala/Function6 done
Event: 3.999 loading class scala/Function6$class
Event: 3.999 loading class scala/Function6$class done
Event: 3.999 loading class jupyter/kernel/protocol/ShellRequestDecodeJsons$anon$derivedDecodeJson$macro$1753$1$anon$macro$1742$1
Event: 3.999 loading class jupyter/kernel/protocol/ShellRequestDecodeJsons$anon$derivedDecodeJson$macro$1753$1$anon$macro$1742$1 done
Event: 4.000 Executing VM operation: CollectForMetadataAllocation


Dynamic libraries:
00400000-00401000 r-xp 00000000 08:01 803085                             /usr/lib/jvm/java-8-openjdk-amd64/jre/bin/java
00600000-00601000 r--p 00000000 08:01 803085                             /usr/lib/jvm/java-8-openjdk-amd64/jre/bin/java
00601000-00602000 rw-p 00001000 08:01 803085                             /usr/lib/jvm/java-8-openjdk-amd64/jre/bin/java
01d34000-01d99000 rw-p 00000000 00:00 0                                  [heap]
d1200000-d3200000 rw-p 00000000 00:00 0 
d3200000-f0600000 ---p 00000000 00:00 0 
f0600000-f3e00000 rw-p 00000000 00:00 0 
f7200000-100000000 ---p 00000000 00:00 0 
100000000-100380000 rw-p 00000000 00:00 0 
100380000-140000000 ---p 00000000 00:00 0 
7fd9b8fff000-7fd9bc000000 rw-p 00000000 00:00 0 
7fd9bc000000-7fd9bc080000 rw-p 00000000 00:00 0 
7fd9bc080000-7fd9c0000000 ---p 00000000 00:00 0 
7fd9c0000000-7fd9c0022000 rw-p 00000000 00:00 0 
7fd9c0022000-7fd9c4000000 ---p 00000000 00:00 0 
7fd9c4000000-7fd9c4021000 rw-p 00000000 00:00 0 
7fd9c4021000-7fd9c8000000 ---p 00000000 00:00 0 
7fd9c8000000-7fd9c808f000 rw-p 00000000 00:00 0 
7fd9c808f000-7fd9cc000000 ---p 00000000 00:00 0 
7fd9cc000000-7fd9cc021000 rw-p 00000000 00:00 0 
7fd9cc021000-7fd9d0000000 ---p 00000000 00:00 0 
7fd9d0000000-7fd9d0021000 rw-p 00000000 00:00 0 
7fd9d0021000-7fd9d4000000 ---p 00000000 00:00 0 
7fd9d4000000-7fd9d5543000 rw-p 00000000 00:00 0 
7fd9d5543000-7fd9d8000000 ---p 00000000 00:00 0 
7fd9d8000000-7fd9d9475000 rw-p 00000000 00:00 0 
7fd9d9475000-7fd9dc000000 ---p 00000000 00:00 0 
7fd9dc000000-7fd9dc021000 rw-p 00000000 00:00 0 
7fd9dc021000-7fd9e0000000 ---p 00000000 00:00 0 
7fd9e0000000-7fd9e0021000 rw-p 00000000 00:00 0 
7fd9e0021000-7fd9e4000000 ---p 00000000 00:00 0 
7fd9e4000000-7fd9e4021000 rw-p 00000000 00:00 0 
7fd9e4021000-7fd9e8000000 ---p 00000000 00:00 0 
7fd9e8000000-7fd9e8021000 rw-p 00000000 00:00 0 
7fd9e8021000-7fd9ec000000 ---p 00000000 00:00 0 
7fd9ec000000-7fd9ec021000 rw-p 00000000 00:00 0 
7fd9ec021000-7fd9f0000000 ---p 00000000 00:00 0 
7fd9f20cc000-7fd9f20e3000 r-xp 00000000 08:01 803144                     /usr/lib/jvm/java-8-openjdk-amd64/jre/lib/amd64/libnet.so
7fd9f20e3000-7fd9f22e2000 ---p 00017000 08:01 803144                     /usr/lib/jvm/java-8-openjdk-amd64/jre/lib/amd64/libnet.so
7fd9f22e2000-7fd9f22e3000 r--p 00016000 08:01 803144                     /usr/lib/jvm/java-8-openjdk-amd64/jre/lib/amd64/libnet.so
7fd9f22e3000-7fd9f22e4000 rw-p 00017000 08:01 803144                     /usr/lib/jvm/java-8-openjdk-amd64/jre/lib/amd64/libnet.so
7fd9f22e4000-7fd9f22f5000 r-xp 00000000 08:01 803143                     /usr/lib/jvm/java-8-openjdk-amd64/jre/lib/amd64/libnio.so
7fd9f22f5000-7fd9f24f5000 ---p 00011000 08:01 803143                     /usr/lib/jvm/java-8-openjdk-amd64/jre/lib/amd64/libnio.so
7fd9f24f5000-7fd9f24f6000 r--p 00011000 08:01 803143                     /usr/lib/jvm/java-8-openjdk-amd64/jre/lib/amd64/libnio.so
7fd9f24f6000-7fd9f24f7000 rw-p 00012000 08:01 803143                     /usr/lib/jvm/java-8-openjdk-amd64/jre/lib/amd64/libnio.so
7fd9f24f7000-7fd9f2637000 rw-p 00000000 00:00 0 
7fd9f2637000-7fd9f26f7000 ---p 00000000 00:00 0 
7fd9f26f7000-7fd9f28f7000 rw-p 00000000 00:00 0 
7fd9f28f7000-7fd9f28f8000 r--s 00006000 08:01 807207                     /home/user/.coursier/cache/v1/https/repo1.maven.org/maven2/com/github/alexarchambault/case-app-annotations_2.11/1.1.3/case-app-annotations_2.11-1.1.3.jar
7fd9f28f8000-7fd9f28fb000 r--s 00011000 08:01 807203                     /home/user/.coursier/cache/v1/https/repo1.maven.org/maven2/com/lihaoyi/fastparse-utils_2.11/0.4.2/fastparse-utils_2.11-0.4.2.jar
7fd9f28fb000-7fd9f2902000 r--s 00042000 08:01 807208                     /home/user/.coursier/cache/v1/https/repo1.maven.org/maven2/com/github/alexarchambault/case-app_2.11/1.1.3/case-app_2.11-1.1.3.jar
7fd9f2902000-7fd9f2915000 r--s 000bb000 08:01 807205                     /home/user/.coursier/cache/v1/https/repo1.maven.org/maven2/org/jupyter-scala/kernel_2.11/0.4.1/kernel_2.11-0.4.1.jar
7fd9f2915000-7fd9f291a000 r--s 00044000 08:01 807300                     /home/user/.coursier/cache/v1/https/repo1.maven.org/maven2/org/scodec/scodec-bits_2.11/1.1.2/scodec-bits_2.11-1.1.2.jar
7fd9f291a000-7fd9f2924000 r--s 00069000 08:01 807307                     /home/user/.coursier/cache/v1/https/repo1.maven.org/maven2/com/lihaoyi/scalaparse_2.11/0.4.2/scalaparse_2.11-0.4.2.jar
7fd9f2924000-7fd9f2927000 r--s 00016000 08:01 807311                     /home/user/.coursier/cache/v1/https/repo1.maven.org/maven2/org/jupyter-scala/scala-kernel_2.11.11/0.4.2/scala-kernel_2.11.11-0.4.2.jar
7fd9f2927000-7fd9f294a000 r--s 00155000 08:01 807348                     /home/user/.coursier/cache/v1/https/repo1.maven.org/maven2/org/scalaz/stream/scalaz-stream_2.11/0.8.6a/scalaz-stream_2.11-0.8.6a.jar
7fd9f294a000-7fd9f2955000 r--s 00069000 08:01 807253                     /home/user/.coursier/cache/v1/https/repo1.maven.org/maven2/ch/qos/logback/logback-core/1.2.1/logback-core-1.2.1.jar
7fd9f2955000-7fd9f2957000 r--s 00009000 08:01 807266                     /home/user/.coursier/cache/v1/https/repo1.maven.org/maven2/org/slf4j/slf4j-api/1.7.22/slf4j-api-1.7.22.jar
7fd9f2957000-7fd9f2961000 r--s 00074000 08:01 807377                     /home/user/.coursier/cache/v1/https/repo1.maven.org/maven2/org/jupyter-scala/ammonite-compiler_2.11.11/0.8.3-1/ammonite-compiler_2.11.11-0.8.3-1.jar
7fd9f2961000-7fd9f2966000 r--s 00039000 08:01 807259                     /home/user/.coursier/cache/v1/https/repo1.maven.org/maven2/org/zeromq/jeromq/0.3.6/jeromq-0.3.6.jar
7fd9f2966000-7fd9f296c000 r--s 00046000 08:01 807275                     /home/user/.coursier/cache/v1/https/repo1.maven.org/maven2/ch/qos/logback/logback-classic/1.2.1/logback-classic-1.2.1.jar
7fd9f296c000-7fd9f299c000 r--s 001c7000 08:01 807281                     /home/user/.coursier/cache/v1/https/repo1.maven.org/maven2/io/argonaut/argonaut_2.11/6.2/argonaut_2.11-6.2.jar
7fd9f299c000-7fd9f29e2000 r--s 00317000 08:01 807336                     /home/user/.coursier/cache/v1/https/repo1.maven.org/maven2/com/chuusai/shapeless_2.11/2.3.2/shapeless_2.11-2.3.2.jar
7fd9f29e2000-7fd9f2a08000 r--s 00196000 08:01 807280                     /home/user/.coursier/cache/v1/https/repo1.maven.org/maven2/io/get-coursier/coursier_2.11/1.0.0-RC2/coursier_2.11-1.0.0-RC2.jar
7fd9f2a08000-7fd9f2a54000 r--s 00418000 08:01 807351                     /home/user/.coursier/cache/v1/https/repo1.maven.org/maven2/org/scala-lang/scala-reflect/2.11.11/scala-reflect-2.11.11.jar
7fd9f2a54000-7fd9f2b61000 r--s 00dd4000 08:01 807246                     /home/user/.coursier/cache/v1/https/repo1.maven.org/maven2/org/scala-lang/scala-compiler/2.11.11/scala-compiler-2.11.11.jar
7fd9f2b61000-7fd9f2d61000 rw-p 00000000 00:00 0 
7fd9f2d61000-7fd9f2d62000 r--s 00000000 08:01 807233                     /home/user/.coursier/cache/v1/https/repo1.maven.org/maven2/org/typelevel/macro-compat_2.11/1.1.1/macro-compat_2.11-1.1.1.jar
7fd9f2d62000-7fd9f2d66000 r--s 00029000 08:01 807324                     /home/user/.coursier/cache/v1/https/repo1.maven.org/maven2/org/jupyter-scala/kernel-protocol_2.11/0.4.1/kernel-protocol_2.11-0.4.1.jar
7fd9f2d66000-7fd9f2d6c000 r--s 0004d000 08:01 807344                     /home/user/.coursier/cache/v1/https/repo1.maven.org/maven2/com/lihaoyi/fastparse_2.11/0.4.2/fastparse_2.11-0.4.2.jar
7fd9f2d6c000-7fd9f2d70000 r--s 0001b000 08:01 807362                     /home/user/.coursier/cache/v1/https/repo1.maven.org/maven2/com/github/alexarchambault/argonaut-shapeless_6.2_2.11/1.2.0-M5/argonaut-shapeless_6.2_2.11-1.2.0-M5.jar
7fd9f2d70000-7fd9f2d73000 r--s 00015000 08:01 807242                     /home/user/.coursier/cache/v1/https/repo1.maven.org/maven2/org/jupyter-scala/scala-cli_2.11.11/0.4.2/scala-cli_2.11.11-0.4.2.jar
7fd9f2d73000-7fd9f2d75000 r--s 0000a000 08:01 807225                     /home/user/.coursier/cache/v1/https/repo1.maven.org/maven2/com/github/alexarchambault/case-app-util_2.11/1.1.3/case-app-util_2.11-1.1.3.jar
7fd9f2d75000-7fd9f2d7d000 r--s 0004b000 08:01 807374                     /home/user/.coursier/cache/v1/https/repo1.maven.org/maven2/io/get-coursier/coursier-cache_2.11/1.0.0-RC2/coursier-cache_2.11-1.0.0-RC2.jar
7fd9f2d7d000-7fd9f2e4f000 r--s 00a6f000 08:01 807285                     /home/user/.coursier/cache/v1/https/repo1.maven.org/maven2/org/scalaz/scalaz-core_2.11/7.2.8/scalaz-core_2.11-7.2.8.jar
7fd9f2e4f000-7fd9f2e52000 ---p 00000000 00:00 0 
7fd9f2e52000-7fd9f2f50000 rw-p 00000000 00:00 0 
7fd9f2f50000-7fd9f2f53000 ---p 00000000 00:00 0 
7fd9f2f53000-7fd9f3251000 rw-p 00000000 00:00 0 
7fd9f3251000-7fd9f3254000 ---p 00000000 00:00 0 
7fd9f3254000-7fd9f3352000 rw-p 00000000 00:00 0 
7fd9f3352000-7fd9f3355000 ---p 00000000 00:00 0 
7fd9f3355000-7fd9f3453000 rw-p 00000000 00:00 0 
7fd9f3453000-7fd9f3456000 ---p 00000000 00:00 0 
7fd9f3456000-7fd9f3554000 rw-p 00000000 00:00 0 
7fd9f3554000-7fd9f3557000 ---p 00000000 00:00 0 
7fd9f3557000-7fd9f3655000 rw-p 00000000 00:00 0 
7fd9f3655000-7fd9f3658000 ---p 00000000 00:00 0 
7fd9f3658000-7fd9f3756000 rw-p 00000000 00:00 0 
7fd9f3756000-7fd9f3759000 ---p 00000000 00:00 0 
7fd9f3759000-7fd9f3857000 rw-p 00000000 00:00 0 
7fd9f3857000-7fd9f385a000 ---p 00000000 00:00 0 
7fd9f385a000-7fd9f3958000 rw-p 00000000 00:00 0 
7fd9f3958000-7fd9f3959000 r--s 00008000 08:01 807293                     /home/user/.coursier/cache/v1/https/repo1.maven.org/maven2/com/typesafe/scala-logging/scala-logging_2.11/3.5.0/scala-logging_2.11-3.5.0.jar
7fd9f3959000-7fd9f395b000 r--s 00012000 08:01 807339                     /home/user/.coursier/cache/v1/https/repo1.maven.org/maven2/com/lihaoyi/fansi_2.11/0.2.3/fansi_2.11-0.2.3.jar
7fd9f395b000-7fd9f3960000 r--s 00047000 08:01 807328                     /home/user/.coursier/cache/v1/https/repo1.maven.org/maven2/org/jupyter-scala/ammonite-ops_2.11/0.8.3-1/ammonite-ops_2.11-0.8.3-1.jar
7fd9f3960000-7fd9f396b000 r--s 0005d000 08:01 807365                     /home/user/.coursier/cache/v1/https/repo1.maven.org/maven2/org/scala-lang/modules/scala-parser-combinators_2.11/1.0.4/scala-parser-combinators_2.11-1.0.4.jar
7fd9f396b000-7fd9f396d000 r--s 0000f000 08:01 807314                     /home/user/.coursier/cache/v1/https/repo1.maven.org/maven2/com/lihaoyi/derive_2.11/0.4.4/derive_2.11-0.4.4.jar
7fd9f396d000-7fd9f3977000 r--s 0009a000 08:01 807217                     /home/user/.coursier/cache/v1/https/repo1.maven.org/maven2/org/scala-lang/modules/scala-xml_2.11/1.0.6/scala-xml_2.11-1.0.6.jar
7fd9f3977000-7fd9f3982000 r--s 00074000 08:01 807252                     /home/user/.coursier/cache/v1/https/repo1.maven.org/maven2/org/jupyter-scala/ammonite-runtime_2.11.11/0.8.3-1/ammonite-runtime_2.11.11-0.8.3-1.jar
7fd9f3982000-7fd9f398a000 r--s 0004c000 08:01 807222                     /home/user/.coursier/cache/v1/https/repo1.maven.org/maven2/org/scalaz/scalaz-concurrent_2.11/7.2.8/scalaz-concurrent_2.11-7.2.8.jar
7fd9f398a000-7fd9f398d000 r--s 0001a000 08:01 807269                     /home/user/.coursier/cache/v1/https/repo1.maven.org/maven2/com/lihaoyi/sourcecode_2.11/0.1.3/sourcecode_2.11-0.1.3.jar
7fd9f398d000-7fd9f3997000 r--s 00061000 08:01 807370                     /home/user/.coursier/cache/v1/https/repo1.maven.org/maven2/org/scalaz/scalaz-effect_2.11/7.2.8/scalaz-effect_2.11-7.2.8.jar
7fd9f3997000-7fd9f399d000 r--s 0005c000 08:01 807218                     /home/user/.coursier/cache/v1/https/repo1.maven.org/maven2/com/lihaoyi/upickle_2.11/0.4.4/upickle_2.11-0.4.4.jar
7fd9f399d000-7fd9f399f000 r--s 00013000 08:01 807296                     /home/user/.coursier/cache/v1/https/repo1.maven.org/maven2/org/spire-math/jawn-parser_2.11/0.10.3/jawn-parser_2.11-0.10.3.jar
7fd9f399f000-7fd9f39a1000 r--s 0000d000 08:01 807262                     /home/user/.coursier/cache/v1/https/repo1.maven.org/maven2/com/lihaoyi/geny_2.11/0.1.1/geny_2.11-0.1.1.jar
7fd9f39a1000-7fd9f39a3000 r--s 00016000 08:01 807235                     /home/user/.coursier/cache/v1/https/repo1.maven.org/maven2/org/jupyter-scala/ammonite-util_2.11.11/0.8.3-1/ammonite-util_2.11.11-0.8.3-1.jar
7fd9f39a3000-7fd9f39fc000 r--s 00523000 08:01 807237                     /home/user/.coursier/cache/v1/https/repo1.maven.org/maven2/org/scala-lang/scala-library/2.11.11/scala-library-2.11.11.jar
7fd9f39fc000-7fd9f3bfc000 rw-p 00000000 00:00 0 
7fd9f3bfc000-7fd9f3bfd000 ---p 00000000 00:00 0 
7fd9f3bfd000-7fd9f3cfd000 rw-p 00000000 00:00 0 
7fd9f3cfd000-7fd9f3d00000 ---p 00000000 00:00 0 
7fd9f3d00000-7fd9f3dfe000 rw-p 00000000 00:00 0 
7fd9f3dfe000-7fd9f3e01000 ---p 00000000 00:00 0 
7fd9f3e01000-7fd9f3eff000 rw-p 00000000 00:00 0 
7fd9f3eff000-7fd9f3f02000 ---p 00000000 00:00 0 
7fd9f3f02000-7fd9f4000000 rw-p 00000000 00:00 0 
7fd9f4000000-7fd9f4042000 rw-p 00000000 00:00 0 
7fd9f4042000-7fd9f8000000 ---p 00000000 00:00 0 
7fd9f8000000-7fd9f8001000 r--s 00001000 08:01 807355                     /home/user/.coursier/cache/v1/https/repo1.maven.org/maven2/org/jupyter-scala/scala-api_2.11.11/0.4.2/scala-api_2.11.11-0.4.2.jar
7fd9f8001000-7fd9f8006000 r--s 00048000 08:01 807334                     /home/user/.coursier/cache/v1/https/repo1.maven.org/maven2/com/lihaoyi/pprint_2.11/0.4.4/pprint_2.11-0.4.4.jar
7fd9f8006000-7fd9f800c000 r--s 00050000 08:01 807318                     /home/user/.coursier/cache/v1/https/repo1.maven.org/maven2/org/jsoup/jsoup/1.10.2/jsoup-1.10.2.jar
7fd9f800c000-7fd9f8010000 r--s 00023000 08:01 807360                     /home/user/.coursier/cache/v1/https/repo1.maven.org/maven2/org/scalaj/scalaj-http_2.11/2.3.0/scalaj-http_2.11-2.3.0.jar
7fd9f8010000-7fd9f8015000 r--s 0009d000 08:01 803185                     /usr/lib/jvm/java-8-openjdk-amd64/jre/lib/jsse.jar
7fd9f8015000-7fd9f8018000 ---p 00000000 00:00 0 
7fd9f8018000-7fd9f804e000 rw-p 00000000 00:00 0 
7fd9f804e000-7fd9f809a000 r--s 0024b000 08:01 806309                     /home/user/.coursier/bootstrap/1.0.0-RC1/coursier-cli_2.11-1.0.0-RC1-standalone.jar
7fd9f809a000-7fd9f80b5000 r--s 00394000 08:01 803174                     /usr/lib/jvm/java-8-openjdk-amd64/jre/lib/ext/cldrdata.jar
7fd9f80b5000-7fd9f80d0000 r--s 001d6000 08:01 803177                     /usr/lib/jvm/java-8-openjdk-amd64/jre/lib/ext/nashorn.jar
7fd9f80d0000-7fd9f80d3000 ---p 00000000 00:00 0 
7fd9f80d3000-7fd9f81d1000 rw-p 00000000 00:00 0 
7fd9f81d1000-7fd9f8bf9000 r--p 00000000 08:01 2105158                    /usr/lib/locale/locale-archive
7fd9f8bf9000-7fd9f8bfc000 ---p 00000000 00:00 0 
7fd9f8bfc000-7fd9f8cfa000 rw-p 00000000 00:00 0 
7fd9f8cfa000-7fd9f8cfd000 ---p 00000000 00:00 0 
7fd9f8cfd000-7fd9f8dfb000 rw-p 00000000 00:00 0 
7fd9f8dfb000-7fd9f8dfc000 ---p 00000000 00:00 0 
7fd9f8dfc000-7fd9f9805000 rw-p 00000000 00:00 0 
7fd9f9805000-7fd9f99d4000 r--s 03c33000 08:01 803184                     /usr/lib/jvm/java-8-openjdk-amd64/jre/lib/rt.jar
7fd9f99d4000-7fd9fbabb000 rw-p 00000000 00:00 0 
7fd9fbabb000-7fd9fbabc000 ---p 00000000 00:00 0 
7fd9fbabc000-7fd9fbbbc000 rw-p 00000000 00:00 0 
7fd9fbbbc000-7fd9fbbbd000 ---p 00000000 00:00 0 
7fd9fbbbd000-7fd9fbccd000 rw-p 00000000 00:00 0 
7fd9fbccd000-7fd9fbdb7000 ---p 00000000 00:00 0 
7fd9fbdb7000-7fd9fbdcf000 rw-p 00000000 00:00 0 
7fd9fbdcf000-7fd9fc177000 ---p 00000000 00:00 0 
7fd9fc177000-7fd9fc777000 rwxp 00000000 00:00 0 
7fd9fc777000-7fda0b177000 ---p 00000000 00:00 0 
7fda0b177000-7fda0b17f000 r-xp 00000000 08:01 803135                     /usr/lib/jvm/java-8-openjdk-amd64/jre/lib/amd64/libzip.so
7fda0b17f000-7fda0b37e000 ---p 00008000 08:01 803135                     /usr/lib/jvm/java-8-openjdk-amd64/jre/lib/amd64/libzip.so
7fda0b37e000-7fda0b37f000 r--p 00007000 08:01 803135                     /usr/lib/jvm/java-8-openjdk-amd64/jre/lib/amd64/libzip.so
7fda0b37f000-7fda0b380000 rw-p 00008000 08:01 803135                     /usr/lib/jvm/java-8-openjdk-amd64/jre/lib/amd64/libzip.so
7fda0b380000-7fda0b38b000 r-xp 00000000 08:01 2889153                    /lib/x86_64-linux-gnu/libnss_files-2.23.so
7fda0b38b000-7fda0b58a000 ---p 0000b000 08:01 2889153                    /lib/x86_64-linux-gnu/libnss_files-2.23.so
7fda0b58a000-7fda0b58b000 r--p 0000a000 08:01 2889153                    /lib/x86_64-linux-gnu/libnss_files-2.23.so
7fda0b58b000-7fda0b58c000 rw-p 0000b000 08:01 2889153                    /lib/x86_64-linux-gnu/libnss_files-2.23.so
7fda0b58c000-7fda0b592000 rw-p 00000000 00:00 0 
7fda0b592000-7fda0b59d000 r-xp 00000000 08:01 2889163                    /lib/x86_64-linux-gnu/libnss_nis-2.23.so
7fda0b59d000-7fda0b79c000 ---p 0000b000 08:01 2889163                    /lib/x86_64-linux-gnu/libnss_nis-2.23.so
7fda0b79c000-7fda0b79d000 r--p 0000a000 08:01 2889163                    /lib/x86_64-linux-gnu/libnss_nis-2.23.so
7fda0b79d000-7fda0b79e000 rw-p 0000b000 08:01 2889163                    /lib/x86_64-linux-gnu/libnss_nis-2.23.so
7fda0b79e000-7fda0b7b4000 r-xp 00000000 08:01 2889147                    /lib/x86_64-linux-gnu/libnsl-2.23.so
7fda0b7b4000-7fda0b9b3000 ---p 00016000 08:01 2889147                    /lib/x86_64-linux-gnu/libnsl-2.23.so
7fda0b9b3000-7fda0b9b4000 r--p 00015000 08:01 2889147                    /lib/x86_64-linux-gnu/libnsl-2.23.so
7fda0b9b4000-7fda0b9b5000 rw-p 00016000 08:01 2889147                    /lib/x86_64-linux-gnu/libnsl-2.23.so
7fda0b9b5000-7fda0b9b7000 rw-p 00000000 00:00 0 
7fda0b9b7000-7fda0b9bf000 r-xp 00000000 08:01 2889149                    /lib/x86_64-linux-gnu/libnss_compat-2.23.so
7fda0b9bf000-7fda0bbbe000 ---p 00008000 08:01 2889149                    /lib/x86_64-linux-gnu/libnss_compat-2.23.so
7fda0bbbe000-7fda0bbbf000 r--p 00007000 08:01 2889149                    /lib/x86_64-linux-gnu/libnss_compat-2.23.so
7fda0bbbf000-7fda0bbc0000 rw-p 00008000 08:01 2889149                    /lib/x86_64-linux-gnu/libnss_compat-2.23.so
7fda0bbc0000-7fda0bbed000 r-xp 00000000 08:01 803155                     /usr/lib/jvm/java-8-openjdk-amd64/jre/lib/amd64/libjava.so
7fda0bbed000-7fda0bdec000 ---p 0002d000 08:01 803155                     /usr/lib/jvm/java-8-openjdk-amd64/jre/lib/amd64/libjava.so
7fda0bdec000-7fda0bded000 r--p 0002c000 08:01 803155                     /usr/lib/jvm/java-8-openjdk-amd64/jre/lib/amd64/libjava.so
7fda0bded000-7fda0bdef000 rw-p 0002d000 08:01 803155                     /usr/lib/jvm/java-8-openjdk-amd64/jre/lib/amd64/libjava.so
7fda0bdef000-7fda0bdfe000 r-xp 00000000 08:01 803127                     /usr/lib/jvm/java-8-openjdk-amd64/jre/lib/amd64/libverify.so
7fda0bdfe000-7fda0bffd000 ---p 0000f000 08:01 803127                     /usr/lib/jvm/java-8-openjdk-amd64/jre/lib/amd64/libverify.so
7fda0bffd000-7fda0bfff000 r--p 0000e000 08:01 803127                     /usr/lib/jvm/java-8-openjdk-amd64/jre/lib/amd64/libverify.so
7fda0bfff000-7fda0c000000 rw-p 00010000 08:01 803127                     /usr/lib/jvm/java-8-openjdk-amd64/jre/lib/amd64/libverify.so
7fda0c000000-7fda0c9ee000 rw-p 00000000 00:00 0 
7fda0c9ee000-7fda10000000 ---p 00000000 00:00 0 
7fda10000000-7fda10001000 r--s 00007000 08:01 807320                     /home/user/.coursier/cache/v1/https/repo1.maven.org/maven2/org/jupyter-scala/kernel-api_2.11/0.4.1/kernel-api_2.11-0.4.1.jar
7fda10001000-7fda10002000 r--s 00002000 08:01 807381                     /home/user/.local/share/jupyter/kernels/scala/launcher.jar
7fda10002000-7fda10003000 r--s 0000a000 08:01 803181                     /usr/lib/jvm/java-8-openjdk-amd64/jre/lib/ext/jaccess.jar
7fda10003000-7fda10005000 r--s 00008000 08:01 803178                     /usr/lib/jvm/java-8-openjdk-amd64/jre/lib/ext/sunec.jar
7fda10005000-7fda1000f000 r--s 00116000 08:01 803175                     /usr/lib/jvm/java-8-openjdk-amd64/jre/lib/ext/localedata.jar
7fda1000f000-7fda1006d000 rw-p 00000000 00:00 0 
7fda1006d000-7fda10157000 ---p 00000000 00:00 0 
7fda10157000-7fda10173000 rw-p 00000000 00:00 0 
7fda10173000-7fda101d4000 ---p 00000000 00:00 0 
7fda101d4000-7fda101d5000 rw-p 00000000 00:00 0 
7fda101d5000-7fda101dc000 r-xp 00000000 08:01 2889208                    /lib/x86_64-linux-gnu/librt-2.23.so
7fda101dc000-7fda103db000 ---p 00007000 08:01 2889208                    /lib/x86_64-linux-gnu/librt-2.23.so
7fda103db000-7fda103dc000 r--p 00006000 08:01 2889208                    /lib/x86_64-linux-gnu/librt-2.23.so
7fda103dc000-7fda103dd000 rw-p 00007000 08:01 2889208                    /lib/x86_64-linux-gnu/librt-2.23.so
7fda103dd000-7fda103f3000 r-xp 00000000 08:01 2889092                    /lib/x86_64-linux-gnu/libgcc_s.so.1
7fda103f3000-7fda105f2000 ---p 00016000 08:01 2889092                    /lib/x86_64-linux-gnu/libgcc_s.so.1
7fda105f2000-7fda105f3000 rw-p 00015000 08:01 2889092                    /lib/x86_64-linux-gnu/libgcc_s.so.1
7fda105f3000-7fda106fb000 r-xp 00000000 08:01 2889124                    /lib/x86_64-linux-gnu/libm-2.23.so
7fda106fb000-7fda108fa000 ---p 00108000 08:01 2889124                    /lib/x86_64-linux-gnu/libm-2.23.so
7fda108fa000-7fda108fb000 r--p 00107000 08:01 2889124                    /lib/x86_64-linux-gnu/libm-2.23.so
7fda108fb000-7fda108fc000 rw-p 00108000 08:01 2889124                    /lib/x86_64-linux-gnu/libm-2.23.so
7fda108fc000-7fda10a6e000 r-xp 00000000 08:01 2107766                    /usr/lib/x86_64-linux-gnu/libstdc++.so.6.0.21
7fda10a6e000-7fda10c6e000 ---p 00172000 08:01 2107766                    /usr/lib/x86_64-linux-gnu/libstdc++.so.6.0.21
7fda10c6e000-7fda10c78000 r--p 00172000 08:01 2107766                    /usr/lib/x86_64-linux-gnu/libstdc++.so.6.0.21
7fda10c78000-7fda10c7a000 rw-p 0017c000 08:01 2107766                    /usr/lib/x86_64-linux-gnu/libstdc++.so.6.0.21
7fda10c7a000-7fda10c7e000 rw-p 00000000 00:00 0 
7fda10c7e000-7fda118db000 r-xp 00000000 08:01 803133                     /usr/lib/jvm/java-8-openjdk-amd64/jre/lib/amd64/server/libjvm.so
7fda118db000-7fda11adb000 ---p 00c5d000 08:01 803133                     /usr/lib/jvm/java-8-openjdk-amd64/jre/lib/amd64/server/libjvm.so
7fda11adb000-7fda11b6f000 r--p 00c5d000 08:01 803133                     /usr/lib/jvm/java-8-openjdk-amd64/jre/lib/amd64/server/libjvm.so
7fda11b6f000-7fda11b98000 rw-p 00cf1000 08:01 803133                     /usr/lib/jvm/java-8-openjdk-amd64/jre/lib/amd64/server/libjvm.so
7fda11b98000-7fda11bc8000 rw-p 00000000 00:00 0 
7fda11bc8000-7fda11be0000 r-xp 00000000 08:01 2889200                    /lib/x86_64-linux-gnu/libpthread-2.23.so
7fda11be0000-7fda11ddf000 ---p 00018000 08:01 2889200                    /lib/x86_64-linux-gnu/libpthread-2.23.so
7fda11ddf000-7fda11de0000 r--p 00017000 08:01 2889200                    /lib/x86_64-linux-gnu/libpthread-2.23.so
7fda11de0000-7fda11de1000 rw-p 00018000 08:01 2889200                    /lib/x86_64-linux-gnu/libpthread-2.23.so
7fda11de1000-7fda11de5000 rw-p 00000000 00:00 0 
7fda11de5000-7fda11de8000 r-xp 00000000 08:01 2889078                    /lib/x86_64-linux-gnu/libdl-2.23.so
7fda11de8000-7fda11fe7000 ---p 00003000 08:01 2889078                    /lib/x86_64-linux-gnu/libdl-2.23.so
7fda11fe7000-7fda11fe8000 r--p 00002000 08:01 2889078                    /lib/x86_64-linux-gnu/libdl-2.23.so
7fda11fe8000-7fda11fe9000 rw-p 00003000 08:01 2889078                    /lib/x86_64-linux-gnu/libdl-2.23.so
7fda11fe9000-7fda12002000 r-xp 00000000 08:01 2889245                    /lib/x86_64-linux-gnu/libz.so.1.2.8
7fda12002000-7fda12201000 ---p 00019000 08:01 2889245                    /lib/x86_64-linux-gnu/libz.so.1.2.8
7fda12201000-7fda12202000 r--p 00018000 08:01 2889245                    /lib/x86_64-linux-gnu/libz.so.1.2.8
7fda12202000-7fda12203000 rw-p 00019000 08:01 2889245                    /lib/x86_64-linux-gnu/libz.so.1.2.8
7fda12203000-7fda123c3000 r-xp 00000000 08:01 2889054                    /lib/x86_64-linux-gnu/libc-2.23.so
7fda123c3000-7fda125c3000 ---p 001c0000 08:01 2889054                    /lib/x86_64-linux-gnu/libc-2.23.so
7fda125c3000-7fda125c7000 r--p 001c0000 08:01 2889054                    /lib/x86_64-linux-gnu/libc-2.23.so
7fda125c7000-7fda125c9000 rw-p 001c4000 08:01 2889054                    /lib/x86_64-linux-gnu/libc-2.23.so
7fda125c9000-7fda125cd000 rw-p 00000000 00:00 0 
7fda125cd000-7fda125da000 r-xp 00000000 08:01 803131                     /usr/lib/jvm/java-8-openjdk-amd64/jre/lib/amd64/jli/libjli.so
7fda125da000-7fda127da000 ---p 0000d000 08:01 803131                     /usr/lib/jvm/java-8-openjdk-amd64/jre/lib/amd64/jli/libjli.so
7fda127da000-7fda127db000 r--p 0000d000 08:01 803131                     /usr/lib/jvm/java-8-openjdk-amd64/jre/lib/amd64/jli/libjli.so
7fda127db000-7fda127dc000 rw-p 0000e000 08:01 803131                     /usr/lib/jvm/java-8-openjdk-amd64/jre/lib/amd64/jli/libjli.so
7fda127dc000-7fda12802000 r-xp 00000000 08:01 2889026                    /lib/x86_64-linux-gnu/ld-2.23.so
7fda12802000-7fda12805000 r--s 00038000 08:01 803179                     /usr/lib/jvm/java-8-openjdk-amd64/jre/lib/ext/sunpkcs11.jar
7fda12805000-7fda12807000 r--s 00001000 08:01 803180                     /usr/lib/jvm/java-8-openjdk-amd64/jre/lib/ext/dnsns.jar
7fda12807000-7fda1280a000 r--s 0000f000 08:01 803176                     /usr/lib/jvm/java-8-openjdk-amd64/jre/lib/ext/icedtea-sound.jar
7fda1280a000-7fda128db000 rw-p 00000000 00:00 0 
7fda128db000-7fda128de000 ---p 00000000 00:00 0 
7fda128de000-7fda129e0000 rw-p 00000000 00:00 0 
7fda129e0000-7fda129e1000 r--s 00010000 08:01 803182                     /usr/lib/jvm/java-8-openjdk-amd64/jre/lib/ext/zipfs.jar
7fda129e1000-7fda129e7000 r--s 0003b000 08:01 803183                     /usr/lib/jvm/java-8-openjdk-amd64/jre/lib/ext/sunjce_provider.jar
7fda129e7000-7fda129f6000 rw-p 00000000 00:00 0 
7fda129f6000-7fda129fe000 rw-s 00000000 08:01 1836275                    /tmp/hsperfdata_user/125489
7fda129fe000-7fda129ff000 rw-p 00000000 00:00 0 
7fda129ff000-7fda12a00000 ---p 00000000 00:00 0 
7fda12a00000-7fda12a01000 rw-p 00000000 00:00 0 
7fda12a01000-7fda12a02000 r--p 00025000 08:01 2889026                    /lib/x86_64-linux-gnu/ld-2.23.so
7fda12a02000-7fda12a03000 rw-p 00026000 08:01 2889026                    /lib/x86_64-linux-gnu/ld-2.23.so
7fda12a03000-7fda12a04000 rw-p 00000000 00:00 0 
7ffd94a6e000-7ffd94a8f000 rw-p 00000000 00:00 0                          [stack]
7ffd94a90000-7ffd94a93000 r--p 00000000 00:00 0                          [vvar]
7ffd94a93000-7ffd94a95000 r-xp 00000000 00:00 0                          [vdso]
ffffffffff600000-ffffffffff601000 r-xp 00000000 00:00 0                  [vsyscall]

VM Arguments:
jvm_args: -Xverify:none 
java_command: /home/user/.local/share/jupyter/kernels/scala/launcher.jar launch -r sonatype:releases -r sonatype:snapshots -i ammonite -I ammonite:org.jupyter-scala:ammonite-runtime_2.11.11:0.8.3-1 -I ammonite:org.jupyter-scala:scala-api_2.11.11:0.4.2 org.jupyter-scala:scala-cli_2.11.11:0.4.2 -- --id scala --name Scala --quiet --connection-file /run/user/1000/jupyter/kernel-dd0dea1f-73ff-49d5-a741-bdbc4b5579cd.json
java_class_path (initial): /home/user/.local/share/jupyter/kernels/scala/launcher.jar
Launcher Type: SUN_STANDARD

Environment Variables:
PATH=/home/user/anaconda3/bin:/home/user/anaconda3/bin:/home/user/bin:/home/user/.local/bin:/usr/local/sbin:/usr/local/bin:/usr/sbin:/usr/bin:/sbin:/bin:/usr/games:/usr/local/games:/snap/bin
SHELL=/bin/bash
DISPLAY=:0.0

Signal Handlers:
SIGSEGV: [libjvm.so+0xa71a70], sa_mask[0]=11111111011111111101111111111110, sa_flags=SA_RESTART|SA_SIGINFO
SIGBUS: [libjvm.so+0xa71a70], sa_mask[0]=11111111011111111101111111111110, sa_flags=SA_RESTART|SA_SIGINFO
SIGFPE: [libjvm.so+0x8b8f80], sa_mask[0]=11111111011111111101111111111110, sa_flags=SA_RESTART|SA_SIGINFO
SIGPIPE: [libjvm.so+0x8b8f80], sa_mask[0]=11111111011111111101111111111110, sa_flags=SA_RESTART|SA_SIGINFO
SIGXFSZ: [libjvm.so+0x8b8f80], sa_mask[0]=11111111011111111101111111111110, sa_flags=SA_RESTART|SA_SIGINFO
SIGILL: [libjvm.so+0x8b8f80], sa_mask[0]=11111111011111111101111111111110, sa_flags=SA_RESTART|SA_SIGINFO
SIGUSR1: SIG_DFL, sa_mask[0]=00000000000000000000000000000000, sa_flags=none
SIGUSR2: [libjvm.so+0x8b8e30], sa_mask[0]=00000000000000000000000000000000, sa_flags=SA_RESTART|SA_SIGINFO
SIGHUP: [libjvm.so+0x8b9300], sa_mask[0]=11111111011111111101111111111110, sa_flags=SA_RESTART|SA_SIGINFO
SIGINT: [libjvm.so+0x8b9300], sa_mask[0]=11111111011111111101111111111110, sa_flags=SA_RESTART|SA_SIGINFO
SIGTERM: [libjvm.so+0x8b9300], sa_mask[0]=11111111011111111101111111111110, sa_flags=SA_RESTART|SA_SIGINFO
SIGQUIT: [libjvm.so+0x8b9300], sa_mask[0]=11111111011111111101111111111110, sa_flags=SA_RESTART|SA_SIGINFO


---------------  S Y S T E M  ---------------

OS:DISTRIB_ID=Ubuntu
DISTRIB_RELEASE=16.04
DISTRIB_CODENAME=xenial
DISTRIB_DESCRIPTION="Ubuntu 16.04.5 LTS"

uname:Linux 4.15.0-33-generic #36~16.04.1-Ubuntu SMP Wed Aug 15 17:21:05 UTC 2018 x86_64
libc:glibc 2.23 NPTL 2.23 
rlimit: STACK 8192k, CORE 0k, NPROC 7646, NOFILE 1048576, AS infinity
load average:3.30 1.58 0.71

/proc/meminfo:
MemTotal:        3065896 kB
MemFree:           23284 kB
MemAvailable:      31012 kB
Buffers:             612 kB
Cached:            45588 kB
SwapCached:         2712 kB
Active:          2245184 kB
Inactive:         571748 kB
Active(anon):    2235208 kB
Inactive(anon):   560268 kB
Active(file):       9976 kB
Inactive(file):    11480 kB
Unevictable:          64 kB
Mlocked:              64 kB
SwapTotal:        998396 kB
SwapFree:              0 kB
Dirty:               236 kB
Writeback:             0 kB
AnonPages:       2768280 kB
Mapped:            35012 kB
Shmem:             24564 kB
Slab:              89236 kB
SReclaimable:      35472 kB
SUnreclaim:        53764 kB
KernelStack:       14352 kB
PageTables:        37308 kB
NFS_Unstable:          0 kB
Bounce:                0 kB
WritebackTmp:          0 kB
CommitLimit:     2531344 kB
Committed_AS:    7489856 kB
VmallocTotal:   34359738367 kB
VmallocUsed:           0 kB
VmallocChunk:          0 kB
HardwareCorrupted:     0 kB
AnonHugePages:         0 kB
ShmemHugePages:        0 kB
ShmemPmdMapped:        0 kB
CmaTotal:              0 kB
CmaFree:               0 kB
HugePages_Total:       0
HugePages_Free:        0
HugePages_Rsvd:        0
HugePages_Surp:        0
Hugepagesize:       2048 kB
DirectMap4k:      278400 kB
DirectMap2M:     2867200 kB
DirectMap1G:           0 kB


CPU:total 2 (initial active 2) (1 cores per cpu, 1 threads per core) family 6 model 78 stepping 3, cmov, cx8, fxsr, mmx, sse, sse2, sse3, ssse3, sse4.1, sse4.2, popcnt, avx, avx2, aes, clmul, erms, 3dnowpref, lzcnt, tsc, tscinvbit, bmi1, bmi2, adx

/proc/cpuinfo:
processor	: 0
vendor_id	: GenuineIntel
cpu family	: 6
model		: 78
model name	: Intel(R) Core(TM) i7-6500U CPU @ 2.50GHz
stepping	: 3
microcode	: 0xba
cpu MHz		: 2592.004
cache size	: 4096 KB
physical id	: 0
siblings	: 1
core id		: 0
cpu cores	: 1
apicid		: 0
initial apicid	: 0
fpu		: yes
fpu_exception	: yes
cpuid level	: 22
wp		: yes
flags		: fpu vme de pse tsc msr pae mce cx8 apic sep mtrr pge mca cmov pat pse36 clflush dts mmx fxsr sse sse2 ss syscall nx pdpe1gb rdtscp lm constant_tsc arch_perfmon pebs bts nopl xtopology tsc_reliable nonstop_tsc cpuid aperfmperf pni pclmulqdq ssse3 fma cx16 pcid sse4_1 sse4_2 x2apic movbe popcnt tsc_deadline_timer aes xsave avx f16c rdrand hypervisor lahf_lm abm 3dnowprefetch cpuid_fault epb invpcid_single pti fsgsbase tsc_adjust bmi1 avx2 smep bmi2 invpcid rdseed adx smap xsaveopt dtherm ida arat pln pts hwp hwp_notify hwp_act_window hwp_epp
bugs		: cpu_meltdown spectre_v1 spectre_v2 spec_store_bypass l1tf
bogomips	: 5184.00
clflush size	: 64
cache_alignment	: 64
address sizes	: 42 bits physical, 48 bits virtual
power management:

processor	: 1
vendor_id	: GenuineIntel
cpu family	: 6
model		: 78
model name	: Intel(R) Core(TM) i7-6500U CPU @ 2.50GHz
stepping	: 3
microcode	: 0xba
cpu MHz		: 2592.004
cache size	: 4096 KB
physical id	: 2
siblings	: 1
core id		: 0
cpu cores	: 1
apicid		: 2
initial apicid	: 2
fpu		: yes
fpu_exception	: yes
cpuid level	: 22
wp		: yes
flags		: fpu vme de pse tsc msr pae mce cx8 apic sep mtrr pge mca cmov pat pse36 clflush dts mmx fxsr sse sse2 ss syscall nx pdpe1gb rdtscp lm constant_tsc arch_perfmon pebs bts nopl xtopology tsc_reliable nonstop_tsc cpuid aperfmperf pni pclmulqdq ssse3 fma cx16 pcid sse4_1 sse4_2 x2apic movbe popcnt tsc_deadline_timer aes xsave avx f16c rdrand hypervisor lahf_lm abm 3dnowprefetch cpuid_fault epb invpcid_single pti fsgsbase tsc_adjust bmi1 avx2 smep bmi2 invpcid rdseed adx smap xsaveopt dtherm ida arat pln pts hwp hwp_notify hwp_act_window hwp_epp
bugs		: cpu_meltdown spectre_v1 spectre_v2 spec_store_bypass l1tf
bogomips	: 5184.00
clflush size	: 64
cache_alignment	: 64
address sizes	: 42 bits physical, 48 bits virtual
power management:



Memory: 4k page, physical 3065896k(22120k free), swap 998396k(0k free)

vm_info: OpenJDK 64-Bit Server VM (25.181-b13) for linux-amd64 JRE (1.8.0_181-8u181-b13-1ubuntu0.16.04.1-b13), built on Oct 23 2018 04:39:49 by "buildd" with gcc 5.4.0 20160609

time: Sun Dec  2 20:45:32 2018
elapsed time: 4 seconds (0d 0h 0m 4s)

