#
# There is insufficient memory for the Java Runtime Environment to continue.
# Native memory allocation (mmap) failed to map 54525952 bytes for committing reserved memory.
# Possible reasons:
#   The system is out of physical RAM or swap space
#   In 32 bit mode, the process size limit was hit
# Possible solutions:
#   Reduce memory load on the system
#   Increase physical memory or swap space
#   Check if swap backing store is full
#   Use 64 bit Java on a 64 bit OS
#   Decrease Java heap size (-Xmx/-Xms)
#   Decrease number of Java threads
#   Decrease Java thread stack sizes (-Xss)
#   Set larger code cache with -XX:ReservedCodeCacheSize=
# This output file may be truncated or incomplete.
#
#  Out of Memory Error (os_linux.cpp:2643), pid=125937, tid=0x00007f2129c8b700
#
# JRE version: OpenJDK Runtime Environment (8.0_181-b13) (build 1.8.0_181-8u181-b13-1ubuntu0.16.04.1-b13)
# Java VM: OpenJDK 64-Bit Server VM (25.181-b13 mixed mode linux-amd64 compressed oops)
# Failed to write core dump. Core dumps have been disabled. To enable core dumping, try "ulimit -c unlimited" before starting Java again
#

---------------  T H R E A D  ---------------

Current thread (0x00007f21400fb800):  VMThread [stack: 0x00007f2129b8b000,0x00007f2129c8c000] [id=125941]

Stack: [0x00007f2129b8b000,0x00007f2129c8c000],  sp=0x00007f2129c8a4a0,  free space=1021k
Native frames: (J=compiled Java code, j=interpreted, Vv=VM code, C=native code)
V  [libjvm.so+0xa70f1b]
V  [libjvm.so+0x4c893c]
V  [libjvm.so+0x8bda48]
V  [libjvm.so+0x8b7dde]
V  [libjvm.so+0x933246]
V  [libjvm.so+0x934573]
V  [libjvm.so+0x930c3b]
V  [libjvm.so+0x929a69]
V  [libjvm.so+0x44c943]
V  [libjvm.so+0xa724a9]
V  [libjvm.so+0xa77d67]
V  [libjvm.so+0xa75467]
V  [libjvm.so+0xa768ef]
V  [libjvm.so+0xa76de1]
V  [libjvm.so+0x8bae52]

VM_Operation (0x00007f21478834c0): CollectForMetadataAllocation, mode: safepoint, requested by thread 0x00007f214000a800


---------------  P R O C E S S  ---------------

Java Threads: ( => current thread )
  0x00007f214036b000 JavaThread "pool-2-thread-6" daemon [_thread_blocked, id=125961, stack(0x00007f21280a6000,0x00007f21281a7000)]
  0x00007f2140369800 JavaThread "pool-2-thread-5" daemon [_thread_blocked, id=125960, stack(0x00007f21281a7000,0x00007f21282a8000)]
  0x00007f2140368000 JavaThread "pool-2-thread-4" daemon [_thread_blocked, id=125959, stack(0x00007f21282a8000,0x00007f21283a9000)]
  0x00007f2140366800 JavaThread "pool-2-thread-3" daemon [_thread_blocked, id=125958, stack(0x00007f21283a9000,0x00007f21284aa000)]
  0x00007f2140365800 JavaThread "pool-2-thread-2" daemon [_thread_blocked, id=125957, stack(0x00007f21284aa000,0x00007f21285ab000)]
  0x00007f2140364800 JavaThread "pool-2-thread-1" daemon [_thread_blocked, id=125956, stack(0x00007f21286ac000,0x00007f21287ad000)]
  0x00007f2140338800 JavaThread "process reaper" daemon [_thread_blocked, id=125951, stack(0x00007f2130059000,0x00007f2130092000)]
  0x00007f2140141800 JavaThread "Service Thread" daemon [_thread_blocked, id=125947, stack(0x00007f2128b5d000,0x00007f2128c5e000)]
  0x00007f214013e800 JavaThread "C1 CompilerThread1" daemon [_thread_blocked, id=125946, stack(0x00007f2128c5e000,0x00007f2128d5f000)]
  0x00007f214013b800 JavaThread "C2 CompilerThread0" daemon [_thread_blocked, id=125945, stack(0x00007f2128d5f000,0x00007f2128e60000)]
  0x00007f214013a000 JavaThread "Signal Dispatcher" daemon [_thread_blocked, id=125944, stack(0x00007f2128e60000,0x00007f2128f61000)]
  0x00007f2140107800 JavaThread "Finalizer" daemon [_thread_blocked, id=125943, stack(0x00007f2129989000,0x00007f2129a8a000)]
  0x00007f2140105000 JavaThread "Reference Handler" daemon [_thread_blocked, id=125942, stack(0x00007f2129a8a000,0x00007f2129b8b000)]
  0x00007f214000a800 JavaThread "main" [_thread_blocked, id=125938, stack(0x00007f2147786000,0x00007f2147887000)]

Other Threads:
=>0x00007f21400fb800 VMThread [stack: 0x00007f2129b8b000,0x00007f2129c8c000] [id=125941]
  0x00007f2140144000 WatcherThread [stack: 0x00007f2128a5c000,0x00007f2128b5d000] [id=125948]

VM state:at safepoint (normal execution)

VM Mutex/Monitor currently owned by a thread:  ([mutex/lock_event])
[0x00007f2140006f80] Threads_lock - owner thread: 0x00007f21400fb800
[0x00007f2140007480] Heap_lock - owner thread: 0x00007f214000a800

Heap:
 PSYoungGen      total 53248K, used 4093K [0x00000000f0600000, 0x00000000f3e00000, 0x0000000100000000)
  eden space 49152K, 0% used [0x00000000f0600000,0x00000000f0600000,0x00000000f3600000)
  from space 4096K, 99% used [0x00000000f3600000,0x00000000f39ff698,0x00000000f3a00000)
  to   space 4096K, 0% used [0x00000000f3a00000,0x00000000f3a00000,0x00000000f3e00000)
 ParOldGen       total 32768K, used 7466K [0x00000000d1200000, 0x00000000d3200000, 0x00000000f0600000)
  object space 32768K, 22% used [0x00000000d1200000,0x00000000d194aae0,0x00000000d3200000)
 Metaspace       used 20773K, capacity 21134K, committed 21248K, reserved 1067008K
  class space    used 3414K, capacity 3545K, committed 3584K, reserved 1048576K

Card table byte_map: [0x00007f214407f000,0x00007f21441f7000] byte_map_base: 0x00007f21439f6000

Marking Bits: (ParMarkBitMap*) 0x00007f2146a563a0
 Begin Bits: [0x00007f212a890000, 0x00007f212b448000)
 End Bits:   [0x00007f212b448000, 0x00007f212c000000)

Polling page: 0x00007f21478aa000

CodeCache: size=245760Kb used=6282Kb max_used=6282Kb free=239477Kb
 bounds [0x00007f2131000000, 0x00007f2131630000, 0x00007f2140000000]
 total_blobs=2786 nmethods=2389 adapters=311
 compilation: enabled

Compilation events (10 events):
Event: 4.396 Thread 0x00007f214013b800 2395       4       java.security.CodeSource::getCertificates (98 bytes)
Event: 4.396 Thread 0x00007f214013b800 nmethod 2395 0x00007f2131616ed0 code [0x00007f2131617020, 0x00007f21316170b8]
Event: 4.408 Thread 0x00007f214013b800 2396       4       java.util.jar.JarFile::maybeInstantiateVerifier (96 bytes)
Event: 4.410 Thread 0x00007f214013e800 2397       3       java.lang.String::lastIndexOf (25 bytes)
Event: 4.411 Thread 0x00007f214013e800 nmethod 2397 0x00007f21316221d0 code [0x00007f2131622340, 0x00007f21316224e8]
Event: 4.411 Thread 0x00007f214013e800 2398       3       java.lang.String::lastIndexOf (11 bytes)
Event: 4.411 Thread 0x00007f214013e800 nmethod 2398 0x00007f2131621c90 code [0x00007f2131621e00, 0x00007f2131622088]
Event: 4.416 Thread 0x00007f214013b800 nmethod 2396 0x00007f213161fdd0 code [0x00007f213161ff80, 0x00007f2131620418]
Event: 4.482 Thread 0x00007f214013e800 2400       3       sun.misc.ASCIICaseInsensitiveComparator::compare (126 bytes)
Event: 4.483 Thread 0x00007f214013e800 nmethod 2400 0x00007f2131625110 code [0x00007f2131625320, 0x00007f2131625f18]

GC Heap History (10 events):
Event: 1.324 GC heap after
Heap after GC invocations=2 (full 0):
 PSYoungGen      total 14336K, used 2016K [0x00000000f0600000, 0x00000000f2200000, 0x0000000100000000)
  eden space 12288K, 0% used [0x00000000f0600000,0x00000000f0600000,0x00000000f1200000)
  from space 2048K, 98% used [0x00000000f1400000,0x00000000f15f8020,0x00000000f1600000)
  to   space 2048K, 0% used [0x00000000f1200000,0x00000000f1200000,0x00000000f1400000)
 ParOldGen       total 32768K, used 1484K [0x00000000d1200000, 0x00000000d3200000, 0x00000000f0600000)
  object space 32768K, 4% used [0x00000000d1200000,0x00000000d13731b0,0x00000000d3200000)
 Metaspace       used 9763K, capacity 9982K, committed 10240K, reserved 1058816K
  class space    used 1640K, capacity 1703K, committed 1792K, reserved 1048576K
}
Event: 1.832 GC heap before
{Heap before GC invocations=3 (full 0):
 PSYoungGen      total 14336K, used 14304K [0x00000000f0600000, 0x00000000f2200000, 0x0000000100000000)
  eden space 12288K, 100% used [0x00000000f0600000,0x00000000f1200000,0x00000000f1200000)
  from space 2048K, 98% used [0x00000000f1400000,0x00000000f15f8020,0x00000000f1600000)
  to   space 2048K, 0% used [0x00000000f1200000,0x00000000f1200000,0x00000000f1400000)
 ParOldGen       total 32768K, used 1484K [0x00000000d1200000, 0x00000000d3200000, 0x00000000f0600000)
  object space 32768K, 4% used [0x00000000d1200000,0x00000000d13731b0,0x00000000d3200000)
 Metaspace       used 13040K, capacity 13234K, committed 13312K, reserved 1060864K
  class space    used 2224K, capacity 2279K, committed 2304K, reserved 1048576K
Event: 1.841 GC heap after
Heap after GC invocations=3 (full 0):
 PSYoungGen      total 14336K, used 2031K [0x00000000f0600000, 0x00000000f2200000, 0x0000000100000000)
  eden space 12288K, 0% used [0x00000000f0600000,0x00000000f0600000,0x00000000f1200000)
  from space 2048K, 99% used [0x00000000f1200000,0x00000000f13fbcc0,0x00000000f1400000)
  to   space 2048K, 0% used [0x00000000f2000000,0x00000000f2000000,0x00000000f2200000)
 ParOldGen       total 32768K, used 3053K [0x00000000d1200000, 0x00000000d3200000, 0x00000000f0600000)
  object space 32768K, 9% used [0x00000000d1200000,0x00000000d14fb520,0x00000000d3200000)
 Metaspace       used 13040K, capacity 13234K, committed 13312K, reserved 1060864K
  class space    used 2224K, capacity 2279K, committed 2304K, reserved 1048576K
}
Event: 2.112 GC heap before
{Heap before GC invocations=4 (full 0):
 PSYoungGen      total 14336K, used 14319K [0x00000000f0600000, 0x00000000f2200000, 0x0000000100000000)
  eden space 12288K, 100% used [0x00000000f0600000,0x00000000f1200000,0x00000000f1200000)
  from space 2048K, 99% used [0x00000000f1200000,0x00000000f13fbcc0,0x00000000f1400000)
  to   space 2048K, 0% used [0x00000000f2000000,0x00000000f2000000,0x00000000f2200000)
 ParOldGen       total 32768K, used 3053K [0x00000000d1200000, 0x00000000d3200000, 0x00000000f0600000)
  object space 32768K, 9% used [0x00000000d1200000,0x00000000d14fb520,0x00000000d3200000)
 Metaspace       used 13838K, capacity 14072K, committed 14336K, reserved 1060864K
  class space    used 2383K, capacity 2472K, committed 2560K, reserved 1048576K
Event: 2.131 GC heap after
Heap after GC invocations=4 (full 0):
 PSYoungGen      total 26624K, used 2034K [0x00000000f0600000, 0x00000000f2200000, 0x0000000100000000)
  eden space 24576K, 0% used [0x00000000f0600000,0x00000000f0600000,0x00000000f1e00000)
  from space 2048K, 99% used [0x00000000f2000000,0x00000000f21fc8f0,0x00000000f2200000)
  to   space 2048K, 0% used [0x00000000f1e00000,0x00000000f1e00000,0x00000000f2000000)
 ParOldGen       total 32768K, used 3674K [0x00000000d1200000, 0x00000000d3200000, 0x00000000f0600000)
  object space 32768K, 11% used [0x00000000d1200000,0x00000000d1596850,0x00000000d3200000)
 Metaspace       used 13838K, capacity 14072K, committed 14336K, reserved 1060864K
  class space    used 2383K, capacity 2472K, committed 2560K, reserved 1048576K
}
Event: 2.536 GC heap before
{Heap before GC invocations=5 (full 0):
 PSYoungGen      total 26624K, used 26610K [0x00000000f0600000, 0x00000000f2200000, 0x0000000100000000)
  eden space 24576K, 100% used [0x00000000f0600000,0x00000000f1e00000,0x00000000f1e00000)
  from space 2048K, 99% used [0x00000000f2000000,0x00000000f21fc8f0,0x00000000f2200000)
  to   space 2048K, 0% used [0x00000000f1e00000,0x00000000f1e00000,0x00000000f2000000)
 ParOldGen       total 32768K, used 3674K [0x00000000d1200000, 0x00000000d3200000, 0x00000000f0600000)
  object space 32768K, 11% used [0x00000000d1200000,0x00000000d1596850,0x00000000d3200000)
 Metaspace       used 14362K, capacity 14590K, committed 14848K, reserved 1060864K
  class space    used 2438K, capacity 2537K, committed 2560K, reserved 1048576K
Event: 2.546 GC heap after
Heap after GC invocations=5 (full 0):
 PSYoungGen      total 26624K, used 2047K [0x00000000f0600000, 0x00000000f3e00000, 0x0000000100000000)
  eden space 24576K, 0% used [0x00000000f0600000,0x00000000f0600000,0x00000000f1e00000)
  from space 2048K, 99% used [0x00000000f1e00000,0x00000000f1fffcd0,0x00000000f2000000)
  to   space 4096K, 0% used [0x00000000f3a00000,0x00000000f3a00000,0x00000000f3e00000)
 ParOldGen       total 32768K, used 4122K [0x00000000d1200000, 0x00000000d3200000, 0x00000000f0600000)
  object space 32768K, 12% used [0x00000000d1200000,0x00000000d1606850,0x00000000d3200000)
 Metaspace       used 14362K, capacity 14590K, committed 14848K, reserved 1060864K
  class space    used 2438K, capacity 2537K, committed 2560K, reserved 1048576K
}
Event: 3.906 GC heap before
{Heap before GC invocations=6 (full 0):
 PSYoungGen      total 26624K, used 26623K [0x00000000f0600000, 0x00000000f3e00000, 0x0000000100000000)
  eden space 24576K, 100% used [0x00000000f0600000,0x00000000f1e00000,0x00000000f1e00000)
  from space 2048K, 99% used [0x00000000f1e00000,0x00000000f1fffcd0,0x00000000f2000000)
  to   space 4096K, 0% used [0x00000000f3a00000,0x00000000f3a00000,0x00000000f3e00000)
 ParOldGen       total 32768K, used 4122K [0x00000000d1200000, 0x00000000d3200000, 0x00000000f0600000)
  object space 32768K, 12% used [0x00000000d1200000,0x00000000d1606850,0x00000000d3200000)
 Metaspace       used 15172K, capacity 15534K, committed 15744K, reserved 1062912K
  class space    used 2549K, capacity 2681K, committed 2688K, reserved 1048576K
Event: 3.913 GC heap after
Heap after GC invocations=6 (full 0):
 PSYoungGen      total 53248K, used 3020K [0x00000000f0600000, 0x00000000f3e00000, 0x0000000100000000)
  eden space 49152K, 0% used [0x00000000f0600000,0x00000000f0600000,0x00000000f3600000)
  from space 4096K, 73% used [0x00000000f3a00000,0x00000000f3cf31e8,0x00000000f3e00000)
  to   space 4096K, 0% used [0x00000000f3600000,0x00000000f3600000,0x00000000f3a00000)
 ParOldGen       total 32768K, used 4122K [0x00000000d1200000, 0x00000000d3200000, 0x00000000f0600000)
  object space 32768K, 12% used [0x00000000d1200000,0x00000000d1606850,0x00000000d3200000)
 Metaspace       used 15172K, capacity 15534K, committed 15744K, reserved 1062912K
  class space    used 2549K, capacity 2681K, committed 2688K, reserved 1048576K
}
Event: 4.491 GC heap before
{Heap before GC invocations=7 (full 0):
 PSYoungGen      total 53248K, used 36755K [0x00000000f0600000, 0x00000000f3e00000, 0x0000000100000000)
  eden space 49152K, 68% used [0x00000000f0600000,0x00000000f26f1c08,0x00000000f3600000)
  from space 4096K, 73% used [0x00000000f3a00000,0x00000000f3cf31e8,0x00000000f3e00000)
  to   space 4096K, 0% used [0x00000000f3600000,0x00000000f3600000,0x00000000f3a00000)
 ParOldGen       total 32768K, used 4122K [0x00000000d1200000, 0x00000000d3200000, 0x00000000f0600000)
  object space 32768K, 12% used [0x00000000d1200000,0x00000000d1606850,0x00000000d3200000)
 Metaspace       used 20773K, capacity 21134K, committed 21248K, reserved 1067008K
  class space    used 3414K, capacity 3545K, committed 3584K, reserved 1048576K

Deoptimization events (10 events):
Event: 3.831 Thread 0x00007f214000a800 Uncommon trap: reason=unstable_if action=reinterpret pc=0x00007f21314d6808 method=java.util.jar.JarFile.getManEntry()Ljava/util/jar/JarEntry; @ 4
Event: 3.843 Thread 0x00007f214000a800 Uncommon trap: reason=bimorphic action=maybe_recompile pc=0x00007f21315b5170 method=java.util.HashMap.putVal(ILjava/lang/Object;Ljava/lang/Object;ZZ)Ljava/lang/Object; @ 152
Event: 3.845 Thread 0x00007f214000a800 Uncommon trap: reason=bimorphic action=maybe_recompile pc=0x00007f21315b5170 method=java.util.HashMap.putVal(ILjava/lang/Object;Ljava/lang/Object;ZZ)Ljava/lang/Object; @ 152
Event: 3.853 Thread 0x00007f214000a800 Uncommon trap: reason=bimorphic action=maybe_recompile pc=0x00007f21315b50e4 method=java.util.HashMap.putVal(ILjava/lang/Object;Ljava/lang/Object;ZZ)Ljava/lang/Object; @ 56
Event: 3.853 Thread 0x00007f214000a800 Uncommon trap: reason=unstable_if action=reinterpret pc=0x00007f21311e91d4 method=sun.net.www.ParseUtil.encodePath(Ljava/lang/String;Z)Ljava/lang/String; @ 116
Event: 3.993 Thread 0x00007f214000a800 Uncommon trap: reason=bimorphic action=maybe_recompile pc=0x00007f21315b50e4 method=java.util.HashMap.putVal(ILjava/lang/Object;Ljava/lang/Object;ZZ)Ljava/lang/Object; @ 56
Event: 4.200 Thread 0x00007f214000a800 Uncommon trap: reason=unstable_if action=reinterpret pc=0x00007f213157dbe0 method=java.lang.Integer.valueOf(I)Ljava/lang/Integer; @ 3
Event: 4.227 Thread 0x00007f214000a800 Uncommon trap: reason=unstable_if action=reinterpret pc=0x00007f213153745c method=java.lang.CharacterDataLatin1.digit(II)I @ 82
Event: 4.302 Thread 0x00007f214000a800 Uncommon trap: reason=class_check action=maybe_recompile pc=0x00007f2131578688 method=java.util.regex.Pattern$Slice.match(Ljava/util/regex/Matcher;ILjava/lang/CharSequence;)Z @ 75
Event: 4.336 Thread 0x00007f214000a800 Uncommon trap: reason=unstable_if action=reinterpret pc=0x00007f21316158a4 method=java.util.zip.ZipFile$ZipFileInputStream.read([BII)I @ 46

Classes redefined (0 events):
No events

Internal exceptions (10 events):
Event: 0.598 Thread 0x00007f214000a800 Exception <a 'java/security/PrivilegedActionException'> (0x00000000f06c2778) thrown at [/build/openjdk-8-lTwZJE/openjdk-8-8u181-b13/src/hotspot/src/share/vm/prims/jvm.cpp, line 1435]
Event: 0.598 Thread 0x00007f214000a800 Exception <a 'java/security/PrivilegedActionException'> (0x00000000f06c4800) thrown at [/build/openjdk-8-lTwZJE/openjdk-8-8u181-b13/src/hotspot/src/share/vm/prims/jvm.cpp, line 1435]
Event: 0.598 Thread 0x00007f214000a800 Exception <a 'java/security/PrivilegedActionException'> (0x00000000f06c4a10) thrown at [/build/openjdk-8-lTwZJE/openjdk-8-8u181-b13/src/hotspot/src/share/vm/prims/jvm.cpp, line 1435]
Event: 0.598 Thread 0x00007f214000a800 Exception <a 'java/security/PrivilegedActionException'> (0x00000000f06c54e8) thrown at [/build/openjdk-8-lTwZJE/openjdk-8-8u181-b13/src/hotspot/src/share/vm/prims/jvm.cpp, line 1435]
Event: 0.598 Thread 0x00007f214000a800 Exception <a 'java/security/PrivilegedActionException'> (0x00000000f06c56f8) thrown at [/build/openjdk-8-lTwZJE/openjdk-8-8u181-b13/src/hotspot/src/share/vm/prims/jvm.cpp, line 1435]
Event: 1.313 Thread 0x00007f214000a800 Exception <a 'java/lang/NoSuchFieldError': method resolution failed> (0x00000000f11fd0d0) thrown at [/build/openjdk-8-lTwZJE/openjdk-8-8u181-b13/src/hotspot/src/share/vm/prims/methodHandles.cpp, line 1167]
Event: 1.327 Thread 0x00007f214000a800 Exception <a 'java/lang/NoSuchFieldError': method resolution failed> (0x00000000f060a9f0) thrown at [/build/openjdk-8-lTwZJE/openjdk-8-8u181-b13/src/hotspot/src/share/vm/prims/methodHandles.cpp, line 1167]
Event: 1.735 Thread 0x00007f2140369800 Implicit null exception at 0x00007f21311c871b to 0x00007f21311c88d1
Event: 4.229 Thread 0x00007f214000a800 Exception <a 'java/io/FileNotFoundException'> (0x00000000f18b24f0) thrown at [/build/openjdk-8-lTwZJE/openjdk-8-8u181-b13/src/hotspot/src/share/vm/prims/jni.cpp, line 709]
Event: 4.331 Thread 0x00007f214000a800 Exception <a 'java/lang/NoSuchMethodError': org.slf4j.impl.StaticMDCBinder.getSingleton()Lorg/slf4j/impl/StaticMDCBinder;> (0x00000000f20f1968) thrown at [/build/openjdk-8-lTwZJE/openjdk-8-8u181-b13/src/hotspot/src/share/vm/interpreter/linkResolver.cpp, l

Events (10 events):
Event: 4.487 loading class jupyter/kernel/protocol/StdinRequestDecodeJsons done
Event: 4.487 loading class jupyter/kernel/protocol/StdinReplyEncodeJsons
Event: 4.487 loading class jupyter/kernel/protocol/StdinReplyEncodeJsons done
Event: 4.487 loading class jupyter/kernel/protocol/CommJsonCodecs
Event: 4.487 loading class jupyter/kernel/protocol/CommJsonCodecs done
Event: 4.488 loading class jupyter/kernel/protocol/HeaderJsonCodecs
Event: 4.488 loading class jupyter/kernel/protocol/HeaderJsonCodecs done
Event: 4.488 loading class jupyter/kernel/protocol/ConnectionJsonCodecs
Event: 4.488 loading class jupyter/kernel/protocol/ConnectionJsonCodecs done
Event: 4.490 Executing VM operation: CollectForMetadataAllocation


Dynamic libraries:
00400000-00401000 r-xp 00000000 08:01 803085                             /usr/lib/jvm/java-8-openjdk-amd64/jre/bin/java
00600000-00601000 r--p 00000000 08:01 803085                             /usr/lib/jvm/java-8-openjdk-amd64/jre/bin/java
00601000-00602000 rw-p 00001000 08:01 803085                             /usr/lib/jvm/java-8-openjdk-amd64/jre/bin/java
00c22000-00c8b000 rw-p 00000000 00:00 0                                  [heap]
d1200000-d3200000 rw-p 00000000 00:00 0 
d3200000-f0600000 ---p 00000000 00:00 0 
f0600000-f3e00000 rw-p 00000000 00:00 0 
f7200000-100000000 ---p 00000000 00:00 0 
100000000-100380000 rw-p 00000000 00:00 0 
100380000-140000000 ---p 00000000 00:00 0 
7f20ecfff000-7f20f0000000 rw-p 00000000 00:00 0 
7f20f0000000-7f20f007a000 rw-p 00000000 00:00 0 
7f20f007a000-7f20f4000000 ---p 00000000 00:00 0 
7f20f6f77000-7f20f6f8e000 r-xp 00000000 08:01 803144                     /usr/lib/jvm/java-8-openjdk-amd64/jre/lib/amd64/libnet.so
7f20f6f8e000-7f20f718d000 ---p 00017000 08:01 803144                     /usr/lib/jvm/java-8-openjdk-amd64/jre/lib/amd64/libnet.so
7f20f718d000-7f20f718e000 r--p 00016000 08:01 803144                     /usr/lib/jvm/java-8-openjdk-amd64/jre/lib/amd64/libnet.so
7f20f718e000-7f20f718f000 rw-p 00017000 08:01 803144                     /usr/lib/jvm/java-8-openjdk-amd64/jre/lib/amd64/libnet.so
7f20f718f000-7f20f71a0000 r-xp 00000000 08:01 803143                     /usr/lib/jvm/java-8-openjdk-amd64/jre/lib/amd64/libnio.so
7f20f71a0000-7f20f73a0000 ---p 00011000 08:01 803143                     /usr/lib/jvm/java-8-openjdk-amd64/jre/lib/amd64/libnio.so
7f20f73a0000-7f20f73a1000 r--p 00011000 08:01 803143                     /usr/lib/jvm/java-8-openjdk-amd64/jre/lib/amd64/libnio.so
7f20f73a1000-7f20f73a2000 rw-p 00012000 08:01 803143                     /usr/lib/jvm/java-8-openjdk-amd64/jre/lib/amd64/libnio.so
7f20f73a2000-7f20f74e2000 rw-p 00000000 00:00 0 
7f20f74e2000-7f20f75a2000 ---p 00000000 00:00 0 
7f20f75a2000-7f20f77a2000 rw-p 00000000 00:00 0 
7f20f77a2000-7f20f77a5000 r--s 00011000 08:01 807203                     /home/user/.coursier/cache/v1/https/repo1.maven.org/maven2/com/lihaoyi/fastparse-utils_2.11/0.4.2/fastparse-utils_2.11-0.4.2.jar
7f20f77a5000-7f20f77a7000 r--s 0000a000 08:01 807225                     /home/user/.coursier/cache/v1/https/repo1.maven.org/maven2/com/github/alexarchambault/case-app-util_2.11/1.1.3/case-app-util_2.11-1.1.3.jar
7f20f77a7000-7f20f77ae000 r--s 00042000 08:01 807208                     /home/user/.coursier/cache/v1/https/repo1.maven.org/maven2/com/github/alexarchambault/case-app_2.11/1.1.3/case-app_2.11-1.1.3.jar
7f20f77ae000-7f20f77b9000 r--s 00069000 08:01 807253                     /home/user/.coursier/cache/v1/https/repo1.maven.org/maven2/ch/qos/logback/logback-core/1.2.1/logback-core-1.2.1.jar
7f20f77b9000-7f20f77cc000 r--s 000bb000 08:01 807205                     /home/user/.coursier/cache/v1/https/repo1.maven.org/maven2/org/jupyter-scala/kernel_2.11/0.4.1/kernel_2.11-0.4.1.jar
7f20f77cc000-7f20f77ef000 r--s 00155000 08:01 807348                     /home/user/.coursier/cache/v1/https/repo1.maven.org/maven2/org/scalaz/stream/scalaz-stream_2.11/0.8.6a/scalaz-stream_2.11-0.8.6a.jar
7f20f77ef000-7f20f781f000 r--s 001c7000 08:01 807281                     /home/user/.coursier/cache/v1/https/repo1.maven.org/maven2/io/argonaut/argonaut_2.11/6.2/argonaut_2.11-6.2.jar
7f20f781f000-7f20f78f1000 r--s 00a6f000 08:01 807285                     /home/user/.coursier/cache/v1/https/repo1.maven.org/maven2/org/scalaz/scalaz-core_2.11/7.2.8/scalaz-core_2.11-7.2.8.jar
7f20f78f1000-7f20f79fe000 r--s 00dd4000 08:01 807246                     /home/user/.coursier/cache/v1/https/repo1.maven.org/maven2/org/scala-lang/scala-compiler/2.11.11/scala-compiler-2.11.11.jar
7f20f79fe000-7f20f7a01000 ---p 00000000 00:00 0 
7f20f7a01000-7f20f7aff000 rw-p 00000000 00:00 0 
7f20f7aff000-7f20f7b02000 ---p 00000000 00:00 0 
7f20f7b02000-7f20f7e00000 rw-p 00000000 00:00 0 
7f20f7e00000-7f20f8000000 rw-p 00000000 00:00 0 
7f20f8000000-7f20f8076000 rw-p 00000000 00:00 0 
7f20f8076000-7f20fc000000 ---p 00000000 00:00 0 
7f20fc000000-7f20fc086000 rw-p 00000000 00:00 0 
7f20fc086000-7f2100000000 ---p 00000000 00:00 0 
7f2100000000-7f2100021000 rw-p 00000000 00:00 0 
7f2100021000-7f2104000000 ---p 00000000 00:00 0 
7f2104000000-7f2104021000 rw-p 00000000 00:00 0 
7f2104021000-7f2108000000 ---p 00000000 00:00 0 
7f2108000000-7f210953f000 rw-p 00000000 00:00 0 
7f210953f000-7f210c000000 ---p 00000000 00:00 0 
7f210c000000-7f210c021000 rw-p 00000000 00:00 0 
7f210c021000-7f2110000000 ---p 00000000 00:00 0 
7f2110000000-7f2110021000 rw-p 00000000 00:00 0 
7f2110021000-7f2114000000 ---p 00000000 00:00 0 
7f2114000000-7f211553a000 rw-p 00000000 00:00 0 
7f211553a000-7f2118000000 ---p 00000000 00:00 0 
7f2118000000-7f2118021000 rw-p 00000000 00:00 0 
7f2118021000-7f211c000000 ---p 00000000 00:00 0 
7f211c000000-7f211c021000 rw-p 00000000 00:00 0 
7f211c021000-7f2120000000 ---p 00000000 00:00 0 
7f2120000000-7f2120021000 rw-p 00000000 00:00 0 
7f2120021000-7f2124000000 ---p 00000000 00:00 0 
7f2124000000-7f212402a000 rw-p 00000000 00:00 0 
7f212402a000-7f2128000000 ---p 00000000 00:00 0 
7f2128000000-7f2128001000 r--s 00006000 08:01 807207                     /home/user/.coursier/cache/v1/https/repo1.maven.org/maven2/com/github/alexarchambault/case-app-annotations_2.11/1.1.3/case-app-annotations_2.11-1.1.3.jar
7f2128001000-7f2128002000 r--s 00000000 08:01 807233                     /home/user/.coursier/cache/v1/https/repo1.maven.org/maven2/org/typelevel/macro-compat_2.11/1.1.1/macro-compat_2.11-1.1.1.jar
7f2128002000-7f2128007000 r--s 00039000 08:01 807259                     /home/user/.coursier/cache/v1/https/repo1.maven.org/maven2/org/zeromq/jeromq/0.3.6/jeromq-0.3.6.jar
7f2128007000-7f2128009000 r--s 00009000 08:01 807266                     /home/user/.coursier/cache/v1/https/repo1.maven.org/maven2/org/slf4j/slf4j-api/1.7.22/slf4j-api-1.7.22.jar
7f2128009000-7f212800f000 r--s 00046000 08:01 807275                     /home/user/.coursier/cache/v1/https/repo1.maven.org/maven2/ch/qos/logback/logback-classic/1.2.1/logback-classic-1.2.1.jar
7f212800f000-7f2128010000 r--s 00008000 08:01 807293                     /home/user/.coursier/cache/v1/https/repo1.maven.org/maven2/com/typesafe/scala-logging/scala-logging_2.11/3.5.0/scala-logging_2.11-3.5.0.jar
7f2128010000-7f2128015000 r--s 00044000 08:01 807300                     /home/user/.coursier/cache/v1/https/repo1.maven.org/maven2/org/scodec/scodec-bits_2.11/1.1.2/scodec-bits_2.11-1.1.2.jar
7f2128015000-7f2128018000 r--s 00016000 08:01 807311                     /home/user/.coursier/cache/v1/https/repo1.maven.org/maven2/org/jupyter-scala/scala-kernel_2.11.11/0.4.2/scala-kernel_2.11.11-0.4.2.jar
7f2128018000-7f2128022000 r--s 00069000 08:01 807307                     /home/user/.coursier/cache/v1/https/repo1.maven.org/maven2/com/lihaoyi/scalaparse_2.11/0.4.2/scalaparse_2.11-0.4.2.jar
7f2128022000-7f2128028000 r--s 0004d000 08:01 807344                     /home/user/.coursier/cache/v1/https/repo1.maven.org/maven2/com/lihaoyi/fastparse_2.11/0.4.2/fastparse_2.11-0.4.2.jar
7f2128028000-7f212802c000 r--s 0001b000 08:01 807362                     /home/user/.coursier/cache/v1/https/repo1.maven.org/maven2/com/github/alexarchambault/argonaut-shapeless_6.2_2.11/1.2.0-M5/argonaut-shapeless_6.2_2.11-1.2.0-M5.jar
7f212802c000-7f2128036000 r--s 00074000 08:01 807377                     /home/user/.coursier/cache/v1/https/repo1.maven.org/maven2/org/jupyter-scala/ammonite-compiler_2.11.11/0.8.3-1/ammonite-compiler_2.11.11-0.8.3-1.jar
7f2128036000-7f212803a000 r--s 00029000 08:01 807324                     /home/user/.coursier/cache/v1/https/repo1.maven.org/maven2/org/jupyter-scala/kernel-protocol_2.11/0.4.1/kernel-protocol_2.11-0.4.1.jar
7f212803a000-7f2128080000 r--s 00317000 08:01 807336                     /home/user/.coursier/cache/v1/https/repo1.maven.org/maven2/com/chuusai/shapeless_2.11/2.3.2/shapeless_2.11-2.3.2.jar
7f2128080000-7f21280a6000 r--s 00196000 08:01 807280                     /home/user/.coursier/cache/v1/https/repo1.maven.org/maven2/io/get-coursier/coursier_2.11/1.0.0-RC2/coursier_2.11-1.0.0-RC2.jar
7f21280a6000-7f21280a9000 ---p 00000000 00:00 0 
7f21280a9000-7f21281a7000 rw-p 00000000 00:00 0 
7f21281a7000-7f21281aa000 ---p 00000000 00:00 0 
7f21281aa000-7f21282a8000 rw-p 00000000 00:00 0 
7f21282a8000-7f21282ab000 ---p 00000000 00:00 0 
7f21282ab000-7f21283a9000 rw-p 00000000 00:00 0 
7f21283a9000-7f21283ac000 ---p 00000000 00:00 0 
7f21283ac000-7f21284aa000 rw-p 00000000 00:00 0 
7f21284aa000-7f21284ad000 ---p 00000000 00:00 0 
7f21284ad000-7f21285ab000 rw-p 00000000 00:00 0 
7f21285ab000-7f21285ae000 ---p 00000000 00:00 0 
7f21285ae000-7f21286ac000 rw-p 00000000 00:00 0 
7f21286ac000-7f21286af000 ---p 00000000 00:00 0 
7f21286af000-7f21287ad000 rw-p 00000000 00:00 0 
7f21287ad000-7f21287b0000 r--s 00015000 08:01 807242                     /home/user/.coursier/cache/v1/https/repo1.maven.org/maven2/org/jupyter-scala/scala-cli_2.11.11/0.4.2/scala-cli_2.11.11-0.4.2.jar
7f21287b0000-7f21287b3000 r--s 0001a000 08:01 807269                     /home/user/.coursier/cache/v1/https/repo1.maven.org/maven2/com/lihaoyi/sourcecode_2.11/0.1.3/sourcecode_2.11-0.1.3.jar
7f21287b3000-7f21287bd000 r--s 00061000 08:01 807370                     /home/user/.coursier/cache/v1/https/repo1.maven.org/maven2/org/scalaz/scalaz-effect_2.11/7.2.8/scalaz-effect_2.11-7.2.8.jar
7f21287bd000-7f21287bf000 r--s 00016000 08:01 807235                     /home/user/.coursier/cache/v1/https/repo1.maven.org/maven2/org/jupyter-scala/ammonite-util_2.11.11/0.8.3-1/ammonite-util_2.11.11-0.8.3-1.jar
7f21287bf000-7f21287c3000 r--s 00023000 08:01 807360                     /home/user/.coursier/cache/v1/https/repo1.maven.org/maven2/org/scalaj/scalaj-http_2.11/2.3.0/scalaj-http_2.11-2.3.0.jar
7f21287c3000-7f21287c5000 r--s 0000f000 08:01 807314                     /home/user/.coursier/cache/v1/https/repo1.maven.org/maven2/com/lihaoyi/derive_2.11/0.4.4/derive_2.11-0.4.4.jar
7f21287c5000-7f21287c7000 r--s 00012000 08:01 807339                     /home/user/.coursier/cache/v1/https/repo1.maven.org/maven2/com/lihaoyi/fansi_2.11/0.2.3/fansi_2.11-0.2.3.jar
7f21287c7000-7f21287d2000 r--s 0005d000 08:01 807365                     /home/user/.coursier/cache/v1/https/repo1.maven.org/maven2/org/scala-lang/modules/scala-parser-combinators_2.11/1.0.4/scala-parser-combinators_2.11-1.0.4.jar
7f21287d2000-7f21287d3000 r--s 00001000 08:01 807355                     /home/user/.coursier/cache/v1/https/repo1.maven.org/maven2/org/jupyter-scala/scala-api_2.11.11/0.4.2/scala-api_2.11.11-0.4.2.jar
7f21287d3000-7f21287d8000 r--s 00047000 08:01 807328                     /home/user/.coursier/cache/v1/https/repo1.maven.org/maven2/org/jupyter-scala/ammonite-ops_2.11/0.8.3-1/ammonite-ops_2.11-0.8.3-1.jar
7f21287d8000-7f21287e0000 r--s 0004b000 08:01 807374                     /home/user/.coursier/cache/v1/https/repo1.maven.org/maven2/io/get-coursier/coursier-cache_2.11/1.0.0-RC2/coursier-cache_2.11-1.0.0-RC2.jar
7f21287e0000-7f21287e5000 r--s 00048000 08:01 807334                     /home/user/.coursier/cache/v1/https/repo1.maven.org/maven2/com/lihaoyi/pprint_2.11/0.4.4/pprint_2.11-0.4.4.jar
7f21287e5000-7f21287ef000 r--s 0009a000 08:01 807217                     /home/user/.coursier/cache/v1/https/repo1.maven.org/maven2/org/scala-lang/modules/scala-xml_2.11/1.0.6/scala-xml_2.11-1.0.6.jar
7f21287ef000-7f21287fa000 r--s 00074000 08:01 807252                     /home/user/.coursier/cache/v1/https/repo1.maven.org/maven2/org/jupyter-scala/ammonite-runtime_2.11.11/0.8.3-1/ammonite-runtime_2.11.11-0.8.3-1.jar
7f21287fa000-7f2128802000 r--s 0004c000 08:01 807222                     /home/user/.coursier/cache/v1/https/repo1.maven.org/maven2/org/scalaz/scalaz-concurrent_2.11/7.2.8/scalaz-concurrent_2.11-7.2.8.jar
7f2128802000-7f2128804000 r--s 00013000 08:01 807296                     /home/user/.coursier/cache/v1/https/repo1.maven.org/maven2/org/spire-math/jawn-parser_2.11/0.10.3/jawn-parser_2.11-0.10.3.jar
7f2128804000-7f212880a000 r--s 0005c000 08:01 807218                     /home/user/.coursier/cache/v1/https/repo1.maven.org/maven2/com/lihaoyi/upickle_2.11/0.4.4/upickle_2.11-0.4.4.jar
7f212880a000-7f2128856000 r--s 00418000 08:01 807351                     /home/user/.coursier/cache/v1/https/repo1.maven.org/maven2/org/scala-lang/scala-reflect/2.11.11/scala-reflect-2.11.11.jar
7f2128856000-7f212885c000 r--s 00050000 08:01 807318                     /home/user/.coursier/cache/v1/https/repo1.maven.org/maven2/org/jsoup/jsoup/1.10.2/jsoup-1.10.2.jar
7f212885c000-7f2128a5c000 rw-p 00000000 00:00 0 
7f2128a5c000-7f2128a5d000 ---p 00000000 00:00 0 
7f2128a5d000-7f2128b5d000 rw-p 00000000 00:00 0 
7f2128b5d000-7f2128b60000 ---p 00000000 00:00 0 
7f2128b60000-7f2128c5e000 rw-p 00000000 00:00 0 
7f2128c5e000-7f2128c61000 ---p 00000000 00:00 0 
7f2128c61000-7f2128d5f000 rw-p 00000000 00:00 0 
7f2128d5f000-7f2128d62000 ---p 00000000 00:00 0 
7f2128d62000-7f2128e60000 rw-p 00000000 00:00 0 
7f2128e60000-7f2128e63000 ---p 00000000 00:00 0 
7f2128e63000-7f2128f61000 rw-p 00000000 00:00 0 
7f2128f61000-7f2129989000 r--p 00000000 08:01 2105158                    /usr/lib/locale/locale-archive
7f2129989000-7f212998c000 ---p 00000000 00:00 0 
7f212998c000-7f2129a8a000 rw-p 00000000 00:00 0 
7f2129a8a000-7f2129a8d000 ---p 00000000 00:00 0 
7f2129a8d000-7f2129b8b000 rw-p 00000000 00:00 0 
7f2129b8b000-7f2129b8c000 ---p 00000000 00:00 0 
7f2129b8c000-7f212c000000 rw-p 00000000 00:00 0 
7f212c000000-7f212c021000 rw-p 00000000 00:00 0 
7f212c021000-7f2130000000 ---p 00000000 00:00 0 
7f2130000000-7f2130059000 r--s 00523000 08:01 807237                     /home/user/.coursier/cache/v1/https/repo1.maven.org/maven2/org/scala-lang/scala-library/2.11.11/scala-library-2.11.11.jar
7f2130059000-7f213005c000 ---p 00000000 00:00 0 
7f213005c000-7f2130092000 rw-p 00000000 00:00 0 
7f2130092000-7f21300de000 r--s 0024b000 08:01 806309                     /home/user/.coursier/bootstrap/1.0.0-RC1/coursier-cli_2.11-1.0.0-RC1-standalone.jar
7f21300de000-7f21300f9000 r--s 00394000 08:01 803174                     /usr/lib/jvm/java-8-openjdk-amd64/jre/lib/ext/cldrdata.jar
7f21300f9000-7f21305fe000 rw-p 00000000 00:00 0 
7f21305fe000-7f21307cd000 r--s 03c33000 08:01 803184                     /usr/lib/jvm/java-8-openjdk-amd64/jre/lib/rt.jar
7f21307cd000-7f2130944000 rw-p 00000000 00:00 0 
7f2130944000-7f2130945000 ---p 00000000 00:00 0 
7f2130945000-7f2130a45000 rw-p 00000000 00:00 0 
7f2130a45000-7f2130a46000 ---p 00000000 00:00 0 
7f2130a46000-7f2130b56000 rw-p 00000000 00:00 0 
7f2130b56000-7f2130c40000 ---p 00000000 00:00 0 
7f2130c40000-7f2130c59000 rw-p 00000000 00:00 0 
7f2130c59000-7f2131000000 ---p 00000000 00:00 0 
7f2131000000-7f2131630000 rwxp 00000000 00:00 0 
7f2131630000-7f2140000000 ---p 00000000 00:00 0 
7f2140000000-7f2140978000 rw-p 00000000 00:00 0 
7f2140978000-7f2144000000 ---p 00000000 00:00 0 
7f2144000000-7f2144001000 r--s 00007000 08:01 807320                     /home/user/.coursier/cache/v1/https/repo1.maven.org/maven2/org/jupyter-scala/kernel-api_2.11/0.4.1/kernel-api_2.11-0.4.1.jar
7f2144001000-7f2144003000 r--s 0000d000 08:01 807262                     /home/user/.coursier/cache/v1/https/repo1.maven.org/maven2/com/lihaoyi/geny_2.11/0.1.1/geny_2.11-0.1.1.jar
7f2144003000-7f2144008000 r--s 0009d000 08:01 803185                     /usr/lib/jvm/java-8-openjdk-amd64/jre/lib/jsse.jar
7f2144008000-7f2144009000 r--s 00002000 08:01 807381                     /home/user/.local/share/jupyter/kernels/scala/launcher.jar
7f2144009000-7f2144024000 r--s 001d6000 08:01 803177                     /usr/lib/jvm/java-8-openjdk-amd64/jre/lib/ext/nashorn.jar
7f2144024000-7f2144025000 r--s 0000a000 08:01 803181                     /usr/lib/jvm/java-8-openjdk-amd64/jre/lib/ext/jaccess.jar
7f2144025000-7f2144027000 r--s 00008000 08:01 803178                     /usr/lib/jvm/java-8-openjdk-amd64/jre/lib/ext/sunec.jar
7f2144027000-7f2144031000 r--s 00116000 08:01 803175                     /usr/lib/jvm/java-8-openjdk-amd64/jre/lib/ext/localedata.jar
7f2144031000-7f214408f000 rw-p 00000000 00:00 0 
7f214408f000-7f2144179000 ---p 00000000 00:00 0 
7f2144179000-7f2144195000 rw-p 00000000 00:00 0 
7f2144195000-7f21441f6000 ---p 00000000 00:00 0 
7f21441f6000-7f21441f7000 rw-p 00000000 00:00 0 
7f21441f7000-7f21441ff000 r-xp 00000000 08:01 803135                     /usr/lib/jvm/java-8-openjdk-amd64/jre/lib/amd64/libzip.so
7f21441ff000-7f21443fe000 ---p 00008000 08:01 803135                     /usr/lib/jvm/java-8-openjdk-amd64/jre/lib/amd64/libzip.so
7f21443fe000-7f21443ff000 r--p 00007000 08:01 803135                     /usr/lib/jvm/java-8-openjdk-amd64/jre/lib/amd64/libzip.so
7f21443ff000-7f2144400000 rw-p 00008000 08:01 803135                     /usr/lib/jvm/java-8-openjdk-amd64/jre/lib/amd64/libzip.so
7f2144400000-7f214440b000 r-xp 00000000 08:01 2889153                    /lib/x86_64-linux-gnu/libnss_files-2.23.so
7f214440b000-7f214460a000 ---p 0000b000 08:01 2889153                    /lib/x86_64-linux-gnu/libnss_files-2.23.so
7f214460a000-7f214460b000 r--p 0000a000 08:01 2889153                    /lib/x86_64-linux-gnu/libnss_files-2.23.so
7f214460b000-7f214460c000 rw-p 0000b000 08:01 2889153                    /lib/x86_64-linux-gnu/libnss_files-2.23.so
7f214460c000-7f2144612000 rw-p 00000000 00:00 0 
7f2144612000-7f214461d000 r-xp 00000000 08:01 2889163                    /lib/x86_64-linux-gnu/libnss_nis-2.23.so
7f214461d000-7f214481c000 ---p 0000b000 08:01 2889163                    /lib/x86_64-linux-gnu/libnss_nis-2.23.so
7f214481c000-7f214481d000 r--p 0000a000 08:01 2889163                    /lib/x86_64-linux-gnu/libnss_nis-2.23.so
7f214481d000-7f214481e000 rw-p 0000b000 08:01 2889163                    /lib/x86_64-linux-gnu/libnss_nis-2.23.so
7f214481e000-7f2144834000 r-xp 00000000 08:01 2889147                    /lib/x86_64-linux-gnu/libnsl-2.23.so
7f2144834000-7f2144a33000 ---p 00016000 08:01 2889147                    /lib/x86_64-linux-gnu/libnsl-2.23.so
7f2144a33000-7f2144a34000 r--p 00015000 08:01 2889147                    /lib/x86_64-linux-gnu/libnsl-2.23.so
7f2144a34000-7f2144a35000 rw-p 00016000 08:01 2889147                    /lib/x86_64-linux-gnu/libnsl-2.23.so
7f2144a35000-7f2144a37000 rw-p 00000000 00:00 0 
7f2144a37000-7f2144a3f000 r-xp 00000000 08:01 2889149                    /lib/x86_64-linux-gnu/libnss_compat-2.23.so
7f2144a3f000-7f2144c3e000 ---p 00008000 08:01 2889149                    /lib/x86_64-linux-gnu/libnss_compat-2.23.so
7f2144c3e000-7f2144c3f000 r--p 00007000 08:01 2889149                    /lib/x86_64-linux-gnu/libnss_compat-2.23.so
7f2144c3f000-7f2144c40000 rw-p 00008000 08:01 2889149                    /lib/x86_64-linux-gnu/libnss_compat-2.23.so
7f2144c40000-7f2144c6d000 r-xp 00000000 08:01 803155                     /usr/lib/jvm/java-8-openjdk-amd64/jre/lib/amd64/libjava.so
7f2144c6d000-7f2144e6c000 ---p 0002d000 08:01 803155                     /usr/lib/jvm/java-8-openjdk-amd64/jre/lib/amd64/libjava.so
7f2144e6c000-7f2144e6d000 r--p 0002c000 08:01 803155                     /usr/lib/jvm/java-8-openjdk-amd64/jre/lib/amd64/libjava.so
7f2144e6d000-7f2144e6f000 rw-p 0002d000 08:01 803155                     /usr/lib/jvm/java-8-openjdk-amd64/jre/lib/amd64/libjava.so
7f2144e6f000-7f2144e7e000 r-xp 00000000 08:01 803127                     /usr/lib/jvm/java-8-openjdk-amd64/jre/lib/amd64/libverify.so
7f2144e7e000-7f214507d000 ---p 0000f000 08:01 803127                     /usr/lib/jvm/java-8-openjdk-amd64/jre/lib/amd64/libverify.so
7f214507d000-7f214507f000 r--p 0000e000 08:01 803127                     /usr/lib/jvm/java-8-openjdk-amd64/jre/lib/amd64/libverify.so
7f214507f000-7f2145080000 rw-p 00010000 08:01 803127                     /usr/lib/jvm/java-8-openjdk-amd64/jre/lib/amd64/libverify.so
7f2145080000-7f2145087000 r-xp 00000000 08:01 2889208                    /lib/x86_64-linux-gnu/librt-2.23.so
7f2145087000-7f2145286000 ---p 00007000 08:01 2889208                    /lib/x86_64-linux-gnu/librt-2.23.so
7f2145286000-7f2145287000 r--p 00006000 08:01 2889208                    /lib/x86_64-linux-gnu/librt-2.23.so
7f2145287000-7f2145288000 rw-p 00007000 08:01 2889208                    /lib/x86_64-linux-gnu/librt-2.23.so
7f2145288000-7f214529e000 r-xp 00000000 08:01 2889092                    /lib/x86_64-linux-gnu/libgcc_s.so.1
7f214529e000-7f214549d000 ---p 00016000 08:01 2889092                    /lib/x86_64-linux-gnu/libgcc_s.so.1
7f214549d000-7f214549e000 rw-p 00015000 08:01 2889092                    /lib/x86_64-linux-gnu/libgcc_s.so.1
7f214549e000-7f21455a6000 r-xp 00000000 08:01 2889124                    /lib/x86_64-linux-gnu/libm-2.23.so
7f21455a6000-7f21457a5000 ---p 00108000 08:01 2889124                    /lib/x86_64-linux-gnu/libm-2.23.so
7f21457a5000-7f21457a6000 r--p 00107000 08:01 2889124                    /lib/x86_64-linux-gnu/libm-2.23.so
7f21457a6000-7f21457a7000 rw-p 00108000 08:01 2889124                    /lib/x86_64-linux-gnu/libm-2.23.so
7f21457a7000-7f2145919000 r-xp 00000000 08:01 2107766                    /usr/lib/x86_64-linux-gnu/libstdc++.so.6.0.21
7f2145919000-7f2145b19000 ---p 00172000 08:01 2107766                    /usr/lib/x86_64-linux-gnu/libstdc++.so.6.0.21
7f2145b19000-7f2145b23000 r--p 00172000 08:01 2107766                    /usr/lib/x86_64-linux-gnu/libstdc++.so.6.0.21
7f2145b23000-7f2145b25000 rw-p 0017c000 08:01 2107766                    /usr/lib/x86_64-linux-gnu/libstdc++.so.6.0.21
7f2145b25000-7f2145b29000 rw-p 00000000 00:00 0 
7f2145b29000-7f2146786000 r-xp 00000000 08:01 803133                     /usr/lib/jvm/java-8-openjdk-amd64/jre/lib/amd64/server/libjvm.so
7f2146786000-7f2146986000 ---p 00c5d000 08:01 803133                     /usr/lib/jvm/java-8-openjdk-amd64/jre/lib/amd64/server/libjvm.so
7f2146986000-7f2146a1a000 r--p 00c5d000 08:01 803133                     /usr/lib/jvm/java-8-openjdk-amd64/jre/lib/amd64/server/libjvm.so
7f2146a1a000-7f2146a43000 rw-p 00cf1000 08:01 803133                     /usr/lib/jvm/java-8-openjdk-amd64/jre/lib/amd64/server/libjvm.so
7f2146a43000-7f2146a73000 rw-p 00000000 00:00 0 
7f2146a73000-7f2146a8b000 r-xp 00000000 08:01 2889200                    /lib/x86_64-linux-gnu/libpthread-2.23.so
7f2146a8b000-7f2146c8a000 ---p 00018000 08:01 2889200                    /lib/x86_64-linux-gnu/libpthread-2.23.so
7f2146c8a000-7f2146c8b000 r--p 00017000 08:01 2889200                    /lib/x86_64-linux-gnu/libpthread-2.23.so
7f2146c8b000-7f2146c8c000 rw-p 00018000 08:01 2889200                    /lib/x86_64-linux-gnu/libpthread-2.23.so
7f2146c8c000-7f2146c90000 rw-p 00000000 00:00 0 
7f2146c90000-7f2146c93000 r-xp 00000000 08:01 2889078                    /lib/x86_64-linux-gnu/libdl-2.23.so
7f2146c93000-7f2146e92000 ---p 00003000 08:01 2889078                    /lib/x86_64-linux-gnu/libdl-2.23.so
7f2146e92000-7f2146e93000 r--p 00002000 08:01 2889078                    /lib/x86_64-linux-gnu/libdl-2.23.so
7f2146e93000-7f2146e94000 rw-p 00003000 08:01 2889078                    /lib/x86_64-linux-gnu/libdl-2.23.so
7f2146e94000-7f2146ead000 r-xp 00000000 08:01 2889245                    /lib/x86_64-linux-gnu/libz.so.1.2.8
7f2146ead000-7f21470ac000 ---p 00019000 08:01 2889245                    /lib/x86_64-linux-gnu/libz.so.1.2.8
7f21470ac000-7f21470ad000 r--p 00018000 08:01 2889245                    /lib/x86_64-linux-gnu/libz.so.1.2.8
7f21470ad000-7f21470ae000 rw-p 00019000 08:01 2889245                    /lib/x86_64-linux-gnu/libz.so.1.2.8
7f21470ae000-7f214726e000 r-xp 00000000 08:01 2889054                    /lib/x86_64-linux-gnu/libc-2.23.so
7f214726e000-7f214746e000 ---p 001c0000 08:01 2889054                    /lib/x86_64-linux-gnu/libc-2.23.so
7f214746e000-7f2147472000 r--p 001c0000 08:01 2889054                    /lib/x86_64-linux-gnu/libc-2.23.so
7f2147472000-7f2147474000 rw-p 001c4000 08:01 2889054                    /lib/x86_64-linux-gnu/libc-2.23.so
7f2147474000-7f2147478000 rw-p 00000000 00:00 0 
7f2147478000-7f2147485000 r-xp 00000000 08:01 803131                     /usr/lib/jvm/java-8-openjdk-amd64/jre/lib/amd64/jli/libjli.so
7f2147485000-7f2147685000 ---p 0000d000 08:01 803131                     /usr/lib/jvm/java-8-openjdk-amd64/jre/lib/amd64/jli/libjli.so
7f2147685000-7f2147686000 r--p 0000d000 08:01 803131                     /usr/lib/jvm/java-8-openjdk-amd64/jre/lib/amd64/jli/libjli.so
7f2147686000-7f2147687000 rw-p 0000e000 08:01 803131                     /usr/lib/jvm/java-8-openjdk-amd64/jre/lib/amd64/jli/libjli.so
7f2147687000-7f21476ad000 r-xp 00000000 08:01 2889026                    /lib/x86_64-linux-gnu/ld-2.23.so
7f21476ad000-7f21476b0000 r--s 00038000 08:01 803179                     /usr/lib/jvm/java-8-openjdk-amd64/jre/lib/ext/sunpkcs11.jar
7f21476b0000-7f21476b2000 r--s 00001000 08:01 803180                     /usr/lib/jvm/java-8-openjdk-amd64/jre/lib/ext/dnsns.jar
7f21476b2000-7f21476b5000 r--s 0000f000 08:01 803176                     /usr/lib/jvm/java-8-openjdk-amd64/jre/lib/ext/icedtea-sound.jar
7f21476b5000-7f2147786000 rw-p 00000000 00:00 0 
7f2147786000-7f2147789000 ---p 00000000 00:00 0 
7f2147789000-7f214788b000 rw-p 00000000 00:00 0 
7f214788b000-7f214788c000 r--s 00010000 08:01 803182                     /usr/lib/jvm/java-8-openjdk-amd64/jre/lib/ext/zipfs.jar
7f214788c000-7f2147892000 r--s 0003b000 08:01 803183                     /usr/lib/jvm/java-8-openjdk-amd64/jre/lib/ext/sunjce_provider.jar
7f2147892000-7f21478a1000 rw-p 00000000 00:00 0 
7f21478a1000-7f21478a9000 rw-s 00000000 08:01 1836275                    /tmp/hsperfdata_user/125937
7f21478a9000-7f21478aa000 rw-p 00000000 00:00 0 
7f21478aa000-7f21478ab000 ---p 00000000 00:00 0 
7f21478ab000-7f21478ac000 rw-p 00000000 00:00 0 
7f21478ac000-7f21478ad000 r--p 00025000 08:01 2889026                    /lib/x86_64-linux-gnu/ld-2.23.so
7f21478ad000-7f21478ae000 rw-p 00026000 08:01 2889026                    /lib/x86_64-linux-gnu/ld-2.23.so
7f21478ae000-7f21478af000 rw-p 00000000 00:00 0 
7ffca7736000-7ffca7757000 rw-p 00000000 00:00 0                          [stack]
7ffca77f9000-7ffca77fc000 r--p 00000000 00:00 0                          [vvar]
7ffca77fc000-7ffca77fe000 r-xp 00000000 00:00 0                          [vdso]
ffffffffff600000-ffffffffff601000 r-xp 00000000 00:00 0                  [vsyscall]

VM Arguments:
jvm_args: -Xverify:none 
java_command: /home/user/.local/share/jupyter/kernels/scala/launcher.jar launch -r sonatype:releases -r sonatype:snapshots -i ammonite -I ammonite:org.jupyter-scala:ammonite-runtime_2.11.11:0.8.3-1 -I ammonite:org.jupyter-scala:scala-api_2.11.11:0.4.2 org.jupyter-scala:scala-cli_2.11.11:0.4.2 -- --id scala --name Scala --quiet --connection-file /run/user/1000/jupyter/kernel-dd0dea1f-73ff-49d5-a741-bdbc4b5579cd.json
java_class_path (initial): /home/user/.local/share/jupyter/kernels/scala/launcher.jar
Launcher Type: SUN_STANDARD

Environment Variables:
PATH=/home/user/anaconda3/bin:/home/user/anaconda3/bin:/home/user/bin:/home/user/.local/bin:/usr/local/sbin:/usr/local/bin:/usr/sbin:/usr/bin:/sbin:/bin:/usr/games:/usr/local/games:/snap/bin
SHELL=/bin/bash
DISPLAY=:0.0

Signal Handlers:
SIGSEGV: [libjvm.so+0xa71a70], sa_mask[0]=11111111011111111101111111111110, sa_flags=SA_RESTART|SA_SIGINFO
SIGBUS: [libjvm.so+0xa71a70], sa_mask[0]=11111111011111111101111111111110, sa_flags=SA_RESTART|SA_SIGINFO
SIGFPE: [libjvm.so+0x8b8f80], sa_mask[0]=11111111011111111101111111111110, sa_flags=SA_RESTART|SA_SIGINFO
SIGPIPE: [libjvm.so+0x8b8f80], sa_mask[0]=11111111011111111101111111111110, sa_flags=SA_RESTART|SA_SIGINFO
SIGXFSZ: [libjvm.so+0x8b8f80], sa_mask[0]=11111111011111111101111111111110, sa_flags=SA_RESTART|SA_SIGINFO
SIGILL: [libjvm.so+0x8b8f80], sa_mask[0]=11111111011111111101111111111110, sa_flags=SA_RESTART|SA_SIGINFO
SIGUSR1: SIG_DFL, sa_mask[0]=00000000000000000000000000000000, sa_flags=none
SIGUSR2: [libjvm.so+0x8b8e30], sa_mask[0]=00000000000000000000000000000000, sa_flags=SA_RESTART|SA_SIGINFO
SIGHUP: [libjvm.so+0x8b9300], sa_mask[0]=11111111011111111101111111111110, sa_flags=SA_RESTART|SA_SIGINFO
SIGINT: [libjvm.so+0x8b9300], sa_mask[0]=11111111011111111101111111111110, sa_flags=SA_RESTART|SA_SIGINFO
SIGTERM: [libjvm.so+0x8b9300], sa_mask[0]=11111111011111111101111111111110, sa_flags=SA_RESTART|SA_SIGINFO
SIGQUIT: [libjvm.so+0x8b9300], sa_mask[0]=11111111011111111101111111111110, sa_flags=SA_RESTART|SA_SIGINFO


---------------  S Y S T E M  ---------------

OS:DISTRIB_ID=Ubuntu
DISTRIB_RELEASE=16.04
DISTRIB_CODENAME=xenial
DISTRIB_DESCRIPTION="Ubuntu 16.04.5 LTS"

uname:Linux 4.15.0-33-generic #36~16.04.1-Ubuntu SMP Wed Aug 15 17:21:05 UTC 2018 x86_64
libc:glibc 2.23 NPTL 2.23 
rlimit: STACK 8192k, CORE 0k, NPROC 7646, NOFILE 1048576, AS infinity
load average:2.84 1.82 0.86

/proc/meminfo:
MemTotal:        3065896 kB
MemFree:           23728 kB
MemAvailable:      33820 kB
Buffers:             724 kB
Cached:            47836 kB
SwapCached:         2712 kB
Active:          2244244 kB
Inactive:         572660 kB
Active(anon):    2232872 kB
Inactive(anon):   560204 kB
Active(file):      11372 kB
Inactive(file):    12456 kB
Unevictable:          64 kB
Mlocked:              64 kB
SwapTotal:        998396 kB
SwapFree:              0 kB
Dirty:               112 kB
Writeback:             0 kB
AnonPages:       2765876 kB
Mapped:            34712 kB
Shmem:             24564 kB
Slab:              89348 kB
SReclaimable:      35464 kB
SUnreclaim:        53884 kB
KernelStack:       14304 kB
PageTables:        37304 kB
NFS_Unstable:          0 kB
Bounce:                0 kB
WritebackTmp:          0 kB
CommitLimit:     2531344 kB
Committed_AS:    7477976 kB
VmallocTotal:   34359738367 kB
VmallocUsed:           0 kB
VmallocChunk:          0 kB
HardwareCorrupted:     0 kB
AnonHugePages:         0 kB
ShmemHugePages:        0 kB
ShmemPmdMapped:        0 kB
CmaTotal:              0 kB
CmaFree:               0 kB
HugePages_Total:       0
HugePages_Free:        0
HugePages_Rsvd:        0
HugePages_Surp:        0
Hugepagesize:       2048 kB
DirectMap4k:      278400 kB
DirectMap2M:     2867200 kB
DirectMap1G:           0 kB


CPU:total 2 (initial active 2) (1 cores per cpu, 1 threads per core) family 6 model 78 stepping 3, cmov, cx8, fxsr, mmx, sse, sse2, sse3, ssse3, sse4.1, sse4.2, popcnt, avx, avx2, aes, clmul, erms, 3dnowpref, lzcnt, tsc, tscinvbit, bmi1, bmi2, adx

/proc/cpuinfo:
processor	: 0
vendor_id	: GenuineIntel
cpu family	: 6
model		: 78
model name	: Intel(R) Core(TM) i7-6500U CPU @ 2.50GHz
stepping	: 3
microcode	: 0xba
cpu MHz		: 2592.004
cache size	: 4096 KB
physical id	: 0
siblings	: 1
core id		: 0
cpu cores	: 1
apicid		: 0
initial apicid	: 0
fpu		: yes
fpu_exception	: yes
cpuid level	: 22
wp		: yes
flags		: fpu vme de pse tsc msr pae mce cx8 apic sep mtrr pge mca cmov pat pse36 clflush dts mmx fxsr sse sse2 ss syscall nx pdpe1gb rdtscp lm constant_tsc arch_perfmon pebs bts nopl xtopology tsc_reliable nonstop_tsc cpuid aperfmperf pni pclmulqdq ssse3 fma cx16 pcid sse4_1 sse4_2 x2apic movbe popcnt tsc_deadline_timer aes xsave avx f16c rdrand hypervisor lahf_lm abm 3dnowprefetch cpuid_fault epb invpcid_single pti fsgsbase tsc_adjust bmi1 avx2 smep bmi2 invpcid rdseed adx smap xsaveopt dtherm ida arat pln pts hwp hwp_notify hwp_act_window hwp_epp
bugs		: cpu_meltdown spectre_v1 spectre_v2 spec_store_bypass l1tf
bogomips	: 5184.00
clflush size	: 64
cache_alignment	: 64
address sizes	: 42 bits physical, 48 bits virtual
power management:

processor	: 1
vendor_id	: GenuineIntel
cpu family	: 6
model		: 78
model name	: Intel(R) Core(TM) i7-6500U CPU @ 2.50GHz
stepping	: 3
microcode	: 0xba
cpu MHz		: 2592.004
cache size	: 4096 KB
physical id	: 2
siblings	: 1
core id		: 0
cpu cores	: 1
apicid		: 2
initial apicid	: 2
fpu		: yes
fpu_exception	: yes
cpuid level	: 22
wp		: yes
flags		: fpu vme de pse tsc msr pae mce cx8 apic sep mtrr pge mca cmov pat pse36 clflush dts mmx fxsr sse sse2 ss syscall nx pdpe1gb rdtscp lm constant_tsc arch_perfmon pebs bts nopl xtopology tsc_reliable nonstop_tsc cpuid aperfmperf pni pclmulqdq ssse3 fma cx16 pcid sse4_1 sse4_2 x2apic movbe popcnt tsc_deadline_timer aes xsave avx f16c rdrand hypervisor lahf_lm abm 3dnowprefetch cpuid_fault epb invpcid_single pti fsgsbase tsc_adjust bmi1 avx2 smep bmi2 invpcid rdseed adx smap xsaveopt dtherm ida arat pln pts hwp hwp_notify hwp_act_window hwp_epp
bugs		: cpu_meltdown spectre_v1 spectre_v2 spec_store_bypass l1tf
bogomips	: 5184.00
clflush size	: 64
cache_alignment	: 64
address sizes	: 42 bits physical, 48 bits virtual
power management:



Memory: 4k page, physical 3065896k(22832k free), swap 998396k(0k free)

vm_info: OpenJDK 64-Bit Server VM (25.181-b13) for linux-amd64 JRE (1.8.0_181-8u181-b13-1ubuntu0.16.04.1-b13), built on Oct 23 2018 04:39:49 by "buildd" with gcc 5.4.0 20160609

time: Sun Dec  2 20:46:45 2018
elapsed time: 4 seconds (0d 0h 0m 4s)

