#
# There is insufficient memory for the Java Runtime Environment to continue.
# Native memory allocation (mmap) failed to map 54525952 bytes for committing reserved memory.
# Possible reasons:
#   The system is out of physical RAM or swap space
#   In 32 bit mode, the process size limit was hit
# Possible solutions:
#   Reduce memory load on the system
#   Increase physical memory or swap space
#   Check if swap backing store is full
#   Use 64 bit Java on a 64 bit OS
#   Decrease Java heap size (-Xmx/-Xms)
#   Decrease number of Java threads
#   Decrease Java thread stack sizes (-Xss)
#   Set larger code cache with -XX:ReservedCodeCacheSize=
# This output file may be truncated or incomplete.
#
#  Out of Memory Error (os_linux.cpp:2643), pid=125111, tid=0x00007fd564afa700
#
# JRE version: OpenJDK Runtime Environment (8.0_181-b13) (build 1.8.0_181-8u181-b13-1ubuntu0.16.04.1-b13)
# Java VM: OpenJDK 64-Bit Server VM (25.181-b13 mixed mode linux-amd64 compressed oops)
# Failed to write core dump. Core dumps have been disabled. To enable core dumping, try "ulimit -c unlimited" before starting Java again
#

---------------  T H R E A D  ---------------

Current thread (0x00007fd5740fb800):  VMThread [stack: 0x00007fd5649fa000,0x00007fd564afb000] [id=125115]

Stack: [0x00007fd5649fa000,0x00007fd564afb000],  sp=0x00007fd564af94a0,  free space=1021k
Native frames: (J=compiled Java code, j=interpreted, Vv=VM code, C=native code)
V  [libjvm.so+0xa70f1b]
V  [libjvm.so+0x4c893c]
V  [libjvm.so+0x8bda48]
V  [libjvm.so+0x8b7dde]
V  [libjvm.so+0x933246]
V  [libjvm.so+0x934573]
V  [libjvm.so+0x930c3b]
V  [libjvm.so+0x929a69]
V  [libjvm.so+0x44c943]
V  [libjvm.so+0xa724a9]
V  [libjvm.so+0xa77d67]
V  [libjvm.so+0xa75467]
V  [libjvm.so+0xa768ef]
V  [libjvm.so+0xa76de1]
V  [libjvm.so+0x8bae52]

VM_Operation (0x00007fd57cf058d0): CollectForMetadataAllocation, mode: safepoint, requested by thread 0x00007fd57400a800


---------------  P R O C E S S  ---------------

Java Threads: ( => current thread )
  0x00007fd57438b000 JavaThread "pool-2-thread-6" daemon [_thread_blocked, id=125136, stack(0x00007fd55d761000,0x00007fd55d862000)]
  0x00007fd574389800 JavaThread "pool-2-thread-5" daemon [_thread_blocked, id=125135, stack(0x00007fd55d862000,0x00007fd55d963000)]
  0x00007fd574387800 JavaThread "pool-2-thread-4" daemon [_thread_blocked, id=125134, stack(0x00007fd55d963000,0x00007fd55da64000)]
  0x00007fd574386000 JavaThread "pool-2-thread-3" daemon [_thread_blocked, id=125133, stack(0x00007fd55da64000,0x00007fd55db65000)]
  0x00007fd574385000 JavaThread "pool-2-thread-2" daemon [_thread_blocked, id=125132, stack(0x00007fd55dd67000,0x00007fd55de68000)]
  0x00007fd574384000 JavaThread "pool-2-thread-1" daemon [_thread_blocked, id=125131, stack(0x00007fd55dc66000,0x00007fd55dd67000)]
  0x00007fd574239000 JavaThread "process reaper" daemon [_thread_blocked, id=125125, stack(0x00007fd5640ba000,0x00007fd5640f3000)]
  0x00007fd574149800 JavaThread "Service Thread" daemon [_thread_blocked, id=125121, stack(0x00007fd5643f4000,0x00007fd5644f5000)]
  0x00007fd57413e800 JavaThread "C1 CompilerThread1" daemon [_thread_blocked, id=125120, stack(0x00007fd5644f5000,0x00007fd5645f6000)]
  0x00007fd57413b800 JavaThread "C2 CompilerThread0" daemon [_thread_blocked, id=125119, stack(0x00007fd5645f6000,0x00007fd5646f7000)]
  0x00007fd57413a000 JavaThread "Signal Dispatcher" daemon [_thread_blocked, id=125118, stack(0x00007fd5646f7000,0x00007fd5647f8000)]
  0x00007fd574107800 JavaThread "Finalizer" daemon [_thread_blocked, id=125117, stack(0x00007fd5647f8000,0x00007fd5648f9000)]
  0x00007fd574105000 JavaThread "Reference Handler" daemon [_thread_blocked, id=125116, stack(0x00007fd5648f9000,0x00007fd5649fa000)]
  0x00007fd57400a800 JavaThread "main" [_thread_blocked, id=125112, stack(0x00007fd57ce0b000,0x00007fd57cf0c000)]

Other Threads:
=>0x00007fd5740fb800 VMThread [stack: 0x00007fd5649fa000,0x00007fd564afb000] [id=125115]
  0x00007fd57414c000 WatcherThread [stack: 0x00007fd5642f3000,0x00007fd5643f4000] [id=125122]

VM state:at safepoint (normal execution)

VM Mutex/Monitor currently owned by a thread:  ([mutex/lock_event])
[0x00007fd574006f80] Threads_lock - owner thread: 0x00007fd5740fb800
[0x00007fd574007480] Heap_lock - owner thread: 0x00007fd57400a800

Heap:
 PSYoungGen      total 53248K, used 4091K [0x00000000f0600000, 0x00000000f3e00000, 0x0000000100000000)
  eden space 49152K, 0% used [0x00000000f0600000,0x00000000f0600000,0x00000000f3600000)
  from space 4096K, 99% used [0x00000000f3600000,0x00000000f39fecb0,0x00000000f3a00000)
  to   space 4096K, 0% used [0x00000000f3a00000,0x00000000f3a00000,0x00000000f3e00000)
 ParOldGen       total 32768K, used 7687K [0x00000000d1200000, 0x00000000d3200000, 0x00000000f0600000)
  object space 32768K, 23% used [0x00000000d1200000,0x00000000d1981e98,0x00000000d3200000)
 Metaspace       used 20813K, capacity 21134K, committed 21248K, reserved 1067008K
  class space    used 3426K, capacity 3545K, committed 3584K, reserved 1048576K

Card table byte_map: [0x00007fd579344000,0x00007fd5794bc000] byte_map_base: 0x00007fd578cbb000

Marking Bits: (ParMarkBitMap*) 0x00007fd57c0db3a0
 Begin Bits: [0x00007fd55e890000, 0x00007fd55f448000)
 End Bits:   [0x00007fd55f448000, 0x00007fd560000000)

Polling page: 0x00007fd57cf2f000

CodeCache: size=245760Kb used=6146Kb max_used=6158Kb free=239613Kb
 bounds [0x00007fd565000000, 0x00007fd565610000, 0x00007fd574000000]
 total_blobs=2804 nmethods=2407 adapters=311
 compilation: enabled

Compilation events (10 events):
Event: 4.287 Thread 0x00007fd57413e800 2406       3       java.lang.String::lastIndexOf (25 bytes)
Event: 4.288 Thread 0x00007fd57413e800 nmethod 2406 0x00007fd565600090 code [0x00007fd565600200, 0x00007fd5656003a8]
Event: 4.288 Thread 0x00007fd57413e800 2407       3       java.lang.String::lastIndexOf (11 bytes)
Event: 4.288 Thread 0x00007fd57413e800 nmethod 2407 0x00007fd5655ffb50 code [0x00007fd5655ffcc0, 0x00007fd5655fff48]
Event: 4.333 Thread 0x00007fd57413e800 2408       3       sun.misc.ASCIICaseInsensitiveComparator::compare (126 bytes)
Event: 4.334 Thread 0x00007fd57413e800 nmethod 2408 0x00007fd565601910 code [0x00007fd565601b20, 0x00007fd565602718]
Event: 4.345 Thread 0x00007fd57413b800 2409       4       java.util.HashMap::put (13 bytes)
Event: 4.351 Thread 0x00007fd57413b800 nmethod 2409 0x00007fd565605fd0 code [0x00007fd565606180, 0x00007fd565606798]
Event: 4.356 Thread 0x00007fd57413e800 2410       1       scala.UniquenessCache::map (5 bytes)
Event: 4.357 Thread 0x00007fd57413e800 nmethod 2410 0x00007fd565605d10 code [0x00007fd565605e60, 0x00007fd565605f70]

GC Heap History (10 events):
Event: 1.047 GC heap after
Heap after GC invocations=2 (full 0):
 PSYoungGen      total 14336K, used 2016K [0x00000000f0600000, 0x00000000f1600000, 0x0000000100000000)
  eden space 12288K, 0% used [0x00000000f0600000,0x00000000f0600000,0x00000000f1200000)
  from space 2048K, 98% used [0x00000000f1400000,0x00000000f15f8020,0x00000000f1600000)
  to   space 2048K, 0% used [0x00000000f1200000,0x00000000f1200000,0x00000000f1400000)
 ParOldGen       total 32768K, used 1487K [0x00000000d1200000, 0x00000000d3200000, 0x00000000f0600000)
  object space 32768K, 4% used [0x00000000d1200000,0x00000000d1373f78,0x00000000d3200000)
 Metaspace       used 9785K, capacity 9982K, committed 10240K, reserved 1058816K
  class space    used 1640K, capacity 1703K, committed 1792K, reserved 1048576K
}
Event: 1.484 GC heap before
{Heap before GC invocations=3 (full 0):
 PSYoungGen      total 14336K, used 14304K [0x00000000f0600000, 0x00000000f1600000, 0x0000000100000000)
  eden space 12288K, 100% used [0x00000000f0600000,0x00000000f1200000,0x00000000f1200000)
  from space 2048K, 98% used [0x00000000f1400000,0x00000000f15f8020,0x00000000f1600000)
  to   space 2048K, 0% used [0x00000000f1200000,0x00000000f1200000,0x00000000f1400000)
 ParOldGen       total 32768K, used 1487K [0x00000000d1200000, 0x00000000d3200000, 0x00000000f0600000)
  object space 32768K, 4% used [0x00000000d1200000,0x00000000d1373f78,0x00000000d3200000)
 Metaspace       used 13029K, capacity 13234K, committed 13312K, reserved 1060864K
  class space    used 2220K, capacity 2279K, committed 2304K, reserved 1048576K
Event: 1.489 GC heap after
Heap after GC invocations=3 (full 0):
 PSYoungGen      total 14336K, used 2016K [0x00000000f0600000, 0x00000000f2200000, 0x0000000100000000)
  eden space 12288K, 0% used [0x00000000f0600000,0x00000000f0600000,0x00000000f1200000)
  from space 2048K, 98% used [0x00000000f1200000,0x00000000f13f8040,0x00000000f1400000)
  to   space 2048K, 0% used [0x00000000f2000000,0x00000000f2000000,0x00000000f2200000)
 ParOldGen       total 32768K, used 3111K [0x00000000d1200000, 0x00000000d3200000, 0x00000000f0600000)
  object space 32768K, 9% used [0x00000000d1200000,0x00000000d1509fe8,0x00000000d3200000)
 Metaspace       used 13029K, capacity 13234K, committed 13312K, reserved 1060864K
  class space    used 2220K, capacity 2279K, committed 2304K, reserved 1048576K
}
Event: 1.714 GC heap before
{Heap before GC invocations=4 (full 0):
 PSYoungGen      total 14336K, used 14304K [0x00000000f0600000, 0x00000000f2200000, 0x0000000100000000)
  eden space 12288K, 100% used [0x00000000f0600000,0x00000000f1200000,0x00000000f1200000)
  from space 2048K, 98% used [0x00000000f1200000,0x00000000f13f8040,0x00000000f1400000)
  to   space 2048K, 0% used [0x00000000f2000000,0x00000000f2000000,0x00000000f2200000)
 ParOldGen       total 32768K, used 3111K [0x00000000d1200000, 0x00000000d3200000, 0x00000000f0600000)
  object space 32768K, 9% used [0x00000000d1200000,0x00000000d1509fe8,0x00000000d3200000)
 Metaspace       used 13801K, capacity 14040K, committed 14336K, reserved 1060864K
  class space    used 2381K, capacity 2440K, committed 2560K, reserved 1048576K
Event: 1.718 GC heap after
Heap after GC invocations=4 (full 0):
 PSYoungGen      total 26624K, used 2035K [0x00000000f0600000, 0x00000000f2200000, 0x0000000100000000)
  eden space 24576K, 0% used [0x00000000f0600000,0x00000000f0600000,0x00000000f1e00000)
  from space 2048K, 99% used [0x00000000f2000000,0x00000000f21fcca0,0x00000000f2200000)
  to   space 2048K, 0% used [0x00000000f1e00000,0x00000000f1e00000,0x00000000f2000000)
 ParOldGen       total 32768K, used 3707K [0x00000000d1200000, 0x00000000d3200000, 0x00000000f0600000)
  object space 32768K, 11% used [0x00000000d1200000,0x00000000d159ee50,0x00000000d3200000)
 Metaspace       used 13801K, capacity 14040K, committed 14336K, reserved 1060864K
  class space    used 2381K, capacity 2440K, committed 2560K, reserved 1048576K
}
Event: 2.135 GC heap before
{Heap before GC invocations=5 (full 0):
 PSYoungGen      total 26624K, used 26611K [0x00000000f0600000, 0x00000000f2200000, 0x0000000100000000)
  eden space 24576K, 100% used [0x00000000f0600000,0x00000000f1e00000,0x00000000f1e00000)
  from space 2048K, 99% used [0x00000000f2000000,0x00000000f21fcca0,0x00000000f2200000)
  to   space 2048K, 0% used [0x00000000f1e00000,0x00000000f1e00000,0x00000000f2000000)
 ParOldGen       total 32768K, used 3707K [0x00000000d1200000, 0x00000000d3200000, 0x00000000f0600000)
  object space 32768K, 11% used [0x00000000d1200000,0x00000000d159ee50,0x00000000d3200000)
 Metaspace       used 14329K, capacity 14558K, committed 14848K, reserved 1060864K
  class space    used 2439K, capacity 2505K, committed 2560K, reserved 1048576K
Event: 2.143 GC heap after
Heap after GC invocations=5 (full 0):
 PSYoungGen      total 26624K, used 2036K [0x00000000f0600000, 0x00000000f3e00000, 0x0000000100000000)
  eden space 24576K, 0% used [0x00000000f0600000,0x00000000f0600000,0x00000000f1e00000)
  from space 2048K, 99% used [0x00000000f1e00000,0x00000000f1ffd070,0x00000000f2000000)
  to   space 4096K, 0% used [0x00000000f3a00000,0x00000000f3a00000,0x00000000f3e00000)
 ParOldGen       total 32768K, used 4147K [0x00000000d1200000, 0x00000000d3200000, 0x00000000f0600000)
  object space 32768K, 12% used [0x00000000d1200000,0x00000000d160ce50,0x00000000d3200000)
 Metaspace       used 14329K, capacity 14558K, committed 14848K, reserved 1060864K
  class space    used 2439K, capacity 2505K, committed 2560K, reserved 1048576K
}
Event: 3.700 GC heap before
{Heap before GC invocations=6 (full 0):
 PSYoungGen      total 26624K, used 26612K [0x00000000f0600000, 0x00000000f3e00000, 0x0000000100000000)
  eden space 24576K, 100% used [0x00000000f0600000,0x00000000f1e00000,0x00000000f1e00000)
  from space 2048K, 99% used [0x00000000f1e00000,0x00000000f1ffd070,0x00000000f2000000)
  to   space 4096K, 0% used [0x00000000f3a00000,0x00000000f3a00000,0x00000000f3e00000)
 ParOldGen       total 32768K, used 4147K [0x00000000d1200000, 0x00000000d3200000, 0x00000000f0600000)
  object space 32768K, 12% used [0x00000000d1200000,0x00000000d160ce50,0x00000000d3200000)
 Metaspace       used 15026K, capacity 15374K, committed 15488K, reserved 1062912K
  class space    used 2534K, capacity 2649K, committed 2688K, reserved 1048576K
Event: 3.718 GC heap after
Heap after GC invocations=6 (full 0):
 PSYoungGen      total 53248K, used 3024K [0x00000000f0600000, 0x00000000f3e00000, 0x0000000100000000)
  eden space 49152K, 0% used [0x00000000f0600000,0x00000000f0600000,0x00000000f3600000)
  from space 4096K, 73% used [0x00000000f3a00000,0x00000000f3cf4018,0x00000000f3e00000)
  to   space 4096K, 0% used [0x00000000f3600000,0x00000000f3600000,0x00000000f3a00000)
 ParOldGen       total 32768K, used 4147K [0x00000000d1200000, 0x00000000d3200000, 0x00000000f0600000)
  object space 32768K, 12% used [0x00000000d1200000,0x00000000d160ce50,0x00000000d3200000)
 Metaspace       used 15026K, capacity 15374K, committed 15488K, reserved 1062912K
  class space    used 2534K, capacity 2649K, committed 2688K, reserved 1048576K
}
Event: 4.361 GC heap before
{Heap before GC invocations=7 (full 0):
 PSYoungGen      total 53248K, used 39872K [0x00000000f0600000, 0x00000000f3e00000, 0x0000000100000000)
  eden space 49152K, 74% used [0x00000000f0600000,0x00000000f29fc248,0x00000000f3600000)
  from space 4096K, 73% used [0x00000000f3a00000,0x00000000f3cf4018,0x00000000f3e00000)
  to   space 4096K, 0% used [0x00000000f3600000,0x00000000f3600000,0x00000000f3a00000)
 ParOldGen       total 32768K, used 4147K [0x00000000d1200000, 0x00000000d3200000, 0x00000000f0600000)
  object space 32768K, 12% used [0x00000000d1200000,0x00000000d160ce50,0x00000000d3200000)
 Metaspace       used 20813K, capacity 21134K, committed 21248K, reserved 1067008K
  class space    used 3426K, capacity 3545K, committed 3584K, reserved 1048576K

Deoptimization events (10 events):
Event: 3.634 Thread 0x00007fd57400a800 Uncommon trap: reason=bimorphic action=maybe_recompile pc=0x00007fd565297b58 method=java.lang.ClassLoader.loadClass(Ljava/lang/String;Z)Ljava/lang/Class; @ 38
Event: 3.634 Thread 0x00007fd57400a800 Uncommon trap: reason=unstable_if action=reinterpret pc=0x00007fd5652979c0 method=java.lang.ClassLoader.getClassLoadingLock(Ljava/lang/String;)Ljava/lang/Object; @ 6
Event: 3.635 Thread 0x00007fd57400a800 Uncommon trap: reason=unstable_if action=reinterpret pc=0x00007fd565501a28 method=java.util.jar.JarFile.getManEntry()Ljava/util/jar/JarEntry; @ 4
Event: 3.650 Thread 0x00007fd57400a800 Uncommon trap: reason=bimorphic action=maybe_recompile pc=0x00007fd565593064 method=java.util.HashMap.putVal(ILjava/lang/Object;Ljava/lang/Object;ZZ)Ljava/lang/Object; @ 56
Event: 3.651 Thread 0x00007fd57400a800 Uncommon trap: reason=unstable_if action=reinterpret pc=0x00007fd5651fde88 method=sun.net.www.ParseUtil.encodePath(Ljava/lang/String;Z)Ljava/lang/String; @ 116
Event: 3.829 Thread 0x00007fd57400a800 Uncommon trap: reason=bimorphic action=maybe_recompile pc=0x00007fd565593064 method=java.util.HashMap.putVal(ILjava/lang/Object;Ljava/lang/Object;ZZ)Ljava/lang/Object; @ 56
Event: 3.862 Thread 0x00007fd57400a800 Uncommon trap: reason=bimorphic action=maybe_recompile pc=0x00007fd565593064 method=java.util.HashMap.putVal(ILjava/lang/Object;Ljava/lang/Object;ZZ)Ljava/lang/Object; @ 56
Event: 3.904 Thread 0x00007fd57400a800 Uncommon trap: reason=bimorphic action=maybe_recompile pc=0x00007fd565593064 method=java.util.HashMap.putVal(ILjava/lang/Object;Ljava/lang/Object;ZZ)Ljava/lang/Object; @ 56
Event: 4.095 Thread 0x00007fd57400a800 Uncommon trap: reason=unstable_if action=reinterpret pc=0x00007fd565532b5c method=java.lang.CharacterDataLatin1.digit(II)I @ 82
Event: 4.175 Thread 0x00007fd57400a800 Uncommon trap: reason=class_check action=maybe_recompile pc=0x00007fd565531958 method=java.util.regex.Pattern$Slice.match(Ljava/util/regex/Matcher;ILjava/lang/CharSequence;)Z @ 75

Classes redefined (0 events):
No events

Internal exceptions (10 events):
Event: 0.301 Thread 0x00007fd57400a800 Exception <a 'java/security/PrivilegedActionException'> (0x00000000f0684e48) thrown at [/build/openjdk-8-lTwZJE/openjdk-8-8u181-b13/src/hotspot/src/share/vm/prims/jvm.cpp, line 1435]
Event: 0.301 Thread 0x00007fd57400a800 Exception <a 'java/security/PrivilegedActionException'> (0x00000000f0685058) thrown at [/build/openjdk-8-lTwZJE/openjdk-8-8u181-b13/src/hotspot/src/share/vm/prims/jvm.cpp, line 1435]
Event: 0.301 Thread 0x00007fd57400a800 Exception <a 'java/security/PrivilegedActionException'> (0x00000000f06870e0) thrown at [/build/openjdk-8-lTwZJE/openjdk-8-8u181-b13/src/hotspot/src/share/vm/prims/jvm.cpp, line 1435]
Event: 0.301 Thread 0x00007fd57400a800 Exception <a 'java/security/PrivilegedActionException'> (0x00000000f06872f0) thrown at [/build/openjdk-8-lTwZJE/openjdk-8-8u181-b13/src/hotspot/src/share/vm/prims/jvm.cpp, line 1435]
Event: 0.301 Thread 0x00007fd57400a800 Exception <a 'java/security/PrivilegedActionException'> (0x00000000f0687dc8) thrown at [/build/openjdk-8-lTwZJE/openjdk-8-8u181-b13/src/hotspot/src/share/vm/prims/jvm.cpp, line 1435]
Event: 0.301 Thread 0x00007fd57400a800 Exception <a 'java/security/PrivilegedActionException'> (0x00000000f0687fd8) thrown at [/build/openjdk-8-lTwZJE/openjdk-8-8u181-b13/src/hotspot/src/share/vm/prims/jvm.cpp, line 1435]
Event: 1.037 Thread 0x00007fd57400a800 Exception <a 'java/lang/NoSuchFieldError': method resolution failed> (0x00000000f11f9cf8) thrown at [/build/openjdk-8-lTwZJE/openjdk-8-8u181-b13/src/hotspot/src/share/vm/prims/methodHandles.cpp, line 1167]
Event: 1.054 Thread 0x00007fd57400a800 Exception <a 'java/lang/NoSuchFieldError': method resolution failed> (0x00000000f0607530) thrown at [/build/openjdk-8-lTwZJE/openjdk-8-8u181-b13/src/hotspot/src/share/vm/prims/methodHandles.cpp, line 1167]
Event: 4.102 Thread 0x00007fd57400a800 Exception <a 'java/io/FileNotFoundException'> (0x00000000f1aa1888) thrown at [/build/openjdk-8-lTwZJE/openjdk-8-8u181-b13/src/hotspot/src/share/vm/prims/jni.cpp, line 709]
Event: 4.213 Thread 0x00007fd57400a800 Exception <a 'java/lang/NoSuchMethodError': org.slf4j.impl.StaticMDCBinder.getSingleton()Lorg/slf4j/impl/StaticMDCBinder;> (0x00000000f22cb580) thrown at [/build/openjdk-8-lTwZJE/openjdk-8-8u181-b13/src/hotspot/src/share/vm/interpreter/linkResolver.cpp, l

Events (10 events):
Event: 4.359 loading class jupyter/kernel/protocol/ShellRequest$Execute$ done
Event: 4.359 loading class scala/runtime/AbstractFunction6
Event: 4.359 loading class scala/runtime/AbstractFunction6 done
Event: 4.359 loading class scala/Function6
Event: 4.359 loading class scala/Function6 done
Event: 4.360 loading class scala/Function6$class
Event: 4.360 loading class scala/Function6$class done
Event: 4.360 loading class jupyter/kernel/protocol/ShellRequestDecodeJsons$anon$derivedDecodeJson$macro$1753$1$anon$macro$1742$1
Event: 4.360 loading class jupyter/kernel/protocol/ShellRequestDecodeJsons$anon$derivedDecodeJson$macro$1753$1$anon$macro$1742$1 done
Event: 4.361 Executing VM operation: CollectForMetadataAllocation


Dynamic libraries:
00400000-00401000 r-xp 00000000 08:01 803085                             /usr/lib/jvm/java-8-openjdk-amd64/jre/bin/java
00600000-00601000 r--p 00000000 08:01 803085                             /usr/lib/jvm/java-8-openjdk-amd64/jre/bin/java
00601000-00602000 rw-p 00001000 08:01 803085                             /usr/lib/jvm/java-8-openjdk-amd64/jre/bin/java
01046000-01088000 rw-p 00000000 00:00 0                                  [heap]
d1200000-d3200000 rw-p 00000000 00:00 0 
d3200000-f0600000 ---p 00000000 00:00 0 
f0600000-f3e00000 rw-p 00000000 00:00 0 
f7200000-100000000 ---p 00000000 00:00 0 
100000000-100380000 rw-p 00000000 00:00 0 
100380000-140000000 ---p 00000000 00:00 0 
7fd524000000-7fd524022000 rw-p 00000000 00:00 0 
7fd524022000-7fd528000000 ---p 00000000 00:00 0 
7fd528fff000-7fd52c000000 rw-p 00000000 00:00 0 
7fd52c000000-7fd52c153000 rw-p 00000000 00:00 0 
7fd52c153000-7fd530000000 ---p 00000000 00:00 0 
7fd530000000-7fd530110000 rw-p 00000000 00:00 0 
7fd530110000-7fd534000000 ---p 00000000 00:00 0 
7fd534000000-7fd534021000 rw-p 00000000 00:00 0 
7fd534021000-7fd538000000 ---p 00000000 00:00 0 
7fd538000000-7fd538021000 rw-p 00000000 00:00 0 
7fd538021000-7fd53c000000 ---p 00000000 00:00 0 
7fd53c000000-7fd53d2f7000 rw-p 00000000 00:00 0 
7fd53d2f7000-7fd540000000 ---p 00000000 00:00 0 
7fd540000000-7fd540021000 rw-p 00000000 00:00 0 
7fd540021000-7fd544000000 ---p 00000000 00:00 0 
7fd544000000-7fd544021000 rw-p 00000000 00:00 0 
7fd544021000-7fd548000000 ---p 00000000 00:00 0 
7fd548000000-7fd54971b000 rw-p 00000000 00:00 0 
7fd54971b000-7fd54c000000 ---p 00000000 00:00 0 
7fd54c000000-7fd54c021000 rw-p 00000000 00:00 0 
7fd54c021000-7fd550000000 ---p 00000000 00:00 0 
7fd550000000-7fd550021000 rw-p 00000000 00:00 0 
7fd550021000-7fd554000000 ---p 00000000 00:00 0 
7fd554000000-7fd554021000 rw-p 00000000 00:00 0 
7fd554021000-7fd558000000 ---p 00000000 00:00 0 
7fd558000000-7fd558023000 rw-p 00000000 00:00 0 
7fd558023000-7fd55c000000 ---p 00000000 00:00 0 
7fd55c5fc000-7fd55c613000 r-xp 00000000 08:01 803144                     /usr/lib/jvm/java-8-openjdk-amd64/jre/lib/amd64/libnet.so
7fd55c613000-7fd55c812000 ---p 00017000 08:01 803144                     /usr/lib/jvm/java-8-openjdk-amd64/jre/lib/amd64/libnet.so
7fd55c812000-7fd55c813000 r--p 00016000 08:01 803144                     /usr/lib/jvm/java-8-openjdk-amd64/jre/lib/amd64/libnet.so
7fd55c813000-7fd55c814000 rw-p 00017000 08:01 803144                     /usr/lib/jvm/java-8-openjdk-amd64/jre/lib/amd64/libnet.so
7fd55c814000-7fd55c825000 r-xp 00000000 08:01 803143                     /usr/lib/jvm/java-8-openjdk-amd64/jre/lib/amd64/libnio.so
7fd55c825000-7fd55ca25000 ---p 00011000 08:01 803143                     /usr/lib/jvm/java-8-openjdk-amd64/jre/lib/amd64/libnio.so
7fd55ca25000-7fd55ca26000 r--p 00011000 08:01 803143                     /usr/lib/jvm/java-8-openjdk-amd64/jre/lib/amd64/libnio.so
7fd55ca26000-7fd55ca27000 rw-p 00012000 08:01 803143                     /usr/lib/jvm/java-8-openjdk-amd64/jre/lib/amd64/libnio.so
7fd55ca27000-7fd55cb67000 rw-p 00000000 00:00 0 
7fd55cb67000-7fd55cc27000 ---p 00000000 00:00 0 
7fd55cc27000-7fd55ce27000 rw-p 00000000 00:00 0 
7fd55ce27000-7fd55ce2a000 r--s 00011000 08:01 807203                     /home/user/.coursier/cache/v1/https/repo1.maven.org/maven2/com/lihaoyi/fastparse-utils_2.11/0.4.2/fastparse-utils_2.11-0.4.2.jar
7fd55ce2a000-7fd55ce2b000 r--s 00006000 08:01 807207                     /home/user/.coursier/cache/v1/https/repo1.maven.org/maven2/com/github/alexarchambault/case-app-annotations_2.11/1.1.3/case-app-annotations_2.11-1.1.3.jar
7fd55ce2b000-7fd55ce32000 r--s 00042000 08:01 807208                     /home/user/.coursier/cache/v1/https/repo1.maven.org/maven2/com/github/alexarchambault/case-app_2.11/1.1.3/case-app_2.11-1.1.3.jar
7fd55ce32000-7fd55ce34000 r--s 0000a000 08:01 807225                     /home/user/.coursier/cache/v1/https/repo1.maven.org/maven2/com/github/alexarchambault/case-app-util_2.11/1.1.3/case-app-util_2.11-1.1.3.jar
7fd55ce34000-7fd55ce35000 r--s 00000000 08:01 807233                     /home/user/.coursier/cache/v1/https/repo1.maven.org/maven2/org/typelevel/macro-compat_2.11/1.1.1/macro-compat_2.11-1.1.1.jar
7fd55ce35000-7fd55ce48000 r--s 000bb000 08:01 807205                     /home/user/.coursier/cache/v1/https/repo1.maven.org/maven2/org/jupyter-scala/kernel_2.11/0.4.1/kernel_2.11-0.4.1.jar
7fd55ce48000-7fd55ce53000 r--s 00069000 08:01 807253                     /home/user/.coursier/cache/v1/https/repo1.maven.org/maven2/ch/qos/logback/logback-core/1.2.1/logback-core-1.2.1.jar
7fd55ce53000-7fd55ce58000 r--s 00039000 08:01 807259                     /home/user/.coursier/cache/v1/https/repo1.maven.org/maven2/org/zeromq/jeromq/0.3.6/jeromq-0.3.6.jar
7fd55ce58000-7fd55ce5e000 r--s 00046000 08:01 807275                     /home/user/.coursier/cache/v1/https/repo1.maven.org/maven2/ch/qos/logback/logback-classic/1.2.1/logback-classic-1.2.1.jar
7fd55ce5e000-7fd55ce61000 ---p 00000000 00:00 0 
7fd55ce61000-7fd55cf5f000 rw-p 00000000 00:00 0 
7fd55cf5f000-7fd55cf62000 ---p 00000000 00:00 0 
7fd55cf62000-7fd55d260000 rw-p 00000000 00:00 0 
7fd55d260000-7fd55d263000 r--s 00015000 08:01 807242                     /home/user/.coursier/cache/v1/https/repo1.maven.org/maven2/org/jupyter-scala/scala-cli_2.11.11/0.4.2/scala-cli_2.11.11-0.4.2.jar
7fd55d263000-7fd55d265000 r--s 00009000 08:01 807266                     /home/user/.coursier/cache/v1/https/repo1.maven.org/maven2/org/slf4j/slf4j-api/1.7.22/slf4j-api-1.7.22.jar
7fd55d265000-7fd55d26f000 r--s 00074000 08:01 807377                     /home/user/.coursier/cache/v1/https/repo1.maven.org/maven2/org/jupyter-scala/ammonite-compiler_2.11.11/0.8.3-1/ammonite-compiler_2.11.11-0.8.3-1.jar
7fd55d26f000-7fd55d270000 r--s 00008000 08:01 807293                     /home/user/.coursier/cache/v1/https/repo1.maven.org/maven2/com/typesafe/scala-logging/scala-logging_2.11/3.5.0/scala-logging_2.11-3.5.0.jar
7fd55d270000-7fd55d275000 r--s 00044000 08:01 807300                     /home/user/.coursier/cache/v1/https/repo1.maven.org/maven2/org/scodec/scodec-bits_2.11/1.1.2/scodec-bits_2.11-1.1.2.jar
7fd55d275000-7fd55d27f000 r--s 00069000 08:01 807307                     /home/user/.coursier/cache/v1/https/repo1.maven.org/maven2/com/lihaoyi/scalaparse_2.11/0.4.2/scalaparse_2.11-0.4.2.jar
7fd55d27f000-7fd55d283000 r--s 00029000 08:01 807324                     /home/user/.coursier/cache/v1/https/repo1.maven.org/maven2/org/jupyter-scala/kernel-protocol_2.11/0.4.1/kernel-protocol_2.11-0.4.1.jar
7fd55d283000-7fd55d286000 r--s 00016000 08:01 807311                     /home/user/.coursier/cache/v1/https/repo1.maven.org/maven2/org/jupyter-scala/scala-kernel_2.11.11/0.4.2/scala-kernel_2.11.11-0.4.2.jar
7fd55d286000-7fd55d2b6000 r--s 001c7000 08:01 807281                     /home/user/.coursier/cache/v1/https/repo1.maven.org/maven2/io/argonaut/argonaut_2.11/6.2/argonaut_2.11-6.2.jar
7fd55d2b6000-7fd55d2ba000 r--s 0001b000 08:01 807362                     /home/user/.coursier/cache/v1/https/repo1.maven.org/maven2/com/github/alexarchambault/argonaut-shapeless_6.2_2.11/1.2.0-M5/argonaut-shapeless_6.2_2.11-1.2.0-M5.jar
7fd55d2ba000-7fd55d2c0000 r--s 0004d000 08:01 807344                     /home/user/.coursier/cache/v1/https/repo1.maven.org/maven2/com/lihaoyi/fastparse_2.11/0.4.2/fastparse_2.11-0.4.2.jar
7fd55d2c0000-7fd55d2e3000 r--s 00155000 08:01 807348                     /home/user/.coursier/cache/v1/https/repo1.maven.org/maven2/org/scalaz/stream/scalaz-stream_2.11/0.8.6a/scalaz-stream_2.11-0.8.6a.jar
7fd55d2e3000-7fd55d329000 r--s 00317000 08:01 807336                     /home/user/.coursier/cache/v1/https/repo1.maven.org/maven2/com/chuusai/shapeless_2.11/2.3.2/shapeless_2.11-2.3.2.jar
7fd55d329000-7fd55d32b000 r--s 00012000 08:01 807339                     /home/user/.coursier/cache/v1/https/repo1.maven.org/maven2/com/lihaoyi/fansi_2.11/0.2.3/fansi_2.11-0.2.3.jar
7fd55d32b000-7fd55d330000 r--s 00048000 08:01 807334                     /home/user/.coursier/cache/v1/https/repo1.maven.org/maven2/com/lihaoyi/pprint_2.11/0.4.4/pprint_2.11-0.4.4.jar
7fd55d330000-7fd55d336000 r--s 00050000 08:01 807318                     /home/user/.coursier/cache/v1/https/repo1.maven.org/maven2/org/jsoup/jsoup/1.10.2/jsoup-1.10.2.jar
7fd55d336000-7fd55d382000 r--s 00418000 08:01 807351                     /home/user/.coursier/cache/v1/https/repo1.maven.org/maven2/org/scala-lang/scala-reflect/2.11.11/scala-reflect-2.11.11.jar
7fd55d382000-7fd55d454000 r--s 00a6f000 08:01 807285                     /home/user/.coursier/cache/v1/https/repo1.maven.org/maven2/org/scalaz/scalaz-core_2.11/7.2.8/scalaz-core_2.11-7.2.8.jar
7fd55d454000-7fd55d561000 r--s 00dd4000 08:01 807246                     /home/user/.coursier/cache/v1/https/repo1.maven.org/maven2/org/scala-lang/scala-compiler/2.11.11/scala-compiler-2.11.11.jar
7fd55d561000-7fd55d761000 rw-p 00000000 00:00 0 
7fd55d761000-7fd55d764000 ---p 00000000 00:00 0 
7fd55d764000-7fd55d862000 rw-p 00000000 00:00 0 
7fd55d862000-7fd55d865000 ---p 00000000 00:00 0 
7fd55d865000-7fd55d963000 rw-p 00000000 00:00 0 
7fd55d963000-7fd55d966000 ---p 00000000 00:00 0 
7fd55d966000-7fd55da64000 rw-p 00000000 00:00 0 
7fd55da64000-7fd55da67000 ---p 00000000 00:00 0 
7fd55da67000-7fd55db65000 rw-p 00000000 00:00 0 
7fd55db65000-7fd55db68000 ---p 00000000 00:00 0 
7fd55db68000-7fd55dc66000 rw-p 00000000 00:00 0 
7fd55dc66000-7fd55dc69000 ---p 00000000 00:00 0 
7fd55dc69000-7fd55dd67000 rw-p 00000000 00:00 0 
7fd55dd67000-7fd55dd6a000 ---p 00000000 00:00 0 
7fd55dd6a000-7fd55de68000 rw-p 00000000 00:00 0 
7fd55de68000-7fd55e890000 r--p 00000000 08:01 2105158                    /usr/lib/locale/locale-archive
7fd55e890000-7fd560000000 rw-p 00000000 00:00 0 
7fd560000000-7fd560021000 rw-p 00000000 00:00 0 
7fd560021000-7fd564000000 ---p 00000000 00:00 0 
7fd564000000-7fd564001000 r--s 00001000 08:01 807355                     /home/user/.coursier/cache/v1/https/repo1.maven.org/maven2/org/jupyter-scala/scala-api_2.11.11/0.4.2/scala-api_2.11.11-0.4.2.jar
7fd564001000-7fd564009000 r--s 0004b000 08:01 807374                     /home/user/.coursier/cache/v1/https/repo1.maven.org/maven2/io/get-coursier/coursier-cache_2.11/1.0.0-RC2/coursier-cache_2.11-1.0.0-RC2.jar
7fd564009000-7fd56400e000 r--s 00047000 08:01 807328                     /home/user/.coursier/cache/v1/https/repo1.maven.org/maven2/org/jupyter-scala/ammonite-ops_2.11/0.8.3-1/ammonite-ops_2.11-0.8.3-1.jar
7fd56400e000-7fd564010000 r--s 0000f000 08:01 807314                     /home/user/.coursier/cache/v1/https/repo1.maven.org/maven2/com/lihaoyi/derive_2.11/0.4.4/derive_2.11-0.4.4.jar
7fd564010000-7fd564069000 r--s 00523000 08:01 807237                     /home/user/.coursier/cache/v1/https/repo1.maven.org/maven2/org/scala-lang/scala-library/2.11.11/scala-library-2.11.11.jar
7fd564069000-7fd564073000 r--s 0009a000 08:01 807217                     /home/user/.coursier/cache/v1/https/repo1.maven.org/maven2/org/scala-lang/modules/scala-xml_2.11/1.0.6/scala-xml_2.11-1.0.6.jar
7fd564073000-7fd56407b000 r--s 0004c000 08:01 807222                     /home/user/.coursier/cache/v1/https/repo1.maven.org/maven2/org/scalaz/scalaz-concurrent_2.11/7.2.8/scalaz-concurrent_2.11-7.2.8.jar
7fd56407b000-7fd56407e000 r--s 0001a000 08:01 807269                     /home/user/.coursier/cache/v1/https/repo1.maven.org/maven2/com/lihaoyi/sourcecode_2.11/0.1.3/sourcecode_2.11-0.1.3.jar
7fd56407e000-7fd5640a4000 r--s 00196000 08:01 807280                     /home/user/.coursier/cache/v1/https/repo1.maven.org/maven2/io/get-coursier/coursier_2.11/1.0.0-RC2/coursier_2.11-1.0.0-RC2.jar
7fd5640a4000-7fd5640ae000 r--s 00061000 08:01 807370                     /home/user/.coursier/cache/v1/https/repo1.maven.org/maven2/org/scalaz/scalaz-effect_2.11/7.2.8/scalaz-effect_2.11-7.2.8.jar
7fd5640ae000-7fd5640b0000 r--s 00013000 08:01 807296                     /home/user/.coursier/cache/v1/https/repo1.maven.org/maven2/org/spire-math/jawn-parser_2.11/0.10.3/jawn-parser_2.11-0.10.3.jar
7fd5640b0000-7fd5640b2000 r--s 0000d000 08:01 807262                     /home/user/.coursier/cache/v1/https/repo1.maven.org/maven2/com/lihaoyi/geny_2.11/0.1.1/geny_2.11-0.1.1.jar
7fd5640b2000-7fd5640b8000 r--s 0005c000 08:01 807218                     /home/user/.coursier/cache/v1/https/repo1.maven.org/maven2/com/lihaoyi/upickle_2.11/0.4.4/upickle_2.11-0.4.4.jar
7fd5640b8000-7fd5640ba000 r--s 00016000 08:01 807235                     /home/user/.coursier/cache/v1/https/repo1.maven.org/maven2/org/jupyter-scala/ammonite-util_2.11.11/0.8.3-1/ammonite-util_2.11.11-0.8.3-1.jar
7fd5640ba000-7fd5640bd000 ---p 00000000 00:00 0 
7fd5640bd000-7fd5642f3000 rw-p 00000000 00:00 0 
7fd5642f3000-7fd5642f4000 ---p 00000000 00:00 0 
7fd5642f4000-7fd5643f4000 rw-p 00000000 00:00 0 
7fd5643f4000-7fd5643f7000 ---p 00000000 00:00 0 
7fd5643f7000-7fd5644f5000 rw-p 00000000 00:00 0 
7fd5644f5000-7fd5644f8000 ---p 00000000 00:00 0 
7fd5644f8000-7fd5645f6000 rw-p 00000000 00:00 0 
7fd5645f6000-7fd5645f9000 ---p 00000000 00:00 0 
7fd5645f9000-7fd5646f7000 rw-p 00000000 00:00 0 
7fd5646f7000-7fd5646fa000 ---p 00000000 00:00 0 
7fd5646fa000-7fd5647f8000 rw-p 00000000 00:00 0 
7fd5647f8000-7fd5647fb000 ---p 00000000 00:00 0 
7fd5647fb000-7fd5648f9000 rw-p 00000000 00:00 0 
7fd5648f9000-7fd5648fc000 ---p 00000000 00:00 0 
7fd5648fc000-7fd5649fa000 rw-p 00000000 00:00 0 
7fd5649fa000-7fd5649fb000 ---p 00000000 00:00 0 
7fd5649fb000-7fd565000000 rw-p 00000000 00:00 0 
7fd565000000-7fd565610000 rwxp 00000000 00:00 0 
7fd565610000-7fd574000000 ---p 00000000 00:00 0 
7fd574000000-7fd574998000 rw-p 00000000 00:00 0 
7fd574998000-7fd578000000 ---p 00000000 00:00 0 
7fd578000000-7fd578001000 r--s 00007000 08:01 807320                     /home/user/.coursier/cache/v1/https/repo1.maven.org/maven2/org/jupyter-scala/kernel-api_2.11/0.4.1/kernel-api_2.11-0.4.1.jar
7fd578001000-7fd57800c000 r--s 00074000 08:01 807252                     /home/user/.coursier/cache/v1/https/repo1.maven.org/maven2/org/jupyter-scala/ammonite-runtime_2.11.11/0.8.3-1/ammonite-runtime_2.11.11-0.8.3-1.jar
7fd57800c000-7fd578010000 r--s 00023000 08:01 807360                     /home/user/.coursier/cache/v1/https/repo1.maven.org/maven2/org/scalaj/scalaj-http_2.11/2.3.0/scalaj-http_2.11-2.3.0.jar
7fd578010000-7fd57801b000 r--s 0005d000 08:01 807365                     /home/user/.coursier/cache/v1/https/repo1.maven.org/maven2/org/scala-lang/modules/scala-parser-combinators_2.11/1.0.4/scala-parser-combinators_2.11-1.0.4.jar
7fd57801b000-7fd578020000 r--s 0009d000 08:01 803185                     /usr/lib/jvm/java-8-openjdk-amd64/jre/lib/jsse.jar
7fd578020000-7fd57806c000 r--s 0024b000 08:01 806309                     /home/user/.coursier/bootstrap/1.0.0-RC1/coursier-cli_2.11-1.0.0-RC1-standalone.jar
7fd57806c000-7fd57806d000 r--s 00002000 08:01 807381                     /home/user/.local/share/jupyter/kernels/scala/launcher.jar
7fd57806d000-7fd578088000 r--s 00394000 08:01 803174                     /usr/lib/jvm/java-8-openjdk-amd64/jre/lib/ext/cldrdata.jar
7fd578088000-7fd5780a3000 r--s 001d6000 08:01 803177                     /usr/lib/jvm/java-8-openjdk-amd64/jre/lib/ext/nashorn.jar
7fd5780a3000-7fd5780a4000 r--s 0000a000 08:01 803181                     /usr/lib/jvm/java-8-openjdk-amd64/jre/lib/ext/jaccess.jar
7fd5780a4000-7fd5780a6000 r--s 00008000 08:01 803178                     /usr/lib/jvm/java-8-openjdk-amd64/jre/lib/ext/sunec.jar
7fd5780a6000-7fd5780b0000 r--s 00116000 08:01 803175                     /usr/lib/jvm/java-8-openjdk-amd64/jre/lib/ext/localedata.jar
7fd5780b0000-7fd578502000 rw-p 00000000 00:00 0 
7fd578502000-7fd5786d1000 r--s 03c33000 08:01 803184                     /usr/lib/jvm/java-8-openjdk-amd64/jre/lib/rt.jar
7fd5786d1000-7fd579048000 rw-p 00000000 00:00 0 
7fd579048000-7fd579049000 ---p 00000000 00:00 0 
7fd579049000-7fd579149000 rw-p 00000000 00:00 0 
7fd579149000-7fd57914a000 ---p 00000000 00:00 0 
7fd57914a000-7fd57925a000 rw-p 00000000 00:00 0 
7fd57925a000-7fd579344000 ---p 00000000 00:00 0 
7fd579344000-7fd579354000 rw-p 00000000 00:00 0 
7fd579354000-7fd57943e000 ---p 00000000 00:00 0 
7fd57943e000-7fd57945a000 rw-p 00000000 00:00 0 
7fd57945a000-7fd5794bb000 ---p 00000000 00:00 0 
7fd5794bb000-7fd5794d5000 rw-p 00000000 00:00 0 
7fd5794d5000-7fd57987c000 ---p 00000000 00:00 0 
7fd57987c000-7fd579884000 r-xp 00000000 08:01 803135                     /usr/lib/jvm/java-8-openjdk-amd64/jre/lib/amd64/libzip.so
7fd579884000-7fd579a83000 ---p 00008000 08:01 803135                     /usr/lib/jvm/java-8-openjdk-amd64/jre/lib/amd64/libzip.so
7fd579a83000-7fd579a84000 r--p 00007000 08:01 803135                     /usr/lib/jvm/java-8-openjdk-amd64/jre/lib/amd64/libzip.so
7fd579a84000-7fd579a85000 rw-p 00008000 08:01 803135                     /usr/lib/jvm/java-8-openjdk-amd64/jre/lib/amd64/libzip.so
7fd579a85000-7fd579a90000 r-xp 00000000 08:01 2889153                    /lib/x86_64-linux-gnu/libnss_files-2.23.so
7fd579a90000-7fd579c8f000 ---p 0000b000 08:01 2889153                    /lib/x86_64-linux-gnu/libnss_files-2.23.so
7fd579c8f000-7fd579c90000 r--p 0000a000 08:01 2889153                    /lib/x86_64-linux-gnu/libnss_files-2.23.so
7fd579c90000-7fd579c91000 rw-p 0000b000 08:01 2889153                    /lib/x86_64-linux-gnu/libnss_files-2.23.so
7fd579c91000-7fd579c97000 rw-p 00000000 00:00 0 
7fd579c97000-7fd579ca2000 r-xp 00000000 08:01 2889163                    /lib/x86_64-linux-gnu/libnss_nis-2.23.so
7fd579ca2000-7fd579ea1000 ---p 0000b000 08:01 2889163                    /lib/x86_64-linux-gnu/libnss_nis-2.23.so
7fd579ea1000-7fd579ea2000 r--p 0000a000 08:01 2889163                    /lib/x86_64-linux-gnu/libnss_nis-2.23.so
7fd579ea2000-7fd579ea3000 rw-p 0000b000 08:01 2889163                    /lib/x86_64-linux-gnu/libnss_nis-2.23.so
7fd579ea3000-7fd579eb9000 r-xp 00000000 08:01 2889147                    /lib/x86_64-linux-gnu/libnsl-2.23.so
7fd579eb9000-7fd57a0b8000 ---p 00016000 08:01 2889147                    /lib/x86_64-linux-gnu/libnsl-2.23.so
7fd57a0b8000-7fd57a0b9000 r--p 00015000 08:01 2889147                    /lib/x86_64-linux-gnu/libnsl-2.23.so
7fd57a0b9000-7fd57a0ba000 rw-p 00016000 08:01 2889147                    /lib/x86_64-linux-gnu/libnsl-2.23.so
7fd57a0ba000-7fd57a0bc000 rw-p 00000000 00:00 0 
7fd57a0bc000-7fd57a0c4000 r-xp 00000000 08:01 2889149                    /lib/x86_64-linux-gnu/libnss_compat-2.23.so
7fd57a0c4000-7fd57a2c3000 ---p 00008000 08:01 2889149                    /lib/x86_64-linux-gnu/libnss_compat-2.23.so
7fd57a2c3000-7fd57a2c4000 r--p 00007000 08:01 2889149                    /lib/x86_64-linux-gnu/libnss_compat-2.23.so
7fd57a2c4000-7fd57a2c5000 rw-p 00008000 08:01 2889149                    /lib/x86_64-linux-gnu/libnss_compat-2.23.so
7fd57a2c5000-7fd57a2f2000 r-xp 00000000 08:01 803155                     /usr/lib/jvm/java-8-openjdk-amd64/jre/lib/amd64/libjava.so
7fd57a2f2000-7fd57a4f1000 ---p 0002d000 08:01 803155                     /usr/lib/jvm/java-8-openjdk-amd64/jre/lib/amd64/libjava.so
7fd57a4f1000-7fd57a4f2000 r--p 0002c000 08:01 803155                     /usr/lib/jvm/java-8-openjdk-amd64/jre/lib/amd64/libjava.so
7fd57a4f2000-7fd57a4f4000 rw-p 0002d000 08:01 803155                     /usr/lib/jvm/java-8-openjdk-amd64/jre/lib/amd64/libjava.so
7fd57a4f4000-7fd57a503000 r-xp 00000000 08:01 803127                     /usr/lib/jvm/java-8-openjdk-amd64/jre/lib/amd64/libverify.so
7fd57a503000-7fd57a702000 ---p 0000f000 08:01 803127                     /usr/lib/jvm/java-8-openjdk-amd64/jre/lib/amd64/libverify.so
7fd57a702000-7fd57a704000 r--p 0000e000 08:01 803127                     /usr/lib/jvm/java-8-openjdk-amd64/jre/lib/amd64/libverify.so
7fd57a704000-7fd57a705000 rw-p 00010000 08:01 803127                     /usr/lib/jvm/java-8-openjdk-amd64/jre/lib/amd64/libverify.so
7fd57a705000-7fd57a70c000 r-xp 00000000 08:01 2889208                    /lib/x86_64-linux-gnu/librt-2.23.so
7fd57a70c000-7fd57a90b000 ---p 00007000 08:01 2889208                    /lib/x86_64-linux-gnu/librt-2.23.so
7fd57a90b000-7fd57a90c000 r--p 00006000 08:01 2889208                    /lib/x86_64-linux-gnu/librt-2.23.so
7fd57a90c000-7fd57a90d000 rw-p 00007000 08:01 2889208                    /lib/x86_64-linux-gnu/librt-2.23.so
7fd57a90d000-7fd57a923000 r-xp 00000000 08:01 2889092                    /lib/x86_64-linux-gnu/libgcc_s.so.1
7fd57a923000-7fd57ab22000 ---p 00016000 08:01 2889092                    /lib/x86_64-linux-gnu/libgcc_s.so.1
7fd57ab22000-7fd57ab23000 rw-p 00015000 08:01 2889092                    /lib/x86_64-linux-gnu/libgcc_s.so.1
7fd57ab23000-7fd57ac2b000 r-xp 00000000 08:01 2889124                    /lib/x86_64-linux-gnu/libm-2.23.so
7fd57ac2b000-7fd57ae2a000 ---p 00108000 08:01 2889124                    /lib/x86_64-linux-gnu/libm-2.23.so
7fd57ae2a000-7fd57ae2b000 r--p 00107000 08:01 2889124                    /lib/x86_64-linux-gnu/libm-2.23.so
7fd57ae2b000-7fd57ae2c000 rw-p 00108000 08:01 2889124                    /lib/x86_64-linux-gnu/libm-2.23.so
7fd57ae2c000-7fd57af9e000 r-xp 00000000 08:01 2107766                    /usr/lib/x86_64-linux-gnu/libstdc++.so.6.0.21
7fd57af9e000-7fd57b19e000 ---p 00172000 08:01 2107766                    /usr/lib/x86_64-linux-gnu/libstdc++.so.6.0.21
7fd57b19e000-7fd57b1a8000 r--p 00172000 08:01 2107766                    /usr/lib/x86_64-linux-gnu/libstdc++.so.6.0.21
7fd57b1a8000-7fd57b1aa000 rw-p 0017c000 08:01 2107766                    /usr/lib/x86_64-linux-gnu/libstdc++.so.6.0.21
7fd57b1aa000-7fd57b1ae000 rw-p 00000000 00:00 0 
7fd57b1ae000-7fd57be0b000 r-xp 00000000 08:01 803133                     /usr/lib/jvm/java-8-openjdk-amd64/jre/lib/amd64/server/libjvm.so
7fd57be0b000-7fd57c00b000 ---p 00c5d000 08:01 803133                     /usr/lib/jvm/java-8-openjdk-amd64/jre/lib/amd64/server/libjvm.so
7fd57c00b000-7fd57c09f000 r--p 00c5d000 08:01 803133                     /usr/lib/jvm/java-8-openjdk-amd64/jre/lib/amd64/server/libjvm.so
7fd57c09f000-7fd57c0c8000 rw-p 00cf1000 08:01 803133                     /usr/lib/jvm/java-8-openjdk-amd64/jre/lib/amd64/server/libjvm.so
7fd57c0c8000-7fd57c0f8000 rw-p 00000000 00:00 0 
7fd57c0f8000-7fd57c110000 r-xp 00000000 08:01 2889200                    /lib/x86_64-linux-gnu/libpthread-2.23.so
7fd57c110000-7fd57c30f000 ---p 00018000 08:01 2889200                    /lib/x86_64-linux-gnu/libpthread-2.23.so
7fd57c30f000-7fd57c310000 r--p 00017000 08:01 2889200                    /lib/x86_64-linux-gnu/libpthread-2.23.so
7fd57c310000-7fd57c311000 rw-p 00018000 08:01 2889200                    /lib/x86_64-linux-gnu/libpthread-2.23.so
7fd57c311000-7fd57c315000 rw-p 00000000 00:00 0 
7fd57c315000-7fd57c318000 r-xp 00000000 08:01 2889078                    /lib/x86_64-linux-gnu/libdl-2.23.so
7fd57c318000-7fd57c517000 ---p 00003000 08:01 2889078                    /lib/x86_64-linux-gnu/libdl-2.23.so
7fd57c517000-7fd57c518000 r--p 00002000 08:01 2889078                    /lib/x86_64-linux-gnu/libdl-2.23.so
7fd57c518000-7fd57c519000 rw-p 00003000 08:01 2889078                    /lib/x86_64-linux-gnu/libdl-2.23.so
7fd57c519000-7fd57c532000 r-xp 00000000 08:01 2889245                    /lib/x86_64-linux-gnu/libz.so.1.2.8
7fd57c532000-7fd57c731000 ---p 00019000 08:01 2889245                    /lib/x86_64-linux-gnu/libz.so.1.2.8
7fd57c731000-7fd57c732000 r--p 00018000 08:01 2889245                    /lib/x86_64-linux-gnu/libz.so.1.2.8
7fd57c732000-7fd57c733000 rw-p 00019000 08:01 2889245                    /lib/x86_64-linux-gnu/libz.so.1.2.8
7fd57c733000-7fd57c8f3000 r-xp 00000000 08:01 2889054                    /lib/x86_64-linux-gnu/libc-2.23.so
7fd57c8f3000-7fd57caf3000 ---p 001c0000 08:01 2889054                    /lib/x86_64-linux-gnu/libc-2.23.so
7fd57caf3000-7fd57caf7000 r--p 001c0000 08:01 2889054                    /lib/x86_64-linux-gnu/libc-2.23.so
7fd57caf7000-7fd57caf9000 rw-p 001c4000 08:01 2889054                    /lib/x86_64-linux-gnu/libc-2.23.so
7fd57caf9000-7fd57cafd000 rw-p 00000000 00:00 0 
7fd57cafd000-7fd57cb0a000 r-xp 00000000 08:01 803131                     /usr/lib/jvm/java-8-openjdk-amd64/jre/lib/amd64/jli/libjli.so
7fd57cb0a000-7fd57cd0a000 ---p 0000d000 08:01 803131                     /usr/lib/jvm/java-8-openjdk-amd64/jre/lib/amd64/jli/libjli.so
7fd57cd0a000-7fd57cd0b000 r--p 0000d000 08:01 803131                     /usr/lib/jvm/java-8-openjdk-amd64/jre/lib/amd64/jli/libjli.so
7fd57cd0b000-7fd57cd0c000 rw-p 0000e000 08:01 803131                     /usr/lib/jvm/java-8-openjdk-amd64/jre/lib/amd64/jli/libjli.so
7fd57cd0c000-7fd57cd32000 r-xp 00000000 08:01 2889026                    /lib/x86_64-linux-gnu/ld-2.23.so
7fd57cd32000-7fd57cd35000 r--s 00038000 08:01 803179                     /usr/lib/jvm/java-8-openjdk-amd64/jre/lib/ext/sunpkcs11.jar
7fd57cd35000-7fd57cd37000 r--s 00001000 08:01 803180                     /usr/lib/jvm/java-8-openjdk-amd64/jre/lib/ext/dnsns.jar
7fd57cd37000-7fd57cd3a000 r--s 0000f000 08:01 803176                     /usr/lib/jvm/java-8-openjdk-amd64/jre/lib/ext/icedtea-sound.jar
7fd57cd3a000-7fd57ce0b000 rw-p 00000000 00:00 0 
7fd57ce0b000-7fd57ce0e000 ---p 00000000 00:00 0 
7fd57ce0e000-7fd57cf10000 rw-p 00000000 00:00 0 
7fd57cf10000-7fd57cf11000 r--s 00010000 08:01 803182                     /usr/lib/jvm/java-8-openjdk-amd64/jre/lib/ext/zipfs.jar
7fd57cf11000-7fd57cf17000 r--s 0003b000 08:01 803183                     /usr/lib/jvm/java-8-openjdk-amd64/jre/lib/ext/sunjce_provider.jar
7fd57cf17000-7fd57cf26000 rw-p 00000000 00:00 0 
7fd57cf26000-7fd57cf2e000 rw-s 00000000 08:01 1836275                    /tmp/hsperfdata_user/125111
7fd57cf2e000-7fd57cf2f000 rw-p 00000000 00:00 0 
7fd57cf2f000-7fd57cf30000 ---p 00000000 00:00 0 
7fd57cf30000-7fd57cf31000 rw-p 00000000 00:00 0 
7fd57cf31000-7fd57cf32000 r--p 00025000 08:01 2889026                    /lib/x86_64-linux-gnu/ld-2.23.so
7fd57cf32000-7fd57cf33000 rw-p 00026000 08:01 2889026                    /lib/x86_64-linux-gnu/ld-2.23.so
7fd57cf33000-7fd57cf34000 rw-p 00000000 00:00 0 
7fff77e1d000-7fff77e3e000 rw-p 00000000 00:00 0                          [stack]
7fff77e6e000-7fff77e71000 r--p 00000000 00:00 0                          [vvar]
7fff77e71000-7fff77e73000 r-xp 00000000 00:00 0                          [vdso]
ffffffffff600000-ffffffffff601000 r-xp 00000000 00:00 0                  [vsyscall]

VM Arguments:
jvm_args: -Xverify:none 
java_command: /home/user/.local/share/jupyter/kernels/scala/launcher.jar launch -r sonatype:releases -r sonatype:snapshots -i ammonite -I ammonite:org.jupyter-scala:ammonite-runtime_2.11.11:0.8.3-1 -I ammonite:org.jupyter-scala:scala-api_2.11.11:0.4.2 org.jupyter-scala:scala-cli_2.11.11:0.4.2 -- --id scala --name Scala --quiet --connection-file /run/user/1000/jupyter/kernel-dd0dea1f-73ff-49d5-a741-bdbc4b5579cd.json
java_class_path (initial): /home/user/.local/share/jupyter/kernels/scala/launcher.jar
Launcher Type: SUN_STANDARD

Environment Variables:
PATH=/home/user/anaconda3/bin:/home/user/anaconda3/bin:/home/user/bin:/home/user/.local/bin:/usr/local/sbin:/usr/local/bin:/usr/sbin:/usr/bin:/sbin:/bin:/usr/games:/usr/local/games:/snap/bin
SHELL=/bin/bash
DISPLAY=:0.0

Signal Handlers:
SIGSEGV: [libjvm.so+0xa71a70], sa_mask[0]=11111111011111111101111111111110, sa_flags=SA_RESTART|SA_SIGINFO
SIGBUS: [libjvm.so+0xa71a70], sa_mask[0]=11111111011111111101111111111110, sa_flags=SA_RESTART|SA_SIGINFO
SIGFPE: [libjvm.so+0x8b8f80], sa_mask[0]=11111111011111111101111111111110, sa_flags=SA_RESTART|SA_SIGINFO
SIGPIPE: [libjvm.so+0x8b8f80], sa_mask[0]=11111111011111111101111111111110, sa_flags=SA_RESTART|SA_SIGINFO
SIGXFSZ: [libjvm.so+0x8b8f80], sa_mask[0]=11111111011111111101111111111110, sa_flags=SA_RESTART|SA_SIGINFO
SIGILL: [libjvm.so+0x8b8f80], sa_mask[0]=11111111011111111101111111111110, sa_flags=SA_RESTART|SA_SIGINFO
SIGUSR1: SIG_DFL, sa_mask[0]=00000000000000000000000000000000, sa_flags=none
SIGUSR2: [libjvm.so+0x8b8e30], sa_mask[0]=00000000000000000000000000000000, sa_flags=SA_RESTART|SA_SIGINFO
SIGHUP: [libjvm.so+0x8b9300], sa_mask[0]=11111111011111111101111111111110, sa_flags=SA_RESTART|SA_SIGINFO
SIGINT: [libjvm.so+0x8b9300], sa_mask[0]=11111111011111111101111111111110, sa_flags=SA_RESTART|SA_SIGINFO
SIGTERM: [libjvm.so+0x8b9300], sa_mask[0]=11111111011111111101111111111110, sa_flags=SA_RESTART|SA_SIGINFO
SIGQUIT: [libjvm.so+0x8b9300], sa_mask[0]=11111111011111111101111111111110, sa_flags=SA_RESTART|SA_SIGINFO


---------------  S Y S T E M  ---------------

OS:DISTRIB_ID=Ubuntu
DISTRIB_RELEASE=16.04
DISTRIB_CODENAME=xenial
DISTRIB_DESCRIPTION="Ubuntu 16.04.5 LTS"

uname:Linux 4.15.0-33-generic #36~16.04.1-Ubuntu SMP Wed Aug 15 17:21:05 UTC 2018 x86_64
libc:glibc 2.23 NPTL 2.23 
rlimit: STACK 8192k, CORE 0k, NPROC 7646, NOFILE 1048576, AS infinity
load average:3.07 1.13 0.51

/proc/meminfo:
MemTotal:        3065896 kB
MemFree:           23664 kB
MemAvailable:      29560 kB
Buffers:             724 kB
Cached:            42948 kB
SwapCached:         2504 kB
Active:          2246824 kB
Inactive:         569484 kB
Active(anon):    2237792 kB
Inactive(anon):   559456 kB
Active(file):       9032 kB
Inactive(file):    10028 kB
Unevictable:          64 kB
Mlocked:              64 kB
SwapTotal:        998396 kB
SwapFree:              0 kB
Dirty:               216 kB
Writeback:             0 kB
AnonPages:       2770348 kB
Mapped:            32288 kB
Shmem:             24516 kB
Slab:              89444 kB
SReclaimable:      35520 kB
SUnreclaim:        53924 kB
KernelStack:       14400 kB
PageTables:        37312 kB
NFS_Unstable:          0 kB
Bounce:                0 kB
WritebackTmp:          0 kB
CommitLimit:     2531344 kB
Committed_AS:    7518864 kB
VmallocTotal:   34359738367 kB
VmallocUsed:           0 kB
VmallocChunk:          0 kB
HardwareCorrupted:     0 kB
AnonHugePages:         0 kB
ShmemHugePages:        0 kB
ShmemPmdMapped:        0 kB
CmaTotal:              0 kB
CmaFree:               0 kB
HugePages_Total:       0
HugePages_Free:        0
HugePages_Rsvd:        0
HugePages_Surp:        0
Hugepagesize:       2048 kB
DirectMap4k:      278400 kB
DirectMap2M:     2867200 kB
DirectMap1G:           0 kB


CPU:total 2 (initial active 2) (1 cores per cpu, 1 threads per core) family 6 model 78 stepping 3, cmov, cx8, fxsr, mmx, sse, sse2, sse3, ssse3, sse4.1, sse4.2, popcnt, avx, avx2, aes, clmul, erms, 3dnowpref, lzcnt, tsc, tscinvbit, bmi1, bmi2, adx

/proc/cpuinfo:
processor	: 0
vendor_id	: GenuineIntel
cpu family	: 6
model		: 78
model name	: Intel(R) Core(TM) i7-6500U CPU @ 2.50GHz
stepping	: 3
microcode	: 0xba
cpu MHz		: 2592.004
cache size	: 4096 KB
physical id	: 0
siblings	: 1
core id		: 0
cpu cores	: 1
apicid		: 0
initial apicid	: 0
fpu		: yes
fpu_exception	: yes
cpuid level	: 22
wp		: yes
flags		: fpu vme de pse tsc msr pae mce cx8 apic sep mtrr pge mca cmov pat pse36 clflush dts mmx fxsr sse sse2 ss syscall nx pdpe1gb rdtscp lm constant_tsc arch_perfmon pebs bts nopl xtopology tsc_reliable nonstop_tsc cpuid aperfmperf pni pclmulqdq ssse3 fma cx16 pcid sse4_1 sse4_2 x2apic movbe popcnt tsc_deadline_timer aes xsave avx f16c rdrand hypervisor lahf_lm abm 3dnowprefetch cpuid_fault epb invpcid_single pti fsgsbase tsc_adjust bmi1 avx2 smep bmi2 invpcid rdseed adx smap xsaveopt dtherm ida arat pln pts hwp hwp_notify hwp_act_window hwp_epp
bugs		: cpu_meltdown spectre_v1 spectre_v2 spec_store_bypass l1tf
bogomips	: 5184.00
clflush size	: 64
cache_alignment	: 64
address sizes	: 42 bits physical, 48 bits virtual
power management:

processor	: 1
vendor_id	: GenuineIntel
cpu family	: 6
model		: 78
model name	: Intel(R) Core(TM) i7-6500U CPU @ 2.50GHz
stepping	: 3
microcode	: 0xba
cpu MHz		: 2592.004
cache size	: 4096 KB
physical id	: 2
siblings	: 1
core id		: 0
cpu cores	: 1
apicid		: 2
initial apicid	: 2
fpu		: yes
fpu_exception	: yes
cpuid level	: 22
wp		: yes
flags		: fpu vme de pse tsc msr pae mce cx8 apic sep mtrr pge mca cmov pat pse36 clflush dts mmx fxsr sse sse2 ss syscall nx pdpe1gb rdtscp lm constant_tsc arch_perfmon pebs bts nopl xtopology tsc_reliable nonstop_tsc cpuid aperfmperf pni pclmulqdq ssse3 fma cx16 pcid sse4_1 sse4_2 x2apic movbe popcnt tsc_deadline_timer aes xsave avx f16c rdrand hypervisor lahf_lm abm 3dnowprefetch cpuid_fault epb invpcid_single pti fsgsbase tsc_adjust bmi1 avx2 smep bmi2 invpcid rdseed adx smap xsaveopt dtherm ida arat pln pts hwp hwp_notify hwp_act_window hwp_epp
bugs		: cpu_meltdown spectre_v1 spectre_v2 spec_store_bypass l1tf
bogomips	: 5184.00
clflush size	: 64
cache_alignment	: 64
address sizes	: 42 bits physical, 48 bits virtual
power management:



Memory: 4k page, physical 3065896k(23720k free), swap 998396k(0k free)

vm_info: OpenJDK 64-Bit Server VM (25.181-b13) for linux-amd64 JRE (1.8.0_181-8u181-b13-1ubuntu0.16.04.1-b13), built on Oct 23 2018 04:39:49 by "buildd" with gcc 5.4.0 20160609

time: Sun Dec  2 20:44:26 2018
elapsed time: 4 seconds (0d 0h 0m 4s)

