#
# There is insufficient memory for the Java Runtime Environment to continue.
# Native memory allocation (mmap) failed to map 55574528 bytes for committing reserved memory.
# Possible reasons:
#   The system is out of physical RAM or swap space
#   In 32 bit mode, the process size limit was hit
# Possible solutions:
#   Reduce memory load on the system
#   Increase physical memory or swap space
#   Check if swap backing store is full
#   Use 64 bit Java on a 64 bit OS
#   Decrease Java heap size (-Xmx/-Xms)
#   Decrease number of Java threads
#   Decrease Java thread stack sizes (-Xss)
#   Set larger code cache with -XX:ReservedCodeCacheSize=
# This output file may be truncated or incomplete.
#
#  Out of Memory Error (os_linux.cpp:2643), pid=125713, tid=0x00007f185fdfd700
#
# JRE version: OpenJDK Runtime Environment (8.0_181-b13) (build 1.8.0_181-8u181-b13-1ubuntu0.16.04.1-b13)
# Java VM: OpenJDK 64-Bit Server VM (25.181-b13 mixed mode linux-amd64 compressed oops)
# Failed to write core dump. Core dumps have been disabled. To enable core dumping, try "ulimit -c unlimited" before starting Java again
#

---------------  T H R E A D  ---------------

Current thread (0x00007f18740fb800):  VMThread [stack: 0x00007f185fcfd000,0x00007f185fdfe000] [id=125717]

Stack: [0x00007f185fcfd000,0x00007f185fdfe000],  sp=0x00007f185fdfc4a0,  free space=1021k
Native frames: (J=compiled Java code, j=interpreted, Vv=VM code, C=native code)
V  [libjvm.so+0xa70f1b]
V  [libjvm.so+0x4c893c]
V  [libjvm.so+0x8bda48]
V  [libjvm.so+0x8b7dde]
V  [libjvm.so+0x933246]
V  [libjvm.so+0x934573]
V  [libjvm.so+0x930c3b]
V  [libjvm.so+0x929a69]
V  [libjvm.so+0x44c943]
V  [libjvm.so+0xa724a9]
V  [libjvm.so+0xa77d67]
V  [libjvm.so+0xa75467]
V  [libjvm.so+0xa768ef]
V  [libjvm.so+0xa76de1]
V  [libjvm.so+0x8bae52]

VM_Operation (0x00007f187daa88c0): CollectForMetadataAllocation, mode: safepoint, requested by thread 0x00007f187400a800


---------------  P R O C E S S  ---------------

Java Threads: ( => current thread )
  0x00007f1824008000 JavaThread "pool-2-thread-6" daemon [_thread_blocked, id=125737, stack(0x00007f185e2c7000,0x00007f185e3c8000)]
  0x00007f187442c000 JavaThread "pool-2-thread-5" daemon [_thread_blocked, id=125736, stack(0x00007f185e3c8000,0x00007f185e4c9000)]
  0x00007f187442a800 JavaThread "pool-2-thread-4" daemon [_thread_blocked, id=125735, stack(0x00007f185e4c9000,0x00007f185e5ca000)]
  0x00007f1874429000 JavaThread "pool-2-thread-3" daemon [_thread_blocked, id=125734, stack(0x00007f185e5ca000,0x00007f185e6cb000)]
  0x00007f1874428000 JavaThread "pool-2-thread-2" daemon [_thread_blocked, id=125733, stack(0x00007f185e6cb000,0x00007f185e7cc000)]
  0x00007f1874427000 JavaThread "pool-2-thread-1" daemon [_thread_blocked, id=125732, stack(0x00007f185e8cd000,0x00007f185e9ce000)]
  0x00007f18741f7800 JavaThread "process reaper" daemon [_thread_blocked, id=125727, stack(0x00007f187801e000,0x00007f1878057000)]
  0x00007f1874141800 JavaThread "Service Thread" daemon [_thread_blocked, id=125723, stack(0x00007f185eccf000,0x00007f185edd0000)]
  0x00007f187413e800 JavaThread "C1 CompilerThread1" daemon [_thread_blocked, id=125722, stack(0x00007f185edd0000,0x00007f185eed1000)]
  0x00007f187413b800 JavaThread "C2 CompilerThread0" daemon [_thread_blocked, id=125721, stack(0x00007f185eed1000,0x00007f185efd2000)]
  0x00007f187413a000 JavaThread "Signal Dispatcher" daemon [_thread_blocked, id=125720, stack(0x00007f185efd2000,0x00007f185f0d3000)]
  0x00007f1874107800 JavaThread "Finalizer" daemon [_thread_blocked, id=125719, stack(0x00007f185fafb000,0x00007f185fbfc000)]
  0x00007f1874105000 JavaThread "Reference Handler" daemon [_thread_blocked, id=125718, stack(0x00007f185fbfc000,0x00007f185fcfd000)]
  0x00007f187400a800 JavaThread "main" [_thread_blocked, id=125714, stack(0x00007f187d9ae000,0x00007f187daaf000)]

Other Threads:
=>0x00007f18740fb800 VMThread [stack: 0x00007f185fcfd000,0x00007f185fdfe000] [id=125717]
  0x00007f1874143800 WatcherThread [stack: 0x00007f185ebce000,0x00007f185eccf000] [id=125724]

VM state:at safepoint (normal execution)

VM Mutex/Monitor currently owned by a thread:  ([mutex/lock_event])
[0x00007f1874006f80] Threads_lock - owner thread: 0x00007f18740fb800
[0x00007f1874007480] Heap_lock - owner thread: 0x00007f187400a800

Heap:
 PSYoungGen      total 52736K, used 3579K [0x00000000f0600000, 0x00000000f3d00000, 0x0000000100000000)
  eden space 49152K, 0% used [0x00000000f0600000,0x00000000f0600000,0x00000000f3600000)
  from space 3584K, 99% used [0x00000000f3600000,0x00000000f397ef90,0x00000000f3980000)
  to   space 3072K, 0% used [0x00000000f3a00000,0x00000000f3a00000,0x00000000f3d00000)
 ParOldGen       total 32768K, used 8180K [0x00000000d1200000, 0x00000000d3200000, 0x00000000f0600000)
  object space 32768K, 24% used [0x00000000d1200000,0x00000000d19fd010,0x00000000d3200000)
 Metaspace       used 20793K, capacity 21102K, committed 21248K, reserved 1067008K
  class space    used 3426K, capacity 3513K, committed 3584K, reserved 1048576K

Card table byte_map: [0x00007f1879ee7000,0x00007f187a05f000] byte_map_base: 0x00007f187985e000

Marking Bits: (ParMarkBitMap*) 0x00007f187cc7e3a0
 Begin Bits: [0x00007f187847b000, 0x00007f1879033000)
 End Bits:   [0x00007f1879033000, 0x00007f1879beb000)

Polling page: 0x00007f187dad2000

CodeCache: size=245760Kb used=6506Kb max_used=6517Kb free=239253Kb
 bounds [0x00007f1865000000, 0x00007f1865670000, 0x00007f1874000000]
 total_blobs=2760 nmethods=2363 adapters=311
 compilation: enabled

Compilation events (10 events):
Event: 5.049 Thread 0x00007f187413e800 2371       3       java.lang.String::lastIndexOf (25 bytes)
Event: 5.049 Thread 0x00007f187413e800 nmethod 2371 0x00007f1865658690 code [0x00007f1865658800, 0x00007f18656589a8]
Event: 5.095 Thread 0x00007f187413e800 2374       3       sun.misc.ASCIICaseInsensitiveComparator::compare (126 bytes)
Event: 5.096 Thread 0x00007f187413e800 nmethod 2374 0x00007f186565b290 code [0x00007f186565b4a0, 0x00007f186565c098]
Event: 5.097 Thread 0x00007f187413b800 2375       4       java.lang.String::equalsIgnoreCase (48 bytes)
Event: 5.104 Thread 0x00007f187413b800 nmethod 2375 0x00007f186565f990 code [0x00007f186565fb20, 0x00007f18656601d8]
Event: 5.108 Thread 0x00007f187413e800 2376       3       java.io.OutputStream::<init> (5 bytes)
Event: 5.108 Thread 0x00007f187413e800 nmethod 2376 0x00007f186565f590 code [0x00007f186565f700, 0x00007f186565f8b0]
Event: 5.116 Thread 0x00007f187413e800 2377       1       scala.UniquenessCache::map (5 bytes)
Event: 5.116 Thread 0x00007f187413e800 nmethod 2377 0x00007f186565f2d0 code [0x00007f186565f420, 0x00007f186565f530]

GC Heap History (10 events):
Event: 1.312 GC heap after
Heap after GC invocations=2 (full 0):
 PSYoungGen      total 14336K, used 2032K [0x00000000f0600000, 0x00000000f2200000, 0x0000000100000000)
  eden space 12288K, 0% used [0x00000000f0600000,0x00000000f0600000,0x00000000f1200000)
  from space 2048K, 99% used [0x00000000f1400000,0x00000000f15fc030,0x00000000f1600000)
  to   space 2048K, 0% used [0x00000000f1200000,0x00000000f1200000,0x00000000f1400000)
 ParOldGen       total 32768K, used 1482K [0x00000000d1200000, 0x00000000d3200000, 0x00000000f0600000)
  object space 32768K, 4% used [0x00000000d1200000,0x00000000d1372b70,0x00000000d3200000)
 Metaspace       used 9803K, capacity 9982K, committed 10240K, reserved 1058816K
  class space    used 1640K, capacity 1703K, committed 1792K, reserved 1048576K
}
Event: 1.714 GC heap before
{Heap before GC invocations=3 (full 0):
 PSYoungGen      total 14336K, used 14320K [0x00000000f0600000, 0x00000000f2200000, 0x0000000100000000)
  eden space 12288K, 100% used [0x00000000f0600000,0x00000000f1200000,0x00000000f1200000)
  from space 2048K, 99% used [0x00000000f1400000,0x00000000f15fc030,0x00000000f1600000)
  to   space 2048K, 0% used [0x00000000f1200000,0x00000000f1200000,0x00000000f1400000)
 ParOldGen       total 32768K, used 1482K [0x00000000d1200000, 0x00000000d3200000, 0x00000000f0600000)
  object space 32768K, 4% used [0x00000000d1200000,0x00000000d1372b70,0x00000000d3200000)
 Metaspace       used 12987K, capacity 13234K, committed 13312K, reserved 1060864K
  class space    used 2215K, capacity 2279K, committed 2304K, reserved 1048576K
Event: 1.720 GC heap after
Heap after GC invocations=3 (full 0):
 PSYoungGen      total 14336K, used 2031K [0x00000000f0600000, 0x00000000f2200000, 0x0000000100000000)
  eden space 12288K, 0% used [0x00000000f0600000,0x00000000f0600000,0x00000000f1200000)
  from space 2048K, 99% used [0x00000000f1200000,0x00000000f13fbca0,0x00000000f1400000)
  to   space 2048K, 0% used [0x00000000f2000000,0x00000000f2000000,0x00000000f2200000)
 ParOldGen       total 32768K, used 3027K [0x00000000d1200000, 0x00000000d3200000, 0x00000000f0600000)
  object space 32768K, 9% used [0x00000000d1200000,0x00000000d14f4ee8,0x00000000d3200000)
 Metaspace       used 12987K, capacity 13234K, committed 13312K, reserved 1060864K
  class space    used 2215K, capacity 2279K, committed 2304K, reserved 1048576K
}
Event: 1.970 GC heap before
{Heap before GC invocations=4 (full 0):
 PSYoungGen      total 14336K, used 14319K [0x00000000f0600000, 0x00000000f2200000, 0x0000000100000000)
  eden space 12288K, 100% used [0x00000000f0600000,0x00000000f1200000,0x00000000f1200000)
  from space 2048K, 99% used [0x00000000f1200000,0x00000000f13fbca0,0x00000000f1400000)
  to   space 2048K, 0% used [0x00000000f2000000,0x00000000f2000000,0x00000000f2200000)
 ParOldGen       total 32768K, used 3027K [0x00000000d1200000, 0x00000000d3200000, 0x00000000f0600000)
  object space 32768K, 9% used [0x00000000d1200000,0x00000000d14f4ee8,0x00000000d3200000)
 Metaspace       used 13911K, capacity 14142K, committed 14336K, reserved 1060864K
  class space    used 2382K, capacity 2473K, committed 2560K, reserved 1048576K
Event: 1.977 GC heap after
Heap after GC invocations=4 (full 0):
 PSYoungGen      total 26624K, used 2018K [0x00000000f0600000, 0x00000000f2200000, 0x0000000100000000)
  eden space 24576K, 0% used [0x00000000f0600000,0x00000000f0600000,0x00000000f1e00000)
  from space 2048K, 98% used [0x00000000f2000000,0x00000000f21f88e0,0x00000000f2200000)
  to   space 2048K, 0% used [0x00000000f1e00000,0x00000000f1e00000,0x00000000f2000000)
 ParOldGen       total 32768K, used 3599K [0x00000000d1200000, 0x00000000d3200000, 0x00000000f0600000)
  object space 32768K, 10% used [0x00000000d1200000,0x00000000d1583d00,0x00000000d3200000)
 Metaspace       used 13911K, capacity 14142K, committed 14336K, reserved 1060864K
  class space    used 2382K, capacity 2473K, committed 2560K, reserved 1048576K
}
Event: 2.306 GC heap before
{Heap before GC invocations=5 (full 0):
 PSYoungGen      total 26624K, used 26594K [0x00000000f0600000, 0x00000000f2200000, 0x0000000100000000)
  eden space 24576K, 100% used [0x00000000f0600000,0x00000000f1e00000,0x00000000f1e00000)
  from space 2048K, 98% used [0x00000000f2000000,0x00000000f21f88e0,0x00000000f2200000)
  to   space 2048K, 0% used [0x00000000f1e00000,0x00000000f1e00000,0x00000000f2000000)
 ParOldGen       total 32768K, used 3599K [0x00000000d1200000, 0x00000000d3200000, 0x00000000f0600000)
  object space 32768K, 10% used [0x00000000d1200000,0x00000000d1583d00,0x00000000d3200000)
 Metaspace       used 14265K, capacity 14494K, committed 14848K, reserved 1060864K
  class space    used 2431K, capacity 2505K, committed 2560K, reserved 1048576K
Event: 2.314 GC heap after
Heap after GC invocations=5 (full 0):
 PSYoungGen      total 26624K, used 2019K [0x00000000f0600000, 0x00000000f3e00000, 0x0000000100000000)
  eden space 24576K, 0% used [0x00000000f0600000,0x00000000f0600000,0x00000000f1e00000)
  from space 2048K, 98% used [0x00000000f1e00000,0x00000000f1ff8cd0,0x00000000f2000000)
  to   space 4096K, 0% used [0x00000000f3a00000,0x00000000f3a00000,0x00000000f3e00000)
 ParOldGen       total 32768K, used 4143K [0x00000000d1200000, 0x00000000d3200000, 0x00000000f0600000)
  object space 32768K, 12% used [0x00000000d1200000,0x00000000d160bd00,0x00000000d3200000)
 Metaspace       used 14265K, capacity 14494K, committed 14848K, reserved 1060864K
  class space    used 2431K, capacity 2505K, committed 2560K, reserved 1048576K
}
Event: 4.497 GC heap before
{Heap before GC invocations=6 (full 0):
 PSYoungGen      total 26624K, used 26595K [0x00000000f0600000, 0x00000000f3e00000, 0x0000000100000000)
  eden space 24576K, 100% used [0x00000000f0600000,0x00000000f1e00000,0x00000000f1e00000)
  from space 2048K, 98% used [0x00000000f1e00000,0x00000000f1ff8cd0,0x00000000f2000000)
  to   space 4096K, 0% used [0x00000000f3a00000,0x00000000f3a00000,0x00000000f3e00000)
 ParOldGen       total 32768K, used 4143K [0x00000000d1200000, 0x00000000d3200000, 0x00000000f0600000)
  object space 32768K, 12% used [0x00000000d1200000,0x00000000d160bd00,0x00000000d3200000)
 Metaspace       used 14989K, capacity 15374K, committed 15488K, reserved 1062912K
  class space    used 2534K, capacity 2649K, committed 2688K, reserved 1048576K
Event: 4.521 GC heap after
Heap after GC invocations=6 (full 0):
 PSYoungGen      total 52224K, used 2832K [0x00000000f0600000, 0x00000000f3d00000, 0x0000000100000000)
  eden space 49152K, 0% used [0x00000000f0600000,0x00000000f0600000,0x00000000f3600000)
  from space 3072K, 92% used [0x00000000f3a00000,0x00000000f3cc41e8,0x00000000f3d00000)
  to   space 3584K, 0% used [0x00000000f3600000,0x00000000f3600000,0x00000000f3980000)
 ParOldGen       total 32768K, used 4143K [0x00000000d1200000, 0x00000000d3200000, 0x00000000f0600000)
  object space 32768K, 12% used [0x00000000d1200000,0x00000000d160bd00,0x00000000d3200000)
 Metaspace       used 14989K, capacity 15374K, committed 15488K, reserved 1062912K
  class space    used 2534K, capacity 2649K, committed 2688K, reserved 1048576K
}
Event: 5.121 GC heap before
{Heap before GC invocations=7 (full 0):
 PSYoungGen      total 52224K, used 40301K [0x00000000f0600000, 0x00000000f3d00000, 0x0000000100000000)
  eden space 49152K, 76% used [0x00000000f0600000,0x00000000f2a97460,0x00000000f3600000)
  from space 3072K, 92% used [0x00000000f3a00000,0x00000000f3cc41e8,0x00000000f3d00000)
  to   space 3584K, 0% used [0x00000000f3600000,0x00000000f3600000,0x00000000f3980000)
 ParOldGen       total 32768K, used 4143K [0x00000000d1200000, 0x00000000d3200000, 0x00000000f0600000)
  object space 32768K, 12% used [0x00000000d1200000,0x00000000d160bd00,0x00000000d3200000)
 Metaspace       used 20793K, capacity 21102K, committed 21248K, reserved 1067008K
  class space    used 3426K, capacity 3513K, committed 3584K, reserved 1048576K

Deoptimization events (10 events):
Event: 4.329 Thread 0x00007f187400a800 Uncommon trap: reason=unstable_if action=reinterpret pc=0x00007f186523dcd4 method=java.lang.CharacterDataLatin1.toUpperCase(I)I @ 12
Event: 4.334 Thread 0x00007f187400a800 Uncommon trap: reason=unstable_if action=reinterpret pc=0x00007f18651a1560 method=sun.misc.URLClassPath.getLoader(I)Lsun/misc/URLClassPath$Loader; @ 36
Event: 4.334 Thread 0x00007f187400a800 Uncommon trap: reason=unstable_if action=reinterpret pc=0x00007f18651ce134 method=sun.misc.URLClassPath$JarLoader.ensureOpen()V @ 4
Event: 4.436 Thread 0x00007f187400a800 Uncommon trap: reason=bimorphic action=maybe_recompile pc=0x00007f18652f0558 method=java.lang.ClassLoader.loadClass(Ljava/lang/String;Z)Ljava/lang/Class; @ 38
Event: 4.436 Thread 0x00007f187400a800 Uncommon trap: reason=unstable_if action=reinterpret pc=0x00007f18652f03c0 method=java.lang.ClassLoader.getClassLoadingLock(Ljava/lang/String;)Ljava/lang/Object; @ 6
Event: 4.436 Thread 0x00007f187400a800 Uncommon trap: reason=unstable_if action=reinterpret pc=0x00007f186556e238 method=java.util.jar.JarFile.getManEntry()Ljava/util/jar/JarEntry; @ 4
Event: 4.464 Thread 0x00007f187400a800 Uncommon trap: reason=unstable_if action=reinterpret pc=0x00007f186520eb54 method=sun.net.www.ParseUtil.encodePath(Ljava/lang/String;Z)Ljava/lang/String; @ 116
Event: 4.843 Thread 0x00007f187400a800 Uncommon trap: reason=unstable_if action=reinterpret pc=0x00007f1865316f5c method=java.lang.CharacterDataLatin1.digit(II)I @ 82
Event: 4.948 Thread 0x00007f187400a800 Uncommon trap: reason=class_check action=maybe_recompile pc=0x00007f18653b1494 method=java.util.regex.Pattern$Slice.match(Ljava/util/regex/Matcher;ILjava/lang/CharSequence;)Z @ 75
Event: 4.981 Thread 0x00007f187400a800 Uncommon trap: reason=unstable_if action=reinterpret pc=0x00007f186564f2a4 method=java.util.zip.ZipFile$ZipFileInputStream.read([BII)I @ 46

Classes redefined (0 events):
No events

Internal exceptions (10 events):
Event: 0.599 Thread 0x00007f187400a800 Exception <a 'java/security/PrivilegedActionException'> (0x00000000f0685058) thrown at [/build/openjdk-8-lTwZJE/openjdk-8-8u181-b13/src/hotspot/src/share/vm/prims/jvm.cpp, line 1435]
Event: 0.600 Thread 0x00007f187400a800 Exception <a 'java/security/PrivilegedActionException'> (0x00000000f06870e0) thrown at [/build/openjdk-8-lTwZJE/openjdk-8-8u181-b13/src/hotspot/src/share/vm/prims/jvm.cpp, line 1435]
Event: 0.600 Thread 0x00007f187400a800 Exception <a 'java/security/PrivilegedActionException'> (0x00000000f06872f0) thrown at [/build/openjdk-8-lTwZJE/openjdk-8-8u181-b13/src/hotspot/src/share/vm/prims/jvm.cpp, line 1435]
Event: 0.600 Thread 0x00007f187400a800 Exception <a 'java/security/PrivilegedActionException'> (0x00000000f0687dc8) thrown at [/build/openjdk-8-lTwZJE/openjdk-8-8u181-b13/src/hotspot/src/share/vm/prims/jvm.cpp, line 1435]
Event: 0.600 Thread 0x00007f187400a800 Exception <a 'java/security/PrivilegedActionException'> (0x00000000f0687fd8) thrown at [/build/openjdk-8-lTwZJE/openjdk-8-8u181-b13/src/hotspot/src/share/vm/prims/jvm.cpp, line 1435]
Event: 1.305 Thread 0x00007f187400a800 Exception <a 'java/lang/NoSuchFieldError': method resolution failed> (0x00000000f11fa550) thrown at [/build/openjdk-8-lTwZJE/openjdk-8-8u181-b13/src/hotspot/src/share/vm/prims/methodHandles.cpp, line 1167]
Event: 1.313 Thread 0x00007f187400a800 Exception <a 'java/lang/NoSuchFieldError': method resolution failed> (0x00000000f0607d80) thrown at [/build/openjdk-8-lTwZJE/openjdk-8-8u181-b13/src/hotspot/src/share/vm/prims/methodHandles.cpp, line 1167]
Event: 1.630 Thread 0x00007f187442c000 Implicit null exception at 0x00007f18651cd59b to 0x00007f18651cd751
Event: 4.849 Thread 0x00007f187400a800 Exception <a 'java/io/FileNotFoundException'> (0x00000000f1af25e0) thrown at [/build/openjdk-8-lTwZJE/openjdk-8-8u181-b13/src/hotspot/src/share/vm/prims/jni.cpp, line 709]
Event: 4.975 Thread 0x00007f187400a800 Exception <a 'java/lang/NoSuchMethodError': org.slf4j.impl.StaticMDCBinder.getSingleton()Lorg/slf4j/impl/StaticMDCBinder;> (0x00000000f231eb70) thrown at [/build/openjdk-8-lTwZJE/openjdk-8-8u181-b13/src/hotspot/src/share/vm/interpreter/linkResolver.cpp, l

Events (10 events):
Event: 5.118 loading class jupyter/kernel/protocol/ShellRequest$Execute$ done
Event: 5.118 loading class scala/runtime/AbstractFunction6
Event: 5.118 loading class scala/runtime/AbstractFunction6 done
Event: 5.119 loading class scala/Function6
Event: 5.119 loading class scala/Function6 done
Event: 5.119 loading class scala/Function6$class
Event: 5.119 loading class scala/Function6$class done
Event: 5.119 loading class jupyter/kernel/protocol/ShellRequestDecodeJsons$anon$derivedDecodeJson$macro$1753$1$anon$macro$1742$1
Event: 5.119 loading class jupyter/kernel/protocol/ShellRequestDecodeJsons$anon$derivedDecodeJson$macro$1753$1$anon$macro$1742$1 done
Event: 5.121 Executing VM operation: CollectForMetadataAllocation


Dynamic libraries:
00400000-00401000 r-xp 00000000 08:01 803085                             /usr/lib/jvm/java-8-openjdk-amd64/jre/bin/java
00600000-00601000 r--p 00000000 08:01 803085                             /usr/lib/jvm/java-8-openjdk-amd64/jre/bin/java
00601000-00602000 rw-p 00001000 08:01 803085                             /usr/lib/jvm/java-8-openjdk-amd64/jre/bin/java
02494000-025ae000 rw-p 00000000 00:00 0                                  [heap]
d1200000-d3200000 rw-p 00000000 00:00 0 
d3200000-f0600000 ---p 00000000 00:00 0 
f0600000-f3d00000 rw-p 00000000 00:00 0 
f7200000-100000000 ---p 00000000 00:00 0 
100000000-100380000 rw-p 00000000 00:00 0 
100380000-140000000 ---p 00000000 00:00 0 
7f1824000000-7f182416b000 rw-p 00000000 00:00 0 
7f182416b000-7f1828000000 ---p 00000000 00:00 0 
7f1828fff000-7f182c000000 rw-p 00000000 00:00 0 
7f182c000000-7f182c1e4000 rw-p 00000000 00:00 0 
7f182c1e4000-7f1830000000 ---p 00000000 00:00 0 
7f1830000000-7f1830085000 rw-p 00000000 00:00 0 
7f1830085000-7f1834000000 ---p 00000000 00:00 0 
7f1834000000-7f1834021000 rw-p 00000000 00:00 0 
7f1834021000-7f1838000000 ---p 00000000 00:00 0 
7f1838000000-7f1838021000 rw-p 00000000 00:00 0 
7f1838021000-7f183c000000 ---p 00000000 00:00 0 
7f183c000000-7f183cb52000 rw-p 00000000 00:00 0 
7f183cb52000-7f1840000000 ---p 00000000 00:00 0 
7f1840000000-7f1840021000 rw-p 00000000 00:00 0 
7f1840021000-7f1844000000 ---p 00000000 00:00 0 
7f1844000000-7f1844021000 rw-p 00000000 00:00 0 
7f1844021000-7f1848000000 ---p 00000000 00:00 0 
7f1848000000-7f1849969000 rw-p 00000000 00:00 0 
7f1849969000-7f184c000000 ---p 00000000 00:00 0 
7f184c000000-7f184c021000 rw-p 00000000 00:00 0 
7f184c021000-7f1850000000 ---p 00000000 00:00 0 
7f1850000000-7f1850021000 rw-p 00000000 00:00 0 
7f1850021000-7f1854000000 ---p 00000000 00:00 0 
7f1854000000-7f1854021000 rw-p 00000000 00:00 0 
7f1854021000-7f1858000000 ---p 00000000 00:00 0 
7f1858000000-7f1858026000 rw-p 00000000 00:00 0 
7f1858026000-7f185c000000 ---p 00000000 00:00 0 
7f185d19f000-7f185d1b6000 r-xp 00000000 08:01 803144                     /usr/lib/jvm/java-8-openjdk-amd64/jre/lib/amd64/libnet.so
7f185d1b6000-7f185d3b5000 ---p 00017000 08:01 803144                     /usr/lib/jvm/java-8-openjdk-amd64/jre/lib/amd64/libnet.so
7f185d3b5000-7f185d3b6000 r--p 00016000 08:01 803144                     /usr/lib/jvm/java-8-openjdk-amd64/jre/lib/amd64/libnet.so
7f185d3b6000-7f185d3b7000 rw-p 00017000 08:01 803144                     /usr/lib/jvm/java-8-openjdk-amd64/jre/lib/amd64/libnet.so
7f185d3b7000-7f185d3c8000 r-xp 00000000 08:01 803143                     /usr/lib/jvm/java-8-openjdk-amd64/jre/lib/amd64/libnio.so
7f185d3c8000-7f185d5c8000 ---p 00011000 08:01 803143                     /usr/lib/jvm/java-8-openjdk-amd64/jre/lib/amd64/libnio.so
7f185d5c8000-7f185d5c9000 r--p 00011000 08:01 803143                     /usr/lib/jvm/java-8-openjdk-amd64/jre/lib/amd64/libnio.so
7f185d5c9000-7f185d5ca000 rw-p 00012000 08:01 803143                     /usr/lib/jvm/java-8-openjdk-amd64/jre/lib/amd64/libnio.so
7f185d5ca000-7f185d70a000 rw-p 00000000 00:00 0 
7f185d70a000-7f185d7ca000 ---p 00000000 00:00 0 
7f185d7ca000-7f185d9ca000 rw-p 00000000 00:00 0 
7f185d9ca000-7f185d9cb000 r--s 00006000 08:01 807207                     /home/user/.coursier/cache/v1/https/repo1.maven.org/maven2/com/github/alexarchambault/case-app-annotations_2.11/1.1.3/case-app-annotations_2.11-1.1.3.jar
7f185d9cb000-7f185d9ce000 r--s 00011000 08:01 807203                     /home/user/.coursier/cache/v1/https/repo1.maven.org/maven2/com/lihaoyi/fastparse-utils_2.11/0.4.2/fastparse-utils_2.11-0.4.2.jar
7f185d9ce000-7f185d9e1000 r--s 000bb000 08:01 807205                     /home/user/.coursier/cache/v1/https/repo1.maven.org/maven2/org/jupyter-scala/kernel_2.11/0.4.1/kernel_2.11-0.4.1.jar
7f185d9e1000-7f185d9e3000 r--s 0000a000 08:01 807225                     /home/user/.coursier/cache/v1/https/repo1.maven.org/maven2/com/github/alexarchambault/case-app-util_2.11/1.1.3/case-app-util_2.11-1.1.3.jar
7f185d9e3000-7f185d9ea000 r--s 00042000 08:01 807208                     /home/user/.coursier/cache/v1/https/repo1.maven.org/maven2/com/github/alexarchambault/case-app_2.11/1.1.3/case-app_2.11-1.1.3.jar
7f185d9ea000-7f185d9eb000 r--s 00000000 08:01 807233                     /home/user/.coursier/cache/v1/https/repo1.maven.org/maven2/org/typelevel/macro-compat_2.11/1.1.1/macro-compat_2.11-1.1.1.jar
7f185d9eb000-7f185d9f6000 r--s 00069000 08:01 807253                     /home/user/.coursier/cache/v1/https/repo1.maven.org/maven2/ch/qos/logback/logback-core/1.2.1/logback-core-1.2.1.jar
7f185d9f6000-7f185d9f9000 r--s 00015000 08:01 807242                     /home/user/.coursier/cache/v1/https/repo1.maven.org/maven2/org/jupyter-scala/scala-cli_2.11.11/0.4.2/scala-cli_2.11.11-0.4.2.jar
7f185d9f9000-7f185d9fb000 r--s 00009000 08:01 807266                     /home/user/.coursier/cache/v1/https/repo1.maven.org/maven2/org/slf4j/slf4j-api/1.7.22/slf4j-api-1.7.22.jar
7f185d9fb000-7f185da05000 r--s 00074000 08:01 807377                     /home/user/.coursier/cache/v1/https/repo1.maven.org/maven2/org/jupyter-scala/ammonite-compiler_2.11.11/0.8.3-1/ammonite-compiler_2.11.11-0.8.3-1.jar
7f185da05000-7f185da0b000 r--s 00046000 08:01 807275                     /home/user/.coursier/cache/v1/https/repo1.maven.org/maven2/ch/qos/logback/logback-classic/1.2.1/logback-classic-1.2.1.jar
7f185da0b000-7f185da0c000 r--s 00008000 08:01 807293                     /home/user/.coursier/cache/v1/https/repo1.maven.org/maven2/com/typesafe/scala-logging/scala-logging_2.11/3.5.0/scala-logging_2.11-3.5.0.jar
7f185da0c000-7f185da11000 r--s 00044000 08:01 807300                     /home/user/.coursier/cache/v1/https/repo1.maven.org/maven2/org/scodec/scodec-bits_2.11/1.1.2/scodec-bits_2.11-1.1.2.jar
7f185da11000-7f185da1b000 r--s 00069000 08:01 807307                     /home/user/.coursier/cache/v1/https/repo1.maven.org/maven2/com/lihaoyi/scalaparse_2.11/0.4.2/scalaparse_2.11-0.4.2.jar
7f185da1b000-7f185da1e000 r--s 00016000 08:01 807311                     /home/user/.coursier/cache/v1/https/repo1.maven.org/maven2/org/jupyter-scala/scala-kernel_2.11.11/0.4.2/scala-kernel_2.11.11-0.4.2.jar
7f185da1e000-7f185da22000 r--s 00029000 08:01 807324                     /home/user/.coursier/cache/v1/https/repo1.maven.org/maven2/org/jupyter-scala/kernel-protocol_2.11/0.4.1/kernel-protocol_2.11-0.4.1.jar
7f185da22000-7f185da52000 r--s 001c7000 08:01 807281                     /home/user/.coursier/cache/v1/https/repo1.maven.org/maven2/io/argonaut/argonaut_2.11/6.2/argonaut_2.11-6.2.jar
7f185da52000-7f185da58000 r--s 0004d000 08:01 807344                     /home/user/.coursier/cache/v1/https/repo1.maven.org/maven2/com/lihaoyi/fastparse_2.11/0.4.2/fastparse_2.11-0.4.2.jar
7f185da58000-7f185da5c000 r--s 0001b000 08:01 807362                     /home/user/.coursier/cache/v1/https/repo1.maven.org/maven2/com/github/alexarchambault/argonaut-shapeless_6.2_2.11/1.2.0-M5/argonaut-shapeless_6.2_2.11-1.2.0-M5.jar
7f185da5c000-7f185da7f000 r--s 00155000 08:01 807348                     /home/user/.coursier/cache/v1/https/repo1.maven.org/maven2/org/scalaz/stream/scalaz-stream_2.11/0.8.6a/scalaz-stream_2.11-0.8.6a.jar
7f185da7f000-7f185da84000 r--s 00039000 08:01 807259                     /home/user/.coursier/cache/v1/https/repo1.maven.org/maven2/org/zeromq/jeromq/0.3.6/jeromq-0.3.6.jar
7f185da84000-7f185daca000 r--s 00317000 08:01 807336                     /home/user/.coursier/cache/v1/https/repo1.maven.org/maven2/com/chuusai/shapeless_2.11/2.3.2/shapeless_2.11-2.3.2.jar
7f185daca000-7f185dad2000 r--s 0004b000 08:01 807374                     /home/user/.coursier/cache/v1/https/repo1.maven.org/maven2/io/get-coursier/coursier-cache_2.11/1.0.0-RC2/coursier-cache_2.11-1.0.0-RC2.jar
7f185dad2000-7f185dad7000 r--s 00047000 08:01 807328                     /home/user/.coursier/cache/v1/https/repo1.maven.org/maven2/org/jupyter-scala/ammonite-ops_2.11/0.8.3-1/ammonite-ops_2.11-0.8.3-1.jar
7f185dad7000-7f185dae1000 r--s 0009a000 08:01 807217                     /home/user/.coursier/cache/v1/https/repo1.maven.org/maven2/org/scala-lang/modules/scala-xml_2.11/1.0.6/scala-xml_2.11-1.0.6.jar
7f185dae1000-7f185dae3000 r--s 0000f000 08:01 807314                     /home/user/.coursier/cache/v1/https/repo1.maven.org/maven2/com/lihaoyi/derive_2.11/0.4.4/derive_2.11-0.4.4.jar
7f185dae3000-7f185dae5000 r--s 00012000 08:01 807339                     /home/user/.coursier/cache/v1/https/repo1.maven.org/maven2/com/lihaoyi/fansi_2.11/0.2.3/fansi_2.11-0.2.3.jar
7f185dae5000-7f185dae9000 r--s 00023000 08:01 807360                     /home/user/.coursier/cache/v1/https/repo1.maven.org/maven2/org/scalaj/scalaj-http_2.11/2.3.0/scalaj-http_2.11-2.3.0.jar
7f185dae9000-7f185daf4000 r--s 0005d000 08:01 807365                     /home/user/.coursier/cache/v1/https/repo1.maven.org/maven2/org/scala-lang/modules/scala-parser-combinators_2.11/1.0.4/scala-parser-combinators_2.11-1.0.4.jar
7f185daf4000-7f185db4d000 r--s 00523000 08:01 807237                     /home/user/.coursier/cache/v1/https/repo1.maven.org/maven2/org/scala-lang/scala-library/2.11.11/scala-library-2.11.11.jar
7f185db4d000-7f185db58000 r--s 00074000 08:01 807252                     /home/user/.coursier/cache/v1/https/repo1.maven.org/maven2/org/jupyter-scala/ammonite-runtime_2.11.11/0.8.3-1/ammonite-runtime_2.11.11-0.8.3-1.jar
7f185db58000-7f185db60000 r--s 0004c000 08:01 807222                     /home/user/.coursier/cache/v1/https/repo1.maven.org/maven2/org/scalaz/scalaz-concurrent_2.11/7.2.8/scalaz-concurrent_2.11-7.2.8.jar
7f185db60000-7f185db63000 r--s 0001a000 08:01 807269                     /home/user/.coursier/cache/v1/https/repo1.maven.org/maven2/com/lihaoyi/sourcecode_2.11/0.1.3/sourcecode_2.11-0.1.3.jar
7f185db63000-7f185db65000 r--s 0000d000 08:01 807262                     /home/user/.coursier/cache/v1/https/repo1.maven.org/maven2/com/lihaoyi/geny_2.11/0.1.1/geny_2.11-0.1.1.jar
7f185db65000-7f185db67000 r--s 00016000 08:01 807235                     /home/user/.coursier/cache/v1/https/repo1.maven.org/maven2/org/jupyter-scala/ammonite-util_2.11.11/0.8.3-1/ammonite-util_2.11.11-0.8.3-1.jar
7f185db67000-7f185db6c000 r--s 00048000 08:01 807334                     /home/user/.coursier/cache/v1/https/repo1.maven.org/maven2/com/lihaoyi/pprint_2.11/0.4.4/pprint_2.11-0.4.4.jar
7f185db6c000-7f185dbb8000 r--s 00418000 08:01 807351                     /home/user/.coursier/cache/v1/https/repo1.maven.org/maven2/org/scala-lang/scala-reflect/2.11.11/scala-reflect-2.11.11.jar
7f185dbb8000-7f185dcc5000 r--s 00dd4000 08:01 807246                     /home/user/.coursier/cache/v1/https/repo1.maven.org/maven2/org/scala-lang/scala-compiler/2.11.11/scala-compiler-2.11.11.jar
7f185dcc5000-7f185dcc8000 ---p 00000000 00:00 0 
7f185dcc8000-7f185ddc6000 rw-p 00000000 00:00 0 
7f185ddc6000-7f185ddc9000 ---p 00000000 00:00 0 
7f185ddc9000-7f185e0c7000 rw-p 00000000 00:00 0 
7f185e0c7000-7f185e2c7000 rw-p 00000000 00:00 0 
7f185e2c7000-7f185e2ca000 ---p 00000000 00:00 0 
7f185e2ca000-7f185e3c8000 rw-p 00000000 00:00 0 
7f185e3c8000-7f185e3cb000 ---p 00000000 00:00 0 
7f185e3cb000-7f185e4c9000 rw-p 00000000 00:00 0 
7f185e4c9000-7f185e4cc000 ---p 00000000 00:00 0 
7f185e4cc000-7f185e5ca000 rw-p 00000000 00:00 0 
7f185e5ca000-7f185e5cd000 ---p 00000000 00:00 0 
7f185e5cd000-7f185e6cb000 rw-p 00000000 00:00 0 
7f185e6cb000-7f185e6ce000 ---p 00000000 00:00 0 
7f185e6ce000-7f185e7cc000 rw-p 00000000 00:00 0 
7f185e7cc000-7f185e7cf000 ---p 00000000 00:00 0 
7f185e7cf000-7f185e8cd000 rw-p 00000000 00:00 0 
7f185e8cd000-7f185e8d0000 ---p 00000000 00:00 0 
7f185e8d0000-7f185ebce000 rw-p 00000000 00:00 0 
7f185ebce000-7f185ebcf000 ---p 00000000 00:00 0 
7f185ebcf000-7f185eccf000 rw-p 00000000 00:00 0 
7f185eccf000-7f185ecd2000 ---p 00000000 00:00 0 
7f185ecd2000-7f185edd0000 rw-p 00000000 00:00 0 
7f185edd0000-7f185edd3000 ---p 00000000 00:00 0 
7f185edd3000-7f185eed1000 rw-p 00000000 00:00 0 
7f185eed1000-7f185eed4000 ---p 00000000 00:00 0 
7f185eed4000-7f185efd2000 rw-p 00000000 00:00 0 
7f185efd2000-7f185efd5000 ---p 00000000 00:00 0 
7f185efd5000-7f185f0d3000 rw-p 00000000 00:00 0 
7f185f0d3000-7f185fafb000 r--p 00000000 08:01 2105158                    /usr/lib/locale/locale-archive
7f185fafb000-7f185fafe000 ---p 00000000 00:00 0 
7f185fafe000-7f185fbfc000 rw-p 00000000 00:00 0 
7f185fbfc000-7f185fbff000 ---p 00000000 00:00 0 
7f185fbff000-7f185fcfd000 rw-p 00000000 00:00 0 
7f185fcfd000-7f185fcfe000 ---p 00000000 00:00 0 
7f185fcfe000-7f1860000000 rw-p 00000000 00:00 0 
7f1860000000-7f1860021000 rw-p 00000000 00:00 0 
7f1860021000-7f1864000000 ---p 00000000 00:00 0 
7f1864000000-7f1864001000 r--s 00001000 08:01 807355                     /home/user/.coursier/cache/v1/https/repo1.maven.org/maven2/org/jupyter-scala/scala-api_2.11.11/0.4.2/scala-api_2.11.11-0.4.2.jar
7f1864001000-7f1864027000 r--s 00196000 08:01 807280                     /home/user/.coursier/cache/v1/https/repo1.maven.org/maven2/io/get-coursier/coursier_2.11/1.0.0-RC2/coursier_2.11-1.0.0-RC2.jar
7f1864027000-7f18640f9000 r--s 00a6f000 08:01 807285                     /home/user/.coursier/cache/v1/https/repo1.maven.org/maven2/org/scalaz/scalaz-core_2.11/7.2.8/scalaz-core_2.11-7.2.8.jar
7f18640f9000-7f1865000000 rw-p 00000000 00:00 0 
7f1865000000-7f1865670000 rwxp 00000000 00:00 0 
7f1865670000-7f1874000000 ---p 00000000 00:00 0 
7f1874000000-7f1874a59000 rw-p 00000000 00:00 0 
7f1874a59000-7f1878000000 ---p 00000000 00:00 0 
7f1878000000-7f1878001000 r--s 00007000 08:01 807320                     /home/user/.coursier/cache/v1/https/repo1.maven.org/maven2/org/jupyter-scala/kernel-api_2.11/0.4.1/kernel-api_2.11-0.4.1.jar
7f1878001000-7f1878007000 r--s 0005c000 08:01 807218                     /home/user/.coursier/cache/v1/https/repo1.maven.org/maven2/com/lihaoyi/upickle_2.11/0.4.4/upickle_2.11-0.4.4.jar
7f1878007000-7f1878009000 r--s 00013000 08:01 807296                     /home/user/.coursier/cache/v1/https/repo1.maven.org/maven2/org/spire-math/jawn-parser_2.11/0.10.3/jawn-parser_2.11-0.10.3.jar
7f1878009000-7f1878013000 r--s 00061000 08:01 807370                     /home/user/.coursier/cache/v1/https/repo1.maven.org/maven2/org/scalaz/scalaz-effect_2.11/7.2.8/scalaz-effect_2.11-7.2.8.jar
7f1878013000-7f1878019000 r--s 00050000 08:01 807318                     /home/user/.coursier/cache/v1/https/repo1.maven.org/maven2/org/jsoup/jsoup/1.10.2/jsoup-1.10.2.jar
7f1878019000-7f187801e000 r--s 0009d000 08:01 803185                     /usr/lib/jvm/java-8-openjdk-amd64/jre/lib/jsse.jar
7f187801e000-7f1878021000 ---p 00000000 00:00 0 
7f1878021000-7f1878057000 rw-p 00000000 00:00 0 
7f1878057000-7f18780a3000 r--s 0024b000 08:01 806309                     /home/user/.coursier/bootstrap/1.0.0-RC1/coursier-cli_2.11-1.0.0-RC1-standalone.jar
7f18780a3000-7f18780a4000 r--s 00002000 08:01 807381                     /home/user/.local/share/jupyter/kernels/scala/launcher.jar
7f18780a4000-7f18780bf000 r--s 00394000 08:01 803174                     /usr/lib/jvm/java-8-openjdk-amd64/jre/lib/ext/cldrdata.jar
7f18780bf000-7f18780da000 r--s 001d6000 08:01 803177                     /usr/lib/jvm/java-8-openjdk-amd64/jre/lib/ext/nashorn.jar
7f18780da000-7f18780db000 r--s 0000a000 08:01 803181                     /usr/lib/jvm/java-8-openjdk-amd64/jre/lib/ext/jaccess.jar
7f18780db000-7f18780dd000 r--s 00008000 08:01 803178                     /usr/lib/jvm/java-8-openjdk-amd64/jre/lib/ext/sunec.jar
7f18780dd000-7f18780e7000 r--s 00116000 08:01 803175                     /usr/lib/jvm/java-8-openjdk-amd64/jre/lib/ext/localedata.jar
7f18780e7000-7f1878135000 rw-p 00000000 00:00 0 
7f1878135000-7f1878304000 r--s 03c33000 08:01 803184                     /usr/lib/jvm/java-8-openjdk-amd64/jre/lib/rt.jar
7f1878304000-7f1879beb000 rw-p 00000000 00:00 0 
7f1879beb000-7f1879bec000 ---p 00000000 00:00 0 
7f1879bec000-7f1879cec000 rw-p 00000000 00:00 0 
7f1879cec000-7f1879ced000 ---p 00000000 00:00 0 
7f1879ced000-7f1879dfd000 rw-p 00000000 00:00 0 
7f1879dfd000-7f1879ee7000 ---p 00000000 00:00 0 
7f1879ee7000-7f1879ef7000 rw-p 00000000 00:00 0 
7f1879ef7000-7f1879fe1000 ---p 00000000 00:00 0 
7f1879fe1000-7f1879ffd000 rw-p 00000000 00:00 0 
7f1879ffd000-7f187a05e000 ---p 00000000 00:00 0 
7f187a05e000-7f187a079000 rw-p 00000000 00:00 0 
7f187a079000-7f187a41f000 ---p 00000000 00:00 0 
7f187a41f000-7f187a427000 r-xp 00000000 08:01 803135                     /usr/lib/jvm/java-8-openjdk-amd64/jre/lib/amd64/libzip.so
7f187a427000-7f187a626000 ---p 00008000 08:01 803135                     /usr/lib/jvm/java-8-openjdk-amd64/jre/lib/amd64/libzip.so
7f187a626000-7f187a627000 r--p 00007000 08:01 803135                     /usr/lib/jvm/java-8-openjdk-amd64/jre/lib/amd64/libzip.so
7f187a627000-7f187a628000 rw-p 00008000 08:01 803135                     /usr/lib/jvm/java-8-openjdk-amd64/jre/lib/amd64/libzip.so
7f187a628000-7f187a633000 r-xp 00000000 08:01 2889153                    /lib/x86_64-linux-gnu/libnss_files-2.23.so
7f187a633000-7f187a832000 ---p 0000b000 08:01 2889153                    /lib/x86_64-linux-gnu/libnss_files-2.23.so
7f187a832000-7f187a833000 r--p 0000a000 08:01 2889153                    /lib/x86_64-linux-gnu/libnss_files-2.23.so
7f187a833000-7f187a834000 rw-p 0000b000 08:01 2889153                    /lib/x86_64-linux-gnu/libnss_files-2.23.so
7f187a834000-7f187a83a000 rw-p 00000000 00:00 0 
7f187a83a000-7f187a845000 r-xp 00000000 08:01 2889163                    /lib/x86_64-linux-gnu/libnss_nis-2.23.so
7f187a845000-7f187aa44000 ---p 0000b000 08:01 2889163                    /lib/x86_64-linux-gnu/libnss_nis-2.23.so
7f187aa44000-7f187aa45000 r--p 0000a000 08:01 2889163                    /lib/x86_64-linux-gnu/libnss_nis-2.23.so
7f187aa45000-7f187aa46000 rw-p 0000b000 08:01 2889163                    /lib/x86_64-linux-gnu/libnss_nis-2.23.so
7f187aa46000-7f187aa5c000 r-xp 00000000 08:01 2889147                    /lib/x86_64-linux-gnu/libnsl-2.23.so
7f187aa5c000-7f187ac5b000 ---p 00016000 08:01 2889147                    /lib/x86_64-linux-gnu/libnsl-2.23.so
7f187ac5b000-7f187ac5c000 r--p 00015000 08:01 2889147                    /lib/x86_64-linux-gnu/libnsl-2.23.so
7f187ac5c000-7f187ac5d000 rw-p 00016000 08:01 2889147                    /lib/x86_64-linux-gnu/libnsl-2.23.so
7f187ac5d000-7f187ac5f000 rw-p 00000000 00:00 0 
7f187ac5f000-7f187ac67000 r-xp 00000000 08:01 2889149                    /lib/x86_64-linux-gnu/libnss_compat-2.23.so
7f187ac67000-7f187ae66000 ---p 00008000 08:01 2889149                    /lib/x86_64-linux-gnu/libnss_compat-2.23.so
7f187ae66000-7f187ae67000 r--p 00007000 08:01 2889149                    /lib/x86_64-linux-gnu/libnss_compat-2.23.so
7f187ae67000-7f187ae68000 rw-p 00008000 08:01 2889149                    /lib/x86_64-linux-gnu/libnss_compat-2.23.so
7f187ae68000-7f187ae95000 r-xp 00000000 08:01 803155                     /usr/lib/jvm/java-8-openjdk-amd64/jre/lib/amd64/libjava.so
7f187ae95000-7f187b094000 ---p 0002d000 08:01 803155                     /usr/lib/jvm/java-8-openjdk-amd64/jre/lib/amd64/libjava.so
7f187b094000-7f187b095000 r--p 0002c000 08:01 803155                     /usr/lib/jvm/java-8-openjdk-amd64/jre/lib/amd64/libjava.so
7f187b095000-7f187b097000 rw-p 0002d000 08:01 803155                     /usr/lib/jvm/java-8-openjdk-amd64/jre/lib/amd64/libjava.so
7f187b097000-7f187b0a6000 r-xp 00000000 08:01 803127                     /usr/lib/jvm/java-8-openjdk-amd64/jre/lib/amd64/libverify.so
7f187b0a6000-7f187b2a5000 ---p 0000f000 08:01 803127                     /usr/lib/jvm/java-8-openjdk-amd64/jre/lib/amd64/libverify.so
7f187b2a5000-7f187b2a7000 r--p 0000e000 08:01 803127                     /usr/lib/jvm/java-8-openjdk-amd64/jre/lib/amd64/libverify.so
7f187b2a7000-7f187b2a8000 rw-p 00010000 08:01 803127                     /usr/lib/jvm/java-8-openjdk-amd64/jre/lib/amd64/libverify.so
7f187b2a8000-7f187b2af000 r-xp 00000000 08:01 2889208                    /lib/x86_64-linux-gnu/librt-2.23.so
7f187b2af000-7f187b4ae000 ---p 00007000 08:01 2889208                    /lib/x86_64-linux-gnu/librt-2.23.so
7f187b4ae000-7f187b4af000 r--p 00006000 08:01 2889208                    /lib/x86_64-linux-gnu/librt-2.23.so
7f187b4af000-7f187b4b0000 rw-p 00007000 08:01 2889208                    /lib/x86_64-linux-gnu/librt-2.23.so
7f187b4b0000-7f187b4c6000 r-xp 00000000 08:01 2889092                    /lib/x86_64-linux-gnu/libgcc_s.so.1
7f187b4c6000-7f187b6c5000 ---p 00016000 08:01 2889092                    /lib/x86_64-linux-gnu/libgcc_s.so.1
7f187b6c5000-7f187b6c6000 rw-p 00015000 08:01 2889092                    /lib/x86_64-linux-gnu/libgcc_s.so.1
7f187b6c6000-7f187b7ce000 r-xp 00000000 08:01 2889124                    /lib/x86_64-linux-gnu/libm-2.23.so
7f187b7ce000-7f187b9cd000 ---p 00108000 08:01 2889124                    /lib/x86_64-linux-gnu/libm-2.23.so
7f187b9cd000-7f187b9ce000 r--p 00107000 08:01 2889124                    /lib/x86_64-linux-gnu/libm-2.23.so
7f187b9ce000-7f187b9cf000 rw-p 00108000 08:01 2889124                    /lib/x86_64-linux-gnu/libm-2.23.so
7f187b9cf000-7f187bb41000 r-xp 00000000 08:01 2107766                    /usr/lib/x86_64-linux-gnu/libstdc++.so.6.0.21
7f187bb41000-7f187bd41000 ---p 00172000 08:01 2107766                    /usr/lib/x86_64-linux-gnu/libstdc++.so.6.0.21
7f187bd41000-7f187bd4b000 r--p 00172000 08:01 2107766                    /usr/lib/x86_64-linux-gnu/libstdc++.so.6.0.21
7f187bd4b000-7f187bd4d000 rw-p 0017c000 08:01 2107766                    /usr/lib/x86_64-linux-gnu/libstdc++.so.6.0.21
7f187bd4d000-7f187bd51000 rw-p 00000000 00:00 0 
7f187bd51000-7f187c9ae000 r-xp 00000000 08:01 803133                     /usr/lib/jvm/java-8-openjdk-amd64/jre/lib/amd64/server/libjvm.so
7f187c9ae000-7f187cbae000 ---p 00c5d000 08:01 803133                     /usr/lib/jvm/java-8-openjdk-amd64/jre/lib/amd64/server/libjvm.so
7f187cbae000-7f187cc42000 r--p 00c5d000 08:01 803133                     /usr/lib/jvm/java-8-openjdk-amd64/jre/lib/amd64/server/libjvm.so
7f187cc42000-7f187cc6b000 rw-p 00cf1000 08:01 803133                     /usr/lib/jvm/java-8-openjdk-amd64/jre/lib/amd64/server/libjvm.so
7f187cc6b000-7f187cc9b000 rw-p 00000000 00:00 0 
7f187cc9b000-7f187ccb3000 r-xp 00000000 08:01 2889200                    /lib/x86_64-linux-gnu/libpthread-2.23.so
7f187ccb3000-7f187ceb2000 ---p 00018000 08:01 2889200                    /lib/x86_64-linux-gnu/libpthread-2.23.so
7f187ceb2000-7f187ceb3000 r--p 00017000 08:01 2889200                    /lib/x86_64-linux-gnu/libpthread-2.23.so
7f187ceb3000-7f187ceb4000 rw-p 00018000 08:01 2889200                    /lib/x86_64-linux-gnu/libpthread-2.23.so
7f187ceb4000-7f187ceb8000 rw-p 00000000 00:00 0 
7f187ceb8000-7f187cebb000 r-xp 00000000 08:01 2889078                    /lib/x86_64-linux-gnu/libdl-2.23.so
7f187cebb000-7f187d0ba000 ---p 00003000 08:01 2889078                    /lib/x86_64-linux-gnu/libdl-2.23.so
7f187d0ba000-7f187d0bb000 r--p 00002000 08:01 2889078                    /lib/x86_64-linux-gnu/libdl-2.23.so
7f187d0bb000-7f187d0bc000 rw-p 00003000 08:01 2889078                    /lib/x86_64-linux-gnu/libdl-2.23.so
7f187d0bc000-7f187d0d5000 r-xp 00000000 08:01 2889245                    /lib/x86_64-linux-gnu/libz.so.1.2.8
7f187d0d5000-7f187d2d4000 ---p 00019000 08:01 2889245                    /lib/x86_64-linux-gnu/libz.so.1.2.8
7f187d2d4000-7f187d2d5000 r--p 00018000 08:01 2889245                    /lib/x86_64-linux-gnu/libz.so.1.2.8
7f187d2d5000-7f187d2d6000 rw-p 00019000 08:01 2889245                    /lib/x86_64-linux-gnu/libz.so.1.2.8
7f187d2d6000-7f187d496000 r-xp 00000000 08:01 2889054                    /lib/x86_64-linux-gnu/libc-2.23.so
7f187d496000-7f187d696000 ---p 001c0000 08:01 2889054                    /lib/x86_64-linux-gnu/libc-2.23.so
7f187d696000-7f187d69a000 r--p 001c0000 08:01 2889054                    /lib/x86_64-linux-gnu/libc-2.23.so
7f187d69a000-7f187d69c000 rw-p 001c4000 08:01 2889054                    /lib/x86_64-linux-gnu/libc-2.23.so
7f187d69c000-7f187d6a0000 rw-p 00000000 00:00 0 
7f187d6a0000-7f187d6ad000 r-xp 00000000 08:01 803131                     /usr/lib/jvm/java-8-openjdk-amd64/jre/lib/amd64/jli/libjli.so
7f187d6ad000-7f187d8ad000 ---p 0000d000 08:01 803131                     /usr/lib/jvm/java-8-openjdk-amd64/jre/lib/amd64/jli/libjli.so
7f187d8ad000-7f187d8ae000 r--p 0000d000 08:01 803131                     /usr/lib/jvm/java-8-openjdk-amd64/jre/lib/amd64/jli/libjli.so
7f187d8ae000-7f187d8af000 rw-p 0000e000 08:01 803131                     /usr/lib/jvm/java-8-openjdk-amd64/jre/lib/amd64/jli/libjli.so
7f187d8af000-7f187d8d5000 r-xp 00000000 08:01 2889026                    /lib/x86_64-linux-gnu/ld-2.23.so
7f187d8d5000-7f187d8d8000 r--s 00038000 08:01 803179                     /usr/lib/jvm/java-8-openjdk-amd64/jre/lib/ext/sunpkcs11.jar
7f187d8d8000-7f187d8da000 r--s 00001000 08:01 803180                     /usr/lib/jvm/java-8-openjdk-amd64/jre/lib/ext/dnsns.jar
7f187d8da000-7f187d8dd000 r--s 0000f000 08:01 803176                     /usr/lib/jvm/java-8-openjdk-amd64/jre/lib/ext/icedtea-sound.jar
7f187d8dd000-7f187d9ae000 rw-p 00000000 00:00 0 
7f187d9ae000-7f187d9b1000 ---p 00000000 00:00 0 
7f187d9b1000-7f187dab3000 rw-p 00000000 00:00 0 
7f187dab3000-7f187dab4000 r--s 00010000 08:01 803182                     /usr/lib/jvm/java-8-openjdk-amd64/jre/lib/ext/zipfs.jar
7f187dab4000-7f187daba000 r--s 0003b000 08:01 803183                     /usr/lib/jvm/java-8-openjdk-amd64/jre/lib/ext/sunjce_provider.jar
7f187daba000-7f187dac9000 rw-p 00000000 00:00 0 
7f187dac9000-7f187dad1000 rw-s 00000000 08:01 1836275                    /tmp/hsperfdata_user/125713
7f187dad1000-7f187dad2000 rw-p 00000000 00:00 0 
7f187dad2000-7f187dad3000 ---p 00000000 00:00 0 
7f187dad3000-7f187dad4000 rw-p 00000000 00:00 0 
7f187dad4000-7f187dad5000 r--p 00025000 08:01 2889026                    /lib/x86_64-linux-gnu/ld-2.23.so
7f187dad5000-7f187dad6000 rw-p 00026000 08:01 2889026                    /lib/x86_64-linux-gnu/ld-2.23.so
7f187dad6000-7f187dad7000 rw-p 00000000 00:00 0 
7fff38fcd000-7fff38fee000 rw-p 00000000 00:00 0                          [stack]
7fff38ff7000-7fff38ffa000 r--p 00000000 00:00 0                          [vvar]
7fff38ffa000-7fff38ffc000 r-xp 00000000 00:00 0                          [vdso]
ffffffffff600000-ffffffffff601000 r-xp 00000000 00:00 0                  [vsyscall]

VM Arguments:
jvm_args: -Xverify:none 
java_command: /home/user/.local/share/jupyter/kernels/scala/launcher.jar launch -r sonatype:releases -r sonatype:snapshots -i ammonite -I ammonite:org.jupyter-scala:ammonite-runtime_2.11.11:0.8.3-1 -I ammonite:org.jupyter-scala:scala-api_2.11.11:0.4.2 org.jupyter-scala:scala-cli_2.11.11:0.4.2 -- --id scala --name Scala --quiet --connection-file /run/user/1000/jupyter/kernel-dd0dea1f-73ff-49d5-a741-bdbc4b5579cd.json
java_class_path (initial): /home/user/.local/share/jupyter/kernels/scala/launcher.jar
Launcher Type: SUN_STANDARD

Environment Variables:
PATH=/home/user/anaconda3/bin:/home/user/anaconda3/bin:/home/user/bin:/home/user/.local/bin:/usr/local/sbin:/usr/local/bin:/usr/sbin:/usr/bin:/sbin:/bin:/usr/games:/usr/local/games:/snap/bin
SHELL=/bin/bash
DISPLAY=:0.0

Signal Handlers:
SIGSEGV: [libjvm.so+0xa71a70], sa_mask[0]=11111111011111111101111111111110, sa_flags=SA_RESTART|SA_SIGINFO
SIGBUS: [libjvm.so+0xa71a70], sa_mask[0]=11111111011111111101111111111110, sa_flags=SA_RESTART|SA_SIGINFO
SIGFPE: [libjvm.so+0x8b8f80], sa_mask[0]=11111111011111111101111111111110, sa_flags=SA_RESTART|SA_SIGINFO
SIGPIPE: [libjvm.so+0x8b8f80], sa_mask[0]=11111111011111111101111111111110, sa_flags=SA_RESTART|SA_SIGINFO
SIGXFSZ: [libjvm.so+0x8b8f80], sa_mask[0]=11111111011111111101111111111110, sa_flags=SA_RESTART|SA_SIGINFO
SIGILL: [libjvm.so+0x8b8f80], sa_mask[0]=11111111011111111101111111111110, sa_flags=SA_RESTART|SA_SIGINFO
SIGUSR1: SIG_DFL, sa_mask[0]=00000000000000000000000000000000, sa_flags=none
SIGUSR2: [libjvm.so+0x8b8e30], sa_mask[0]=00000000000000000000000000000000, sa_flags=SA_RESTART|SA_SIGINFO
SIGHUP: [libjvm.so+0x8b9300], sa_mask[0]=11111111011111111101111111111110, sa_flags=SA_RESTART|SA_SIGINFO
SIGINT: [libjvm.so+0x8b9300], sa_mask[0]=11111111011111111101111111111110, sa_flags=SA_RESTART|SA_SIGINFO
SIGTERM: [libjvm.so+0x8b9300], sa_mask[0]=11111111011111111101111111111110, sa_flags=SA_RESTART|SA_SIGINFO
SIGQUIT: [libjvm.so+0x8b9300], sa_mask[0]=11111111011111111101111111111110, sa_flags=SA_RESTART|SA_SIGINFO


---------------  S Y S T E M  ---------------

OS:DISTRIB_ID=Ubuntu
DISTRIB_RELEASE=16.04
DISTRIB_CODENAME=xenial
DISTRIB_DESCRIPTION="Ubuntu 16.04.5 LTS"

uname:Linux 4.15.0-33-generic #36~16.04.1-Ubuntu SMP Wed Aug 15 17:21:05 UTC 2018 x86_64
libc:glibc 2.23 NPTL 2.23 
rlimit: STACK 8192k, CORE 0k, NPROC 7646, NOFILE 1048576, AS infinity
load average:2.85 1.68 0.78

/proc/meminfo:
MemTotal:        3065896 kB
MemFree:           25024 kB
MemAvailable:      32384 kB
Buffers:             628 kB
Cached:            45152 kB
SwapCached:         2712 kB
Active:          2244924 kB
Inactive:         570288 kB
Active(anon):    2233972 kB
Inactive(anon):   560208 kB
Active(file):      10952 kB
Inactive(file):    10080 kB
Unevictable:          64 kB
Mlocked:              64 kB
SwapTotal:        998396 kB
SwapFree:              0 kB
Dirty:               376 kB
Writeback:             0 kB
AnonPages:       2767008 kB
Mapped:            32400 kB
Shmem:             24564 kB
Slab:              89484 kB
SReclaimable:      35528 kB
SUnreclaim:        53956 kB
KernelStack:       14288 kB
PageTables:        37292 kB
NFS_Unstable:          0 kB
Bounce:                0 kB
WritebackTmp:          0 kB
CommitLimit:     2531344 kB
Committed_AS:    7477716 kB
VmallocTotal:   34359738367 kB
VmallocUsed:           0 kB
VmallocChunk:          0 kB
HardwareCorrupted:     0 kB
AnonHugePages:         0 kB
ShmemHugePages:        0 kB
ShmemPmdMapped:        0 kB
CmaTotal:              0 kB
CmaFree:               0 kB
HugePages_Total:       0
HugePages_Free:        0
HugePages_Rsvd:        0
HugePages_Surp:        0
Hugepagesize:       2048 kB
DirectMap4k:      278400 kB
DirectMap2M:     2867200 kB
DirectMap1G:           0 kB


CPU:total 2 (initial active 2) (1 cores per cpu, 1 threads per core) family 6 model 78 stepping 3, cmov, cx8, fxsr, mmx, sse, sse2, sse3, ssse3, sse4.1, sse4.2, popcnt, avx, avx2, aes, clmul, erms, 3dnowpref, lzcnt, tsc, tscinvbit, bmi1, bmi2, adx

/proc/cpuinfo:
processor	: 0
vendor_id	: GenuineIntel
cpu family	: 6
model		: 78
model name	: Intel(R) Core(TM) i7-6500U CPU @ 2.50GHz
stepping	: 3
microcode	: 0xba
cpu MHz		: 2592.004
cache size	: 4096 KB
physical id	: 0
siblings	: 1
core id		: 0
cpu cores	: 1
apicid		: 0
initial apicid	: 0
fpu		: yes
fpu_exception	: yes
cpuid level	: 22
wp		: yes
flags		: fpu vme de pse tsc msr pae mce cx8 apic sep mtrr pge mca cmov pat pse36 clflush dts mmx fxsr sse sse2 ss syscall nx pdpe1gb rdtscp lm constant_tsc arch_perfmon pebs bts nopl xtopology tsc_reliable nonstop_tsc cpuid aperfmperf pni pclmulqdq ssse3 fma cx16 pcid sse4_1 sse4_2 x2apic movbe popcnt tsc_deadline_timer aes xsave avx f16c rdrand hypervisor lahf_lm abm 3dnowprefetch cpuid_fault epb invpcid_single pti fsgsbase tsc_adjust bmi1 avx2 smep bmi2 invpcid rdseed adx smap xsaveopt dtherm ida arat pln pts hwp hwp_notify hwp_act_window hwp_epp
bugs		: cpu_meltdown spectre_v1 spectre_v2 spec_store_bypass l1tf
bogomips	: 5184.00
clflush size	: 64
cache_alignment	: 64
address sizes	: 42 bits physical, 48 bits virtual
power management:

processor	: 1
vendor_id	: GenuineIntel
cpu family	: 6
model		: 78
model name	: Intel(R) Core(TM) i7-6500U CPU @ 2.50GHz
stepping	: 3
microcode	: 0xba
cpu MHz		: 2592.004
cache size	: 4096 KB
physical id	: 2
siblings	: 1
core id		: 0
cpu cores	: 1
apicid		: 2
initial apicid	: 2
fpu		: yes
fpu_exception	: yes
cpuid level	: 22
wp		: yes
flags		: fpu vme de pse tsc msr pae mce cx8 apic sep mtrr pge mca cmov pat pse36 clflush dts mmx fxsr sse sse2 ss syscall nx pdpe1gb rdtscp lm constant_tsc arch_perfmon pebs bts nopl xtopology tsc_reliable nonstop_tsc cpuid aperfmperf pni pclmulqdq ssse3 fma cx16 pcid sse4_1 sse4_2 x2apic movbe popcnt tsc_deadline_timer aes xsave avx f16c rdrand hypervisor lahf_lm abm 3dnowprefetch cpuid_fault epb invpcid_single pti fsgsbase tsc_adjust bmi1 avx2 smep bmi2 invpcid rdseed adx smap xsaveopt dtherm ida arat pln pts hwp hwp_notify hwp_act_window hwp_epp
bugs		: cpu_meltdown spectre_v1 spectre_v2 spec_store_bypass l1tf
bogomips	: 5184.00
clflush size	: 64
cache_alignment	: 64
address sizes	: 42 bits physical, 48 bits virtual
power management:



Memory: 4k page, physical 3065896k(23984k free), swap 998396k(0k free)

vm_info: OpenJDK 64-Bit Server VM (25.181-b13) for linux-amd64 JRE (1.8.0_181-8u181-b13-1ubuntu0.16.04.1-b13), built on Oct 23 2018 04:39:49 by "buildd" with gcc 5.4.0 20160609

time: Sun Dec  2 20:46:10 2018
elapsed time: 5 seconds (0d 0h 0m 5s)

