#
# There is insufficient memory for the Java Runtime Environment to continue.
# Native memory allocation (mmap) failed to map 54525952 bytes for committing reserved memory.
# Possible reasons:
#   The system is out of physical RAM or swap space
#   In 32 bit mode, the process size limit was hit
# Possible solutions:
#   Reduce memory load on the system
#   Increase physical memory or swap space
#   Check if swap backing store is full
#   Use 64 bit Java on a 64 bit OS
#   Decrease Java heap size (-Xmx/-Xms)
#   Decrease number of Java threads
#   Decrease Java thread stack sizes (-Xss)
#   Set larger code cache with -XX:ReservedCodeCacheSize=
# This output file may be truncated or incomplete.
#
#  Out of Memory Error (os_linux.cpp:2643), pid=125975, tid=0x00007fcd96087700
#
# JRE version: OpenJDK Runtime Environment (8.0_181-b13) (build 1.8.0_181-8u181-b13-1ubuntu0.16.04.1-b13)
# Java VM: OpenJDK 64-Bit Server VM (25.181-b13 mixed mode linux-amd64 compressed oops)
# Failed to write core dump. Core dumps have been disabled. To enable core dumping, try "ulimit -c unlimited" before starting Java again
#

---------------  T H R E A D  ---------------

Current thread (0x00007fcdac0fb800):  VMThread [stack: 0x00007fcd95f87000,0x00007fcd96088000] [id=125979]

Stack: [0x00007fcd95f87000,0x00007fcd96088000],  sp=0x00007fcd960864a0,  free space=1021k
Native frames: (J=compiled Java code, j=interpreted, Vv=VM code, C=native code)
V  [libjvm.so+0xa70f1b]
V  [libjvm.so+0x4c893c]
V  [libjvm.so+0x8bda48]
V  [libjvm.so+0x8b7dde]
V  [libjvm.so+0x933246]
V  [libjvm.so+0x934573]
V  [libjvm.so+0x930c3b]
V  [libjvm.so+0x929a69]
V  [libjvm.so+0x44c943]
V  [libjvm.so+0xa724a9]
V  [libjvm.so+0xa77d67]
V  [libjvm.so+0xa75467]
V  [libjvm.so+0xa768ef]
V  [libjvm.so+0xa76de1]
V  [libjvm.so+0x8bae52]

VM_Operation (0x00007fcdb3c159c0): CollectForMetadataAllocation, mode: safepoint, requested by thread 0x00007fcdac00a800


---------------  P R O C E S S  ---------------

Java Threads: ( => current thread )
  0x00007fcdac3e3000 JavaThread "pool-2-thread-6" daemon [_thread_blocked, id=125999, stack(0x00007fcd94518000,0x00007fcd94619000)]
  0x00007fcdac3e1000 JavaThread "pool-2-thread-5" daemon [_thread_blocked, id=125998, stack(0x00007fcd94619000,0x00007fcd9471a000)]
  0x00007fcdac3df800 JavaThread "pool-2-thread-4" daemon [_thread_blocked, id=125997, stack(0x00007fcd9471a000,0x00007fcd9481b000)]
  0x00007fcdac3dd800 JavaThread "pool-2-thread-3" daemon [_thread_blocked, id=125996, stack(0x00007fcd9481b000,0x00007fcd9491c000)]
  0x00007fcdac3dc800 JavaThread "pool-2-thread-2" daemon [_thread_blocked, id=125995, stack(0x00007fcd9491c000,0x00007fcd94a1d000)]
  0x00007fcdac3db800 JavaThread "pool-2-thread-1" daemon [_thread_blocked, id=125994, stack(0x00007fcd94a1d000,0x00007fcd94b1e000)]
  0x00007fcdac22f800 JavaThread "process reaper" daemon [_thread_blocked, id=125989, stack(0x00007fcd94c1f000,0x00007fcd94c58000)]
  0x00007fcdac141800 JavaThread "Service Thread" daemon [_thread_blocked, id=125985, stack(0x00007fcd94f59000,0x00007fcd9505a000)]
  0x00007fcdac13e800 JavaThread "C1 CompilerThread1" daemon [_thread_blocked, id=125984, stack(0x00007fcd9505a000,0x00007fcd9515b000)]
  0x00007fcdac13b800 JavaThread "C2 CompilerThread0" daemon [_thread_in_native, id=125983, stack(0x00007fcd9515b000,0x00007fcd9525c000)]
  0x00007fcdac13a000 JavaThread "Signal Dispatcher" daemon [_thread_blocked, id=125982, stack(0x00007fcd9525c000,0x00007fcd9535d000)]
  0x00007fcdac107800 JavaThread "Finalizer" daemon [_thread_blocked, id=125981, stack(0x00007fcd95d85000,0x00007fcd95e86000)]
  0x00007fcdac105000 JavaThread "Reference Handler" daemon [_thread_blocked, id=125980, stack(0x00007fcd95e86000,0x00007fcd95f87000)]
  0x00007fcdac00a800 JavaThread "main" [_thread_blocked, id=125976, stack(0x00007fcdb3b1b000,0x00007fcdb3c1c000)]

Other Threads:
=>0x00007fcdac0fb800 VMThread [stack: 0x00007fcd95f87000,0x00007fcd96088000] [id=125979]
  0x00007fcdac143800 WatcherThread [stack: 0x00007fcd94e58000,0x00007fcd94f59000] [id=125986]

VM state:at safepoint (normal execution)

VM Mutex/Monitor currently owned by a thread:  ([mutex/lock_event])
[0x00007fcdac006f80] Threads_lock - owner thread: 0x00007fcdac0fb800
[0x00007fcdac007480] Heap_lock - owner thread: 0x00007fcdac00a800

Heap:
 PSYoungGen      total 53248K, used 4083K [0x00000000f0600000, 0x00000000f3e00000, 0x0000000100000000)
  eden space 49152K, 0% used [0x00000000f0600000,0x00000000f0600000,0x00000000f3600000)
  from space 4096K, 99% used [0x00000000f3600000,0x00000000f39fcf18,0x00000000f3a00000)
  to   space 4096K, 0% used [0x00000000f3a00000,0x00000000f3a00000,0x00000000f3e00000)
 ParOldGen       total 32768K, used 7943K [0x00000000d1200000, 0x00000000d3200000, 0x00000000f0600000)
  object space 32768K, 24% used [0x00000000d1200000,0x00000000d19c1dc0,0x00000000d3200000)
 Metaspace       used 20894K, capacity 21166K, committed 21248K, reserved 1067008K
  class space    used 3451K, capacity 3577K, committed 3584K, reserved 1048576K

Card table byte_map: [0x00007fcdb0054000,0x00007fcdb01cc000] byte_map_base: 0x00007fcdaf9cb000

Marking Bits: (ParMarkBitMap*) 0x00007fcdb2deb3a0
 Begin Bits: [0x00007fcd96890000, 0x00007fcd97448000)
 End Bits:   [0x00007fcd97448000, 0x00007fcd98000000)

Polling page: 0x00007fcdb3c3f000

CodeCache: size=245760Kb used=5952Kb max_used=5963Kb free=239807Kb
 bounds [0x00007fcd9d000000, 0x00007fcd9d5e0000, 0x00007fcdac000000]
 total_blobs=2709 nmethods=2312 adapters=311
 compilation: enabled

Compilation events (10 events):
Event: 4.181 Thread 0x00007fcdac13e800 nmethod 2325 0x00007fcd9d5d11d0 code [0x00007fcd9d5d13e0, 0x00007fcd9d5d1fd8]
Event: 4.192 Thread 0x00007fcdac13e800 2326       3       java.util.jar.Attributes$Name::hashCode (24 bytes)
Event: 4.192 Thread 0x00007fcdac13e800 nmethod 2326 0x00007fcd9d5cfdd0 code [0x00007fcd9d5cff40, 0x00007fcd9d5d0108]
Event: 4.199 Thread 0x00007fcdac13e800 2327       3       java.io.OutputStream::<init> (5 bytes)
Event: 4.199 Thread 0x00007fcdac13e800 nmethod 2327 0x00007fcd9d5cf9d0 code [0x00007fcd9d5cfb40, 0x00007fcd9d5cfcf0]
Event: 4.205 Thread 0x00007fcdac13b800 2328       4       java.security.CodeSource::getCertificates (98 bytes)
Event: 4.206 Thread 0x00007fcdac13b800 nmethod 2328 0x00007fcd9d5cf750 code [0x00007fcd9d5cf8a0, 0x00007fcd9d5cf938]
Event: 4.210 Thread 0x00007fcdac13e800 2329       1       scala.UniquenessCache::map (5 bytes)
Event: 4.211 Thread 0x00007fcdac13e800 nmethod 2329 0x00007fcd9d5cf490 code [0x00007fcd9d5cf5e0, 0x00007fcd9d5cf6f0]
Event: 4.226 Thread 0x00007fcdac13b800 2330       4       sun.nio.cs.UTF_8$Decoder::decode (779 bytes)

GC Heap History (10 events):
Event: 1.112 GC heap after
Heap after GC invocations=2 (full 0):
 PSYoungGen      total 14336K, used 2032K [0x00000000f0600000, 0x00000000f2200000, 0x0000000100000000)
  eden space 12288K, 0% used [0x00000000f0600000,0x00000000f0600000,0x00000000f1200000)
  from space 2048K, 99% used [0x00000000f1400000,0x00000000f15fc010,0x00000000f1600000)
  to   space 2048K, 0% used [0x00000000f1200000,0x00000000f1200000,0x00000000f1400000)
 ParOldGen       total 32768K, used 1450K [0x00000000d1200000, 0x00000000d3200000, 0x00000000f0600000)
  object space 32768K, 4% used [0x00000000d1200000,0x00000000d136ab70,0x00000000d3200000)
 Metaspace       used 9785K, capacity 9982K, committed 10240K, reserved 1058816K
  class space    used 1640K, capacity 1703K, committed 1792K, reserved 1048576K
}
Event: 1.520 GC heap before
{Heap before GC invocations=3 (full 0):
 PSYoungGen      total 14336K, used 14320K [0x00000000f0600000, 0x00000000f2200000, 0x0000000100000000)
  eden space 12288K, 100% used [0x00000000f0600000,0x00000000f1200000,0x00000000f1200000)
  from space 2048K, 99% used [0x00000000f1400000,0x00000000f15fc010,0x00000000f1600000)
  to   space 2048K, 0% used [0x00000000f1200000,0x00000000f1200000,0x00000000f1400000)
 ParOldGen       total 32768K, used 1450K [0x00000000d1200000, 0x00000000d3200000, 0x00000000f0600000)
  object space 32768K, 4% used [0x00000000d1200000,0x00000000d136ab70,0x00000000d3200000)
 Metaspace       used 13031K, capacity 13234K, committed 13312K, reserved 1060864K
  class space    used 2218K, capacity 2279K, committed 2304K, reserved 1048576K
Event: 1.525 GC heap after
Heap after GC invocations=3 (full 0):
 PSYoungGen      total 14336K, used 2031K [0x00000000f0600000, 0x00000000f2200000, 0x0000000100000000)
  eden space 12288K, 0% used [0x00000000f0600000,0x00000000f0600000,0x00000000f1200000)
  from space 2048K, 99% used [0x00000000f1200000,0x00000000f13fbca0,0x00000000f1400000)
  to   space 2048K, 0% used [0x00000000f2000000,0x00000000f2000000,0x00000000f2200000)
 ParOldGen       total 32768K, used 3028K [0x00000000d1200000, 0x00000000d3200000, 0x00000000f0600000)
  object space 32768K, 9% used [0x00000000d1200000,0x00000000d14f50f0,0x00000000d3200000)
 Metaspace       used 13031K, capacity 13234K, committed 13312K, reserved 1060864K
  class space    used 2218K, capacity 2279K, committed 2304K, reserved 1048576K
}
Event: 1.745 GC heap before
{Heap before GC invocations=4 (full 0):
 PSYoungGen      total 14336K, used 14319K [0x00000000f0600000, 0x00000000f2200000, 0x0000000100000000)
  eden space 12288K, 100% used [0x00000000f0600000,0x00000000f1200000,0x00000000f1200000)
  from space 2048K, 99% used [0x00000000f1200000,0x00000000f13fbca0,0x00000000f1400000)
  to   space 2048K, 0% used [0x00000000f2000000,0x00000000f2000000,0x00000000f2200000)
 ParOldGen       total 32768K, used 3028K [0x00000000d1200000, 0x00000000d3200000, 0x00000000f0600000)
  object space 32768K, 9% used [0x00000000d1200000,0x00000000d14f50f0,0x00000000d3200000)
 Metaspace       used 13806K, capacity 14078K, committed 14336K, reserved 1060864K
  class space    used 2383K, capacity 2473K, committed 2560K, reserved 1048576K
Event: 1.757 GC heap after
Heap after GC invocations=4 (full 0):
 PSYoungGen      total 26624K, used 2047K [0x00000000f0600000, 0x00000000f2200000, 0x0000000100000000)
  eden space 24576K, 0% used [0x00000000f0600000,0x00000000f0600000,0x00000000f1e00000)
  from space 2048K, 99% used [0x00000000f2000000,0x00000000f21ffcb0,0x00000000f2200000)
  to   space 2048K, 0% used [0x00000000f1e00000,0x00000000f1e00000,0x00000000f2000000)
 ParOldGen       total 32768K, used 3578K [0x00000000d1200000, 0x00000000d3200000, 0x00000000f0600000)
  object space 32768K, 10% used [0x00000000d1200000,0x00000000d157ea88,0x00000000d3200000)
 Metaspace       used 13806K, capacity 14078K, committed 14336K, reserved 1060864K
  class space    used 2383K, capacity 2473K, committed 2560K, reserved 1048576K
}
Event: 2.135 GC heap before
{Heap before GC invocations=5 (full 0):
 PSYoungGen      total 26624K, used 26623K [0x00000000f0600000, 0x00000000f2200000, 0x0000000100000000)
  eden space 24576K, 100% used [0x00000000f0600000,0x00000000f1e00000,0x00000000f1e00000)
  from space 2048K, 99% used [0x00000000f2000000,0x00000000f21ffcb0,0x00000000f2200000)
  to   space 2048K, 0% used [0x00000000f1e00000,0x00000000f1e00000,0x00000000f2000000)
 ParOldGen       total 32768K, used 3578K [0x00000000d1200000, 0x00000000d3200000, 0x00000000f0600000)
  object space 32768K, 10% used [0x00000000d1200000,0x00000000d157ea88,0x00000000d3200000)
 Metaspace       used 14263K, capacity 14526K, committed 14848K, reserved 1060864K
  class space    used 2433K, capacity 2537K, committed 2560K, reserved 1048576K
Event: 2.145 GC heap after
Heap after GC invocations=5 (full 0):
 PSYoungGen      total 26624K, used 2019K [0x00000000f0600000, 0x00000000f3e00000, 0x0000000100000000)
  eden space 24576K, 0% used [0x00000000f0600000,0x00000000f0600000,0x00000000f1e00000)
  from space 2048K, 98% used [0x00000000f1e00000,0x00000000f1ff8cb0,0x00000000f2000000)
  to   space 4096K, 0% used [0x00000000f3a00000,0x00000000f3a00000,0x00000000f3e00000)
 ParOldGen       total 32768K, used 4266K [0x00000000d1200000, 0x00000000d3200000, 0x00000000f0600000)
  object space 32768K, 13% used [0x00000000d1200000,0x00000000d162aa98,0x00000000d3200000)
 Metaspace       used 14263K, capacity 14526K, committed 14848K, reserved 1060864K
  class space    used 2433K, capacity 2537K, committed 2560K, reserved 1048576K
}
Event: 3.542 GC heap before
{Heap before GC invocations=6 (full 0):
 PSYoungGen      total 26624K, used 26595K [0x00000000f0600000, 0x00000000f3e00000, 0x0000000100000000)
  eden space 24576K, 100% used [0x00000000f0600000,0x00000000f1e00000,0x00000000f1e00000)
  from space 2048K, 98% used [0x00000000f1e00000,0x00000000f1ff8cb0,0x00000000f2000000)
  to   space 4096K, 0% used [0x00000000f3a00000,0x00000000f3a00000,0x00000000f3e00000)
 ParOldGen       total 32768K, used 4266K [0x00000000d1200000, 0x00000000d3200000, 0x00000000f0600000)
  object space 32768K, 13% used [0x00000000d1200000,0x00000000d162aa98,0x00000000d3200000)
 Metaspace       used 14998K, capacity 15342K, committed 15488K, reserved 1062912K
  class space    used 2537K, capacity 2681K, committed 2688K, reserved 1048576K
Event: 3.557 GC heap after
Heap after GC invocations=6 (full 0):
 PSYoungGen      total 53248K, used 2988K [0x00000000f0600000, 0x00000000f3e00000, 0x0000000100000000)
  eden space 49152K, 0% used [0x00000000f0600000,0x00000000f0600000,0x00000000f3600000)
  from space 4096K, 72% used [0x00000000f3a00000,0x00000000f3ceb1c8,0x00000000f3e00000)
  to   space 4096K, 0% used [0x00000000f3600000,0x00000000f3600000,0x00000000f3a00000)
 ParOldGen       total 32768K, used 4266K [0x00000000d1200000, 0x00000000d3200000, 0x00000000f0600000)
  object space 32768K, 13% used [0x00000000d1200000,0x00000000d162aa98,0x00000000d3200000)
 Metaspace       used 14998K, capacity 15342K, committed 15488K, reserved 1062912K
  class space    used 2537K, capacity 2681K, committed 2688K, reserved 1048576K
}
Event: 4.236 GC heap before
{Heap before GC invocations=7 (full 0):
 PSYoungGen      total 53248K, used 40589K [0x00000000f0600000, 0x00000000f3e00000, 0x0000000100000000)
  eden space 49152K, 76% used [0x00000000f0600000,0x00000000f2ab83c8,0x00000000f3600000)
  from space 4096K, 72% used [0x00000000f3a00000,0x00000000f3ceb1c8,0x00000000f3e00000)
  to   space 4096K, 0% used [0x00000000f3600000,0x00000000f3600000,0x00000000f3a00000)
 ParOldGen       total 32768K, used 4266K [0x00000000d1200000, 0x00000000d3200000, 0x00000000f0600000)
  object space 32768K, 13% used [0x00000000d1200000,0x00000000d162aa98,0x00000000d3200000)
 Metaspace       used 20894K, capacity 21166K, committed 21248K, reserved 1067008K
  class space    used 3451K, capacity 3577K, committed 3584K, reserved 1048576K

Deoptimization events (10 events):
Event: 3.424 Thread 0x00007fcdac00a800 Uncommon trap: reason=class_check action=maybe_recompile pc=0x00007fcd9d5182a4 method=d.b.d.t.b(Ljava/lang/Object;II)Z @ 72
Event: 3.428 Thread 0x00007fcdac00a800 Uncommon trap: reason=unstable_if action=reinterpret pc=0x00007fcd9d236204 method=java.lang.CharacterDataLatin1.toUpperCase(I)I @ 12
Event: 3.431 Thread 0x00007fcdac00a800 Uncommon trap: reason=unstable_if action=reinterpret pc=0x00007fcd9d1b4fa0 method=sun.misc.URLClassPath.getLoader(I)Lsun/misc/URLClassPath$Loader; @ 36
Event: 3.431 Thread 0x00007fcdac00a800 Uncommon trap: reason=unstable_if action=reinterpret pc=0x00007fcd9d1be274 method=sun.misc.URLClassPath$JarLoader.ensureOpen()V @ 4
Event: 3.490 Thread 0x00007fcdac00a800 Uncommon trap: reason=bimorphic action=maybe_recompile pc=0x00007fcd9d2db798 method=java.lang.ClassLoader.loadClass(Ljava/lang/String;Z)Ljava/lang/Class; @ 38
Event: 3.490 Thread 0x00007fcdac00a800 Uncommon trap: reason=unstable_if action=reinterpret pc=0x00007fcd9d2db600 method=java.lang.ClassLoader.getClassLoadingLock(Ljava/lang/String;)Ljava/lang/Object; @ 6
Event: 3.491 Thread 0x00007fcdac00a800 Uncommon trap: reason=unstable_if action=reinterpret pc=0x00007fcd9d4e7ea0 method=java.util.jar.JarFile.getManEntry()Ljava/util/jar/JarEntry; @ 4
Event: 3.504 Thread 0x00007fcdac00a800 Uncommon trap: reason=unstable_if action=reinterpret pc=0x00007fcd9d1f5a14 method=sun.net.www.ParseUtil.encodePath(Ljava/lang/String;Z)Ljava/lang/String; @ 116
Event: 3.826 Thread 0x00007fcdac00a800 Uncommon trap: reason=unstable_if action=reinterpret pc=0x00007fcd9d5836f8 method=java.util.jar.JarFile.getManifestFromReference()Ljava/util/jar/Manifest; @ 4
Event: 3.948 Thread 0x00007fcdac00a800 Uncommon trap: reason=class_check action=maybe_recompile pc=0x00007fcd9d576804 method=java.util.regex.Pattern$Slice.match(Ljava/util/regex/Matcher;ILjava/lang/CharSequence;)Z @ 75

Classes redefined (0 events):
No events

Internal exceptions (10 events):
Event: 0.389 Thread 0x00007fcdac00a800 Exception <a 'java/security/PrivilegedActionException'> (0x00000000f0685058) thrown at [/build/openjdk-8-lTwZJE/openjdk-8-8u181-b13/src/hotspot/src/share/vm/prims/jvm.cpp, line 1435]
Event: 0.389 Thread 0x00007fcdac00a800 Exception <a 'java/security/PrivilegedActionException'> (0x00000000f06870e0) thrown at [/build/openjdk-8-lTwZJE/openjdk-8-8u181-b13/src/hotspot/src/share/vm/prims/jvm.cpp, line 1435]
Event: 0.389 Thread 0x00007fcdac00a800 Exception <a 'java/security/PrivilegedActionException'> (0x00000000f06872f0) thrown at [/build/openjdk-8-lTwZJE/openjdk-8-8u181-b13/src/hotspot/src/share/vm/prims/jvm.cpp, line 1435]
Event: 0.389 Thread 0x00007fcdac00a800 Exception <a 'java/security/PrivilegedActionException'> (0x00000000f0687dc8) thrown at [/build/openjdk-8-lTwZJE/openjdk-8-8u181-b13/src/hotspot/src/share/vm/prims/jvm.cpp, line 1435]
Event: 0.389 Thread 0x00007fcdac00a800 Exception <a 'java/security/PrivilegedActionException'> (0x00000000f0687fd8) thrown at [/build/openjdk-8-lTwZJE/openjdk-8-8u181-b13/src/hotspot/src/share/vm/prims/jvm.cpp, line 1435]
Event: 1.105 Thread 0x00007fcdac00a800 Exception <a 'java/lang/NoSuchFieldError': method resolution failed> (0x00000000f11fc838) thrown at [/build/openjdk-8-lTwZJE/openjdk-8-8u181-b13/src/hotspot/src/share/vm/prims/methodHandles.cpp, line 1167]
Event: 1.115 Thread 0x00007fcdac00a800 Exception <a 'java/lang/NoSuchFieldError': method resolution failed> (0x00000000f060a078) thrown at [/build/openjdk-8-lTwZJE/openjdk-8-8u181-b13/src/hotspot/src/share/vm/prims/methodHandles.cpp, line 1167]
Event: 1.425 Thread 0x00007fcdac3dc800 Implicit null exception at 0x00007fcd9d1be4db to 0x00007fcd9d1be691
Event: 3.871 Thread 0x00007fcdac00a800 Exception <a 'java/io/FileNotFoundException'> (0x00000000f19e5898) thrown at [/build/openjdk-8-lTwZJE/openjdk-8-8u181-b13/src/hotspot/src/share/vm/prims/jni.cpp, line 709]
Event: 3.979 Thread 0x00007fcdac00a800 Exception <a 'java/lang/NoSuchMethodError': org.slf4j.impl.StaticMDCBinder.getSingleton()Lorg/slf4j/impl/StaticMDCBinder;> (0x00000000f2291ed8) thrown at [/build/openjdk-8-lTwZJE/openjdk-8-8u181-b13/src/hotspot/src/share/vm/interpreter/linkResolver.cpp, l

Events (10 events):
Event: 4.232 loading class scala/runtime/VolatileByteRef done
Event: 4.233 loading class argonaut/derive/HListProductDecodeJson$$anonfun$hcons$1$$anonfun$apply$4
Event: 4.233 loading class argonaut/derive/HListProductDecodeJson$$anonfun$hcons$1$$anonfun$apply$4 done
Event: 4.233 loading class argonaut/derive/ProductDecodeJson$$anonfun$generic$1$$anonfun$apply$1
Event: 4.233 loading class argonaut/derive/ProductDecodeJson$$anonfun$generic$1$$anonfun$apply$1 done
Event: 4.234 loading class argonaut/DecodeJson$$anon$2
Event: 4.234 loading class argonaut/DecodeJson$$anon$2 done
Event: 4.234 loading class jupyter/kernel/protocol/ShellRequestDecodeJsons$anon$derivedDecodeJson$macro$1783$1
Event: 4.234 loading class jupyter/kernel/protocol/ShellRequestDecodeJsons$anon$derivedDecodeJson$macro$1783$1 done
Event: 4.236 Executing VM operation: CollectForMetadataAllocation


Dynamic libraries:
00400000-00401000 r-xp 00000000 08:01 803085                             /usr/lib/jvm/java-8-openjdk-amd64/jre/bin/java
00600000-00601000 r--p 00000000 08:01 803085                             /usr/lib/jvm/java-8-openjdk-amd64/jre/bin/java
00601000-00602000 rw-p 00001000 08:01 803085                             /usr/lib/jvm/java-8-openjdk-amd64/jre/bin/java
024d3000-02560000 rw-p 00000000 00:00 0                                  [heap]
d1200000-d3200000 rw-p 00000000 00:00 0 
d3200000-f0600000 ---p 00000000 00:00 0 
f0600000-f3e00000 rw-p 00000000 00:00 0 
f7200000-100000000 ---p 00000000 00:00 0 
100000000-100380000 rw-p 00000000 00:00 0 
100380000-140000000 ---p 00000000 00:00 0 
7fcd5c000000-7fcd5c0cd000 rw-p 00000000 00:00 0 
7fcd5c0cd000-7fcd60000000 ---p 00000000 00:00 0 
7fcd6030b000-7fcd6330c000 rw-p 00000000 00:00 0 
7fcd6330c000-7fcd63323000 r-xp 00000000 08:01 803144                     /usr/lib/jvm/java-8-openjdk-amd64/jre/lib/amd64/libnet.so
7fcd63323000-7fcd63522000 ---p 00017000 08:01 803144                     /usr/lib/jvm/java-8-openjdk-amd64/jre/lib/amd64/libnet.so
7fcd63522000-7fcd63523000 r--p 00016000 08:01 803144                     /usr/lib/jvm/java-8-openjdk-amd64/jre/lib/amd64/libnet.so
7fcd63523000-7fcd63524000 rw-p 00017000 08:01 803144                     /usr/lib/jvm/java-8-openjdk-amd64/jre/lib/amd64/libnet.so
7fcd63524000-7fcd63535000 r-xp 00000000 08:01 803143                     /usr/lib/jvm/java-8-openjdk-amd64/jre/lib/amd64/libnio.so
7fcd63535000-7fcd63735000 ---p 00011000 08:01 803143                     /usr/lib/jvm/java-8-openjdk-amd64/jre/lib/amd64/libnio.so
7fcd63735000-7fcd63736000 r--p 00011000 08:01 803143                     /usr/lib/jvm/java-8-openjdk-amd64/jre/lib/amd64/libnio.so
7fcd63736000-7fcd63737000 rw-p 00012000 08:01 803143                     /usr/lib/jvm/java-8-openjdk-amd64/jre/lib/amd64/libnio.so
7fcd63737000-7fcd63877000 rw-p 00000000 00:00 0 
7fcd63877000-7fcd63937000 ---p 00000000 00:00 0 
7fcd63937000-7fcd63b37000 rw-p 00000000 00:00 0 
7fcd63b37000-7fcd63b3a000 r--s 00011000 08:01 807203                     /home/user/.coursier/cache/v1/https/repo1.maven.org/maven2/com/lihaoyi/fastparse-utils_2.11/0.4.2/fastparse-utils_2.11-0.4.2.jar
7fcd63b3a000-7fcd63b3b000 r--s 00006000 08:01 807207                     /home/user/.coursier/cache/v1/https/repo1.maven.org/maven2/com/github/alexarchambault/case-app-annotations_2.11/1.1.3/case-app-annotations_2.11-1.1.3.jar
7fcd63b3b000-7fcd63b42000 r--s 00042000 08:01 807208                     /home/user/.coursier/cache/v1/https/repo1.maven.org/maven2/com/github/alexarchambault/case-app_2.11/1.1.3/case-app_2.11-1.1.3.jar
7fcd63b42000-7fcd63b44000 r--s 0000a000 08:01 807225                     /home/user/.coursier/cache/v1/https/repo1.maven.org/maven2/com/github/alexarchambault/case-app-util_2.11/1.1.3/case-app-util_2.11-1.1.3.jar
7fcd63b44000-7fcd63b4f000 r--s 00069000 08:01 807253                     /home/user/.coursier/cache/v1/https/repo1.maven.org/maven2/ch/qos/logback/logback-core/1.2.1/logback-core-1.2.1.jar
7fcd63b4f000-7fcd63b50000 r--s 00000000 08:01 807233                     /home/user/.coursier/cache/v1/https/repo1.maven.org/maven2/org/typelevel/macro-compat_2.11/1.1.1/macro-compat_2.11-1.1.1.jar
7fcd63b50000-7fcd63b63000 r--s 000bb000 08:01 807205                     /home/user/.coursier/cache/v1/https/repo1.maven.org/maven2/org/jupyter-scala/kernel_2.11/0.4.1/kernel_2.11-0.4.1.jar
7fcd63b63000-7fcd63b65000 r--s 00009000 08:01 807266                     /home/user/.coursier/cache/v1/https/repo1.maven.org/maven2/org/slf4j/slf4j-api/1.7.22/slf4j-api-1.7.22.jar
7fcd63b65000-7fcd63b6f000 r--s 00074000 08:01 807377                     /home/user/.coursier/cache/v1/https/repo1.maven.org/maven2/org/jupyter-scala/ammonite-compiler_2.11.11/0.8.3-1/ammonite-compiler_2.11.11-0.8.3-1.jar
7fcd63b6f000-7fcd63b74000 r--s 00039000 08:01 807259                     /home/user/.coursier/cache/v1/https/repo1.maven.org/maven2/org/zeromq/jeromq/0.3.6/jeromq-0.3.6.jar
7fcd63b74000-7fcd63b7a000 r--s 00046000 08:01 807275                     /home/user/.coursier/cache/v1/https/repo1.maven.org/maven2/ch/qos/logback/logback-classic/1.2.1/logback-classic-1.2.1.jar
7fcd63b7a000-7fcd63b7f000 r--s 00044000 08:01 807300                     /home/user/.coursier/cache/v1/https/repo1.maven.org/maven2/org/scodec/scodec-bits_2.11/1.1.2/scodec-bits_2.11-1.1.2.jar
7fcd63b7f000-7fcd63b80000 r--s 00008000 08:01 807293                     /home/user/.coursier/cache/v1/https/repo1.maven.org/maven2/com/typesafe/scala-logging/scala-logging_2.11/3.5.0/scala-logging_2.11-3.5.0.jar
7fcd63b80000-7fcd63b84000 r--s 00029000 08:01 807324                     /home/user/.coursier/cache/v1/https/repo1.maven.org/maven2/org/jupyter-scala/kernel-protocol_2.11/0.4.1/kernel-protocol_2.11-0.4.1.jar
7fcd63b84000-7fcd63bca000 r--s 00317000 08:01 807336                     /home/user/.coursier/cache/v1/https/repo1.maven.org/maven2/com/chuusai/shapeless_2.11/2.3.2/shapeless_2.11-2.3.2.jar
7fcd63bca000-7fcd63bd0000 r--s 0004d000 08:01 807344                     /home/user/.coursier/cache/v1/https/repo1.maven.org/maven2/com/lihaoyi/fastparse_2.11/0.4.2/fastparse_2.11-0.4.2.jar
7fcd63bd0000-7fcd63bda000 r--s 00069000 08:01 807307                     /home/user/.coursier/cache/v1/https/repo1.maven.org/maven2/com/lihaoyi/scalaparse_2.11/0.4.2/scalaparse_2.11-0.4.2.jar
7fcd63bda000-7fcd63c0a000 r--s 001c7000 08:01 807281                     /home/user/.coursier/cache/v1/https/repo1.maven.org/maven2/io/argonaut/argonaut_2.11/6.2/argonaut_2.11-6.2.jar
7fcd63c0a000-7fcd63c2d000 r--s 00155000 08:01 807348                     /home/user/.coursier/cache/v1/https/repo1.maven.org/maven2/org/scalaz/stream/scalaz-stream_2.11/0.8.6a/scalaz-stream_2.11-0.8.6a.jar
7fcd63c2d000-7fcd63cff000 r--s 00a6f000 08:01 807285                     /home/user/.coursier/cache/v1/https/repo1.maven.org/maven2/org/scalaz/scalaz-core_2.11/7.2.8/scalaz-core_2.11-7.2.8.jar
7fcd63cff000-7fcd63d02000 ---p 00000000 00:00 0 
7fcd63d02000-7fcd64000000 rw-p 00000000 00:00 0 
7fcd64000000-7fcd64021000 rw-p 00000000 00:00 0 
7fcd64021000-7fcd68000000 ---p 00000000 00:00 0 
7fcd68000000-7fcd6804a000 rw-p 00000000 00:00 0 
7fcd6804a000-7fcd6c000000 ---p 00000000 00:00 0 
7fcd6c000000-7fcd6c021000 rw-p 00000000 00:00 0 
7fcd6c021000-7fcd70000000 ---p 00000000 00:00 0 
7fcd70000000-7fcd7005d000 rw-p 00000000 00:00 0 
7fcd7005d000-7fcd74000000 ---p 00000000 00:00 0 
7fcd74000000-7fcd75385000 rw-p 00000000 00:00 0 
7fcd75385000-7fcd78000000 ---p 00000000 00:00 0 
7fcd78000000-7fcd78021000 rw-p 00000000 00:00 0 
7fcd78021000-7fcd7c000000 ---p 00000000 00:00 0 
7fcd7c000000-7fcd7c021000 rw-p 00000000 00:00 0 
7fcd7c021000-7fcd80000000 ---p 00000000 00:00 0 
7fcd80000000-7fcd81804000 rw-p 00000000 00:00 0 
7fcd81804000-7fcd84000000 ---p 00000000 00:00 0 
7fcd84000000-7fcd84021000 rw-p 00000000 00:00 0 
7fcd84021000-7fcd88000000 ---p 00000000 00:00 0 
7fcd88000000-7fcd88021000 rw-p 00000000 00:00 0 
7fcd88021000-7fcd8c000000 ---p 00000000 00:00 0 
7fcd8c000000-7fcd8c021000 rw-p 00000000 00:00 0 
7fcd8c021000-7fcd90000000 ---p 00000000 00:00 0 
7fcd90000000-7fcd90021000 rw-p 00000000 00:00 0 
7fcd90021000-7fcd94000000 ---p 00000000 00:00 0 
7fcd94000000-7fcd94003000 r--s 00016000 08:01 807311                     /home/user/.coursier/cache/v1/https/repo1.maven.org/maven2/org/jupyter-scala/scala-kernel_2.11.11/0.4.2/scala-kernel_2.11.11-0.4.2.jar
7fcd94003000-7fcd94007000 r--s 0001b000 08:01 807362                     /home/user/.coursier/cache/v1/https/repo1.maven.org/maven2/com/github/alexarchambault/argonaut-shapeless_6.2_2.11/1.2.0-M5/argonaut-shapeless_6.2_2.11-1.2.0-M5.jar
7fcd94007000-7fcd9400a000 r--s 00015000 08:01 807242                     /home/user/.coursier/cache/v1/https/repo1.maven.org/maven2/org/jupyter-scala/scala-cli_2.11.11/0.4.2/scala-cli_2.11.11-0.4.2.jar
7fcd9400a000-7fcd94010000 r--s 00050000 08:01 807318                     /home/user/.coursier/cache/v1/https/repo1.maven.org/maven2/org/jsoup/jsoup/1.10.2/jsoup-1.10.2.jar
7fcd94010000-7fcd94012000 r--s 00012000 08:01 807339                     /home/user/.coursier/cache/v1/https/repo1.maven.org/maven2/com/lihaoyi/fansi_2.11/0.2.3/fansi_2.11-0.2.3.jar
7fcd94012000-7fcd94017000 r--s 00048000 08:01 807334                     /home/user/.coursier/cache/v1/https/repo1.maven.org/maven2/com/lihaoyi/pprint_2.11/0.4.4/pprint_2.11-0.4.4.jar
7fcd94017000-7fcd9401f000 r--s 0004b000 08:01 807374                     /home/user/.coursier/cache/v1/https/repo1.maven.org/maven2/io/get-coursier/coursier-cache_2.11/1.0.0-RC2/coursier-cache_2.11-1.0.0-RC2.jar
7fcd9401f000-7fcd94029000 r--s 0009a000 08:01 807217                     /home/user/.coursier/cache/v1/https/repo1.maven.org/maven2/org/scala-lang/modules/scala-xml_2.11/1.0.6/scala-xml_2.11-1.0.6.jar
7fcd94029000-7fcd94034000 r--s 00074000 08:01 807252                     /home/user/.coursier/cache/v1/https/repo1.maven.org/maven2/org/jupyter-scala/ammonite-runtime_2.11.11/0.8.3-1/ammonite-runtime_2.11.11-0.8.3-1.jar
7fcd94034000-7fcd9403f000 r--s 0005d000 08:01 807365                     /home/user/.coursier/cache/v1/https/repo1.maven.org/maven2/org/scala-lang/modules/scala-parser-combinators_2.11/1.0.4/scala-parser-combinators_2.11-1.0.4.jar
7fcd9403f000-7fcd9408b000 r--s 00418000 08:01 807351                     /home/user/.coursier/cache/v1/https/repo1.maven.org/maven2/org/scala-lang/scala-reflect/2.11.11/scala-reflect-2.11.11.jar
7fcd9408b000-7fcd940e4000 r--s 00523000 08:01 807237                     /home/user/.coursier/cache/v1/https/repo1.maven.org/maven2/org/scala-lang/scala-library/2.11.11/scala-library-2.11.11.jar
7fcd940e4000-7fcd9410a000 r--s 00196000 08:01 807280                     /home/user/.coursier/cache/v1/https/repo1.maven.org/maven2/io/get-coursier/coursier_2.11/1.0.0-RC2/coursier_2.11-1.0.0-RC2.jar
7fcd9410a000-7fcd94217000 r--s 00dd4000 08:01 807246                     /home/user/.coursier/cache/v1/https/repo1.maven.org/maven2/org/scala-lang/scala-compiler/2.11.11/scala-compiler-2.11.11.jar
7fcd94217000-7fcd9421a000 ---p 00000000 00:00 0 
7fcd9421a000-7fcd94518000 rw-p 00000000 00:00 0 
7fcd94518000-7fcd9451b000 ---p 00000000 00:00 0 
7fcd9451b000-7fcd94619000 rw-p 00000000 00:00 0 
7fcd94619000-7fcd9461c000 ---p 00000000 00:00 0 
7fcd9461c000-7fcd9471a000 rw-p 00000000 00:00 0 
7fcd9471a000-7fcd9471d000 ---p 00000000 00:00 0 
7fcd9471d000-7fcd9481b000 rw-p 00000000 00:00 0 
7fcd9481b000-7fcd9481e000 ---p 00000000 00:00 0 
7fcd9481e000-7fcd9491c000 rw-p 00000000 00:00 0 
7fcd9491c000-7fcd9491f000 ---p 00000000 00:00 0 
7fcd9491f000-7fcd94a1d000 rw-p 00000000 00:00 0 
7fcd94a1d000-7fcd94a20000 ---p 00000000 00:00 0 
7fcd94a20000-7fcd94b1e000 rw-p 00000000 00:00 0 
7fcd94b1e000-7fcd94b21000 ---p 00000000 00:00 0 
7fcd94b21000-7fcd94c1f000 rw-p 00000000 00:00 0 
7fcd94c1f000-7fcd94c22000 ---p 00000000 00:00 0 
7fcd94c22000-7fcd94e58000 rw-p 00000000 00:00 0 
7fcd94e58000-7fcd94e59000 ---p 00000000 00:00 0 
7fcd94e59000-7fcd94f59000 rw-p 00000000 00:00 0 
7fcd94f59000-7fcd94f5c000 ---p 00000000 00:00 0 
7fcd94f5c000-7fcd9505a000 rw-p 00000000 00:00 0 
7fcd9505a000-7fcd9505d000 ---p 00000000 00:00 0 
7fcd9505d000-7fcd9515b000 rw-p 00000000 00:00 0 
7fcd9515b000-7fcd9515e000 ---p 00000000 00:00 0 
7fcd9515e000-7fcd9525c000 rw-p 00000000 00:00 0 
7fcd9525c000-7fcd9525f000 ---p 00000000 00:00 0 
7fcd9525f000-7fcd9535d000 rw-p 00000000 00:00 0 
7fcd9535d000-7fcd95d85000 r--p 00000000 08:01 2105158                    /usr/lib/locale/locale-archive
7fcd95d85000-7fcd95d88000 ---p 00000000 00:00 0 
7fcd95d88000-7fcd95e86000 rw-p 00000000 00:00 0 
7fcd95e86000-7fcd95e89000 ---p 00000000 00:00 0 
7fcd95e89000-7fcd95f87000 rw-p 00000000 00:00 0 
7fcd95f87000-7fcd95f88000 ---p 00000000 00:00 0 
7fcd95f88000-7fcd98000000 rw-p 00000000 00:00 0 
7fcd98000000-7fcd98028000 rw-p 00000000 00:00 0 
7fcd98028000-7fcd9c000000 ---p 00000000 00:00 0 
7fcd9c000000-7fcd9c001000 r--s 00001000 08:01 807355                     /home/user/.coursier/cache/v1/https/repo1.maven.org/maven2/org/jupyter-scala/scala-api_2.11.11/0.4.2/scala-api_2.11.11-0.4.2.jar
7fcd9c001000-7fcd9c006000 r--s 00047000 08:01 807328                     /home/user/.coursier/cache/v1/https/repo1.maven.org/maven2/org/jupyter-scala/ammonite-ops_2.11/0.8.3-1/ammonite-ops_2.11-0.8.3-1.jar
7fcd9c006000-7fcd9c008000 r--s 0000f000 08:01 807314                     /home/user/.coursier/cache/v1/https/repo1.maven.org/maven2/com/lihaoyi/derive_2.11/0.4.4/derive_2.11-0.4.4.jar
7fcd9c008000-7fcd9c009000 r--s 00007000 08:01 807320                     /home/user/.coursier/cache/v1/https/repo1.maven.org/maven2/org/jupyter-scala/kernel-api_2.11/0.4.1/kernel-api_2.11-0.4.1.jar
7fcd9c009000-7fcd9c00d000 r--s 00023000 08:01 807360                     /home/user/.coursier/cache/v1/https/repo1.maven.org/maven2/org/scalaj/scalaj-http_2.11/2.3.0/scalaj-http_2.11-2.3.0.jar
7fcd9c00d000-7fcd9c010000 r--s 0001a000 08:01 807269                     /home/user/.coursier/cache/v1/https/repo1.maven.org/maven2/com/lihaoyi/sourcecode_2.11/0.1.3/sourcecode_2.11-0.1.3.jar
7fcd9c010000-7fcd9c01a000 r--s 00061000 08:01 807370                     /home/user/.coursier/cache/v1/https/repo1.maven.org/maven2/org/scalaz/scalaz-effect_2.11/7.2.8/scalaz-effect_2.11-7.2.8.jar
7fcd9c01a000-7fcd9c020000 r--s 0005c000 08:01 807218                     /home/user/.coursier/cache/v1/https/repo1.maven.org/maven2/com/lihaoyi/upickle_2.11/0.4.4/upickle_2.11-0.4.4.jar
7fcd9c020000-7fcd9c022000 r--s 00016000 08:01 807235                     /home/user/.coursier/cache/v1/https/repo1.maven.org/maven2/org/jupyter-scala/ammonite-util_2.11.11/0.8.3-1/ammonite-util_2.11.11-0.8.3-1.jar
7fcd9c022000-7fcd9c024000 r--s 0000d000 08:01 807262                     /home/user/.coursier/cache/v1/https/repo1.maven.org/maven2/com/lihaoyi/geny_2.11/0.1.1/geny_2.11-0.1.1.jar
7fcd9c024000-7fcd9c02c000 r--s 0004c000 08:01 807222                     /home/user/.coursier/cache/v1/https/repo1.maven.org/maven2/org/scalaz/scalaz-concurrent_2.11/7.2.8/scalaz-concurrent_2.11-7.2.8.jar
7fcd9c02c000-7fcd9c031000 r--s 0009d000 08:01 803185                     /usr/lib/jvm/java-8-openjdk-amd64/jre/lib/jsse.jar
7fcd9c031000-7fcd9c07d000 r--s 0024b000 08:01 806309                     /home/user/.coursier/bootstrap/1.0.0-RC1/coursier-cli_2.11-1.0.0-RC1-standalone.jar
7fcd9c07d000-7fcd9c098000 r--s 00394000 08:01 803174                     /usr/lib/jvm/java-8-openjdk-amd64/jre/lib/ext/cldrdata.jar
7fcd9c098000-7fcd9c0b3000 r--s 001d6000 08:01 803177                     /usr/lib/jvm/java-8-openjdk-amd64/jre/lib/ext/nashorn.jar
7fcd9c0b3000-7fcd9c0bd000 r--s 00116000 08:01 803175                     /usr/lib/jvm/java-8-openjdk-amd64/jre/lib/ext/localedata.jar
7fcd9c0bd000-7fcd9c1be000 rw-p 00000000 00:00 0 
7fcd9c1be000-7fcd9c38d000 r--s 03c33000 08:01 803184                     /usr/lib/jvm/java-8-openjdk-amd64/jre/lib/rt.jar
7fcd9c38d000-7fcd9cd04000 rw-p 00000000 00:00 0 
7fcd9cd04000-7fcd9cd05000 ---p 00000000 00:00 0 
7fcd9cd05000-7fcd9ce05000 rw-p 00000000 00:00 0 
7fcd9ce05000-7fcd9ce06000 ---p 00000000 00:00 0 
7fcd9ce06000-7fcd9cf16000 rw-p 00000000 00:00 0 
7fcd9cf16000-7fcd9d000000 ---p 00000000 00:00 0 
7fcd9d000000-7fcd9d5e0000 rwxp 00000000 00:00 0 
7fcd9d5e0000-7fcdac000000 ---p 00000000 00:00 0 
7fcdac000000-7fcdac9fd000 rw-p 00000000 00:00 0 
7fcdac9fd000-7fcdb0000000 ---p 00000000 00:00 0 
7fcdb0000000-7fcdb0002000 r--s 00013000 08:01 807296                     /home/user/.coursier/cache/v1/https/repo1.maven.org/maven2/org/spire-math/jawn-parser_2.11/0.10.3/jawn-parser_2.11-0.10.3.jar
7fcdb0002000-7fcdb0003000 r--s 00002000 08:01 807381                     /home/user/.local/share/jupyter/kernels/scala/launcher.jar
7fcdb0003000-7fcdb0004000 r--s 0000a000 08:01 803181                     /usr/lib/jvm/java-8-openjdk-amd64/jre/lib/ext/jaccess.jar
7fcdb0004000-7fcdb0006000 r--s 00008000 08:01 803178                     /usr/lib/jvm/java-8-openjdk-amd64/jre/lib/ext/sunec.jar
7fcdb0006000-7fcdb0064000 rw-p 00000000 00:00 0 
7fcdb0064000-7fcdb014e000 ---p 00000000 00:00 0 
7fcdb014e000-7fcdb016a000 rw-p 00000000 00:00 0 
7fcdb016a000-7fcdb01cb000 ---p 00000000 00:00 0 
7fcdb01cb000-7fcdb01e4000 rw-p 00000000 00:00 0 
7fcdb01e4000-7fcdb058c000 ---p 00000000 00:00 0 
7fcdb058c000-7fcdb0594000 r-xp 00000000 08:01 803135                     /usr/lib/jvm/java-8-openjdk-amd64/jre/lib/amd64/libzip.so
7fcdb0594000-7fcdb0793000 ---p 00008000 08:01 803135                     /usr/lib/jvm/java-8-openjdk-amd64/jre/lib/amd64/libzip.so
7fcdb0793000-7fcdb0794000 r--p 00007000 08:01 803135                     /usr/lib/jvm/java-8-openjdk-amd64/jre/lib/amd64/libzip.so
7fcdb0794000-7fcdb0795000 rw-p 00008000 08:01 803135                     /usr/lib/jvm/java-8-openjdk-amd64/jre/lib/amd64/libzip.so
7fcdb0795000-7fcdb07a0000 r-xp 00000000 08:01 2889153                    /lib/x86_64-linux-gnu/libnss_files-2.23.so
7fcdb07a0000-7fcdb099f000 ---p 0000b000 08:01 2889153                    /lib/x86_64-linux-gnu/libnss_files-2.23.so
7fcdb099f000-7fcdb09a0000 r--p 0000a000 08:01 2889153                    /lib/x86_64-linux-gnu/libnss_files-2.23.so
7fcdb09a0000-7fcdb09a1000 rw-p 0000b000 08:01 2889153                    /lib/x86_64-linux-gnu/libnss_files-2.23.so
7fcdb09a1000-7fcdb09a7000 rw-p 00000000 00:00 0 
7fcdb09a7000-7fcdb09b2000 r-xp 00000000 08:01 2889163                    /lib/x86_64-linux-gnu/libnss_nis-2.23.so
7fcdb09b2000-7fcdb0bb1000 ---p 0000b000 08:01 2889163                    /lib/x86_64-linux-gnu/libnss_nis-2.23.so
7fcdb0bb1000-7fcdb0bb2000 r--p 0000a000 08:01 2889163                    /lib/x86_64-linux-gnu/libnss_nis-2.23.so
7fcdb0bb2000-7fcdb0bb3000 rw-p 0000b000 08:01 2889163                    /lib/x86_64-linux-gnu/libnss_nis-2.23.so
7fcdb0bb3000-7fcdb0bc9000 r-xp 00000000 08:01 2889147                    /lib/x86_64-linux-gnu/libnsl-2.23.so
7fcdb0bc9000-7fcdb0dc8000 ---p 00016000 08:01 2889147                    /lib/x86_64-linux-gnu/libnsl-2.23.so
7fcdb0dc8000-7fcdb0dc9000 r--p 00015000 08:01 2889147                    /lib/x86_64-linux-gnu/libnsl-2.23.so
7fcdb0dc9000-7fcdb0dca000 rw-p 00016000 08:01 2889147                    /lib/x86_64-linux-gnu/libnsl-2.23.so
7fcdb0dca000-7fcdb0dcc000 rw-p 00000000 00:00 0 
7fcdb0dcc000-7fcdb0dd4000 r-xp 00000000 08:01 2889149                    /lib/x86_64-linux-gnu/libnss_compat-2.23.so
7fcdb0dd4000-7fcdb0fd3000 ---p 00008000 08:01 2889149                    /lib/x86_64-linux-gnu/libnss_compat-2.23.so
7fcdb0fd3000-7fcdb0fd4000 r--p 00007000 08:01 2889149                    /lib/x86_64-linux-gnu/libnss_compat-2.23.so
7fcdb0fd4000-7fcdb0fd5000 rw-p 00008000 08:01 2889149                    /lib/x86_64-linux-gnu/libnss_compat-2.23.so
7fcdb0fd5000-7fcdb1002000 r-xp 00000000 08:01 803155                     /usr/lib/jvm/java-8-openjdk-amd64/jre/lib/amd64/libjava.so
7fcdb1002000-7fcdb1201000 ---p 0002d000 08:01 803155                     /usr/lib/jvm/java-8-openjdk-amd64/jre/lib/amd64/libjava.so
7fcdb1201000-7fcdb1202000 r--p 0002c000 08:01 803155                     /usr/lib/jvm/java-8-openjdk-amd64/jre/lib/amd64/libjava.so
7fcdb1202000-7fcdb1204000 rw-p 0002d000 08:01 803155                     /usr/lib/jvm/java-8-openjdk-amd64/jre/lib/amd64/libjava.so
7fcdb1204000-7fcdb1213000 r-xp 00000000 08:01 803127                     /usr/lib/jvm/java-8-openjdk-amd64/jre/lib/amd64/libverify.so
7fcdb1213000-7fcdb1412000 ---p 0000f000 08:01 803127                     /usr/lib/jvm/java-8-openjdk-amd64/jre/lib/amd64/libverify.so
7fcdb1412000-7fcdb1414000 r--p 0000e000 08:01 803127                     /usr/lib/jvm/java-8-openjdk-amd64/jre/lib/amd64/libverify.so
7fcdb1414000-7fcdb1415000 rw-p 00010000 08:01 803127                     /usr/lib/jvm/java-8-openjdk-amd64/jre/lib/amd64/libverify.so
7fcdb1415000-7fcdb141c000 r-xp 00000000 08:01 2889208                    /lib/x86_64-linux-gnu/librt-2.23.so
7fcdb141c000-7fcdb161b000 ---p 00007000 08:01 2889208                    /lib/x86_64-linux-gnu/librt-2.23.so
7fcdb161b000-7fcdb161c000 r--p 00006000 08:01 2889208                    /lib/x86_64-linux-gnu/librt-2.23.so
7fcdb161c000-7fcdb161d000 rw-p 00007000 08:01 2889208                    /lib/x86_64-linux-gnu/librt-2.23.so
7fcdb161d000-7fcdb1633000 r-xp 00000000 08:01 2889092                    /lib/x86_64-linux-gnu/libgcc_s.so.1
7fcdb1633000-7fcdb1832000 ---p 00016000 08:01 2889092                    /lib/x86_64-linux-gnu/libgcc_s.so.1
7fcdb1832000-7fcdb1833000 rw-p 00015000 08:01 2889092                    /lib/x86_64-linux-gnu/libgcc_s.so.1
7fcdb1833000-7fcdb193b000 r-xp 00000000 08:01 2889124                    /lib/x86_64-linux-gnu/libm-2.23.so
7fcdb193b000-7fcdb1b3a000 ---p 00108000 08:01 2889124                    /lib/x86_64-linux-gnu/libm-2.23.so
7fcdb1b3a000-7fcdb1b3b000 r--p 00107000 08:01 2889124                    /lib/x86_64-linux-gnu/libm-2.23.so
7fcdb1b3b000-7fcdb1b3c000 rw-p 00108000 08:01 2889124                    /lib/x86_64-linux-gnu/libm-2.23.so
7fcdb1b3c000-7fcdb1cae000 r-xp 00000000 08:01 2107766                    /usr/lib/x86_64-linux-gnu/libstdc++.so.6.0.21
7fcdb1cae000-7fcdb1eae000 ---p 00172000 08:01 2107766                    /usr/lib/x86_64-linux-gnu/libstdc++.so.6.0.21
7fcdb1eae000-7fcdb1eb8000 r--p 00172000 08:01 2107766                    /usr/lib/x86_64-linux-gnu/libstdc++.so.6.0.21
7fcdb1eb8000-7fcdb1eba000 rw-p 0017c000 08:01 2107766                    /usr/lib/x86_64-linux-gnu/libstdc++.so.6.0.21
7fcdb1eba000-7fcdb1ebe000 rw-p 00000000 00:00 0 
7fcdb1ebe000-7fcdb2b1b000 r-xp 00000000 08:01 803133                     /usr/lib/jvm/java-8-openjdk-amd64/jre/lib/amd64/server/libjvm.so
7fcdb2b1b000-7fcdb2d1b000 ---p 00c5d000 08:01 803133                     /usr/lib/jvm/java-8-openjdk-amd64/jre/lib/amd64/server/libjvm.so
7fcdb2d1b000-7fcdb2daf000 r--p 00c5d000 08:01 803133                     /usr/lib/jvm/java-8-openjdk-amd64/jre/lib/amd64/server/libjvm.so
7fcdb2daf000-7fcdb2dd8000 rw-p 00cf1000 08:01 803133                     /usr/lib/jvm/java-8-openjdk-amd64/jre/lib/amd64/server/libjvm.so
7fcdb2dd8000-7fcdb2e08000 rw-p 00000000 00:00 0 
7fcdb2e08000-7fcdb2e20000 r-xp 00000000 08:01 2889200                    /lib/x86_64-linux-gnu/libpthread-2.23.so
7fcdb2e20000-7fcdb301f000 ---p 00018000 08:01 2889200                    /lib/x86_64-linux-gnu/libpthread-2.23.so
7fcdb301f000-7fcdb3020000 r--p 00017000 08:01 2889200                    /lib/x86_64-linux-gnu/libpthread-2.23.so
7fcdb3020000-7fcdb3021000 rw-p 00018000 08:01 2889200                    /lib/x86_64-linux-gnu/libpthread-2.23.so
7fcdb3021000-7fcdb3025000 rw-p 00000000 00:00 0 
7fcdb3025000-7fcdb3028000 r-xp 00000000 08:01 2889078                    /lib/x86_64-linux-gnu/libdl-2.23.so
7fcdb3028000-7fcdb3227000 ---p 00003000 08:01 2889078                    /lib/x86_64-linux-gnu/libdl-2.23.so
7fcdb3227000-7fcdb3228000 r--p 00002000 08:01 2889078                    /lib/x86_64-linux-gnu/libdl-2.23.so
7fcdb3228000-7fcdb3229000 rw-p 00003000 08:01 2889078                    /lib/x86_64-linux-gnu/libdl-2.23.so
7fcdb3229000-7fcdb3242000 r-xp 00000000 08:01 2889245                    /lib/x86_64-linux-gnu/libz.so.1.2.8
7fcdb3242000-7fcdb3441000 ---p 00019000 08:01 2889245                    /lib/x86_64-linux-gnu/libz.so.1.2.8
7fcdb3441000-7fcdb3442000 r--p 00018000 08:01 2889245                    /lib/x86_64-linux-gnu/libz.so.1.2.8
7fcdb3442000-7fcdb3443000 rw-p 00019000 08:01 2889245                    /lib/x86_64-linux-gnu/libz.so.1.2.8
7fcdb3443000-7fcdb3603000 r-xp 00000000 08:01 2889054                    /lib/x86_64-linux-gnu/libc-2.23.so
7fcdb3603000-7fcdb3803000 ---p 001c0000 08:01 2889054                    /lib/x86_64-linux-gnu/libc-2.23.so
7fcdb3803000-7fcdb3807000 r--p 001c0000 08:01 2889054                    /lib/x86_64-linux-gnu/libc-2.23.so
7fcdb3807000-7fcdb3809000 rw-p 001c4000 08:01 2889054                    /lib/x86_64-linux-gnu/libc-2.23.so
7fcdb3809000-7fcdb380d000 rw-p 00000000 00:00 0 
7fcdb380d000-7fcdb381a000 r-xp 00000000 08:01 803131                     /usr/lib/jvm/java-8-openjdk-amd64/jre/lib/amd64/jli/libjli.so
7fcdb381a000-7fcdb3a1a000 ---p 0000d000 08:01 803131                     /usr/lib/jvm/java-8-openjdk-amd64/jre/lib/amd64/jli/libjli.so
7fcdb3a1a000-7fcdb3a1b000 r--p 0000d000 08:01 803131                     /usr/lib/jvm/java-8-openjdk-amd64/jre/lib/amd64/jli/libjli.so
7fcdb3a1b000-7fcdb3a1c000 rw-p 0000e000 08:01 803131                     /usr/lib/jvm/java-8-openjdk-amd64/jre/lib/amd64/jli/libjli.so
7fcdb3a1c000-7fcdb3a42000 r-xp 00000000 08:01 2889026                    /lib/x86_64-linux-gnu/ld-2.23.so
7fcdb3a42000-7fcdb3a45000 r--s 00038000 08:01 803179                     /usr/lib/jvm/java-8-openjdk-amd64/jre/lib/ext/sunpkcs11.jar
7fcdb3a45000-7fcdb3a47000 r--s 00001000 08:01 803180                     /usr/lib/jvm/java-8-openjdk-amd64/jre/lib/ext/dnsns.jar
7fcdb3a47000-7fcdb3a4a000 r--s 0000f000 08:01 803176                     /usr/lib/jvm/java-8-openjdk-amd64/jre/lib/ext/icedtea-sound.jar
7fcdb3a4a000-7fcdb3b1b000 rw-p 00000000 00:00 0 
7fcdb3b1b000-7fcdb3b1e000 ---p 00000000 00:00 0 
7fcdb3b1e000-7fcdb3c20000 rw-p 00000000 00:00 0 
7fcdb3c20000-7fcdb3c21000 r--s 00010000 08:01 803182                     /usr/lib/jvm/java-8-openjdk-amd64/jre/lib/ext/zipfs.jar
7fcdb3c21000-7fcdb3c27000 r--s 0003b000 08:01 803183                     /usr/lib/jvm/java-8-openjdk-amd64/jre/lib/ext/sunjce_provider.jar
7fcdb3c27000-7fcdb3c36000 rw-p 00000000 00:00 0 
7fcdb3c36000-7fcdb3c3e000 rw-s 00000000 08:01 1836275                    /tmp/hsperfdata_user/125975
7fcdb3c3e000-7fcdb3c3f000 rw-p 00000000 00:00 0 
7fcdb3c3f000-7fcdb3c40000 ---p 00000000 00:00 0 
7fcdb3c40000-7fcdb3c41000 rw-p 00000000 00:00 0 
7fcdb3c41000-7fcdb3c42000 r--p 00025000 08:01 2889026                    /lib/x86_64-linux-gnu/ld-2.23.so
7fcdb3c42000-7fcdb3c43000 rw-p 00026000 08:01 2889026                    /lib/x86_64-linux-gnu/ld-2.23.so
7fcdb3c43000-7fcdb3c44000 rw-p 00000000 00:00 0 
7ffe1961f000-7ffe19640000 rw-p 00000000 00:00 0                          [stack]
7ffe19779000-7ffe1977c000 r--p 00000000 00:00 0                          [vvar]
7ffe1977c000-7ffe1977e000 r-xp 00000000 00:00 0                          [vdso]
ffffffffff600000-ffffffffff601000 r-xp 00000000 00:00 0                  [vsyscall]

VM Arguments:
jvm_args: -Xverify:none 
java_command: /home/user/.local/share/jupyter/kernels/scala/launcher.jar launch -r sonatype:releases -r sonatype:snapshots -i ammonite -I ammonite:org.jupyter-scala:ammonite-runtime_2.11.11:0.8.3-1 -I ammonite:org.jupyter-scala:scala-api_2.11.11:0.4.2 org.jupyter-scala:scala-cli_2.11.11:0.4.2 -- --id scala --name Scala --quiet --connection-file /run/user/1000/jupyter/kernel-dd0dea1f-73ff-49d5-a741-bdbc4b5579cd.json
java_class_path (initial): /home/user/.local/share/jupyter/kernels/scala/launcher.jar
Launcher Type: SUN_STANDARD

Environment Variables:
PATH=/home/user/anaconda3/bin:/home/user/anaconda3/bin:/home/user/bin:/home/user/.local/bin:/usr/local/sbin:/usr/local/bin:/usr/sbin:/usr/bin:/sbin:/bin:/usr/games:/usr/local/games:/snap/bin
SHELL=/bin/bash
DISPLAY=:0.0

Signal Handlers:
SIGSEGV: [libjvm.so+0xa71a70], sa_mask[0]=11111111011111111101111111111110, sa_flags=SA_RESTART|SA_SIGINFO
SIGBUS: [libjvm.so+0xa71a70], sa_mask[0]=11111111011111111101111111111110, sa_flags=SA_RESTART|SA_SIGINFO
SIGFPE: [libjvm.so+0x8b8f80], sa_mask[0]=11111111011111111101111111111110, sa_flags=SA_RESTART|SA_SIGINFO
SIGPIPE: [libjvm.so+0x8b8f80], sa_mask[0]=11111111011111111101111111111110, sa_flags=SA_RESTART|SA_SIGINFO
SIGXFSZ: [libjvm.so+0x8b8f80], sa_mask[0]=11111111011111111101111111111110, sa_flags=SA_RESTART|SA_SIGINFO
SIGILL: [libjvm.so+0x8b8f80], sa_mask[0]=11111111011111111101111111111110, sa_flags=SA_RESTART|SA_SIGINFO
SIGUSR1: SIG_DFL, sa_mask[0]=00000000000000000000000000000000, sa_flags=none
SIGUSR2: [libjvm.so+0x8b8e30], sa_mask[0]=00000000000000000000000000000000, sa_flags=SA_RESTART|SA_SIGINFO
SIGHUP: [libjvm.so+0x8b9300], sa_mask[0]=11111111011111111101111111111110, sa_flags=SA_RESTART|SA_SIGINFO
SIGINT: [libjvm.so+0x8b9300], sa_mask[0]=11111111011111111101111111111110, sa_flags=SA_RESTART|SA_SIGINFO
SIGTERM: [libjvm.so+0x8b9300], sa_mask[0]=11111111011111111101111111111110, sa_flags=SA_RESTART|SA_SIGINFO
SIGQUIT: [libjvm.so+0x8b9300], sa_mask[0]=11111111011111111101111111111110, sa_flags=SA_RESTART|SA_SIGINFO


---------------  S Y S T E M  ---------------

OS:DISTRIB_ID=Ubuntu
DISTRIB_RELEASE=16.04
DISTRIB_CODENAME=xenial
DISTRIB_DESCRIPTION="Ubuntu 16.04.5 LTS"

uname:Linux 4.15.0-33-generic #36~16.04.1-Ubuntu SMP Wed Aug 15 17:21:05 UTC 2018 x86_64
libc:glibc 2.23 NPTL 2.23 
rlimit: STACK 8192k, CORE 0k, NPROC 7646, NOFILE 1048576, AS infinity
load average:2.93 1.86 0.88

/proc/meminfo:
MemTotal:        3065896 kB
MemFree:           25176 kB
MemAvailable:      32388 kB
Buffers:             740 kB
Cached:            44940 kB
SwapCached:         2712 kB
Active:          2243072 kB
Inactive:         571284 kB
Active(anon):    2233188 kB
Inactive(anon):   560204 kB
Active(file):       9884 kB
Inactive(file):    11080 kB
Unevictable:          64 kB
Mlocked:              64 kB
SwapTotal:        998396 kB
SwapFree:              0 kB
Dirty:               280 kB
Writeback:             0 kB
AnonPages:       2766220 kB
Mapped:            35756 kB
Shmem:             24564 kB
Slab:              89332 kB
SReclaimable:      35448 kB
SUnreclaim:        53884 kB
KernelStack:       14304 kB
PageTables:        37280 kB
NFS_Unstable:          0 kB
Bounce:                0 kB
WritebackTmp:          0 kB
CommitLimit:     2531344 kB
Committed_AS:    7479576 kB
VmallocTotal:   34359738367 kB
VmallocUsed:           0 kB
VmallocChunk:          0 kB
HardwareCorrupted:     0 kB
AnonHugePages:         0 kB
ShmemHugePages:        0 kB
ShmemPmdMapped:        0 kB
CmaTotal:              0 kB
CmaFree:               0 kB
HugePages_Total:       0
HugePages_Free:        0
HugePages_Rsvd:        0
HugePages_Surp:        0
Hugepagesize:       2048 kB
DirectMap4k:      278400 kB
DirectMap2M:     2867200 kB
DirectMap1G:           0 kB


CPU:total 2 (initial active 2) (1 cores per cpu, 1 threads per core) family 6 model 78 stepping 3, cmov, cx8, fxsr, mmx, sse, sse2, sse3, ssse3, sse4.1, sse4.2, popcnt, avx, avx2, aes, clmul, erms, 3dnowpref, lzcnt, tsc, tscinvbit, bmi1, bmi2, adx

/proc/cpuinfo:
processor	: 0
vendor_id	: GenuineIntel
cpu family	: 6
model		: 78
model name	: Intel(R) Core(TM) i7-6500U CPU @ 2.50GHz
stepping	: 3
microcode	: 0xba
cpu MHz		: 2592.004
cache size	: 4096 KB
physical id	: 0
siblings	: 1
core id		: 0
cpu cores	: 1
apicid		: 0
initial apicid	: 0
fpu		: yes
fpu_exception	: yes
cpuid level	: 22
wp		: yes
flags		: fpu vme de pse tsc msr pae mce cx8 apic sep mtrr pge mca cmov pat pse36 clflush dts mmx fxsr sse sse2 ss syscall nx pdpe1gb rdtscp lm constant_tsc arch_perfmon pebs bts nopl xtopology tsc_reliable nonstop_tsc cpuid aperfmperf pni pclmulqdq ssse3 fma cx16 pcid sse4_1 sse4_2 x2apic movbe popcnt tsc_deadline_timer aes xsave avx f16c rdrand hypervisor lahf_lm abm 3dnowprefetch cpuid_fault epb invpcid_single pti fsgsbase tsc_adjust bmi1 avx2 smep bmi2 invpcid rdseed adx smap xsaveopt dtherm ida arat pln pts hwp hwp_notify hwp_act_window hwp_epp
bugs		: cpu_meltdown spectre_v1 spectre_v2 spec_store_bypass l1tf
bogomips	: 5184.00
clflush size	: 64
cache_alignment	: 64
address sizes	: 42 bits physical, 48 bits virtual
power management:

processor	: 1
vendor_id	: GenuineIntel
cpu family	: 6
model		: 78
model name	: Intel(R) Core(TM) i7-6500U CPU @ 2.50GHz
stepping	: 3
microcode	: 0xba
cpu MHz		: 2592.004
cache size	: 4096 KB
physical id	: 2
siblings	: 1
core id		: 0
cpu cores	: 1
apicid		: 2
initial apicid	: 2
fpu		: yes
fpu_exception	: yes
cpuid level	: 22
wp		: yes
flags		: fpu vme de pse tsc msr pae mce cx8 apic sep mtrr pge mca cmov pat pse36 clflush dts mmx fxsr sse sse2 ss syscall nx pdpe1gb rdtscp lm constant_tsc arch_perfmon pebs bts nopl xtopology tsc_reliable nonstop_tsc cpuid aperfmperf pni pclmulqdq ssse3 fma cx16 pcid sse4_1 sse4_2 x2apic movbe popcnt tsc_deadline_timer aes xsave avx f16c rdrand hypervisor lahf_lm abm 3dnowprefetch cpuid_fault epb invpcid_single pti fsgsbase tsc_adjust bmi1 avx2 smep bmi2 invpcid rdseed adx smap xsaveopt dtherm ida arat pln pts hwp hwp_notify hwp_act_window hwp_epp
bugs		: cpu_meltdown spectre_v1 spectre_v2 spec_store_bypass l1tf
bogomips	: 5184.00
clflush size	: 64
cache_alignment	: 64
address sizes	: 42 bits physical, 48 bits virtual
power management:



Memory: 4k page, physical 3065896k(25680k free), swap 998396k(0k free)

vm_info: OpenJDK 64-Bit Server VM (25.181-b13) for linux-amd64 JRE (1.8.0_181-8u181-b13-1ubuntu0.16.04.1-b13), built on Oct 23 2018 04:39:49 by "buildd" with gcc 5.4.0 20160609

time: Sun Dec  2 20:46:51 2018
elapsed time: 4 seconds (0d 0h 0m 4s)

